
  ========================================================================
                license information 
 Customer : 200000000058156
 ID       : LKO1924661

 License file is VALID, continuing with full version
  ========================================================================

   OpenMP run-time library returned nthreads =  2

 ridft (c04) : TURBOMOLE rev. V7-6 27 Oct 2021 at 10:11:12 compiled Oct 27th 2021
 Copyright (C) 2021 TURBOMOLE GmbH, Karlsruhe


    2023-06-08 14:49:07.496 



                                  r i d f t

                        DFT program with RI approximation 
                                for coulomb part 




                                                 
                                 References:     
                                                 
          TURBOMOLE:                             
              R. Ahlrichs, M. Baer, M. Haeser, H. Horn, and
              C. Koelmel
              Electronic structure calculations on workstation
              computers: the program system TURBOMOLE
              Chem. Phys. Lett. 162: 165 (1989)
          Density Functional:                              
              O. Treutler and R. Ahlrichs                      
              Efficient Molecular Numerical Integration Schemes
              J. Chem. Phys. 102: 346 (1995)                   
          Parallel Version:                                
              Performance of parallel TURBOMOLE for Density    
              Functional Calculations                          
              M. v. Arnim and R. Ahlrichs                      
              J. Comp. Chem. 19: 1746 (1998)                   
          RI-J Method:                                     
              Auxiliary Basis Sets to approximate Coulomb      
              Potentials                                       
              Chem. Phys. Lett. 240: 283 (1995)                
              K. Eichkorn, O. Treutler, H. Oehm, M. Haeser     
              and R. Ahlrichs                                  
              Chem. Phys. Lett. 242: 652 (1995)                
                                                           
              Auxiliary Basis Sets for Main Row Atoms and their
              Use to approximate Coulomb Potentials            
              K. Eichkorn, F. Weigend, O. Treutler and         
              R. Ahlrichs                                      
              Theo. Chem. Acc. 97: 119 (1997)                   
                                                           
              Accurate Coulomb-fitting basis sets for H to Rn 
              F. Weigend                                        
              Phys. Chem. Chem. Phys. 8: 1057 (2006)            
                                                           
          Multipole accelerated RI-J (MARI-J):             
              Fast evaluation of the Coulomb potential for     
              electron densities using multipole accelerated   
              resolution of identity approximation             
              M. Sierka, A. Hogekamp and R. Ahlrichs           
              J. Chem. Phys. 118: 9136 (2003)                  
          RI-JK Method:                                     
              A fully direct RI-HF algorithm: Implementation,
              optimised auxiliary basis sets, demonstration of
              accuracy and efficiency                         
              F. Weigend                                      
              Phys. Chem. Chem. Phys. 4: 4285 (2002)           
          Two-component HF and DFT with spin-orbit coupling:  
              Self-consistent treatment of spin-orbit         
              interactions with efficient Hartree-Fock and    
              density functional methods                      
              M. K. Armbruster, F. Weigend, C. van Wüllen and 
              W. Klopper                                      
              Phys. Chem. Chem. Phys. 10: 1748 (2008)         
          Two-component difference density and DIIS algorithm 
              Efficient two-component self-consistent field   
              procedures and gradients: implementation in     
              TURBOMOLE and application to Au20-              
              A. Baldes, F. Weigend                           
              Mol. Phys. 111: 2617 (2013)                     
          Relativistic all-electron 2c calculations           
              An efficient implementation of two-component    
              relativistic exact-decoupling methods for large 
              molecules                                       
              D. Peng, N. Middendorf, F. Weigend, M. Reiher   
              J. Chem. Phys. 138: 184105 (2013)               
          Finite nucleus model and SNSO approximation         
              Efficient implementation of one- and two-       
              component analytical energy gradients in exact  
              two-component theory                            
              Y. J. Franzke, N. Middendorf, F. Weigend        
              J. Chem. Phys. 148: 104110 (2018)               
          Grids for all-electron relativistic methods         
              Error-consistent segmented contracted all-      
              electron relativistic basis sets of double-     
              and triple-zeta quality for NMR shielding       
              constants                                       
              Y. J. Franzke, R. Tress, T. M. Pazdera,         
              F. Weigend                                      
              Phys. Chem. Chem. Phys. 21: 166658 (2019)       
          Seminumerical exchange algorithms                   
              Seminumerical calculation of the Hartree-Fock   
              exchange matirx: Application to two-component   
              procedures and efficient evaluation of local    
              hybrid functionsl                               
               P. Plessow, F. Weigend,                        
              J. Comput. Chem. 33: 810 (2012)                 
          Improved seminumerical algorithms                   
              C. Holzer,                                      
              J. Chem. Phys. 153 (2020), 184115               
                                         





          OpenMP Shared-Memory Parallelization:  2 CPUs.

            By: Christof Holzer and Yannick J. Franzke


              +--------------------------------------------------+
              |      general information about current run       |
              +--------------------------------------------------+

 
 PW6B95 global meta hybrid functional
 code by Stefan Grimme, University of Muenster
 Zhao and Truhlar, J Phys Chem A, 109, 25, 2005, 5656.
 A Hybrid-DFT calculation using the RI-J approximation will be carried out.
 Allocatable memory for RI due to $ricore (MB):                   500


              +--------------------------------------------------+
              | Atomic coordinate, charge and isotop information |
              +--------------------------------------------------+

                    atomic coordinates            atom    charge  isotop
         -1.56314366   14.38888494    0.00000000    cl    17.000     0
 
       center of nuclear mass  :   -1.56314366   14.38888494    0.00000000
       center of nuclear charge:   -1.56314366   14.38888494    0.00000000

  Keyword $basis  missing in file <control>

              read basis sets from /software/cluster/turbomole76/basen/
              (basis sets have been saved in file basis)

              +--------------------------------------------------+
              |               basis set information              |
              +--------------------------------------------------+

              we will work with the 1s 3p 5d 7f 9g ... basis set
              ...i.e. with spherical basis functions...

   type   atoms  prim   cont   basis
   ---------------------------------------------------------------------------
    cl       1     63     37   def2-TZVP   [5s5p2d1f|14s9p3d1f]
   ---------------------------------------------------------------------------
   total:    1     63     37
   ---------------------------------------------------------------------------

   total number of primitive shells          :   27
   total number of contracted shells         :   13
   total number of cartesian basis functions :   42
   total number of SCF-basis functions       :   37


 integral neglect threshold       :  0.79E-10
 integral storage threshold THIZE :  0.10E-04
 integral storage threshold THIME :         5

 RI-J AUXILIARY BASIS SET information:

              assign orbital basis set names as defaults
              read basis sets from /software/cluster/turbomole76/jbasen/
              (basis sets have been saved in file auxbasis)

              we will work with the 1s 3p 5d 7f 9g ... basis set
              ...i.e. with spherical basis functions...

   type   atoms  prim   cont   basis
   ---------------------------------------------------------------------------
    cl       1     77     51   def2-TZVP   [8s4p3d1f1g|14s5p5d2f1g]
   ---------------------------------------------------------------------------
   total:    1     77     51
   ---------------------------------------------------------------------------

   total number of primitive shells          :   27
   total number of contracted shells         :   17
   total number of cartesian basis functions :   63
   total number of SCF-basis functions       :   51


 symmetry group of the molecule :   c1 

 the group has the following generators :
   c1(z)

    1 symmetry operations found

 there are 1 real representations :   a   

 maximum number of shells which are related by symmetry :  1

  
           ------------------
           density functional
           ------------------
 PW6B95 global meta hybrid functional
 code by Stefan Grimme, University of Muenster
 Zhao and Truhlar, J Phys Chem A, 109, 25, 2005, 5656.

 iterations will be done with small grid
  
 spherical integration : Lebedev's spherical grid
 spherical gridsize    :                     3
    i.e. gridpoints    :                   302
 value for diffuse not defined
 radial integration    : Chebyshev 2nd kind (scaling 3)
 radial gridsize       :                     3
 integration cells     :                     1
 partition function    : becke
 partition sharpness   :                     3
  

 biggest AO integral is expected to be    10.437462037

          ------------------------
          nuclear repulsion energy  :   0.00000000000    
          ------------------------

  _________________________________
 |                                 |
 |         DFTD3 V3.1 Rev 0        |
 | S.Grimme, University Bonn       |
 |            June  2014           |
 |   see standalone version        |
 |       dftd3 -h for options      |
 |_________________________________|
 
 Please cite DFT-D3 work done with this code as:
 S. Grimme, J. Antony, S. Ehrlich and H. Krieg,
 J. Chem. Phys, 132 (2010), 154104.
 If used with BJ-damping cite also
 S. Grimme, S. Ehrlich and L. Goerigk,
 J. Comput. Chem. 32 (2011), 1456-1465
 For DFT-D2 the reference is
 S. Grimme, J. Comput. Chem., 27 (2006), 1787-1799
 
C6 coefficients used:
                     2  C6 for element                     17
Z= 17 CN= 0.000     C6(AA)=   92.35
Z= 17 CN= 0.997     C6(AA)=   90.40

#           XYZ [au]              R0(AA) [Ang.]  CN          C6(AA)     C8(AA)   C10(AA) [au]
  1  -1.56314  14.38888   0.00000   cl  0.355  0.000        92.3      3851.5    196855.5

molecular C6(AA) [au] =        92.31

           DFT-D V3(BJ)
 DF pw6b95                                            
 parameters
 s6       :    1.0000
 s8       :    0.7257
 a1       :    0.2076
 a2       :    6.3750
 k1-k3    :   16.0000    1.3333   -4.0000
 
 Edisp /kcal,au:     0.0000  0.00000000

 E6    /kcal :     0.0000
 E8    /kcal :     0.0000
 % E8        :   NaN
 nuclear repulsion energy                  =       0.000000000
  DFT-D3 Energy contribution               =       0.000000000
 nuclear repulsion + dispersion correction =       0.000000000


         -----------------
         -S,T+V- integrals
         -----------------

 1e-integrals will be neglected if expon. factor < 0.795705E-11
 
   Difference densities algorithm switched on.
   The maximal number of linear combinations of
   difference densities is                    20 .

 DIIS switched on: error vector is FDS-SDF
 Max. Iterations for DIIS is     :   4
 DIIS matrix (see manual) 
    Scaling factor of diagonals  :  1.200
    threshold for scaling factor :  0.000

 scf convergence criterion : increment of total energy < .1000000D-06
                  and increment of one-electron energy < .1000000D-03

 MOs are in ASCII format !

  missing closed shell occupation number declaration

 No input with occupation numbers/open-shell information found

 start vectors will be provided by an EHT guess

 The EHT guess will be determined for:
   molecular charge   :   -1
   number of electrons:   18
   S_z eigenvalue     :    0
 
 virtual MOs provided and orthogonalized by Cholesky decomposition

 automatic virtual orbital shift switched on 
      shift if e(lumo)-e(homo) < 0.10000000    

  
           ------------------------
               RI-J - INFORMATION
           ------------------------
 Contributions to RI integral batches: 
  neglected integral batches:                     0
  direct contribution:                            0
  memory contribution:                    91
 Memory core needed for (P|Q) and Cholesky      1 MByte
 Memory core minimum needed except of (P|Q)     1 MByte
 Total minimum memory core needed (sum)         1 MByte
  
 ****************************************
 Memory allocated for RI-J     1 MByte
 ****************************************
                                            

 dump of DSCF restart information has been disabled !


 Starting SCF iterations

          Overall gridpoints after grid construction =          2160
 Number of atoms=1; ordering of quadrature gridpoints disabled.

 ITERATION  ENERGY          1e-ENERGY        2e-ENERGY     NORM[dD(SAO)]  TOL
   1  -460.56064781747    -645.15276341     184.59211560    0.000D+00 0.794D-10
                            Exc = -21.2800202579     Coul =  213.730788551    
                            exK = -7.85865269805    
                              N = 17.999989368    
                            current damping = 0.700
 
          max. resid. norm for Fia-block=  1.427D-01 for orbital      1a         
          max. resid. fock norm         =  1.049D+01 for orbital     35a         

 ITERATION  ENERGY          1e-ENERGY        2e-ENERGY     NORM[dD(SAO)]  TOL
   2  -460.60429680027    -643.46925683     182.86496003    0.282D+00 0.510D-10
                            Exc = -21.1749724201      Eck =  204.039932451    
                              N = 17.999989235    
                            current damping = 0.650
 
          Norm of current diis error: 0.17150    
          max. resid. norm for Fia-block=  5.123D-02 for orbital      1a         
          max. resid. fock norm         =  6.124D-02 for orbital     37a         

 ITERATION  ENERGY          1e-ENERGY        2e-ENERGY     NORM[dD(SAO)]  TOL
   3  -460.61969092710    -642.57501932     181.95532840    0.103D+00 0.362D-10
                            Exc = -21.1221453688      Eck =  203.077473765    
                              N = 17.999989118    
                            current damping = 0.550
 
          Norm of current diis error: 0.72951E-01
          max. resid. norm for Fia-block=  2.396D-02 for orbital      9a         
          max. resid. fock norm         =  2.858D-02 for orbital     33a         

 ITERATION  ENERGY          1e-ENERGY        2e-ENERGY     NORM[dD(SAO)]  TOL
   4  -460.62322740353    -642.17262078     181.54939338    0.127D-01 0.306D-10
                            Exc = -21.0982518437      Eck =  202.647645220    
                              N = 17.999989046    
                            current damping = 0.400
 
          Norm of current diis error: 0.27097E-01
          max. resid. norm for Fia-block=  9.307D-03 for orbital      9a         
          max. resid. fock norm         =  1.164D-02 for orbital     32a         

 ITERATION  ENERGY          1e-ENERGY        2e-ENERGY     NORM[dD(SAO)]  TOL
   5  -460.62379157270    -642.01206481     181.38827324    0.102D-02 0.278D-10
                            Exc = -21.0885932319      Eck =  202.476866474    
                              N = 17.999989012    
                            current damping = 0.250
 
          Norm of current diis error: 0.80170E-02
          max. resid. norm for Fia-block=  2.779D-03 for orbital      8a         
          max. resid. fock norm         =  3.460D-03 for orbital     32a         
          mo-orthogonalization: Cholesky decomposition

 ITERATION  ENERGY          1e-ENERGY        2e-ENERGY     NORM[dD(SAO)]  TOL
   6  -460.62384580994    -641.96080649     181.33696068    0.125D-03 0.263D-10
                            Exc = -21.0854618420      Eck =  202.422422524    
                              N = 17.999989000    
                            current damping = 0.100
 
          Norm of current diis error: 0.16588E-02
          max. resid. norm for Fia-block=  5.733D-04 for orbital      9a         
          max. resid. fock norm         =  6.972D-04 for orbital     33a         

 ITERATION  ENERGY          1e-ENERGY        2e-ENERGY     NORM[dD(SAO)]  TOL
   7  -460.62384833173    -641.94942044     181.32557211    0.234D-04 0.255D-10
                            Exc = -21.0847655602      Eck =  202.410337666    
                              N = 17.999988997    
                            current damping = 0.050
 
          Norm of current diis error: 0.17541E-03
          max. resid. norm for Fia-block=  6.358D-05 for orbital      6a         
          max. resid. fock norm         =  6.909D-05 for orbital     18a         

 ITERATION  ENERGY          1e-ENERGY        2e-ENERGY     NORM[dD(SAO)]  TOL
   8  -460.62384835924    -641.94822110     181.32437274    0.558D-05 0.252D-10
                            Exc = -21.0846914700      Eck =  202.409064209    
                              N = 17.999988995    
                            current damping = 0.050
 
          Norm of current diis error: 0.11761E-04
          max. resid. norm for Fia-block=  5.000D-06 for orbital      6a         
          max. resid. fock norm         =  5.067D-06 for orbital     18a         

 ENERGY CONVERGED !

          Overall gridpoints after grid construction =          7148
 Number of atoms=1; ordering of quadrature gridpoints disabled.

 ITERATION  ENERGY          1e-ENERGY        2e-ENERGY     NORM[dD(SAO)]  TOL
   9  -460.62341339995    -641.94814844     181.32473504    0.237D-06 0.250D-10
                            Exc = -21.0842523257      Eck =  202.408987365    
                              N = 18.000000344    
                            current damping = 0.100
 
          Norm of current diis error: 0.71001E-06
          max. resid. norm for Fia-block=  4.346D-07 for orbital      6a         
          max. resid. fock norm         =  4.387D-07 for orbital     18a         

 End of SCF iterations

   convergence criteria satisfied after     9 iterations


                  ------------------------------------------ 
                 |  total energy      =   -460.62341339995  |
                  ------------------------------------------ 
                 :  kinetic energy    =    459.91366739224  :
                 :  potential energy  =   -920.53708079219  :
                 :  virial theorem    =      1.99845916211  :
                 :  wavefunction norm =      1.00000000000  :
                  .......................................... 


 <geterg> : there is no data group $energy 


 <skperg> : $end is missing 


 orbitals $scfmo  will be written to file mos

    irrep                  5a          6a          7a          8a          9a   
 eigenvalues H         -6.93079    -0.46883    -0.00987    -0.00987    -0.00987
            eV        -188.5979    -12.7577     -0.2685     -0.2685     -0.2685
 occupation              2.0000      2.0000      2.0000      2.0000      2.0000

    irrep                 10a         11a         12a         13a         14a   
 eigenvalues H          0.63061     0.63061     0.63061     0.76802     0.76802
            eV          17.1598     17.1598     17.1598     20.8991     20.8991
 
 
 
 
 ==============================================================================
                           electrostatic moments
 ==============================================================================

 reference point for electrostatic moments:    0.00000   0.00000   0.00000

 
              nuc           elec       ->  total
 ------------------------------------------------------------------------------
                          charge      
 ------------------------------------------------------------------------------
          17.000000     -18.000000      -1.000000
 
 ------------------------------------------------------------------------------
                       dipole moment  
 ------------------------------------------------------------------------------
   x     -26.573442      28.136586       1.563144
   y     244.611044    -258.999929     -14.388885
   z       0.000000       0.000000       0.000000
 
   | dipole moment | =    14.4735 a.u. =    36.7881 debye 
 
 ------------------------------------------------------------------------------
                     quadrupole moment
 ------------------------------------------------------------------------------
  xx      41.538108     -55.872435     -14.334328
  yy    3519.680166   -3738.611086    -218.930920
  zz       0.000000     -11.890910     -11.890910
  xy    -382.362202     404.854096      22.491894
  xz       0.000000      -0.000000      -0.000000
  yz       0.000000       0.000000       0.000000
 
     1/3  trace=     -81.718719
     anisotropy=     209.483428
 
 ==============================================================================
 
HOMO-LUMO Separation
 HOMO         :   -0.00986560 H =     -0.26846 eV
 LUMO         :    0.63060766 H =    +17.15972 eV
 HOMO-LUMO gap:    0.64047325 H =    +17.42817 eV
 
 ==============================================================================


    ------------------------------------------------------------------------
         total  cpu-time :   0.38 seconds
         total wall-time :   0.30 seconds
    ------------------------------------------------------------------------

   ****  ridft : all done  ****


    2023-06-08 14:49:07.779 

