
   OpenMP run-time library returned nthreads =  2

 force (c04) : TURBOMOLE rev. V7-6 27 Oct 2021 at 10:11:12 compiled Oct 27th 2021
 Copyright (C) 2021 TURBOMOLE GmbH, Karlsruhe


    2023-06-08 16:38:18.363 



                             T U R B O M O L E   

                          a o f o r c e - program

                        using direct algorithms for

                       SCF level calculations of
                         * harmonic force constants
                         * hyperpolarizabilities
                         * IR and RAMAN intensities
                         * VCD intensities

                       DFT level calculations of
                         * harmonic force constants
                         * IR intensities
                                                   
       Stephan Boecker, Peter Deglmann, Filipp Furche and Marco Haeser
                          Quantum Chemistry Group
                          Universitaet  Karlsruhe
                                   Germany

 
 

          OpenMP Shared-Memory Parallelization:  2 CPUs.

            By: Erik P. Almaraz and Filipp Furche
            Copyright 2009-2011 by UCI and TURBOMOLE GmbH.

            Revised By: Christof Holzer and Yannick J. Franzke.

 
 
     References :
 
       RI-J implementation:
         Peter Deglmann, Klaus May, Filipp Furche, Reinhart Ahlrichs
                 Chem. Phys. Lett. 384:103 (2004)
 
       Efficiency, technical details:
         Peter Deglmann, Filipp Furche, Reinhart Ahlrichs
                 Chem. Phys. Lett. 362:511 (2002)
 
       Search of lowest eigenvalues by iterative diagonalization:
         Peter Deglmann, Filipp Furche
                 J. Chem. Phys. 117:9535 (2002)
 
       Vibrational circular dichroism implementation:
        Kevin Reiter, Michael Kuehn, Florian Weigend
                 J. Chem. Phys. 146:054102 (2017)  
 
 


              +--------------------------------------------------+
              | Atomic coordinate, charge and isotop information |
              +--------------------------------------------------+

                    atomic coordinates            atom    charge  isotop
         -8.86368698    3.57933337    0.05677411    n      7.000     0
         -6.93894430    3.52913631   -0.02920006    h      1.000     0
         -9.45831326    1.74780546   -0.02149092    h      1.000     0
         -9.45842663    4.41313604   -1.57591641    h      1.000     0
 
       center of nuclear mass  :   -8.82016313    3.51731127   -0.04957859
       center of nuclear charge:   -8.79014930    3.47454114   -0.12291887
 $basis  : could not find file <basis> !
              read basis sets from /software/cluster/turbomole76/basen/
              (basis sets have been saved in file basis)

              +--------------------------------------------------+
              |               basis set information              |
              +--------------------------------------------------+

              we will work with the 1s 3p 5d 7f 9g ... basis set
              ...i.e. with spherical basis functions...

   type   atoms  prim   cont   basis
   ---------------------------------------------------------------------------
    n        1     46     31   def2-TZVP   [5s3p2d1f|11s6p2d1f]
    h        3      8      6   def2-TZVP   [3s1p|5s1p]
   ---------------------------------------------------------------------------
   total:    4     70     49
   ---------------------------------------------------------------------------

   total number of primitive shells          :   26
   total number of contracted shells         :   23
   total number of cartesian basis functions :   54
   total number of SCF-basis functions       :   49

 
             FOUND RI-J FLAG !
 

 NOTE: THIS IS A PRELIMINARY IMPLEMENTATION. THE RI APPROXIMATION IS
       PRESENTLY USED FOR CPKS CONTRIBUTIONS TO THE HESSIAN ONLY! SEE
       MANUAL FOR FURTHER DETAILS.

  
 AUXILIARY BASIS SET information:
 $jbas  : could not find file <auxbasis> !
              read basis sets from /software/cluster/turbomole76/jbasen/
              (basis sets have been saved in file auxbasis)

              we will work with the 1s 3p 5d 7f 9g ... basis set
              ...i.e. with spherical basis functions...

   type   atoms  prim   cont   basis
   ---------------------------------------------------------------------------
    n        1     70     49   def2-TZVP   [6s4p3d1f1g|12s5p4d2f1g]
    h        3     16     11   def2-TZVP   [3s1p1d|5s2p1d]
   ---------------------------------------------------------------------------
   total:    4    118     82
   ---------------------------------------------------------------------------

   total number of primitive shells          :   32
   total number of contracted shells         :   30
   total number of cartesian basis functions :   97
   total number of SCF-basis functions       :   82


 symmetry group of the molecule :   c1 

 the group has the following generators :
   c1(z)

    1 symmetry operations found

 there are 1 real representations :   a   

 maximum number of shells which are related by symmetry :  1


 determining totally symmetric integral contributions 
    - equivalent to irreducible tensor elements - 
 which can be formed within each triple of representations :

             representation triple      contributions

              a     a     a               1

    mo occupation :
   irrep   mo's   occupied
    a       49        5
 
 number of basis functions   :    49
 number of occupied orbitals :     5
 
  MOs are in ASCII format !


 reading orbital data $scfmo  from file mos
 orbital characterization : scfconv=7
 time elapsed for calculating density matrices :   0.000 sec

 number of non-frozen orbitals          :    49
 number of non-frozen occupied orbitals :     5
 Blocking parameters 
 shells:
    index      start shell   last shell  start bf    last bf    #bf 
       1             1          23             1         54     54
          size of I/O Block in Byte:                 279936
  
           ----------------------
               RI - INFORMATION
           ----------------------

 biggest AO integral is expected to be     6.862573055

 Threshold for integral neglect (rithr2):   0.46E-10
 Threshold for integral neglect (rithr1):   0.46E-10

 Contributions to RI integral batches: 
  neglected integral batches:                     0
  direct contribution:                            0
  memory contribution:                   276
 Core memory available (ricore):               500 MiB
 Core memory needed for (P|Q) and Cholesky:      1 MiB
 Core memory used for integrals:                 2 MiB
 
 ****************************************
 Memory allocated for RIDFT: 2 MiB
 ****************************************
 
  
           ------------------
           density functional
           ------------------
 Becke-3-Parameter hybrid functional: B3-LYP
 exchange:    0.8*LDA + 0.72*B88 + 0.2*HF
 correlation: 0.19*LDA(VWN) + 0.81*LYP

 iterations will be done with small grid
  
 spherical integration : Lebedev's spherical grid
 spherical gridsize    :                     3
    i.e. gridpoints    :                   302
 value for diffuse not defined
 radial integration    : Chebyshev 2nd kind (scaling 3)
 radial gridsize       :                     3
 integration cells     :                     4
 partition function    : becke
 partition sharpness   :                     3
  
 
 Derivatives of quadrature weights will be included
 
 preparing DFT   numerical integration ....
          Overall gridpoints after grid construction =         17354
 Ordering of quadrature gridpoints disabled.
 
 
 
 
 OCCUPIED-OCCUPIED TENSOR SPACES :

          IRREP   tensor space dimension   number of roots

           a                25                   6
 
 OCCUPIED-VIRTUAL TENSOR SPACES :

          IRREP   tensor space dimension   number of roots

           a               220                   6
 
 
 
 
 CONSTRUCTING integral bounds

 setting up bound for integral derivative estimation

 increment for numerical differentiation : 0.00050000
 
 machine precision:   2.220446049250313E-016

 integral neglect threshold       :  0.10E-09
 integral storage threshold THIZE :  0.10E-04
 integral storage threshold THIME :         5

 
 
 
 PREPARING NUMERICAL INTEGRATION
 
 Remaining core memory for DFT =                  1000 MB
 
 Memory needed per atom    =                    34 KiB
 
     i. e.                     4 atoms per loop

 Calculating ground state density on molecular grid

 Integral of ground state density: N =   9.999999027574400    


 
 
 CONSTRUCTING first deriv. of <mu|x,y,z|nu> -> Dip. deriv.
  dipole integral derivatives will be neglected if
  expon. factor <0.925926E-11
      ...terminated. cpu:       0.00       wall:       0.00
 
 
 
 
 CONSTRUCTING first deriv. of  <mu|nu>
                               <mu|h|nu>    -> RHS
              second deriv. of <mu|nu>      -> Hessian
                               <mu|h|nu>    -> Hessian
                               nucl. rep.   -> Hessian
     integrals are neglected if expon. factor <  9.259259259259258E-013
  _________________________________
 |                                 |
 |         DFTD3 V3.1 Rev 0        |
 | S.Grimme, University Bonn       |
 |            June  2014           |
 |   see standalone version        |
 |       dftd3 -h for options      |
 |_________________________________|
 
 Please cite DFT-D3 work done with this code as:
 S. Grimme, J. Antony, S. Ehrlich and H. Krieg,
 J. Chem. Phys, 132 (2010), 154104.
 If used with BJ-damping cite also
 S. Grimme, S. Ehrlich and L. Goerigk,
 J. Comput. Chem. 32 (2011), 1456-1465
 For DFT-D2 the reference is
 S. Grimme, J. Comput. Chem., 27 (2006), 1787-1799
 
C6 coefficients used:
                     2  C6 for element                      1
Z=  1 CN= 0.912     C6(AA)=    3.03
Z=  1 CN= 0.000     C6(AA)=    7.59
                     4  C6 for element                      7
Z=  7 CN= 0.000     C6(AA)=   25.27
Z=  7 CN= 0.994     C6(AA)=   22.12
Z=  7 CN= 2.014     C6(AA)=   19.68
Z=  7 CN= 2.990     C6(AA)=   15.58

#           XYZ [au]              R0(AA) [Ang.]  CN          C6(AA)     C8(AA)   C10(AA) [au]
  1  -8.88369   3.57933   0.05677   n   0.495  2.988        15.7       345.6      9339.9
  2  -6.93894   3.52914  -0.02920   h   0.366  0.996         3.1        37.4       553.6
  3  -9.45831   1.74781  -0.02149   h   0.366  0.997         3.1        37.4       553.5
  4  -9.45843   4.41314  -1.57592   h   0.366  0.997         3.1        37.4       553.5

molecular C6(AA) [au] =        84.67

           DFT-D V3(BJ)
 DF b3-lyp                                            
 parameters
 s6       :    1.0000
 s8       :    1.9889
 a1       :    0.3981
 a2       :    4.4211
 k1-k3    :   16.0000    1.3333   -4.0000
 
 Edisp /kcal,au:    -0.7651 -0.00121930

 E6    /kcal :    -0.4172
 E8    /kcal :    -0.3479
 % E8        : 45.47
 
 doing analytical gradient O(N^2) ...
 
 |G|=  3.115856054168620E-005
      ...terminated. cpu:       0.11       wall:       0.25
 
 
 
 
 CONSTRUCTING second deriv. of 2e energy    -> Hessian
   treating Coulomb (and exchange) contribution
     integrals will be neglected if total contribution <  9.259259259259259E-009
      ...terminated. cpu:       0.44       wall:       0.98
   treating exchange-correlation contribution
      ...terminated. cpu:       0.69       wall:       1.41
 
 
 
 
 CONSTRUCTING S(i,j)xi
      ...terminated. cpu:       0.00       wall:       0.00
 
 
 
 
 CONSTRUCTING <i|x,y,z|j>*S(i,j)xi          -> Dip. deriv.
      ...terminated. cpu:       0.00       wall:       0.01
 
 
 
 
 CONSTRUCTING epsilon(i)*S(i,j)xi*S(i,j)chi -> Hessian
      ...terminated. cpu:       0.00       wall:       0.00
 
 
 
 
 CONSTRUCTING G(a,i)[S(k,l)xi]              -> RHS
              G(i,j)[S(k,l)xi]*S(i,j)chi    -> Hessian
 
         Maximum core memory set to                   1000 MB
         This corresponds to                 41531 vectors in CAO basis
      ...terminated. cpu:       0.23       wall:       0.44
 
 
 
 
 CONSTRUCTING G(mu,nu)[D(kap,lam)]xi
 
          Maximum core memory set to                   1000 MB
          Atoms treated simultaneously :                     4
 max of dfo   11.0372805828519     
      ...terminated. cpu:       0.61       wall:       1.08
 
 
 
 
 CONSTRUCTING F(a,i)xi                      -> RHS
              F(i,j)xi*S(i,j)chi            -> Hessian
 
        Maximum core memory set to                  1000 MB
        This corresponds to                 76875 vectors in CAO basis
      ...terminated. cpu:       0.00       wall:       0.00
 
 
 
 
 CONSTRUCTING epsilon(i)*S(a,i)xi           -> RHS
      ...terminated. cpu:       0.00       wall:       0.00
 
 
 
 
 SOLVING CPHF equations
 
 Residuum convergence criterium   :  1.000000000000000E-005
 
 Maximum number of Davidson iterations set to                    25

 logfile cphf_a    will be constructed
  Switching to small grid
        preparing DFT   numerical integration ....
          Overall gridpoints after grid construction =          4374

 Calculating ground state density on molecular grid

 Integral of ground state density: N =   9.999785160271928    




                       Nonorthonormal Krylov Space Iteration


 total number of roots to be determined: 6


 maximum core memory set to         1000 MB,
 corresponding to    42736 vectors in CAO basis


 maximum number of simultaneously treated vectors (including degeneracy):        6


 Iteration IRREP Converged      Max. Euclidean
                 roots          residual norm

    1       a        0        7.781332384992730D-02
 
    2       a        0        9.376787781385516D-03
 
    3       a        0        7.750894293560412D-04
 
    4       a        2        7.785040061115156D-05
 
    5       a        6        9.753975766561668D-06
 

 converged!

  Switching to fine grid
        preparing numerical DFT   integration ....
          Overall gridpoints after grid construction =         17354

 Calculating ground state density on molecular grid

 Integral of ground state density: N =   9.999999027574399    



 Iteration IRREP Converged      Max. Euclidean
                 roots          residual norm

    6       a        0        5.253629970165030D-05
 

 NOTE: Residual norms are larger than 1.00D-05 due to mgrid option!

      ...terminated. cpu:       0.89       wall:       1.30
 
 
 
 
 CONSTRUCTING <a|x,y,z|i>*U(a,i)xi          -> Dip. deriv.
      ...terminated. cpu:       0.00       wall:       0.00
 
 
 
 
 CONSTRUCTING RHS(a,i)xi*U(a,i)chi          -> Hessian
      ...terminated. cpu:       0.00       wall:       0.00
 
 
 
 

            -----------------------
            permanent dipole moment
            -----------------------

                                   x                y                z
    electronic part       :   88.1275376732   -35.0676927300     0.6766712744
     nuclear   part       :  -87.9014930405    34.7454114324    -1.2291886544
     total                :    0.2260446327    -0.3222812976    -0.5525173799

 with reference to the point :   0.0000000        0.0000000        0.0000000
 (given in atomic units)
    | dipole |       :    1.7243531437  debye

   ***  dipole moment & cartesian dipole gradients written onto
        $dipole, $dipgrad,  file=<dipgrad>  ***

             -----------------------------------
             rotational and vibrational analysis
             -----------------------------------


            ==============================================================
            ATOMIC WEIGHTS (average over the natural occurance of isotops)
            ==============================================================
            ('*' denotes special isotop !)
              1     n                14.00670
              2     h                 1.00797
              3     h                 1.00797
              4     h                 1.00797

          -------------------------------------------------
          CARTESIAN FORCE CONSTANT MATRIX (hartree/bohr**2)
         (translational & rotational space projected out)
          -------------------------------------------------

   ATOM              1 n                           2 h 
                  dx        dy        dz        dx        dy        dz
   1 n     dx  0.5664770
           dy  0.0620429 0.5216227
           dz  0.1063822-0.1515420 0.3500960
   2 h     dx -0.4040638-0.0028720-0.0049707 0.4315419
           dy  0.0255751-0.0485982 0.0193707-0.0024853 0.0497104
           dz  0.0438200 0.0193706-0.0267043-0.0042191-0.0162533 0.0313284
   3 h     dx -0.0812132-0.0888963-0.0161276-0.0137335-0.0433225-0.0012673
           dy -0.1172087-0.3718166 0.0126281 0.0048879-0.0001704-0.0030361
           dz -0.0323040-0.0334995-0.0264409 0.0033052 0.0003524-0.0026997
   4 h     dx -0.0812001 0.0297253-0.0852839-0.0137447 0.0202327-0.0383337
           dy  0.0295906-0.1012079 0.1195432 0.0004694-0.0009418-0.0000812
           dz -0.1178982 0.1656708-0.2969508 0.0058846-0.0034698-0.0019243

   ATOM              3 h                           4 h 
                  dx        dy        dz        dx        dy        dz
   3 h     dx  0.0907442
           dy  0.1181569 0.3907351
           dz  0.0161515-0.0029599 0.0312093
   4 h     dx  0.0042025-0.0058361 0.0128473 0.0907423
           dy  0.0140619-0.0187481 0.0361069-0.0441219 0.1208979
           dz  0.0012433-0.0066321-0.0020687 0.1107703-0.1555689 0.3009438
 

   *** projected hessian written onto $hessian (projected), file=<hessian> ***

 dipole moment in principle axis system (a.u.) :
    -0.0000712928    -0.0000924074    -0.6784075856
 norm :  0.678407595672269     

 rotational constants b for rotations around axis of inertia
 and optical intensities for (1 <-- 0) transition

   b   :     9.7996612974     9.7983033540     6.2730084693   (cm**(-1))
   b   :      293786.4548      293745.7447      188060.0628     (MHz)
  int. :     0.0000000051     0.0000000085     0.4602368522     (a.u.)

   x   :     0.8459120136     0.4163103846    -0.3333444600
   y   :    -0.2307661831     0.8492090634     0.4749641412
   z   :     0.4808116409    -0.3248532444     0.8144265072

   ***  normal modes written onto $vibrational normal modes, file=<vib_normal_modes>  ***

  Keyword $vibrational reduced masses missing in file <control>


   ***  vibrational spectroscopic data written onto$vibrational spectrum   
        file=<vibspectrum>  ***

          ---------------------------------------------------
          NORMAL MODES and VIBRATIONAL FREQUENCIES (cm**(-1))
          ---------------------------------------------------

 imaginary wave numbers indicate a negative curvature of the energy surface.
 zero frequency modes have no physical meaning except being generators of
 translations and rotations. each vibrational normal mode - given in terms of
 cartesian displacement vectors of all atoms - has been normalized to unity.
 to obtain mass-weigthed normal coordinates in a.u. divide the tabulated
 modes by sqrt(reduced mass * 1822.88853).
 band intensities or cross sections refer to independent non-degenerate normal
 modes, that is, the intensities of degenerate modes have yet to be added.
 dDIP/dQ is the normal mode derivative of the dipole moment.


       mode               1        2        3        4        5        6

     frequency           0.00     0.00     0.00     0.00     0.00     0.00

     symmetry                                                             

        IR                -        -        -        -        -        - 
|dDIP/dQ|   (a.u.)     0.0000   0.0000   0.0000   0.0000   0.0000   0.0000
intensity (km/mol)       0.00     0.00     0.00     0.00     0.00     0.00
intensity (  %   )       0.00     0.00     0.00     0.00     0.00     0.00
 
       RAMAN              -        -        -        -        -        - 
 
  1   n           x   0.01058  0.02592  0.00347  0.03063  0.52565 -0.01342
                  y  -0.19309 -0.04271 -0.07301  0.28784 -0.01101  0.03923
                  z  -0.26772  0.15760  0.07961 -0.07677 -0.00889 -0.06321
  2   h           x  -0.00442  0.00474 -0.02238  0.00649  0.51392 -0.03196
                  y  -0.44345 -0.02352 -0.60194 -0.28594 -0.06589  0.26256
                  z  -0.45738 -0.32774 -0.19017 -0.28216 -0.23939 -0.60865
  3   h           x  -0.25212 -0.00307 -0.49492 -0.52501  0.47013  0.18719
                  y  -0.09373 -0.01249  0.06951  0.46680 -0.00204 -0.04326
                  z  -0.59709 -0.32925  0.53082 -0.04336  0.20303  0.34306
  4   h           x  -0.02508 -0.36658 -0.01215  0.10627  0.34781 -0.58313
                  y   0.23278  0.52343 -0.24004  0.49212 -0.12045 -0.24337
                  z  -0.03724  0.58970  0.00000  0.00000  0.00000  0.00000

reduced mass(g/mol)     2.426    1.363    1.160    2.174    4.602    1.082


       mode               7        8        9       10       11       12

     frequency        1093.00  1680.55  1680.62  3398.18  3509.72  3509.98

     symmetry            a        a        a        a        a        a   

        IR               YES      YES      YES      YES      YES      YES
|dDIP/dQ|   (a.u.)     0.0096   0.0034   0.0033   0.0009   0.0006   0.0006
intensity (km/mol)     162.47    19.97    19.91     1.47     0.66     0.66
intensity (  %   )     100.00    12.29    12.26     0.91     0.41     0.41
 
       RAMAN             YES      YES      YES      YES      YES      YES
 
  1   n           x   0.03852 -0.01222 -0.06183  0.01259  0.06112  0.04228
                  y  -0.05489 -0.05883  0.00017 -0.01774 -0.02788  0.06356
                  z  -0.09410  0.02933 -0.02542 -0.03064  0.04126 -0.01968
  2   h           x   0.01577 -0.00921 -0.04697 -0.57734 -0.66849 -0.46160
                  y   0.28893  0.61636 -0.26958 -0.00962  0.00100  0.02732
                  z   0.49519 -0.42414 -0.16990 -0.01665  0.03025  0.00546
  3   h           x  -0.27561 -0.34407  0.53869  0.20084  0.04151 -0.25356
                  y   0.08293  0.07410 -0.20495  0.53903  0.05595 -0.77092
                  z   0.49605  0.11304  0.44143 -0.01906  0.01467 -0.02353
  4   h           x  -0.27547  0.52303  0.36748  0.20157 -0.22233  0.12765
                  y   0.39091  0.12701  0.47224 -0.28291  0.33042 -0.13960
                  z   0.31640 -0.09644  0.08174  0.46150 -0.61831  0.29154

reduced mass(g/mol)     1.182    1.066    1.066    1.026    1.089    1.089
 

         **************************************************************
         *                                                            *
         *  zero point VIBRATIONAL energy  :      0.0338810  Hartree  *
         *    SCF-energy                   :    -56.5504332           *
         *    SCF + E(vib0)                :    -56.5165521           *
         *                                                            *
         **************************************************************




 time elapsed for vibrational analysis     0.01 sec


    ------------------------------------------------------------------------
         total  cpu-time :   3.51 seconds
         total wall-time :   7.35 seconds
    ------------------------------------------------------------------------

   ****  force : all done  ****


    2023-06-08 16:38:25.660 

