
  ========================================================================
                license information 
 Customer : 200000000058156
 ID       : LKO1924661

 License file is VALID, continuing with full version
  ========================================================================

   OpenMP run-time library returned nthreads =  2

 ridft (c04) : TURBOMOLE rev. V7-6 27 Oct 2021 at 10:11:12 compiled Oct 27th 2021
 Copyright (C) 2021 TURBOMOLE GmbH, Karlsruhe


    2023-06-06 11:13:27.118 



                                  r i d f t

                        DFT program with RI approximation 
                                for coulomb part 




                                                 
                                 References:     
                                                 
          TURBOMOLE:                             
              R. Ahlrichs, M. Baer, M. Haeser, H. Horn, and
              C. Koelmel
              Electronic structure calculations on workstation
              computers: the program system TURBOMOLE
              Chem. Phys. Lett. 162: 165 (1989)
          Density Functional:                              
              O. Treutler and R. Ahlrichs                      
              Efficient Molecular Numerical Integration Schemes
              J. Chem. Phys. 102: 346 (1995)                   
          Parallel Version:                                
              Performance of parallel TURBOMOLE for Density    
              Functional Calculations                          
              M. v. Arnim and R. Ahlrichs                      
              J. Comp. Chem. 19: 1746 (1998)                   
          RI-J Method:                                     
              Auxiliary Basis Sets to approximate Coulomb      
              Potentials                                       
              Chem. Phys. Lett. 240: 283 (1995)                
              K. Eichkorn, O. Treutler, H. Oehm, M. Haeser     
              and R. Ahlrichs                                  
              Chem. Phys. Lett. 242: 652 (1995)                
                                                           
              Auxiliary Basis Sets for Main Row Atoms and their
              Use to approximate Coulomb Potentials            
              K. Eichkorn, F. Weigend, O. Treutler and         
              R. Ahlrichs                                      
              Theo. Chem. Acc. 97: 119 (1997)                   
                                                           
              Accurate Coulomb-fitting basis sets for H to Rn 
              F. Weigend                                        
              Phys. Chem. Chem. Phys. 8: 1057 (2006)            
                                                           
          Multipole accelerated RI-J (MARI-J):             
              Fast evaluation of the Coulomb potential for     
              electron densities using multipole accelerated   
              resolution of identity approximation             
              M. Sierka, A. Hogekamp and R. Ahlrichs           
              J. Chem. Phys. 118: 9136 (2003)                  
          RI-JK Method:                                     
              A fully direct RI-HF algorithm: Implementation,
              optimised auxiliary basis sets, demonstration of
              accuracy and efficiency                         
              F. Weigend                                      
              Phys. Chem. Chem. Phys. 4: 4285 (2002)           
          Two-component HF and DFT with spin-orbit coupling:  
              Self-consistent treatment of spin-orbit         
              interactions with efficient Hartree-Fock and    
              density functional methods                      
              M. K. Armbruster, F. Weigend, C. van Wüllen and 
              W. Klopper                                      
              Phys. Chem. Chem. Phys. 10: 1748 (2008)         
          Two-component difference density and DIIS algorithm 
              Efficient two-component self-consistent field   
              procedures and gradients: implementation in     
              TURBOMOLE and application to Au20-              
              A. Baldes, F. Weigend                           
              Mol. Phys. 111: 2617 (2013)                     
          Relativistic all-electron 2c calculations           
              An efficient implementation of two-component    
              relativistic exact-decoupling methods for large 
              molecules                                       
              D. Peng, N. Middendorf, F. Weigend, M. Reiher   
              J. Chem. Phys. 138: 184105 (2013)               
          Finite nucleus model and SNSO approximation         
              Efficient implementation of one- and two-       
              component analytical energy gradients in exact  
              two-component theory                            
              Y. J. Franzke, N. Middendorf, F. Weigend        
              J. Chem. Phys. 148: 104110 (2018)               
          Grids for all-electron relativistic methods         
              Error-consistent segmented contracted all-      
              electron relativistic basis sets of double-     
              and triple-zeta quality for NMR shielding       
              constants                                       
              Y. J. Franzke, R. Tress, T. M. Pazdera,         
              F. Weigend                                      
              Phys. Chem. Chem. Phys. 21: 166658 (2019)       
          Seminumerical exchange algorithms                   
              Seminumerical calculation of the Hartree-Fock   
              exchange matirx: Application to two-component   
              procedures and efficient evaluation of local    
              hybrid functionsl                               
               P. Plessow, F. Weigend,                        
              J. Comput. Chem. 33: 810 (2012)                 
          Improved seminumerical algorithms                   
              C. Holzer,                                      
              J. Chem. Phys. 153 (2020), 184115               
                                         





          OpenMP Shared-Memory Parallelization:  2 CPUs.

            By: Christof Holzer and Yannick J. Franzke


              +--------------------------------------------------+
              |      general information about current run       |
              +--------------------------------------------------+

 
 Becke-3-Parameter hybrid functional: B3-LYP
 exchange:    0.8*LDA + 0.72*B88 + 0.2*HF
 correlation: 0.19*LDA(VWN) + 0.81*LYP
 A Hybrid-DFT calculation using the RI-J approximation will be carried out.
 Allocatable memory for RI due to $ricore (MB):                   500


              +--------------------------------------------------+
              | Atomic coordinate, charge and isotop information |
              +--------------------------------------------------+

                    atomic coordinates            atom    charge  isotop
         -8.86368698    3.57933337    0.05677411    n      7.000     0
         -6.93894430    3.52913631   -0.02920006    h      1.000     0
         -9.45831326    1.74780546   -0.02149092    h      1.000     0
         -9.45842663    4.41313604   -1.57591641    h      1.000     0
 
       center of nuclear mass  :   -8.82016313    3.51731127   -0.04957859
       center of nuclear charge:   -8.79014930    3.47454114   -0.12291887

  Keyword $basis  missing in file <control>

              read basis sets from /software/cluster/turbomole76/basen/
              (basis sets have been saved in file basis)

              +--------------------------------------------------+
              |               basis set information              |
              +--------------------------------------------------+

              we will work with the 1s 3p 5d 7f 9g ... basis set
              ...i.e. with spherical basis functions...

   type   atoms  prim   cont   basis
   ---------------------------------------------------------------------------
    n        1     46     31   def2-TZVP   [5s3p2d1f|11s6p2d1f]
    h        3      8      6   def2-TZVP   [3s1p|5s1p]
   ---------------------------------------------------------------------------
   total:    4     70     49
   ---------------------------------------------------------------------------

   total number of primitive shells          :   26
   total number of contracted shells         :   23
   total number of cartesian basis functions :   54
   total number of SCF-basis functions       :   49


 integral neglect threshold       :  0.62E-10
 integral storage threshold THIZE :  0.10E-04
 integral storage threshold THIME :         5

 RI-J AUXILIARY BASIS SET information:

              assign orbital basis set names as defaults
              read basis sets from /software/cluster/turbomole76/jbasen/
              (basis sets have been saved in file auxbasis)

              we will work with the 1s 3p 5d 7f 9g ... basis set
              ...i.e. with spherical basis functions...

   type   atoms  prim   cont   basis
   ---------------------------------------------------------------------------
    n        1     70     49   def2-TZVP   [6s4p3d1f1g|12s5p4d2f1g]
    h        3     16     11   def2-TZVP   [3s1p1d|5s2p1d]
   ---------------------------------------------------------------------------
   total:    4    118     82
   ---------------------------------------------------------------------------

   total number of primitive shells          :   32
   total number of contracted shells         :   30
   total number of cartesian basis functions :   97
   total number of SCF-basis functions       :   82


 symmetry group of the molecule :   c1 

 the group has the following generators :
   c1(z)

    1 symmetry operations found

 there are 1 real representations :   a   

 maximum number of shells which are related by symmetry :  1

  
           ------------------
           density functional
           ------------------
 Becke-3-Parameter hybrid functional: B3-LYP
 exchange:    0.8*LDA + 0.72*B88 + 0.2*HF
 correlation: 0.19*LDA(VWN) + 0.81*LYP

 iterations will be done with small grid
  
 spherical integration : Lebedev's spherical grid
 spherical gridsize    :                     3
    i.e. gridpoints    :                   302
 value for diffuse not defined
 radial integration    : Chebyshev 2nd kind (scaling 3)
 radial gridsize       :                     3
 integration cells     :                     4
 partition function    : becke
 partition sharpness   :                     3
  

 biggest AO integral is expected to be     6.862573055

          ------------------------
          nuclear repulsion energy  :   11.8683836962    
          ------------------------

  _________________________________
 |                                 |
 |         DFTD3 V3.1 Rev 0        |
 | S.Grimme, University Bonn       |
 |            June  2014           |
 |   see standalone version        |
 |       dftd3 -h for options      |
 |_________________________________|
 
 Please cite DFT-D3 work done with this code as:
 S. Grimme, J. Antony, S. Ehrlich and H. Krieg,
 J. Chem. Phys, 132 (2010), 154104.
 If used with BJ-damping cite also
 S. Grimme, S. Ehrlich and L. Goerigk,
 J. Comput. Chem. 32 (2011), 1456-1465
 For DFT-D2 the reference is
 S. Grimme, J. Comput. Chem., 27 (2006), 1787-1799
 
C6 coefficients used:
                     2  C6 for element                      1
Z=  1 CN= 0.912     C6(AA)=    3.03
Z=  1 CN= 0.000     C6(AA)=    7.59
                     4  C6 for element                      7
Z=  7 CN= 0.000     C6(AA)=   25.27
Z=  7 CN= 0.994     C6(AA)=   22.12
Z=  7 CN= 2.014     C6(AA)=   19.68
Z=  7 CN= 2.990     C6(AA)=   15.58

#           XYZ [au]              R0(AA) [Ang.]  CN          C6(AA)     C8(AA)   C10(AA) [au]
  1  -8.86369   3.57933   0.05677   n   0.495  2.988        15.7       345.6      9339.7
  2  -6.93894   3.52914  -0.02920   h   0.366  0.997         3.1        37.4       553.5
  3  -9.45831   1.74781  -0.02149   h   0.366  0.997         3.1        37.4       553.5
  4  -9.45843   4.41314  -1.57592   h   0.366  0.997         3.1        37.4       553.5

molecular C6(AA) [au] =        84.67

           DFT-D V3(BJ)
 DF b3-lyp                                            
 parameters
 s6       :    1.0000
 s8       :    1.9889
 a1       :    0.3981
 a2       :    4.4211
 k1-k3    :   16.0000    1.3333   -4.0000
 
 Edisp /kcal,au:    -0.7651 -0.00121928

 E6    /kcal :    -0.4172
 E8    /kcal :    -0.3479
 % E8        : 45.47
 nuclear repulsion energy                  =      11.868383696
  DFT-D3 Energy contribution               =      -0.001219280
 nuclear repulsion + dispersion correction =      11.867164416


         -----------------
         -S,T+V- integrals
         -----------------

 1e-integrals will be neglected if expon. factor < 0.618882E-11
 
   Difference densities algorithm switched on.
   The maximal number of linear combinations of
   difference densities is                    20 .

 DIIS switched on: error vector is FDS-SDF
 Max. Iterations for DIIS is     :   4
 DIIS matrix (see manual) 
    Scaling factor of diagonals  :  1.200
    threshold for scaling factor :  0.000

 scf convergence criterion : increment of total energy < .1000000D-06
                  and increment of one-electron energy < .1000000D-03

 MOs are in ASCII format !

  missing closed shell occupation number declaration

 No input with occupation numbers/open-shell information found

 start vectors will be provided by an EHT guess

 The EHT guess will be determined for:
   molecular charge   :    0
   number of electrons:   10
   S_z eigenvalue     :    0
 
 virtual MOs provided and orthogonalized by Cholesky decomposition

 automatic virtual orbital shift switched on 
      shift if e(lumo)-e(homo) < 0.10000000    

  
           ------------------------
               RI-J - INFORMATION
           ------------------------
 Contributions to RI integral batches: 
  neglected integral batches:                     0
  direct contribution:                            0
  memory contribution:                   276
 Memory core needed for (P|Q) and Cholesky      1 MByte
 Memory core minimum needed except of (P|Q)     1 MByte
 Total minimum memory core needed (sum)         1 MByte
  
 ****************************************
 Memory allocated for RI-J     2 MByte
 ****************************************
                                            

 dump of DSCF restart information has been disabled !


 Starting SCF iterations

          Overall gridpoints after grid construction =          4374

 ITERATION  ENERGY          1e-ENERGY        2e-ENERGY     NORM[dD(SAO)]  TOL
   1  -56.338760040494    -99.901470561     31.695546104    0.000D+00 0.617D-10
                            Exc = -6.45032090901     Coul =  39.6744592350    
                            exK = -1.52859222193    
                              N = 9.9997371574    
                            current damping = 0.700
 
          max. resid. norm for Fia-block=  2.445D-01 for orbital      1a         
          max. resid. fock norm         =  1.093D+01 for orbital     36a         

 ITERATION  ENERGY          1e-ENERGY        2e-ENERGY     NORM[dD(SAO)]  TOL
   2  -56.496297885249    -99.604906888     31.241444587    0.219D+00 0.405D-10
                            Exc = -6.42959135106      Eck =  37.6710359383    
                              N = 9.9997442270    
                            current damping = 0.650
 
          Norm of current diis error: 0.88236    
          max. resid. norm for Fia-block=  1.194D-01 for orbital      1a         
          max. resid. fock norm         =  1.251D-01 for orbital      1a         

 ITERATION  ENERGY          1e-ENERGY        2e-ENERGY     NORM[dD(SAO)]  TOL
   3  -56.535873656933    -99.666601908     31.263563835    0.863D-01 0.302D-10
                            Exc = -6.45422892831      Eck =  37.7177927635    
                              N = 9.9997717508    
                            current damping = 0.600
 
          Norm of current diis error: 0.40001    
          max. resid. norm for Fia-block=  4.931D-02 for orbital      1a         
          max. resid. fock norm         =  5.173D-02 for orbital      1a         

 ITERATION  ENERGY          1e-ENERGY        2e-ENERGY     NORM[dD(SAO)]  TOL
   4  -56.547387074809    -99.550751430     31.136199939    0.437D-01 0.249D-10
                            Exc = -6.45194320082      Eck =  37.5881431398    
                              N = 9.9997819407    
                            current damping = 0.650
 
          Norm of current diis error: 0.16363    
          max. resid. norm for Fia-block=  2.244D-02 for orbital      2a         
          max. resid. fock norm         =  2.304D-02 for orbital      2a         

 ITERATION  ENERGY          1e-ENERGY        2e-ENERGY     NORM[dD(SAO)]  TOL
   5  -56.549759916958    -99.587057985     31.170133652    0.173D-01 0.225D-10
                            Exc = -6.46051533877      Eck =  37.6306489907    
                              N = 9.9997874098    
                            current damping = 0.700
 
          Norm of current diis error: 0.69794E-01
          max. resid. norm for Fia-block=  1.090D-02 for orbital      5a         
          max. resid. fock norm         =  1.096D-02 for orbital      5a         
          mo-orthogonalization: Cholesky decomposition

 ITERATION  ENERGY          1e-ENERGY        2e-ENERGY     NORM[dD(SAO)]  TOL
   6  -56.550304126822    -99.547975540     31.130506998    0.498D-02 0.209D-10
                            Exc = -6.45820686959      Eck =  37.5887138672    
                              N = 9.9997858634    
                            current damping = 0.750
 
          Norm of current diis error: 0.31112E-01
          max. resid. norm for Fia-block=  4.511D-03 for orbital      2a         
          max. resid. fock norm         =  4.690D-03 for orbital      6a         

 ITERATION  ENERGY          1e-ENERGY        2e-ENERGY     NORM[dD(SAO)]  TOL
   7  -56.550410256286    -99.560809913     31.143235241    0.930D-03 0.201D-10
                            Exc = -6.46041347614      Eck =  37.6036487173    
                              N = 9.9997861451    
                            current damping = 0.800
 
          Norm of current diis error: 0.13404E-01
          max. resid. norm for Fia-block=  2.369D-03 for orbital      5a         
          max. resid. fock norm         =  2.384D-03 for orbital      5a         

 ITERATION  ENERGY          1e-ENERGY        2e-ENERGY     NORM[dD(SAO)]  TOL
   8  -56.550434530450    -99.554565852     31.136966906    0.832D-04 0.195D-10
                            Exc = -6.46009097187      Eck =  37.5970578780    
                              N = 9.9997855048    
                            current damping = 0.850
 
          Norm of current diis error: 0.62642E-02
          max. resid. norm for Fia-block=  9.541D-04 for orbital      5a         
          max. resid. fock norm         =  9.853D-04 for orbital      6a         

 ITERATION  ENERGY          1e-ENERGY        2e-ENERGY     NORM[dD(SAO)]  TOL
   9  -56.550439592195    -99.555674411     31.138070403    0.300D-04 0.191D-10
                            Exc = -6.46036583583      Eck =  37.5984362387    
                              N = 9.9997853549    
                            current damping = 0.900
 
          Norm of current diis error: 0.28698E-02
          max. resid. norm for Fia-block=  5.193D-04 for orbital      5a         
          max. resid. fock norm         =  5.239D-04 for orbital      5a         

 ITERATION  ENERGY          1e-ENERGY        2e-ENERGY     NORM[dD(SAO)]  TOL
  10  -56.550440763010    -99.555004685     31.137399506    0.224D-05 0.187D-10
                            Exc = -6.46036386790      Eck =  37.5977633744    
                              N = 9.9997852075    
                            current damping = 0.950
 
          Norm of current diis error: 0.14176E-02
          max. resid. norm for Fia-block=  2.300D-04 for orbital      5a         
          max. resid. fock norm         =  2.340D-04 for orbital      5a         
          mo-orthogonalization: Cholesky decomposition

 ENERGY CONVERGED !

          Overall gridpoints after grid construction =         17354

 ITERATION  ENERGY          1e-ENERGY        2e-ENERGY     NORM[dD(SAO)]  TOL
  11  -56.550433182193    -99.555270286     31.137672688    0.844D-06 0.183D-10
                            Exc = -6.46041726421      Eck =  37.5980899519    
                              N = 9.9999990276    
                            current damping = 1.000
 
          Norm of current diis error: 0.68328E-03
          max. resid. norm for Fia-block=  1.299D-04 for orbital      5a         
          max. resid. fock norm         =  1.308D-04 for orbital      5a         

 End of SCF iterations

   convergence criteria satisfied after    11 iterations


                  ------------------------------------------ 
                 |  total energy      =    -56.55043318219  |
                  ------------------------------------------ 
                 :  kinetic energy    =     56.28600532201  :
                 :  potential energy  =   -112.83643850421  :
                 :  virial theorem    =      1.99532403475  :
                 :  wavefunction norm =      1.00000000000  :
                  .......................................... 


 <geterg> : there is no data group $energy 


 orbitals $scfmo  will be written to file mos

    irrep                  1a          2a          3a          4a          5a   
 eigenvalues H        -14.29078    -0.84884    -0.45789    -0.45787    -0.26719
            eV        -388.8749    -23.0982    -12.4598    -12.4594     -7.2706
 occupation              2.0000      2.0000      2.0000      2.0000      2.0000

    irrep                  6a          7a          8a          9a         10a   
 eigenvalues H          0.02512     0.10781     0.10788     0.29836     0.29851
            eV           0.6835      2.9338      2.9355      8.1188      8.1228
 
 
 
 
 ==============================================================================
                           electrostatic moments
 ==============================================================================

 reference point for electrostatic moments:    0.00000   0.00000   0.00000

 
              nuc           elec       ->  total
 ------------------------------------------------------------------------------
                          charge      
 ------------------------------------------------------------------------------
          10.000000     -10.000000       0.000000
 
 ------------------------------------------------------------------------------
                       dipole moment  
 ------------------------------------------------------------------------------
   x     -87.901493      88.127538       0.226045
   y      34.745411     -35.067693      -0.322281
   z      -1.229189       0.676671      -0.552517
 
   | dipole moment | =     0.6784 a.u. =     1.7243 debye 
 
 ------------------------------------------------------------------------------
                     quadrupole moment
 ------------------------------------------------------------------------------
  xx     777.025100    -785.934745      -8.909645
  yy     124.666789    -132.095032      -7.428244
  zz       2.507390      -8.527260      -6.019870
  xy    -304.843730     308.811610       3.967880
  xz      11.788980      -6.360031       5.428949
  yz      -5.672852       2.938348      -2.734504
 
     1/3  trace=      -7.452586
     anisotropy=      12.819892
 
 ==============================================================================
 
HOMO-LUMO Separation
 HOMO         :   -0.26718703 H =     -7.27053 eV
 LUMO         :    0.02511638 H =     +0.68345 eV
 HOMO-LUMO gap:    0.29230341 H =     +7.95399 eV
 
 ==============================================================================


    ------------------------------------------------------------------------
         total  cpu-time :   5.53 seconds
         total wall-time :  1 minutes and 11 seconds
    ------------------------------------------------------------------------

   ****  ridft : all done  ****


    2023-06-06 11:14:35.132 

