 ridft ended normally
 ridft ended normally
 ridft ended normally
 ridft ended normally
 ridft ended normally
 ridft ended normally
 ridft ended normally
 ridft ended normally
 ridft ended normally
 rdgrad ended normally
 rdgrad ended normally
 rdgrad ended normally
 rdgrad ended normally
 rdgrad ended normally
 rdgrad ended normally
  statpt ended normally
  statpt ended normally
  statpt ended normally
  statpt ended normally
  statpt ended normally
  statpt ended normally
 ridft ended normally
 ridft ended normally
 ridft ended normally
 ridft ended normally
 ridft ended normally
 ridft ended normally
 rdgrad ended normally
 rdgrad ended normally
 rdgrad ended normally
 rdgrad ended normally
 ricc2 ended normally
 rdgrad ended normally
 rdgrad ended normally
  statpt ended normally
  statpt ended normally
  statpt ended normally
  statpt ended normally
  statpt ended normally
  statpt ended normally
  statpt ended normally
 ricc2 ended normally
 ridft ended normally
 ridft ended normally
 ricc2 ended normally
 ridft ended normally
 ridft ended normally
  statpt ended normally
 rdgrad ended normally
 rdgrad ended normally
 ridft ended normally
 ridft ended normally
 ridft ended normally
 rdgrad ended normally
 rdgrad ended normally
  statpt ended normally
  statpt ended normally
 rdgrad ended normally
 rdgrad ended normally
  statpt ended normally
  statpt ended normally
  statpt ended normally
  statpt ended normally
 ridft ended normally
  statpt ended normally
 ridft ended normally
 ridft ended normally
 ridft ended normally
 ridft ended normally
 ridft ended normally
 rdgrad ended normally
 rdgrad ended normally
 ridft ended normally
 ridft ended normally
 rdgrad ended normally
 rdgrad ended normally
  statpt ended normally
  statpt ended normally
 rdgrad ended normally
 rdgrad ended normally
  statpt ended normally
 ricc2 ended normally
  statpt ended normally
  statpt ended normally
  statpt ended normally
 ridft ended normally
 ridft ended normally
  statpt ended normally
 ridft ended normally
 ridft ended normally
 ridft ended normally
 ridft ended normally
 rdgrad ended normally
 ridft ended normally
 ricc2 ended normally
 rdgrad ended normally
 rdgrad ended normally
  statpt ended normally
  statpt ended normally
  statpt ended normally
 ricc2 ended normally
  statpt ended normally
  statpt ended normally
 ridft ended normally
 ridft ended normally
 ridft ended normally
 ridft ended normally
 ridft ended normally
 ricc2 ended normally
  statpt ended normally
 ridft ended normally
 ricc2 ended normally
  statpt ended normally
 ricc2 ended normally
 ridft ended normally
  statpt ended normally
 ricc2 ended normally
  statpt ended normally
 ridft ended normally
 ridft ended normally
 ricc2 ended normally
  statpt ended normally
 ricc2 ended normally
 ridft ended normally
 ricc2 ended normally
  statpt ended normally
 ridft ended normally
 ricc2 ended normally
 ricc2 ended normally
aoforce ended normally 
aoforce ended normally 
aoforce ended normally 
aoforce ended normally 
aoforce ended normally 
aoforce ended normally 
aoforce ended normally 
aoforce ended normally 
aoforce ended normally 
mkdir: das Verzeichnis „b3lyp“ kann nicht angelegt werden: Die Datei existiert bereits
mkdir: das Verzeichnis „mp2“ kann nicht angelegt werden: Die Datei existiert bereits
mkdir: das Verzeichnis „b2plyp“ kann nicht angelegt werden: Die Datei existiert bereits
mkdir: das Verzeichnis „ccsd_t“ kann nicht angelegt werden: Die Datei existiert bereits
mkdir: das Verzeichnis „b3lyp“ kann nicht angelegt werden: Die Datei existiert bereits
mkdir: das Verzeichnis „mp2“ kann nicht angelegt werden: Die Datei existiert bereits
mkdir: das Verzeichnis „b2plyp“ kann nicht angelegt werden: Die Datei existiert bereits
mkdir: das Verzeichnis „ccsd_t“ kann nicht angelegt werden: Die Datei existiert bereits
mkdir: das Verzeichnis „b3lyp“ kann nicht angelegt werden: Die Datei existiert bereits
mkdir: das Verzeichnis „mp2“ kann nicht angelegt werden: Die Datei existiert bereits
mkdir: das Verzeichnis „b2plyp“ kann nicht angelegt werden: Die Datei existiert bereits
mkdir: das Verzeichnis „ccsd_t“ kann nicht angelegt werden: Die Datei existiert bereits
mkdir: das Verzeichnis „b3lyp“ kann nicht angelegt werden: Die Datei existiert bereits
mkdir: das Verzeichnis „mp2“ kann nicht angelegt werden: Die Datei existiert bereits
mkdir: das Verzeichnis „b2plyp“ kann nicht angelegt werden: Die Datei existiert bereits
mkdir: das Verzeichnis „ccsd_t“ kann nicht angelegt werden: Die Datei existiert bereits
mkdir: das Verzeichnis „b3lyp“ kann nicht angelegt werden: Die Datei existiert bereits
mkdir: das Verzeichnis „mp2“ kann nicht angelegt werden: Die Datei existiert bereits
mkdir: das Verzeichnis „b2plyp“ kann nicht angelegt werden: Die Datei existiert bereits
mkdir: das Verzeichnis „ccsd_t“ kann nicht angelegt werden: Die Datei existiert bereits
mkdir: das Verzeichnis „b3lyp“ kann nicht angelegt werden: Die Datei existiert bereits
mkdir: das Verzeichnis „mp2“ kann nicht angelegt werden: Die Datei existiert bereits
mkdir: das Verzeichnis „b2plyp“ kann nicht angelegt werden: Die Datei existiert bereits
mkdir: das Verzeichnis „ccsd_t“ kann nicht angelegt werden: Die Datei existiert bereits
 ridft ended normally
 ridft ended normally
 ridft ended normally
 ridft ended normally
 ridft ended normally
 ridft ended normally
 ridft ended normally
 ridft ended normally
 ridft ended normally
 ridft ended normally
 ridft ended normally
 ridft ended normally
 ridft ended normally
 ridft ended normally
 ridft ended normally
 ridft ended normally
 ridft ended normally
 ridft ended normally
 ridft ended normally
 ridft ended normally
 ridft ended normally
 ridft ended normally
 ridft ended normally
 ridft ended normally
 ricc2 ended abnormally
 ricc2 ended abnormally
program stopped.
 ricc2 ended abnormally
program stopped.
 ricc2 ended abnormally
program stopped.
program stopped.
 ricc2 ended abnormally
program stopped.
 ricc2 ended abnormally
program stopped.
 ricc2 ended normally
 ricc2 ended normally
 ricc2 ended normally
 ricc2 ended normally
 ricc2 ended normally
 ricc2 ended normally
 ccsdf12 ended normally
 ccsdf12 ended normally
 ccsdf12 ended normally
 ccsdf12 ended normally
 ccsdf12 ended normally
 ccsdf12 ended normally
 ridft ended normally
 ridft ended normally
 ridft ended normally
 ridft ended normally
 ridft ended normally
 ridft ended normally
 ricc2 ended abnormally
 ricc2 ended abnormally
program stopped.
 ricc2 ended abnormally
 ricc2 ended abnormally
 ricc2 ended abnormally
 ricc2 ended abnormally
program stopped.
program stopped.
program stopped.
program stopped.
program stopped.
 ridft ended normally
 ridft ended normally
 ridft ended normally
 ridft ended normally
 ridft ended normally
 ridft ended normally
 ricc2 ended normally
 ricc2 ended normally
 ricc2 ended normally
 ricc2 ended normally
 ricc2 ended normally
 ricc2 ended normally
nh3
b2plyp
b3lyp
ccsd_t
mp2
n2
b2plyp
b3lyp
ccsd_t
mp2
h2
b2plyp
b3lyp
ccsd_t
mp2
ch4
b2plyp
b3lyp
ccsd_t
mp2
h2o
b2plyp
b3lyp
ccsd_t
mp2
co
b2plyp
b3lyp
ccsd_t
mp2
aoforce ended normally 
aoforce ended normally 
aoforce ended normally 
aoforce ended normally 
aoforce ended normally 
aoforce ended normally 
aoforce ended normally 
aoforce ended normally 
aoforce ended normally 
aoforce ended normally 
aoforce ended normally 
aoforce ended normally 
aoforce ended normally 
aoforce ended normally 
aoforce ended normally 
aoforce ended normally 
aoforce ended normally 
aoforce ended normally 
aoforce ended normally 
aoforce ended normally 
aoforce ended normally 
aoforce ended normally 
aoforce ended normally 
aoforce ended normally 
nh3
b2plyp
b3lyp
ccsd_t
mp2
n2
b2plyp
b3lyp
ccsd_t
mp2
h2
b2plyp
b3lyp
ccsd_t
mp2
ch4
b2plyp
b3lyp
ccsd_t
mp2
h2o
b2plyp
b3lyp
ccsd_t
mp2
co
b2plyp
b3lyp
ccsd_t
mp2
