
  ========================================================================
                license information 
 Customer : 200000000058156
 ID       : LKO1924661

 License file is VALID, continuing with full version
  ========================================================================

   OpenMP run-time library returned nthreads =  2

 ridft (c04) : TURBOMOLE rev. V7-6 27 Oct 2021 at 10:11:12 compiled Oct 27th 2021
 Copyright (C) 2021 TURBOMOLE GmbH, Karlsruhe


    2023-06-04 16:40:44.549 



                                  r i d f t

                        DFT program with RI approximation 
                                for coulomb part 




                                                 
                                 References:     
                                                 
          TURBOMOLE:                             
              R. Ahlrichs, M. Baer, M. Haeser, H. Horn, and
              C. Koelmel
              Electronic structure calculations on workstation
              computers: the program system TURBOMOLE
              Chem. Phys. Lett. 162: 165 (1989)
          Density Functional:                              
              O. Treutler and R. Ahlrichs                      
              Efficient Molecular Numerical Integration Schemes
              J. Chem. Phys. 102: 346 (1995)                   
          Parallel Version:                                
              Performance of parallel TURBOMOLE for Density    
              Functional Calculations                          
              M. v. Arnim and R. Ahlrichs                      
              J. Comp. Chem. 19: 1746 (1998)                   
          RI-J Method:                                     
              Auxiliary Basis Sets to approximate Coulomb      
              Potentials                                       
              Chem. Phys. Lett. 240: 283 (1995)                
              K. Eichkorn, O. Treutler, H. Oehm, M. Haeser     
              and R. Ahlrichs                                  
              Chem. Phys. Lett. 242: 652 (1995)                
                                                           
              Auxiliary Basis Sets for Main Row Atoms and their
              Use to approximate Coulomb Potentials            
              K. Eichkorn, F. Weigend, O. Treutler and         
              R. Ahlrichs                                      
              Theo. Chem. Acc. 97: 119 (1997)                   
                                                           
              Accurate Coulomb-fitting basis sets for H to Rn 
              F. Weigend                                        
              Phys. Chem. Chem. Phys. 8: 1057 (2006)            
                                                           
          Multipole accelerated RI-J (MARI-J):             
              Fast evaluation of the Coulomb potential for     
              electron densities using multipole accelerated   
              resolution of identity approximation             
              M. Sierka, A. Hogekamp and R. Ahlrichs           
              J. Chem. Phys. 118: 9136 (2003)                  
          RI-JK Method:                                     
              A fully direct RI-HF algorithm: Implementation,
              optimised auxiliary basis sets, demonstration of
              accuracy and efficiency                         
              F. Weigend                                      
              Phys. Chem. Chem. Phys. 4: 4285 (2002)           
          Two-component HF and DFT with spin-orbit coupling:  
              Self-consistent treatment of spin-orbit         
              interactions with efficient Hartree-Fock and    
              density functional methods                      
              M. K. Armbruster, F. Weigend, C. van Wüllen and 
              W. Klopper                                      
              Phys. Chem. Chem. Phys. 10: 1748 (2008)         
          Two-component difference density and DIIS algorithm 
              Efficient two-component self-consistent field   
              procedures and gradients: implementation in     
              TURBOMOLE and application to Au20-              
              A. Baldes, F. Weigend                           
              Mol. Phys. 111: 2617 (2013)                     
          Relativistic all-electron 2c calculations           
              An efficient implementation of two-component    
              relativistic exact-decoupling methods for large 
              molecules                                       
              D. Peng, N. Middendorf, F. Weigend, M. Reiher   
              J. Chem. Phys. 138: 184105 (2013)               
          Finite nucleus model and SNSO approximation         
              Efficient implementation of one- and two-       
              component analytical energy gradients in exact  
              two-component theory                            
              Y. J. Franzke, N. Middendorf, F. Weigend        
              J. Chem. Phys. 148: 104110 (2018)               
          Grids for all-electron relativistic methods         
              Error-consistent segmented contracted all-      
              electron relativistic basis sets of double-     
              and triple-zeta quality for NMR shielding       
              constants                                       
              Y. J. Franzke, R. Tress, T. M. Pazdera,         
              F. Weigend                                      
              Phys. Chem. Chem. Phys. 21: 166658 (2019)       
          Seminumerical exchange algorithms                   
              Seminumerical calculation of the Hartree-Fock   
              exchange matirx: Application to two-component   
              procedures and efficient evaluation of local    
              hybrid functionsl                               
               P. Plessow, F. Weigend,                        
              J. Comput. Chem. 33: 810 (2012)                 
          Improved seminumerical algorithms                   
              C. Holzer,                                      
              J. Chem. Phys. 153 (2020), 184115               
                                         





          OpenMP Shared-Memory Parallelization:  2 CPUs.

            By: Christof Holzer and Yannick J. Franzke


              +--------------------------------------------------+
              |      general information about current run       |
              +--------------------------------------------------+

 
 TPSS meta-GGA functional
 exchange:    LDA + TPSS
 correlation: LDA (PW) + TPSS
 A DFT calculation using the RI-J approximation will be carried out.
 Allocatable memory for RI due to $ricore (MB):                   500


              +--------------------------------------------------+
              | Atomic coordinate, charge and isotop information |
              +--------------------------------------------------+

                    atomic coordinates            atom    charge  isotop
         -2.94114945   -0.05906209    3.20800514    c      6.000     0
         -2.10764322   -2.38868168    3.01010903    o      8.000     0
         -4.69145784    0.67873742    4.54858777    o      8.000     0
         -3.13012887   -3.57078581    4.15360468    h      1.000     0
         -6.29030577   -1.18908482    6.29608952    h      1.000     0
         -7.32820712   -2.37974057    7.41622238    o      8.000     0
         -6.48920540   -4.70781879    7.22163545    c      6.000     0
         -4.71618426   -5.43888347    5.90759674    o      8.000     0
         -7.57287381   -6.02381298    8.40525062    h      1.000     0
         -1.87584189    1.25125484    2.00166074    h      1.000     0
 
       center of nuclear mass  :   -4.71227734   -2.38252318    5.21882940
       center of nuclear charge:   -4.71248373   -2.38254709    5.21863701

  Keyword $basis  missing in file <control>

              read basis sets from /software/cluster/turbomole76/basen/
              (basis sets have been saved in file basis)

              +--------------------------------------------------+
              |               basis set information              |
              +--------------------------------------------------+

              we will work with the 1s 3p 5d 7f 9g ... basis set
              ...i.e. with spherical basis functions...

   type   atoms  prim   cont   basis
   ---------------------------------------------------------------------------
    c        2     43     23   aug-cc-pVDZ   [4s3p2d|18s5p2d]
    o        4     43     23   aug-cc-pVDZ   [4s3p2d|18s5p2d]
    h        4     11      9   aug-cc-pVDZ   [3s2p|5s2p]
   ---------------------------------------------------------------------------
   total:   10    302    174
   ---------------------------------------------------------------------------

   total number of primitive shells          :   57
   total number of contracted shells         :   74
   total number of cartesian basis functions :  186
   total number of SCF-basis functions       :  174


 integral neglect threshold       :  0.18E-10
 integral storage threshold THIZE :  0.10E-04
 integral storage threshold THIME :         5

 RI-J AUXILIARY BASIS SET information:

              assign orbital basis set names as defaults
              read basis sets from /software/cluster/turbomole76/jbasen/
              (basis sets have been saved in file auxbasis)

              we will work with the 1s 3p 5d 7f 9g ... basis set
              ...i.e. with spherical basis functions...

   type   atoms  prim   cont   basis
   ---------------------------------------------------------------------------
    c        2     70     49   aug-cc-pVDZ   [6s4p3d1f1g|12s5p4d2f1g]
    o        4     70     49   aug-cc-pVDZ   [6s4p3d1f1g|12s5p4d2f1g]
    h        4     16     11   aug-cc-pVDZ   [3s1p1d|5s2p1d]
   ---------------------------------------------------------------------------
   total:   10    484    338
   ---------------------------------------------------------------------------

   total number of primitive shells          :   56
   total number of contracted shells         :  110
   total number of cartesian basis functions :  414
   total number of SCF-basis functions       :  338


 symmetry group of the molecule :   c1 

 the group has the following generators :
   c1(z)

    1 symmetry operations found

 there are 1 real representations :   a   

 maximum number of shells which are related by symmetry :  1

  
           ------------------
           density functional
           ------------------
 TPSS meta-GGA functional
 exchange:    LDA + TPSS
 correlation: LDA (PW) + TPSS

 iterations will be done with small grid
  
 spherical integration : Lebedev's spherical grid
 spherical gridsize    :                     3
    i.e. gridpoints    :                   302
 value for diffuse not defined
 radial integration    : Chebyshev 2nd kind (scaling 3)
 radial gridsize       :                     3
 integration cells     :                    10
 partition function    : becke
 partition sharpness   :                     3
  

 biggest AO integral is expected to be     4.738267915

          ------------------------
          nuclear repulsion energy  :   236.490175791    
          ------------------------


         -----------------
         -S,T+V- integrals
         -----------------

 1e-integrals will be neglected if expon. factor < 0.179675E-11
 
   Difference densities algorithm switched on.
   The maximal number of linear combinations of
   difference densities is                    20 .

 DIIS switched on: error vector is FDS-SDF
 Max. Iterations for DIIS is     :   4
 DIIS matrix (see manual) 
    Scaling factor of diagonals  :  1.200
    threshold for scaling factor :  0.000

 scf convergence criterion : increment of total energy < .1000000D-06
                  and increment of one-electron energy < .1000000D-03

 MOs are in ASCII format !

  missing closed shell occupation number declaration

 No input with occupation numbers/open-shell information found

 start vectors will be provided by an EHT guess

 The EHT guess will be determined for:
   molecular charge   :    0
   number of electrons:   48
   S_z eigenvalue     :    0
 
 virtual MOs provided and orthogonalized by Cholesky decomposition

 automatic virtual orbital shift switched on 
      shift if e(lumo)-e(homo) < 0.10000000    

  
           ------------------------
               RI-J - INFORMATION
           ------------------------
 Contributions to RI integral batches: 
  neglected integral batches:                    43
  direct contribution:                            0
  memory contribution:                  2732
 Memory core needed for (P|Q) and Cholesky      1 MByte
 Memory core minimum needed except of (P|Q)     1 MByte
 Total minimum memory core needed (sum)         2 MByte
  
 ****************************************
 Memory allocated for RI-J    56 MByte
 ****************************************
                                            

 dump of DSCF restart information has been disabled !


 Starting SCF iterations

          Overall gridpoints after grid construction =         14156

 ITERATION  ENERGY          1e-ENERGY        2e-ENERGY     NORM[dD(SAO)]  TOL
   1  -378.07760806741    -985.58023658     371.01245272    0.000D+00 0.179D-10
                            Exc = -46.9859336462     Coul =  417.998386368    
                              N = 47.999530657    
                            current damping = 0.700
 
          max. resid. norm for Fia-block=  3.935D-01 for orbital     20a         
          max. resid. fock norm         =  1.413D+00 for orbital     90a         

 ITERATION  ENERGY          1e-ENERGY        2e-ENERGY     NORM[dD(SAO)]  TOL
   2  -379.43876600319    -986.28372145     370.35477966    0.173D+01 0.117D-10
                            Exc = -46.5277665433     Coul =  416.882546201    
                              N = 47.999322420    
                            current damping = 0.650
 
          Norm of current diis error:  1.7420    
          max. resid. norm for Fia-block=  1.486D-01 for orbital      3a         
          max. resid. fock norm         =  2.186D-01 for orbital     30a         

 ITERATION  ENERGY          1e-ENERGY        2e-ENERGY     NORM[dD(SAO)]  TOL
   3  -379.60899409108    -988.39136993     372.29220005    0.535D+00 0.950D-11
                            Exc = -46.7453878623     Coul =  419.037587915    
                              N = 47.999136942    
                            current damping = 0.600
 
          Norm of current diis error: 0.81023    
          max. resid. norm for Fia-block=  5.812D-02 for orbital      3a         
          max. resid. fock norm         =  8.115D-02 for orbital     65a         

 ITERATION  ENERGY          1e-ENERGY        2e-ENERGY     NORM[dD(SAO)]  TOL
   4  -379.65534446262    -987.79104103     371.64552077    0.241D+00 0.810D-11
                            Exc = -46.6555591190     Coul =  418.301079891    
                              N = 47.998987636    
                            current damping = 0.650
 
          Norm of current diis error: 0.34537    
          max. resid. norm for Fia-block=  2.422D-02 for orbital      7a         
          max. resid. fock norm         =  2.929D-02 for orbital      7a         

 ITERATION  ENERGY          1e-ENERGY        2e-ENERGY     NORM[dD(SAO)]  TOL
   5  -379.66270336480    -988.35061407     372.19773491    0.939D-01 0.738D-11
                            Exc = -46.7196174346     Coul =  418.917352349    
                              N = 47.998985815    
                            current damping = 0.700
 
          Norm of current diis error: 0.18542    
          max. resid. norm for Fia-block=  1.131D-02 for orbital     23a         
          max. resid. fock norm         =  1.337D-02 for orbital     23a         
          mo-orthogonalization: Cholesky decomposition

 ITERATION  ENERGY          1e-ENERGY        2e-ENERGY     NORM[dD(SAO)]  TOL
   6  -379.66501957801    -988.25975046     372.10455509    0.489D-01 0.703D-11
                            Exc = -46.7061933119     Coul =  418.810748401    
                              N = 47.998942832    
                            current damping = 0.750
 
          Norm of current diis error: 0.94590E-01
          max. resid. norm for Fia-block=  5.403D-03 for orbital     19a         
          max. resid. fock norm         =  7.285D-03 for orbital     20a         

 ITERATION  ENERGY          1e-ENERGY        2e-ENERGY     NORM[dD(SAO)]  TOL
   7  -379.66565991822    -988.21280298     372.05696727    0.124D-01 0.683D-11
                            Exc = -46.6995680432     Coul =  418.756535310    
                              N = 47.998948542    
                            current damping = 0.600
 
          Norm of current diis error: 0.27259E-01
          max. resid. norm for Fia-block=  2.185D-03 for orbital      8a         
          max. resid. fock norm         =  2.734D-03 for orbital     11a         

 ITERATION  ENERGY          1e-ENERGY        2e-ENERGY     NORM[dD(SAO)]  TOL
   8  -379.66570961732    -988.26486572     372.10898031    0.499D-02 0.667D-11
                            Exc = -46.7071478774     Coul =  418.816128189    
                              N = 47.998946429    
                            current damping = 0.650
 
          Norm of current diis error: 0.13032E-01
          max. resid. norm for Fia-block=  7.350D-04 for orbital     19a         
          max. resid. fock norm         =  7.833D-04 for orbital     19a         

 ITERATION  ENERGY          1e-ENERGY        2e-ENERGY     NORM[dD(SAO)]  TOL
   9  -379.66572323548    -988.26416993     372.10827090    0.120D-02 0.657D-11
                            Exc = -46.7062706316     Coul =  418.814541534    
                              N = 47.998946019    
                            current damping = 0.700
 
          Norm of current diis error: 0.36996E-02
          max. resid. norm for Fia-block=  3.156D-04 for orbital     19a         
          max. resid. fock norm         =  4.009D-04 for orbital     62a         

 ITERATION  ENERGY          1e-ENERGY        2e-ENERGY     NORM[dD(SAO)]  TOL
  10  -379.66572423947    -988.25600421     372.10010418    0.249D-03 0.647D-11
                            Exc = -46.7054294094     Coul =  418.805533592    
                              N = 47.998945139    
                            current damping = 0.550
 
          Norm of current diis error: 0.22994E-02
          max. resid. norm for Fia-block=  1.406D-04 for orbital     16a         
          max. resid. fock norm         =  2.066D-04 for orbital     13a         
          mo-orthogonalization: Cholesky decomposition

 ITERATION  ENERGY          1e-ENERGY        2e-ENERGY     NORM[dD(SAO)]  TOL
  11  -379.66572447811    -988.25927503     372.10337476    0.846D-04 0.636D-11
                            Exc = -46.7058733335     Coul =  418.809248098    
                              N = 47.998945462    
                            current damping = 0.600
 
          Norm of current diis error: 0.15386E-02
          max. resid. norm for Fia-block=  8.896D-05 for orbital     22a         
          max. resid. fock norm         =  1.145D-04 for orbital     22a         

 ITERATION  ENERGY          1e-ENERGY        2e-ENERGY     NORM[dD(SAO)]  TOL
  12  -379.66572461174    -988.26250904     372.10660864    0.229D-04 0.629D-11
                            Exc = -46.7062655537     Coul =  418.812874193    
                              N = 47.998945208    
                            current damping = 0.450
 
          Norm of current diis error: 0.68047E-03
          max. resid. norm for Fia-block=  3.700D-05 for orbital     20a         
          max. resid. fock norm         =  4.407D-05 for orbital     19a         

 ITERATION  ENERGY          1e-ENERGY        2e-ENERGY     NORM[dD(SAO)]  TOL
  13  -379.66572463943    -988.26053520     372.10463477    0.735D-05 0.621D-11
                            Exc = -46.7059873017     Coul =  418.810622073    
                              N = 47.998945206    
                            current damping = 0.500
 
          Norm of current diis error: 0.33579E-03
          max. resid. norm for Fia-block=  1.472D-05 for orbital     17a         
          max. resid. fock norm         =  2.227D-05 for orbital     12a         

 ENERGY CONVERGED !

          Overall gridpoints after grid construction =         51842

 ITERATION  ENERGY          1e-ENERGY        2e-ENERGY     NORM[dD(SAO)]  TOL
  14  -379.66527940053    -988.26031345     372.10485826    0.214D-05 0.611D-11
                            Exc = -46.7055467087     Coul =  418.810404964    
                              N = 47.999896657    
                            current damping = 0.550
 
          Norm of current diis error: 0.85737E-04
          max. resid. norm for Fia-block=  6.060D-06 for orbital     24a         
          max. resid. fock norm         =  7.540D-06 for orbital     24a         

 End of SCF iterations

   convergence criteria satisfied after    14 iterations


                  ------------------------------------------ 
                 |  total energy      =   -379.66527940053  |
                  ------------------------------------------ 
                 :  kinetic energy    =    377.48870506090  :
                 :  potential energy  =   -757.15398446142  :
                 :  virial theorem    =      1.99426712302  :
                 :  wavefunction norm =      1.00000000000  :
                  .......................................... 


 <geterg> : there is no data group $energy 


 orbitals $scfmo  will be written to file mos

    irrep                 20a         21a         22a         23a         24a   
 eigenvalues H         -0.34477    -0.31058    -0.29913    -0.27903    -0.26673
            eV          -9.3818     -8.4515     -8.1399     -7.5929     -7.2582
 occupation              2.0000      2.0000      2.0000      2.0000      2.0000

    irrep                 25a         26a         27a         28a         29a   
 eigenvalues H         -0.06521    -0.05390    -0.00760     0.00163     0.01633
            eV          -1.7745     -1.4666     -0.2069      0.0444      0.4443
 
 
 
 
 ==============================================================================
                           electrostatic moments
 ==============================================================================

 reference point for electrostatic moments:    0.00000   0.00000   0.00000

 
              nuc           elec       ->  total
 ------------------------------------------------------------------------------
                          charge      
 ------------------------------------------------------------------------------
          48.000000     -48.000000      -0.000000
 
 ------------------------------------------------------------------------------
                       dipole moment  
 ------------------------------------------------------------------------------
   x    -226.199219     226.194075      -0.005144
   y    -114.362261     114.360997      -0.001263
   z     250.494576    -250.498201      -0.003624
 
   | dipole moment | =     0.0064 a.u. =     0.0163 debye 
 
 ------------------------------------------------------------------------------
                     quadrupole moment
 ------------------------------------------------------------------------------
  xx    1233.969336   -1259.752619     -25.783283
  yy     516.307498    -542.874800     -26.567302
  zz    1463.411638   -1487.652847     -24.241210
  xy     605.791261    -601.570668       4.220593
  xz   -1336.941114    1336.411485      -0.529629
  yz    -706.629512     703.345439      -3.284073
 
     1/3  trace=     -25.530598
     anisotropy=       9.530940
 
 ==============================================================================
 
HOMO-LUMO Separation
 HOMO         :   -0.26673238 H =     -7.25816 eV
 LUMO         :   -0.06520937 H =     -1.77444 eV
 HOMO-LUMO gap:    0.20152301 H =     +5.48372 eV
 
 ==============================================================================


    ------------------------------------------------------------------------
         total  cpu-time :   8.56 seconds
         total wall-time :  1 minutes and 19 seconds
    ------------------------------------------------------------------------

   ****  ridft : all done  ****


    2023-06-04 16:42:00.552 

