
  ========================================================================
                license information 
 Customer : 200000000058156
 ID       : LKO1924661

 License file is VALID, continuing with full version
  ========================================================================

   OpenMP run-time library returned nthreads =  2

 ridft (c04) : TURBOMOLE rev. V7-6 27 Oct 2021 at 10:11:12 compiled Oct 27th 2021
 Copyright (C) 2021 TURBOMOLE GmbH, Karlsruhe


    2023-06-22 16:55:37.139 



                                  r i d f t

                        DFT program with RI approximation 
                                for coulomb part 




                                                 
                                 References:     
                                                 
          TURBOMOLE:                             
              R. Ahlrichs, M. Baer, M. Haeser, H. Horn, and
              C. Koelmel
              Electronic structure calculations on workstation
              computers: the program system TURBOMOLE
              Chem. Phys. Lett. 162: 165 (1989)
          Density Functional:                              
              O. Treutler and R. Ahlrichs                      
              Efficient Molecular Numerical Integration Schemes
              J. Chem. Phys. 102: 346 (1995)                   
          Parallel Version:                                
              Performance of parallel TURBOMOLE for Density    
              Functional Calculations                          
              M. v. Arnim and R. Ahlrichs                      
              J. Comp. Chem. 19: 1746 (1998)                   
          RI-J Method:                                     
              Auxiliary Basis Sets to approximate Coulomb      
              Potentials                                       
              Chem. Phys. Lett. 240: 283 (1995)                
              K. Eichkorn, O. Treutler, H. Oehm, M. Haeser     
              and R. Ahlrichs                                  
              Chem. Phys. Lett. 242: 652 (1995)                
                                                           
              Auxiliary Basis Sets for Main Row Atoms and their
              Use to approximate Coulomb Potentials            
              K. Eichkorn, F. Weigend, O. Treutler and         
              R. Ahlrichs                                      
              Theo. Chem. Acc. 97: 119 (1997)                   
                                                           
              Accurate Coulomb-fitting basis sets for H to Rn 
              F. Weigend                                        
              Phys. Chem. Chem. Phys. 8: 1057 (2006)            
                                                           
          Multipole accelerated RI-J (MARI-J):             
              Fast evaluation of the Coulomb potential for     
              electron densities using multipole accelerated   
              resolution of identity approximation             
              M. Sierka, A. Hogekamp and R. Ahlrichs           
              J. Chem. Phys. 118: 9136 (2003)                  
          RI-JK Method:                                     
              A fully direct RI-HF algorithm: Implementation,
              optimised auxiliary basis sets, demonstration of
              accuracy and efficiency                         
              F. Weigend                                      
              Phys. Chem. Chem. Phys. 4: 4285 (2002)           
          Two-component HF and DFT with spin-orbit coupling:  
              Self-consistent treatment of spin-orbit         
              interactions with efficient Hartree-Fock and    
              density functional methods                      
              M. K. Armbruster, F. Weigend, C. van Wüllen and 
              W. Klopper                                      
              Phys. Chem. Chem. Phys. 10: 1748 (2008)         
          Two-component difference density and DIIS algorithm 
              Efficient two-component self-consistent field   
              procedures and gradients: implementation in     
              TURBOMOLE and application to Au20-              
              A. Baldes, F. Weigend                           
              Mol. Phys. 111: 2617 (2013)                     
          Relativistic all-electron 2c calculations           
              An efficient implementation of two-component    
              relativistic exact-decoupling methods for large 
              molecules                                       
              D. Peng, N. Middendorf, F. Weigend, M. Reiher   
              J. Chem. Phys. 138: 184105 (2013)               
          Finite nucleus model and SNSO approximation         
              Efficient implementation of one- and two-       
              component analytical energy gradients in exact  
              two-component theory                            
              Y. J. Franzke, N. Middendorf, F. Weigend        
              J. Chem. Phys. 148: 104110 (2018)               
          Grids for all-electron relativistic methods         
              Error-consistent segmented contracted all-      
              electron relativistic basis sets of double-     
              and triple-zeta quality for NMR shielding       
              constants                                       
              Y. J. Franzke, R. Tress, T. M. Pazdera,         
              F. Weigend                                      
              Phys. Chem. Chem. Phys. 21: 166658 (2019)       
          Seminumerical exchange algorithms                   
              Seminumerical calculation of the Hartree-Fock   
              exchange matirx: Application to two-component   
              procedures and efficient evaluation of local    
              hybrid functionsl                               
               P. Plessow, F. Weigend,                        
              J. Comput. Chem. 33: 810 (2012)                 
          Improved seminumerical algorithms                   
              C. Holzer,                                      
              J. Chem. Phys. 153 (2020), 184115               
                                         





          OpenMP Shared-Memory Parallelization:  2 CPUs.

            By: Christof Holzer and Yannick J. Franzke


              +--------------------------------------------------+
              |      general information about current run       |
              +--------------------------------------------------+

 
 PW6B95 global meta hybrid functional
 code by Stefan Grimme, University of Muenster
 Zhao and Truhlar, J Phys Chem A, 109, 25, 2005, 5656.
 A Hybrid-DFT calculation using the RI-J approximation will be carried out.
 Allocatable memory for RI due to $ricore (MB):                   500


              +--------------------------------------------------+
              | Atomic coordinate, charge and isotop information |
              +--------------------------------------------------+

                    atomic coordinates            atom    charge  isotop
         -3.78360776   10.70841087   -7.09393739    c      6.000     0
         -5.01948486    9.75766132   -4.76159961    c      6.000     0
         -6.85437491    7.72637392   -4.93100978    c      6.000     0
         -6.32712054    5.83768714   -6.90250813    o      8.000     0
         -5.55869365    6.75924799   -9.09990623    c      6.000     0
         -4.87431610    9.45585883   -9.45824744    c      6.000     0
         -1.75447087   10.28431854   -7.02891947    h      1.000     0
         -3.92208878   12.77889308   -7.25843993    h      1.000     0
         -4.38103333   10.40229792   -2.94891006    h      1.000     0
         -8.72405671    8.39314299   -5.53399682    h      1.000     0
         -7.07062572    6.68206591   -3.16457505    h      1.000     0
         -6.24948681    5.71657837  -10.72288807    h      1.000     0
         -6.61558723   10.47349902   -9.97550894    h      1.000     0
         -3.58552855    9.64964646  -11.05955600    h      1.000     0
 
       center of nuclear mass  :   -5.43571951    8.34245861   -7.05096028
       center of nuclear charge:   -5.42310230    8.42450559   -7.06480570

  Keyword $basis  missing in file <control>

              read basis sets from /software/cluster/turbomole76/basen/
              (basis sets have been saved in file basis)

              +--------------------------------------------------+
              |               basis set information              |
              +--------------------------------------------------+

              we will work with the 1s 3p 5d 7f 9g ... basis set
              ...i.e. with spherical basis functions...

   type   atoms  prim   cont   basis
   ---------------------------------------------------------------------------
    c        5     46     31   def2-TZVP   [5s3p2d1f|11s6p2d1f]
    o        1     46     31   def2-TZVP   [5s3p2d1f|11s6p2d1f]
    h        8      8      6   def2-TZVP   [3s1p|5s1p]
   ---------------------------------------------------------------------------
   total:   14    340    234
   ---------------------------------------------------------------------------

   total number of primitive shells          :   46
   total number of contracted shells         :   98
   total number of cartesian basis functions :  264
   total number of SCF-basis functions       :  234


 integral neglect threshold       :  0.13E-10
 integral storage threshold THIZE :  0.10E-04
 integral storage threshold THIME :         5

 RI-J AUXILIARY BASIS SET information:

              assign orbital basis set names as defaults
              read basis sets from /software/cluster/turbomole76/jbasen/
              (basis sets have been saved in file auxbasis)

              we will work with the 1s 3p 5d 7f 9g ... basis set
              ...i.e. with spherical basis functions...

   type   atoms  prim   cont   basis
   ---------------------------------------------------------------------------
    c        5     70     49   def2-TZVP   [6s4p3d1f1g|12s5p4d2f1g]
    o        1     70     49   def2-TZVP   [6s4p3d1f1g|12s5p4d2f1g]
    h        8     16     11   def2-TZVP   [3s1p1d|5s2p1d]
   ---------------------------------------------------------------------------
   total:   14    548    382
   ---------------------------------------------------------------------------

   total number of primitive shells          :   56
   total number of contracted shells         :  130
   total number of cartesian basis functions :  462
   total number of SCF-basis functions       :  382


 symmetry group of the molecule :   c1 

 the group has the following generators :
   c1(z)

    1 symmetry operations found

 there are 1 real representations :   a   

 maximum number of shells which are related by symmetry :  1

  
           ------------------
           density functional
           ------------------
 PW6B95 global meta hybrid functional
 code by Stefan Grimme, University of Muenster
 Zhao and Truhlar, J Phys Chem A, 109, 25, 2005, 5656.

 iterations will be done with small grid
  
 spherical integration : Lebedev's spherical grid
 spherical gridsize    :                     3
    i.e. gridpoints    :                   302
 value for diffuse not defined
 radial integration    : Chebyshev 2nd kind (scaling 3)
 radial gridsize       :                     3
 integration cells     :                    14
 partition function    : becke
 partition sharpness   :                     3
  

 biggest AO integral is expected to be     7.998976882

          ------------------------
          nuclear repulsion energy  :   239.724716037    
          ------------------------

  _________________________________
 |                                 |
 |         DFTD3 V3.1 Rev 0        |
 | S.Grimme, University Bonn       |
 |            June  2014           |
 |   see standalone version        |
 |       dftd3 -h for options      |
 |_________________________________|
 
 Please cite DFT-D3 work done with this code as:
 S. Grimme, J. Antony, S. Ehrlich and H. Krieg,
 J. Chem. Phys, 132 (2010), 154104.
 If used with BJ-damping cite also
 S. Grimme, S. Ehrlich and L. Goerigk,
 J. Comput. Chem. 32 (2011), 1456-1465
 For DFT-D2 the reference is
 S. Grimme, J. Comput. Chem., 27 (2006), 1787-1799
 
C6 coefficients used:
                     2  C6 for element                      1
Z=  1 CN= 0.912     C6(AA)=    3.03
Z=  1 CN= 0.000     C6(AA)=    7.59
                     5  C6 for element                      6
Z=  6 CN= 0.000     C6(AA)=   49.11
Z=  6 CN= 0.987     C6(AA)=   43.25
Z=  6 CN= 1.998     C6(AA)=   29.36
Z=  6 CN= 2.999     C6(AA)=   25.78
Z=  6 CN= 3.984     C6(AA)=   18.21
                     3  C6 for element                      8
Z=  8 CN= 0.000     C6(AA)=   15.51
Z=  8 CN= 0.993     C6(AA)=   12.82
Z=  8 CN= 1.989     C6(AA)=   10.37

#           XYZ [au]              R0(AA) [Ang.]  CN          C6(AA)     C8(AA)   C10(AA) [au]
  1  -3.78361  10.70841  -7.09394   c   0.295  4.054        18.3       528.8     18735.7
  2  -5.01948   9.75766  -4.76160   c   0.295  3.077        25.5       737.7     26135.2
  3  -6.85437   7.72637  -4.93101   c   0.295  4.090        18.3       528.3     18716.3
  4  -6.32712   5.83769  -6.90251   o   0.247  2.025        10.4       209.9      5189.6
  5  -5.55869   6.75925  -9.09991   c   0.295  3.122        25.4       733.7     25995.9
  6  -4.87432   9.45586  -9.45825   c   0.295  4.055        18.3       528.8     18735.5
  7  -1.75447  10.28432  -7.02892   h   0.191  1.003         3.1        37.3       553.0
  8  -3.92209  12.77889  -7.25844   h   0.191  1.000         3.1        37.4       553.2
  9  -4.38103  10.40230  -2.94891   h   0.191  1.002         3.1        37.3       553.1
 10  -8.72406   8.39314  -5.53400   h   0.191  1.001         3.1        37.4       553.1
 11  -7.07063   6.68207  -3.16458   h   0.191  1.000         3.1        37.4       553.2
 12  -6.24949   5.71658 -10.72289   h   0.191  1.000         3.1        37.4       553.2
 13  -6.61559  10.47350  -9.97551   h   0.191  1.003         3.1        37.3       553.0
 14  -3.58553   9.64965 -11.05956   h   0.191  1.002         3.1        37.3       553.0

molecular C6(AA) [au] =      1604.34

           DFT-D V3(BJ)
 DF pw6b95                                            
 parameters
 s6       :    1.0000
 s8       :    0.7257
 a1       :    0.2076
 a2       :    6.3750
 k1-k3    :   16.0000    1.3333   -4.0000
 
 Edisp /kcal,au:    -3.2958 -0.00525224

 E6    /kcal :    -2.5497
 E8    /kcal :    -0.7462
 % E8        : 22.64
 nuclear repulsion energy                  =     239.724716037
  DFT-D3 Energy contribution               =      -0.005252244
 nuclear repulsion + dispersion correction =     239.719463793


         -----------------
         -S,T+V- integrals
         -----------------

 1e-integrals will be neglected if expon. factor < 0.126589E-11
 
   Difference densities algorithm switched on.
   The maximal number of linear combinations of
   difference densities is                    20 .

 DIIS switched on: error vector is FDS-SDF
 Max. Iterations for DIIS is     :   4
 DIIS matrix (see manual) 
    Scaling factor of diagonals  :  1.200
    threshold for scaling factor :  0.000

 scf convergence criterion : increment of total energy < .1000000D-06
                  and increment of one-electron energy < .1000000D-03

 MOs are in ASCII format !

  missing closed shell occupation number declaration

 No input with occupation numbers/open-shell information found

 start vectors will be provided by an EHT guess

 The EHT guess will be determined for:
   molecular charge   :    0
   number of electrons:   46
   S_z eigenvalue     :    0
 
 virtual MOs provided and orthogonalized by Cholesky decomposition

 automatic virtual orbital shift switched on 
      shift if e(lumo)-e(homo) < 0.10000000    

  
           ------------------------
               RI-J - INFORMATION
           ------------------------
 Contributions to RI integral batches: 
  neglected integral batches:                   214
  direct contribution:                            0
  memory contribution:                  4637
 Memory core needed for (P|Q) and Cholesky      2 MByte
 Memory core minimum needed except of (P|Q)     1 MByte
 Total minimum memory core needed (sum)         2 MByte
  
 ****************************************
 Memory allocated for RI-J   123 MByte
 ****************************************
                                            

 dump of DSCF restart information has been disabled !


 Starting SCF iterations

          Overall gridpoints after grid construction =         17248

 ITERATION  ENERGY          1e-ENERGY        2e-ENERGY     NORM[dD(SAO)]  TOL
   1  -269.84134998704    -832.24593409     322.68512031    0.000D+00 0.126D-10
                            Exc = -28.1350952343     Coul =  360.944325850    
                            exK = -10.1241103065    
                              N = 46.001362163    
                            current damping = 0.700
 
          max. resid. norm for Fia-block=  3.061D-01 for orbital      1a         
          max. resid. fock norm         =  1.008D+01 for orbital    126a         

 ITERATION  ENERGY          1e-ENERGY        2e-ENERGY     NORM[dD(SAO)]  TOL
   2  -270.61200053935    -837.36792559     327.03646126    0.826D+00 0.850D-11
                            Exc = -28.4452285451      Eck =  355.481689807    
                              N = 46.001233337    
                            current damping = 0.650
 
          Norm of current diis error:  2.0464    
          max. resid. norm for Fia-block=  1.445D-01 for orbital      1a         
          max. resid. fock norm         =  1.564D-01 for orbital    182a         

 ITERATION  ENERGY          1e-ENERGY        2e-ENERGY     NORM[dD(SAO)]  TOL
   3  -270.77199563308    -839.07246077     328.58100135    0.486D+00 0.612D-11
                            Exc = -28.6153329315      Eck =  357.196334279    
                              N = 46.001189216    
                            current damping = 0.550
 
          Norm of current diis error:  1.0151    
          max. resid. norm for Fia-block=  5.582D-02 for orbital      1a         
          max. resid. fock norm         =  6.285D-02 for orbital    233a         

 ITERATION  ENERGY          1e-ENERGY        2e-ENERGY     NORM[dD(SAO)]  TOL
   4  -270.83083431484    -839.63122549     329.08092738    0.251D+00 0.526D-11
                            Exc = -28.6608093604      Eck =  357.741736741    
                              N = 46.001119668    
                            current damping = 0.400
 
          Norm of current diis error: 0.40534    
          max. resid. norm for Fia-block=  2.691D-02 for orbital      7a         
          max. resid. fock norm         =  3.440D-02 for orbital     11a         

 ITERATION  ENERGY          1e-ENERGY        2e-ENERGY     NORM[dD(SAO)]  TOL
   5  -270.84371992592    -840.38572914     329.82254542    0.134D+00 0.480D-11
                            Exc = -28.7264905248      Eck =  358.549035942    
                              N = 46.001076029    
                            current damping = 0.300
 
          Norm of current diis error: 0.20016    
          max. resid. norm for Fia-block=  1.254D-02 for orbital     22a         
          max. resid. fock norm         =  1.901D-02 for orbital    229a         
          irrep a   : virtual orbitals shifted by    0.00200
          mo-orthogonalization: Cholesky decomposition

 ITERATION  ENERGY          1e-ENERGY        2e-ENERGY     NORM[dD(SAO)]  TOL
   6  -270.84615949462    -840.14265394     329.57703065    0.833D-01 0.453D-11
                            Exc = -28.7111067862      Eck =  358.288137434    
                              N = 46.001017822    
                            current damping = 0.350
 
          Norm of current diis error: 0.11621    
          max. resid. norm for Fia-block=  9.165D-03 for orbital     23a         
          max. resid. fock norm         =  9.660D-03 for orbital     23a         
          irrep a   : virtual orbitals shifted by    0.00918

 ITERATION  ENERGY          1e-ENERGY        2e-ENERGY     NORM[dD(SAO)]  TOL
   7  -270.84588749350    -840.32628717     329.76093588    0.757D-01 0.439D-11
                            Exc = -28.7243636084      Eck =  358.485299489    
                              N = 46.000986439    
                            current damping = 0.400
 
          Norm of current diis error: 0.16657    
          max. resid. norm for Fia-block=  1.946D-03 for orbital     22a         
          max. resid. fock norm         =  4.553D-03 for orbital    233a         
          irrep a   : virtual orbitals shifted by    0.00501

 ITERATION  ENERGY          1e-ENERGY        2e-ENERGY     NORM[dD(SAO)]  TOL
   8  -270.84666111730    -840.35419791     329.78807300    0.963D-02 0.433D-11
                            Exc = -28.7269845731      Eck =  358.515057575    
                              N = 46.000986665    
                            current damping = 0.250
 
          Norm of current diis error: 0.11425    
          max. resid. norm for Fia-block=  2.337D-03 for orbital     23a         
          max. resid. fock norm         =  4.950D-03 for orbital    233a         
          irrep a   : virtual orbitals shifted by    0.01373

 ITERATION  ENERGY          1e-ENERGY        2e-ENERGY     NORM[dD(SAO)]  TOL
   9  -270.84732766174    -840.35419512     329.78740366    0.233D-02 0.422D-11
                            Exc = -28.7273808145      Eck =  358.514784479    
                              N = 46.000992833    
                            current damping = 0.300
 
          Norm of current diis error: 0.28431E-01
          max. resid. norm for Fia-block=  1.093D-03 for orbital      7a         
          max. resid. fock norm         =  1.754D-03 for orbital    233a         
          irrep a   : virtual orbitals shifted by    0.01044

 ITERATION  ENERGY          1e-ENERGY        2e-ENERGY     NORM[dD(SAO)]  TOL
  10  -270.84733882602    -840.31230417     329.74550155    0.152D-02 0.416D-11
                            Exc = -28.7241923427      Eck =  358.469693892    
                              N = 46.000986736    
                            current damping = 0.150
 
          Norm of current diis error: 0.25537E-01
          max. resid. norm for Fia-block=  6.679D-04 for orbital     22a         
          max. resid. fock norm         =  1.382D-03 for orbital    233a         
          irrep a   : virtual orbitals shifted by    0.02019
          mo-orthogonalization: Cholesky decomposition

 ITERATION  ENERGY          1e-ENERGY        2e-ENERGY     NORM[dD(SAO)]  TOL
  11  -270.84737297819    -840.30618521     329.73934844    0.610D-03 0.402D-11
                            Exc = -28.7240324823      Eck =  358.463380922    
                              N = 46.000986954    
                            current damping = 0.050
 
          Norm of current diis error: 0.17222E-02
          max. resid. norm for Fia-block=  1.573D-04 for orbital     23a         
          max. resid. fock norm         =  2.377D-04 for orbital    229a         
          irrep a   : virtual orbitals shifted by    0.02720

 ITERATION  ENERGY          1e-ENERGY        2e-ENERGY     NORM[dD(SAO)]  TOL
  12  -270.84737295880    -840.31556214     329.74872539    0.597D-03 0.398D-11
                            Exc = -28.7244646522      Eck =  358.473190045    
                              N = 46.000986581    
                            current damping = 0.100
 
          Norm of current diis error: 0.30263E-02
          max. resid. norm for Fia-block=  5.111D-05 for orbital     22a         
          max. resid. fock norm         =  9.801D-05 for orbital    229a         
          irrep a   : virtual orbitals shifted by    0.02370

 ITERATION  ENERGY          1e-ENERGY        2e-ENERGY     NORM[dD(SAO)]  TOL
  13  -270.84737324531    -840.31278135     329.74594431    0.183D-03 0.395D-11
                            Exc = -28.7243535158      Eck =  358.470297828    
                              N = 46.000986359    
                            current damping = 0.150
 
          Norm of current diis error: 0.18646E-02
          max. resid. norm for Fia-block=  5.078D-05 for orbital     22a         
          max. resid. fock norm         =  8.889D-05 for orbital    229a         
          irrep a   : virtual orbitals shifted by    0.02019

 ITERATION  ENERGY          1e-ENERGY        2e-ENERGY     NORM[dD(SAO)]  TOL
  14  -270.84737341183    -840.31033276     329.74349555    0.355D-04 0.391D-11
                            Exc = -28.7242017520      Eck =  358.467697305    
                              N = 46.000986315    
                            current damping = 0.050
 
          Norm of current diis error: 0.61970E-03
          max. resid. norm for Fia-block=  4.832D-05 for orbital      7a         
          max. resid. fock norm         =  6.697D-05 for orbital     22a         
          irrep a   : virtual orbitals shifted by    0.02713

 ITERATION  ENERGY          1e-ENERGY        2e-ENERGY     NORM[dD(SAO)]  TOL
  15  -270.84737340674    -840.31163688     329.74479968    0.461D-04 0.388D-11
                            Exc = -28.7243221313      Eck =  358.469121815    
                              N = 46.000986415    
                            current damping = 0.100
 
          Norm of current diis error: 0.73432E-03
          max. resid. norm for Fia-block=  2.196D-05 for orbital      7a         
          max. resid. fock norm         =  3.026D-05 for orbital     22a         
          irrep a   : virtual orbitals shifted by    0.02367
          mo-orthogonalization: Cholesky decomposition

 ITERATION  ENERGY          1e-ENERGY        2e-ENERGY     NORM[dD(SAO)]  TOL
  16  -270.84737342899    -840.31068528     329.74384806    0.106D-04 0.385D-11
                            Exc = -28.7242525047      Eck =  358.468100565    
                              N = 46.000986306    
                            current damping = 0.150
 
          Norm of current diis error: 0.30267E-03
          max. resid. norm for Fia-block=  8.425D-06 for orbital     22a         
          max. resid. fock norm         =  1.420D-05 for orbital     22a         
          irrep a   : virtual orbitals shifted by    0.02019

 ENERGY CONVERGED !

          Overall gridpoints after grid construction =         65040

 ITERATION  ENERGY          1e-ENERGY        2e-ENERGY     NORM[dD(SAO)]  TOL
  17  -270.84763035321    -840.31075016     329.74365601    0.744D-05 0.383D-11
                            Exc = -28.7245055946      Eck =  358.468161604    
                              N = 46.000092510    
                            current damping = 0.200
 
          Norm of current diis error: 0.49358E-04
          max. resid. norm for Fia-block=  2.527D-06 for orbital     23a         
          max. resid. fock norm         =  4.578D-06 for orbital    233a         

 End of SCF iterations

   convergence criteria satisfied after    17 iterations


                  ------------------------------------------ 
                 |  total energy      =   -270.84763035321  |
                  ------------------------------------------ 
                 :  kinetic energy    =    269.66244576717  :
                 :  potential energy  =   -540.51007612038  :
                 :  virial theorem    =      1.99562416483  :
                 :  wavefunction norm =      1.00000000000  :
                  .......................................... 


 <geterg> : there is no data group $energy 


 orbitals $scfmo  will be written to file mos

    irrep                 19a         20a         21a         22a         23a   
 eigenvalues H         -0.39253    -0.36636    -0.34726    -0.33094    -0.14557
            eV         -10.6814     -9.9692     -9.4495     -9.0053     -3.9613
 occupation              2.0000      2.0000      2.0000      2.0000      2.0000

    irrep                 24a         25a         26a         27a         28a   
 eigenvalues H         -0.07617     0.03692     0.07271     0.08166     0.09158
            eV          -2.0728      1.0047      1.9785      2.2221      2.4919
 
 
 
 
 ==============================================================================
                           electrostatic moments
 ==============================================================================

 reference point for electrostatic moments:    0.00000   0.00000   0.00000

 
              nuc           elec       ->  total
 ------------------------------------------------------------------------------
                          charge      
 ------------------------------------------------------------------------------
          46.000000     -46.000000      -0.000000
 
 ------------------------------------------------------------------------------
                       dipole moment  
 ------------------------------------------------------------------------------
   x    -249.462706     249.261580      -0.201126
   y     387.527257    -387.375182       0.152075
   z    -324.981062     324.384698      -0.596364
 
   | dipole moment | =     0.6475 a.u. =     1.6457 debye 
 
 ------------------------------------------------------------------------------
                     quadrupole moment
 ------------------------------------------------------------------------------
  xx    1426.603468   -1451.760205     -25.156737
  yy    3428.565256   -3455.885906     -27.320650
  zz    2486.858463   -2504.094724     -17.236261
  xy   -2026.010602    2023.976453      -2.034148
  xz    1733.777873   -1729.465402       4.312471
  yz   -2726.986863    2720.332375      -6.654488
 
     1/3  trace=     -23.237882
     anisotropy=      16.899935
 
 ==============================================================================
 
HOMO-LUMO Separation
 HOMO         :   -0.14557312 H =     -3.96125 eV
 LUMO         :   -0.07617303 H =     -2.07277 eV
 HOMO-LUMO gap:    0.06940009 H =     +1.88847 eV
 
 ==============================================================================


    ------------------------------------------------------------------------
         total  cpu-time :  1 minutes and 49 seconds
         total wall-time :  54.52 seconds
    ------------------------------------------------------------------------

   ****  ridft : all done  ****


    2023-06-22 16:56:31.633 

 ridft ended normally
