
  ========================================================================
                license information 
 Customer : 200000000058156
 ID       : LKO1924661

 License file is VALID, continuing with full version
  ========================================================================

   OpenMP run-time library returned nthreads =  2

 ridft (c04) : TURBOMOLE rev. V7-6 27 Oct 2021 at 10:11:12 compiled Oct 27th 2021
 Copyright (C) 2021 TURBOMOLE GmbH, Karlsruhe


    2023-06-06 11:13:26.934 



                                  r i d f t

                        DFT program with RI approximation 
                                for coulomb part 




                                                 
                                 References:     
                                                 
          TURBOMOLE:                             
              R. Ahlrichs, M. Baer, M. Haeser, H. Horn, and
              C. Koelmel
              Electronic structure calculations on workstation
              computers: the program system TURBOMOLE
              Chem. Phys. Lett. 162: 165 (1989)
          Density Functional:                              
              O. Treutler and R. Ahlrichs                      
              Efficient Molecular Numerical Integration Schemes
              J. Chem. Phys. 102: 346 (1995)                   
          Parallel Version:                                
              Performance of parallel TURBOMOLE for Density    
              Functional Calculations                          
              M. v. Arnim and R. Ahlrichs                      
              J. Comp. Chem. 19: 1746 (1998)                   
          RI-J Method:                                     
              Auxiliary Basis Sets to approximate Coulomb      
              Potentials                                       
              Chem. Phys. Lett. 240: 283 (1995)                
              K. Eichkorn, O. Treutler, H. Oehm, M. Haeser     
              and R. Ahlrichs                                  
              Chem. Phys. Lett. 242: 652 (1995)                
                                                           
              Auxiliary Basis Sets for Main Row Atoms and their
              Use to approximate Coulomb Potentials            
              K. Eichkorn, F. Weigend, O. Treutler and         
              R. Ahlrichs                                      
              Theo. Chem. Acc. 97: 119 (1997)                   
                                                           
              Accurate Coulomb-fitting basis sets for H to Rn 
              F. Weigend                                        
              Phys. Chem. Chem. Phys. 8: 1057 (2006)            
                                                           
          Multipole accelerated RI-J (MARI-J):             
              Fast evaluation of the Coulomb potential for     
              electron densities using multipole accelerated   
              resolution of identity approximation             
              M. Sierka, A. Hogekamp and R. Ahlrichs           
              J. Chem. Phys. 118: 9136 (2003)                  
          RI-JK Method:                                     
              A fully direct RI-HF algorithm: Implementation,
              optimised auxiliary basis sets, demonstration of
              accuracy and efficiency                         
              F. Weigend                                      
              Phys. Chem. Chem. Phys. 4: 4285 (2002)           
          Two-component HF and DFT with spin-orbit coupling:  
              Self-consistent treatment of spin-orbit         
              interactions with efficient Hartree-Fock and    
              density functional methods                      
              M. K. Armbruster, F. Weigend, C. van Wüllen and 
              W. Klopper                                      
              Phys. Chem. Chem. Phys. 10: 1748 (2008)         
          Two-component difference density and DIIS algorithm 
              Efficient two-component self-consistent field   
              procedures and gradients: implementation in     
              TURBOMOLE and application to Au20-              
              A. Baldes, F. Weigend                           
              Mol. Phys. 111: 2617 (2013)                     
          Relativistic all-electron 2c calculations           
              An efficient implementation of two-component    
              relativistic exact-decoupling methods for large 
              molecules                                       
              D. Peng, N. Middendorf, F. Weigend, M. Reiher   
              J. Chem. Phys. 138: 184105 (2013)               
          Finite nucleus model and SNSO approximation         
              Efficient implementation of one- and two-       
              component analytical energy gradients in exact  
              two-component theory                            
              Y. J. Franzke, N. Middendorf, F. Weigend        
              J. Chem. Phys. 148: 104110 (2018)               
          Grids for all-electron relativistic methods         
              Error-consistent segmented contracted all-      
              electron relativistic basis sets of double-     
              and triple-zeta quality for NMR shielding       
              constants                                       
              Y. J. Franzke, R. Tress, T. M. Pazdera,         
              F. Weigend                                      
              Phys. Chem. Chem. Phys. 21: 166658 (2019)       
          Seminumerical exchange algorithms                   
              Seminumerical calculation of the Hartree-Fock   
              exchange matirx: Application to two-component   
              procedures and efficient evaluation of local    
              hybrid functionsl                               
               P. Plessow, F. Weigend,                        
              J. Comput. Chem. 33: 810 (2012)                 
          Improved seminumerical algorithms                   
              C. Holzer,                                      
              J. Chem. Phys. 153 (2020), 184115               
                                         





          OpenMP Shared-Memory Parallelization:  2 CPUs.

            By: Christof Holzer and Yannick J. Franzke


              +--------------------------------------------------+
              |      general information about current run       |
              +--------------------------------------------------+

 
 Becke-3-Parameter hybrid functional: B3-LYP
 exchange:    0.8*LDA + 0.72*B88 + 0.2*HF
 correlation: 0.19*LDA(VWN) + 0.81*LYP
 A Hybrid-DFT calculation using the RI-J approximation will be carried out.
 Allocatable memory for RI due to $ricore (MB):                   500


              +--------------------------------------------------+
              | Atomic coordinate, charge and isotop information |
              +--------------------------------------------------+

                    atomic coordinates            atom    charge  isotop
         -6.93701212    2.62853580   -0.01229616    o      8.000     0
         -5.10709449    2.70441948    0.01542964    h      1.000     0
         -7.47075492    4.27431785    0.58878543    h      1.000     0
 
       center of nuclear mass  :   -6.86449030    2.72486412    0.02288603
       center of nuclear charge:   -6.80739464    2.80070238    0.05058458

  Keyword $basis  missing in file <control>

              read basis sets from /software/cluster/turbomole76/basen/
              (basis sets have been saved in file basis)

              +--------------------------------------------------+
              |               basis set information              |
              +--------------------------------------------------+

              we will work with the 1s 3p 5d 7f 9g ... basis set
              ...i.e. with spherical basis functions...

   type   atoms  prim   cont   basis
   ---------------------------------------------------------------------------
    o        1     46     31   def2-TZVP   [5s3p2d1f|11s6p2d1f]
    h        2      8      6   def2-TZVP   [3s1p|5s1p]
   ---------------------------------------------------------------------------
   total:    3     62     43
   ---------------------------------------------------------------------------

   total number of primitive shells          :   26
   total number of contracted shells         :   19
   total number of cartesian basis functions :   48
   total number of SCF-basis functions       :   43


 integral neglect threshold       :  0.69E-10
 integral storage threshold THIZE :  0.10E-04
 integral storage threshold THIME :         5

 RI-J AUXILIARY BASIS SET information:

              assign orbital basis set names as defaults
              read basis sets from /software/cluster/turbomole76/jbasen/
              (basis sets have been saved in file auxbasis)

              we will work with the 1s 3p 5d 7f 9g ... basis set
              ...i.e. with spherical basis functions...

   type   atoms  prim   cont   basis
   ---------------------------------------------------------------------------
    o        1     70     49   def2-TZVP   [6s4p3d1f1g|12s5p4d2f1g]
    h        2     16     11   def2-TZVP   [3s1p1d|5s2p1d]
   ---------------------------------------------------------------------------
   total:    3    102     71
   ---------------------------------------------------------------------------

   total number of primitive shells          :   32
   total number of contracted shells         :   25
   total number of cartesian basis functions :   85
   total number of SCF-basis functions       :   71


 symmetry group of the molecule :   c1 

 the group has the following generators :
   c1(z)

    1 symmetry operations found

 there are 1 real representations :   a   

 maximum number of shells which are related by symmetry :  1

  
           ------------------
           density functional
           ------------------
 Becke-3-Parameter hybrid functional: B3-LYP
 exchange:    0.8*LDA + 0.72*B88 + 0.2*HF
 correlation: 0.19*LDA(VWN) + 0.81*LYP

 iterations will be done with small grid
  
 spherical integration : Lebedev's spherical grid
 spherical gridsize    :                     3
    i.e. gridpoints    :                   302
 value for diffuse not defined
 radial integration    : Chebyshev 2nd kind (scaling 3)
 radial gridsize       :                     3
 integration cells     :                     3
 partition function    : becke
 partition sharpness   :                     3
  

 biggest AO integral is expected to be     7.998976882

          ------------------------
          nuclear repulsion energy  :   9.08071954140    
          ------------------------

  _________________________________
 |                                 |
 |         DFTD3 V3.1 Rev 0        |
 | S.Grimme, University Bonn       |
 |            June  2014           |
 |   see standalone version        |
 |       dftd3 -h for options      |
 |_________________________________|
 
 Please cite DFT-D3 work done with this code as:
 S. Grimme, J. Antony, S. Ehrlich and H. Krieg,
 J. Chem. Phys, 132 (2010), 154104.
 If used with BJ-damping cite also
 S. Grimme, S. Ehrlich and L. Goerigk,
 J. Comput. Chem. 32 (2011), 1456-1465
 For DFT-D2 the reference is
 S. Grimme, J. Comput. Chem., 27 (2006), 1787-1799
 
C6 coefficients used:
                     2  C6 for element                      1
Z=  1 CN= 0.912     C6(AA)=    3.03
Z=  1 CN= 0.000     C6(AA)=    7.59
                     3  C6 for element                      8
Z=  8 CN= 0.000     C6(AA)=   15.51
Z=  8 CN= 0.993     C6(AA)=   12.82
Z=  8 CN= 1.989     C6(AA)=   10.37

#           XYZ [au]              R0(AA) [Ang.]  CN          C6(AA)     C8(AA)   C10(AA) [au]
  1  -6.93701   2.62854  -0.01230   o   0.473  1.985        10.4       210.2      5195.3
  2  -5.10709   2.70442   0.01543   h   0.366  0.994         3.1        37.4       553.8
  3  -7.47075   4.27432   0.58879   h   0.366  0.994         3.1        37.4       553.8

molecular C6(AA) [au] =        44.54

           DFT-D V3(BJ)
 DF b3-lyp                                            
 parameters
 s6       :    1.0000
 s8       :    1.9889
 a1       :    0.3981
 a2       :    4.4211
 k1-k3    :   16.0000    1.3333   -4.0000
 
 Edisp /kcal,au:    -0.3601 -0.00057388

 E6    /kcal :    -0.1969
 E8    /kcal :    -0.1632
 % E8        : 45.32
 nuclear repulsion energy                  =       9.080719541
  DFT-D3 Energy contribution               =      -0.000573876
 nuclear repulsion + dispersion correction =       9.080145666


         -----------------
         -S,T+V- integrals
         -----------------

 1e-integrals will be neglected if expon. factor < 0.696242E-11
 
   Difference densities algorithm switched on.
   The maximal number of linear combinations of
   difference densities is                    20 .

 DIIS switched on: error vector is FDS-SDF
 Max. Iterations for DIIS is     :   4
 DIIS matrix (see manual) 
    Scaling factor of diagonals  :  1.200
    threshold for scaling factor :  0.000

 scf convergence criterion : increment of total energy < .1000000D-06
                  and increment of one-electron energy < .1000000D-03

 MOs are in ASCII format !

  missing closed shell occupation number declaration

 No input with occupation numbers/open-shell information found

 start vectors will be provided by an EHT guess

 The EHT guess will be determined for:
   molecular charge   :    0
   number of electrons:   10
   S_z eigenvalue     :    0
 
 virtual MOs provided and orthogonalized by Cholesky decomposition

 automatic virtual orbital shift switched on 
      shift if e(lumo)-e(homo) < 0.10000000    

  
           ------------------------
               RI-J - INFORMATION
           ------------------------
 Contributions to RI integral batches: 
  neglected integral batches:                     0
  direct contribution:                            0
  memory contribution:                   190
 Memory core needed for (P|Q) and Cholesky      1 MByte
 Memory core minimum needed except of (P|Q)     1 MByte
 Total minimum memory core needed (sum)         1 MByte
  
 ****************************************
 Memory allocated for RI-J     1 MByte
 ****************************************
                                            

 dump of DSCF restart information has been disabled !


 Starting SCF iterations

          Overall gridpoints after grid construction =          3532

 ITERATION  ENERGY          1e-ENERGY        2e-ENERGY     NORM[dD(SAO)]  TOL
   1  -76.189929557888    -124.25954231     38.989467083    0.000D+00 0.694D-10
                            Exc = -7.65089548459     Coul =  48.4622563492    
                            exK = -1.82189378201    
                              N = 10.000000496    
                            current damping = 0.700
 
          max. resid. norm for Fia-block=  2.948D-01 for orbital      3a         
          max. resid. fock norm         =  1.527D+01 for orbital     42a         

 ITERATION  ENERGY          1e-ENERGY        2e-ENERGY     NORM[dD(SAO)]  TOL
   2  -76.380529081868    -123.12758674     37.666911995    0.256D+00 0.460D-10
                            Exc = -7.51562760196      Eck =  45.1825395973    
                              N = 10.000013197    
                            current damping = 0.650
 
          Norm of current diis error: 0.83389    
          max. resid. norm for Fia-block=  1.322D-01 for orbital      1a         
          max. resid. fock norm         =  1.355D-01 for orbital      1a         

 ITERATION  ENERGY          1e-ENERGY        2e-ENERGY     NORM[dD(SAO)]  TOL
   3  -76.415003593035    -123.18314626     37.687997006    0.117D+00 0.347D-10
                            Exc = -7.53303553507      Eck =  45.2210325408    
                              N = 10.000007758    
                            current damping = 0.600
 
          Norm of current diis error: 0.37675    
          max. resid. norm for Fia-block=  5.361D-02 for orbital      1a         
          max. resid. fock norm         =  5.577D-02 for orbital      1a         

 ITERATION  ENERGY          1e-ENERGY        2e-ENERGY     NORM[dD(SAO)]  TOL
   4  -76.424653476137    -122.89868849     37.393889346    0.507D-01 0.290D-10
                            Exc = -7.50722388482      Eck =  44.9011132307    
                              N = 10.000013205    
                            current damping = 0.650
 
          Norm of current diis error: 0.13754    
          max. resid. norm for Fia-block=  2.058D-02 for orbital      2a         
          max. resid. fock norm         =  2.233D-02 for orbital      6a         

 ITERATION  ENERGY          1e-ENERGY        2e-ENERGY     NORM[dD(SAO)]  TOL
   5  -76.426168068612    -122.94805079     37.441737054    0.135D-01 0.266D-10
                            Exc = -7.51564553339      Eck =  44.9573825877    
                              N = 10.000015690    
                            current damping = 0.700
 
          Norm of current diis error: 0.59300E-01
          max. resid. norm for Fia-block=  8.640D-03 for orbital      4a         
          max. resid. fock norm         =  8.718D-03 for orbital      6a         
          mo-orthogonalization: Cholesky decomposition

 ITERATION  ENERGY          1e-ENERGY        2e-ENERGY     NORM[dD(SAO)]  TOL
   6  -76.426510039256    -122.90237265     37.395716945    0.294D-02 0.251D-10
                            Exc = -7.51170323504      Eck =  44.9074201796    
                              N = 10.000017753    
                            current damping = 0.750
 
          Norm of current diis error: 0.24170E-01
          max. resid. norm for Fia-block=  3.629D-03 for orbital      2a         
          max. resid. fock norm         =  4.083D-03 for orbital      6a         

 ITERATION  ENERGY          1e-ENERGY        2e-ENERGY     NORM[dD(SAO)]  TOL
   7  -76.426568554015    -122.90816682     37.401452602    0.396D-03 0.242D-10
                            Exc = -7.51284701609      Eck =  44.9142996177    
                              N = 10.000018514    
                            current damping = 0.800
 
          Norm of current diis error: 0.10648E-01
          max. resid. norm for Fia-block=  1.651D-03 for orbital      4a         
          max. resid. fock norm         =  1.751D-03 for orbital      6a         

 ITERATION  ENERGY          1e-ENERGY        2e-ENERGY     NORM[dD(SAO)]  TOL
   8  -76.426581160170    -122.90401887     37.397292049    0.616D-04 0.234D-10
                            Exc = -7.51259719323      Eck =  44.9098892421    
                              N = 10.000018947    
                            current damping = 0.850
 
          Norm of current diis error: 0.48137E-02
          max. resid. norm for Fia-block=  7.314D-04 for orbital      3a         
          max. resid. fock norm         =  8.300D-04 for orbital      6a         

 ITERATION  ENERGY          1e-ENERGY        2e-ENERGY     NORM[dD(SAO)]  TOL
   9  -76.426583687525    -122.90459734     37.397867987    0.725D-05 0.228D-10
                            Exc = -7.51275567468      Eck =  44.9106236614    
                              N = 10.000019125    
                            current damping = 0.900
 
          Norm of current diis error: 0.22442E-02
          max. resid. norm for Fia-block=  3.750D-04 for orbital      4a         
          max. resid. fock norm         =  3.806D-04 for orbital      4a         

 ITERATION  ENERGY          1e-ENERGY        2e-ENERGY     NORM[dD(SAO)]  TOL
  10  -76.426584268465    -122.90353677     37.396806836    0.258D-05 0.222D-10
                            Exc = -7.51267989876      Eck =  44.9094867346    
                              N = 10.000019223    
                            current damping = 0.950
 
          Norm of current diis error: 0.10912E-02
          max. resid. norm for Fia-block=  1.797D-04 for orbital      3a         
          max. resid. fock norm         =  1.917D-04 for orbital      6a         
          mo-orthogonalization: Cholesky decomposition

 ITERATION  ENERGY          1e-ENERGY        2e-ENERGY     NORM[dD(SAO)]  TOL
  11  -76.426584394778    -122.90394130     37.397211243    0.133D-05 0.216D-10
                            Exc = -7.51274452572      Eck =  44.9099557683    
                              N = 10.000019260    
                            current damping = 1.000
 
          Norm of current diis error: 0.53371E-03
          max. resid. norm for Fia-block=  9.381D-05 for orbital      4a         
          max. resid. fock norm         =  9.497D-05 for orbital      4a         

 ENERGY CONVERGED !

          Overall gridpoints after grid construction =         13740

 ITERATION  ENERGY          1e-ENERGY        2e-ENERGY     NORM[dD(SAO)]  TOL
  12  -76.426548431533    -122.90363496     37.396940863    0.157D-06 0.213D-10
                            Exc = -7.51268378206      Eck =  44.9096246446    
                              N = 9.9999995470    
                            current damping = 1.050
 
          Norm of current diis error: 0.27081E-03
          max. resid. norm for Fia-block=  4.182D-05 for orbital      4a         
          max. resid. fock norm         =  4.641D-05 for orbital      6a         

 End of SCF iterations

   convergence criteria satisfied after    12 iterations


                  ------------------------------------------ 
                 |  total energy      =    -76.42654843153  |
                  ------------------------------------------ 
                 :  kinetic energy    =     76.14267249697  :
                 :  potential energy  =   -152.56922092850  :
                 :  virial theorem    =      1.99628563712  :
                 :  wavefunction norm =      1.00000000000  :
                  .......................................... 


 <geterg> : there is no data group $energy 


 orbitals $scfmo  will be written to file mos

    irrep                  1a          2a          3a          4a          5a   
 eigenvalues H        -19.12516    -1.00842    -0.52799    -0.38814    -0.31258
            eV        -520.4262    -27.4408    -14.3676    -10.5619     -8.5057
 occupation              2.0000      2.0000      2.0000      2.0000      2.0000

    irrep                  6a          7a          8a          9a         10a   
 eigenvalues H          0.01522     0.09025     0.35635     0.40774     0.42790
            eV           0.4141      2.4558      9.6967     11.0953     11.6439
 
 
 
 
 ==============================================================================
                           electrostatic moments
 ==============================================================================

 reference point for electrostatic moments:    0.00000   0.00000   0.00000

 
              nuc           elec       ->  total
 ------------------------------------------------------------------------------
                          charge      
 ------------------------------------------------------------------------------
          10.000000     -10.000000       0.000000
 
 ------------------------------------------------------------------------------
                       dipole moment  
 ------------------------------------------------------------------------------
   x     -68.073946      68.546222       0.472276
   y      28.007024     -27.379702       0.627322
   z       0.505846      -0.276979       0.228867
 
   | dipole moment | =     0.8179 a.u. =     2.0789 debye 
 
 ------------------------------------------------------------------------------
                     quadrupole moment
 ------------------------------------------------------------------------------
  xx     466.871691    -477.035266     -10.163575
  yy      80.857282     -81.727610      -0.870328
  zz       0.348116      -5.808150      -5.460034
  xy    -191.617585     188.030370      -3.587215
  xz      -3.795084       2.027415      -1.767668
  yz       2.299817      -1.164223       1.135594
 
     1/3  trace=      -5.497979
     anisotropy=      10.799239
 
 ==============================================================================
 
HOMO-LUMO Separation
 HOMO         :   -0.31257645 H =     -8.50564 eV
 LUMO         :    0.01521856 H =     +0.41412 eV
 HOMO-LUMO gap:    0.32779502 H =     +8.91976 eV
 
 ==============================================================================


    ------------------------------------------------------------------------
         total  cpu-time :   4.99 seconds
         total wall-time :  1 minutes and 12 seconds
    ------------------------------------------------------------------------

   ****  ridft : all done  ****


    2023-06-06 11:14:36.576 

