
  ========================================================================
                license information 
 Customer : 200000000058156
 ID       : LKO1924661

 License file is VALID, continuing with full version
  ========================================================================

   OpenMP run-time library returned nthreads =  2

 ridft (c04) : TURBOMOLE rev. V7-6 27 Oct 2021 at 10:11:12 compiled Oct 27th 2021
 Copyright (C) 2021 TURBOMOLE GmbH, Karlsruhe


    2023-06-15 21:21:52.549 



                                  r i d f t

                        DFT program with RI approximation 
                                for coulomb part 




                                                 
                                 References:     
                                                 
          TURBOMOLE:                             
              R. Ahlrichs, M. Baer, M. Haeser, H. Horn, and
              C. Koelmel
              Electronic structure calculations on workstation
              computers: the program system TURBOMOLE
              Chem. Phys. Lett. 162: 165 (1989)
          Density Functional:                              
              O. Treutler and R. Ahlrichs                      
              Efficient Molecular Numerical Integration Schemes
              J. Chem. Phys. 102: 346 (1995)                   
          Parallel Version:                                
              Performance of parallel TURBOMOLE for Density    
              Functional Calculations                          
              M. v. Arnim and R. Ahlrichs                      
              J. Comp. Chem. 19: 1746 (1998)                   
          RI-J Method:                                     
              Auxiliary Basis Sets to approximate Coulomb      
              Potentials                                       
              Chem. Phys. Lett. 240: 283 (1995)                
              K. Eichkorn, O. Treutler, H. Oehm, M. Haeser     
              and R. Ahlrichs                                  
              Chem. Phys. Lett. 242: 652 (1995)                
                                                           
              Auxiliary Basis Sets for Main Row Atoms and their
              Use to approximate Coulomb Potentials            
              K. Eichkorn, F. Weigend, O. Treutler and         
              R. Ahlrichs                                      
              Theo. Chem. Acc. 97: 119 (1997)                   
                                                           
              Accurate Coulomb-fitting basis sets for H to Rn 
              F. Weigend                                        
              Phys. Chem. Chem. Phys. 8: 1057 (2006)            
                                                           
          Multipole accelerated RI-J (MARI-J):             
              Fast evaluation of the Coulomb potential for     
              electron densities using multipole accelerated   
              resolution of identity approximation             
              M. Sierka, A. Hogekamp and R. Ahlrichs           
              J. Chem. Phys. 118: 9136 (2003)                  
          RI-JK Method:                                     
              A fully direct RI-HF algorithm: Implementation,
              optimised auxiliary basis sets, demonstration of
              accuracy and efficiency                         
              F. Weigend                                      
              Phys. Chem. Chem. Phys. 4: 4285 (2002)           
          Two-component HF and DFT with spin-orbit coupling:  
              Self-consistent treatment of spin-orbit         
              interactions with efficient Hartree-Fock and    
              density functional methods                      
              M. K. Armbruster, F. Weigend, C. van Wüllen and 
              W. Klopper                                      
              Phys. Chem. Chem. Phys. 10: 1748 (2008)         
          Two-component difference density and DIIS algorithm 
              Efficient two-component self-consistent field   
              procedures and gradients: implementation in     
              TURBOMOLE and application to Au20-              
              A. Baldes, F. Weigend                           
              Mol. Phys. 111: 2617 (2013)                     
          Relativistic all-electron 2c calculations           
              An efficient implementation of two-component    
              relativistic exact-decoupling methods for large 
              molecules                                       
              D. Peng, N. Middendorf, F. Weigend, M. Reiher   
              J. Chem. Phys. 138: 184105 (2013)               
          Finite nucleus model and SNSO approximation         
              Efficient implementation of one- and two-       
              component analytical energy gradients in exact  
              two-component theory                            
              Y. J. Franzke, N. Middendorf, F. Weigend        
              J. Chem. Phys. 148: 104110 (2018)               
          Grids for all-electron relativistic methods         
              Error-consistent segmented contracted all-      
              electron relativistic basis sets of double-     
              and triple-zeta quality for NMR shielding       
              constants                                       
              Y. J. Franzke, R. Tress, T. M. Pazdera,         
              F. Weigend                                      
              Phys. Chem. Chem. Phys. 21: 166658 (2019)       
          Seminumerical exchange algorithms                   
              Seminumerical calculation of the Hartree-Fock   
              exchange matirx: Application to two-component   
              procedures and efficient evaluation of local    
              hybrid functionsl                               
               P. Plessow, F. Weigend,                        
              J. Comput. Chem. 33: 810 (2012)                 
          Improved seminumerical algorithms                   
              C. Holzer,                                      
              J. Chem. Phys. 153 (2020), 184115               
                                         





          OpenMP Shared-Memory Parallelization:  2 CPUs.

            By: Christof Holzer and Yannick J. Franzke


              +--------------------------------------------------+
              |      general information about current run       |
              +--------------------------------------------------+

 

 DENSITY CONVERGENCE CHECK SWITCHED ON !
 SCF CONVERGENCE IF RMS(delta[D]) <     0.1000000000E-06

 A HF calculation using the RI-J approximation will be carried out.
 Allocatable memory for RI due to $ricore (MB):                   500


              +--------------------------------------------------+
              | Atomic coordinate, charge and isotop information |
              +--------------------------------------------------+

                    atomic coordinates            atom    charge  isotop
         -9.99007888    3.53381119    0.08465484    c      6.000     0
        -10.52829682    5.74763566    0.06020965    o      8.000     0
         -7.62786358    2.58447761   -0.19655375    o      8.000     0
        -11.32935918    1.96461150    0.33784956    h      1.000     0
         -6.49043994    4.02639327   -0.41585220    h      1.000     0
 
       center of nuclear mass  :   -9.30871367    3.94979222   -0.02701189
       center of nuclear charge:   -9.29206482    3.91044908   -0.02753444

  Keyword $basis  missing in file <control>

              read basis sets from /software/cluster/turbomole76/basen/
              (basis sets have been saved in file basis)

              +--------------------------------------------------+
              |               basis set information              |
              +--------------------------------------------------+

              we will work with the 1s 3p 5d 7f 9g ... basis set
              ...i.e. with spherical basis functions...

   type   atoms  prim   cont   basis
   ---------------------------------------------------------------------------
    c        1     43     23   aug-cc-pVDZ   [4s3p2d|18s5p2d]
    o        2     43     23   aug-cc-pVDZ   [4s3p2d|18s5p2d]
    h        2     11      9   aug-cc-pVDZ   [3s2p|5s2p]
   ---------------------------------------------------------------------------
   total:    5    151     87
   ---------------------------------------------------------------------------

   total number of primitive shells          :   57
   total number of contracted shells         :   37
   total number of cartesian basis functions :   93
   total number of SCF-basis functions       :   87


 integral neglect threshold       :  0.36E-10
 integral storage threshold THIZE :  0.10E-04
 integral storage threshold THIME :         5

 RI-J AUXILIARY BASIS SET information:

              assign orbital basis set names as defaults
              read basis sets from /software/cluster/turbomole76/jbasen/
              (basis sets have been saved in file auxbasis)

              we will work with the 1s 3p 5d 7f 9g ... basis set
              ...i.e. with spherical basis functions...

   type   atoms  prim   cont   basis
   ---------------------------------------------------------------------------
    c        1     70     49   aug-cc-pVDZ   [6s4p3d1f1g|12s5p4d2f1g]
    o        2     70     49   aug-cc-pVDZ   [6s4p3d1f1g|12s5p4d2f1g]
    h        2     16     11   aug-cc-pVDZ   [3s1p1d|5s2p1d]
   ---------------------------------------------------------------------------
   total:    5    242    169
   ---------------------------------------------------------------------------

   total number of primitive shells          :   56
   total number of contracted shells         :   55
   total number of cartesian basis functions :  207
   total number of SCF-basis functions       :  169


 symmetry group of the molecule :   c1 

 the group has the following generators :
   c1(z)

    1 symmetry operations found

 there are 1 real representations :   a   

 maximum number of shells which are related by symmetry :  1


 biggest AO integral is expected to be     4.738267915

          ------------------------
          nuclear repulsion energy  :   69.7604228050    
          ------------------------


         -----------------
         -S,T+V- integrals
         -----------------

 1e-integrals will be neglected if expon. factor < 0.359351E-11
 
   Difference densities algorithm switched on.
   The maximal number of linear combinations of
   difference densities is                    20 .

 DIIS switched on: error vector is FDS-SDF
 Max. Iterations for DIIS is     :   5
 DIIS matrix (see manual) 
    Scaling factor of diagonals  :  1.200
    threshold for scaling factor :  0.000

 scf convergence criterion : increment of total energy < .1000000D-06
                  and increment of one-electron energy < .1000000D-03

 MOs are in ASCII format !

  missing closed shell occupation number declaration

 No input with occupation numbers/open-shell information found

 start vectors will be provided by an EHT guess

 The EHT guess will be determined for:
   molecular charge   :    0
   number of electrons:   24
   S_z eigenvalue     :    0
 
 virtual MOs provided and orthogonalized by Cholesky decomposition

 automatic virtual orbital shift switched on 
      shift if e(lumo)-e(homo) < 0.10000000    

  
           ------------------------
               RI-J - INFORMATION
           ------------------------
 Contributions to RI integral batches: 
  neglected integral batches:                     0
  direct contribution:                            0
  memory contribution:                   703
 Memory core needed for (P|Q) and Cholesky      1 MByte
 Memory core minimum needed except of (P|Q)     1 MByte
 Total minimum memory core needed (sum)         1 MByte
  
 ****************************************
 Memory allocated for RI-J     8 MByte
 ****************************************
                                            

 dump of DSCF restart information has been disabled !


 Starting SCF iterations


 ITERATION  ENERGY          1e-ENERGY        2e-ENERGY     RMS[dD(SAO)]   TOL
   1  -187.98887048040    -396.07406060     138.32476732    0.000D+00 0.358D-10
                            exK = -22.4822705045     Coul =  160.807037824    
                            current damping = 0.300
 
          max. resid. norm for Fia-block=  3.908D-01 for orbital     11a         
          max. resid. fock norm         =  1.519D+00 for orbital     54a         

 ITERATION  ENERGY          1e-ENERGY        2e-ENERGY     RMS[dD(SAO)]   TOL
   2  -188.73532395457    -396.37066152     137.87491476    0.179D-01 0.237D-10
                            current damping = 0.250
 
          Norm of current diis error: 0.91324    
          max. resid. norm for Fia-block=  1.225D-01 for orbital      2a         
          max. resid. fock norm         =  2.008D-01 for orbital     59a         

 ITERATION  ENERGY          1e-ENERGY        2e-ENERGY     RMS[dD(SAO)]   TOL
   3  -188.78516248590    -397.21409194     138.66850664    0.505D-02 0.199D-10
                            current damping = 0.200
 
          Norm of current diis error: 0.32171    
          max. resid. norm for Fia-block=  3.849D-02 for orbital     10a         
          max. resid. fock norm         =  3.927D-02 for orbital     10a         

 ITERATION  ENERGY          1e-ENERGY        2e-ENERGY     RMS[dD(SAO)]   TOL
   4  -188.79470972725    -396.95798968     138.40285715    0.259D-02 0.170D-10
                            current damping = 0.250
 
          Norm of current diis error: 0.10470    
          max. resid. norm for Fia-block=  1.507D-02 for orbital     10a         
          max. resid. fock norm         =  2.071D-02 for orbital     10a         

 ITERATION  ENERGY          1e-ENERGY        2e-ENERGY     RMS[dD(SAO)]   TOL
   5  -188.79580809965    -397.03919073     138.48295982    0.939D-03 0.156D-10
                            current damping = 0.300
 
          Norm of current diis error: 0.33745E-01
          max. resid. norm for Fia-block=  5.128D-03 for orbital     10a         
          max. resid. fock norm         =  5.388D-03 for orbital     11a         
          mo-orthogonalization: Cholesky decomposition

 ITERATION  ENERGY          1e-ENERGY        2e-ENERGY     RMS[dD(SAO)]   TOL
   6  -188.79596825889    -397.03897185     138.48258078    0.349D-03 0.146D-10
                            current damping = 0.350
 
          Norm of current diis error: 0.14161E-01
          max. resid. norm for Fia-block=  2.993D-03 for orbital     10a         
          max. resid. fock norm         =  3.595D-03 for orbital     10a         

 ITERATION  ENERGY          1e-ENERGY        2e-ENERGY     RMS[dD(SAO)]   TOL
   7  -188.79600079062    -397.03404017     138.47761658    0.151D-03 0.139D-10
                            current damping = 0.200
 
          Norm of current diis error: 0.63959E-02
          max. resid. norm for Fia-block=  1.360D-03 for orbital     10a         
          max. resid. fock norm         =  1.426D-03 for orbital     10a         

 ITERATION  ENERGY          1e-ENERGY        2e-ENERGY     RMS[dD(SAO)]   TOL
   8  -188.79601038168    -397.03653277     138.48009959    0.866D-04 0.131D-10
                            current damping = 0.250
 
          Norm of current diis error: 0.26662E-02
          max. resid. norm for Fia-block=  6.455D-04 for orbital     11a         
          max. resid. fock norm         =  6.886D-04 for orbital     10a         

 ITERATION  ENERGY          1e-ENERGY        2e-ENERGY     RMS[dD(SAO)]   TOL
   9  -188.79601224004    -397.03613419     138.47969914    0.350D-04 0.123D-10
                            current damping = 0.300
 
          Norm of current diis error: 0.11701E-02
          max. resid. norm for Fia-block=  3.620D-04 for orbital     11a         
          max. resid. fock norm         =  3.663D-04 for orbital     11a         

 ITERATION  ENERGY          1e-ENERGY        2e-ENERGY     RMS[dD(SAO)]   TOL
  10  -188.79601263710    -397.03625344     138.47981799    0.152D-04 0.117D-10
                            current damping = 0.350
 
          Norm of current diis error: 0.55315E-03
          max. resid. norm for Fia-block=  1.709D-04 for orbital     11a         
          max. resid. fock norm         =  1.709D-04 for orbital     11a         
          mo-orthogonalization: Cholesky decomposition

 ITERATION  ENERGY          1e-ENERGY        2e-ENERGY     RMS[dD(SAO)]   TOL
  11  -188.79601272165    -397.03633053     138.47989501    0.709D-05 0.111D-10
                            current damping = 0.200
 
          Norm of current diis error: 0.23090E-03
          max. resid. norm for Fia-block=  8.273D-05 for orbital     11a         
          max. resid. fock norm         =  8.399D-05 for orbital     11a         

 ITERATION  ENERGY          1e-ENERGY        2e-ENERGY     RMS[dD(SAO)]   TOL
  12  -188.79601273761    -397.03631211     138.47987657    0.331D-05 0.105D-10
                            current damping = 0.250
 
          Norm of current diis error: 0.94626E-04
          max. resid. norm for Fia-block=  2.679D-05 for orbital     12a         
          max. resid. fock norm         =  3.068D-05 for orbital     12a         

 ITERATION  ENERGY          1e-ENERGY        2e-ENERGY     RMS[dD(SAO)]   TOL
  13  -188.79601273958    -397.03633381     138.47989827    0.118D-05 0.102D-10
                            current damping = 0.300
 
          Norm of current diis error: 0.32011E-04
          max. resid. norm for Fia-block=  8.461D-06 for orbital     11a         
          max. resid. fock norm         =  8.895D-06 for orbital     11a         

 ENERGY & DENSITY CONVERGED !


 ITERATION  ENERGY          1e-ENERGY        2e-ENERGY     RMS[dD(SAO)]   TOL
  14  -188.79601273949    -397.03632896     138.47989341    0.317D-06 0.102D-10
                            current damping = 0.350
 
          Norm of current diis error: 0.14509E-04
          max. resid. norm for Fia-block=  3.620D-06 for orbital     12a         
          max. resid. fock norm         =  3.972D-06 for orbital     12a         

 End of SCF iterations

   convergence criteria satisfied after    14 iterations


                  ------------------------------------------ 
                 |  total energy      =   -188.79601273949  |
                  ------------------------------------------ 
                 :  kinetic energy    =    188.40613552788  :
                 :  potential energy  =   -377.20214826737  :
                 :  virial theorem    =      1.99793492878  :
                 :  wavefunction norm =      1.00000000000  :
                  .......................................... 


 <geterg> : there is no data group $energy 


 orbitals $scfmo  will be written to file mos

    irrep                  8a          9a         10a         11a         12a   
 eigenvalues H         -0.71485    -0.63530    -0.60659    -0.49780    -0.47503
            eV         -19.4522    -17.2876    -16.5062    -13.5458    -12.9262
 occupation              2.0000      2.0000      2.0000      2.0000      2.0000

    irrep                 13a         14a         15a         16a         17a   
 eigenvalues H          0.03696     0.04449     0.08634     0.09473     0.12295
            eV           1.0057      1.2107      2.3494      2.5778      3.3457
 
 
 
 
 ==============================================================================
                           electrostatic moments
 ==============================================================================

 reference point for electrostatic moments:    0.00000   0.00000   0.00000

 
              nuc           elec       ->  total
 ------------------------------------------------------------------------------
                          charge      
 ------------------------------------------------------------------------------
          24.000000     -24.000000       0.000000
 
 ------------------------------------------------------------------------------
                       dipole moment  
 ------------------------------------------------------------------------------
   x    -223.009556     223.356778       0.347222
   y      93.850778     -94.423696      -0.572918
   z      -0.660826       0.638827      -0.021999
 
   | dipole moment | =     0.6703 a.u. =     1.7037 debye 
 
 ------------------------------------------------------------------------------
                     quadrupole moment
 ------------------------------------------------------------------------------
  xx    2121.524941   -2139.238434     -17.713494
  yy     412.717191    -432.285266     -19.568075
  zz       0.668143     -13.324489     -12.656347
  xy    -902.024023     912.033955      10.009932
  xz       0.720235      -0.872419      -0.152184
  yz      -0.511121       0.090231      -0.420890
 
     1/3  trace=     -16.645972
     anisotropy=      18.427974
 
 ==============================================================================
 
HOMO-LUMO Separation
 HOMO         :   -0.47502670 H =    -12.92614 eV
 LUMO         :    0.03695730 H =     +1.00566 eV
 HOMO-LUMO gap:    0.51198400 H =    +13.93180 eV
 
 ==============================================================================


    ------------------------------------------------------------------------
         total  cpu-time :   7.14 seconds
         total wall-time :  12.81 seconds
    ------------------------------------------------------------------------

   ****  ridft : all done  ****


    2023-06-15 21:22:05.334 

