
  ========================================================================
                license information 
 Customer : 200000000058156
 ID       : LKO1924661

 License file is VALID, continuing with full version
  ========================================================================

   OpenMP run-time library returned nthreads =  2

 ridft (c04) : TURBOMOLE rev. V7-6 27 Oct 2021 at 10:11:12 compiled Oct 27th 2021
 Copyright (C) 2021 TURBOMOLE GmbH, Karlsruhe


    2023-06-15 21:21:52.613 



                                  r i d f t

                        DFT program with RI approximation 
                                for coulomb part 




                                                 
                                 References:     
                                                 
          TURBOMOLE:                             
              R. Ahlrichs, M. Baer, M. Haeser, H. Horn, and
              C. Koelmel
              Electronic structure calculations on workstation
              computers: the program system TURBOMOLE
              Chem. Phys. Lett. 162: 165 (1989)
          Density Functional:                              
              O. Treutler and R. Ahlrichs                      
              Efficient Molecular Numerical Integration Schemes
              J. Chem. Phys. 102: 346 (1995)                   
          Parallel Version:                                
              Performance of parallel TURBOMOLE for Density    
              Functional Calculations                          
              M. v. Arnim and R. Ahlrichs                      
              J. Comp. Chem. 19: 1746 (1998)                   
          RI-J Method:                                     
              Auxiliary Basis Sets to approximate Coulomb      
              Potentials                                       
              Chem. Phys. Lett. 240: 283 (1995)                
              K. Eichkorn, O. Treutler, H. Oehm, M. Haeser     
              and R. Ahlrichs                                  
              Chem. Phys. Lett. 242: 652 (1995)                
                                                           
              Auxiliary Basis Sets for Main Row Atoms and their
              Use to approximate Coulomb Potentials            
              K. Eichkorn, F. Weigend, O. Treutler and         
              R. Ahlrichs                                      
              Theo. Chem. Acc. 97: 119 (1997)                   
                                                           
              Accurate Coulomb-fitting basis sets for H to Rn 
              F. Weigend                                        
              Phys. Chem. Chem. Phys. 8: 1057 (2006)            
                                                           
          Multipole accelerated RI-J (MARI-J):             
              Fast evaluation of the Coulomb potential for     
              electron densities using multipole accelerated   
              resolution of identity approximation             
              M. Sierka, A. Hogekamp and R. Ahlrichs           
              J. Chem. Phys. 118: 9136 (2003)                  
          RI-JK Method:                                     
              A fully direct RI-HF algorithm: Implementation,
              optimised auxiliary basis sets, demonstration of
              accuracy and efficiency                         
              F. Weigend                                      
              Phys. Chem. Chem. Phys. 4: 4285 (2002)           
          Two-component HF and DFT with spin-orbit coupling:  
              Self-consistent treatment of spin-orbit         
              interactions with efficient Hartree-Fock and    
              density functional methods                      
              M. K. Armbruster, F. Weigend, C. van Wüllen and 
              W. Klopper                                      
              Phys. Chem. Chem. Phys. 10: 1748 (2008)         
          Two-component difference density and DIIS algorithm 
              Efficient two-component self-consistent field   
              procedures and gradients: implementation in     
              TURBOMOLE and application to Au20-              
              A. Baldes, F. Weigend                           
              Mol. Phys. 111: 2617 (2013)                     
          Relativistic all-electron 2c calculations           
              An efficient implementation of two-component    
              relativistic exact-decoupling methods for large 
              molecules                                       
              D. Peng, N. Middendorf, F. Weigend, M. Reiher   
              J. Chem. Phys. 138: 184105 (2013)               
          Finite nucleus model and SNSO approximation         
              Efficient implementation of one- and two-       
              component analytical energy gradients in exact  
              two-component theory                            
              Y. J. Franzke, N. Middendorf, F. Weigend        
              J. Chem. Phys. 148: 104110 (2018)               
          Grids for all-electron relativistic methods         
              Error-consistent segmented contracted all-      
              electron relativistic basis sets of double-     
              and triple-zeta quality for NMR shielding       
              constants                                       
              Y. J. Franzke, R. Tress, T. M. Pazdera,         
              F. Weigend                                      
              Phys. Chem. Chem. Phys. 21: 166658 (2019)       
          Seminumerical exchange algorithms                   
              Seminumerical calculation of the Hartree-Fock   
              exchange matirx: Application to two-component   
              procedures and efficient evaluation of local    
              hybrid functionsl                               
               P. Plessow, F. Weigend,                        
              J. Comput. Chem. 33: 810 (2012)                 
          Improved seminumerical algorithms                   
              C. Holzer,                                      
              J. Chem. Phys. 153 (2020), 184115               
                                         





          OpenMP Shared-Memory Parallelization:  2 CPUs.

            By: Christof Holzer and Yannick J. Franzke


              +--------------------------------------------------+
              |      general information about current run       |
              +--------------------------------------------------+

 

 DENSITY CONVERGENCE CHECK SWITCHED ON !
 SCF CONVERGENCE IF RMS(delta[D]) <     0.1000000000E-06

 A HF calculation using the RI-J approximation will be carried out.
 Allocatable memory for RI due to $ricore (MB):                   500


              +--------------------------------------------------+
              | Atomic coordinate, charge and isotop information |
              +--------------------------------------------------+

                    atomic coordinates            atom    charge  isotop
         -9.99007888    3.53381119    0.08465484    c      6.000     0
        -10.52829682    5.74763566    0.06020965    o      8.000     0
         -7.62786358    2.58447761   -0.19655375    o      8.000     0
        -11.32935918    1.96461150    0.33784956    h      1.000     0
         -6.49043994    4.02639327   -0.41585220    h      1.000     0
 
       center of nuclear mass  :   -9.30871367    3.94979222   -0.02701189
       center of nuclear charge:   -9.29206482    3.91044908   -0.02753444

  Keyword $basis  missing in file <control>

              read basis sets from /software/cluster/turbomole76/basen/
              (basis sets have been saved in file basis)

              +--------------------------------------------------+
              |               basis set information              |
              +--------------------------------------------------+

              we will work with the 1s 3p 5d 7f 9g ... basis set
              ...i.e. with spherical basis functions...

   type   atoms  prim   cont   basis
   ---------------------------------------------------------------------------
    c        1     50     30   cc-pVTZ   [4s3p2d1f|18s5p2d1f]
    o        2     50     30   cc-pVTZ   [4s3p2d1f|18s5p2d1f]
    h        2     16     14   cc-pVTZ   [3s2p1d|5s2p1d]
   ---------------------------------------------------------------------------
   total:    5    182    118
   ---------------------------------------------------------------------------

   total number of primitive shells          :   60
   total number of contracted shells         :   42
   total number of cartesian basis functions :  135
   total number of SCF-basis functions       :  118


 integral neglect threshold       :  0.25E-10
 integral storage threshold THIZE :  0.10E-04
 integral storage threshold THIME :         5

 RI-J AUXILIARY BASIS SET information:

              assign orbital basis set names as defaults
              read basis sets from /software/cluster/turbomole76/jbasen/
              (basis sets have been saved in file auxbasis)

              we will work with the 1s 3p 5d 7f 9g ... basis set
              ...i.e. with spherical basis functions...

   type   atoms  prim   cont   basis
   ---------------------------------------------------------------------------
    c        1     70     49   cc-pVTZ   [6s4p3d1f1g|12s5p4d2f1g]
    o        2     70     49   cc-pVTZ   [6s4p3d1f1g|12s5p4d2f1g]
    h        2     16     11   cc-pVTZ   [3s1p1d|5s2p1d]
   ---------------------------------------------------------------------------
   total:    5    242    169
   ---------------------------------------------------------------------------

   total number of primitive shells          :   56
   total number of contracted shells         :   55
   total number of cartesian basis functions :  207
   total number of SCF-basis functions       :  169


 symmetry group of the molecule :   c1 

 the group has the following generators :
   c1(z)

    1 symmetry operations found

 there are 1 real representations :   a   

 maximum number of shells which are related by symmetry :  1


 biggest AO integral is expected to be     4.866064444

          ------------------------
          nuclear repulsion energy  :   69.7604228050    
          ------------------------


         -----------------
         -S,T+V- integrals
         -----------------

 1e-integrals will be neglected if expon. factor < 0.247553E-11
 
   Difference densities algorithm switched on.
   The maximal number of linear combinations of
   difference densities is                    20 .

 DIIS switched on: error vector is FDS-SDF
 Max. Iterations for DIIS is     :   5
 DIIS matrix (see manual) 
    Scaling factor of diagonals  :  1.200
    threshold for scaling factor :  0.000

 scf convergence criterion : increment of total energy < .1000000D-06
                  and increment of one-electron energy < .1000000D-03

 MOs are in ASCII format !

  missing closed shell occupation number declaration

 No input with occupation numbers/open-shell information found

 start vectors will be provided by an EHT guess

 The EHT guess will be determined for:
   molecular charge   :    0
   number of electrons:   24
   S_z eigenvalue     :    0
 
 virtual MOs provided and orthogonalized by Cholesky decomposition

 automatic virtual orbital shift switched on 
      shift if e(lumo)-e(homo) < 0.10000000    

  
           ------------------------
               RI-J - INFORMATION
           ------------------------
 Contributions to RI integral batches: 
  neglected integral batches:                     0
  direct contribution:                            0
  memory contribution:                   903
 Memory core needed for (P|Q) and Cholesky      1 MByte
 Memory core minimum needed except of (P|Q)     1 MByte
 Total minimum memory core needed (sum)         1 MByte
  
 ****************************************
 Memory allocated for RI-J    15 MByte
 ****************************************
                                            

 dump of DSCF restart information has been disabled !


 Starting SCF iterations


 ITERATION  ENERGY          1e-ENERGY        2e-ENERGY     RMS[dD(SAO)]   TOL
   1  -188.02218125339    -396.16237535     138.37977129    0.000D+00 0.247D-10
                            exK = -22.5154530889     Coul =  160.895224381    
                            current damping = 0.300
 
          max. resid. norm for Fia-block=  4.030D-01 for orbital     11a         
          max. resid. fock norm         =  4.840D+00 for orbital    117a         

 ITERATION  ENERGY          1e-ENERGY        2e-ENERGY     RMS[dD(SAO)]   TOL
   2  -188.77997808280    -396.51429750     137.97389661    0.728D-02 0.162D-10
                            current damping = 0.250
 
          Norm of current diis error:  1.0439    
          max. resid. norm for Fia-block=  1.246D-01 for orbital      2a         
          max. resid. fock norm         =  3.553D-01 for orbital    116a         

 ITERATION  ENERGY          1e-ENERGY        2e-ENERGY     RMS[dD(SAO)]   TOL
   3  -188.82948235478    -397.41572905     138.82582389    0.287D-02 0.134D-10
                            current damping = 0.200
 
          Norm of current diis error: 0.34950    
          max. resid. norm for Fia-block=  3.782D-02 for orbital     10a         
          max. resid. fock norm         =  4.283D-02 for orbital     26a         

 ITERATION  ENERGY          1e-ENERGY        2e-ENERGY     RMS[dD(SAO)]   TOL
   4  -188.83809031888    -397.20331418     138.60480106    0.150D-02 0.114D-10
                            current damping = 0.250
 
          Norm of current diis error: 0.11607    
          max. resid. norm for Fia-block=  1.460D-02 for orbital     10a         
          max. resid. fock norm         =  1.968D-02 for orbital     10a         

 ITERATION  ENERGY          1e-ENERGY        2e-ENERGY     RMS[dD(SAO)]   TOL
   5  -188.83911218319    -397.29416417     138.69462918    0.460D-03 0.106D-10
                            current damping = 0.300
 
          Norm of current diis error: 0.36723E-01
          max. resid. norm for Fia-block=  5.333D-03 for orbital     10a         
          max. resid. fock norm         =  5.432D-03 for orbital     10a         
          mo-orthogonalization: Cholesky decomposition

 ITERATION  ENERGY          1e-ENERGY        2e-ENERGY     RMS[dD(SAO)]   TOL
   6  -188.83926394016    -397.29745262     138.69776587    0.175D-03 0.999D-11
                            current damping = 0.150
 
          Norm of current diis error: 0.16888E-01
          max. resid. norm for Fia-block=  3.084D-03 for orbital     10a         
          max. resid. fock norm         =  3.683D-03 for orbital     10a         

 ITERATION  ENERGY          1e-ENERGY        2e-ENERGY     RMS[dD(SAO)]   TOL
   7  -188.83930008845    -397.29433443     138.69461154    0.797D-04 0.946D-11
                            current damping = 0.200
 
          Norm of current diis error: 0.66410E-02
          max. resid. norm for Fia-block=  1.361D-03 for orbital     11a         
          max. resid. fock norm         =  1.445D-03 for orbital     11a         

 ITERATION  ENERGY          1e-ENERGY        2e-ENERGY     RMS[dD(SAO)]   TOL
   8  -188.83930758716    -397.29802398     138.69829359    0.332D-04 0.898D-11
                            current damping = 0.250
 
          Norm of current diis error: 0.31035E-02
          max. resid. norm for Fia-block=  5.980D-04 for orbital     11a         
          max. resid. fock norm         =  6.523D-04 for orbital     10a         

 ITERATION  ENERGY          1e-ENERGY        2e-ENERGY     RMS[dD(SAO)]   TOL
   9  -188.83930921162    -397.29748360     138.69775158    0.152D-04 0.854D-11
                            current damping = 0.300
 
          Norm of current diis error: 0.13089E-02
          max. resid. norm for Fia-block=  3.639D-04 for orbital     11a         
          max. resid. fock norm         =  3.689D-04 for orbital     11a         

 ITERATION  ENERGY          1e-ENERGY        2e-ENERGY     RMS[dD(SAO)]   TOL
  10  -188.83930957314    -397.29754983     138.69781745    0.775D-05 0.811D-11
                            current damping = 0.350
 
          Norm of current diis error: 0.60009E-03
          max. resid. norm for Fia-block=  1.626D-04 for orbital     11a         
          max. resid. fock norm         =  1.630D-04 for orbital     11a         
          mo-orthogonalization: Cholesky decomposition

 ITERATION  ENERGY          1e-ENERGY        2e-ENERGY     RMS[dD(SAO)]   TOL
  11  -188.83930964453    -397.29765121     138.69791876    0.376D-05 0.773D-11
                            current damping = 0.200
 
          Norm of current diis error: 0.24292E-03
          max. resid. norm for Fia-block=  7.228D-05 for orbital     11a         
          max. resid. fock norm         =  7.283D-05 for orbital     11a         

 ITERATION  ENERGY          1e-ENERGY        2e-ENERGY     RMS[dD(SAO)]   TOL
  12  -188.83930965730    -397.29759677     138.69786431    0.178D-05 0.739D-11
                            current damping = 0.250
 
          Norm of current diis error: 0.97560E-04
          max. resid. norm for Fia-block=  2.429D-05 for orbital     12a         
          max. resid. fock norm         =  2.717D-05 for orbital     12a         

 ITERATION  ENERGY          1e-ENERGY        2e-ENERGY     RMS[dD(SAO)]   TOL
  13  -188.83930965879    -397.29762336     138.69789090    0.676D-06 0.714D-11
                            current damping = 0.300
 
          Norm of current diis error: 0.34424E-04
          max. resid. norm for Fia-block=  7.139D-06 for orbital     11a         
          max. resid. fock norm         =  7.330D-06 for orbital     14a         

 ENERGY & DENSITY CONVERGED !


 ITERATION  ENERGY          1e-ENERGY        2e-ENERGY     RMS[dD(SAO)]   TOL
  14  -188.83930965886    -397.29761387     138.69788141    0.176D-06 0.704D-11
                            current damping = 0.350
 
          Norm of current diis error: 0.16227E-04
          max. resid. norm for Fia-block=  3.567D-06 for orbital     12a         
          max. resid. fock norm         =  3.939D-06 for orbital     12a         

 End of SCF iterations

   convergence criteria satisfied after    14 iterations


                  ------------------------------------------ 
                 |  total energy      =   -188.83930965886  |
                  ------------------------------------------ 
                 :  kinetic energy    =    188.46517876697  :
                 :  potential energy  =   -377.30448842582  :
                 :  virial theorem    =      1.99801878702  :
                 :  wavefunction norm =      1.00000000000  :
                  .......................................... 


 <geterg> : there is no data group $energy 


 orbitals $scfmo  will be written to file mos

    irrep                  8a          9a         10a         11a         12a   
 eigenvalues H         -0.70955    -0.63252    -0.60261    -0.49488    -0.47251
            eV         -19.3079    -17.2120    -16.3979    -13.4665    -12.8579
 occupation              2.0000      2.0000      2.0000      2.0000      2.0000

    irrep                 13a         14a         15a         16a         17a   
 eigenvalues H          0.14702     0.15767     0.16885     0.30192     0.34252
            eV           4.0005      4.2905      4.5948      8.2158      9.3206
 
 
 
 
 ==============================================================================
                           electrostatic moments
 ==============================================================================

 reference point for electrostatic moments:    0.00000   0.00000   0.00000

 
              nuc           elec       ->  total
 ------------------------------------------------------------------------------
                          charge      
 ------------------------------------------------------------------------------
          24.000000     -24.000000      -0.000000
 
 ------------------------------------------------------------------------------
                       dipole moment  
 ------------------------------------------------------------------------------
   x    -223.009556     223.362863       0.353307
   y      93.850778     -94.408144      -0.557366
   z      -0.660826       0.637303      -0.023524
 
   | dipole moment | =     0.6603 a.u. =     1.6784 debye 
 
 ------------------------------------------------------------------------------
                     quadrupole moment
 ------------------------------------------------------------------------------
  xx    2121.524941   -2139.203485     -17.678544
  yy     412.717191    -431.918206     -19.201015
  zz       0.668143     -13.146799     -12.478656
  xy    -902.024023     911.872839       9.848816
  xz       0.720235      -0.852466      -0.132231
  yz      -0.511121       0.086406      -0.424715
 
     1/3  trace=     -16.452738
     anisotropy=      18.134623
 
 ==============================================================================
 
HOMO-LUMO Separation
 HOMO         :   -0.47251374 H =    -12.85776 eV
 LUMO         :    0.14701625 H =     +4.00052 eV
 HOMO-LUMO gap:    0.61953000 H =    +16.85828 eV
 
 ==============================================================================


    ------------------------------------------------------------------------
         total  cpu-time :  15.56 seconds
         total wall-time :  23.52 seconds
    ------------------------------------------------------------------------

   ****  ridft : all done  ****


    2023-06-15 21:22:16.082 

