
  ========================================================================
                license information 
 Customer : 200000000058156
 ID       : LKO1924661

 License file is VALID, continuing with full version
  ========================================================================

   OpenMP run-time library returned nthreads =  2

 ridft (c04) : TURBOMOLE rev. V7-6 27 Oct 2021 at 10:11:12 compiled Oct 27th 2021
 Copyright (C) 2021 TURBOMOLE GmbH, Karlsruhe


    2023-06-06 11:13:27.033 



                                  r i d f t

                        DFT program with RI approximation 
                                for coulomb part 




                                                 
                                 References:     
                                                 
          TURBOMOLE:                             
              R. Ahlrichs, M. Baer, M. Haeser, H. Horn, and
              C. Koelmel
              Electronic structure calculations on workstation
              computers: the program system TURBOMOLE
              Chem. Phys. Lett. 162: 165 (1989)
          Density Functional:                              
              O. Treutler and R. Ahlrichs                      
              Efficient Molecular Numerical Integration Schemes
              J. Chem. Phys. 102: 346 (1995)                   
          Parallel Version:                                
              Performance of parallel TURBOMOLE for Density    
              Functional Calculations                          
              M. v. Arnim and R. Ahlrichs                      
              J. Comp. Chem. 19: 1746 (1998)                   
          RI-J Method:                                     
              Auxiliary Basis Sets to approximate Coulomb      
              Potentials                                       
              Chem. Phys. Lett. 240: 283 (1995)                
              K. Eichkorn, O. Treutler, H. Oehm, M. Haeser     
              and R. Ahlrichs                                  
              Chem. Phys. Lett. 242: 652 (1995)                
                                                           
              Auxiliary Basis Sets for Main Row Atoms and their
              Use to approximate Coulomb Potentials            
              K. Eichkorn, F. Weigend, O. Treutler and         
              R. Ahlrichs                                      
              Theo. Chem. Acc. 97: 119 (1997)                   
                                                           
              Accurate Coulomb-fitting basis sets for H to Rn 
              F. Weigend                                        
              Phys. Chem. Chem. Phys. 8: 1057 (2006)            
                                                           
          Multipole accelerated RI-J (MARI-J):             
              Fast evaluation of the Coulomb potential for     
              electron densities using multipole accelerated   
              resolution of identity approximation             
              M. Sierka, A. Hogekamp and R. Ahlrichs           
              J. Chem. Phys. 118: 9136 (2003)                  
          RI-JK Method:                                     
              A fully direct RI-HF algorithm: Implementation,
              optimised auxiliary basis sets, demonstration of
              accuracy and efficiency                         
              F. Weigend                                      
              Phys. Chem. Chem. Phys. 4: 4285 (2002)           
          Two-component HF and DFT with spin-orbit coupling:  
              Self-consistent treatment of spin-orbit         
              interactions with efficient Hartree-Fock and    
              density functional methods                      
              M. K. Armbruster, F. Weigend, C. van Wüllen and 
              W. Klopper                                      
              Phys. Chem. Chem. Phys. 10: 1748 (2008)         
          Two-component difference density and DIIS algorithm 
              Efficient two-component self-consistent field   
              procedures and gradients: implementation in     
              TURBOMOLE and application to Au20-              
              A. Baldes, F. Weigend                           
              Mol. Phys. 111: 2617 (2013)                     
          Relativistic all-electron 2c calculations           
              An efficient implementation of two-component    
              relativistic exact-decoupling methods for large 
              molecules                                       
              D. Peng, N. Middendorf, F. Weigend, M. Reiher   
              J. Chem. Phys. 138: 184105 (2013)               
          Finite nucleus model and SNSO approximation         
              Efficient implementation of one- and two-       
              component analytical energy gradients in exact  
              two-component theory                            
              Y. J. Franzke, N. Middendorf, F. Weigend        
              J. Chem. Phys. 148: 104110 (2018)               
          Grids for all-electron relativistic methods         
              Error-consistent segmented contracted all-      
              electron relativistic basis sets of double-     
              and triple-zeta quality for NMR shielding       
              constants                                       
              Y. J. Franzke, R. Tress, T. M. Pazdera,         
              F. Weigend                                      
              Phys. Chem. Chem. Phys. 21: 166658 (2019)       
          Seminumerical exchange algorithms                   
              Seminumerical calculation of the Hartree-Fock   
              exchange matirx: Application to two-component   
              procedures and efficient evaluation of local    
              hybrid functionsl                               
               P. Plessow, F. Weigend,                        
              J. Comput. Chem. 33: 810 (2012)                 
          Improved seminumerical algorithms                   
              C. Holzer,                                      
              J. Chem. Phys. 153 (2020), 184115               
                                         





          OpenMP Shared-Memory Parallelization:  2 CPUs.

            By: Christof Holzer and Yannick J. Franzke


              +--------------------------------------------------+
              |      general information about current run       |
              +--------------------------------------------------+

 

 DENSITY CONVERGENCE CHECK SWITCHED ON !
 SCF CONVERGENCE IF RMS(delta[D]) <     0.1000000000E-06

 A HF calculation using the RI-J approximation will be carried out.
 Allocatable memory for RI due to $ricore (MB):                   500


              +--------------------------------------------------+
              | Atomic coordinate, charge and isotop information |
              +--------------------------------------------------+

                    atomic coordinates            atom    charge  isotop
         -6.93701212    2.62853580   -0.01229616    o      8.000     0
         -5.10709449    2.70441948    0.01542964    h      1.000     0
         -7.47075492    4.27431785    0.58878543    h      1.000     0
 
       center of nuclear mass  :   -6.86449030    2.72486412    0.02288603
       center of nuclear charge:   -6.80739464    2.80070238    0.05058458

  Keyword $basis  missing in file <control>

              read basis sets from /software/cluster/turbomole76/basen/
              (basis sets have been saved in file basis)

              +--------------------------------------------------+
              |               basis set information              |
              +--------------------------------------------------+

              we will work with the 1s 3p 5d 7f 9g ... basis set
              ...i.e. with spherical basis functions...

   type   atoms  prim   cont   basis
   ---------------------------------------------------------------------------
    o        1     46     31   def2-TZVP   [5s3p2d1f|11s6p2d1f]
    h        2      8      6   def2-TZVP   [3s1p|5s1p]
   ---------------------------------------------------------------------------
   total:    3     62     43
   ---------------------------------------------------------------------------

   total number of primitive shells          :   26
   total number of contracted shells         :   19
   total number of cartesian basis functions :   48
   total number of SCF-basis functions       :   43


 integral neglect threshold       :  0.69E-10
 integral storage threshold THIZE :  0.10E-04
 integral storage threshold THIME :         5

 RI-J AUXILIARY BASIS SET information:

              assign orbital basis set names as defaults
              read basis sets from /software/cluster/turbomole76/jbasen/
              (basis sets have been saved in file auxbasis)

              we will work with the 1s 3p 5d 7f 9g ... basis set
              ...i.e. with spherical basis functions...

   type   atoms  prim   cont   basis
   ---------------------------------------------------------------------------
    o        1     70     49   def2-TZVP   [6s4p3d1f1g|12s5p4d2f1g]
    h        2     16     11   def2-TZVP   [3s1p1d|5s2p1d]
   ---------------------------------------------------------------------------
   total:    3    102     71
   ---------------------------------------------------------------------------

   total number of primitive shells          :   32
   total number of contracted shells         :   25
   total number of cartesian basis functions :   85
   total number of SCF-basis functions       :   71


 symmetry group of the molecule :   c1 

 the group has the following generators :
   c1(z)

    1 symmetry operations found

 there are 1 real representations :   a   

 maximum number of shells which are related by symmetry :  1


 biggest AO integral is expected to be     7.998976882

          ------------------------
          nuclear repulsion energy  :   9.08071954140    
          ------------------------


         -----------------
         -S,T+V- integrals
         -----------------

 1e-integrals will be neglected if expon. factor < 0.696242E-11
 
   Difference densities algorithm switched on.
   The maximal number of linear combinations of
   difference densities is                    20 .

 DIIS switched on: error vector is FDS-SDF
 Max. Iterations for DIIS is     :   5
 DIIS matrix (see manual) 
    Scaling factor of diagonals  :  1.200
    threshold for scaling factor :  0.000

 scf convergence criterion : increment of total energy < .1000000D-06
                  and increment of one-electron energy < .1000000D-03

 MOs are in ASCII format !

  missing closed shell occupation number declaration

 No input with occupation numbers/open-shell information found

 start vectors will be provided by an EHT guess

 The EHT guess will be determined for:
   molecular charge   :    0
   number of electrons:   10
   S_z eigenvalue     :    0
 
 virtual MOs provided and orthogonalized by Cholesky decomposition

 automatic virtual orbital shift switched on 
      shift if e(lumo)-e(homo) < 0.10000000    

  
           ------------------------
               RI-J - INFORMATION
           ------------------------
 Contributions to RI integral batches: 
  neglected integral batches:                     0
  direct contribution:                            0
  memory contribution:                   190
 Memory core needed for (P|Q) and Cholesky      1 MByte
 Memory core minimum needed except of (P|Q)     1 MByte
 Total minimum memory core needed (sum)         1 MByte
  
 ****************************************
 Memory allocated for RI-J     1 MByte
 ****************************************
                                            

 dump of DSCF restart information has been disabled !


 Starting SCF iterations


 ITERATION  ENERGY          1e-ENERGY        2e-ENERGY     RMS[dD(SAO)]   TOL
   1  -75.826035325683    -124.25954231     39.352787439    0.000D+00 0.694D-10
                            exK = -9.10946891006     Coul =  48.4622563492    
                            current damping = 0.300
 
          max. resid. norm for Fia-block=  3.014D-01 for orbital      3a         
          max. resid. fock norm         =  1.576D+01 for orbital     42a         

 ITERATION  ENERGY          1e-ENERGY        2e-ENERGY     RMS[dD(SAO)]   TOL
   2  -76.034279244813    -122.71724446     37.602245673    0.945D-02 0.461D-10
                            current damping = 0.250
 
          Norm of current diis error: 0.60913    
          max. resid. norm for Fia-block=  9.673D-02 for orbital      1a         
          max. resid. fock norm         =  1.392D-01 for orbital     26a         

 ITERATION  ENERGY          1e-ENERGY        2e-ENERGY     RMS[dD(SAO)]   TOL
   3  -76.054085198057    -123.04517837     37.910373627    0.389D-02 0.367D-10
                            current damping = 0.200
 
          Norm of current diis error: 0.20817    
          max. resid. norm for Fia-block=  3.553D-02 for orbital      4a         
          max. resid. fock norm         =  3.629D-02 for orbital     11a         

 ITERATION  ENERGY          1e-ENERGY        2e-ENERGY     RMS[dD(SAO)]   TOL
   4  -76.057654054406    -122.84339754     37.705023942    0.219D-02 0.314D-10
                            current damping = 0.250
 
          Norm of current diis error: 0.65689E-01
          max. resid. norm for Fia-block=  1.162D-02 for orbital      3a         
          max. resid. fock norm         =  1.162D-02 for orbital      3a         

 ITERATION  ENERGY          1e-ENERGY        2e-ENERGY     RMS[dD(SAO)]   TOL
   5  -76.058099261098    -122.88228146     37.743462661    0.801D-03 0.288D-10
                            current damping = 0.300
 
          Norm of current diis error: 0.23101E-01
          max. resid. norm for Fia-block=  5.913D-03 for orbital      4a         
          max. resid. fock norm         =  5.991D-03 for orbital      4a         
          mo-orthogonalization: Cholesky decomposition

 ITERATION  ENERGY          1e-ENERGY        2e-ENERGY     RMS[dD(SAO)]   TOL
   6  -76.058174193031    -122.87723795     37.738344216    0.364D-03 0.269D-10
                            current damping = 0.350
 
          Norm of current diis error: 0.89118E-02
          max. resid. norm for Fia-block=  2.475D-03 for orbital      4a         
          max. resid. fock norm         =  2.517D-03 for orbital      4a         

 ITERATION  ENERGY          1e-ENERGY        2e-ENERGY     RMS[dD(SAO)]   TOL
   7  -76.058186444869    -122.87814155     37.739235561    0.141D-03 0.251D-10
                            current damping = 0.400
 
          Norm of current diis error: 0.34669E-02
          max. resid. norm for Fia-block=  1.076D-03 for orbital      4a         
          max. resid. fock norm         =  1.091D-03 for orbital      4a         

 ITERATION  ENERGY          1e-ENERGY        2e-ENERGY     RMS[dD(SAO)]   TOL
   8  -76.058188456451    -122.87799514     37.739087145    0.537D-04 0.236D-10
                            current damping = 0.450
 
          Norm of current diis error: 0.14459E-02
          max. resid. norm for Fia-block=  4.704D-04 for orbital      4a         
          max. resid. fock norm         =  4.781D-04 for orbital      4a         

 ITERATION  ENERGY          1e-ENERGY        2e-ENERGY     RMS[dD(SAO)]   TOL
   9  -76.058188816703    -122.87810958     37.739201224    0.213D-04 0.223D-10
                            current damping = 0.500
 
          Norm of current diis error: 0.60516E-03
          max. resid. norm for Fia-block=  2.121D-04 for orbital      4a         
          max. resid. fock norm         =  2.146D-04 for orbital      4a         

 ITERATION  ENERGY          1e-ENERGY        2e-ENERGY     RMS[dD(SAO)]   TOL
  10  -76.058188879714    -122.87800162     37.739093201    0.844D-05 0.212D-10
                            current damping = 0.550
 
          Norm of current diis error: 0.25850E-03
          max. resid. norm for Fia-block=  8.982D-05 for orbital      4a         
          max. resid. fock norm         =  9.143D-05 for orbital      4a         
          mo-orthogonalization: Cholesky decomposition

 ITERATION  ENERGY          1e-ENERGY        2e-ENERGY     RMS[dD(SAO)]   TOL
  11  -76.058188891133    -122.87803412     37.739125691    0.346D-05 0.203D-10
                            current damping = 0.600
 
          Norm of current diis error: 0.10941E-03
          max. resid. norm for Fia-block=  3.978D-05 for orbital      4a         
          max. resid. fock norm         =  4.028D-05 for orbital      4a         

 ENERGY & DENSITY CONVERGED !


 ITERATION  ENERGY          1e-ENERGY        2e-ENERGY     RMS[dD(SAO)]   TOL
  12  -76.058188893142    -122.87802142     37.739112988    0.140D-05 0.198D-10
                            current damping = 0.650
 
          Norm of current diis error: 0.47187E-04
          max. resid. norm for Fia-block=  1.692D-05 for orbital      4a         
          max. resid. fock norm         =  1.717D-05 for orbital      4a         

 End of SCF iterations

   convergence criteria satisfied after    12 iterations


                  ------------------------------------------ 
                 |  total energy      =    -76.05818889314  |
                  ------------------------------------------ 
                 :  kinetic energy    =     75.95796777621  :
                 :  potential energy  =   -152.01615666935  :
                 :  virial theorem    =      1.99868230997  :
                 :  wavefunction norm =      1.00000000000  :
                  .......................................... 


 <geterg> : there is no data group $energy 


 orbitals $scfmo  will be written to file mos

    irrep                  1a          2a          3a          4a          5a   
 eigenvalues H        -20.56187    -1.34366    -0.70811    -0.57922    -0.50705
            eV        -559.5213    -36.5632    -19.2687    -15.7614    -13.7975
 occupation              2.0000      2.0000      2.0000      2.0000      2.0000

    irrep                  6a          7a          8a          9a         10a   
 eigenvalues H          0.12641     0.19593     0.52017     0.56522     0.59773
            eV           3.4397      5.3316     14.1548     15.3806     16.2652
 
 
 
 
 ==============================================================================
                           electrostatic moments
 ==============================================================================

 reference point for electrostatic moments:    0.00000   0.00000   0.00000

 
              nuc           elec       ->  total
 ------------------------------------------------------------------------------
                          charge      
 ------------------------------------------------------------------------------
          10.000000     -10.000000       0.000000
 
 ------------------------------------------------------------------------------
                       dipole moment  
 ------------------------------------------------------------------------------
   x     -68.073946      68.566674       0.492727
   y      28.007024     -27.352529       0.654495
   z       0.505846      -0.266803       0.239043
 
   | dipole moment | =     0.8534 a.u. =     2.1691 debye 
 
 ------------------------------------------------------------------------------
                     quadrupole moment
 ------------------------------------------------------------------------------
  xx     466.871691    -477.171695     -10.300004
  yy      80.857282     -81.448307      -0.591025
  zz       0.348116      -5.708141      -5.360025
  xy    -191.617585     187.888686      -3.728899
  xz      -3.795084       1.954096      -1.840988
  yz       2.299817      -1.122221       1.177596
 
     1/3  trace=      -5.417018
     anisotropy=      11.258218
 
 ==============================================================================
 
HOMO-LUMO Separation
 HOMO         :   -0.50704548 H =    -13.79742 eV
 LUMO         :    0.12640545 H =     +3.43967 eV
 HOMO-LUMO gap:    0.63345094 H =    +17.23709 eV
 
 ==============================================================================


    ------------------------------------------------------------------------
         total  cpu-time :   5.26 seconds
         total wall-time :  1 minutes and 10 seconds
    ------------------------------------------------------------------------

   ****  ridft : all done  ****


    2023-06-06 11:14:34.940 

