
  ========================================================================
                license information 
 Customer : 200000000058156
 ID       : LKO1924661

 License file is VALID, continuing with full version
  ========================================================================

   OpenMP run-time library returned nthreads =  2

 ridft (c04) : TURBOMOLE rev. V7-6 27 Oct 2021 at 10:11:12 compiled Oct 27th 2021
 Copyright (C) 2021 TURBOMOLE GmbH, Karlsruhe


    2023-06-06 11:58:10.149 



                                  r i d f t

                        DFT program with RI approximation 
                                for coulomb part 




                                                 
                                 References:     
                                                 
          TURBOMOLE:                             
              R. Ahlrichs, M. Baer, M. Haeser, H. Horn, and
              C. Koelmel
              Electronic structure calculations on workstation
              computers: the program system TURBOMOLE
              Chem. Phys. Lett. 162: 165 (1989)
          Density Functional:                              
              O. Treutler and R. Ahlrichs                      
              Efficient Molecular Numerical Integration Schemes
              J. Chem. Phys. 102: 346 (1995)                   
          Parallel Version:                                
              Performance of parallel TURBOMOLE for Density    
              Functional Calculations                          
              M. v. Arnim and R. Ahlrichs                      
              J. Comp. Chem. 19: 1746 (1998)                   
          RI-J Method:                                     
              Auxiliary Basis Sets to approximate Coulomb      
              Potentials                                       
              Chem. Phys. Lett. 240: 283 (1995)                
              K. Eichkorn, O. Treutler, H. Oehm, M. Haeser     
              and R. Ahlrichs                                  
              Chem. Phys. Lett. 242: 652 (1995)                
                                                           
              Auxiliary Basis Sets for Main Row Atoms and their
              Use to approximate Coulomb Potentials            
              K. Eichkorn, F. Weigend, O. Treutler and         
              R. Ahlrichs                                      
              Theo. Chem. Acc. 97: 119 (1997)                   
                                                           
              Accurate Coulomb-fitting basis sets for H to Rn 
              F. Weigend                                        
              Phys. Chem. Chem. Phys. 8: 1057 (2006)            
                                                           
          Multipole accelerated RI-J (MARI-J):             
              Fast evaluation of the Coulomb potential for     
              electron densities using multipole accelerated   
              resolution of identity approximation             
              M. Sierka, A. Hogekamp and R. Ahlrichs           
              J. Chem. Phys. 118: 9136 (2003)                  
          RI-JK Method:                                     
              A fully direct RI-HF algorithm: Implementation,
              optimised auxiliary basis sets, demonstration of
              accuracy and efficiency                         
              F. Weigend                                      
              Phys. Chem. Chem. Phys. 4: 4285 (2002)           
          Two-component HF and DFT with spin-orbit coupling:  
              Self-consistent treatment of spin-orbit         
              interactions with efficient Hartree-Fock and    
              density functional methods                      
              M. K. Armbruster, F. Weigend, C. van Wüllen and 
              W. Klopper                                      
              Phys. Chem. Chem. Phys. 10: 1748 (2008)         
          Two-component difference density and DIIS algorithm 
              Efficient two-component self-consistent field   
              procedures and gradients: implementation in     
              TURBOMOLE and application to Au20-              
              A. Baldes, F. Weigend                           
              Mol. Phys. 111: 2617 (2013)                     
          Relativistic all-electron 2c calculations           
              An efficient implementation of two-component    
              relativistic exact-decoupling methods for large 
              molecules                                       
              D. Peng, N. Middendorf, F. Weigend, M. Reiher   
              J. Chem. Phys. 138: 184105 (2013)               
          Finite nucleus model and SNSO approximation         
              Efficient implementation of one- and two-       
              component analytical energy gradients in exact  
              two-component theory                            
              Y. J. Franzke, N. Middendorf, F. Weigend        
              J. Chem. Phys. 148: 104110 (2018)               
          Grids for all-electron relativistic methods         
              Error-consistent segmented contracted all-      
              electron relativistic basis sets of double-     
              and triple-zeta quality for NMR shielding       
              constants                                       
              Y. J. Franzke, R. Tress, T. M. Pazdera,         
              F. Weigend                                      
              Phys. Chem. Chem. Phys. 21: 166658 (2019)       
          Seminumerical exchange algorithms                   
              Seminumerical calculation of the Hartree-Fock   
              exchange matirx: Application to two-component   
              procedures and efficient evaluation of local    
              hybrid functionsl                               
               P. Plessow, F. Weigend,                        
              J. Comput. Chem. 33: 810 (2012)                 
          Improved seminumerical algorithms                   
              C. Holzer,                                      
              J. Chem. Phys. 153 (2020), 184115               
                                         





          OpenMP Shared-Memory Parallelization:  2 CPUs.

            By: Christof Holzer and Yannick J. Franzke


              +--------------------------------------------------+
              |      general information about current run       |
              +--------------------------------------------------+

 
 Hybrid part of B2-PLYP double hybrid functional
 exchange:    0.47(LDA + Becke (B88)) + 0.53 HF
 correlation: 0.73 LYP + 0.27 PT2 (MP2 program)
 S. Grimme, JCP 124, (2006), 034108-16
 ================================================
 |     I M P O R T A N T    N O T E :           |
 |                                              |
 | MP2 correlation energy has to be calculated  |
 |    to obtain the final B2-PLYP energy        |
 |                                              |
 ================================================
 A Hybrid-DFT calculation using the RI-J approximation will be carried out.
 Allocatable memory for RI due to $ricore (MB):                   500


              +--------------------------------------------------+
              | Atomic coordinate, charge and isotop information |
              +--------------------------------------------------+

                    atomic coordinates            atom    charge  isotop
        -10.66143410    5.10964222    0.00000000    n      7.000     0
         -8.58667370    5.23772325    0.00000000    n      7.000     0
 
       center of nuclear mass  :   -9.62405390    5.17368274    0.00000000
       center of nuclear charge:   -9.62405390    5.17368274    0.00000000

  Keyword $basis  missing in file <control>

              read basis sets from /software/cluster/turbomole76/basen/
              (basis sets have been saved in file basis)

              +--------------------------------------------------+
              |               basis set information              |
              +--------------------------------------------------+

              we will work with the 1s 3p 5d 7f 9g ... basis set
              ...i.e. with spherical basis functions...

   type   atoms  prim   cont   basis
   ---------------------------------------------------------------------------
    n        2     77     57   def2-QZVP   [7s4p3d2f1g|15s8p3d2f1g]
   ---------------------------------------------------------------------------
   total:    2    154    114
   ---------------------------------------------------------------------------

   total number of primitive shells          :   29
   total number of contracted shells         :   34
   total number of cartesian basis functions :  144
   total number of SCF-basis functions       :  114


 integral neglect threshold       :  0.23E-10
 integral storage threshold THIZE :  0.10E-04
 integral storage threshold THIME :         5

 RI-J AUXILIARY BASIS SET information:

              assign orbital basis set names as defaults
              read basis sets from /software/cluster/turbomole76/jbasen/
              (basis sets have been saved in file auxbasis)

              we will work with the 1s 3p 5d 7f 9g ... basis set
              ...i.e. with spherical basis functions...

   type   atoms  prim   cont   basis
   ---------------------------------------------------------------------------
    n        2     70     49   def2-QZVP   [6s4p3d1f1g|12s5p4d2f1g]
   ---------------------------------------------------------------------------
   total:    2    140     98
   ---------------------------------------------------------------------------

   total number of primitive shells          :   24
   total number of contracted shells         :   30
   total number of cartesian basis functions :  122
   total number of SCF-basis functions       :   98


 symmetry group of the molecule :   c1 

 the group has the following generators :
   c1(z)

    1 symmetry operations found

 there are 1 real representations :   a   

 maximum number of shells which are related by symmetry :  1

  
           ------------------
           density functional
           ------------------
 Hybrid part of B2-PLYP double hybrid functional
 exchange:    0.47(LDA + Becke (B88)) + 0.53 HF
 correlation: 0.73 LYP + 0.27 PT2 (MP2 program)
 S. Grimme, JCP 124, (2006), 034108-16
 ================================================
 |     I M P O R T A N T    N O T E :           |
 |                                              |
 | MP2 correlation energy has to be calculated  |
 |    to obtain the final B2-PLYP energy        |
 |                                              |
 ================================================

 iterations will be done with small grid
  
 spherical integration : Lebedev's spherical grid
 spherical gridsize    :                     3
    i.e. gridpoints    :                   302
 value for diffuse not defined
 radial integration    : Chebyshev 2nd kind (scaling 3)
 radial gridsize       :                     3
 integration cells     :                     2
 partition function    : becke
 partition sharpness   :                     3
  

 biggest AO integral is expected to be     6.129561670

          ------------------------
          nuclear repulsion energy  :   23.5723110864    
          ------------------------

  _________________________________
 |                                 |
 |         DFTD3 V3.1 Rev 0        |
 | S.Grimme, University Bonn       |
 |            June  2014           |
 |   see standalone version        |
 |       dftd3 -h for options      |
 |_________________________________|
 
 Please cite DFT-D3 work done with this code as:
 S. Grimme, J. Antony, S. Ehrlich and H. Krieg,
 J. Chem. Phys, 132 (2010), 154104.
 If used with BJ-damping cite also
 S. Grimme, S. Ehrlich and L. Goerigk,
 J. Comput. Chem. 32 (2011), 1456-1465
 For DFT-D2 the reference is
 S. Grimme, J. Comput. Chem., 27 (2006), 1787-1799
 
C6 coefficients used:
                     4  C6 for element                      7
Z=  7 CN= 0.000     C6(AA)=   25.27
Z=  7 CN= 0.994     C6(AA)=   22.12
Z=  7 CN= 2.014     C6(AA)=   19.68
Z=  7 CN= 2.990     C6(AA)=   15.58

#           XYZ [au]              R0(AA) [Ang.]  CN          C6(AA)     C8(AA)   C10(AA) [au]
  1 -10.66143   5.10964   0.00000   n   0.381  1.000        22.1       488.4     13197.8
  2  -8.58667   5.23772   0.00000   n   0.381  1.000        22.1       488.4     13197.8

molecular C6(AA) [au] =        88.55

           DFT-D V3(BJ)
 DF b2-plyp                                           
 parameters
 s6       :    0.6400
 s8       :    0.9147
 a1       :    0.3065
 a2       :    5.0570
 k1-k3    :   16.0000    1.3333   -4.0000
 
 Edisp /kcal,au:    -0.2065 -0.00032901

 E6    /kcal :    -0.1181
 E8    /kcal :    -0.0883
 % E8        : 42.78
 nuclear repulsion energy                  =      23.572311086
  DFT-D3 Energy contribution               =      -0.000329007
 nuclear repulsion + dispersion correction =      23.571982079


         -----------------
         -S,T+V- integrals
         -----------------

 1e-integrals will be neglected if expon. factor < 0.232081E-11
 
   Difference densities algorithm switched on.
   The maximal number of linear combinations of
   difference densities is                    20 .

 DIIS switched on: error vector is FDS-SDF
 Max. Iterations for DIIS is     :   4
 DIIS matrix (see manual) 
    Scaling factor of diagonals  :  1.200
    threshold for scaling factor :  0.000

 scf convergence criterion : increment of total energy < .1000000D-06
                  and increment of one-electron energy < .1000000D-03

 MOs are in ASCII format !

  missing closed shell occupation number declaration

 No input with occupation numbers/open-shell information found

 start vectors will be provided by an EHT guess

 The EHT guess will be determined for:
   molecular charge   :    0
   number of electrons:   14
   S_z eigenvalue     :    0
 
 virtual MOs provided and orthogonalized by Cholesky decomposition

 automatic virtual orbital shift switched on 
      shift if e(lumo)-e(homo) < 0.10000000    

  
           ------------------------
               RI-J - INFORMATION
           ------------------------
 Contributions to RI integral batches: 
  neglected integral batches:                     4
  direct contribution:                            0
  memory contribution:                   591
 Memory core needed for (P|Q) and Cholesky      1 MByte
 Memory core minimum needed except of (P|Q)     1 MByte
 Total minimum memory core needed (sum)         1 MByte
  
 ****************************************
 Memory allocated for RI-J    10 MByte
 ****************************************
                                            

 dump of DSCF restart information has been disabled !


 Starting SCF iterations

          Overall gridpoints after grid construction =          3664

 ITERATION  ENERGY          1e-ENERGY        2e-ENERGY     NORM[dD(SAO)]  TOL
   1  -109.05000014144    -191.78292700     59.160944783    0.000D+00 0.231D-10
                            Exc = -6.43439779181     Coul =  72.4154016276    
                            exK = -6.82005905275    
                              N = 13.999985062    
                            current damping = 0.700
 
          max. resid. norm for Fia-block=  8.441D-01 for orbital      3a         
          max. resid. fock norm         =  8.344D+01 for orbital    107a         

 ITERATION  ENERGY          1e-ENERGY        2e-ENERGY     NORM[dD(SAO)]  TOL
   2  -109.32305275112    -193.78850103     60.893466204    0.703D+00 0.158D-10
                            Exc = -6.53127499757      Eck =  67.4247412013    
                              N = 13.999985152    
                            current damping = 0.650
 
          Norm of current diis error:  1.3251    
          max. resid. norm for Fia-block=  1.727D-01 for orbital      1a         
          max. resid. fock norm         =  2.011D-01 for orbital     18a         

 ITERATION  ENERGY          1e-ENERGY        2e-ENERGY     NORM[dD(SAO)]  TOL
   3  -109.36847017103    -194.17416184     61.233709590    0.163D+00 0.121D-10
                            Exc = -6.54605986166      Eck =  67.7797694520    
                              N = 13.999985110    
                            current damping = 0.500
 
          Norm of current diis error: 0.56711    
          max. resid. norm for Fia-block=  7.851D-02 for orbital      2a         
          max. resid. fock norm         =  8.660D-02 for orbital     20a         

 ITERATION  ENERGY          1e-ENERGY        2e-ENERGY     NORM[dD(SAO)]  TOL
   4  -109.38051803526    -194.31568240     61.363182285    0.456D-01 0.991D-11
                            Exc = -6.55111034509      Eck =  67.9142926304    
                              N = 13.999985115    
                            current damping = 0.350
 
          Norm of current diis error: 0.20927    
          max. resid. norm for Fia-block=  2.933D-02 for orbital      2a         
          max. resid. fock norm         =  3.124D-02 for orbital     20a         

 ITERATION  ENERGY          1e-ENERGY        2e-ENERGY     NORM[dD(SAO)]  TOL
   5  -109.38275971314    -194.36440845     61.409666662    0.692D-02 0.869D-11
                            Exc = -6.55282896938      Eck =  67.9624956314    
                              N = 13.999985114    
                            current damping = 0.200
 
          Norm of current diis error: 0.61281E-01
          max. resid. norm for Fia-block=  8.380D-03 for orbital      2a         
          max. resid. fock norm         =  9.243D-03 for orbital     14a         
          mo-orthogonalization: Cholesky decomposition

 ITERATION  ENERGY          1e-ENERGY        2e-ENERGY     NORM[dD(SAO)]  TOL
   6  -109.38301023608    -194.37841940     61.423427081    0.903D-03 0.804D-11
                            Exc = -6.55331593154      Eck =  67.9767430121    
                              N = 13.999985111    
                            current damping = 0.050
 
          Norm of current diis error: 0.12452E-01
          max. resid. norm for Fia-block=  1.986D-03 for orbital      7a         
          max. resid. fock norm         =  2.179D-03 for orbital     14a         

 ITERATION  ENERGY          1e-ENERGY        2e-ENERGY     NORM[dD(SAO)]  TOL
   7  -109.38302367369    -194.38076668     61.425760928    0.116D-03 0.763D-11
                            Exc = -6.55337380535      Eck =  67.9791347329    
                              N = 13.999985109    
                            current damping = 0.050
 
          Norm of current diis error: 0.12859E-02
          max. resid. norm for Fia-block=  2.401D-04 for orbital      7a         
          max. resid. fock norm         =  2.525D-04 for orbital     14a         

 ENERGY CONVERGED !

          Overall gridpoints after grid construction =         12724

 ITERATION  ENERGY          1e-ENERGY        2e-ENERGY     NORM[dD(SAO)]  TOL
   8  -109.38297972672    -194.38099072     61.426028912    0.312D-04 0.744D-11
                            Exc = -6.55333519345      Eck =  67.9793641056    
                              N = 13.999999620    
                            current damping = 0.050
 
          Norm of current diis error: 0.15139E-03
          max. resid. norm for Fia-block=  3.292D-05 for orbital      7a         
          max. resid. fock norm         =  3.307D-05 for orbital      7a         

 End of SCF iterations

   convergence criteria satisfied after     8 iterations


                  ------------------------------------------ 
                 |  total energy      =   -109.38297972672  |
                  ------------------------------------------ 
                 :  kinetic energy    =    108.99403042912  :
                 :  potential energy  =   -218.37701015584  :
                 :  virial theorem    =      1.99644415156  :
                 :  wavefunction norm =      1.00000000000  :
                  .......................................... 


 <geterg> : there is no data group $energy 


 orbitals $scfmo  will be written to file mos

    irrep                  3a          4a          5a          6a          7a   
 eigenvalues H         -1.27061    -0.65115    -0.53099    -0.53099    -0.51926
            eV         -34.5754    -17.7190    -14.4491    -14.4491    -14.1298
 occupation              2.0000      2.0000      2.0000      2.0000      2.0000

    irrep                  8a          9a         10a         11a         12a   
 eigenvalues H          0.04066     0.04066     0.16813     0.21408     0.21408
            eV           1.1063      1.1063      4.5751      5.8255      5.8255
 
 
 
 
 ==============================================================================
                           electrostatic moments
 ==============================================================================

 reference point for electrostatic moments:    0.00000   0.00000   0.00000

 
              nuc           elec       ->  total
 ------------------------------------------------------------------------------
                          charge      
 ------------------------------------------------------------------------------
          14.000000     -14.000000       0.000000
 
 ------------------------------------------------------------------------------
                       dipole moment  
 ------------------------------------------------------------------------------
   x    -134.736755     134.736755      -0.000000
   y      72.431558     -72.431558       0.000000
   z       0.000000      -0.000000      -0.000000
 
   | dipole moment | =     0.0000 a.u. =     0.0000 debye 
 
 ------------------------------------------------------------------------------
                     quadrupole moment
 ------------------------------------------------------------------------------
  xx    1311.779996   -1320.503489      -8.723493
  yy     374.795319    -382.450475      -7.655156
  zz       0.000000      -7.651085      -7.651085
  xy    -696.155140     696.088928      -0.066212
  xz       0.000000       0.000000       0.000000
  yz       0.000000      -0.000000      -0.000000
 
     1/3  trace=      -8.009911
     anisotropy=       1.076505
 
 ==============================================================================
 
HOMO-LUMO Separation
 HOMO         :   -0.51925740 H =    -14.12972 eV
 LUMO         :    0.04065509 H =     +1.10628 eV
 HOMO-LUMO gap:    0.55991249 H =    +15.23600 eV
 
 ==============================================================================


    ------------------------------------------------------------------------
         total  cpu-time :  12.82 seconds
         total wall-time :  18.55 seconds
    ------------------------------------------------------------------------

   ****  ridft : all done  ****


    2023-06-06 11:58:28.076 

