
   OpenMP run-time library returned nthreads =  2

 force (c04) : TURBOMOLE rev. V7-6 27 Oct 2021 at 10:11:12 compiled Oct 27th 2021
 Copyright (C) 2021 TURBOMOLE GmbH, Karlsruhe


    2023-06-08 16:38:18.404 



                             T U R B O M O L E   

                          a o f o r c e - program

                        using direct algorithms for

                       SCF level calculations of
                         * harmonic force constants
                         * hyperpolarizabilities
                         * IR and RAMAN intensities
                         * VCD intensities

                       DFT level calculations of
                         * harmonic force constants
                         * IR intensities
                                                   
       Stephan Boecker, Peter Deglmann, Filipp Furche and Marco Haeser
                          Quantum Chemistry Group
                          Universitaet  Karlsruhe
                                   Germany

 
 

          OpenMP Shared-Memory Parallelization:  2 CPUs.

            By: Erik P. Almaraz and Filipp Furche
            Copyright 2009-2011 by UCI and TURBOMOLE GmbH.

            Revised By: Christof Holzer and Yannick J. Franzke.

 
 
     References :
 
       RI-J implementation:
         Peter Deglmann, Klaus May, Filipp Furche, Reinhart Ahlrichs
                 Chem. Phys. Lett. 384:103 (2004)
 
       Efficiency, technical details:
         Peter Deglmann, Filipp Furche, Reinhart Ahlrichs
                 Chem. Phys. Lett. 362:511 (2002)
 
       Search of lowest eigenvalues by iterative diagonalization:
         Peter Deglmann, Filipp Furche
                 J. Chem. Phys. 117:9535 (2002)
 
       Vibrational circular dichroism implementation:
        Kevin Reiter, Michael Kuehn, Florian Weigend
                 J. Chem. Phys. 146:054102 (2017)  
 
 


              +--------------------------------------------------+
              | Atomic coordinate, charge and isotop information |
              +--------------------------------------------------+

                    atomic coordinates            atom    charge  isotop
         -8.86368698    3.57933337    0.05677411    n      7.000     0
         -6.93894430    3.52913631   -0.02920006    h      1.000     0
         -9.45831326    1.74780546   -0.02149092    h      1.000     0
         -9.45842663    4.41313604   -1.57591641    h      1.000     0
 
       center of nuclear mass  :   -8.82016313    3.51731127   -0.04957859
       center of nuclear charge:   -8.79014930    3.47454114   -0.12291887
 $basis  : could not find file <basis> !
              read basis sets from /software/cluster/turbomole76/basen/
              (basis sets have been saved in file basis)

              +--------------------------------------------------+
              |               basis set information              |
              +--------------------------------------------------+

              we will work with the 1s 3p 5d 7f 9g ... basis set
              ...i.e. with spherical basis functions...

   type   atoms  prim   cont   basis
   ---------------------------------------------------------------------------
    n        1     46     31   def2-TZVP   [5s3p2d1f|11s6p2d1f]
    h        3      8      6   def2-TZVP   [3s1p|5s1p]
   ---------------------------------------------------------------------------
   total:    4     70     49
   ---------------------------------------------------------------------------

   total number of primitive shells          :   26
   total number of contracted shells         :   23
   total number of cartesian basis functions :   54
   total number of SCF-basis functions       :   49

 
             FOUND RI-J FLAG !
 

 NOTE: THIS IS A PRELIMINARY IMPLEMENTATION. THE RI APPROXIMATION IS
       PRESENTLY USED FOR CPKS CONTRIBUTIONS TO THE HESSIAN ONLY! SEE
       MANUAL FOR FURTHER DETAILS.

  
 AUXILIARY BASIS SET information:
 $jbas  : could not find file <auxbasis> !
              read basis sets from /software/cluster/turbomole76/jbasen/
              (basis sets have been saved in file auxbasis)

              we will work with the 1s 3p 5d 7f 9g ... basis set
              ...i.e. with spherical basis functions...

   type   atoms  prim   cont   basis
   ---------------------------------------------------------------------------
    n        1     70     49   def2-TZVP   [6s4p3d1f1g|12s5p4d2f1g]
    h        3     16     11   def2-TZVP   [3s1p1d|5s2p1d]
   ---------------------------------------------------------------------------
   total:    4    118     82
   ---------------------------------------------------------------------------

   total number of primitive shells          :   32
   total number of contracted shells         :   30
   total number of cartesian basis functions :   97
   total number of SCF-basis functions       :   82


 symmetry group of the molecule :   c1 

 the group has the following generators :
   c1(z)

    1 symmetry operations found

 there are 1 real representations :   a   

 maximum number of shells which are related by symmetry :  1


 determining totally symmetric integral contributions 
    - equivalent to irreducible tensor elements - 
 which can be formed within each triple of representations :

             representation triple      contributions

              a     a     a               1

    mo occupation :
   irrep   mo's   occupied
    a       49        5
 
 number of basis functions   :    49
 number of occupied orbitals :     5
 
  MOs are in ASCII format !


 reading orbital data $scfmo  from file mos
 orbital characterization : scfconv=7
 time elapsed for calculating density matrices :   0.000 sec

 number of non-frozen orbitals          :    49
 number of non-frozen occupied orbitals :     5
 Blocking parameters 
 shells:
    index      start shell   last shell  start bf    last bf    #bf 
       1             1          23             1         54     54
          size of I/O Block in Byte:                 279936
  
           ----------------------
               RI - INFORMATION
           ----------------------

 biggest AO integral is expected to be     6.862573055

 Threshold for integral neglect (rithr2):   0.46E-10
 Threshold for integral neglect (rithr1):   0.46E-10

 Contributions to RI integral batches: 
  neglected integral batches:                     0
  direct contribution:                            0
  memory contribution:                   276
 Core memory available (ricore):               500 MiB
 Core memory needed for (P|Q) and Cholesky:      1 MiB
 Core memory used for integrals:                 2 MiB
 
 ****************************************
 Memory allocated for RIDFT: 2 MiB
 ****************************************
 
 
 
 
 
 OCCUPIED-OCCUPIED TENSOR SPACES :

          IRREP   tensor space dimension   number of roots

           a                25                   6
 
 OCCUPIED-VIRTUAL TENSOR SPACES :

          IRREP   tensor space dimension   number of roots

           a               220                   6
 
 
 
 
 CONSTRUCTING integral bounds

 setting up bound for integral derivative estimation

 increment for numerical differentiation : 0.00050000
 
 machine precision:   2.220446049250313E-016

 integral neglect threshold       :  0.10E-09
 integral storage threshold THIZE :  0.10E-04
 integral storage threshold THIME :         5

 
 
 
 CONSTRUCTING first deriv. of <mu|x,y,z|nu> -> Dip. deriv.
  dipole integral derivatives will be neglected if
  expon. factor <0.925926E-11
      ...terminated. cpu:       0.00       wall:       0.00
 
 
 
 
 CONSTRUCTING first deriv. of  <mu|nu>
                               <mu|h|nu>    -> RHS
              second deriv. of <mu|nu>      -> Hessian
                               <mu|h|nu>    -> Hessian
                               nucl. rep.   -> Hessian
     integrals are neglected if expon. factor <  9.259259259259258E-013
      ...terminated. cpu:       0.02       wall:       0.02
 
 
 
 
 CONSTRUCTING second deriv. of 2e energy    -> Hessian
   treating Coulomb (and exchange) contribution
     integrals will be neglected if total contribution <  9.259259259259259E-009
      ...terminated. cpu:       0.44       wall:       0.91
 
 
 
 
 CONSTRUCTING S(i,j)xi
      ...terminated. cpu:       0.00       wall:       0.00
 
 
 
 
 CONSTRUCTING <i|x,y,z|j>*S(i,j)xi          -> Dip. deriv.
      ...terminated. cpu:       0.00       wall:       0.00
 
 
 
 
 CONSTRUCTING epsilon(i)*S(i,j)xi*S(i,j)chi -> Hessian
      ...terminated. cpu:       0.00       wall:       0.00
 
 
 
 
 CONSTRUCTING G(a,i)[S(k,l)xi]              -> RHS
              G(i,j)[S(k,l)xi]*S(i,j)chi    -> Hessian
 
         Maximum core memory set to                   1000 MB
         This corresponds to                 41531 vectors in CAO basis
      ...terminated. cpu:       0.10       wall:       0.22
 
 
 
 
 CONSTRUCTING G(mu,nu)[D(kap,lam)]xi
 
          Maximum core memory set to                   1000 MB
          Atoms treated simultaneously :                     4
 max of dfo   11.0372805828519     
      ...terminated. cpu:       0.26       wall:       0.48
 
 
 
 
 CONSTRUCTING F(a,i)xi                      -> RHS
              F(i,j)xi*S(i,j)chi            -> Hessian
 
        Maximum core memory set to                  1000 MB
        This corresponds to                 76875 vectors in CAO basis
      ...terminated. cpu:       0.00       wall:       0.00
 
 
 
 
 CONSTRUCTING epsilon(i)*S(a,i)xi           -> RHS
      ...terminated. cpu:       0.00       wall:       0.00
 
 
 
 
 SOLVING CPHF equations
 
 Residuum convergence criterium   :  1.000000000000000E-005
 
 Maximum number of Davidson iterations set to                    25

 logfile cphf_a    will be constructed


                       Nonorthonormal Krylov Space Iteration


 total number of roots to be determined: 6


 maximum core memory set to         1000 MB,
 corresponding to    42736 vectors in CAO basis


 maximum number of simultaneously treated vectors (including degeneracy):        6


 Iteration IRREP Converged      Max. Euclidean
                 roots          residual norm

    1       a        0        7.242179684333640D-02
 
    2       a        0        1.664503035373992D-02
 
    3       a        0        2.979021312881234D-03
 
    4       a        0        5.359503345222635D-04
 
    5       a        0        9.229333688072918D-05
 
    6       a        6        8.219631889223106D-06
 

 converged!

      ...terminated. cpu:       0.56       wall:       1.15
 
 
 
 
 CONSTRUCTING <a|x,y,z|i>*U(a,i)xi          -> Dip. deriv.
      ...terminated. cpu:       0.01       wall:       0.02
 
 
 
 
 CONSTRUCTING RHS(a,i)xi*U(a,i)chi          -> Hessian
      ...terminated. cpu:       0.00       wall:       0.00
 
 
 
 

            -----------------------
            permanent dipole moment
            -----------------------

                                   x                y                z
    electronic part       :   88.1344209037   -35.0773398152     0.6600387810
     nuclear   part       :  -87.9014930405    34.7454114324    -1.2291886544
     total                :    0.2329278632    -0.3319283828    -0.5691498734

 with reference to the point :   0.0000000        0.0000000        0.0000000
 (given in atomic units)
    | dipole |       :    1.7762622015  debye

   ***  dipole moment & cartesian dipole gradients written onto
        $dipole, $dipgrad,  file=<dipgrad>  ***

             -----------------------------------
             rotational and vibrational analysis
             -----------------------------------


            ==============================================================
            ATOMIC WEIGHTS (average over the natural occurance of isotops)
            ==============================================================
            ('*' denotes special isotop !)
              1     n                14.00670
              2     h                 1.00797
              3     h                 1.00797
              4     h                 1.00797

          -------------------------------------------------
          CARTESIAN FORCE CONSTANT MATRIX (hartree/bohr**2)
         (translational & rotational space projected out)
          -------------------------------------------------

   ATOM              1 n                           2 h 
                  dx        dy        dz        dx        dy        dz
   1 n     dx  0.6001442
           dy  0.0605403 0.5564746
           dz  0.1037566-0.1478040 0.3890739
   2 h     dx -0.4166213-0.0018860-0.0032447 0.4450071
           dy  0.0303536-0.0609495 0.0206129-0.0027957 0.0588799
           dz  0.0520398 0.0206140-0.0376321-0.0047842-0.0181467 0.0383498
   3 h     dx -0.0917621-0.0848540-0.0178868-0.0141976-0.0506262-0.0021390
           dy -0.1169323-0.3862486 0.0114089 0.0039882 0.0022923-0.0024405
           dz -0.0362225-0.0408460-0.0373096 0.0030535 0.0014004-0.0016202
   4 h     dx -0.0917607 0.0261998-0.0826250-0.0141882 0.0230683-0.0451166
           dy  0.0260385-0.1092766 0.1157823 0.0006935-0.0002227-0.0000268
           dz -0.1195738 0.1680360-0.3141322 0.0049754-0.0038666 0.0009025

   ATOM              3 h                           4 h 
                  dx        dy        dz        dx        dy        dz
   3 h     dx  0.1002001
           dy  0.1192606 0.4039629
           dz  0.0181095-0.0030791 0.0382130
   4 h     dx  0.0057596-0.0063165 0.0150594 0.1001893
           dy  0.0162196-0.0200067 0.0425247-0.0429515 0.1295060
           dz  0.0019163-0.0058893 0.0007168 0.1126822-0.1582801 0.3125128
 

   *** projected hessian written onto $hessian (projected), file=<hessian> ***

 dipole moment in principle axis system (a.u.) :
    -0.0000195608    -0.0000161198    -0.6988300355
 norm :  0.698830035949173     

 rotational constants b for rotations around axis of inertia
 and optical intensities for (1 <-- 0) transition

   b   :     9.7996612974     9.7983033540     6.2730084693   (cm**(-1))
   b   :      293786.4548      293745.7447      188060.0628     (MHz)
  int. :     0.0000000004     0.0000000003     0.4883634185     (a.u.)

   x   :     0.8459120136     0.4163103846    -0.3333444600
   y   :    -0.2307661831     0.8492090634     0.4749641412
   z   :     0.4808116409    -0.3248532444     0.8144265072

   ***  normal modes written onto $vibrational normal modes, file=<vib_normal_modes>  ***

  Keyword $vibrational reduced masses missing in file <control>


   ***  vibrational spectroscopic data written onto$vibrational spectrum   
        file=<vibspectrum>  ***

          ---------------------------------------------------
          NORMAL MODES and VIBRATIONAL FREQUENCIES (cm**(-1))
          ---------------------------------------------------

 imaginary wave numbers indicate a negative curvature of the energy surface.
 zero frequency modes have no physical meaning except being generators of
 translations and rotations. each vibrational normal mode - given in terms of
 cartesian displacement vectors of all atoms - has been normalized to unity.
 to obtain mass-weigthed normal coordinates in a.u. divide the tabulated
 modes by sqrt(reduced mass * 1822.88853).
 band intensities or cross sections refer to independent non-degenerate normal
 modes, that is, the intensities of degenerate modes have yet to be added.
 dDIP/dQ is the normal mode derivative of the dipole moment.


       mode               1        2        3        4        5        6

     frequency           0.00     0.00     0.00     0.00     0.00     0.00

     symmetry                                                             

        IR                -        -        -        -        -        - 
|dDIP/dQ|   (a.u.)     0.0000   0.0000   0.0000   0.0000   0.0000   0.0000
intensity (km/mol)       0.00     0.00     0.00     0.00     0.00     0.00
intensity (  %   )       0.00     0.00     0.00     0.00     0.00     0.00
 
       RAMAN              -        -        -        -        -        - 
 
  1   n           x   0.01996 -0.03045 -0.01150 -0.00002  0.53880 -0.00812
                  y  -0.00305  0.21734  0.08290  0.27256  0.02640 -0.07191
                  z   0.11172 -0.33114  0.06768  0.11295 -0.03736 -0.05781
  2   h           x  -0.00179 -0.04507 -0.04201  0.01684  0.51952 -0.02007
                  y  -0.00622  0.00833 -0.43803  0.74386 -0.18918  0.26851
                  z  -0.37324 -0.53651 -0.31118  0.21532 -0.34323 -0.52399
  3   h           x  -0.02935 -0.24441 -0.50460  0.46054  0.32679  0.30526
                  y   0.03285  0.29074  0.22018  0.11654  0.08568 -0.18813
                  z  -0.35376 -0.42324  0.60173  0.26489  0.18614  0.28088
  4   h           x  -0.36345 -0.10739 -0.12522 -0.12528  0.36716 -0.55946
                  y   0.55067  0.42166 -0.13074 -0.03797 -0.02287 -0.35198
                  z   0.53417 -0.19878  0.00000  0.00000  0.00000  0.00000

reduced mass(g/mol)     1.176    3.059    1.159    2.139    4.809    1.119


       mode               7        8        9       10       11       12

     frequency        1268.75  1821.57  1821.59  3458.93  3560.29  3560.66

     symmetry            a        a        a        a        a        a   

        IR               YES      YES      YES      YES      YES      YES
|dDIP/dQ|   (a.u.)     0.0100   0.0034   0.0034   0.0004   0.0008   0.0008
intensity (km/mol)     178.43    20.99    20.99     0.32     1.03     1.03
intensity (  %   )     100.00    11.77    11.76     0.18     0.58     0.58
 
       RAMAN             YES      YES      YES      YES      YES      YES
 
  1   n           x  -0.03843  0.01565 -0.06081 -0.01279 -0.06036  0.04371
                  y   0.05476 -0.05293 -0.02517  0.01793  0.02934  0.06314
                  z   0.09391  0.03728 -0.01021  0.03115 -0.04178 -0.01880
  2   h           x  -0.01894  0.01254 -0.04872  0.57750  0.65865 -0.47546
                  y  -0.28877  0.67230  0.02321  0.00823 -0.00194  0.02592
                  z  -0.49514 -0.30902 -0.33637  0.01424 -0.03004  0.00754
  3   h           x   0.27652 -0.54357  0.33662 -0.19931 -0.04520 -0.25254
                  y  -0.07982  0.15369 -0.15443 -0.53882 -0.07367 -0.77016
                  z  -0.49605 -0.08876  0.44678  0.01670 -0.01408 -0.02410
  4   h           x   0.27650  0.31358  0.55716 -0.20049  0.22534  0.12067
                  y  -0.39242 -0.09045  0.48095  0.28140 -0.33212 -0.13312
                  z  -0.31376 -0.12020  0.03148 -0.46375  0.62472  0.27780

reduced mass(g/mol)     1.181    1.066    1.066    1.027    1.089    1.089
 

         **************************************************************
         *                                                            *
         *  zero point VIBRATIONAL energy  :      0.0352929  Hartree  *
         *    SCF-energy                   :    -56.2177810           *
         *    SCF + E(vib0)                :    -56.1824881           *
         *                                                            *
         **************************************************************




 time elapsed for vibrational analysis     0.01 sec


    ------------------------------------------------------------------------
         total  cpu-time :   1.81 seconds
         total wall-time :   4.43 seconds
    ------------------------------------------------------------------------

   ****  force : all done  ****


    2023-06-08 16:38:22.787 

