
  ========================================================================
                license information 
 Customer : 200000000058156
 ID       : LKO1924661

 License file is VALID, continuing with full version
  ========================================================================

   OpenMP run-time library returned nthreads =  2

 ridft (c04) : TURBOMOLE rev. V7-6 27 Oct 2021 at 10:11:12 compiled Oct 27th 2021
 Copyright (C) 2021 TURBOMOLE GmbH, Karlsruhe


    2023-06-06 11:13:26.930 



                                  r i d f t

                        DFT program with RI approximation 
                                for coulomb part 




                                                 
                                 References:     
                                                 
          TURBOMOLE:                             
              R. Ahlrichs, M. Baer, M. Haeser, H. Horn, and
              C. Koelmel
              Electronic structure calculations on workstation
              computers: the program system TURBOMOLE
              Chem. Phys. Lett. 162: 165 (1989)
          Density Functional:                              
              O. Treutler and R. Ahlrichs                      
              Efficient Molecular Numerical Integration Schemes
              J. Chem. Phys. 102: 346 (1995)                   
          Parallel Version:                                
              Performance of parallel TURBOMOLE for Density    
              Functional Calculations                          
              M. v. Arnim and R. Ahlrichs                      
              J. Comp. Chem. 19: 1746 (1998)                   
          RI-J Method:                                     
              Auxiliary Basis Sets to approximate Coulomb      
              Potentials                                       
              Chem. Phys. Lett. 240: 283 (1995)                
              K. Eichkorn, O. Treutler, H. Oehm, M. Haeser     
              and R. Ahlrichs                                  
              Chem. Phys. Lett. 242: 652 (1995)                
                                                           
              Auxiliary Basis Sets for Main Row Atoms and their
              Use to approximate Coulomb Potentials            
              K. Eichkorn, F. Weigend, O. Treutler and         
              R. Ahlrichs                                      
              Theo. Chem. Acc. 97: 119 (1997)                   
                                                           
              Accurate Coulomb-fitting basis sets for H to Rn 
              F. Weigend                                        
              Phys. Chem. Chem. Phys. 8: 1057 (2006)            
                                                           
          Multipole accelerated RI-J (MARI-J):             
              Fast evaluation of the Coulomb potential for     
              electron densities using multipole accelerated   
              resolution of identity approximation             
              M. Sierka, A. Hogekamp and R. Ahlrichs           
              J. Chem. Phys. 118: 9136 (2003)                  
          RI-JK Method:                                     
              A fully direct RI-HF algorithm: Implementation,
              optimised auxiliary basis sets, demonstration of
              accuracy and efficiency                         
              F. Weigend                                      
              Phys. Chem. Chem. Phys. 4: 4285 (2002)           
          Two-component HF and DFT with spin-orbit coupling:  
              Self-consistent treatment of spin-orbit         
              interactions with efficient Hartree-Fock and    
              density functional methods                      
              M. K. Armbruster, F. Weigend, C. van Wüllen and 
              W. Klopper                                      
              Phys. Chem. Chem. Phys. 10: 1748 (2008)         
          Two-component difference density and DIIS algorithm 
              Efficient two-component self-consistent field   
              procedures and gradients: implementation in     
              TURBOMOLE and application to Au20-              
              A. Baldes, F. Weigend                           
              Mol. Phys. 111: 2617 (2013)                     
          Relativistic all-electron 2c calculations           
              An efficient implementation of two-component    
              relativistic exact-decoupling methods for large 
              molecules                                       
              D. Peng, N. Middendorf, F. Weigend, M. Reiher   
              J. Chem. Phys. 138: 184105 (2013)               
          Finite nucleus model and SNSO approximation         
              Efficient implementation of one- and two-       
              component analytical energy gradients in exact  
              two-component theory                            
              Y. J. Franzke, N. Middendorf, F. Weigend        
              J. Chem. Phys. 148: 104110 (2018)               
          Grids for all-electron relativistic methods         
              Error-consistent segmented contracted all-      
              electron relativistic basis sets of double-     
              and triple-zeta quality for NMR shielding       
              constants                                       
              Y. J. Franzke, R. Tress, T. M. Pazdera,         
              F. Weigend                                      
              Phys. Chem. Chem. Phys. 21: 166658 (2019)       
          Seminumerical exchange algorithms                   
              Seminumerical calculation of the Hartree-Fock   
              exchange matirx: Application to two-component   
              procedures and efficient evaluation of local    
              hybrid functionsl                               
               P. Plessow, F. Weigend,                        
              J. Comput. Chem. 33: 810 (2012)                 
          Improved seminumerical algorithms                   
              C. Holzer,                                      
              J. Chem. Phys. 153 (2020), 184115               
                                         





          OpenMP Shared-Memory Parallelization:  2 CPUs.

            By: Christof Holzer and Yannick J. Franzke


              +--------------------------------------------------+
              |      general information about current run       |
              +--------------------------------------------------+

 

 DENSITY CONVERGENCE CHECK SWITCHED ON !
 SCF CONVERGENCE IF RMS(delta[D]) <     0.1000000000E-06

 A HF calculation using the RI-J approximation will be carried out.
 Allocatable memory for RI due to $ricore (MB):                   500


              +--------------------------------------------------+
              | Atomic coordinate, charge and isotop information |
              +--------------------------------------------------+

                    atomic coordinates            atom    charge  isotop
         -8.86368698    3.57933337    0.05677411    n      7.000     0
         -6.93894430    3.52913631   -0.02920006    h      1.000     0
         -9.45831326    1.74780546   -0.02149092    h      1.000     0
         -9.45842663    4.41313604   -1.57591641    h      1.000     0
 
       center of nuclear mass  :   -8.82016313    3.51731127   -0.04957859
       center of nuclear charge:   -8.79014930    3.47454114   -0.12291887

  Keyword $basis  missing in file <control>

              read basis sets from /software/cluster/turbomole76/basen/
              (basis sets have been saved in file basis)

              +--------------------------------------------------+
              |               basis set information              |
              +--------------------------------------------------+

              we will work with the 1s 3p 5d 7f 9g ... basis set
              ...i.e. with spherical basis functions...

   type   atoms  prim   cont   basis
   ---------------------------------------------------------------------------
    n        1     46     31   def2-TZVP   [5s3p2d1f|11s6p2d1f]
    h        3      8      6   def2-TZVP   [3s1p|5s1p]
   ---------------------------------------------------------------------------
   total:    4     70     49
   ---------------------------------------------------------------------------

   total number of primitive shells          :   26
   total number of contracted shells         :   23
   total number of cartesian basis functions :   54
   total number of SCF-basis functions       :   49


 integral neglect threshold       :  0.62E-10
 integral storage threshold THIZE :  0.10E-04
 integral storage threshold THIME :         5

 RI-J AUXILIARY BASIS SET information:

              assign orbital basis set names as defaults
              read basis sets from /software/cluster/turbomole76/jbasen/
              (basis sets have been saved in file auxbasis)

              we will work with the 1s 3p 5d 7f 9g ... basis set
              ...i.e. with spherical basis functions...

   type   atoms  prim   cont   basis
   ---------------------------------------------------------------------------
    n        1     70     49   def2-TZVP   [6s4p3d1f1g|12s5p4d2f1g]
    h        3     16     11   def2-TZVP   [3s1p1d|5s2p1d]
   ---------------------------------------------------------------------------
   total:    4    118     82
   ---------------------------------------------------------------------------

   total number of primitive shells          :   32
   total number of contracted shells         :   30
   total number of cartesian basis functions :   97
   total number of SCF-basis functions       :   82


 symmetry group of the molecule :   c1 

 the group has the following generators :
   c1(z)

    1 symmetry operations found

 there are 1 real representations :   a   

 maximum number of shells which are related by symmetry :  1


 biggest AO integral is expected to be     6.862573055

          ------------------------
          nuclear repulsion energy  :   11.8683836962    
          ------------------------


         -----------------
         -S,T+V- integrals
         -----------------

 1e-integrals will be neglected if expon. factor < 0.618882E-11
 
   Difference densities algorithm switched on.
   The maximal number of linear combinations of
   difference densities is                    20 .

 DIIS switched on: error vector is FDS-SDF
 Max. Iterations for DIIS is     :   5
 DIIS matrix (see manual) 
    Scaling factor of diagonals  :  1.200
    threshold for scaling factor :  0.000

 scf convergence criterion : increment of total energy < .1000000D-06
                  and increment of one-electron energy < .1000000D-03

 MOs are in ASCII format !

  missing closed shell occupation number declaration

 No input with occupation numbers/open-shell information found

 start vectors will be provided by an EHT guess

 The EHT guess will be determined for:
   molecular charge   :    0
   number of electrons:   10
   S_z eigenvalue     :    0
 
 virtual MOs provided and orthogonalized by Cholesky decomposition

 automatic virtual orbital shift switched on 
      shift if e(lumo)-e(homo) < 0.10000000    

  
           ------------------------
               RI-J - INFORMATION
           ------------------------
 Contributions to RI integral batches: 
  neglected integral batches:                     0
  direct contribution:                            0
  memory contribution:                   276
 Memory core needed for (P|Q) and Cholesky      1 MByte
 Memory core minimum needed except of (P|Q)     1 MByte
 Total minimum memory core needed (sum)         1 MByte
  
 ****************************************
 Memory allocated for RI-J     2 MByte
 ****************************************
                                            

 dump of DSCF restart information has been disabled !


 Starting SCF iterations


 ITERATION  ENERGY          1e-ENERGY        2e-ENERGY     RMS[dD(SAO)]   TOL
   1  -56.001588738979    -99.901470561     32.031498125    0.000D+00 0.617D-10
                            exK = -7.64296110965     Coul =  39.6744592350    
                            current damping = 0.300
 
          max. resid. norm for Fia-block=  2.727D-01 for orbital      1a         
          max. resid. fock norm         =  1.134D+01 for orbital     36a         

 ITERATION  ENERGY          1e-ENERGY        2e-ENERGY     RMS[dD(SAO)]   TOL
   2  -56.184209146789    -99.368574046     31.315981203    0.684D-02 0.406D-10
                            current damping = 0.250
 
          Norm of current diis error: 0.69305    
          max. resid. norm for Fia-block=  9.979D-02 for orbital      2a         
          max. resid. fock norm         =  1.015D-01 for orbital      2a         

 ITERATION  ENERGY          1e-ENERGY        2e-ENERGY     RMS[dD(SAO)]   TOL
   3  -56.211927534291    -99.556274540     31.475963309    0.340D-02 0.311D-10
                            current damping = 0.200
 
          Norm of current diis error: 0.23076    
          max. resid. norm for Fia-block=  3.632D-02 for orbital      5a         
          max. resid. fock norm         =  3.671D-02 for orbital      5a         

 ITERATION  ENERGY          1e-ENERGY        2e-ENERGY     RMS[dD(SAO)]   TOL
   4  -56.216920626355    -99.444478218     31.359173895    0.208D-02 0.264D-10
                            current damping = 0.250
 
          Norm of current diis error: 0.77884E-01
          max. resid. norm for Fia-block=  1.248D-02 for orbital      5a         
          max. resid. fock norm         =  1.272D-02 for orbital      5a         

 ITERATION  ENERGY          1e-ENERGY        2e-ENERGY     RMS[dD(SAO)]   TOL
   5  -56.217624640316    -99.478114110     31.392105774    0.916D-03 0.242D-10
                            current damping = 0.300
 
          Norm of current diis error: 0.26877E-01
          max. resid. norm for Fia-block=  7.442D-03 for orbital      5a         
          max. resid. fock norm         =  7.478D-03 for orbital      5a         
          mo-orthogonalization: Cholesky decomposition

 ITERATION  ENERGY          1e-ENERGY        2e-ENERGY     RMS[dD(SAO)]   TOL
   6  -56.217751497396    -99.466938362     31.380803168    0.465D-03 0.226D-10
                            current damping = 0.350
 
          Norm of current diis error: 0.11207E-01
          max. resid. norm for Fia-block=  3.231D-03 for orbital      5a         
          max. resid. fock norm         =  3.268D-03 for orbital      5a         

 ITERATION  ENERGY          1e-ENERGY        2e-ENERGY     RMS[dD(SAO)]   TOL
   7  -56.217775289428    -99.468440832     31.382281846    0.217D-03 0.213D-10
                            current damping = 0.400
 
          Norm of current diis error: 0.45211E-02
          max. resid. norm for Fia-block=  1.563D-03 for orbital      5a         
          max. resid. fock norm         =  1.578D-03 for orbital      5a         

 ITERATION  ENERGY          1e-ENERGY        2e-ENERGY     RMS[dD(SAO)]   TOL
   8  -56.217779833098    -99.467819011     31.381655481    0.988D-04 0.201D-10
                            current damping = 0.450
 
          Norm of current diis error: 0.20169E-02
          max. resid. norm for Fia-block=  7.329D-04 for orbital      5a         
          max. resid. fock norm         =  7.428D-04 for orbital      5a         

 ITERATION  ENERGY          1e-ENERGY        2e-ENERGY     RMS[dD(SAO)]   TOL
   9  -56.217780758852    -99.467817613     31.381653158    0.456D-04 0.191D-10
                            current damping = 0.300
 
          Norm of current diis error: 0.86980E-03
          max. resid. norm for Fia-block=  3.331D-04 for orbital      5a         
          max. resid. fock norm         =  3.376D-04 for orbital      5a         

 ITERATION  ENERGY          1e-ENERGY        2e-ENERGY     RMS[dD(SAO)]   TOL
  10  -56.217780946048    -99.467662706     31.381498064    0.227D-04 0.182D-10
                            current damping = 0.150
 
          Norm of current diis error: 0.30856E-03
          max. resid. norm for Fia-block=  1.164D-04 for orbital      5a         
          max. resid. fock norm         =  1.186D-04 for orbital      5a         
          mo-orthogonalization: Cholesky decomposition

 ITERATION  ENERGY          1e-ENERGY        2e-ENERGY     RMS[dD(SAO)]   TOL
  11  -56.217780969913    -99.467702986     31.381538320    0.912D-05 0.174D-10
                            current damping = 0.200
 
          Norm of current diis error: 0.74251E-04
          max. resid. norm for Fia-block=  2.472D-05 for orbital      5a         
          max. resid. fock norm         =  2.506D-05 for orbital      5a         

 ITERATION  ENERGY          1e-ENERGY        2e-ENERGY     RMS[dD(SAO)]   TOL
  12  -56.217780970977    -99.467663089     31.381498422    0.173D-05 0.176D-10
                            current damping = 0.250
 
          Norm of current diis error: 0.21375E-04
          max. resid. norm for Fia-block=  6.676D-06 for orbital      5a         
          max. resid. fock norm         =  6.918D-06 for orbital      5a         

 ENERGY & DENSITY CONVERGED !


 ITERATION  ENERGY          1e-ENERGY        2e-ENERGY     RMS[dD(SAO)]   TOL
  13  -56.217780970960    -99.467677733     31.381513066    0.465D-06 0.176D-10
                            current damping = 0.300
 
          Norm of current diis error: 0.78026E-05
          max. resid. norm for Fia-block=  1.846D-06 for orbital      5a         
          max. resid. fock norm         =  1.874D-06 for orbital      5a         

 End of SCF iterations

   convergence criteria satisfied after    13 iterations


                  ------------------------------------------ 
                 |  total energy      =    -56.21778097096  |
                  ------------------------------------------ 
                 :  kinetic energy    =     56.12063240253  :
                 :  potential energy  =   -112.33841337349  :
                 :  virial theorem    =      1.99827192453  :
                 :  wavefunction norm =      1.00000000000  :
                  .......................................... 


 <geterg> : there is no data group $energy 


 orbitals $scfmo  will be written to file mos

    irrep                  1a          2a          3a          4a          5a   
 eigenvalues H        -15.54027    -1.13693    -0.62323    -0.62322    -0.42868
            eV        -422.8756    -30.9377    -16.9590    -16.9587    -11.6651
 occupation              2.0000      2.0000      2.0000      2.0000      2.0000

    irrep                  6a          7a          8a          9a         10a   
 eigenvalues H          0.12782     0.21263     0.21263     0.44174     0.44174
            eV           3.4782      5.7860      5.7861     12.0203     12.0206
 
 
 
 
 ==============================================================================
                           electrostatic moments
 ==============================================================================

 reference point for electrostatic moments:    0.00000   0.00000   0.00000

 
              nuc           elec       ->  total
 ------------------------------------------------------------------------------
                          charge      
 ------------------------------------------------------------------------------
          10.000000     -10.000000       0.000000
 
 ------------------------------------------------------------------------------
                       dipole moment  
 ------------------------------------------------------------------------------
   x     -87.901493      88.134421       0.232928
   y      34.745411     -35.077340      -0.331928
   z      -1.229189       0.660039      -0.569150
 
   | dipole moment | =     0.6988 a.u. =     1.7762 debye 
 
 ------------------------------------------------------------------------------
                     quadrupole moment
 ------------------------------------------------------------------------------
  xx     777.025100    -785.952737      -8.927637
  yy     124.666789    -132.060835      -7.394046
  zz       2.507390      -8.428161      -5.920771
  xy    -304.843730     308.922727       4.078997
  xz      11.788980      -6.210901       5.578079
  yz      -5.672852       2.875978      -2.796874
 
     1/3  trace=      -7.414152
     anisotropy=      13.172278
 
 ==============================================================================
 
HOMO-LUMO Separation
 HOMO         :   -0.42868050 H =    -11.66500 eV
 LUMO         :    0.12782028 H =     +3.47817 eV
 HOMO-LUMO gap:    0.55650078 H =    +15.14317 eV
 
 ==============================================================================


    ------------------------------------------------------------------------
         total  cpu-time :   6.36 seconds
         total wall-time :  1 minutes and  8 seconds
    ------------------------------------------------------------------------

   ****  ridft : all done  ****


    2023-06-06 11:14:32.620 

