ORCA-Dummy output for GSM TS Optimizer. Not a real ORCA-Output
Total Energy       :          -27.41980323
------------------
CARTESIAN GRADIENT
------------------

   0   C   :   -0.001869158    0.004197390    0.001075442
   1   C   :    0.002752975   -0.010149764   -0.000518384
   2   C   :    0.000510683    0.002496696    0.000856343
   3   C   :    0.000764916    0.001351644    0.000275153
   4   C   :    0.002774061   -0.008680732   -0.002345182
   5   H   :   -0.000025960   -0.000021697    0.000102163
   6   H   :    0.000104308    0.000103852   -0.000195423
   7   H   :   -0.000170472    0.001295502   -0.000024911
   8   H   :   -0.000159038    0.000243939   -0.000100632
   9   H   :   -0.000345504    0.000832399    0.000190029
  10   H   :   -0.000391192    0.001866729    0.000242011
  11   C   :   -0.003598614    0.009669882   -0.000164284
  12   C   :   -0.000796364    0.008115496    0.002294967
  13   C   :   -0.000041701   -0.002693337   -0.000230987
  14   C   :    0.000241472   -0.000062285    0.000186860
  15   C   :   -0.000174981   -0.002091714   -0.000415161
  16   H   :    0.001045679   -0.004425160    0.000083517
  17   H   :    0.000287710   -0.003632316   -0.001350344
  18   H   :    0.000087486    0.000154987    0.000425773
  19   H   :   -0.000927571    0.000938709   -0.000519143
  20   H   :   -0.000020292   -0.000137399   -0.000001039
  21   H   :   -0.000048443    0.000627179    0.000133231
