ORCA-Dummy output for GSM TS Optimizer. Not a real ORCA-Output
Total Energy       :          -27.50004258
------------------
CARTESIAN GRADIENT
------------------

   0   C   :    0.000126380   -0.000020634   -0.000041328
   1   C   :   -0.000057744   -0.000010066    0.000154889
   2   C   :    0.000023536    0.000010202    0.000036678
   3   C   :   -0.000000825    0.000144205    0.000072578
   4   C   :   -0.000064343   -0.000036294   -0.000145240
   5   H   :   -0.000027173    0.000008292    0.000035474
   6   H   :   -0.000005107    0.000014064   -0.000002531
   7   H   :   -0.000016466   -0.000004348   -0.000059243
   8   H   :    0.000038700   -0.000022362   -0.000085295
   9   H   :   -0.000091689   -0.000100008   -0.000075471
  10   H   :    0.000035460   -0.000002442    0.000037304
  11   C   :    0.000031380    0.000103835    0.000079780
  12   C   :    0.000054252   -0.000049480   -0.000065974
  13   C   :   -0.000028309   -0.000020977    0.000011723
  14   C   :   -0.000011549    0.000018841   -0.000007900
  15   C   :    0.000041607   -0.000016516   -0.000001709
  16   H   :   -0.000015580   -0.000036894   -0.000002225
  17   H   :   -0.000025079   -0.000009677    0.000020523
  18   H   :   -0.000006628   -0.000003554   -0.000012275
  19   H   :    0.000002272   -0.000027532    0.000026673
  20   H   :   -0.000023500    0.000040852    0.000006076
  21   H   :    0.000020403    0.000020492    0.000017494
