ORCA-Dummy output for GSM TS Optimizer. Not a real ORCA-Output
Total Energy       :          -27.43963086
------------------
CARTESIAN GRADIENT
------------------

   0   C   :    0.010129514   -0.024283841   -0.006256248
   1   C   :   -0.013217934    0.042474903    0.000423582
   2   C   :    0.004062236   -0.011495928    0.003067242
   3   C   :    0.000825931   -0.010997650   -0.003898910
   4   C   :   -0.007383662    0.051193801    0.014074860
   5   H   :    0.000815963   -0.000911281   -0.000230591
   6   H   :   -0.002005723   -0.001698368    0.000650663
   7   H   :   -0.000073010   -0.006001869   -0.000987260
   8   H   :    0.001867691   -0.001207940    0.000516630
   9   H   :   -0.000918183    0.000121576   -0.002674654
  10   H   :    0.000787189   -0.008217059   -0.001082848
  11   C   :    0.013507045   -0.037970974    0.008607765
  12   C   :   -0.002915047   -0.043709255   -0.015963503
  13   C   :    0.003767216    0.008696571   -0.002265281
  14   C   :    0.001951696    0.001230389    0.000741888
  15   C   :   -0.003055777    0.012887816   -0.001818135
  16   H   :   -0.005157817    0.017000714   -0.001627157
  17   H   :   -0.000745107    0.015435385    0.007349764
  18   H   :    0.000755758   -0.000010071    0.000145309
  19   H   :   -0.003897106   -0.000077565    0.001239418
  20   H   :    0.000615966   -0.001128751   -0.000332000
  21   H   :    0.000283164   -0.001330604    0.000319467
