ORCA-Dummy output for GSM TS Optimizer. Not a real ORCA-Output
Total Energy       :          -27.48591511
------------------
CARTESIAN GRADIENT
------------------

   0   C   :    0.005937691   -0.011061076   -0.004354760
   1   C   :   -0.006923148    0.024341265    0.000423072
   2   C   :    0.002419675   -0.007034803   -0.000963721
   3   C   :    0.001928533   -0.007700808   -0.000760565
   4   C   :   -0.003246644    0.023978734    0.006390662
   5   H   :    0.002525026   -0.001679948   -0.000853014
   6   H   :   -0.004394744   -0.003061233    0.001639306
   7   H   :    0.000412205   -0.005564339   -0.000611004
   8   H   :    0.001093510   -0.000720018    0.000308768
   9   H   :    0.000807934   -0.000366806   -0.001866406
  10   H   :    0.001285261   -0.006215136   -0.000503399
  11   C   :    0.008542909   -0.022703241    0.004329081
  12   C   :   -0.002490277   -0.019593595   -0.007921147
  13   C   :    0.003627541    0.006336831   -0.001402642
  14   C   :    0.000909117    0.002280970    0.000715445
  15   C   :   -0.001336535    0.008470430   -0.000828011
  16   H   :   -0.006784954    0.012720346   -0.003087970
  17   H   :   -0.000492083    0.010906316    0.008275474
  18   H   :    0.000687291   -0.000339145   -0.001660466
  19   H   :   -0.004352529   -0.000243152    0.002938398
  20   H   :   -0.000111911   -0.000367360   -0.000237353
  21   H   :   -0.000043869   -0.002384233    0.000030255
