ORCA-Dummy output for GSM TS Optimizer. Not a real ORCA-Output
Total Energy       :          -27.42261495
------------------
CARTESIAN GRADIENT
------------------

   0   C   :    0.004033557   -0.010273811   -0.002539435
   1   C   :   -0.006156459    0.017966099    0.000555147
   2   C   :    0.001947428   -0.005893723   -0.002636007
   3   C   :    0.001906360   -0.005546711    0.001153735
   4   C   :   -0.003961331    0.026190662    0.008545072
   5   H   :    0.000929557   -0.000837809   -0.000360214
   6   H   :   -0.001540961   -0.001241828    0.000504993
   7   H   :   -0.000071558   -0.001664258   -0.000059894
   8   H   :    0.000654034   -0.000061024    0.000249397
   9   H   :    0.000033172    0.000809115   -0.001192176
  10   H   :    0.000254131   -0.003112225   -0.000358433
  11   C   :    0.005225735   -0.013822880    0.003068881
  12   C   :   -0.000282438   -0.024226725   -0.008306513
  13   C   :    0.001845687    0.003840559   -0.000063846
  14   C   :   -0.001073900    0.000249073   -0.001206200
  15   C   :    0.001010911    0.005226102    0.000561197
  16   H   :   -0.001762790    0.006190523   -0.000638195
  17   H   :   -0.000639005    0.006819350    0.002971494
  18   H   :    0.000526520    0.000349055    0.000449388
  19   H   :   -0.002896247    0.000247226   -0.000774068
  20   H   :   -0.000123858   -0.000832415   -0.000127878
  21   H   :    0.000141453   -0.000374359    0.000203552
