ORCA-Dummy output for GSM TS Optimizer. Not a real ORCA-Output
Total Energy       :          -27.48223504
------------------
CARTESIAN GRADIENT
------------------

   0   C   :    0.006178461   -0.010309581   -0.002029079
   1   C   :   -0.009301053    0.028508557    0.001216170
   2   C   :    0.002880092   -0.006265084    0.000552233
   3   C   :   -0.000800937   -0.005078016   -0.002471480
   4   C   :   -0.004164661    0.021947477    0.003863143
   5   H   :    0.003837827   -0.004133648   -0.002075838
   6   H   :   -0.002634416   -0.002372481    0.001939570
   7   H   :    0.001374378   -0.008092694   -0.001039029
   8   H   :    0.000989510   -0.001559739    0.000566187
   9   H   :    0.001217194   -0.000565652   -0.001052904
  10   H   :    0.001309253   -0.006802206   -0.000100817
  11   C   :    0.012293266   -0.028388019    0.004515345
  12   C   :   -0.002403981   -0.023461850   -0.013192073
  13   C   :    0.001243168    0.007904047    0.001480605
  14   C   :    0.001825908    0.003754476    0.001241719
  15   C   :   -0.001922601    0.010288094   -0.000239222
  16   H   :   -0.008291675    0.015849468   -0.002945858
  17   H   :   -0.002718273    0.014139084    0.010319532
  18   H   :    0.000253632    0.000076841   -0.001159602
  19   H   :   -0.000232379   -0.000842304    0.001031996
  20   H   :   -0.000743769   -0.001559051    0.000287995
  21   H   :   -0.000188942   -0.003037720   -0.000708592
