ORCA-Dummy output for GSM TS Optimizer. Not a real ORCA-Output
Total Energy       :          -27.42661611
------------------
CARTESIAN GRADIENT
------------------

   0   C   :   -0.002286641    0.002245014   -0.000341086
   1   C   :   -0.000759309   -0.008801948    0.000192676
   2   C   :    0.002188612    0.003824280    0.001183191
   3   C   :   -0.002320663    0.001240852    0.003080413
   4   C   :    0.005271940   -0.007088678   -0.004038604
   5   H   :    0.000683690   -0.001396879    0.000236496
   6   H   :    0.000837940    0.001133948   -0.000187764
   7   H   :   -0.000464207    0.000673753   -0.000515066
   8   H   :    0.000425535    0.000168961   -0.000632090
   9   H   :   -0.000019392   -0.000128567    0.000146813
  10   H   :   -0.000248528    0.001544419   -0.000157540
  11   C   :   -0.002164551    0.006977662    0.001576589
  12   C   :   -0.002035842    0.011000443    0.001173498
  13   C   :    0.000799350   -0.002682046   -0.000952934
  14   C   :    0.002740854   -0.000510344    0.002561185
  15   C   :   -0.003172242   -0.002312375   -0.001603379
  16   H   :    0.000911245   -0.003945330    0.000249832
  17   H   :   -0.000683076   -0.003070865   -0.001871276
  18   H   :   -0.000195300    0.000037623    0.000349669
  19   H   :    0.000423744    0.000076487   -0.000567953
  20   H   :    0.000267695    0.000194781    0.000155243
  21   H   :   -0.000200854    0.000818811   -0.000037912
