ORCA-Dummy output for GSM TS Optimizer. Not a real ORCA-Output
Total Energy       :          -27.42987179
------------------
CARTESIAN GRADIENT
------------------

   0   C   :   -0.001785732    0.001490571    0.001529704
   1   C   :    0.002628787   -0.005244238   -0.001190534
   2   C   :   -0.000288162    0.002166369    0.001086542
   3   C   :   -0.000126964    0.002712424   -0.001622477
   4   C   :    0.000490445   -0.006784014   -0.001424389
   5   H   :    0.001401397   -0.001209264   -0.000268235
   6   H   :    0.000954460    0.000822025    0.000032722
   7   H   :    0.000497236    0.000747786    0.000054504
   8   H   :   -0.000422074   -0.000182224    0.000665081
   9   H   :   -0.000282264    0.000082161   -0.000068755
  10   H   :   -0.000169318    0.000895098    0.000253306
  11   C   :   -0.002029313    0.006133979    0.000467875
  12   C   :   -0.000709114    0.008448721    0.002298420
  13   C   :   -0.000106530   -0.002374256    0.000066964
  14   C   :    0.000011466   -0.000610994   -0.000484646
  15   C   :    0.000433737   -0.001988028   -0.000947926
  16   H   :    0.000364464   -0.003818012    0.000165479
  17   H   :   -0.001053974   -0.002588683   -0.000840494
  18   H   :   -0.000190494   -0.000065296    0.000401954
  19   H   :    0.000295738    0.000326582   -0.000343345
  20   H   :    0.000082779    0.000169382   -0.000038105
  21   H   :    0.000003431    0.000869912    0.000206356
