ORCA-Dummy output for GSM TS Optimizer. Not a real ORCA-Output
Total Energy       :          -27.41727678
------------------
CARTESIAN GRADIENT
------------------

   0   C   :   -0.006044513    0.000998114    0.002698114
   1   C   :    0.001736889   -0.001495334   -0.001957519
   2   C   :   -0.000868766   -0.001019200    0.000204975
   3   C   :    0.004643415    0.001152137   -0.002216811
   4   C   :   -0.000361238   -0.000018738    0.004327215
   5   H   :    0.002400095    0.003202512   -0.000509932
   6   H   :    0.001562621   -0.004775486   -0.001579869
   7   H   :    0.001373313    0.001147239    0.001753497
   8   H   :    0.000044354    0.000313720   -0.000472981
   9   H   :   -0.001977538    0.000384863   -0.000297129
  10   H   :   -0.000622686    0.000227102   -0.001045627
  11   C   :   -0.001264639    0.004517196   -0.000562406
  12   C   :    0.000922382   -0.003120605    0.002668147
  13   C   :   -0.004403205    0.000696965   -0.002770278
  14   C   :    0.002773488    0.000077803   -0.001380477
  15   C   :   -0.000435963    0.000160232   -0.001309087
  16   H   :    0.000629806   -0.002069992   -0.000142640
  17   H   :    0.002238619    0.000997790   -0.003062959
  18   H   :    0.001512002   -0.003739940    0.001809144
  19   H   :   -0.000436969    0.003076961    0.001222325
  20   H   :   -0.003397260   -0.000854699    0.001273949
  21   H   :   -0.000024206    0.000141360    0.001350348
