ORCA-Dummy output for GSM TS Optimizer. Not a real ORCA-Output
Total Energy       :          -27.49966531
------------------
CARTESIAN GRADIENT
------------------

   0   C   :    0.001521120    0.000604189   -0.000345989
   1   C   :    0.000498832    0.001548368    0.001108216
   2   C   :    0.000308321   -0.001172660    0.001507139
   3   C   :   -0.000965446   -0.000985809   -0.001322587
   4   C   :   -0.000278706    0.001413776   -0.001308289
   5   H   :    0.000457146   -0.001951851   -0.000611298
   6   H   :   -0.001208288    0.000901603    0.000862988
   7   H   :   -0.000224469   -0.000250787   -0.000717514
   8   H   :    0.000083291    0.000297814   -0.000125582
   9   H   :    0.000159840    0.000238026    0.000029465
  10   H   :    0.000382161   -0.000120077    0.000609897
  11   C   :    0.001102908   -0.001428628    0.000261972
  12   C   :    0.000193572   -0.002032541   -0.002024588
  13   C   :   -0.000342887    0.000734532   -0.000723117
  14   C   :   -0.001073794    0.001142425    0.000074495
  15   C   :    0.000635699    0.000579258    0.001114683
  16   H   :   -0.000864232    0.000608360   -0.000505171
  17   H   :   -0.000788715    0.001276742    0.002083983
  18   H   :   -0.000087835   -0.000892972   -0.000483956
  19   H   :    0.000467149    0.000268071    0.000834730
  20   H   :    0.000056898   -0.000020376   -0.000133296
  21   H   :   -0.000032565   -0.000757462   -0.000186180
