ORCA-Dummy output for GSM TS Optimizer. Not a real ORCA-Output
Total Energy       :          -27.43355045
------------------
CARTESIAN GRADIENT
------------------

   0   C   :   -0.000731589    0.001432410    0.000429740
   1   C   :    0.000661218   -0.002786139   -0.000207099
   2   C   :    0.000016379    0.000834145    0.000234198
   3   C   :   -0.000113386    0.000943137   -0.000062001
   4   C   :    0.000743107   -0.003359194   -0.000648593
   5   H   :   -0.000158947    0.000011169    0.000073362
   6   H   :    0.000253420    0.000313751   -0.000114228
   7   H   :   -0.000009363    0.000736469   -0.000075305
   8   H   :   -0.000148685    0.000080072   -0.000069311
   9   H   :   -0.000102104    0.000225283    0.000159865
  10   H   :   -0.000016065    0.000734217    0.000110984
  11   C   :   -0.001083461    0.002731694   -0.000016590
  12   C   :   -0.000528544    0.002978632    0.001058565
  13   C   :    0.000032423   -0.000551684   -0.000151119
  14   C   :    0.000116615   -0.000501806   -0.000099804
  15   C   :    0.000288855   -0.000775959   -0.000192776
  16   H   :    0.000567247   -0.001953179   -0.000009405
  17   H   :    0.000218934   -0.001590393   -0.000614437
  18   H   :    0.000014737    0.000093045    0.000183130
  19   H   :    0.000081641    0.000070646   -0.000070500
  20   H   :    0.000013302   -0.000023132   -0.000000710
  21   H   :   -0.000115735    0.000356818    0.000082037
