ORCA-Dummy output for GSM TS Optimizer. Not a real ORCA-Output
Total Energy       :          -27.42093010
------------------
CARTESIAN GRADIENT
------------------

   0   C   :   -0.002862949    0.005196876    0.001703560
   1   C   :    0.003689524   -0.008798561   -0.001021414
   2   C   :   -0.000988960    0.002374351    0.000029744
   3   C   :    0.000715111    0.002335101    0.000219791
   4   C   :    0.001441477   -0.009894044   -0.001641272
   5   H   :    0.001806149   -0.001285357    0.000076473
   6   H   :    0.000799287   -0.000156831   -0.000269101
   7   H   :    0.000002344    0.001154398   -0.000206593
   8   H   :   -0.000336591   -0.000006545    0.000048085
   9   H   :   -0.000315499    0.000216407    0.000244130
  10   H   :   -0.000370576    0.001602344    0.000017689
  11   C   :   -0.002646088    0.009304412   -0.001952262
  12   C   :    0.000746502    0.009988362    0.004611410
  13   C   :   -0.000970692   -0.003699226    0.000154894
  14   C   :    0.000678748    0.000040132   -0.000080228
  15   C   :   -0.001279469   -0.002287899   -0.000579125
  16   H   :    0.000825372   -0.004415814    0.000074196
  17   H   :   -0.000329302   -0.002795896   -0.002130348
  18   H   :   -0.000097231    0.000330952    0.000516825
  19   H   :    0.000094434    0.000415916   -0.000392225
  20   H   :   -0.000504199   -0.000174407    0.000225385
  21   H   :   -0.000097391    0.000555329    0.000350387
