ORCA-Dummy output for GSM TS Optimizer. Not a real ORCA-Output
Total Energy       :          -27.43239517
------------------
CARTESIAN GRADIENT
------------------

   0   C   :   -0.000113123   -0.000715074    0.000797820
   1   C   :    0.004692068   -0.000159055   -0.001105156
   2   C   :   -0.003955294   -0.000392069    0.000389939
   3   C   :    0.001495961    0.002194781   -0.002286776
   4   C   :   -0.001548996   -0.003531214    0.001115317
   5   H   :    0.000719357   -0.000986733   -0.000434961
   6   H   :    0.000293658    0.000578465    0.000216924
   7   H   :    0.000543151    0.000104588    0.000120555
   8   H   :   -0.000288408   -0.000137074    0.000297096
   9   H   :    0.000101221    0.000136205   -0.000104555
  10   H   :   -0.000114132    0.000042008    0.000322644
  11   C   :   -0.000789670    0.002410511   -0.000820582
  12   C   :   -0.000441035    0.003555336    0.001729927
  13   C   :    0.000245023   -0.000676327    0.000307882
  14   C   :   -0.001014874   -0.000448640   -0.001018087
  15   C   :    0.000977399   -0.000895866    0.000373777
  16   H   :   -0.000086487   -0.001236649   -0.000056049
  17   H   :   -0.000717778   -0.000449686    0.000143095
  18   H   :   -0.000141042   -0.000060501    0.000197926
  19   H   :    0.000177624    0.000018980   -0.000176529
  20   H   :    0.000001313    0.000172921   -0.000010797
  21   H   :   -0.000035937    0.000475095    0.000000590
