ORCA-Dummy output for GSM TS Optimizer. Not a real ORCA-Output
Total Energy       :          -27.43247109
------------------
CARTESIAN GRADIENT
------------------

   0   C   :   -0.000863215   -0.000190435    0.002194248
   1   C   :   -0.000077436   -0.000963566   -0.001130772
   2   C   :   -0.000187503    0.000276936   -0.000331298
   3   C   :   -0.000250935   -0.000029391    0.000320161
   4   C   :    0.000459988   -0.000585357   -0.000159247
   5   H   :    0.001348069   -0.001771738   -0.001966739
   6   H   :    0.000051200    0.000177574    0.000438403
   7   H   :    0.000349591   -0.000133712   -0.000346643
   8   H   :    0.000064901    0.000240584   -0.000199826
   9   H   :    0.000390765    0.000382368    0.000183378
  10   H   :    0.000334656   -0.000105411    0.000233696
  11   C   :   -0.000586509    0.001492064   -0.000456427
  12   C   :    0.000585213    0.001284025   -0.000501584
  13   C   :    0.000243788   -0.000272150    0.000433424
  14   C   :   -0.000572648   -0.000187863   -0.000653523
  15   C   :    0.000772861   -0.000286527    0.000183354
  16   H   :   -0.000356502   -0.000160110    0.000210527
  17   H   :   -0.001877582    0.000665967    0.002087631
  18   H   :   -0.000014710   -0.000269748   -0.000090910
  19   H   :    0.000019921    0.000151657    0.000017089
  20   H   :    0.000184204    0.000106644   -0.000097311
  21   H   :   -0.000018119    0.000178189   -0.000367633
