
  ========================================================================
                license information 
 Customer : 200000000058156
 ID       : LKO1924661

 License file is VALID, continuing with full version
  ========================================================================

   OpenMP run-time library returned nthreads =  2

 ridft (c04) : TURBOMOLE rev. V7-6 27 Oct 2021 at 10:11:12 compiled Oct 27th 2021
 Copyright (C) 2021 TURBOMOLE GmbH, Karlsruhe


    2023-06-04 16:40:44.604 



                                  r i d f t

                        DFT program with RI approximation 
                                for coulomb part 




                                                 
                                 References:     
                                                 
          TURBOMOLE:                             
              R. Ahlrichs, M. Baer, M. Haeser, H. Horn, and
              C. Koelmel
              Electronic structure calculations on workstation
              computers: the program system TURBOMOLE
              Chem. Phys. Lett. 162: 165 (1989)
          Density Functional:                              
              O. Treutler and R. Ahlrichs                      
              Efficient Molecular Numerical Integration Schemes
              J. Chem. Phys. 102: 346 (1995)                   
          Parallel Version:                                
              Performance of parallel TURBOMOLE for Density    
              Functional Calculations                          
              M. v. Arnim and R. Ahlrichs                      
              J. Comp. Chem. 19: 1746 (1998)                   
          RI-J Method:                                     
              Auxiliary Basis Sets to approximate Coulomb      
              Potentials                                       
              Chem. Phys. Lett. 240: 283 (1995)                
              K. Eichkorn, O. Treutler, H. Oehm, M. Haeser     
              and R. Ahlrichs                                  
              Chem. Phys. Lett. 242: 652 (1995)                
                                                           
              Auxiliary Basis Sets for Main Row Atoms and their
              Use to approximate Coulomb Potentials            
              K. Eichkorn, F. Weigend, O. Treutler and         
              R. Ahlrichs                                      
              Theo. Chem. Acc. 97: 119 (1997)                   
                                                           
              Accurate Coulomb-fitting basis sets for H to Rn 
              F. Weigend                                        
              Phys. Chem. Chem. Phys. 8: 1057 (2006)            
                                                           
          Multipole accelerated RI-J (MARI-J):             
              Fast evaluation of the Coulomb potential for     
              electron densities using multipole accelerated   
              resolution of identity approximation             
              M. Sierka, A. Hogekamp and R. Ahlrichs           
              J. Chem. Phys. 118: 9136 (2003)                  
          RI-JK Method:                                     
              A fully direct RI-HF algorithm: Implementation,
              optimised auxiliary basis sets, demonstration of
              accuracy and efficiency                         
              F. Weigend                                      
              Phys. Chem. Chem. Phys. 4: 4285 (2002)           
          Two-component HF and DFT with spin-orbit coupling:  
              Self-consistent treatment of spin-orbit         
              interactions with efficient Hartree-Fock and    
              density functional methods                      
              M. K. Armbruster, F. Weigend, C. van Wüllen and 
              W. Klopper                                      
              Phys. Chem. Chem. Phys. 10: 1748 (2008)         
          Two-component difference density and DIIS algorithm 
              Efficient two-component self-consistent field   
              procedures and gradients: implementation in     
              TURBOMOLE and application to Au20-              
              A. Baldes, F. Weigend                           
              Mol. Phys. 111: 2617 (2013)                     
          Relativistic all-electron 2c calculations           
              An efficient implementation of two-component    
              relativistic exact-decoupling methods for large 
              molecules                                       
              D. Peng, N. Middendorf, F. Weigend, M. Reiher   
              J. Chem. Phys. 138: 184105 (2013)               
          Finite nucleus model and SNSO approximation         
              Efficient implementation of one- and two-       
              component analytical energy gradients in exact  
              two-component theory                            
              Y. J. Franzke, N. Middendorf, F. Weigend        
              J. Chem. Phys. 148: 104110 (2018)               
          Grids for all-electron relativistic methods         
              Error-consistent segmented contracted all-      
              electron relativistic basis sets of double-     
              and triple-zeta quality for NMR shielding       
              constants                                       
              Y. J. Franzke, R. Tress, T. M. Pazdera,         
              F. Weigend                                      
              Phys. Chem. Chem. Phys. 21: 166658 (2019)       
          Seminumerical exchange algorithms                   
              Seminumerical calculation of the Hartree-Fock   
              exchange matirx: Application to two-component   
              procedures and efficient evaluation of local    
              hybrid functionsl                               
               P. Plessow, F. Weigend,                        
              J. Comput. Chem. 33: 810 (2012)                 
          Improved seminumerical algorithms                   
              C. Holzer,                                      
              J. Chem. Phys. 153 (2020), 184115               
                                         





          OpenMP Shared-Memory Parallelization:  2 CPUs.

            By: Christof Holzer and Yannick J. Franzke


              +--------------------------------------------------+
              |      general information about current run       |
              +--------------------------------------------------+

 
 Becke-3-Parameter hybrid functional: B3-LYP
 exchange:    0.8*LDA + 0.72*B88 + 0.2*HF
 correlation: 0.19*LDA(VWN) + 0.81*LYP
 A Hybrid-DFT calculation using the RI-J approximation will be carried out.
 Allocatable memory for RI due to $ricore (MB):                   500


              +--------------------------------------------------+
              | Atomic coordinate, charge and isotop information |
              +--------------------------------------------------+

                    atomic coordinates            atom    charge  isotop
         -2.94114945   -0.05906209    3.20800514    c      6.000     0
         -2.10764322   -2.38868168    3.01010903    o      8.000     0
         -4.69145784    0.67873742    4.54858777    o      8.000     0
         -3.13012887   -3.57078581    4.15360468    h      1.000     0
         -6.29030577   -1.18908482    6.29608952    h      1.000     0
         -7.32820712   -2.37974057    7.41622238    o      8.000     0
         -6.48920540   -4.70781879    7.22163545    c      6.000     0
         -4.71618426   -5.43888347    5.90759674    o      8.000     0
         -7.57287381   -6.02381298    8.40525062    h      1.000     0
         -1.87584189    1.25125484    2.00166074    h      1.000     0
 
       center of nuclear mass  :   -4.71227734   -2.38252318    5.21882940
       center of nuclear charge:   -4.71248373   -2.38254709    5.21863701

  Keyword $basis  missing in file <control>

              read basis sets from /software/cluster/turbomole76/basen/
              (basis sets have been saved in file basis)

              +--------------------------------------------------+
              |               basis set information              |
              +--------------------------------------------------+

              we will work with the 1s 3p 5d 7f 9g ... basis set
              ...i.e. with spherical basis functions...

   type   atoms  prim   cont   basis
   ---------------------------------------------------------------------------
    c        2     46     31   def2-TZVP   [5s3p2d1f|11s6p2d1f]
    o        4     46     31   def2-TZVP   [5s3p2d1f|11s6p2d1f]
    h        4      8      6   def2-TZVP   [3s1p|5s1p]
   ---------------------------------------------------------------------------
   total:   10    308    210
   ---------------------------------------------------------------------------

   total number of primitive shells          :   46
   total number of contracted shells         :   82
   total number of cartesian basis functions :  240
   total number of SCF-basis functions       :  210


 integral neglect threshold       :  0.14E-10
 integral storage threshold THIZE :  0.10E-04
 integral storage threshold THIME :         5

 RI-J AUXILIARY BASIS SET information:

              assign orbital basis set names as defaults
              read basis sets from /software/cluster/turbomole76/jbasen/
              (basis sets have been saved in file auxbasis)

              we will work with the 1s 3p 5d 7f 9g ... basis set
              ...i.e. with spherical basis functions...

   type   atoms  prim   cont   basis
   ---------------------------------------------------------------------------
    c        2     70     49   def2-TZVP   [6s4p3d1f1g|12s5p4d2f1g]
    o        4     70     49   def2-TZVP   [6s4p3d1f1g|12s5p4d2f1g]
    h        4     16     11   def2-TZVP   [3s1p1d|5s2p1d]
   ---------------------------------------------------------------------------
   total:   10    484    338
   ---------------------------------------------------------------------------

   total number of primitive shells          :   56
   total number of contracted shells         :  110
   total number of cartesian basis functions :  414
   total number of SCF-basis functions       :  338


 symmetry group of the molecule :   c1 

 the group has the following generators :
   c1(z)

    1 symmetry operations found

 there are 1 real representations :   a   

 maximum number of shells which are related by symmetry :  1

  
           ------------------
           density functional
           ------------------
 Becke-3-Parameter hybrid functional: B3-LYP
 exchange:    0.8*LDA + 0.72*B88 + 0.2*HF
 correlation: 0.19*LDA(VWN) + 0.81*LYP

 iterations will be done with small grid
  
 spherical integration : Lebedev's spherical grid
 spherical gridsize    :                     3
    i.e. gridpoints    :                   302
 value for diffuse not defined
 radial integration    : Chebyshev 2nd kind (scaling 3)
 radial gridsize       :                     3
 integration cells     :                    10
 partition function    : becke
 partition sharpness   :                     3
  

 biggest AO integral is expected to be     7.998976882

          ------------------------
          nuclear repulsion energy  :   236.490175791    
          ------------------------


         -----------------
         -S,T+V- integrals
         -----------------

 1e-integrals will be neglected if expon. factor < 0.139248E-11
 
   Difference densities algorithm switched on.
   The maximal number of linear combinations of
   difference densities is                    20 .

 DIIS switched on: error vector is FDS-SDF
 Max. Iterations for DIIS is     :   4
 DIIS matrix (see manual) 
    Scaling factor of diagonals  :  1.200
    threshold for scaling factor :  0.000

 scf convergence criterion : increment of total energy < .1000000D-06
                  and increment of one-electron energy < .1000000D-03

 MOs are in ASCII format !

  missing closed shell occupation number declaration

 No input with occupation numbers/open-shell information found

 start vectors will be provided by an EHT guess

 The EHT guess will be determined for:
   molecular charge   :    0
   number of electrons:   48
   S_z eigenvalue     :    0
 
 virtual MOs provided and orthogonalized by Cholesky decomposition

 automatic virtual orbital shift switched on 
      shift if e(lumo)-e(homo) < 0.10000000    

  
           ------------------------
               RI-J - INFORMATION
           ------------------------
 Contributions to RI integral batches: 
  neglected integral batches:                   350
  direct contribution:                            0
  memory contribution:                  3053
 Memory core needed for (P|Q) and Cholesky      1 MByte
 Memory core minimum needed except of (P|Q)     1 MByte
 Total minimum memory core needed (sum)         2 MByte
  
 ****************************************
 Memory allocated for RI-J    86 MByte
 ****************************************
                                            

 dump of DSCF restart information has been disabled !


 Starting SCF iterations

          Overall gridpoints after grid construction =         14156

 ITERATION  ENERGY          1e-ENERGY        2e-ENERGY     NORM[dD(SAO)]  TOL
   1  -377.93924316270    -985.76213100     371.33271205    0.000D+00 0.139D-10
                            Exc = -37.7902458808     Coul =  418.125119932    
                            exK = -9.00216200253    
                              N = 47.999272253    
                            current damping = 0.700
 
          max. resid. norm for Fia-block=  4.075D-01 for orbital     20a         
          max. resid. fock norm         =  1.252D+01 for orbital    180a         

 ITERATION  ENERGY          1e-ENERGY        2e-ENERGY     NORM[dD(SAO)]  TOL
   2  -379.31752859233    -986.81759811     371.00989372    0.816D+00 0.912D-11
                            Exc = -37.4726505401      Eck =  408.482544263    
                              N = 47.999140828    
                            current damping = 0.650
 
          Norm of current diis error:  1.9605    
          max. resid. norm for Fia-block=  1.530D-01 for orbital      3a         
          max. resid. fock norm         =  2.472D-01 for orbital    115a         

 ITERATION  ENERGY          1e-ENERGY        2e-ENERGY     NORM[dD(SAO)]  TOL
   3  -379.48718144640    -988.70473327     372.72737603    0.363D+00 0.733D-11
                            Exc = -37.6231842081      Eck =  410.350560243    
                              N = 47.999064554    
                            current damping = 0.600
 
          Norm of current diis error: 0.87577    
          max. resid. norm for Fia-block=  6.135D-02 for orbital      3a         
          max. resid. fock norm         =  8.654D-02 for orbital     43a         

 ITERATION  ENERGY          1e-ENERGY        2e-ENERGY     NORM[dD(SAO)]  TOL
   4  -379.53177459936    -988.27669700     372.25474661    0.139D+00 0.613D-11
                            Exc = -37.5601899060      Eck =  409.814936515    
                              N = 47.998938611    
                            current damping = 0.650
 
          Norm of current diis error: 0.35540    
          max. resid. norm for Fia-block=  2.578D-02 for orbital      7a         
          max. resid. fock norm         =  3.700D-02 for orbital    130a         

 ITERATION  ENERGY          1e-ENERGY        2e-ENERGY     NORM[dD(SAO)]  TOL
   5  -379.53966793091    -988.74286289     372.71301916    0.535D-01 0.556D-11
                            Exc = -37.6012107614      Eck =  410.314229925    
                              N = 47.998915989    
                            current damping = 0.700
 
          Norm of current diis error: 0.16391    
          max. resid. norm for Fia-block=  1.064D-02 for orbital     19a         
          max. resid. fock norm         =  1.262D-02 for orbital     50a         
          mo-orthogonalization: Cholesky decomposition

 ITERATION  ENERGY          1e-ENERGY        2e-ENERGY     NORM[dD(SAO)]  TOL
   6  -379.54156794104    -988.66323277     372.63148904    0.233D-01 0.524D-11
                            Exc = -37.5904665533      Eck =  410.221955593    
                              N = 47.998890410    
                            current damping = 0.750
 
          Norm of current diis error: 0.78772E-01
          max. resid. norm for Fia-block=  5.594D-03 for orbital     19a         
          max. resid. fock norm         =  1.002D-02 for orbital    210a         

 ITERATION  ENERGY          1e-ENERGY        2e-ENERGY     NORM[dD(SAO)]  TOL
   7  -379.54197521463    -988.67236278     372.64021177    0.660D-02 0.508D-11
                            Exc = -37.5906757478      Eck =  410.230887520    
                              N = 47.998883200    
                            current damping = 0.800
 
          Norm of current diis error: 0.28925E-01
          max. resid. norm for Fia-block=  2.347D-03 for orbital      8a         
          max. resid. fock norm         =  2.645D-03 for orbital    129a         

 ITERATION  ENERGY          1e-ENERGY        2e-ENERGY     NORM[dD(SAO)]  TOL
   8  -379.54203868949    -988.70411905     372.67190457    0.147D-02 0.497D-11
                            Exc = -37.5939222128      Eck =  410.265826779    
                              N = 47.998881039    
                            current damping = 0.650
 
          Norm of current diis error: 0.13239E-01
          max. resid. norm for Fia-block=  1.061D-03 for orbital     19a         
          max. resid. fock norm         =  1.120D-03 for orbital     19a         

 ITERATION  ENERGY          1e-ENERGY        2e-ENERGY     NORM[dD(SAO)]  TOL
   9  -379.54205437906    -988.70267210     372.67044193    0.598D-03 0.488D-11
                            Exc = -37.5933447123      Eck =  410.263786643    
                              N = 47.998879076    
                            current damping = 0.700
 
          Norm of current diis error: 0.49991E-02
          max. resid. norm for Fia-block=  4.122D-04 for orbital     19a         
          max. resid. fock norm         =  5.053D-04 for orbital    129a         

 ITERATION  ENERGY          1e-ENERGY        2e-ENERGY     NORM[dD(SAO)]  TOL
  10  -379.54205646659    -988.70372646     372.67149420    0.881D-04 0.480D-11
                            Exc = -37.5935204696      Eck =  410.265014672    
                              N = 47.998878466    
                            current damping = 0.750
 
          Norm of current diis error: 0.21819E-02
          max. resid. norm for Fia-block=  1.845D-04 for orbital     19a         
          max. resid. fock norm         =  2.070D-04 for orbital     19a         
          mo-orthogonalization: Cholesky decomposition

 ITERATION  ENERGY          1e-ENERGY        2e-ENERGY     NORM[dD(SAO)]  TOL
  11  -379.54205686230    -988.70547447     372.67324182    0.225D-04 0.473D-11
                            Exc = -37.5936580297      Eck =  410.266899848    
                              N = 47.998878268    
                            current damping = 0.600
 
          Norm of current diis error: 0.10563E-02
          max. resid. norm for Fia-block=  7.324D-05 for orbital     19a         
          max. resid. fock norm         =  1.141D-04 for orbital    208a         

 ENERGY CONVERGED !

          Overall gridpoints after grid construction =         51842

 ITERATION  ENERGY          1e-ENERGY        2e-ENERGY     NORM[dD(SAO)]  TOL
  12  -379.54218795656    -988.70537354     372.67300979    0.842D-05 0.468D-11
                            Exc = -37.5937647362      Eck =  410.266774524    
                              N = 47.999927146    
                            current damping = 0.650
 
          Norm of current diis error: 0.62323E-03
          max. resid. norm for Fia-block=  3.822D-05 for orbital     20a         
          max. resid. fock norm         =  6.951D-05 for orbital    208a         

 End of SCF iterations

   convergence criteria satisfied after    12 iterations


                  ------------------------------------------ 
                 |  total energy      =   -379.54218795656  |
                  ------------------------------------------ 
                 :  kinetic energy    =    377.95975937797  :
                 :  potential energy  =   -757.50194733454  :
                 :  virial theorem    =      1.99583069121  :
                 :  wavefunction norm =      1.00000000000  :
                  .......................................... 


 <geterg> : there is no data group $energy 


 <skperg> : $end is missing 


 orbitals $scfmo  will be written to file mos

    irrep                 20a         21a         22a         23a         24a   
 eigenvalues H         -0.39287    -0.35318    -0.34124    -0.32614    -0.31075
            eV         -10.6906     -9.6107     -9.2858     -8.8748     -8.4560
 occupation              2.0000      2.0000      2.0000      2.0000      2.0000

    irrep                 25a         26a         27a         28a         29a   
 eigenvalues H         -0.03237    -0.02362     0.06524     0.07252     0.07900
            eV          -0.8809     -0.6426      1.7754      1.9733      2.1498
 
 
 
 
 ==============================================================================
                           electrostatic moments
 ==============================================================================

 reference point for electrostatic moments:    0.00000   0.00000   0.00000

 
              nuc           elec       ->  total
 ------------------------------------------------------------------------------
                          charge      
 ------------------------------------------------------------------------------
          48.000000     -48.000000      -0.000000
 
 ------------------------------------------------------------------------------
                       dipole moment  
 ------------------------------------------------------------------------------
   x    -226.199219     226.193732      -0.005486
   y    -114.362261     114.360932      -0.001329
   z     250.494576    -250.498501      -0.003924
 
   | dipole moment | =     0.0069 a.u. =     0.0175 debye 
 
 ------------------------------------------------------------------------------
                     quadrupole moment
 ------------------------------------------------------------------------------
  xx    1233.969336   -1259.731891     -25.762555
  yy     516.307498    -542.923990     -26.616492
  zz    1463.411638   -1487.560345     -24.148708
  xy     605.791261    -601.376588       4.414673
  xz   -1336.941114    1336.401382      -0.539731
  yz    -706.629512     703.206609      -3.422902
 
     1/3  trace=     -25.509251
     anisotropy=       9.960048
 
 ==============================================================================
 
HOMO-LUMO Separation
 HOMO         :   -0.31074967 H =     -8.45593 eV
 LUMO         :   -0.03237189 H =     -0.88088 eV
 HOMO-LUMO gap:    0.27837777 H =     +7.57505 eV
 
 ==============================================================================


    ------------------------------------------------------------------------
         total  cpu-time :  58.89 seconds
         total wall-time :  3 minutes and 18 seconds
    ------------------------------------------------------------------------

   ****  ridft : all done  ****


    2023-06-04 16:43:59.984 

