
  ========================================================================
                license information 
 Customer : 200000000058156
 ID       : LKO1924661

 License file is VALID, continuing with full version
  ========================================================================

   OpenMP run-time library returned nthreads =  2

 ridft (c04) : TURBOMOLE rev. V7-6 27 Oct 2021 at 10:11:12 compiled Oct 27th 2021
 Copyright (C) 2021 TURBOMOLE GmbH, Karlsruhe


    2023-06-04 16:40:42.419 



                                  r i d f t

                        DFT program with RI approximation 
                                for coulomb part 




                                                 
                                 References:     
                                                 
          TURBOMOLE:                             
              R. Ahlrichs, M. Baer, M. Haeser, H. Horn, and
              C. Koelmel
              Electronic structure calculations on workstation
              computers: the program system TURBOMOLE
              Chem. Phys. Lett. 162: 165 (1989)
          Density Functional:                              
              O. Treutler and R. Ahlrichs                      
              Efficient Molecular Numerical Integration Schemes
              J. Chem. Phys. 102: 346 (1995)                   
          Parallel Version:                                
              Performance of parallel TURBOMOLE for Density    
              Functional Calculations                          
              M. v. Arnim and R. Ahlrichs                      
              J. Comp. Chem. 19: 1746 (1998)                   
          RI-J Method:                                     
              Auxiliary Basis Sets to approximate Coulomb      
              Potentials                                       
              Chem. Phys. Lett. 240: 283 (1995)                
              K. Eichkorn, O. Treutler, H. Oehm, M. Haeser     
              and R. Ahlrichs                                  
              Chem. Phys. Lett. 242: 652 (1995)                
                                                           
              Auxiliary Basis Sets for Main Row Atoms and their
              Use to approximate Coulomb Potentials            
              K. Eichkorn, F. Weigend, O. Treutler and         
              R. Ahlrichs                                      
              Theo. Chem. Acc. 97: 119 (1997)                   
                                                           
              Accurate Coulomb-fitting basis sets for H to Rn 
              F. Weigend                                        
              Phys. Chem. Chem. Phys. 8: 1057 (2006)            
                                                           
          Multipole accelerated RI-J (MARI-J):             
              Fast evaluation of the Coulomb potential for     
              electron densities using multipole accelerated   
              resolution of identity approximation             
              M. Sierka, A. Hogekamp and R. Ahlrichs           
              J. Chem. Phys. 118: 9136 (2003)                  
          RI-JK Method:                                     
              A fully direct RI-HF algorithm: Implementation,
              optimised auxiliary basis sets, demonstration of
              accuracy and efficiency                         
              F. Weigend                                      
              Phys. Chem. Chem. Phys. 4: 4285 (2002)           
          Two-component HF and DFT with spin-orbit coupling:  
              Self-consistent treatment of spin-orbit         
              interactions with efficient Hartree-Fock and    
              density functional methods                      
              M. K. Armbruster, F. Weigend, C. van Wüllen and 
              W. Klopper                                      
              Phys. Chem. Chem. Phys. 10: 1748 (2008)         
          Two-component difference density and DIIS algorithm 
              Efficient two-component self-consistent field   
              procedures and gradients: implementation in     
              TURBOMOLE and application to Au20-              
              A. Baldes, F. Weigend                           
              Mol. Phys. 111: 2617 (2013)                     
          Relativistic all-electron 2c calculations           
              An efficient implementation of two-component    
              relativistic exact-decoupling methods for large 
              molecules                                       
              D. Peng, N. Middendorf, F. Weigend, M. Reiher   
              J. Chem. Phys. 138: 184105 (2013)               
          Finite nucleus model and SNSO approximation         
              Efficient implementation of one- and two-       
              component analytical energy gradients in exact  
              two-component theory                            
              Y. J. Franzke, N. Middendorf, F. Weigend        
              J. Chem. Phys. 148: 104110 (2018)               
          Grids for all-electron relativistic methods         
              Error-consistent segmented contracted all-      
              electron relativistic basis sets of double-     
              and triple-zeta quality for NMR shielding       
              constants                                       
              Y. J. Franzke, R. Tress, T. M. Pazdera,         
              F. Weigend                                      
              Phys. Chem. Chem. Phys. 21: 166658 (2019)       
          Seminumerical exchange algorithms                   
              Seminumerical calculation of the Hartree-Fock   
              exchange matirx: Application to two-component   
              procedures and efficient evaluation of local    
              hybrid functionsl                               
               P. Plessow, F. Weigend,                        
              J. Comput. Chem. 33: 810 (2012)                 
          Improved seminumerical algorithms                   
              C. Holzer,                                      
              J. Chem. Phys. 153 (2020), 184115               
                                         





          OpenMP Shared-Memory Parallelization:  2 CPUs.

            By: Christof Holzer and Yannick J. Franzke


              +--------------------------------------------------+
              |      general information about current run       |
              +--------------------------------------------------+

 
 A HF calculation using the RI-J approximation will be carried out.
 Allocatable memory for RI due to $ricore (MB):                   500


              +--------------------------------------------------+
              | Atomic coordinate, charge and isotop information |
              +--------------------------------------------------+

                    atomic coordinates            atom    charge  isotop
         -1.05205118    3.54143134    0.19585191    c      6.000     0
         -2.85736301    4.73620344    0.86202040    o      8.000     0
         -0.94535797    0.97872590    0.41154590    o      8.000     0
          0.67215267    0.38363514   -0.23516354    h      1.000     0
          0.67285005    4.37581939   -0.64396093    h      1.000     0
 
       center of nuclear mass  :   -1.56698493    3.01503112    0.47457143
       center of nuclear charge:   -1.47454467    2.98864489    0.43685489

  Keyword $basis  missing in file <control>

              read basis sets from /software/cluster/turbomole76/basen/
              (basis sets have been saved in file basis)

              +--------------------------------------------------+
              |               basis set information              |
              +--------------------------------------------------+

              we will work with the 1s 3p 5d 7f 9g ... basis set
              ...i.e. with spherical basis functions...

   type   atoms  prim   cont   basis
   ---------------------------------------------------------------------------
    c        1    102     80   aug-cc-pVQZ   [6s5p4d3f2g|22s7p4d3f2g]
    o        2    102     80   aug-cc-pVQZ   [6s5p4d3f2g|22s7p4d3f2g]
    h        2     48     46   aug-cc-pVQZ   [5s4p3d2f|7s4p3d2f]
   ---------------------------------------------------------------------------
   total:    5    402    332
   ---------------------------------------------------------------------------

   total number of primitive shells          :   92
   total number of contracted shells         :   88
   total number of cartesian basis functions :  425
   total number of SCF-basis functions       :  332


 integral neglect threshold       :  0.78E-11
 integral storage threshold THIZE :  0.10E-04
 integral storage threshold THIME :         5

 RI-J AUXILIARY BASIS SET information:

              assign orbital basis set names as defaults
              read basis sets from /software/cluster/turbomole76/jbasen/
              (basis sets have been saved in file auxbasis)

              we will work with the 1s 3p 5d 7f 9g ... basis set
              ...i.e. with spherical basis functions...

   type   atoms  prim   cont   basis
   ---------------------------------------------------------------------------
    c        1     70     49   aug-cc-pVQZ   [6s4p3d1f1g|12s5p4d2f1g]
    o        2     70     49   aug-cc-pVQZ   [6s4p3d1f1g|12s5p4d2f1g]
    h        2     16     11   aug-cc-pVQZ   [3s1p1d|5s2p1d]
   ---------------------------------------------------------------------------
   total:    5    242    169
   ---------------------------------------------------------------------------

   total number of primitive shells          :   56
   total number of contracted shells         :   55
   total number of cartesian basis functions :  207
   total number of SCF-basis functions       :  169


 symmetry group of the molecule :   c1 

 the group has the following generators :
   c1(z)

    1 symmetry operations found

 there are 1 real representations :   a   

 maximum number of shells which are related by symmetry :  1


 biggest AO integral is expected to be     4.785886462

          ------------------------
          nuclear repulsion energy  :   69.5764401993    
          ------------------------


         -----------------
         -S,T+V- integrals
         -----------------

 1e-integrals will be neglected if expon. factor < 0.786344E-12
 
   Difference densities algorithm switched on.
   The maximal number of linear combinations of
   difference densities is                    20 .

 DIIS switched on: error vector is FDS-SDF
 Max. Iterations for DIIS is     :   5
 DIIS matrix (see manual) 
    Scaling factor of diagonals  :  1.200
    threshold for scaling factor :  0.000

 scf convergence criterion : increment of total energy < .1000000D-06
                  and increment of one-electron energy < .1000000D-03

 MOs are in ASCII format !

  missing closed shell occupation number declaration

 No input with occupation numbers/open-shell information found

 start vectors will be provided by an EHT guess

 The EHT guess will be determined for:
   molecular charge   :    0
   number of electrons:   24
   S_z eigenvalue     :    0
 
 virtual MOs provided and orthogonalized by Cholesky decomposition

 automatic virtual orbital shift switched on 
      shift if e(lumo)-e(homo) < 0.10000000    

  
           ------------------------
               RI-J - INFORMATION
           ------------------------
 Contributions to RI integral batches: 
  neglected integral batches:                    58
  direct contribution:                            0
  memory contribution:                  3858
 Memory core needed for (P|Q) and Cholesky      1 MByte
 Memory core minimum needed except of (P|Q)     1 MByte
 Total minimum memory core needed (sum)         1 MByte
  
 ****************************************
 Memory allocated for RI-J   143 MByte
 ****************************************
                                            

 dump of DSCF restart information has been disabled !


 Starting SCF iterations


 ITERATION  ENERGY          1e-ENERGY        2e-ENERGY     NORM[dD(SAO)]  TOL
   1  -188.00479599792    -395.98595561     138.40471942    0.000D+00 0.784D-11
                            exK = -22.4907569370     Coul =  160.895476353    
                            current damping = 0.300
 
          max. resid. norm for Fia-block=  4.378D-01 for orbital     11a         
          max. resid. fock norm         =  1.297D+01 for orbital    319a         

 ITERATION  ENERGY          1e-ENERGY        2e-ENERGY     NORM[dD(SAO)]  TOL
   2  -188.78488841631    -396.22683615     137.86550754    0.165D+01 0.615D-11
                            current damping = 0.250
 
          Norm of current diis error:  1.7772    
          max. resid. norm for Fia-block=  1.301D-01 for orbital      2a         
          max. resid. fock norm         =  3.041D-01 for orbital    269a         

 ITERATION  ENERGY          1e-ENERGY        2e-ENERGY     NORM[dD(SAO)]  TOL
   3  -188.83643026789    -397.10661175     138.69374128    0.355D+00 0.437D-11
                            current damping = 0.200
 
          Norm of current diis error: 0.63546    
          max. resid. norm for Fia-block=  3.428D-02 for orbital     10a         
          max. resid. fock norm         =  3.554D-02 for orbital    221a         

 ITERATION  ENERGY          1e-ENERGY        2e-ENERGY     NORM[dD(SAO)]  TOL
   4  -188.84612162303    -396.82351909     138.40095726    0.760D-01 0.377D-11
                            current damping = 0.250
 
          Norm of current diis error: 0.20082    
          max. resid. norm for Fia-block=  1.403D-02 for orbital      5a         
          max. resid. fock norm         =  2.005D-02 for orbital    306a         

 ITERATION  ENERGY          1e-ENERGY        2e-ENERGY     NORM[dD(SAO)]  TOL
   5  -188.84728753609    -396.92005034     138.49632261    0.254D-01 0.349D-11
                            current damping = 0.300
 
          Norm of current diis error: 0.68282E-01
          max. resid. norm for Fia-block=  4.951D-03 for orbital     10a         
          max. resid. fock norm         =  5.348D-03 for orbital     11a         
          mo-orthogonalization: Cholesky decomposition

 ITERATION  ENERGY          1e-ENERGY        2e-ENERGY     NORM[dD(SAO)]  TOL
   6  -188.84746945274    -396.91380440     138.48989475    0.535D-02 0.326D-11
                            current damping = 0.350
 
          Norm of current diis error: 0.29801E-01
          max. resid. norm for Fia-block=  2.788D-03 for orbital     10a         
          max. resid. fock norm         =  3.388D-03 for orbital     10a         

 ITERATION  ENERGY          1e-ENERGY        2e-ENERGY     NORM[dD(SAO)]  TOL
   7  -188.84750740899    -396.91034766     138.48640005    0.228D-02 0.307D-11
                            current damping = 0.200
 
          Norm of current diis error: 0.13660E-01
          max. resid. norm for Fia-block=  1.399D-03 for orbital     11a         
          max. resid. fock norm         =  1.457D-03 for orbital     11a         

 ITERATION  ENERGY          1e-ENERGY        2e-ENERGY     NORM[dD(SAO)]  TOL
   8  -188.84751784449    -396.91336995     138.48941191    0.724D-03 0.290D-11
                            current damping = 0.250
 
          Norm of current diis error: 0.56650E-02
          max. resid. norm for Fia-block=  5.989D-04 for orbital     11a         
          max. resid. fock norm         =  6.741D-04 for orbital      8a         

 ITERATION  ENERGY          1e-ENERGY        2e-ENERGY     NORM[dD(SAO)]  TOL
   9  -188.84751973928    -396.91268583     138.48872589    0.218D-03 0.275D-11
                            current damping = 0.300
 
          Norm of current diis error: 0.23682E-02
          max. resid. norm for Fia-block=  3.552D-04 for orbital     11a         
          max. resid. fock norm         =  3.619D-04 for orbital     11a         

 ITERATION  ENERGY          1e-ENERGY        2e-ENERGY     NORM[dD(SAO)]  TOL
  10  -188.84752011546    -396.91285071     138.48889040    0.503D-04 0.264D-11
                            current damping = 0.350
 
          Norm of current diis error: 0.11173E-02
          max. resid. norm for Fia-block=  1.589D-04 for orbital     11a         
          max. resid. fock norm         =  1.589D-04 for orbital     11a         
          mo-orthogonalization: Cholesky decomposition

 ITERATION  ENERGY          1e-ENERGY        2e-ENERGY     NORM[dD(SAO)]  TOL
  11  -188.84752019766    -396.91298723     138.48902683    0.158D-04 0.252D-11
                            current damping = 0.200
 
          Norm of current diis error: 0.49387E-03
          max. resid. norm for Fia-block=  8.523D-05 for orbital     11a         
          max. resid. fock norm         =  8.618D-05 for orbital     11a         

 ENERGY CONVERGED !


 ITERATION  ENERGY          1e-ENERGY        2e-ENERGY     NORM[dD(SAO)]  TOL
  12  -188.84752021604    -396.91292909     138.48896868    0.551D-05 0.240D-11
                            current damping = 0.250
 
          Norm of current diis error: 0.20304E-03
          max. resid. norm for Fia-block=  2.863D-05 for orbital     12a         
          max. resid. fock norm         =  3.284D-05 for orbital     12a         

 End of SCF iterations

   convergence criteria satisfied after    12 iterations


                  ------------------------------------------ 
                 |  total energy      =   -188.84752021604  |
                  ------------------------------------------ 
                 :  kinetic energy    =    188.50847965785  :
                 :  potential energy  =   -377.35599987389  :
                 :  virial theorem    =      1.99820468621  :
                 :  wavefunction norm =      1.00000000000  :
                  .......................................... 


 <geterg> : there is no data group $energy 


 orbitals $scfmo  will be written to file mos

    irrep                  8a          9a         10a         11a         12a   
 eigenvalues H         -0.67108    -0.63326    -0.60227    -0.49524    -0.47111
            eV         -18.2612    -17.2321    -16.3888    -13.4763    -12.8197
 occupation              2.0000      2.0000      2.0000      2.0000      2.0000

    irrep                 13a         14a         15a         16a         17a   
 eigenvalues H          0.01565     0.03661     0.06059     0.07030     0.09272
            eV           0.4258      0.9961      1.6487      1.9130      2.5231
 
 
 
 
 ==============================================================================
                           electrostatic moments
 ==============================================================================

 reference point for electrostatic moments:    0.00000   0.00000   0.00000

 
              nuc           elec       ->  total
 ------------------------------------------------------------------------------
                          charge      
 ------------------------------------------------------------------------------
          24.000000     -24.000000      -0.000000
 
 ------------------------------------------------------------------------------
                       dipole moment  
 ------------------------------------------------------------------------------
   x     -35.389072      36.931184       1.542112
   y      71.727477     -72.197306      -0.469828
   z      10.484517     -11.110472      -0.625954
 
   | dipole moment | =     1.7294 a.u. =     4.3956 debye 
 
 ------------------------------------------------------------------------------
                     quadrupole moment
 ------------------------------------------------------------------------------
  xx      80.011187     -95.952224     -15.941037
  yy     281.661606    -298.120662     -16.459056
  zz       7.999729     -21.012109     -13.012380
  xy    -134.818861     139.928088       5.109227
  xz     -24.644940      25.695603       1.050663
  yz      37.137460     -39.029539      -1.892080
 
     1/3  trace=     -15.137491
     anisotropy=      10.135415
 
 ==============================================================================
 
HOMO-LUMO Separation
 HOMO         :   -0.47111217 H =    -12.81962 eV
 LUMO         :    0.01564799 H =     +0.42580 eV
 HOMO-LUMO gap:    0.48676016 H =    +13.24543 eV
 
 ==============================================================================


    ------------------------------------------------------------------------
         total  cpu-time : 11 minutes and  9 seconds
         total wall-time : 12 minutes and 38 seconds
    ------------------------------------------------------------------------

   ****  ridft : all done  ****


    2023-06-04 16:53:19.973 

