
  ========================================================================
                license information 
 Customer : 200000000058156
 ID       : LKO1924661

 License file is VALID, continuing with full version
  ========================================================================

   OpenMP run-time library returned nthreads =  2

 ridft (c04) : TURBOMOLE rev. V7-6 27 Oct 2021 at 10:11:12 compiled Oct 27th 2021
 Copyright (C) 2021 TURBOMOLE GmbH, Karlsruhe


    2023-06-15 21:21:52.663 



                                  r i d f t

                        DFT program with RI approximation 
                                for coulomb part 




                                                 
                                 References:     
                                                 
          TURBOMOLE:                             
              R. Ahlrichs, M. Baer, M. Haeser, H. Horn, and
              C. Koelmel
              Electronic structure calculations on workstation
              computers: the program system TURBOMOLE
              Chem. Phys. Lett. 162: 165 (1989)
          Density Functional:                              
              O. Treutler and R. Ahlrichs                      
              Efficient Molecular Numerical Integration Schemes
              J. Chem. Phys. 102: 346 (1995)                   
          Parallel Version:                                
              Performance of parallel TURBOMOLE for Density    
              Functional Calculations                          
              M. v. Arnim and R. Ahlrichs                      
              J. Comp. Chem. 19: 1746 (1998)                   
          RI-J Method:                                     
              Auxiliary Basis Sets to approximate Coulomb      
              Potentials                                       
              Chem. Phys. Lett. 240: 283 (1995)                
              K. Eichkorn, O. Treutler, H. Oehm, M. Haeser     
              and R. Ahlrichs                                  
              Chem. Phys. Lett. 242: 652 (1995)                
                                                           
              Auxiliary Basis Sets for Main Row Atoms and their
              Use to approximate Coulomb Potentials            
              K. Eichkorn, F. Weigend, O. Treutler and         
              R. Ahlrichs                                      
              Theo. Chem. Acc. 97: 119 (1997)                   
                                                           
              Accurate Coulomb-fitting basis sets for H to Rn 
              F. Weigend                                        
              Phys. Chem. Chem. Phys. 8: 1057 (2006)            
                                                           
          Multipole accelerated RI-J (MARI-J):             
              Fast evaluation of the Coulomb potential for     
              electron densities using multipole accelerated   
              resolution of identity approximation             
              M. Sierka, A. Hogekamp and R. Ahlrichs           
              J. Chem. Phys. 118: 9136 (2003)                  
          RI-JK Method:                                     
              A fully direct RI-HF algorithm: Implementation,
              optimised auxiliary basis sets, demonstration of
              accuracy and efficiency                         
              F. Weigend                                      
              Phys. Chem. Chem. Phys. 4: 4285 (2002)           
          Two-component HF and DFT with spin-orbit coupling:  
              Self-consistent treatment of spin-orbit         
              interactions with efficient Hartree-Fock and    
              density functional methods                      
              M. K. Armbruster, F. Weigend, C. van Wüllen and 
              W. Klopper                                      
              Phys. Chem. Chem. Phys. 10: 1748 (2008)         
          Two-component difference density and DIIS algorithm 
              Efficient two-component self-consistent field   
              procedures and gradients: implementation in     
              TURBOMOLE and application to Au20-              
              A. Baldes, F. Weigend                           
              Mol. Phys. 111: 2617 (2013)                     
          Relativistic all-electron 2c calculations           
              An efficient implementation of two-component    
              relativistic exact-decoupling methods for large 
              molecules                                       
              D. Peng, N. Middendorf, F. Weigend, M. Reiher   
              J. Chem. Phys. 138: 184105 (2013)               
          Finite nucleus model and SNSO approximation         
              Efficient implementation of one- and two-       
              component analytical energy gradients in exact  
              two-component theory                            
              Y. J. Franzke, N. Middendorf, F. Weigend        
              J. Chem. Phys. 148: 104110 (2018)               
          Grids for all-electron relativistic methods         
              Error-consistent segmented contracted all-      
              electron relativistic basis sets of double-     
              and triple-zeta quality for NMR shielding       
              constants                                       
              Y. J. Franzke, R. Tress, T. M. Pazdera,         
              F. Weigend                                      
              Phys. Chem. Chem. Phys. 21: 166658 (2019)       
          Seminumerical exchange algorithms                   
              Seminumerical calculation of the Hartree-Fock   
              exchange matirx: Application to two-component   
              procedures and efficient evaluation of local    
              hybrid functionsl                               
               P. Plessow, F. Weigend,                        
              J. Comput. Chem. 33: 810 (2012)                 
          Improved seminumerical algorithms                   
              C. Holzer,                                      
              J. Chem. Phys. 153 (2020), 184115               
                                         





          OpenMP Shared-Memory Parallelization:  2 CPUs.

            By: Christof Holzer and Yannick J. Franzke


              +--------------------------------------------------+
              |      general information about current run       |
              +--------------------------------------------------+

 
 TPSS meta-GGA functional
 exchange:    LDA + TPSS
 correlation: LDA (PW) + TPSS
 A DFT calculation using the RI-J approximation will be carried out.
 Allocatable memory for RI due to $ricore (MB):                   500


              +--------------------------------------------------+
              | Atomic coordinate, charge and isotop information |
              +--------------------------------------------------+

                    atomic coordinates            atom    charge  isotop
         -9.99007888    3.53381119    0.08465484    c      6.000     0
        -10.52829682    5.74763566    0.06020965    o      8.000     0
         -7.62786358    2.58447761   -0.19655375    o      8.000     0
        -11.32935918    1.96461150    0.33784956    h      1.000     0
         -6.49043994    4.02639327   -0.41585220    h      1.000     0
 
       center of nuclear mass  :   -9.30871367    3.94979222   -0.02701189
       center of nuclear charge:   -9.29206482    3.91044908   -0.02753444

  Keyword $basis  missing in file <control>

              read basis sets from /software/cluster/turbomole76/basen/
              (basis sets have been saved in file basis)

              +--------------------------------------------------+
              |               basis set information              |
              +--------------------------------------------------+

              we will work with the 1s 3p 5d 7f 9g ... basis set
              ...i.e. with spherical basis functions...

   type   atoms  prim   cont   basis
   ---------------------------------------------------------------------------
    c        1     34     14   cc-pVDZ   [3s2p1d|17s4p1d]
    o        2     34     14   cc-pVDZ   [3s2p1d|17s4p1d]
    h        2      7      5   cc-pVDZ   [2s1p|4s1p]
   ---------------------------------------------------------------------------
   total:    5    116     52
   ---------------------------------------------------------------------------

   total number of primitive shells          :   49
   total number of contracted shells         :   24
   total number of cartesian basis functions :   55
   total number of SCF-basis functions       :   52


 integral neglect threshold       :  0.61E-10
 integral storage threshold THIZE :  0.10E-04
 integral storage threshold THIME :         5

 RI-J AUXILIARY BASIS SET information:

              assign orbital basis set names as defaults
              read basis sets from /software/cluster/turbomole76/jbasen/
              (basis sets have been saved in file auxbasis)

              we will work with the 1s 3p 5d 7f 9g ... basis set
              ...i.e. with spherical basis functions...

   type   atoms  prim   cont   basis
   ---------------------------------------------------------------------------
    c        1     70     49   cc-pVDZ   [6s4p3d1f1g|12s5p4d2f1g]
    o        2     70     49   cc-pVDZ   [6s4p3d1f1g|12s5p4d2f1g]
    h        2     16     11   cc-pVDZ   [3s1p1d|5s2p1d]
   ---------------------------------------------------------------------------
   total:    5    242    169
   ---------------------------------------------------------------------------

   total number of primitive shells          :   56
   total number of contracted shells         :   55
   total number of cartesian basis functions :  207
   total number of SCF-basis functions       :  169


 symmetry group of the molecule :   c1 

 the group has the following generators :
   c1(z)

    1 symmetry operations found

 there are 1 real representations :   a   

 maximum number of shells which are related by symmetry :  1

  
           ------------------
           density functional
           ------------------
 TPSS meta-GGA functional
 exchange:    LDA + TPSS
 correlation: LDA (PW) + TPSS

 iterations will be done with small grid
  
 spherical integration : Lebedev's spherical grid
 spherical gridsize    :                     3
    i.e. gridpoints    :                   302
 value for diffuse not defined
 radial integration    : Chebyshev 2nd kind (scaling 3)
 radial gridsize       :                     3
 integration cells     :                     5
 partition function    : becke
 partition sharpness   :                     3
  

 biggest AO integral is expected to be     4.738267915

          ------------------------
          nuclear repulsion energy  :   69.7604228050    
          ------------------------

  _________________________________
 |                                 |
 |         DFTD3 V3.1 Rev 0        |
 | S.Grimme, University Bonn       |
 |            June  2014           |
 |   see standalone version        |
 |       dftd3 -h for options      |
 |_________________________________|
 
 Please cite DFT-D3 work done with this code as:
 S. Grimme, J. Antony, S. Ehrlich and H. Krieg,
 J. Chem. Phys, 132 (2010), 154104.
 If used with BJ-damping cite also
 S. Grimme, S. Ehrlich and L. Goerigk,
 J. Comput. Chem. 32 (2011), 1456-1465
 For DFT-D2 the reference is
 S. Grimme, J. Comput. Chem., 27 (2006), 1787-1799
 
C6 coefficients used:
                     2  C6 for element                      1
Z=  1 CN= 0.912     C6(AA)=    3.03
Z=  1 CN= 0.000     C6(AA)=    7.59
                     5  C6 for element                      6
Z=  6 CN= 0.000     C6(AA)=   49.11
Z=  6 CN= 0.987     C6(AA)=   43.25
Z=  6 CN= 1.998     C6(AA)=   29.36
Z=  6 CN= 2.999     C6(AA)=   25.78
Z=  6 CN= 3.984     C6(AA)=   18.21
                     3  C6 for element                      8
Z=  8 CN= 0.000     C6(AA)=   15.51
Z=  8 CN= 0.993     C6(AA)=   12.82
Z=  8 CN= 1.989     C6(AA)=   10.37

#           XYZ [au]              R0(AA) [Ang.]  CN          C6(AA)     C8(AA)   C10(AA) [au]
  1  -9.99008   3.53381   0.08465   c   0.645  3.008        25.7       742.1     26291.1
  2 -10.52830   5.74764   0.06021   o   0.539  1.018        12.8       258.2      6383.9
  3  -7.62786   2.58448  -0.19655   o   0.539  2.006        10.4       210.0      5192.2
  4 -11.32936   1.96461   0.33785   h   0.417  0.996         3.1        37.4       553.5
  5  -6.49044   4.02639  -0.41585   h   0.417  1.011         3.1        37.3       552.3

molecular C6(AA) [au] =       233.02

           DFT-D V3(BJ)
 DF tpss                                              
 parameters
 s6       :    1.0000
 s8       :    1.9435
 a1       :    0.4535
 a2       :    4.4752
 k1-k3    :   16.0000    1.3333   -4.0000
 
 Edisp /kcal,au:    -1.3887 -0.00221307

 E6    /kcal :    -0.7264
 E8    /kcal :    -0.6623
 % E8        : 47.69
 nuclear repulsion energy                  =      69.760422805
  DFT-D3 Energy contribution               =      -0.002213073
 nuclear repulsion + dispersion correction =      69.758209732


         -----------------
         -S,T+V- integrals
         -----------------

 1e-integrals will be neglected if expon. factor < 0.607629E-11
 
   Difference densities algorithm switched on.
   The maximal number of linear combinations of
   difference densities is                    20 .

 DIIS switched on: error vector is FDS-SDF
 Max. Iterations for DIIS is     :   4
 DIIS matrix (see manual) 
    Scaling factor of diagonals  :  1.200
    threshold for scaling factor :  0.000

 scf convergence criterion : increment of total energy < .1000000D-06
                  and increment of one-electron energy < .1000000D-03

 MOs are in ASCII format !

  missing closed shell occupation number declaration

 No input with occupation numbers/open-shell information found

 start vectors will be provided by an EHT guess

 The EHT guess will be determined for:
   molecular charge   :    0
   number of electrons:   24
   S_z eigenvalue     :    0
 
 virtual MOs provided and orthogonalized by Cholesky decomposition

 automatic virtual orbital shift switched on 
      shift if e(lumo)-e(homo) < 0.10000000    

  
           ------------------------
               RI-J - INFORMATION
           ------------------------
 Contributions to RI integral batches: 
  neglected integral batches:                     0
  direct contribution:                            0
  memory contribution:                   300
 Memory core needed for (P|Q) and Cholesky      1 MByte
 Memory core minimum needed except of (P|Q)     1 MByte
 Total minimum memory core needed (sum)         1 MByte
  
 ****************************************
 Memory allocated for RI-J     3 MByte
 ****************************************
                                            

 dump of DSCF restart information has been disabled !


 Starting SCF iterations

          Overall gridpoints after grid construction =          7158

 ITERATION  ENERGY          1e-ENERGY        2e-ENERGY     NORM[dD(SAO)]  TOL
   1  -188.98267694357    -396.07674670     137.33586002    0.000D+00 0.606D-10
                            Exc = -23.4716712641     Coul =  160.807531284    
                              N = 23.999469850    
                            current damping = 0.700
 
          max. resid. norm for Fia-block=  3.652D-01 for orbital     11a         
          max. resid. fock norm         =  1.283D+00 for orbital     19a         

 ITERATION  ENERGY          1e-ENERGY        2e-ENERGY     NORM[dD(SAO)]  TOL
   2  -189.68156276618    -396.41852043     136.97874793    0.786D+00 0.398D-10
                            Exc = -23.2484504626     Coul =  160.227198395    
                              N = 23.999474460    
                            current damping = 0.650
 
          Norm of current diis error: 0.86824    
          max. resid. norm for Fia-block=  1.545D-01 for orbital      2a         
          max. resid. fock norm         =  2.071D-01 for orbital     15a         

 ITERATION  ENERGY          1e-ENERGY        2e-ENERGY     NORM[dD(SAO)]  TOL
   3  -189.77514504451    -397.56275457     138.02939979    0.283D+00 0.314D-10
                            Exc = -23.3712988635     Coul =  161.400698654    
                              N = 23.999541198    
                            current damping = 0.600
 
          Norm of current diis error: 0.37647    
          max. resid. norm for Fia-block=  6.065D-02 for orbital      2a         
          max. resid. fock norm         =  7.814D-02 for orbital     20a         

 ITERATION  ENERGY          1e-ENERGY        2e-ENERGY     NORM[dD(SAO)]  TOL
   4  -189.79689290586    -397.36222053     137.80711789    0.122D+00 0.270D-10
                            Exc = -23.3417932004     Coul =  161.148911089    
                              N = 23.999581901    
                            current damping = 0.650
 
          Norm of current diis error: 0.15606    
          max. resid. norm for Fia-block=  2.394D-02 for orbital      2a         
          max. resid. fock norm         =  3.457D-02 for orbital     27a         

 ITERATION  ENERGY          1e-ENERGY        2e-ENERGY     NORM[dD(SAO)]  TOL
   5  -189.80030159743    -397.61643432     138.05792299    0.537D-01 0.250D-10
                            Exc = -23.3755796493     Coul =  161.433502640    
                              N = 23.999596528    
                            current damping = 0.700
 
          Norm of current diis error: 0.82201E-01
          max. resid. norm for Fia-block=  9.427D-03 for orbital     12a         
          max. resid. fock norm         =  1.221D-02 for orbital     22a         
          mo-orthogonalization: Cholesky decomposition

 ITERATION  ENERGY          1e-ENERGY        2e-ENERGY     NORM[dD(SAO)]  TOL
   6  -189.80130601907    -397.60555047     138.04603472    0.272D-01 0.238D-10
                            Exc = -23.3713166578     Coul =  161.417351378    
                              N = 23.999612896    
                            current damping = 0.750
 
          Norm of current diis error: 0.41981E-01
          max. resid. norm for Fia-block=  4.690D-03 for orbital     10a         
          max. resid. fock norm         =  7.568D-03 for orbital     10a         

 ITERATION  ENERGY          1e-ENERGY        2e-ENERGY     NORM[dD(SAO)]  TOL
   7  -189.80154435682    -397.58747014     138.02771606    0.545D-02 0.232D-10
                            Exc = -23.3694974302     Coul =  161.397213485    
                              N = 23.999613624    
                            current damping = 0.600
 
          Norm of current diis error: 0.12509E-01
          max. resid. norm for Fia-block=  1.927D-03 for orbital      4a         
          max. resid. fock norm         =  2.445D-03 for orbital     38a         

 ITERATION  ENERGY          1e-ENERGY        2e-ENERGY     NORM[dD(SAO)]  TOL
   8  -189.80156734060    -397.60717923     138.04740215    0.174D-02 0.228D-10
                            Exc = -23.3726886777     Coul =  161.420090831    
                              N = 23.999615425    
                            current damping = 0.650
 
          Norm of current diis error: 0.53091E-02
          max. resid. norm for Fia-block=  6.251D-04 for orbital     10a         
          max. resid. fock norm         =  8.185D-04 for orbital     10a         

 ITERATION  ENERGY          1e-ENERGY        2e-ENERGY     NORM[dD(SAO)]  TOL
   9  -189.80157229324    -397.60914758     138.04936555    0.414D-03 0.225D-10
                            Exc = -23.3725713721     Coul =  161.421936927    
                              N = 23.999616119    
                            current damping = 0.500
 
          Norm of current diis error: 0.16658E-02
          max. resid. norm for Fia-block=  2.447D-04 for orbital      2a         
          max. resid. fock norm         =  3.679D-04 for orbital     22a         

 ITERATION  ENERGY          1e-ENERGY        2e-ENERGY     NORM[dD(SAO)]  TOL
  10  -189.80157272887    -397.60645857     138.04667611    0.828D-04 0.222D-10
                            Exc = -23.3722970553     Coul =  161.418973169    
                              N = 23.999616502    
                            current damping = 0.550
 
          Norm of current diis error: 0.10705E-02
          max. resid. norm for Fia-block=  1.243D-04 for orbital      5a         
          max. resid. fock norm         =  2.171D-04 for orbital      8a         
          mo-orthogonalization: Cholesky decomposition

 ITERATION  ENERGY          1e-ENERGY        2e-ENERGY     NORM[dD(SAO)]  TOL
  11  -189.80157282624    -397.60771438     138.04793182    0.289D-04 0.220D-10
                            Exc = -23.3725039164     Coul =  161.420435737    
                              N = 23.999616459    
                            current damping = 0.600
 
          Norm of current diis error: 0.70612E-03
          max. resid. norm for Fia-block=  6.863D-05 for orbital      6a         
          max. resid. fock norm         =  8.097D-05 for orbital      6a         

 ITERATION  ENERGY          1e-ENERGY        2e-ENERGY     NORM[dD(SAO)]  TOL
  12  -189.80157288405    -397.60914524     138.04936262    0.121D-04 0.218D-10
                            Exc = -23.3726608931     Coul =  161.422023516    
                              N = 23.999616555    
                            current damping = 0.450
 
          Norm of current diis error: 0.22698E-03
          max. resid. norm for Fia-block=  2.509D-05 for orbital      9a         
          max. resid. fock norm         =  2.969D-05 for orbital      9a         

 ITERATION  ENERGY          1e-ENERGY        2e-ENERGY     NORM[dD(SAO)]  TOL
  13  -189.80157288973    -397.60845529     138.04867267    0.289D-05 0.215D-10
                            Exc = -23.3725592489     Coul =  161.421231914    
                              N = 23.999616568    
                            current damping = 0.500
 
          Norm of current diis error: 0.11911E-03
          max. resid. norm for Fia-block=  1.079D-05 for orbital      7a         
          max. resid. fock norm         =  1.658D-05 for orbital     22a         

 ENERGY CONVERGED !

          Overall gridpoints after grid construction =         26243

 ITERATION  ENERGY          1e-ENERGY        2e-ENERGY     NORM[dD(SAO)]  TOL
  14  -189.80143996066    -397.60834253     138.04869283    0.901D-06 0.213D-10
                            Exc = -23.3724254365     Coul =  161.421118270    
                              N = 24.000002652    
                            current damping = 0.550
 
          Norm of current diis error: 0.37376E-04
          max. resid. norm for Fia-block=  3.857D-06 for orbital     12a         
          max. resid. fock norm         =  5.787D-06 for orbital      5a         

 End of SCF iterations

   convergence criteria satisfied after    14 iterations


                  ------------------------------------------ 
                 |  total energy      =   -189.80143996066  |
                  ------------------------------------------ 
                 :  kinetic energy    =    188.77210275833  :
                 :  potential energy  =   -378.57354271899  :
                 :  virial theorem    =      1.99457676821  :
                 :  wavefunction norm =      1.00000000000  :
                  .......................................... 


 <geterg> : there is no data group $energy 


 <skperg> : $end is missing 


 orbitals $scfmo  will be written to file mos

    irrep                  8a          9a         10a         11a         12a   
 eigenvalues H         -0.43204    -0.39655    -0.35384    -0.28391    -0.23989
            eV         -11.7564    -10.7908     -9.6286     -7.7256     -6.5278
 occupation              2.0000      2.0000      2.0000      2.0000      2.0000

    irrep                 13a         14a         15a         16a         17a   
 eigenvalues H         -0.02929     0.03821     0.08626     0.21947     0.23813
            eV          -0.7969      1.0397      2.3474      5.9721      6.4798
 
 
 
 
 ==============================================================================
                           electrostatic moments
 ==============================================================================

 reference point for electrostatic moments:    0.00000   0.00000   0.00000

 
              nuc           elec       ->  total
 ------------------------------------------------------------------------------
                          charge      
 ------------------------------------------------------------------------------
          24.000000     -24.000000      -0.000000
 
 ------------------------------------------------------------------------------
                       dipole moment  
 ------------------------------------------------------------------------------
   x    -223.009556     223.409580       0.400024
   y      93.850778     -94.232271      -0.381493
   z      -0.660826       0.622899      -0.037927
 
   | dipole moment | =     0.5541 a.u. =     1.4083 debye 
 
 ------------------------------------------------------------------------------
                     quadrupole moment
 ------------------------------------------------------------------------------
  xx    2121.524941   -2139.881669     -18.356728
  yy     412.717191    -429.957030     -17.239839
  zz       0.668143     -12.892923     -12.224780
  xy    -902.024023     909.721593       7.697570
  xz       0.720235      -0.680312       0.039923
  yz      -0.511121       0.106808      -0.404314
 
     1/3  trace=     -15.940449
     anisotropy=      14.500086
 
 ==============================================================================
 
HOMO-LUMO Separation
 HOMO         :   -0.23989032 H =     -6.52775 eV
 LUMO         :   -0.02928583 H =     -0.79691 eV
 HOMO-LUMO gap:    0.21060449 H =     +5.73084 eV
 
 ==============================================================================


    ------------------------------------------------------------------------
         total  cpu-time :   1.28 seconds
         total wall-time :   3.75 seconds
    ------------------------------------------------------------------------

   ****  ridft : all done  ****


    2023-06-15 21:21:56.332 

