 
        ______________________________________
       |                                      |
       |             T H E R M O              |
       |              S.Grimme                |
       |          Universitaet Bonn           |
       |______________________________________|
 
 read from ~/.thermorc:
 scale factor   1.00000000000000     
 T              298.150000000000     
 Sthr          0.000000000000000E+000
 
 reading coord ...
 # atoms            5

          molecular weight =   16.04

          (10-47 kg m^2)  a =      5.327908   b =      5.328084   c =      5.328391
          (Mhz         )  a = 157509.885420   b = 157504.670960   c = 157495.595445
          (cm-1        )  a =      5.253964   b =      5.253790   c =      5.253488
 lin? F
 
 reading frequencies ...
 -----------AOFORCE OUTPUT------------
 
 Nvib=           9
  1340.49  1340.68  1340.77  1558.23  1558.30  3000.24  3102.32  3102.61  3102.98
 symmetry:$symmetry c1
 RotN=   1.00000000000000     
 
 low-lying modes and their entropy (T*S, in kcal/mol)

                    CALCULATED THERMODYNAMIC PROPERTIES
   TEMP. (K)   PARTITION FUNCTION             ENTHALPY   HEAT CAPACITY  ENTROPY
                                    KCAL/MOL   CAL/MOLE    CAL/K/MOL   CAL/K/MOL

 298.15  VIB.         1.006                    22.70199    0.51066    0.08755
         ROT.     439.                        888.752      2.981     15.073
         INT.     442.                        911.454      3.492     15.160
         TRA.    0.622E+26                   1481.254      4.968     34.248
         TOT.                                2392.7083     8.4597    49.4082   206.7229
 
                    [au]       [kcal/mol]        [kJ/mol]

ZPVE            0.443027E-01     27.8003         116.316    
H(0)-H(T)+PV    0.381302E-02     2.39271         10.0111    
 ------------------------------------------------------
H(T)            0.481157E-01     30.1930         126.327    
T*S             0.234754E-01     14.7310         61.6344    
G(T)            0.246403E-01     15.4620         64.6928    
 ------------------------------------------------------
 writing .H298 and .G298
