 
        ______________________________________
       |                                      |
       |             T H E R M O              |
       |              S.Grimme                |
       |          Universitaet Bonn           |
       |______________________________________|
 
 read from ~/.thermorc:
 scale factor   1.00000000000000     
 T              298.150000000000     
 Sthr          0.000000000000000E+000
 
 reading coord ...
 # atoms            2

          molecular weight =   28.01

          (10-47 kg m^2)  a =      0.000000   b =     14.071575   c =     14.071575
          (Mhz         )  a =      0.000000   b =  59637.824090   c =  59637.824083
          (cm-1        )  a =      0.000000   b =      1.989304   c =      1.989304
 lin? T
 
 reading frequencies ...
 -----------AOFORCE OUTPUT------------
 
 Nvib=           1
  2425.93
 symmetry:$symmetry c1
 RotN=   1.00000000000000     
 
 low-lying modes and their entropy (T*S, in kcal/mol)

                    CALCULATED THERMODYNAMIC PROPERTIES
   TEMP. (K)   PARTITION FUNCTION             ENTHALPY   HEAT CAPACITY  ENTROPY
                                    KCAL/MOL   CAL/MOLE    CAL/K/MOL   CAL/K/MOL

 298.15  VIB.         1.000                     0.05715    0.00224    0.00021
         ROT.     104.                        592.502      1.987     11.220
         INT.     104.                        592.559      1.990     11.220
         TRA.    0.143E+27                   1481.254      4.968     35.909
         TOT.                                2073.8126     6.9577    47.1291   197.1872
 
                    [au]       [kcal/mol]        [kJ/mol]

ZPVE            0.552667E-02     3.46804         14.5102    
H(0)-H(T)+PV    0.330483E-02     2.07381         8.67680    
 ------------------------------------------------------
H(T)            0.883151E-02     5.54185         23.1870    
T*S             0.223925E-01     14.0515         58.7914    
G(T)           -0.135610E-01    -8.50967        -35.6043    
 ------------------------------------------------------
 writing .H298 and .G298
