
   OpenMP run-time library returned nthreads =  2

 ccsdf12 (c04) : TURBOMOLE rev. V7-6 27 Oct 2021 at 10:11:12 compiled Oct 27th 2021
 Copyright (C) 2021 TURBOMOLE GmbH, Karlsruhe


    2023-06-02 10:29:10.260 


          ************************************************************
          *                                                          *
          *              C C S D F 1 2   P R O G R A M               *
          *                                                          *
          *               the quantum chemistry groups               *
          *                  at the universities in                  *
          *            Karlsruhe, Bochum, Bristol & Mainz            *
          *                                                          *
          ************************************************************


   *-----------------------------------------------------------------------*
   |                     program will use  2 thread(s)                     |
   *-----------------------------------------------------------------------*


              +--------------------------------------------------+
              | Atomic coordinate, charge and isotop information |
              +--------------------------------------------------+

                    atomic coordinates            atom    charge  isotop
         -7.14371274   -0.25515927    0.00000000    c      6.000     0
         -8.02565754    1.57414055    0.00000000    h      1.000     0
         -7.87735159   -2.14881672    0.00000000    h      1.000     0
 
       center of nuclear mass  :   -7.25980666   -0.25978393    0.00000000
       center of nuclear charge:   -7.34566070   -0.26320397    0.00000000

              +--------------------------------------------------+
              |               basis set information              |
              +--------------------------------------------------+

              we will work with the 1s 3p 5d 7f 9g ... basis set
              ...i.e. with spherical basis functions...

   type   atoms  prim   cont   basis
   ---------------------------------------------------------------------------
    c        1     46     31   def2-TZVP   [5s3p2d1f|11s6p2d1f]
    h        2      8      6   def2-TZVP   [3s1p|5s1p]
   ---------------------------------------------------------------------------
   total:    3     62     43
   ---------------------------------------------------------------------------

   total number of primitive shells          :   26
   total number of contracted shells         :   19
   total number of cartesian basis functions :   48
   total number of SCF-basis functions       :   43


 symmetry group of the molecule :   c1 

 the group has the following generators :
   c1(z)

    1 symmetry operations found

 there are 1 real representations :   a   
WARNING: an $rij but no $rik flag found
WARNING: $rij is ignored by ricc2!


   =========================================================================


     unrestricted open shell calculation for the wavefunction models:
               CCSD(T)    - CC Singles and Doubles With Pert. Triples Corr.


     global parameters for ricc2 program:

        hard restart (reuse of interm.) :  disabled
        soft restart (reuse of vectors) :  disabled
        threshold for vector function   :    0.100000E-05
        convergence threshold energy    :    0.100000E-06
        linear dependence threshold     :    0.100000E-13
        global print level              :      1
        maximum number of iterations    :   100
        maximum number DIIS vectors     :    10
        max. dim. of reduced space      :   100
        core memory limit (MB)          :  1000


     CCSD(T) energy only: Energy will be calculated directly from T3 amplitudes!

     Scratch Directory : 


   =========================================================================

    der. integral neglect threshold  :  0.10E-07
    integral neglect threshold       :  0.69E-10
    integral storage threshold THIZE :  0.10E-04
    integral storage threshold THIME :         5


                  +------------------------------------------+
                  |     Auxiliary basis set information      |
                  +------------------------------------------+

              assign orbital basis set names as defaults
              read basis sets from /software/cluster/turbomole76/cbasen/
              (basis sets have been saved in file auxbasis)

              we will work with the 1s 3p 5d 7f 9g ... basis set
              ...i.e. with spherical basis functions...

   type   atoms  prim   cont   basis
   ---------------------------------------------------------------------------
    c        1     81     76   def2-TZVP   [8s6p4d3f1g|8s6p5d3f1g]
    h        2     23     15   def2-TZVP   [4s2p1d|4s3p2d]
   ---------------------------------------------------------------------------
   total:    3    127    106
   ---------------------------------------------------------------------------

   total number of primitive shells          :   32
   total number of contracted shells         :   36
   total number of cartesian basis functions :  127
   total number of SCF-basis functions       :  106


 maximum number of shells which are related by symmetry :  1


 The symmetry information takes   1 MB

*---------------------------------------------------------------------*
|               simplified C1 algorithm will be applied               |
*---------------------------------------------------------------------*

         -----------------
         -T+V- integrals
         -----------------

 1e-integrals will be neglected if expon. factor < 0.696242E-11
 +===============================================+
 |   spin-orbital based open-shell calculation   |
 |   using a UHF reference wave function         |
 +===============================================+
 spin orbital occupation:
  alpha :                     5
  beta  :                     3
  MOs are in ASCII format !


 reading orbital data $uhfmo_alpha  from file alpha
 orbital characterization : scfconv=7

 reading orbital data $uhfmo_beta  from file beta
 orbital characterization : scfconv=7
 all orbitals will be active in the correlation treatment


   Molecular Orbital Statistic:
   ============================

   ------------------------------------------
   orbitals in total:  alpha spin   beta spin
   ------------------------------------------
    frozen occupied :      0           0
    active occupied :      5           3
    active virtual  :     38          40
    frozen virtual  :      0           0
    all together    :     43          43
   ----------------------------------------


     time in riccmos       cpu:  0.21 sec    wall:  6.19 sec    ratio:  0.0

     total memory allocated for calculation of (Q|P)**(-1/2) : 1 MiB


     calculation of (P|Q) ...
     time in lp2sym        cpu:  0.00 sec    wall:  0.00 sec    ratio:  1.9


     calculation of the Cholesky decomposition of (P|Q)**(-1) ...
     time in invmetri      cpu:  0.20 sec    wall:  0.79 sec    ratio:  0.3

   threshold for RMS(d[D]) in SCF was     :  0.10E-06
   integral neglect threshold             :  0.69E-10
   derivative integral neglect threshold  :  0.10E-07


   =========================================================================

     Energy of reference wave function is   -38.9383236320900
     Maximum orbital residual is           0.8666967293884E-05


     Number of symmetry-nonredundant auxiliary basis functions:      106

     Block lengths for integral files:
        frozen occupied (BOI):        0 MiB
        active occupied (BJI):        1 MiB
        active virtual  (BAI):        1 MiB
        frozen virtual  (BGI):        0 MiB
               general  (BTI):        1 MiB

   =========================================================================




     **********************************************************************
     *               no explicit correlation will be included             *
     **********************************************************************


     time in 3idx,ccsdint  cpu:  1.35 sec    wall:  2.74 sec    ratio:  0.5

     Calculate integrals (ia|jb) for MP2 start guess



     **********************************************************************
     *                                                                    *
     *   UHF  energy                             :    -38.9383236321      *
     *   MP2 correlation energy (doubles)        :     -0.1289929917      *
     *                                                                    *
     *   Final MP2 energy                        :    -39.0673166238      *
     *                                                                    *
     *    E(OS)  =     -0.1015917640      E(SS)  =     -0.0274012277      *
     *                                                                    *
     *   SCS-MP2 energy                          :    -39.0693674915      *
     *   (computed with  C(OS) =   1.2000  and  C(SS) =   0.3333)         *
     *                                                                    *
     *   SOS-MP2 energy                          :    -39.0703929253      *
     *   (computed with  C(OS) =   1.3000)                                *
     *                                                                    *
     *   Norm of MP1 T2 amplitudes               :      0.2299426658      *
     *                                                                    *
     **********************************************************************

     time in ccsdint       cpu:  1.99 sec    wall:  9.57 sec    ratio:  0.2


   **************************************************************************
   *                                                                        *
   *          OPTIMIZATION OF THE GROUND STATE CLUSTER AMPLITUDES           *
   *                                                                        *
   **************************************************************************
     threshold for screening of BF intermediate: 0.43E-12
     start CCSD from scratch because restart not enabled


   Iter.   CCSD energy      Norm(Omega)    Norm(t1)  Norm(t2)     cpu    wall
   ...........................................................................
    1    -39.0827689646    0.0896487383     0.00000   0.21215    0.06    0.13
    2    -39.0872535614    0.0240270958     0.01963   0.24064    0.06    0.09
    3    -39.0878712425    0.0069268921     0.03136   0.25079    0.06    0.10
    4    -39.0879586046    0.0021084933     0.03741   0.25274    0.06    0.08
    5    -39.0879690269    0.0006286358     0.03881   0.25301    0.06    0.38
    6    -39.0879695837    0.0001927716     0.03902   0.25308    0.05    0.07
    7    -39.0879694401    0.0000601718     0.03898   0.25311    0.06    0.08
    8    -39.0879694072    0.0000176694     0.03896   0.25312    0.06    0.09
    9    -39.0879693972    0.0000055809     0.03896   0.25312    0.07    0.13
   10    -39.0879693954    0.0000015516     0.03896   0.25312    0.08    0.37
   11    -39.0879693950    0.0000004340     0.03896   0.25312    0.06    0.10
   ...........................................................................
   CC equations converged in 11 iterations.

   last energy change         :  0.34E-09
   convergence threshold      :  0.10E-06
   norm of the vector function:  0.43E-06
   convergence threshold      :  0.10E-05

     time in total         cpu:  0 min 41 s  wall:  1 min 39 s  ratio:  0.4


     **********************************************************************
     *                                                                    *
     *   UHF  energy                             :    -38.9383236321      *
     *   correlation energy                      :     -0.1496457629      *
     *                                                                    *
     *   Final CCSD energy                       :    -39.0879693950      *
     *                                                                    *
     *   D1 diagnostic                           :      0.0298            *
     *                                                                    *
     **********************************************************************

     time in triples corr  cpu:  0.40 sec    wall:  2.50 sec    ratio:  0.2


      *********************************************************************
      *                                                                   *
      *  UHF  energy                             :    -38.9383236321      *
      *  CCSD correlation energy                 :     -0.1496457629      *
      *  E4 doubles and triples contribution     :     -0.0032854222      *
      *  E5 singles and triples contribution     :      0.0000737147      *
      *  total correlation energy                :     -0.1528574704      *
      *                                                                   *
      *  Final CCSD(T) energy                    :    -39.0911811025      *
      *                                                                   *
      *  D1 diagnostic (CCSD)                    :      0.0298            *
      *                                                                   *
      *********************************************************************



    ------------------------------------------------------------------------
         total  cpu-time :  46.17 seconds
         total wall-time :  2 minutes and 32 seconds
    ------------------------------------------------------------------------

   ****  ccsdf12 : all done  ****


    2023-06-02 10:31:39.716 

 ccsdf12 ended normally
