
  ========================================================================
                license information 
 Customer : 200000000058156
 ID       : LKO1924661

 License file is VALID, continuing with full version
  ========================================================================

   OpenMP run-time library returned nthreads =  2

 ridft (c04) : TURBOMOLE rev. V7-6 27 Oct 2021 at 10:11:12 compiled Oct 27th 2021
 Copyright (C) 2021 TURBOMOLE GmbH, Karlsruhe


    2023-06-02 10:21:03.153 



                                  r i d f t

                        DFT program with RI approximation 
                                for coulomb part 




                                                 
                                 References:     
                                                 
          TURBOMOLE:                             
              R. Ahlrichs, M. Baer, M. Haeser, H. Horn, and
              C. Koelmel
              Electronic structure calculations on workstation
              computers: the program system TURBOMOLE
              Chem. Phys. Lett. 162: 165 (1989)
          Density Functional:                              
              O. Treutler and R. Ahlrichs                      
              Efficient Molecular Numerical Integration Schemes
              J. Chem. Phys. 102: 346 (1995)                   
          Parallel Version:                                
              Performance of parallel TURBOMOLE for Density    
              Functional Calculations                          
              M. v. Arnim and R. Ahlrichs                      
              J. Comp. Chem. 19: 1746 (1998)                   
          RI-J Method:                                     
              Auxiliary Basis Sets to approximate Coulomb      
              Potentials                                       
              Chem. Phys. Lett. 240: 283 (1995)                
              K. Eichkorn, O. Treutler, H. Oehm, M. Haeser     
              and R. Ahlrichs                                  
              Chem. Phys. Lett. 242: 652 (1995)                
                                                           
              Auxiliary Basis Sets for Main Row Atoms and their
              Use to approximate Coulomb Potentials            
              K. Eichkorn, F. Weigend, O. Treutler and         
              R. Ahlrichs                                      
              Theo. Chem. Acc. 97: 119 (1997)                   
                                                           
              Accurate Coulomb-fitting basis sets for H to Rn 
              F. Weigend                                        
              Phys. Chem. Chem. Phys. 8: 1057 (2006)            
                                                           
          Multipole accelerated RI-J (MARI-J):             
              Fast evaluation of the Coulomb potential for     
              electron densities using multipole accelerated   
              resolution of identity approximation             
              M. Sierka, A. Hogekamp and R. Ahlrichs           
              J. Chem. Phys. 118: 9136 (2003)                  
          RI-JK Method:                                     
              A fully direct RI-HF algorithm: Implementation,
              optimised auxiliary basis sets, demonstration of
              accuracy and efficiency                         
              F. Weigend                                      
              Phys. Chem. Chem. Phys. 4: 4285 (2002)           
          Two-component HF and DFT with spin-orbit coupling:  
              Self-consistent treatment of spin-orbit         
              interactions with efficient Hartree-Fock and    
              density functional methods                      
              M. K. Armbruster, F. Weigend, C. van Wüllen and 
              W. Klopper                                      
              Phys. Chem. Chem. Phys. 10: 1748 (2008)         
          Two-component difference density and DIIS algorithm 
              Efficient two-component self-consistent field   
              procedures and gradients: implementation in     
              TURBOMOLE and application to Au20-              
              A. Baldes, F. Weigend                           
              Mol. Phys. 111: 2617 (2013)                     
          Relativistic all-electron 2c calculations           
              An efficient implementation of two-component    
              relativistic exact-decoupling methods for large 
              molecules                                       
              D. Peng, N. Middendorf, F. Weigend, M. Reiher   
              J. Chem. Phys. 138: 184105 (2013)               
          Finite nucleus model and SNSO approximation         
              Efficient implementation of one- and two-       
              component analytical energy gradients in exact  
              two-component theory                            
              Y. J. Franzke, N. Middendorf, F. Weigend        
              J. Chem. Phys. 148: 104110 (2018)               
          Grids for all-electron relativistic methods         
              Error-consistent segmented contracted all-      
              electron relativistic basis sets of double-     
              and triple-zeta quality for NMR shielding       
              constants                                       
              Y. J. Franzke, R. Tress, T. M. Pazdera,         
              F. Weigend                                      
              Phys. Chem. Chem. Phys. 21: 166658 (2019)       
          Seminumerical exchange algorithms                   
              Seminumerical calculation of the Hartree-Fock   
              exchange matirx: Application to two-component   
              procedures and efficient evaluation of local    
              hybrid functionsl                               
               P. Plessow, F. Weigend,                        
              J. Comput. Chem. 33: 810 (2012)                 
          Improved seminumerical algorithms                   
              C. Holzer,                                      
              J. Chem. Phys. 153 (2020), 184115               
                                         





          OpenMP Shared-Memory Parallelization:  2 CPUs.

            By: Christof Holzer and Yannick J. Franzke


              +--------------------------------------------------+
              |      general information about current run       |
              +--------------------------------------------------+

 

 DENSITY CONVERGENCE CHECK SWITCHED ON !
 SCF CONVERGENCE IF RMS(delta[D]) <     0.1000000000E-06

 A HF calculation using the RI-J approximation will be carried out.
 Allocatable memory for RI due to $ricore (MB):                   500


              +--------------------------------------------------+
              | Atomic coordinate, charge and isotop information |
              +--------------------------------------------------+

                    atomic coordinates            atom    charge  isotop
         -7.14371274   -0.25515927    0.00000000    c      6.000     0
         -8.02565754    1.57414055    0.00000000    h      1.000     0
         -7.87735159   -2.14881672    0.00000000    h      1.000     0
 
       center of nuclear mass  :   -7.25980666   -0.25978393    0.00000000
       center of nuclear charge:   -7.34566070   -0.26320397    0.00000000

  Keyword $basis  missing in file <control>

              read basis sets from /software/cluster/turbomole76/basen/
              (basis sets have been saved in file basis)

              +--------------------------------------------------+
              |               basis set information              |
              +--------------------------------------------------+

              we will work with the 1s 3p 5d 7f 9g ... basis set
              ...i.e. with spherical basis functions...

   type   atoms  prim   cont   basis
   ---------------------------------------------------------------------------
    c        1     46     31   def2-TZVP   [5s3p2d1f|11s6p2d1f]
    h        2      8      6   def2-TZVP   [3s1p|5s1p]
   ---------------------------------------------------------------------------
   total:    3     62     43
   ---------------------------------------------------------------------------

   total number of primitive shells          :   26
   total number of contracted shells         :   19
   total number of cartesian basis functions :   48
   total number of SCF-basis functions       :   43


 integral neglect threshold       :  0.69E-10
 integral storage threshold THIZE :  0.10E-04
 integral storage threshold THIME :         5

 RI-J AUXILIARY BASIS SET information:

              assign orbital basis set names as defaults
              read basis sets from /software/cluster/turbomole76/jbasen/
              (basis sets have been saved in file auxbasis)

              we will work with the 1s 3p 5d 7f 9g ... basis set
              ...i.e. with spherical basis functions...

   type   atoms  prim   cont   basis
   ---------------------------------------------------------------------------
    c        1     70     49   def2-TZVP   [6s4p3d1f1g|12s5p4d2f1g]
    h        2     16     11   def2-TZVP   [3s1p1d|5s2p1d]
   ---------------------------------------------------------------------------
   total:    3    102     71
   ---------------------------------------------------------------------------

   total number of primitive shells          :   32
   total number of contracted shells         :   25
   total number of cartesian basis functions :   85
   total number of SCF-basis functions       :   71


 symmetry group of the molecule :   c1 

 the group has the following generators :
   c1(z)

    1 symmetry operations found

 there are 1 real representations :   a   

 maximum number of shells which are related by symmetry :  1


 biggest AO integral is expected to be     5.725698708

          ------------------------
          nuclear repulsion energy  :   6.17738082960    
          ------------------------


         -----------------
         -S,T+V- integrals
         -----------------

 1e-integrals will be neglected if expon. factor < 0.696242E-11
 
   Difference densities algorithm switched on.
   The maximal number of linear combinations of
   difference densities is                    20 .

 DIIS switched on: error vector is FDS-SDF
 Max. Iterations for DIIS is     :   5
 DIIS matrix (see manual) 
    Scaling factor of diagonals  :  1.200
    threshold for scaling factor :  0.000

 scf convergence criterion : increment of total energy < .1000000D-06
                  and increment of one-electron energy < .1000000D-03

 MOs are in ASCII format !

  missing closed shell occupation number declaration

 No input with occupation numbers/open-shell information found

 start vectors will be provided by an EHT guess

 The EHT guess will be determined for:
   molecular charge   :    0
   number of electrons:    8
   S_z eigenvalue     :    2
  
 UHF OCCUPATION WITH   2 UNPAIRED ELECTRONS ESTABLISHED
  missing alpha occupation number declaration 
  missing beta occupation number declaration 

 No input with occupation numbers/open-shell information found

 start vectors will be provided by an EHT guess

 The EHT guess will be determined for:
   molecular charge   :    0
   number of electrons:    8
   S_z eigenvalue     :    2
  
 UHF OCCUPATION WITH   2 UNPAIRED ELECTRONS ESTABLISHED
 
 virtual MOs provided and orthogonalized by Cholesky decomposition
 virtual MOs provided and orthogonalized by Cholesky decomposition

 UHF mode switched on !

 automatic virtual orbital shift switched on 
      shift if e(lumo)-e(homo) < 0.10000000    

  
           ------------------------
               RI-J - INFORMATION
           ------------------------
 Contributions to RI integral batches: 
  neglected integral batches:                     0
  direct contribution:                            0
  memory contribution:                   190
 Memory core needed for (P|Q) and Cholesky      1 MByte
 Memory core minimum needed except of (P|Q)     1 MByte
 Total minimum memory core needed (sum)         1 MByte
  
 ****************************************
 Memory allocated for RI-J     1 MByte
 ****************************************
                                            

 dump of DSCF restart information has been disabled !


 Starting SCF iterations


 ITERATION  ENERGY          1e-ENERGY        2e-ENERGY     RMS[dD(SAO)]   TOL
   1  -37.217847637762    -61.450855241     18.055626774    0.000D+00 0.694D-10
                            exK = -5.61291028404     Coul =  23.6685370579    
                            current damping = 1.000
 
          max. resid. norm for Fia-block=  1.336D+00 for orbital      5a    alpha
          max. resid. fock norm         =  9.300D+00 for orbital     39a    alpha

 ITERATION  ENERGY          1e-ENERGY        2e-ENERGY     RMS[dD(SAO)]   TOL
   2  -38.834301673628    -63.320974220     18.309291717    0.299D-01 0.618D-10
                            current damping = 0.950
 
          Norm of current diis error: 0.78434    
          max. resid. norm for Fia-block=  2.761D-01 for orbital      5a    alpha
          max. resid. fock norm         =  2.785D-01 for orbital      5a    alpha

 ITERATION  ENERGY          1e-ENERGY        2e-ENERGY     RMS[dD(SAO)]   TOL
   3  -38.901486321007    -63.677503931     18.598636780    0.447D-02 0.414D-10
                            current damping = 0.800
 
          Norm of current diis error: 0.44993    
          max. resid. norm for Fia-block=  1.151D-01 for orbital      2a    beta 
          max. resid. fock norm         =  1.407D-01 for orbital      4a    beta 

 ITERATION  ENERGY          1e-ENERGY        2e-ENERGY     RMS[dD(SAO)]   TOL
   4  -38.924963698206    -63.827212863     18.724868335    0.254D-02 0.331D-10
                            current damping = 0.650
 
          Norm of current diis error: 0.25117    
          max. resid. norm for Fia-block=  7.274D-02 for orbital      2a    beta 
          max. resid. fock norm         =  9.306D-02 for orbital      4a    beta 

 ITERATION  ENERGY          1e-ENERGY        2e-ENERGY     RMS[dD(SAO)]   TOL
   5  -38.934362240933    -63.900384459     18.788641389    0.193D-02 0.269D-10
                            current damping = 0.500
 
          Norm of current diis error: 0.12638    
          max. resid. norm for Fia-block=  3.943D-02 for orbital      2a    beta 
          max. resid. fock norm         =  4.688D-02 for orbital      4a    beta 
          mo-orthogonalization: Cholesky decomposition

 ITERATION  ENERGY          1e-ENERGY        2e-ENERGY     RMS[dD(SAO)]   TOL
   6  -38.937411239713    -63.935127407     18.820335337    0.137D-02 0.229D-10
                            current damping = 0.350
 
          Norm of current diis error: 0.56167E-01
          max. resid. norm for Fia-block=  1.829D-02 for orbital      2a    beta 
          max. resid. fock norm         =  1.832D-02 for orbital      2a    beta 

 ITERATION  ENERGY          1e-ENERGY        2e-ENERGY     RMS[dD(SAO)]   TOL
   7  -38.938162435755    -63.948591038     18.833047773    0.844D-03 0.204D-10
                            current damping = 0.200
 
          Norm of current diis error: 0.22073E-01
          max. resid. norm for Fia-block=  7.519D-03 for orbital      4a    alpha
          max. resid. fock norm         =  7.802D-03 for orbital      4a    alpha

 ITERATION  ENERGY          1e-ENERGY        2e-ENERGY     RMS[dD(SAO)]   TOL
   8  -38.938301969355    -63.951997874     18.836315075    0.451D-03 0.189D-10
                            current damping = 0.100
 
          Norm of current diis error: 0.79862E-02
          max. resid. norm for Fia-block=  2.787D-03 for orbital      4a    alpha
          max. resid. fock norm         =  2.923D-03 for orbital      4a    alpha

 ITERATION  ENERGY          1e-ENERGY        2e-ENERGY     RMS[dD(SAO)]   TOL
   9  -38.938321141167    -63.952199199     18.836497229    0.191D-03 0.180D-10
                            current damping = 0.100
 
          Norm of current diis error: 0.29083E-02
          max. resid. norm for Fia-block=  1.106D-03 for orbital      2a    beta 
          max. resid. fock norm         =  1.106D-03 for orbital      2a    beta 

 ITERATION  ENERGY          1e-ENERGY        2e-ENERGY     RMS[dD(SAO)]   TOL
  10  -38.938323337376    -63.952045022     18.836340855    0.583D-04 0.175D-10
                            current damping = 0.150
 
          Norm of current diis error: 0.10568E-02
          max. resid. norm for Fia-block=  4.498D-04 for orbital      2a    beta 
          max. resid. fock norm         =  4.498D-04 for orbital      2a    beta 
          mo-orthogonalization: Cholesky decomposition

 ITERATION  ENERGY          1e-ENERGY        2e-ENERGY     RMS[dD(SAO)]   TOL
  11  -38.938323593302    -63.952016433     18.836312010    0.128D-04 0.172D-10
                            current damping = 0.100
 
          Norm of current diis error: 0.36505E-03
          max. resid. norm for Fia-block=  1.586D-04 for orbital      2a    beta 
          max. resid. fock norm         =  1.586D-04 for orbital      2a    beta 

 ITERATION  ENERGY          1e-ENERGY        2e-ENERGY     RMS[dD(SAO)]   TOL
  12  -38.938323627346    -63.952038787     18.836334330    0.485D-05 0.169D-10
                            current damping = 0.150
 
          Norm of current diis error: 0.10982E-03
          max. resid. norm for Fia-block=  4.203D-05 for orbital      2a    beta 
          max. resid. fock norm         =  4.204D-05 for orbital      2a    beta 

 ITERATION  ENERGY          1e-ENERGY        2e-ENERGY     RMS[dD(SAO)]   TOL
  13  -38.938323631336    -63.952058612     18.836354151    0.267D-05 0.198D-10
                            current damping = 0.100
 
          Norm of current diis error: 0.43468E-04
          max. resid. norm for Fia-block=  1.831D-05 for orbital      4a    alpha
          max. resid. fock norm         =  1.858D-05 for orbital      4a    alpha

 ENERGY & DENSITY CONVERGED !


 ITERATION  ENERGY          1e-ENERGY        2e-ENERGY     RMS[dD(SAO)]   TOL
  14  -38.938323632092    -63.952069615     18.836365153    0.130D-05 0.199D-10
                            current damping = 0.100
 
          Norm of current diis error: 0.20105E-04
          max. resid. norm for Fia-block=  8.655D-06 for orbital      4a    alpha
          max. resid. fock norm         =  8.667D-06 for orbital      4a    alpha

 End of SCF iterations

   convergence criteria satisfied after    14 iterations


                  ------------------------------------------ 
                 |  total energy      =    -38.93832363209  |
                  ------------------------------------------ 
                 :  kinetic energy    =     38.92234025217  :
                 :  potential energy  =    -77.86066388426  :
                 :  virial theorem    =      1.99958952059  :
                 :  wavefunction norm =      1.00000000000  :
                  .......................................... 


 <geterg> : there is no data group $energy 


 <skperg> : $end is missing 


 orbitals $uhfmo_alpha  will be written to file alpha

 orbitals $uhfmo_beta  will be written to file beta
 
 alpha: 

    irrep                  1a          2a          3a          4a          5a   
 eigenvalues H        -11.26438    -0.94988    -0.61891    -0.45267    -0.40964
            eV        -306.5218    -25.8478    -16.8415    -12.3178    -11.1470
 occupation              1.0000      1.0000      1.0000      1.0000      1.0000

    irrep                  6a          7a          8a          9a         10a   
 eigenvalues H          0.17318     0.22167     0.29865     0.32409     0.33561
            eV           4.7125      6.0320      8.1268      8.8191      9.1324
 
 beta:  

    irrep                  1a          2a          3a          4a          5a   
 eigenvalues H        -11.21645    -0.77905    -0.58836     0.10223     0.12218
            eV        -305.2176    -21.1991    -16.0101      2.7818      3.3248
 occupation              1.0000      1.0000      1.0000

    irrep                  6a          7a          8a          9a         10a   
 eigenvalues H          0.19169     0.23549     0.32267     0.35477     0.44609
            eV           5.2162      6.4081      8.7804      9.6537     12.1388
 

                                             _ _ _ 
  IRREP     alpha occ.     beta occ.      tr(D*D-D)


 a          5.00000000     3.00000000    -0.50799085

   -------------------------------------------------

   sum      5.00000000     3.00000000    -0.50799085

 <S*S>     2.01598170

 
 
 
 ==============================================================================
                           electrostatic moments
 ==============================================================================

 reference point for electrostatic moments:    0.00000   0.00000   0.00000

 
              nuc           elec       ->  total
 ------------------------------------------------------------------------------
                          charge      
 ------------------------------------------------------------------------------
           8.000000      -8.000000       0.000000
 a-b                                     2.000000
 
 ------------------------------------------------------------------------------
                       dipole moment  
 ------------------------------------------------------------------------------
   x     -58.765286      58.529418      -0.235868
   y      -2.105632       2.096236      -0.009396
   z       0.000000      -0.000004      -0.000004
 
   | dipole moment | =     0.2361 a.u. =     0.6000 debye 
 
 ------------------------------------------------------------------------------
                     quadrupole moment
 ------------------------------------------------------------------------------
  xx     432.659637    -434.877958      -2.218321
  yy       7.485969     -11.869395      -4.383426
  zz       0.000000      -6.068541      -6.068541
  xy      15.230179     -15.150758       0.079421
  xz       0.000000       0.000029       0.000029
  yz       0.000000       0.000003       0.000003
 
     1/3  trace=      -4.223429
     anisotropy=       3.345843
 
 ==============================================================================
 
HOMO-LUMO Separation
 HOMO         :   -0.40964304 H =    -11.14696 eV
 LUMO         :    0.10222712 H =     +2.78174 eV
 HOMO-LUMO gap:    0.51187016 H =    +13.92870 eV
 
 ==============================================================================


    ------------------------------------------------------------------------
         total  cpu-time :   5.22 seconds
         total wall-time :   9.23 seconds
    ------------------------------------------------------------------------

   ****  ridft : all done  ****


    2023-06-02 10:21:12.163 

 ridft ended normally
