
  ========================================================================
                license information 
 Customer : 200000000058156
 ID       : LKO1924661

 License file is VALID, continuing with full version
  ========================================================================

   OpenMP run-time library returned nthreads =  2

 ridft (c04) : TURBOMOLE rev. V7-6 27 Oct 2021 at 10:11:12 compiled Oct 27th 2021
 Copyright (C) 2021 TURBOMOLE GmbH, Karlsruhe


    2023-06-22 18:48:46.967 



                                  r i d f t

                        DFT program with RI approximation 
                                for coulomb part 




                                                 
                                 References:     
                                                 
          TURBOMOLE:                             
              R. Ahlrichs, M. Baer, M. Haeser, H. Horn, and
              C. Koelmel
              Electronic structure calculations on workstation
              computers: the program system TURBOMOLE
              Chem. Phys. Lett. 162: 165 (1989)
          Density Functional:                              
              O. Treutler and R. Ahlrichs                      
              Efficient Molecular Numerical Integration Schemes
              J. Chem. Phys. 102: 346 (1995)                   
          Parallel Version:                                
              Performance of parallel TURBOMOLE for Density    
              Functional Calculations                          
              M. v. Arnim and R. Ahlrichs                      
              J. Comp. Chem. 19: 1746 (1998)                   
          RI-J Method:                                     
              Auxiliary Basis Sets to approximate Coulomb      
              Potentials                                       
              Chem. Phys. Lett. 240: 283 (1995)                
              K. Eichkorn, O. Treutler, H. Oehm, M. Haeser     
              and R. Ahlrichs                                  
              Chem. Phys. Lett. 242: 652 (1995)                
                                                           
              Auxiliary Basis Sets for Main Row Atoms and their
              Use to approximate Coulomb Potentials            
              K. Eichkorn, F. Weigend, O. Treutler and         
              R. Ahlrichs                                      
              Theo. Chem. Acc. 97: 119 (1997)                   
                                                           
              Accurate Coulomb-fitting basis sets for H to Rn 
              F. Weigend                                        
              Phys. Chem. Chem. Phys. 8: 1057 (2006)            
                                                           
          Multipole accelerated RI-J (MARI-J):             
              Fast evaluation of the Coulomb potential for     
              electron densities using multipole accelerated   
              resolution of identity approximation             
              M. Sierka, A. Hogekamp and R. Ahlrichs           
              J. Chem. Phys. 118: 9136 (2003)                  
          RI-JK Method:                                     
              A fully direct RI-HF algorithm: Implementation,
              optimised auxiliary basis sets, demonstration of
              accuracy and efficiency                         
              F. Weigend                                      
              Phys. Chem. Chem. Phys. 4: 4285 (2002)           
          Two-component HF and DFT with spin-orbit coupling:  
              Self-consistent treatment of spin-orbit         
              interactions with efficient Hartree-Fock and    
              density functional methods                      
              M. K. Armbruster, F. Weigend, C. van Wüllen and 
              W. Klopper                                      
              Phys. Chem. Chem. Phys. 10: 1748 (2008)         
          Two-component difference density and DIIS algorithm 
              Efficient two-component self-consistent field   
              procedures and gradients: implementation in     
              TURBOMOLE and application to Au20-              
              A. Baldes, F. Weigend                           
              Mol. Phys. 111: 2617 (2013)                     
          Relativistic all-electron 2c calculations           
              An efficient implementation of two-component    
              relativistic exact-decoupling methods for large 
              molecules                                       
              D. Peng, N. Middendorf, F. Weigend, M. Reiher   
              J. Chem. Phys. 138: 184105 (2013)               
          Finite nucleus model and SNSO approximation         
              Efficient implementation of one- and two-       
              component analytical energy gradients in exact  
              two-component theory                            
              Y. J. Franzke, N. Middendorf, F. Weigend        
              J. Chem. Phys. 148: 104110 (2018)               
          Grids for all-electron relativistic methods         
              Error-consistent segmented contracted all-      
              electron relativistic basis sets of double-     
              and triple-zeta quality for NMR shielding       
              constants                                       
              Y. J. Franzke, R. Tress, T. M. Pazdera,         
              F. Weigend                                      
              Phys. Chem. Chem. Phys. 21: 166658 (2019)       
          Seminumerical exchange algorithms                   
              Seminumerical calculation of the Hartree-Fock   
              exchange matirx: Application to two-component   
              procedures and efficient evaluation of local    
              hybrid functionsl                               
               P. Plessow, F. Weigend,                        
              J. Comput. Chem. 33: 810 (2012)                 
          Improved seminumerical algorithms                   
              C. Holzer,                                      
              J. Chem. Phys. 153 (2020), 184115               
                                         





          OpenMP Shared-Memory Parallelization:  2 CPUs.

            By: Christof Holzer and Yannick J. Franzke


              +--------------------------------------------------+
              |      general information about current run       |
              +--------------------------------------------------+

 
 PW6B95 global meta hybrid functional
 code by Stefan Grimme, University of Muenster
 Zhao and Truhlar, J Phys Chem A, 109, 25, 2005, 5656.
 A Hybrid-DFT calculation using the RI-J approximation will be carried out.
 Allocatable memory for RI due to $ricore (MB):                   500


              +--------------------------------------------------+
              | Atomic coordinate, charge and isotop information |
              +--------------------------------------------------+

                    atomic coordinates            atom    charge  isotop
        -10.77811342    2.92779993    1.37014782    c      6.000     0
        -10.66597707    4.72271471   -0.53449770    c      6.000     0
         -8.86091446    6.72781618   -0.26170628    c      6.000     0
         -6.13543239    5.58911824    0.25050965    o      8.000     0
         -6.06522529    3.58014850    1.69039214    c      6.000     0
         -7.44486142    1.43822520    1.08858429    c      6.000     0
        -12.00790561    1.31331997    1.14079554    h      1.000     0
        -10.65878289    3.58106691    3.30308442    h      1.000     0
        -11.17265989    4.16680453   -2.43462865    h      1.000     0
         -9.08898929    7.91293713    1.40550459    h      1.000     0
         -8.55919134    7.86062006   -1.94565257    h      1.000     0
         -5.42253888    3.86204273    3.63297769    h      1.000     0
         -7.59820513    0.91118058   -0.87496776    h      1.000     0
         -7.37908950   -0.14507427    2.37580715    h      1.000     0
 
       center of nuclear mass  :   -8.28461971    4.18570548    0.60552352
       center of nuclear charge:   -8.34481243    4.14252328    0.62444607

  Keyword $basis  missing in file <control>

              read basis sets from /software/cluster/turbomole76/basen/
              (basis sets have been saved in file basis)

              +--------------------------------------------------+
              |               basis set information              |
              +--------------------------------------------------+

              we will work with the 1s 3p 5d 7f 9g ... basis set
              ...i.e. with spherical basis functions...

   type   atoms  prim   cont   basis
   ---------------------------------------------------------------------------
    c        5     46     31   def2-TZVP   [5s3p2d1f|11s6p2d1f]
    o        1     46     31   def2-TZVP   [5s3p2d1f|11s6p2d1f]
    h        8      8      6   def2-TZVP   [3s1p|5s1p]
   ---------------------------------------------------------------------------
   total:   14    340    234
   ---------------------------------------------------------------------------

   total number of primitive shells          :   46
   total number of contracted shells         :   98
   total number of cartesian basis functions :  264
   total number of SCF-basis functions       :  234


 integral neglect threshold       :  0.13E-10
 integral storage threshold THIZE :  0.10E-04
 integral storage threshold THIME :         5

 RI-J AUXILIARY BASIS SET information:

              assign orbital basis set names as defaults
              read basis sets from /software/cluster/turbomole76/jbasen/
              (basis sets have been saved in file auxbasis)

              we will work with the 1s 3p 5d 7f 9g ... basis set
              ...i.e. with spherical basis functions...

   type   atoms  prim   cont   basis
   ---------------------------------------------------------------------------
    c        5     70     49   def2-TZVP   [6s4p3d1f1g|12s5p4d2f1g]
    o        1     70     49   def2-TZVP   [6s4p3d1f1g|12s5p4d2f1g]
    h        8     16     11   def2-TZVP   [3s1p1d|5s2p1d]
   ---------------------------------------------------------------------------
   total:   14    548    382
   ---------------------------------------------------------------------------

   total number of primitive shells          :   56
   total number of contracted shells         :  130
   total number of cartesian basis functions :  462
   total number of SCF-basis functions       :  382


 symmetry group of the molecule :   c1 

 the group has the following generators :
   c1(z)

    1 symmetry operations found

 there are 1 real representations :   a   

 maximum number of shells which are related by symmetry :  1

  
           ------------------
           density functional
           ------------------
 PW6B95 global meta hybrid functional
 code by Stefan Grimme, University of Muenster
 Zhao and Truhlar, J Phys Chem A, 109, 25, 2005, 5656.

 iterations will be done with small grid
  
 spherical integration : Lebedev's spherical grid
 spherical gridsize    :                     3
    i.e. gridpoints    :                   302
 value for diffuse not defined
 radial integration    : Chebyshev 2nd kind (scaling 3)
 radial gridsize       :                     3
 integration cells     :                    14
 partition function    : becke
 partition sharpness   :                     3
  

 biggest AO integral is expected to be     7.998976882

          ------------------------
          nuclear repulsion energy  :   238.713445042    
          ------------------------

  _________________________________
 |                                 |
 |         DFTD3 V3.1 Rev 0        |
 | S.Grimme, University Bonn       |
 |            June  2014           |
 |   see standalone version        |
 |       dftd3 -h for options      |
 |_________________________________|
 
 Please cite DFT-D3 work done with this code as:
 S. Grimme, J. Antony, S. Ehrlich and H. Krieg,
 J. Chem. Phys, 132 (2010), 154104.
 If used with BJ-damping cite also
 S. Grimme, S. Ehrlich and L. Goerigk,
 J. Comput. Chem. 32 (2011), 1456-1465
 For DFT-D2 the reference is
 S. Grimme, J. Comput. Chem., 27 (2006), 1787-1799
 
C6 coefficients used:
                     2  C6 for element                      1
Z=  1 CN= 0.912     C6(AA)=    3.03
Z=  1 CN= 0.000     C6(AA)=    7.59
                     5  C6 for element                      6
Z=  6 CN= 0.000     C6(AA)=   49.11
Z=  6 CN= 0.987     C6(AA)=   43.25
Z=  6 CN= 1.998     C6(AA)=   29.36
Z=  6 CN= 2.999     C6(AA)=   25.78
Z=  6 CN= 3.984     C6(AA)=   18.21
                     3  C6 for element                      8
Z=  8 CN= 0.000     C6(AA)=   15.51
Z=  8 CN= 0.993     C6(AA)=   12.82
Z=  8 CN= 1.989     C6(AA)=   10.37

#           XYZ [au]              R0(AA) [Ang.]  CN          C6(AA)     C8(AA)   C10(AA) [au]
  1 -10.77811   2.92780   1.37015   c   0.295  3.721        19.2       554.2     19636.1
  2 -10.66598   4.72271  -0.53450   c   0.295  3.066        25.5       738.5     26162.9
  3  -8.86091   6.72782  -0.26171   c   0.295  4.033        18.3       529.2     18750.2
  4  -6.13543   5.58912   0.25051   o   0.247  1.983        10.4       210.2      5195.8
  5  -6.06523   3.58015   1.69039   c   0.295  3.098        25.4       736.0     26076.9
  6  -7.44486   1.43823   1.08858   c   0.295  3.684        19.4       562.1     19914.3
  7 -12.00791   1.31332   1.14080   h   0.191  1.001         3.1        37.4       553.1
  8 -10.65878   3.58107   3.30308   h   0.191  1.003         3.1        37.3       553.0
  9 -11.17266   4.16680  -2.43463   h   0.191  1.004         3.1        37.3       552.9
 10  -9.08899   7.91294   1.40550   h   0.191  1.001         3.1        37.4       553.2
 11  -8.55919   7.86062  -1.94565   h   0.191  1.001         3.1        37.4       553.2
 12  -5.42254   3.86204   3.63298   h   0.191  1.000         3.1        37.4       553.2
 13  -7.59821   0.91118  -0.87497   h   0.191  1.003         3.1        37.3       553.0
 14  -7.37909  -0.14507   2.37581   h   0.191  1.001         3.1        37.4       553.2

molecular C6(AA) [au] =      1625.05

           DFT-D V3(BJ)
 DF pw6b95                                            
 parameters
 s6       :    1.0000
 s8       :    0.7257
 a1       :    0.2076
 a2       :    6.3750
 k1-k3    :   16.0000    1.3333   -4.0000
 
 Edisp /kcal,au:    -3.3867 -0.00539708

 E6    /kcal :    -2.6200
 E8    /kcal :    -0.7667
 % E8        : 22.64
 nuclear repulsion energy                  =     238.713445042
  DFT-D3 Energy contribution               =      -0.005397077
 nuclear repulsion + dispersion correction =     238.708047965


         -----------------
         -S,T+V- integrals
         -----------------

 1e-integrals will be neglected if expon. factor < 0.126589E-11
 
   Difference densities algorithm switched on.
   The maximal number of linear combinations of
   difference densities is                    20 .

 DIIS switched on: error vector is FDS-SDF
 Max. Iterations for DIIS is     :   4
 DIIS matrix (see manual) 
    Scaling factor of diagonals  :  1.200
    threshold for scaling factor :  0.000

 scf convergence criterion : increment of total energy < .1000000D-06
                  and increment of one-electron energy < .1000000D-03

 MOs are in ASCII format !

  missing closed shell occupation number declaration

 No input with occupation numbers/open-shell information found

 start vectors will be provided by an EHT guess

 The EHT guess will be determined for:
   molecular charge   :    0
   number of electrons:   46
   S_z eigenvalue     :    0
 
 virtual MOs provided and orthogonalized by Cholesky decomposition

 automatic virtual orbital shift switched on 
      shift if e(lumo)-e(homo) < 0.10000000    

  
           ------------------------
               RI-J - INFORMATION
           ------------------------
 Contributions to RI integral batches: 
  neglected integral batches:                   191
  direct contribution:                            0
  memory contribution:                  4660
 Memory core needed for (P|Q) and Cholesky      2 MByte
 Memory core minimum needed except of (P|Q)     1 MByte
 Total minimum memory core needed (sum)         2 MByte
  
 ****************************************
 Memory allocated for RI-J   124 MByte
 ****************************************
                                            

 dump of DSCF restart information has been disabled !


 Starting SCF iterations

          Overall gridpoints after grid construction =         17238

 ITERATION  ENERGY          1e-ENERGY        2e-ENERGY     NORM[dD(SAO)]  TOL
   1  -269.88581454738    -830.06055152     321.46668901    0.000D+00 0.126D-10
                            Exc = -28.1169283506     Coul =  359.705745597    
                            exK = -10.1221282399    
                              N = 45.998327629    
                            current damping = 0.700
 
          max. resid. norm for Fia-block=  2.980D-01 for orbital      1a         
          max. resid. fock norm         =  1.184D+01 for orbital    173a         

 ITERATION  ENERGY          1e-ENERGY        2e-ENERGY     NORM[dD(SAO)]  TOL
   2  -270.67438015271    -835.43135082     326.04892271    0.808D+00 0.846D-11
                            Exc = -28.4413321468      Eck =  354.490254854    
                              N = 45.998392591    
                            current damping = 0.650
 
          Norm of current diis error:  2.0650    
          max. resid. norm for Fia-block=  1.437D-01 for orbital      1a         
          max. resid. fock norm         =  1.691D-01 for orbital    216a         

 ITERATION  ENERGY          1e-ENERGY        2e-ENERGY     NORM[dD(SAO)]  TOL
   3  -270.82570076093    -837.32761981     327.79387108    0.501D+00 0.626D-11
                            Exc = -28.6273669335      Eck =  356.421238016    
                              N = 45.998481732    
                            current damping = 0.550
 
          Norm of current diis error:  1.0218    
          max. resid. norm for Fia-block=  5.510D-02 for orbital      1a         
          max. resid. fock norm         =  5.792D-02 for orbital      1a         

 ITERATION  ENERGY          1e-ENERGY        2e-ENERGY     NORM[dD(SAO)]  TOL
   4  -270.87765966507    -837.80311119     328.21740356    0.295D+00 0.530D-11
                            Exc = -28.6691723909      Eck =  356.886575947    
                              N = 45.998482507    
                            current damping = 0.400
 
          Norm of current diis error: 0.40059    
          max. resid. norm for Fia-block=  2.776D-02 for orbital      7a         
          max. resid. fock norm         =  3.273D-02 for orbital      7a         

 ITERATION  ENERGY          1e-ENERGY        2e-ENERGY     NORM[dD(SAO)]  TOL
   5  -270.88736354244    -838.62516646     329.02975495    0.133D+00 0.481D-11
                            Exc = -28.7383825162      Eck =  357.768137469    
                              N = 45.998502439    
                            current damping = 0.300
 
          Norm of current diis error: 0.18670    
          max. resid. norm for Fia-block=  1.279D-02 for orbital     22a         
          max. resid. fock norm         =  1.605D-02 for orbital     22a         
          mo-orthogonalization: Cholesky decomposition

 ITERATION  ENERGY          1e-ENERGY        2e-ENERGY     NORM[dD(SAO)]  TOL
   6  -270.88950130723    -838.42790443     328.83035516    0.696D-01 0.449D-11
                            Exc = -28.7263929623      Eck =  357.556748117    
                              N = 45.998498384    
                            current damping = 0.350
 
          Norm of current diis error: 0.80295E-01
          max. resid. norm for Fia-block=  4.982D-03 for orbital     23a         
          max. resid. fock norm         =  6.334D-03 for orbital     14a         

 ITERATION  ENERGY          1e-ENERGY        2e-ENERGY     NORM[dD(SAO)]  TOL
   7  -270.88988733101    -838.52006190     328.92212660    0.205D-01 0.438D-11
                            Exc = -28.7342495502      Eck =  357.656376154    
                              N = 45.998502909    
                            current damping = 0.400
 
          Norm of current diis error: 0.27663E-01
          max. resid. norm for Fia-block=  1.694D-03 for orbital     23a         
          max. resid. fock norm         =  2.848D-03 for orbital    233a         

 ITERATION  ENERGY          1e-ENERGY        2e-ENERGY     NORM[dD(SAO)]  TOL
   8  -270.88992399312    -838.55748450     328.95951254    0.882D-02 0.433D-11
                            Exc = -28.7370600434      Eck =  357.696572587    
                              N = 45.998503985    
                            current damping = 0.250
 
          Norm of current diis error: 0.13286E-01
          max. resid. norm for Fia-block=  8.067D-04 for orbital     23a         
          max. resid. fock norm         =  9.308D-04 for orbital     23a         

 ITERATION  ENERGY          1e-ENERGY        2e-ENERGY     NORM[dD(SAO)]  TOL
   9  -270.88993545541    -838.55542759     328.95744417    0.235D-02 0.427D-11
                            Exc = -28.7367793423      Eck =  357.694223516    
                              N = 45.998502804    
                            current damping = 0.300
 
          Norm of current diis error: 0.41562E-02
          max. resid. norm for Fia-block=  2.539D-04 for orbital     23a         
          max. resid. fock norm         =  5.073D-04 for orbital    232a         

 ITERATION  ENERGY          1e-ENERGY        2e-ENERGY     NORM[dD(SAO)]  TOL
  10  -270.88993624882    -838.54647211     328.94848789    0.110D-02 0.424D-11
                            Exc = -28.7362764905      Eck =  357.684764384    
                              N = 45.998503531    
                            current damping = 0.150
 
          Norm of current diis error: 0.23311E-02
          max. resid. norm for Fia-block=  1.103D-04 for orbital     14a         
          max. resid. fock norm         =  1.931D-04 for orbital    230a         
          mo-orthogonalization: Cholesky decomposition

 ITERATION  ENERGY          1e-ENERGY        2e-ENERGY     NORM[dD(SAO)]  TOL
  11  -270.88993652472    -838.55013592     328.95215143    0.250D-03 0.421D-11
                            Exc = -28.7365465040      Eck =  357.688697932    
                              N = 45.998503440    
                            current damping = 0.200
 
          Norm of current diis error: 0.78525E-03
          max. resid. norm for Fia-block=  5.428D-05 for orbital     21a         
          max. resid. fock norm         =  8.766D-05 for orbital     17a         

 ITERATION  ENERGY          1e-ENERGY        2e-ENERGY     NORM[dD(SAO)]  TOL
  12  -270.88993652778    -838.55077066     328.95278616    0.956D-04 0.418D-11
                            Exc = -28.7365344000      Eck =  357.689320563    
                              N = 45.998503304    
                            current damping = 0.050
 
          Norm of current diis error: 0.77799E-03
          max. resid. norm for Fia-block=  3.205D-05 for orbital     23a         
          max. resid. fock norm         =  4.594D-05 for orbital     21a         

 ENERGY CONVERGED !

          Overall gridpoints after grid construction =         65012

 ITERATION  ENERGY          1e-ENERGY        2e-ENERGY     NORM[dD(SAO)]  TOL
  13  -270.89123897433    -838.55072992     328.95144298    0.183D-04 0.415D-11
                            Exc = -28.7378578550      Eck =  357.689300832    
                              N = 45.999987692    
                            current damping = 0.100
 
          Norm of current diis error: 0.21230E-03
          max. resid. norm for Fia-block=  1.015D-05 for orbital     23a         
          max. resid. fock norm         =  2.094D-05 for orbital    233a         

 End of SCF iterations

   convergence criteria satisfied after    13 iterations


                  ------------------------------------------ 
                 |  total energy      =   -270.89123897433  |
                  ------------------------------------------ 
                 :  kinetic energy    =    269.82754857335  :
                 :  potential energy  =   -540.71878754768  :
                 :  virial theorem    =      1.99607336729  :
                 :  wavefunction norm =      1.00000000000  :
                  .......................................... 


 <geterg> : there is no data group $energy 


 orbitals $scfmo  will be written to file mos

    irrep                 19a         20a         21a         22a         23a   
 eigenvalues H         -0.38531    -0.37862    -0.33371    -0.29526    -0.20832
            eV         -10.4850    -10.3028     -9.0809     -8.0345     -5.6687
 occupation              2.0000      2.0000      2.0000      2.0000      2.0000

    irrep                 24a         25a         26a         27a         28a   
 eigenvalues H         -0.03875     0.05182     0.05786     0.06558     0.08121
            eV          -1.0545      1.4102      1.5746      1.7846      2.2099
 
 
 
 
 ==============================================================================
                           electrostatic moments
 ==============================================================================

 reference point for electrostatic moments:    0.00000   0.00000   0.00000

 
              nuc           elec       ->  total
 ------------------------------------------------------------------------------
                          charge      
 ------------------------------------------------------------------------------
          46.000000     -46.000000       0.000000
 
 ------------------------------------------------------------------------------
                       dipole moment  
 ------------------------------------------------------------------------------
   x    -383.861372     383.537350      -0.324022
   y     190.556071    -190.976254      -0.420183
   z      28.724519     -28.434030       0.290490
 
   | dipole moment | =     0.6049 a.u. =     1.5376 debye 
 
 ------------------------------------------------------------------------------
                     quadrupole moment
 ------------------------------------------------------------------------------
  xx    3385.190239   -3411.026572     -25.836333
  yy     968.140717    -997.656618     -29.515901
  zz      81.654347    -106.971729     -25.317382
  xy   -1584.613182    1587.185545       2.572363
  xz    -211.332581     209.415368      -1.917214
  yz      67.163692     -66.478595       0.685097
 
     1/3  trace=     -26.889872
     anisotropy=       6.928521
 
 ==============================================================================
 
HOMO-LUMO Separation
 HOMO         :   -0.20831741 H =     -5.66861 eV
 LUMO         :   -0.03875062 H =     -1.05446 eV
 HOMO-LUMO gap:    0.16956679 H =     +4.61415 eV
 
 ==============================================================================


    ------------------------------------------------------------------------
         total  cpu-time :  1 minutes and 29 seconds
         total wall-time :  44.67 seconds
    ------------------------------------------------------------------------

   ****  ridft : all done  ****


    2023-06-22 18:49:31.608 

 ridft ended normally
