
  ========================================================================
                license information 
 Customer : 200000000058156
 ID       : LKO1924661

 License file is VALID, continuing with full version
  ========================================================================

   OpenMP run-time library returned nthreads =  2

 ridft (c04) : TURBOMOLE rev. V7-6 27 Oct 2021 at 10:11:12 compiled Oct 27th 2021
 Copyright (C) 2021 TURBOMOLE GmbH, Karlsruhe


    2023-06-15 21:21:52.704 



                                  r i d f t

                        DFT program with RI approximation 
                                for coulomb part 




                                                 
                                 References:     
                                                 
          TURBOMOLE:                             
              R. Ahlrichs, M. Baer, M. Haeser, H. Horn, and
              C. Koelmel
              Electronic structure calculations on workstation
              computers: the program system TURBOMOLE
              Chem. Phys. Lett. 162: 165 (1989)
          Density Functional:                              
              O. Treutler and R. Ahlrichs                      
              Efficient Molecular Numerical Integration Schemes
              J. Chem. Phys. 102: 346 (1995)                   
          Parallel Version:                                
              Performance of parallel TURBOMOLE for Density    
              Functional Calculations                          
              M. v. Arnim and R. Ahlrichs                      
              J. Comp. Chem. 19: 1746 (1998)                   
          RI-J Method:                                     
              Auxiliary Basis Sets to approximate Coulomb      
              Potentials                                       
              Chem. Phys. Lett. 240: 283 (1995)                
              K. Eichkorn, O. Treutler, H. Oehm, M. Haeser     
              and R. Ahlrichs                                  
              Chem. Phys. Lett. 242: 652 (1995)                
                                                           
              Auxiliary Basis Sets for Main Row Atoms and their
              Use to approximate Coulomb Potentials            
              K. Eichkorn, F. Weigend, O. Treutler and         
              R. Ahlrichs                                      
              Theo. Chem. Acc. 97: 119 (1997)                   
                                                           
              Accurate Coulomb-fitting basis sets for H to Rn 
              F. Weigend                                        
              Phys. Chem. Chem. Phys. 8: 1057 (2006)            
                                                           
          Multipole accelerated RI-J (MARI-J):             
              Fast evaluation of the Coulomb potential for     
              electron densities using multipole accelerated   
              resolution of identity approximation             
              M. Sierka, A. Hogekamp and R. Ahlrichs           
              J. Chem. Phys. 118: 9136 (2003)                  
          RI-JK Method:                                     
              A fully direct RI-HF algorithm: Implementation,
              optimised auxiliary basis sets, demonstration of
              accuracy and efficiency                         
              F. Weigend                                      
              Phys. Chem. Chem. Phys. 4: 4285 (2002)           
          Two-component HF and DFT with spin-orbit coupling:  
              Self-consistent treatment of spin-orbit         
              interactions with efficient Hartree-Fock and    
              density functional methods                      
              M. K. Armbruster, F. Weigend, C. van Wüllen and 
              W. Klopper                                      
              Phys. Chem. Chem. Phys. 10: 1748 (2008)         
          Two-component difference density and DIIS algorithm 
              Efficient two-component self-consistent field   
              procedures and gradients: implementation in     
              TURBOMOLE and application to Au20-              
              A. Baldes, F. Weigend                           
              Mol. Phys. 111: 2617 (2013)                     
          Relativistic all-electron 2c calculations           
              An efficient implementation of two-component    
              relativistic exact-decoupling methods for large 
              molecules                                       
              D. Peng, N. Middendorf, F. Weigend, M. Reiher   
              J. Chem. Phys. 138: 184105 (2013)               
          Finite nucleus model and SNSO approximation         
              Efficient implementation of one- and two-       
              component analytical energy gradients in exact  
              two-component theory                            
              Y. J. Franzke, N. Middendorf, F. Weigend        
              J. Chem. Phys. 148: 104110 (2018)               
          Grids for all-electron relativistic methods         
              Error-consistent segmented contracted all-      
              electron relativistic basis sets of double-     
              and triple-zeta quality for NMR shielding       
              constants                                       
              Y. J. Franzke, R. Tress, T. M. Pazdera,         
              F. Weigend                                      
              Phys. Chem. Chem. Phys. 21: 166658 (2019)       
          Seminumerical exchange algorithms                   
              Seminumerical calculation of the Hartree-Fock   
              exchange matirx: Application to two-component   
              procedures and efficient evaluation of local    
              hybrid functionsl                               
               P. Plessow, F. Weigend,                        
              J. Comput. Chem. 33: 810 (2012)                 
          Improved seminumerical algorithms                   
              C. Holzer,                                      
              J. Chem. Phys. 153 (2020), 184115               
                                         





          OpenMP Shared-Memory Parallelization:  2 CPUs.

            By: Christof Holzer and Yannick J. Franzke


              +--------------------------------------------------+
              |      general information about current run       |
              +--------------------------------------------------+

 
 TPSS meta-GGA functional
 exchange:    LDA + TPSS
 correlation: LDA (PW) + TPSS
 A DFT calculation using the RI-J approximation will be carried out.
 Allocatable memory for RI due to $ricore (MB):                   500


              +--------------------------------------------------+
              | Atomic coordinate, charge and isotop information |
              +--------------------------------------------------+

                    atomic coordinates            atom    charge  isotop
         -9.99007888    3.53381119    0.08465484    c      6.000     0
        -10.52829682    5.74763566    0.06020965    o      8.000     0
         -7.62786358    2.58447761   -0.19655375    o      8.000     0
        -11.32935918    1.96461150    0.33784956    h      1.000     0
         -6.49043994    4.02639327   -0.41585220    h      1.000     0
 
       center of nuclear mass  :   -9.30871367    3.94979222   -0.02701189
       center of nuclear charge:   -9.29206482    3.91044908   -0.02753444

  Keyword $basis  missing in file <control>

              read basis sets from /software/cluster/turbomole76/basen/
              (basis sets have been saved in file basis)

              +--------------------------------------------------+
              |               basis set information              |
              +--------------------------------------------------+

              we will work with the 1s 3p 5d 7f 9g ... basis set
              ...i.e. with spherical basis functions...

   type   atoms  prim   cont   basis
   ---------------------------------------------------------------------------
    c        1     43     23   aug-cc-pVDZ   [4s3p2d|18s5p2d]
    o        2     43     23   aug-cc-pVDZ   [4s3p2d|18s5p2d]
    h        2     11      9   aug-cc-pVDZ   [3s2p|5s2p]
   ---------------------------------------------------------------------------
   total:    5    151     87
   ---------------------------------------------------------------------------

   total number of primitive shells          :   57
   total number of contracted shells         :   37
   total number of cartesian basis functions :   93
   total number of SCF-basis functions       :   87


 integral neglect threshold       :  0.36E-10
 integral storage threshold THIZE :  0.10E-04
 integral storage threshold THIME :         5

 RI-J AUXILIARY BASIS SET information:

              assign orbital basis set names as defaults
              read basis sets from /software/cluster/turbomole76/jbasen/
              (basis sets have been saved in file auxbasis)

              we will work with the 1s 3p 5d 7f 9g ... basis set
              ...i.e. with spherical basis functions...

   type   atoms  prim   cont   basis
   ---------------------------------------------------------------------------
    c        1     70     49   aug-cc-pVDZ   [6s4p3d1f1g|12s5p4d2f1g]
    o        2     70     49   aug-cc-pVDZ   [6s4p3d1f1g|12s5p4d2f1g]
    h        2     16     11   aug-cc-pVDZ   [3s1p1d|5s2p1d]
   ---------------------------------------------------------------------------
   total:    5    242    169
   ---------------------------------------------------------------------------

   total number of primitive shells          :   56
   total number of contracted shells         :   55
   total number of cartesian basis functions :  207
   total number of SCF-basis functions       :  169


 symmetry group of the molecule :   c1 

 the group has the following generators :
   c1(z)

    1 symmetry operations found

 there are 1 real representations :   a   

 maximum number of shells which are related by symmetry :  1

  
           ------------------
           density functional
           ------------------
 TPSS meta-GGA functional
 exchange:    LDA + TPSS
 correlation: LDA (PW) + TPSS

 iterations will be done with small grid
  
 spherical integration : Lebedev's spherical grid
 spherical gridsize    :                     3
    i.e. gridpoints    :                   302
 value for diffuse not defined
 radial integration    : Chebyshev 2nd kind (scaling 3)
 radial gridsize       :                     3
 integration cells     :                     5
 partition function    : becke
 partition sharpness   :                     3
  

 biggest AO integral is expected to be     4.738267915

          ------------------------
          nuclear repulsion energy  :   69.7604228050    
          ------------------------

  _________________________________
 |                                 |
 |         DFTD3 V3.1 Rev 0        |
 | S.Grimme, University Bonn       |
 |            June  2014           |
 |   see standalone version        |
 |       dftd3 -h for options      |
 |_________________________________|
 
 Please cite DFT-D3 work done with this code as:
 S. Grimme, J. Antony, S. Ehrlich and H. Krieg,
 J. Chem. Phys, 132 (2010), 154104.
 If used with BJ-damping cite also
 S. Grimme, S. Ehrlich and L. Goerigk,
 J. Comput. Chem. 32 (2011), 1456-1465
 For DFT-D2 the reference is
 S. Grimme, J. Comput. Chem., 27 (2006), 1787-1799
 
C6 coefficients used:
                     2  C6 for element                      1
Z=  1 CN= 0.912     C6(AA)=    3.03
Z=  1 CN= 0.000     C6(AA)=    7.59
                     5  C6 for element                      6
Z=  6 CN= 0.000     C6(AA)=   49.11
Z=  6 CN= 0.987     C6(AA)=   43.25
Z=  6 CN= 1.998     C6(AA)=   29.36
Z=  6 CN= 2.999     C6(AA)=   25.78
Z=  6 CN= 3.984     C6(AA)=   18.21
                     3  C6 for element                      8
Z=  8 CN= 0.000     C6(AA)=   15.51
Z=  8 CN= 0.993     C6(AA)=   12.82
Z=  8 CN= 1.989     C6(AA)=   10.37

#           XYZ [au]              R0(AA) [Ang.]  CN          C6(AA)     C8(AA)   C10(AA) [au]
  1  -9.99008   3.53381   0.08465   c   0.645  3.008        25.7       742.1     26291.1
  2 -10.52830   5.74764   0.06021   o   0.539  1.018        12.8       258.2      6383.9
  3  -7.62786   2.58448  -0.19655   o   0.539  2.006        10.4       210.0      5192.2
  4 -11.32936   1.96461   0.33785   h   0.417  0.996         3.1        37.4       553.5
  5  -6.49044   4.02639  -0.41585   h   0.417  1.011         3.1        37.3       552.3

molecular C6(AA) [au] =       233.02

           DFT-D V3(BJ)
 DF tpss                                              
 parameters
 s6       :    1.0000
 s8       :    1.9435
 a1       :    0.4535
 a2       :    4.4752
 k1-k3    :   16.0000    1.3333   -4.0000
 
 Edisp /kcal,au:    -1.3887 -0.00221307

 E6    /kcal :    -0.7264
 E8    /kcal :    -0.6623
 % E8        : 47.69
 nuclear repulsion energy                  =      69.760422805
  DFT-D3 Energy contribution               =      -0.002213073
 nuclear repulsion + dispersion correction =      69.758209732


         -----------------
         -S,T+V- integrals
         -----------------

 1e-integrals will be neglected if expon. factor < 0.359351E-11
 
   Difference densities algorithm switched on.
   The maximal number of linear combinations of
   difference densities is                    20 .

 DIIS switched on: error vector is FDS-SDF
 Max. Iterations for DIIS is     :   4
 DIIS matrix (see manual) 
    Scaling factor of diagonals  :  1.200
    threshold for scaling factor :  0.000

 scf convergence criterion : increment of total energy < .1000000D-06
                  and increment of one-electron energy < .1000000D-03

 MOs are in ASCII format !

  missing closed shell occupation number declaration

 No input with occupation numbers/open-shell information found

 start vectors will be provided by an EHT guess

 The EHT guess will be determined for:
   molecular charge   :    0
   number of electrons:   24
   S_z eigenvalue     :    0
 
 virtual MOs provided and orthogonalized by Cholesky decomposition

 automatic virtual orbital shift switched on 
      shift if e(lumo)-e(homo) < 0.10000000    

  
           ------------------------
               RI-J - INFORMATION
           ------------------------
 Contributions to RI integral batches: 
  neglected integral batches:                     0
  direct contribution:                            0
  memory contribution:                   703
 Memory core needed for (P|Q) and Cholesky      1 MByte
 Memory core minimum needed except of (P|Q)     1 MByte
 Total minimum memory core needed (sum)         1 MByte
  
 ****************************************
 Memory allocated for RI-J     8 MByte
 ****************************************
                                            

 dump of DSCF restart information has been disabled !


 Starting SCF iterations

          Overall gridpoints after grid construction =          7158

 ITERATION  ENERGY          1e-ENERGY        2e-ENERGY     NORM[dD(SAO)]  TOL
   1  -188.98110099825    -396.07406060     137.33474987    0.000D+00 0.358D-10
                            Exc = -23.4722879490     Coul =  160.807037824    
                              N = 23.999467667    
                            current damping = 0.700
 
          max. resid. norm for Fia-block=  3.700D-01 for orbital     11a         
          max. resid. fock norm         =  1.400D+00 for orbital     54a         

 ITERATION  ENERGY          1e-ENERGY        2e-ENERGY     NORM[dD(SAO)]  TOL
   2  -189.69604309047    -396.40038604     136.94613322    0.115D+01 0.235D-10
                            Exc = -23.2453949412     Coul =  160.191528163    
                              N = 23.999504327    
                            current damping = 0.650
 
          Norm of current diis error:  1.2400    
          max. resid. norm for Fia-block=  1.569D-01 for orbital      2a         
          max. resid. fock norm         =  1.995D-01 for orbital     15a         

 ITERATION  ENERGY          1e-ENERGY        2e-ENERGY     NORM[dD(SAO)]  TOL
   3  -189.79000934788    -397.42139096     137.87317188    0.368D+00 0.190D-10
                            Exc = -23.3581689422     Coul =  161.231340824    
                              N = 23.999592263    
                            current damping = 0.600
 
          Norm of current diis error: 0.57734    
          max. resid. norm for Fia-block=  6.133D-02 for orbital      2a         
          max. resid. fock norm         =  7.082D-02 for orbital     43a         

 ITERATION  ENERGY          1e-ENERGY        2e-ENERGY     NORM[dD(SAO)]  TOL
   4  -189.81604709015    -397.05493863     137.48068181    0.160D+00 0.162D-10
                            Exc = -23.3047147323     Coul =  160.785396542    
                              N = 23.999653341    
                            current damping = 0.650
 
          Norm of current diis error: 0.24593    
          max. resid. norm for Fia-block=  2.604D-02 for orbital      5a         
          max. resid. fock norm         =  3.390D-02 for orbital     60a         

 ITERATION  ENERGY          1e-ENERGY        2e-ENERGY     NORM[dD(SAO)]  TOL
   5  -189.81998925002    -397.33074216     137.75254317    0.694D-01 0.149D-10
                            Exc = -23.3415367264     Coul =  161.094079900    
                              N = 23.999664982    
                            current damping = 0.700
 
          Norm of current diis error: 0.13944    
          max. resid. norm for Fia-block=  1.125D-02 for orbital     12a         
          max. resid. fock norm         =  1.227D-02 for orbital     13a         
          mo-orthogonalization: Cholesky decomposition

 ITERATION  ENERGY          1e-ENERGY        2e-ENERGY     NORM[dD(SAO)]  TOL
   6  -189.82147252450    -397.28395927     137.70427702    0.354D-01 0.142D-10
                            Exc = -23.3317964334     Coul =  161.036073450    
                              N = 23.999688541    
                            current damping = 0.750
 
          Norm of current diis error: 0.64961E-01
          max. resid. norm for Fia-block=  5.373D-03 for orbital     10a         
          max. resid. fock norm         =  8.487D-03 for orbital     10a         

 ITERATION  ENERGY          1e-ENERGY        2e-ENERGY     NORM[dD(SAO)]  TOL
   7  -189.82179511005    -397.24408973     137.66408489    0.913D-02 0.138D-10
                            Exc = -23.3274595203     Coul =  160.991544406    
                              N = 23.999688954    
                            current damping = 0.600
 
          Norm of current diis error: 0.20986E-01
          max. resid. norm for Fia-block=  2.181D-03 for orbital      4a         
          max. resid. fock norm         =  2.684D-03 for orbital      6a         

 ITERATION  ENERGY          1e-ENERGY        2e-ENERGY     NORM[dD(SAO)]  TOL
   8  -189.82182738092    -397.27094358     137.69090647    0.314D-02 0.135D-10
                            Exc = -23.3317026763     Coul =  161.022609142    
                              N = 23.999691206    
                            current damping = 0.650
 
          Norm of current diis error: 0.89136E-02
          max. resid. norm for Fia-block=  6.849D-04 for orbital     10a         
          max. resid. fock norm         =  8.508D-04 for orbital     10a         

 ITERATION  ENERGY          1e-ENERGY        2e-ENERGY     NORM[dD(SAO)]  TOL
   9  -189.82183423001    -397.27205392     137.69200996    0.832D-03 0.133D-10
                            Exc = -23.3313890017     Coul =  161.023398959    
                              N = 23.999691999    
                            current damping = 0.500
 
          Norm of current diis error: 0.26604E-02
          max. resid. norm for Fia-block=  2.790D-04 for orbital     12a         
          max. resid. fock norm         =  3.589D-04 for orbital     43a         

 ITERATION  ENERGY          1e-ENERGY        2e-ENERGY     NORM[dD(SAO)]  TOL
  10  -189.82183479189    -397.26653337     137.68648885    0.212D-03 0.131D-10
                            Exc = -23.3307974394     Coul =  161.017286285    
                              N = 23.999692632    
                            current damping = 0.550
 
          Norm of current diis error: 0.18332E-02
          max. resid. norm for Fia-block=  1.610D-04 for orbital     11a         
          max. resid. fock norm         =  2.634D-04 for orbital      8a         
          mo-orthogonalization: Cholesky decomposition

 ITERATION  ENERGY          1e-ENERGY        2e-ENERGY     NORM[dD(SAO)]  TOL
  11  -189.82183493546    -397.26853186     137.68848719    0.639D-04 0.129D-10
                            Exc = -23.3311077869     Coul =  161.019594976    
                              N = 23.999692500    
                            current damping = 0.600
 
          Norm of current diis error: 0.13156E-02
          max. resid. norm for Fia-block=  9.781D-05 for orbital     11a         
          max. resid. fock norm         =  1.236D-04 for orbital     11a         

 ITERATION  ENERGY          1e-ENERGY        2e-ENERGY     NORM[dD(SAO)]  TOL
  12  -189.82183503563    -397.27084018     137.69079541    0.193D-04 0.128D-10
                            Exc = -23.3313693762     Coul =  161.022164789    
                              N = 23.999692623    
                            current damping = 0.450
 
          Norm of current diis error: 0.53356E-03
          max. resid. norm for Fia-block=  4.070D-05 for orbital      9a         
          max. resid. fock norm         =  4.885D-05 for orbital      9a         

 ITERATION  ENERGY          1e-ENERGY        2e-ENERGY     NORM[dD(SAO)]  TOL
  13  -189.82183505252    -397.26967881     137.68963402    0.605D-05 0.126D-10
                            Exc = -23.3311933645     Coul =  161.020827388    
                              N = 23.999692646    
                            current damping = 0.500
 
          Norm of current diis error: 0.25774E-03
          max. resid. norm for Fia-block=  1.602D-05 for orbital      7a         
          max. resid. fock norm         =  2.317D-05 for orbital      6a         

 ENERGY CONVERGED !

          Overall gridpoints after grid construction =         26243

 ITERATION  ENERGY          1e-ENERGY        2e-ENERGY     NORM[dD(SAO)]  TOL
  14  -189.82167702374    -397.26945638     137.68956962    0.253D-05 0.124D-10
                            Exc = -23.3310292494     Coul =  161.020598871    
                              N = 23.999993876    
                            current damping = 0.350
 
          Norm of current diis error: 0.63940E-04
          max. resid. norm for Fia-block=  4.702D-06 for orbital     12a         
          max. resid. fock norm         =  6.222D-06 for orbital      5a         

 End of SCF iterations

   convergence criteria satisfied after    14 iterations


                  ------------------------------------------ 
                 |  total energy      =   -189.82167702374  |
                  ------------------------------------------ 
                 :  kinetic energy    =    188.72191224625  :
                 :  potential energy  =   -378.54358926999  :
                 :  virial theorem    =      1.99420632672  :
                 :  wavefunction norm =      1.00000000000  :
                  .......................................... 


 <geterg> : there is no data group $energy 


 <skperg> : $end is missing 


 orbitals $scfmo  will be written to file mos

    irrep                  8a          9a         10a         11a         12a   
 eigenvalues H         -0.45025    -0.41220    -0.37169    -0.30207    -0.25809
            eV         -12.2520    -11.2167    -10.1142     -8.2197     -7.0231
 occupation              2.0000      2.0000      2.0000      2.0000      2.0000

    irrep                 13a         14a         15a         16a         17a   
 eigenvalues H         -0.05166    -0.01934     0.00247     0.03998     0.04635
            eV          -1.4058     -0.5263      0.0673      1.0879      1.2613
 
 
 
 
 ==============================================================================
                           electrostatic moments
 ==============================================================================

 reference point for electrostatic moments:    0.00000   0.00000   0.00000

 
              nuc           elec       ->  total
 ------------------------------------------------------------------------------
                          charge      
 ------------------------------------------------------------------------------
          24.000000     -24.000000       0.000000
 
 ------------------------------------------------------------------------------
                       dipole moment  
 ------------------------------------------------------------------------------
   x    -223.009556     223.380005       0.370449
   y      93.850778     -94.302843      -0.452065
   z      -0.660826       0.629992      -0.030835
 
   | dipole moment | =     0.5853 a.u. =     1.4876 debye 
 
 ------------------------------------------------------------------------------
                     quadrupole moment
 ------------------------------------------------------------------------------
  xx    2121.524941   -2139.739433     -18.214493
  yy     412.717191    -431.224723     -18.507531
  zz       0.668143     -13.366825     -12.698682
  xy    -902.024023     910.495686       8.471664
  xz       0.720235      -0.765343      -0.045108
  yz      -0.511121       0.114943      -0.396179
 
     1/3  trace=     -16.473569
     anisotropy=      15.745177
 
 ==============================================================================
 
HOMO-LUMO Separation
 HOMO         :   -0.25809319 H =     -7.02308 eV
 LUMO         :   -0.05166255 H =     -1.40581 eV
 HOMO-LUMO gap:    0.20643064 H =     +5.61727 eV
 
 ==============================================================================


    ------------------------------------------------------------------------
         total  cpu-time :   2.09 seconds
         total wall-time :   5.19 seconds
    ------------------------------------------------------------------------

   ****  ridft : all done  ****


    2023-06-15 21:21:57.817 

