cd4
ch4
oh
 ridft ended normally
 ridft ended normally
 ridft ended normally
 rdgrad ended normally
  statpt ended normally
 rdgrad ended normally
  statpt ended normally
 rdgrad ended normally
  statpt ended normally
 ridft ended normally
 rdgrad ended normally
 ridft ended normally
  statpt ended normally
 ridft ended normally
 ridft ended normally
 rdgrad ended normally
  statpt ended normally
 rdgrad ended normally
  statpt ended normally
 rdgrad ended normally
  statpt ended normally
 ridft ended normally
 ridft ended normally
 ridft ended normally
 rdgrad ended normally
 rdgrad ended normally
  statpt ended normally
  statpt ended normally
 rdgrad ended normally
  statpt ended normally
 ridft ended normally
 ridft ended normally
 ridft ended normally
 rdgrad ended normally
  statpt ended normally
 rdgrad ended normally
  statpt ended normally
 ridft ended normally
 ridft ended normally
