
   OpenMP run-time library returned nthreads =  2

 ricc2 (c04) : TURBOMOLE rev. V7-6 27 Oct 2021 at 10:11:12 compiled Oct 27th 2021
 Copyright (C) 2021 TURBOMOLE GmbH, Karlsruhe


    2023-06-06 11:27:49.384 



                              R I C C 2 - PROGRAM

                          the quantum chemistry groups
                             at the universities in
                               Karlsruhe & Bochum
                                   Germany



   *-----------------------------------------------------------------------*
   |                     program will use  2 thread(s)                     |
   *-----------------------------------------------------------------------*


              +--------------------------------------------------+
              | Atomic coordinate, charge and isotop information |
              +--------------------------------------------------+

                    atomic coordinates            atom    charge  isotop
         -7.70088343    3.71262272    0.00000000    o      8.000     0
         -5.55983501    3.82186652    0.00000000    c      6.000     0
 
       center of nuclear mass  :   -6.78278458    3.75946734    0.00000000
       center of nuclear charge:   -6.78329125    3.75944149    0.00000000

              +--------------------------------------------------+
              |               basis set information              |
              +--------------------------------------------------+

              we will work with the 1s 3p 5d 7f 9g ... basis set
              ...i.e. with spherical basis functions...

   type   atoms  prim   cont   basis
   ---------------------------------------------------------------------------
    o        1     77     57   def2-QZVP   [7s4p3d2f1g|15s8p3d2f1g]
    c        1     77     57   def2-QZVP   [7s4p3d2f1g|15s8p3d2f1g]
   ---------------------------------------------------------------------------
   total:    2    154    114
   ---------------------------------------------------------------------------

   total number of primitive shells          :   58
   total number of contracted shells         :   34
   total number of cartesian basis functions :  144
   total number of SCF-basis functions       :  114


 symmetry group of the molecule :   c1 

 the group has the following generators :
   c1(z)

    1 symmetry operations found

 there are 1 real representations :   a   
WARNING: an $rij but no $rik flag found
WARNING: $rij is ignored by ricc2!
 Hybrid part of B2-PLYP double hybrid functional
 exchange:    0.47(LDA + Becke (B88)) + 0.53 HF
 correlation: 0.73 LYP + 0.27 PT2 (MP2 program)
 S. Grimme, JCP 124, (2006), 034108-16
 ================================================
 |     I M P O R T A N T    N O T E :           |
 |                                              |
 | MP2 correlation energy has to be calculated  |
 |    to obtain the final B2-PLYP energy        |
 |                                              |
 ================================================
... calculating the correlation contribution to double hybrid functional energy


   =========================================================================

========================
 internal module stack: 
------------------------
    ricc2
========================

 No response properties on DFT orbitals in ricc2 (yet)
 ricc2 ended abnormally
