run_programs_MP2.sh: Zeile 2: pushd: Dimerization_Energy: Datei oder Verzeichnis nicht gefunden
Dimerization_Energy
MP2
aug-cc-pVDZ
Dimer
Monomer
aug-cc-pVQZ
Dimer
Monomer
aug-cc-pVTZ
Dimer
Monomer
cc-pVDZ
Dimer
Monomer
cc-pVQZ
Dimer
Monomer
cc-pVTZ
Dimer
Monomer
run_programs_MP2.sh: Zeile 23: popd: Der Verzeichnisstapel ist leer.
 ricc2 ended normally
 ricc2 ended normally
 ricc2 ended normally
 ricc2 ended normally
 ricc2 ended normally
 ricc2 ended normally
 ricc2 ended normally
 ricc2 ended normally
 ricc2 ended normally
 ricc2 ended normally
 ricc2 ended normally
