
  ========================================================================
                license information 
 Customer : 200000000058156
 ID       : LKO1924661

 License file is VALID, continuing with full version
  ========================================================================

   OpenMP run-time library returned nthreads =  2

 ridft (c04) : TURBOMOLE rev. V7-6 27 Oct 2021 at 10:11:12 compiled Oct 27th 2021
 Copyright (C) 2021 TURBOMOLE GmbH, Karlsruhe


    2023-06-06 11:13:26.559 



                                  r i d f t

                        DFT program with RI approximation 
                                for coulomb part 




                                                 
                                 References:     
                                                 
          TURBOMOLE:                             
              R. Ahlrichs, M. Baer, M. Haeser, H. Horn, and
              C. Koelmel
              Electronic structure calculations on workstation
              computers: the program system TURBOMOLE
              Chem. Phys. Lett. 162: 165 (1989)
          Density Functional:                              
              O. Treutler and R. Ahlrichs                      
              Efficient Molecular Numerical Integration Schemes
              J. Chem. Phys. 102: 346 (1995)                   
          Parallel Version:                                
              Performance of parallel TURBOMOLE for Density    
              Functional Calculations                          
              M. v. Arnim and R. Ahlrichs                      
              J. Comp. Chem. 19: 1746 (1998)                   
          RI-J Method:                                     
              Auxiliary Basis Sets to approximate Coulomb      
              Potentials                                       
              Chem. Phys. Lett. 240: 283 (1995)                
              K. Eichkorn, O. Treutler, H. Oehm, M. Haeser     
              and R. Ahlrichs                                  
              Chem. Phys. Lett. 242: 652 (1995)                
                                                           
              Auxiliary Basis Sets for Main Row Atoms and their
              Use to approximate Coulomb Potentials            
              K. Eichkorn, F. Weigend, O. Treutler and         
              R. Ahlrichs                                      
              Theo. Chem. Acc. 97: 119 (1997)                   
                                                           
              Accurate Coulomb-fitting basis sets for H to Rn 
              F. Weigend                                        
              Phys. Chem. Chem. Phys. 8: 1057 (2006)            
                                                           
          Multipole accelerated RI-J (MARI-J):             
              Fast evaluation of the Coulomb potential for     
              electron densities using multipole accelerated   
              resolution of identity approximation             
              M. Sierka, A. Hogekamp and R. Ahlrichs           
              J. Chem. Phys. 118: 9136 (2003)                  
          RI-JK Method:                                     
              A fully direct RI-HF algorithm: Implementation,
              optimised auxiliary basis sets, demonstration of
              accuracy and efficiency                         
              F. Weigend                                      
              Phys. Chem. Chem. Phys. 4: 4285 (2002)           
          Two-component HF and DFT with spin-orbit coupling:  
              Self-consistent treatment of spin-orbit         
              interactions with efficient Hartree-Fock and    
              density functional methods                      
              M. K. Armbruster, F. Weigend, C. van Wüllen and 
              W. Klopper                                      
              Phys. Chem. Chem. Phys. 10: 1748 (2008)         
          Two-component difference density and DIIS algorithm 
              Efficient two-component self-consistent field   
              procedures and gradients: implementation in     
              TURBOMOLE and application to Au20-              
              A. Baldes, F. Weigend                           
              Mol. Phys. 111: 2617 (2013)                     
          Relativistic all-electron 2c calculations           
              An efficient implementation of two-component    
              relativistic exact-decoupling methods for large 
              molecules                                       
              D. Peng, N. Middendorf, F. Weigend, M. Reiher   
              J. Chem. Phys. 138: 184105 (2013)               
          Finite nucleus model and SNSO approximation         
              Efficient implementation of one- and two-       
              component analytical energy gradients in exact  
              two-component theory                            
              Y. J. Franzke, N. Middendorf, F. Weigend        
              J. Chem. Phys. 148: 104110 (2018)               
          Grids for all-electron relativistic methods         
              Error-consistent segmented contracted all-      
              electron relativistic basis sets of double-     
              and triple-zeta quality for NMR shielding       
              constants                                       
              Y. J. Franzke, R. Tress, T. M. Pazdera,         
              F. Weigend                                      
              Phys. Chem. Chem. Phys. 21: 166658 (2019)       
          Seminumerical exchange algorithms                   
              Seminumerical calculation of the Hartree-Fock   
              exchange matirx: Application to two-component   
              procedures and efficient evaluation of local    
              hybrid functionsl                               
               P. Plessow, F. Weigend,                        
              J. Comput. Chem. 33: 810 (2012)                 
          Improved seminumerical algorithms                   
              C. Holzer,                                      
              J. Chem. Phys. 153 (2020), 184115               
                                         





          OpenMP Shared-Memory Parallelization:  2 CPUs.

            By: Christof Holzer and Yannick J. Franzke


              +--------------------------------------------------+
              |      general information about current run       |
              +--------------------------------------------------+

 
 Becke-3-Parameter hybrid functional: B3-LYP
 exchange:    0.8*LDA + 0.72*B88 + 0.2*HF
 correlation: 0.19*LDA(VWN) + 0.81*LYP
 A Hybrid-DFT calculation using the RI-J approximation will be carried out.
 Allocatable memory for RI due to $ricore (MB):                   500


              +--------------------------------------------------+
              | Atomic coordinate, charge and isotop information |
              +--------------------------------------------------+

                    atomic coordinates            atom    charge  isotop
         -9.05923329    4.42373276    0.00000000    h      1.000     0
         -7.65730291    4.51720404    0.00000000    h      1.000     0
 
       center of nuclear mass  :   -8.35826810    4.47046840    0.00000000
       center of nuclear charge:   -8.35826810    4.47046840    0.00000000

  Keyword $basis  missing in file <control>

              read basis sets from /software/cluster/turbomole76/basen/
              (basis sets have been saved in file basis)

              +--------------------------------------------------+
              |               basis set information              |
              +--------------------------------------------------+

              we will work with the 1s 3p 5d 7f 9g ... basis set
              ...i.e. with spherical basis functions...

   type   atoms  prim   cont   basis
   ---------------------------------------------------------------------------
    h        2      8      6   def2-TZVP   [3s1p|5s1p]
   ---------------------------------------------------------------------------
   total:    2     16     12
   ---------------------------------------------------------------------------

   total number of primitive shells          :    6
   total number of contracted shells         :    8
   total number of cartesian basis functions :   12
   total number of SCF-basis functions       :   12


 integral neglect threshold       :  0.28E-09
 integral storage threshold THIZE :  0.10E-04
 integral storage threshold THIME :         5

 RI-J AUXILIARY BASIS SET information:

              assign orbital basis set names as defaults
              read basis sets from /software/cluster/turbomole76/jbasen/
              (basis sets have been saved in file auxbasis)

              we will work with the 1s 3p 5d 7f 9g ... basis set
              ...i.e. with spherical basis functions...

   type   atoms  prim   cont   basis
   ---------------------------------------------------------------------------
    h        2     16     11   def2-TZVP   [3s1p1d|5s2p1d]
   ---------------------------------------------------------------------------
   total:    2     32     22
   ---------------------------------------------------------------------------

   total number of primitive shells          :    8
   total number of contracted shells         :   10
   total number of cartesian basis functions :   24
   total number of SCF-basis functions       :   22


 symmetry group of the molecule :   c1 

 the group has the following generators :
   c1(z)

    1 symmetry operations found

 there are 1 real representations :   a   

 maximum number of shells which are related by symmetry :  1

  
           ------------------
           density functional
           ------------------
 Becke-3-Parameter hybrid functional: B3-LYP
 exchange:    0.8*LDA + 0.72*B88 + 0.2*HF
 correlation: 0.19*LDA(VWN) + 0.81*LYP

 iterations will be done with small grid
  
 spherical integration : Lebedev's spherical grid
 spherical gridsize    :                     3
    i.e. gridpoints    :                   302
 value for diffuse not defined
 radial integration    : Chebyshev 2nd kind (scaling 3)
 radial gridsize       :                     3
 integration cells     :                     2
 partition function    : becke
 partition sharpness   :                     3
  

 biggest AO integral is expected to be     1.396250015

          ------------------------
          nuclear repulsion energy  :  0.711722017232    
          ------------------------

  _________________________________
 |                                 |
 |         DFTD3 V3.1 Rev 0        |
 | S.Grimme, University Bonn       |
 |            June  2014           |
 |   see standalone version        |
 |       dftd3 -h for options      |
 |_________________________________|
 
 Please cite DFT-D3 work done with this code as:
 S. Grimme, J. Antony, S. Ehrlich and H. Krieg,
 J. Chem. Phys, 132 (2010), 154104.
 If used with BJ-damping cite also
 S. Grimme, S. Ehrlich and L. Goerigk,
 J. Comput. Chem. 32 (2011), 1456-1465
 For DFT-D2 the reference is
 S. Grimme, J. Comput. Chem., 27 (2006), 1787-1799
 
C6 coefficients used:
                     2  C6 for element                      1
Z=  1 CN= 0.912     C6(AA)=    3.03
Z=  1 CN= 0.000     C6(AA)=    7.59

#           XYZ [au]              R0(AA) [Ang.]  CN          C6(AA)     C8(AA)   C10(AA) [au]
  1  -9.05923   4.42373   0.00000   h   0.366  0.914         3.1        38.0       563.0
  2  -7.65730   4.51720   0.00000   h   0.366  0.914         3.1        38.0       563.0

molecular C6(AA) [au] =        12.58

           DFT-D V3(BJ)
 DF b3-lyp                                            
 parameters
 s6       :    1.0000
 s8       :    1.9889
 a1       :    0.3981
 a2       :    4.4211
 k1-k3    :   16.0000    1.3333   -4.0000
 
 Edisp /kcal,au:    -0.0883 -0.00014077

 E6    /kcal :    -0.0516
 E8    /kcal :    -0.0368
 % E8        : 41.64
 nuclear repulsion energy                  =       0.711722017
  DFT-D3 Energy contribution               =      -0.000140772
 nuclear repulsion + dispersion correction =       0.711581245


         -----------------
         -S,T+V- integrals
         -----------------

 1e-integrals will be neglected if expon. factor < 0.278497E-10
 
   Difference densities algorithm switched on.
   The maximal number of linear combinations of
   difference densities is                    20 .

 DIIS switched on: error vector is FDS-SDF
 Max. Iterations for DIIS is     :   4
 DIIS matrix (see manual) 
    Scaling factor of diagonals  :  1.200
    threshold for scaling factor :  0.000

 scf convergence criterion : increment of total energy < .1000000D-06
                  and increment of one-electron energy < .1000000D-03

 MOs are in ASCII format !

  missing closed shell occupation number declaration

 No input with occupation numbers/open-shell information found

 start vectors will be provided by an EHT guess

 The EHT guess will be determined for:
   molecular charge   :    0
   number of electrons:    2
   S_z eigenvalue     :    0
 
 virtual MOs provided and orthogonalized by Cholesky decomposition

 automatic virtual orbital shift switched on 
      shift if e(lumo)-e(homo) < 0.10000000    

  
           ------------------------
               RI-J - INFORMATION
           ------------------------
 Contributions to RI integral batches: 
  neglected integral batches:                     0
  direct contribution:                            0
  memory contribution:                    36
 Memory core needed for (P|Q) and Cholesky      1 MByte
 Memory core minimum needed except of (P|Q)     1 MByte
 Total minimum memory core needed (sum)         1 MByte
  
 ****************************************
 Memory allocated for RI-J     1 MByte
 ****************************************
                                            

 dump of DSCF restart information has been disabled !


 Starting SCF iterations

          Overall gridpoints after grid construction =          1700

 ITERATION  ENERGY          1e-ENERGY        2e-ENERGY     NORM[dD(SAO)]  TOL
   1  -1.1279065118150    -2.3688795695    0.52939181231    0.000D+00 0.278D-09
                            Exc =-0.489998853081     Coul =  1.13265727290    
                            exK =-0.113266607517    
                              N = 1.9999874124    
                            current damping = 0.700
 
          max. resid. norm for Fia-block=  1.932D-01 for orbital      1a         
          max. resid. fock norm         =  1.261D+00 for orbital      8a         

 ITERATION  ENERGY          1e-ENERGY        2e-ENERGY     NORM[dD(SAO)]  TOL
   2  -1.1596718296000    -2.4317167800    0.56046370498    0.742D-01 0.184D-09
                            Exc =-0.520211591058      Eck =  1.08067529604    
                              N = 2.0000077469    
                            current damping = 0.650
 
          Norm of current diis error: 0.39661    
          max. resid. norm for Fia-block=  8.932D-02 for orbital      1a         
          max. resid. fock norm         =  8.932D-02 for orbital      1a         

 ITERATION  ENERGY          1e-ENERGY        2e-ENERGY     NORM[dD(SAO)]  TOL
   3  -1.1699436268758    -2.4683076640    0.58678279171    0.335D-01 0.138D-09
                            Exc =-0.543260474026      Eck =  1.13004326573    
                              N = 2.0000145870    
                            current damping = 0.500
 
          Norm of current diis error: 0.17951    
          max. resid. norm for Fia-block=  3.682D-02 for orbital      1a         
          max. resid. fock norm         =  3.682D-02 for orbital      1a         

 ITERATION  ENERGY          1e-ENERGY        2e-ENERGY     NORM[dD(SAO)]  TOL
   4  -1.1727136584026    -2.4887110411    0.60441613731    0.379D-02 0.112D-09
                            Exc =-0.557749662409      Eck =  1.16216579972    
                              N = 2.0000162642    
                            current damping = 0.350
 
          Norm of current diis error: 0.61750E-01
          max. resid. norm for Fia-block=  1.238D-02 for orbital      1a         
          max. resid. fock norm         =  1.260D-02 for orbital      3a         

 ITERATION  ENERGY          1e-ENERGY        2e-ENERGY     NORM[dD(SAO)]  TOL
   5  -1.1731403523729    -2.4971956504    0.61247405266    0.498D-03 0.986D-10
                            Exc =-0.564141232898      Eck =  1.17661528556    
                              N = 2.0000163143    
                            current damping = 0.200
 
          Norm of current diis error: 0.14423E-01
          max. resid. norm for Fia-block=  3.025D-03 for orbital      1a         
          max. resid. fock norm         =  3.611D-03 for orbital      3a         
          mo-orthogonalization: Cholesky decomposition

 ITERATION  ENERGY          1e-ENERGY        2e-ENERGY     NORM[dD(SAO)]  TOL
   6  -1.1731706519175    -2.4996057576    0.61485386026    0.732D-04 0.933D-10
                            Exc =-0.565983685749      Eck =  1.18083754601    
                              N = 2.0000161698    
                            current damping = 0.050
 
          Norm of current diis error: 0.18175E-02
          max. resid. norm for Fia-block=  4.655D-04 for orbital      1a         
          max. resid. fock norm         =  6.810D-04 for orbital      4a         

 ITERATION  ENERGY          1e-ENERGY        2e-ENERGY     NORM[dD(SAO)]  TOL
   7  -1.1731713739451    -2.5000028245    0.61525020516    0.345D-05 0.909D-10
                            Exc =-0.566282001595      Eck =  1.18153220676    
                              N = 2.0000161145    
                            current damping = 0.050
 
          Norm of current diis error: 0.90065E-04
          max. resid. norm for Fia-block=  3.597D-05 for orbital      1a         
          max. resid. fock norm         =  6.508D-05 for orbital     10a         

 ENERGY CONVERGED !

          Overall gridpoints after grid construction =          7418

 ITERATION  ENERGY          1e-ENERGY        2e-ENERGY     NORM[dD(SAO)]  TOL
   8  -1.1731555207334    -2.5000095470    0.61527278089    0.126D-07 0.897D-10
                            Exc =-0.566269639105      Eck =  1.18154241999    
                              N = 1.9999990895    
                            current damping = 0.050
 
          Norm of current diis error: 0.16617E-04
          max. resid. norm for Fia-block=  4.935D-06 for orbital      1a         
          max. resid. fock norm         =  6.365D-06 for orbital     10a         

 End of SCF iterations

   convergence criteria satisfied after     8 iterations


                  ------------------------------------------ 
                 |  total energy      =     -1.17315552073  |
                  ------------------------------------------ 
                 :  kinetic energy    =      1.13750479696  :
                 :  potential energy  =     -2.31066031769  :
                 :  virial theorem    =      1.96961125516  :
                 :  wavefunction norm =      1.00000000000  :
                  .......................................... 


 <geterg> : there is no data group $energy 


 orbitals $scfmo  will be written to file mos

    irrep                  1a          2a          3a          4a          5a   
 eigenvalues H         -0.43063     0.05948     0.20067     0.47604     1.16952
            eV         -11.7181      1.6185      5.4606     12.9539     31.8246
 occupation              2.0000

    irrep                  6a          7a          8a          9a         10a   
 eigenvalues H          1.16954     1.61823     1.94510     1.94532     2.00519
            eV          31.8250     44.0345     52.9292     52.9353     54.5645
 
 
 
 
 ==============================================================================
                           electrostatic moments
 ==============================================================================

 reference point for electrostatic moments:    0.00000   0.00000   0.00000

 
              nuc           elec       ->  total
 ------------------------------------------------------------------------------
                          charge      
 ------------------------------------------------------------------------------
           2.000000      -2.000000      -0.000000
 
 ------------------------------------------------------------------------------
                       dipole moment  
 ------------------------------------------------------------------------------
   x     -16.716536      16.716536      -0.000000
   y       8.940937      -8.940937      -0.000000
   z       0.000000       0.000000       0.000000
 
   | dipole moment | =     0.0000 a.u. =     0.0000 debye 
 
 ------------------------------------------------------------------------------
                     quadrupole moment
 ------------------------------------------------------------------------------
  xx     140.703996    -141.859580      -1.155585
  yy      39.974544     -41.536386      -1.561842
  zz       0.000000      -1.563663      -1.563663
  xy     -74.665227      74.692481       0.027254
  xz       0.000000      -0.000000      -0.000000
  yz       0.000000       0.000000       0.000000
 
     1/3  trace=      -1.427030
     anisotropy=       0.409898
 
 ==============================================================================
 
HOMO-LUMO Separation
 HOMO         :   -0.43062916 H =    -11.71802 eV
 LUMO         :    0.05947897 H =     +1.61851 eV
 HOMO-LUMO gap:    0.49010812 H =    +13.33653 eV
 
 ==============================================================================


    ------------------------------------------------------------------------
         total  cpu-time :   4.01 seconds
         total wall-time :  44.46 seconds
    ------------------------------------------------------------------------

   ****  ridft : all done  ****


    2023-06-06 11:14:08.853 

