
  ========================================================================
                license information 
 Customer : 200000000058156
 ID       : LKO1924661

 License file is VALID, continuing with full version
  ========================================================================

   OpenMP run-time library returned nthreads =  2

 ridft (c04) : TURBOMOLE rev. V7-6 27 Oct 2021 at 10:11:12 compiled Oct 27th 2021
 Copyright (C) 2021 TURBOMOLE GmbH, Karlsruhe


    2023-06-06 11:13:27.284 



                                  r i d f t

                        DFT program with RI approximation 
                                for coulomb part 




                                                 
                                 References:     
                                                 
          TURBOMOLE:                             
              R. Ahlrichs, M. Baer, M. Haeser, H. Horn, and
              C. Koelmel
              Electronic structure calculations on workstation
              computers: the program system TURBOMOLE
              Chem. Phys. Lett. 162: 165 (1989)
          Density Functional:                              
              O. Treutler and R. Ahlrichs                      
              Efficient Molecular Numerical Integration Schemes
              J. Chem. Phys. 102: 346 (1995)                   
          Parallel Version:                                
              Performance of parallel TURBOMOLE for Density    
              Functional Calculations                          
              M. v. Arnim and R. Ahlrichs                      
              J. Comp. Chem. 19: 1746 (1998)                   
          RI-J Method:                                     
              Auxiliary Basis Sets to approximate Coulomb      
              Potentials                                       
              Chem. Phys. Lett. 240: 283 (1995)                
              K. Eichkorn, O. Treutler, H. Oehm, M. Haeser     
              and R. Ahlrichs                                  
              Chem. Phys. Lett. 242: 652 (1995)                
                                                           
              Auxiliary Basis Sets for Main Row Atoms and their
              Use to approximate Coulomb Potentials            
              K. Eichkorn, F. Weigend, O. Treutler and         
              R. Ahlrichs                                      
              Theo. Chem. Acc. 97: 119 (1997)                   
                                                           
              Accurate Coulomb-fitting basis sets for H to Rn 
              F. Weigend                                        
              Phys. Chem. Chem. Phys. 8: 1057 (2006)            
                                                           
          Multipole accelerated RI-J (MARI-J):             
              Fast evaluation of the Coulomb potential for     
              electron densities using multipole accelerated   
              resolution of identity approximation             
              M. Sierka, A. Hogekamp and R. Ahlrichs           
              J. Chem. Phys. 118: 9136 (2003)                  
          RI-JK Method:                                     
              A fully direct RI-HF algorithm: Implementation,
              optimised auxiliary basis sets, demonstration of
              accuracy and efficiency                         
              F. Weigend                                      
              Phys. Chem. Chem. Phys. 4: 4285 (2002)           
          Two-component HF and DFT with spin-orbit coupling:  
              Self-consistent treatment of spin-orbit         
              interactions with efficient Hartree-Fock and    
              density functional methods                      
              M. K. Armbruster, F. Weigend, C. van Wüllen and 
              W. Klopper                                      
              Phys. Chem. Chem. Phys. 10: 1748 (2008)         
          Two-component difference density and DIIS algorithm 
              Efficient two-component self-consistent field   
              procedures and gradients: implementation in     
              TURBOMOLE and application to Au20-              
              A. Baldes, F. Weigend                           
              Mol. Phys. 111: 2617 (2013)                     
          Relativistic all-electron 2c calculations           
              An efficient implementation of two-component    
              relativistic exact-decoupling methods for large 
              molecules                                       
              D. Peng, N. Middendorf, F. Weigend, M. Reiher   
              J. Chem. Phys. 138: 184105 (2013)               
          Finite nucleus model and SNSO approximation         
              Efficient implementation of one- and two-       
              component analytical energy gradients in exact  
              two-component theory                            
              Y. J. Franzke, N. Middendorf, F. Weigend        
              J. Chem. Phys. 148: 104110 (2018)               
          Grids for all-electron relativistic methods         
              Error-consistent segmented contracted all-      
              electron relativistic basis sets of double-     
              and triple-zeta quality for NMR shielding       
              constants                                       
              Y. J. Franzke, R. Tress, T. M. Pazdera,         
              F. Weigend                                      
              Phys. Chem. Chem. Phys. 21: 166658 (2019)       
          Seminumerical exchange algorithms                   
              Seminumerical calculation of the Hartree-Fock   
              exchange matirx: Application to two-component   
              procedures and efficient evaluation of local    
              hybrid functionsl                               
               P. Plessow, F. Weigend,                        
              J. Comput. Chem. 33: 810 (2012)                 
          Improved seminumerical algorithms                   
              C. Holzer,                                      
              J. Chem. Phys. 153 (2020), 184115               
                                         





          OpenMP Shared-Memory Parallelization:  2 CPUs.

            By: Christof Holzer and Yannick J. Franzke


              +--------------------------------------------------+
              |      general information about current run       |
              +--------------------------------------------------+

 

 DENSITY CONVERGENCE CHECK SWITCHED ON !
 SCF CONVERGENCE IF RMS(delta[D]) <     0.1000000000E-06

 A HF calculation using the RI-J approximation will be carried out.
 Allocatable memory for RI due to $ricore (MB):                   500


              +--------------------------------------------------+
              | Atomic coordinate, charge and isotop information |
              +--------------------------------------------------+

                    atomic coordinates            atom    charge  isotop
         -9.12176392    4.87229977   -0.00000182    c      6.000     0
         -7.05702260    4.87236262   -0.00001463    h      1.000     0
         -9.81005077    4.03253175    1.75621249    h      1.000     0
         -9.81003405    3.77120911   -1.60543631    h      1.000     0
         -9.80995213    6.81309557   -0.15074084    h      1.000     0
 
       center of nuclear mass  :   -9.12176416    4.87229977   -0.00000006
       center of nuclear charge:   -9.12176431    4.87229977    0.00000098

  Keyword $basis  missing in file <control>

              read basis sets from /software/cluster/turbomole76/basen/
              (basis sets have been saved in file basis)

              +--------------------------------------------------+
              |               basis set information              |
              +--------------------------------------------------+

              we will work with the 1s 3p 5d 7f 9g ... basis set
              ...i.e. with spherical basis functions...

   type   atoms  prim   cont   basis
   ---------------------------------------------------------------------------
    c        1     77     57   def2-QZVP   [7s4p3d2f1g|15s8p3d2f1g]
    h        4     33     30   def2-QZVP   [4s3p2d1f|7s3p2d1f]
   ---------------------------------------------------------------------------
   total:    5    209    177
   ---------------------------------------------------------------------------

   total number of primitive shells          :   42
   total number of contracted shells         :   57
   total number of cartesian basis functions :  212
   total number of SCF-basis functions       :  177


 integral neglect threshold       :  0.16E-10
 integral storage threshold THIZE :  0.10E-04
 integral storage threshold THIME :         5

 RI-J AUXILIARY BASIS SET information:

              assign orbital basis set names as defaults
              read basis sets from /software/cluster/turbomole76/jbasen/
              (basis sets have been saved in file auxbasis)

              we will work with the 1s 3p 5d 7f 9g ... basis set
              ...i.e. with spherical basis functions...

   type   atoms  prim   cont   basis
   ---------------------------------------------------------------------------
    c        1     70     49   def2-QZVP   [6s4p3d1f1g|12s5p4d2f1g]
    h        4     16     11   def2-QZVP   [3s1p1d|5s2p1d]
   ---------------------------------------------------------------------------
   total:    5    134     93
   ---------------------------------------------------------------------------

   total number of primitive shells          :   32
   total number of contracted shells         :   35
   total number of cartesian basis functions :  109
   total number of SCF-basis functions       :   93


 symmetry group of the molecule :   c1 

 the group has the following generators :
   c1(z)

    1 symmetry operations found

 there are 1 real representations :   a   

 maximum number of shells which are related by symmetry :  1


 biggest AO integral is expected to be     5.262544080

          ------------------------
          nuclear repulsion energy  :   13.4031205938    
          ------------------------


         -----------------
         -S,T+V- integrals
         -----------------

 1e-integrals will be neglected if expon. factor < 0.157640E-11
 
   Difference densities algorithm switched on.
   The maximal number of linear combinations of
   difference densities is                    20 .

 DIIS switched on: error vector is FDS-SDF
 Max. Iterations for DIIS is     :   5
 DIIS matrix (see manual) 
    Scaling factor of diagonals  :  1.200
    threshold for scaling factor :  0.000

 scf convergence criterion : increment of total energy < .1000000D-06
                  and increment of one-electron energy < .1000000D-03

 MOs are in ASCII format !

  missing closed shell occupation number declaration

 No input with occupation numbers/open-shell information found

 start vectors will be provided by an EHT guess

 The EHT guess will be determined for:
   molecular charge   :    0
   number of electrons:   10
   S_z eigenvalue     :    0
 
 virtual MOs provided and orthogonalized by Cholesky decomposition

 automatic virtual orbital shift switched on 
      shift if e(lumo)-e(homo) < 0.10000000    

  
           ------------------------
               RI-J - INFORMATION
           ------------------------
 Contributions to RI integral batches: 
  neglected integral batches:                     0
  direct contribution:                            0
  memory contribution:                  1653
 Memory core needed for (P|Q) and Cholesky      1 MByte
 Memory core minimum needed except of (P|Q)     1 MByte
 Total minimum memory core needed (sum)         1 MByte
  
 ****************************************
 Memory allocated for RI-J    20 MByte
 ****************************************
                                            

 dump of DSCF restart information has been disabled !


 Starting SCF iterations


 ITERATION  ENERGY          1e-ENERGY        2e-ENERGY     RMS[dD(SAO)]   TOL
   1  -40.033604429427    -78.066442776     24.629717753    0.000D+00 0.157D-10
                            exK = -6.25939033540     Coul =  30.8891080882    
                            current damping = 0.300
 
          max. resid. norm for Fia-block=  4.727D-01 for orbital      2a         
          max. resid. fock norm         =  5.147D+01 for orbital    166a         

 ITERATION  ENERGY          1e-ENERGY        2e-ENERGY     RMS[dD(SAO)]   TOL
   2  -40.191059248294    -79.393737471     25.799557629    0.303D-02 0.111D-10
                            current damping = 0.250
 
          Norm of current diis error: 0.99523    
          max. resid. norm for Fia-block=  9.371D-02 for orbital      2a         
          max. resid. fock norm         =  9.841D-02 for orbital     38a         

 ITERATION  ENERGY          1e-ENERGY        2e-ENERGY     RMS[dD(SAO)]   TOL
   3  -40.212890754322    -79.544189665     25.928178317    0.874D-03 0.852D-11
                            current damping = 0.100
 
          Norm of current diis error: 0.33264    
          max. resid. norm for Fia-block=  3.011D-02 for orbital      2a         
          max. resid. fock norm         =  3.012D-02 for orbital      2a         

 ITERATION  ENERGY          1e-ENERGY        2e-ENERGY     RMS[dD(SAO)]   TOL
   4  -40.216353582307    -79.671677158     26.052202982    0.378D-03 0.723D-11
                            current damping = 0.100
 
          Norm of current diis error: 0.73657E-01
          max. resid. norm for Fia-block=  6.016D-03 for orbital      5a         
          max. resid. fock norm         =  6.016D-03 for orbital      5a         

 ITERATION  ENERGY          1e-ENERGY        2e-ENERGY     RMS[dD(SAO)]   TOL
   5  -40.216570526539    -79.673699306     26.054008185    0.860D-04 0.668D-11
                            current damping = 0.100
 
          Norm of current diis error: 0.20128E-01
          max. resid. norm for Fia-block=  1.802D-03 for orbital      5a         
          max. resid. fock norm         =  1.802D-03 for orbital      5a         
          mo-orthogonalization: Cholesky decomposition

 ITERATION  ENERGY          1e-ENERGY        2e-ENERGY     RMS[dD(SAO)]   TOL
   6  -40.216587233228    -79.678539269     26.058831442    0.339D-04 0.622D-11
                            current damping = 0.100
 
          Norm of current diis error: 0.43756E-02
          max. resid. norm for Fia-block=  4.288D-04 for orbital      5a         
          max. resid. fock norm         =  4.288D-04 for orbital      5a         

 ITERATION  ENERGY          1e-ENERGY        2e-ENERGY     RMS[dD(SAO)]   TOL
   7  -40.216588102372    -79.677470830     26.057762133    0.130D-04 0.590D-11
                            current damping = 0.150
 
          Norm of current diis error: 0.94374E-03
          max. resid. norm for Fia-block=  8.583D-05 for orbital      5a         
          max. resid. fock norm         =  9.198D-05 for orbital    139a         

 ITERATION  ENERGY          1e-ENERGY        2e-ENERGY     RMS[dD(SAO)]   TOL
   8  -40.216588137718    -79.677713614     26.058004883    0.343D-05 0.567D-11
                            current damping = 0.200
 
          Norm of current diis error: 0.16941E-03
          max. resid. norm for Fia-block=  1.776D-05 for orbital      5a         
          max. resid. fock norm         =  1.776D-05 for orbital      5a         

 ITERATION  ENERGY          1e-ENERGY        2e-ENERGY     RMS[dD(SAO)]   TOL
   9  -40.216588139312    -79.677650180     26.057941447    0.955D-06 0.547D-11
                            current damping = 0.250
 
          Norm of current diis error: 0.47072E-04
          max. resid. norm for Fia-block=  4.948D-06 for orbital      2a         
          max. resid. fock norm         =  4.956D-06 for orbital      2a         

 ENERGY & DENSITY CONVERGED !


 ITERATION  ENERGY          1e-ENERGY        2e-ENERGY     RMS[dD(SAO)]   TOL
  10  -40.216588139072    -79.677649127     26.057940394    0.281D-06 0.529D-11
                            current damping = 0.100
 
          Norm of current diis error: 0.12029E-04
          max. resid. norm for Fia-block=  1.480D-06 for orbital      2a         
          max. resid. fock norm         =  1.879D-06 for orbital     59a         

 End of SCF iterations

   convergence criteria satisfied after    10 iterations


                  ------------------------------------------ 
                 |  total energy      =    -40.21658813907  |
                  ------------------------------------------ 
                 :  kinetic energy    =     40.14888689936  :
                 :  potential energy  =    -80.36547503843  :
                 :  virial theorem    =      1.99831658420  :
                 :  wavefunction norm =      1.00000000000  :
                  .......................................... 


 <geterg> : there is no data group $energy 


 orbitals $scfmo  will be written to file mos

    irrep                  1a          2a          3a          4a          5a   
 eigenvalues H        -11.20766    -0.94113    -0.54404    -0.54404    -0.54402
            eV        -304.9784    -25.6096    -14.8042    -14.8041    -14.8037
 occupation              2.0000      2.0000      2.0000      2.0000      2.0000

    irrep                  6a          7a          8a          9a         10a   
 eigenvalues H          0.10882     0.18431     0.18432     0.18432     0.21362
            eV           2.9611      5.0155      5.0155      5.0156      5.8130
 
 
 
 
 ==============================================================================
                           electrostatic moments
 ==============================================================================

 reference point for electrostatic moments:    0.00000   0.00000   0.00000

 
              nuc           elec       ->  total
 ------------------------------------------------------------------------------
                          charge      
 ------------------------------------------------------------------------------
          10.000000     -10.000000      -0.000000
 
 ------------------------------------------------------------------------------
                       dipole moment  
 ------------------------------------------------------------------------------
   x     -91.217643      91.217649       0.000006
   y      48.722998     -48.722977       0.000021
   z       0.000010       0.000004       0.000014
 
   | dipole moment | =     0.0000 a.u. =     0.0001 debye 
 
 ------------------------------------------------------------------------------
                     quadrupole moment
 ------------------------------------------------------------------------------
  xx     837.750055    -844.015217      -6.265162
  yy     243.077350    -249.342166      -6.264816
  zz       5.684431     -11.949488      -6.265058
  xy    -444.439355     444.439273      -0.000082
  xz      -0.000185       0.000010      -0.000176
  yz       0.000410      -0.000262       0.000148
 
     1/3  trace=      -6.265012
     anisotropy=       0.000522
 
 ==============================================================================
 
HOMO-LUMO Separation
 HOMO         :   -0.54401984 H =    -14.80354 eV
 LUMO         :    0.10881811 H =     +2.96109 eV
 HOMO-LUMO gap:    0.65283795 H =    +17.76463 eV
 
 ==============================================================================


    ------------------------------------------------------------------------
         total  cpu-time :  37.87 seconds
         total wall-time :  1 minutes and 23 seconds
    ------------------------------------------------------------------------

   ****  ridft : all done  ****


    2023-06-06 11:14:48.002 

