
   OpenMP run-time library returned nthreads =  2

 force (c04) : TURBOMOLE rev. V7-6 27 Oct 2021 at 10:11:12 compiled Oct 27th 2021
 Copyright (C) 2021 TURBOMOLE GmbH, Karlsruhe


    2023-06-06 10:18:48.260 



                             T U R B O M O L E   

                          a o f o r c e - program

                        using direct algorithms for

                       SCF level calculations of
                         * harmonic force constants
                         * hyperpolarizabilities
                         * IR and RAMAN intensities
                         * VCD intensities

                       DFT level calculations of
                         * harmonic force constants
                         * IR intensities
                                                   
       Stephan Boecker, Peter Deglmann, Filipp Furche and Marco Haeser
                          Quantum Chemistry Group
                          Universitaet  Karlsruhe
                                   Germany

 
 

          OpenMP Shared-Memory Parallelization:  2 CPUs.

            By: Erik P. Almaraz and Filipp Furche
            Copyright 2009-2011 by UCI and TURBOMOLE GmbH.

            Revised By: Christof Holzer and Yannick J. Franzke.

 
 
     References :
 
       RI-J implementation:
         Peter Deglmann, Klaus May, Filipp Furche, Reinhart Ahlrichs
                 Chem. Phys. Lett. 384:103 (2004)
 
       Efficiency, technical details:
         Peter Deglmann, Filipp Furche, Reinhart Ahlrichs
                 Chem. Phys. Lett. 362:511 (2002)
 
       Search of lowest eigenvalues by iterative diagonalization:
         Peter Deglmann, Filipp Furche
                 J. Chem. Phys. 117:9535 (2002)
 
       Vibrational circular dichroism implementation:
        Kevin Reiter, Michael Kuehn, Florian Weigend
                 J. Chem. Phys. 146:054102 (2017)  
 
 


              +--------------------------------------------------+
              | Atomic coordinate, charge and isotop information |
              +--------------------------------------------------+

                    atomic coordinates            atom    charge  isotop
         -7.70088343    3.71262272    0.00000000    o      8.000     0
         -5.55983501    3.82186652    0.00000000    c      6.000     0
 
       center of nuclear mass  :   -6.78278458    3.75946734    0.00000000
       center of nuclear charge:   -6.78329125    3.75944149    0.00000000

              +--------------------------------------------------+
              |               basis set information              |
              +--------------------------------------------------+

              we will work with the 1s 3p 5d 7f 9g ... basis set
              ...i.e. with spherical basis functions...

   type   atoms  prim   cont   basis
   ---------------------------------------------------------------------------
    o        1     46     31   def2-TZVP   [5s3p2d1f|11s6p2d1f]
    c        1     46     31   def2-TZVP   [5s3p2d1f|11s6p2d1f]
   ---------------------------------------------------------------------------
   total:    2     92     62
   ---------------------------------------------------------------------------

   total number of primitive shells          :   40
   total number of contracted shells         :   22
   total number of cartesian basis functions :   72
   total number of SCF-basis functions       :   62

 
             FOUND RI-J FLAG !
 

 NOTE: THIS IS A PRELIMINARY IMPLEMENTATION. THE RI APPROXIMATION IS
       PRESENTLY USED FOR CPKS CONTRIBUTIONS TO THE HESSIAN ONLY! SEE
       MANUAL FOR FURTHER DETAILS.

  
 AUXILIARY BASIS SET information:

              we will work with the 1s 3p 5d 7f 9g ... basis set
              ...i.e. with spherical basis functions...

   type   atoms  prim   cont   basis
   ---------------------------------------------------------------------------
    o        1     70     49   def2-TZVP   [6s4p3d1f1g|12s5p4d2f1g]
    c        1     70     49   def2-TZVP   [6s4p3d1f1g|12s5p4d2f1g]
   ---------------------------------------------------------------------------
   total:    2    140     98
   ---------------------------------------------------------------------------

   total number of primitive shells          :   48
   total number of contracted shells         :   30
   total number of cartesian basis functions :  122
   total number of SCF-basis functions       :   98


 symmetry group of the molecule :   c1 

 the group has the following generators :
   c1(z)

    1 symmetry operations found

 there are 1 real representations :   a   

 maximum number of shells which are related by symmetry :  1


 determining totally symmetric integral contributions 
    - equivalent to irreducible tensor elements - 
 which can be formed within each triple of representations :

             representation triple      contributions

              a     a     a               1

    mo occupation :
   irrep   mo's   occupied
    a       62        7
 
 number of basis functions   :    62
 number of occupied orbitals :     7
 
  MOs are in ASCII format !


 reading orbital data $scfmo  from file mos
 orbital characterization : scfconv=7
 time elapsed for calculating density matrices :   0.001 sec

 number of non-frozen orbitals          :    62
 number of non-frozen occupied orbitals :     7
 Blocking parameters 
 shells:
    index      start shell   last shell  start bf    last bf    #bf 
       1             1          22             1         72     72
          size of I/O Block in Byte:                 248832
  
           ----------------------
               RI - INFORMATION
           ----------------------

 biggest AO integral is expected to be     7.998976882

 Threshold for integral neglect (rithr2):   0.35E-10
 Threshold for integral neglect (rithr1):   0.35E-10

 Contributions to RI integral batches: 
  neglected integral batches:                     1
  direct contribution:                            0
  memory contribution:                   252
 Core memory available (ricore):               500 MiB
 Core memory needed for (P|Q) and Cholesky:      1 MiB
 Core memory used for integrals:                 3 MiB
 
 ****************************************
 Memory allocated for RIDFT: 3 MiB
 ****************************************
 
  
           ------------------
           density functional
           ------------------
 TPSS meta-GGA functional
 exchange:    LDA + TPSS
 correlation: LDA (PW) + TPSS

 iterations will be done with small grid
  
 spherical integration : Lebedev's spherical grid
 spherical gridsize    :                     3
    i.e. gridpoints    :                   302
 value for diffuse not defined
 radial integration    : Chebyshev 2nd kind (scaling 3)
 radial gridsize       :                     3
 integration cells     :                     2
 partition function    : becke
 partition sharpness   :                     3
  
 
 Derivatives of quadrature weights will be included
 
 preparing DFT   numerical integration ....
          Overall gridpoints after grid construction =         12721
 Ordering of quadrature gridpoints disabled.
 
 
 
 
 OCCUPIED-OCCUPIED TENSOR SPACES :

          IRREP   tensor space dimension   number of roots

           a                49                   1
 
 OCCUPIED-VIRTUAL TENSOR SPACES :

          IRREP   tensor space dimension   number of roots

           a               385                   1
 
 
 
 
 CONSTRUCTING integral bounds

 setting up bound for integral derivative estimation

 increment for numerical differentiation : 0.00050000
 
 machine precision:   2.220446049250313E-016

 integral neglect threshold       :  0.10E-09
 integral storage threshold THIZE :  0.10E-04
 integral storage threshold THIME :         5

 
 
 
 PREPARING NUMERICAL INTEGRATION
 
 Remaining core memory for DFT =                  1000 MB
 
 Memory needed per atom    =                    61 KiB
 
     i. e.                     2 atoms per loop

 Calculating ground state density on molecular grid

 Integral of ground state density: N =   13.99999822722766    


 
 
 CONSTRUCTING first deriv. of <mu|x,y,z|nu> -> Dip. deriv.
  dipole integral derivatives will be neglected if
  expon. factor <0.694444E-11
      ...terminated. cpu:       0.00       wall:       0.00
 
 
 
 
 CONSTRUCTING first deriv. of  <mu|nu>
                               <mu|h|nu>    -> RHS
              second deriv. of <mu|nu>      -> Hessian
                               <mu|h|nu>    -> Hessian
                               nucl. rep.   -> Hessian
     integrals are neglected if expon. factor <  6.944444444444444E-013
  _________________________________
 |                                 |
 |         DFTD3 V3.1 Rev 0        |
 | S.Grimme, University Bonn       |
 |            June  2014           |
 |   see standalone version        |
 |       dftd3 -h for options      |
 |_________________________________|
 
 Please cite DFT-D3 work done with this code as:
 S. Grimme, J. Antony, S. Ehrlich and H. Krieg,
 J. Chem. Phys, 132 (2010), 154104.
 If used with BJ-damping cite also
 S. Grimme, S. Ehrlich and L. Goerigk,
 J. Comput. Chem. 32 (2011), 1456-1465
 For DFT-D2 the reference is
 S. Grimme, J. Comput. Chem., 27 (2006), 1787-1799
 
C6 coefficients used:
                     5  C6 for element                      6
Z=  6 CN= 0.000     C6(AA)=   49.11
Z=  6 CN= 0.987     C6(AA)=   43.25
Z=  6 CN= 1.998     C6(AA)=   29.36
Z=  6 CN= 2.999     C6(AA)=   25.78
Z=  6 CN= 3.984     C6(AA)=   18.21
                     3  C6 for element                      8
Z=  8 CN= 0.000     C6(AA)=   15.51
Z=  8 CN= 0.993     C6(AA)=   12.82
Z=  8 CN= 1.989     C6(AA)=   10.37

#           XYZ [au]              R0(AA) [Ang.]  CN          C6(AA)     C8(AA)   C10(AA) [au]
  1  -7.72088   3.71262   0.00000   o   0.539  1.000        12.8       258.5      6390.7
  2  -5.55984   3.82187   0.00000   c   0.645  1.000        43.1      1245.6     44131.7

molecular C6(AA) [au] =       100.82

           DFT-D V3(BJ)
 DF tpss                                              
 parameters
 s6       :    1.0000
 s8       :    1.9435
 a1       :    0.4535
 a2       :    4.4752
 k1-k3    :   16.0000    1.3333   -4.0000
 
 Edisp /kcal,au:    -0.3173 -0.00050569

 E6    /kcal :    -0.1551
 E8    /kcal :    -0.1622
 % E8        : 51.12
 
 doing analytical gradient O(N^2) ...
 
 |G|=  1.810304328090332E-006
      ...terminated. cpu:       0.28       wall:       0.45
 
 
 
 
 CONSTRUCTING second deriv. of 2e energy    -> Hessian
   treating Coulomb (and exchange) contribution
     integrals will be neglected if total contribution <  6.944444444444444E-009
      ...terminated. cpu:       0.87       wall:       0.64
   treating exchange-correlation contribution
      ...terminated. cpu:       0.86       wall:       0.49
 
 
 
 
 CONSTRUCTING S(i,j)xi
      ...terminated. cpu:       0.00       wall:       0.19
 
 
 
 
 CONSTRUCTING <i|x,y,z|j>*S(i,j)xi          -> Dip. deriv.
      ...terminated. cpu:       0.00       wall:       0.00
 
 
 
 
 CONSTRUCTING epsilon(i)*S(i,j)xi*S(i,j)chi -> Hessian
      ...terminated. cpu:       0.03       wall:       0.03
 
 
 
 
 CONSTRUCTING G(a,i)[S(k,l)xi]              -> RHS
              G(i,j)[S(k,l)xi]*S(i,j)chi    -> Hessian
 
         Maximum core memory set to                   1000 MB
         This corresponds to                 24937 vectors in CAO basis
      ...terminated. cpu:       0.30       wall:       0.26
 
 
 
 
 CONSTRUCTING G(mu,nu)[D(kap,lam)]xi
 
          Maximum core memory set to                   1000 MB
          Atoms treated simultaneously :                     2
 max of dfo   53.9593062335599     
      ...terminated. cpu:       0.63       wall:       0.70
 
 
 
 
 CONSTRUCTING F(a,i)xi                      -> RHS
              F(i,j)xi*S(i,j)chi            -> Hessian
 
        Maximum core memory set to                  1000 MB
        This corresponds to                 43502 vectors in CAO basis
      ...terminated. cpu:       0.20       wall:       0.38
 
 
 
 
 CONSTRUCTING epsilon(i)*S(a,i)xi           -> RHS
      ...terminated. cpu:       0.00       wall:       0.10
 
 
 
 
 SOLVING CPHF equations
 
 Residuum convergence criterium   :  1.000000000000000E-005
 
 Maximum number of Davidson iterations set to                    25

 logfile cphf_a    will be constructed
  Switching to small grid
        preparing DFT   numerical integration ....
          Overall gridpoints after grid construction =          3663

 Calculating ground state density on molecular grid

 Integral of ground state density: N =   14.00001324005371    




                       Nonorthonormal Krylov Space Iteration


 total number of roots to be determined: 1


 maximum core memory set to         1000 MB,
 corresponding to    24371 vectors in CAO basis


 maximum number of simultaneously treated vectors (including degeneracy):        1


 Iteration IRREP Converged      Max. Euclidean
                 roots          residual norm

    1       a        0        6.986362956055911D-02
 
    2       a        0        3.041606324387911D-02
 
    3       a        0        3.504817229528581D-03
 
    4       a        0        2.911031920754894D-04
 
    5       a        0        4.354708183841198D-05
 
    6       a        1        2.564317937112994D-06
 

 converged!

  Switching to fine grid
        preparing numerical DFT   integration ....
          Overall gridpoints after grid construction =         12721

 Calculating ground state density on molecular grid

 Integral of ground state density: N =   13.99999822722774    



 Iteration IRREP Converged      Max. Euclidean
                 roots          residual norm

    7       a        0        5.244185438013445D-04
 

 NOTE: Residual norms are larger than 1.00D-05 due to mgrid option!

      ...terminated. cpu:       3.42       wall:      16.43
 
 
 
 
 CONSTRUCTING <a|x,y,z|i>*U(a,i)xi          -> Dip. deriv.
      ...terminated. cpu:       0.14       wall:       0.13
 
 
 
 
 CONSTRUCTING RHS(a,i)xi*U(a,i)chi          -> Hessian
      ...terminated. cpu:       0.07       wall:       0.07
 
 
 
 

            -----------------------
            permanent dipole moment
            -----------------------

                                   x                y                z
    electronic part       :   94.8947030604   -52.6358496925    -0.0000000000
     nuclear   part       :  -94.9660775199    52.6321808570     0.0000000000
     total                :   -0.0713744595    -0.0036688355    -0.0000000000

 with reference to the point :   0.0000000        0.0000000        0.0000000
 (given in atomic units)
    | dipole |       :    0.1816566665  debye

   ***  dipole moment & cartesian dipole gradients written onto
        $dipole, $dipgrad,  file=<dipgrad>  ***

             -----------------------------------
             rotational and vibrational analysis
             -----------------------------------


            ==============================================================
            ATOMIC WEIGHTS (average over the natural occurance of isotops)
            ==============================================================
            ('*' denotes special isotop !)
              1     o                15.99940
              2     c                12.01115

          -------------------------------------------------
          CARTESIAN FORCE CONSTANT MATRIX (hartree/bohr**2)
         (translational & rotational space projected out)
          -------------------------------------------------

   ATOM              1 o                           2 c 
                  dx        dy        dz        dx        dy        dz
   1 o     dx  1.1853239
           dy  0.0604794 0.0030859
           dz  0.0000000 0.0000000 0.0000000
   2 c     dx -1.1853239-0.0604794 0.0000000 1.1853239
           dy -0.0604794-0.0030859 0.0000000 0.0604794 0.0030859
           dz  0.0000000 0.0000000 0.0000000 0.0000000 0.0000000 0.0000000
 

   *** projected hessian written onto $hessian (projected), file=<hessian> ***

 dipole moment in principle axis system (a.u.) :
    -0.0714686861    -0.0000270251    -0.0000000000
 norm :  7.146869120490688E-002

 rotational constants b for rotations around axis of inertia
 and optical intensities for (1 <-- 0) transition

   b   :     0.0000000000     1.9091736334     1.9091736334   (cm**(-1))
   b   :           0.0000       57235.5856       57235.5856     (MHz)
  int. :     0.0051077731     0.0000000007     0.0000000000     (a.u.)

   x   :     0.9987008369    -0.0509572204     0.0000000000
   y   :     0.0509572204     0.9987008369     0.0000000000
   z   :     0.0000000000     0.0000000000     1.0000000000

   ***  normal modes written onto $vibrational normal modes, file=<vib_normal_modes>  ***

  Keyword $vibrational reduced masses missing in file <control>


   ***  vibrational spectroscopic data written onto$vibrational spectrum   
        file=<vibspectrum>  ***

          ---------------------------------------------------
          NORMAL MODES and VIBRATIONAL FREQUENCIES (cm**(-1))
          ---------------------------------------------------

 imaginary wave numbers indicate a negative curvature of the energy surface.
 zero frequency modes have no physical meaning except being generators of
 translations and rotations. each vibrational normal mode - given in terms of
 cartesian displacement vectors of all atoms - has been normalized to unity.
 to obtain mass-weigthed normal coordinates in a.u. divide the tabulated
 modes by sqrt(reduced mass * 1822.88853).
 band intensities or cross sections refer to independent non-degenerate normal
 modes, that is, the intensities of degenerate modes have yet to be added.
 dDIP/dQ is the normal mode derivative of the dipole moment.


       mode               1        2        3        4        5        6

     frequency           0.00     0.00     0.00     0.00     0.00  2139.46

     symmetry                                                         a   

        IR                -        -        -        -        -       YES
|dDIP/dQ|   (a.u.)     0.0000   0.0000   0.0000   0.0000   0.0000   0.0061
intensity (km/mol)       0.00     0.00     0.00     0.00     0.00    66.33
intensity (  %   )       0.00     0.00     0.00     0.00     0.00   100.00
 
       RAMAN              -        -        -        -        -       YES
 
  1   o           x  -0.01245  0.00000  0.02184  0.00000  0.70736  0.59959
                  y   0.99918  0.00000  0.00111  0.00000 -0.01165  0.03059
                  z   0.00000  1.00000  0.00000  0.00000  0.00000  0.00000
  2   c           x   0.03853  0.00000 -0.02909  0.00000  0.70676 -0.79868
                  y   0.00000  0.00000  0.99934  0.00000  0.00000 -0.04075
                  z   0.00000  0.00000  0.00000  1.00000  0.00000  0.00000

reduced mass(g/mol)    15.993   15.999   12.013   12.011   14.007   13.449
 

         **************************************************************
         *                                                            *
         *  zero point VIBRATIONAL energy  :      0.0048740  Hartree  *
         *    SCF-energy                   :   -113.3749998           *
         *    SCF + E(vib0)                :   -113.3701258           *
         *                                                            *
         **************************************************************




 time elapsed for vibrational analysis     0.01 sec


    ------------------------------------------------------------------------
         total  cpu-time :   8.26 seconds
         total wall-time :  31.12 seconds
    ------------------------------------------------------------------------

   ****  force : all done  ****


    2023-06-06 10:19:18.613 

