
  ========================================================================
                license information 
 Customer : 200000000058156
 ID       : LKO1924661

 License file is VALID, continuing with full version
  ========================================================================

   OpenMP run-time library returned nthreads =  2

 ridft (c04) : TURBOMOLE rev. V7-6 27 Oct 2021 at 10:11:12 compiled Oct 27th 2021
 Copyright (C) 2021 TURBOMOLE GmbH, Karlsruhe


    2023-06-18 13:54:30.942 



                                  r i d f t

                        DFT program with RI approximation 
                                for coulomb part 




                                                 
                                 References:     
                                                 
          TURBOMOLE:                             
              R. Ahlrichs, M. Baer, M. Haeser, H. Horn, and
              C. Koelmel
              Electronic structure calculations on workstation
              computers: the program system TURBOMOLE
              Chem. Phys. Lett. 162: 165 (1989)
          Density Functional:                              
              O. Treutler and R. Ahlrichs                      
              Efficient Molecular Numerical Integration Schemes
              J. Chem. Phys. 102: 346 (1995)                   
          Parallel Version:                                
              Performance of parallel TURBOMOLE for Density    
              Functional Calculations                          
              M. v. Arnim and R. Ahlrichs                      
              J. Comp. Chem. 19: 1746 (1998)                   
          RI-J Method:                                     
              Auxiliary Basis Sets to approximate Coulomb      
              Potentials                                       
              Chem. Phys. Lett. 240: 283 (1995)                
              K. Eichkorn, O. Treutler, H. Oehm, M. Haeser     
              and R. Ahlrichs                                  
              Chem. Phys. Lett. 242: 652 (1995)                
                                                           
              Auxiliary Basis Sets for Main Row Atoms and their
              Use to approximate Coulomb Potentials            
              K. Eichkorn, F. Weigend, O. Treutler and         
              R. Ahlrichs                                      
              Theo. Chem. Acc. 97: 119 (1997)                   
                                                           
              Accurate Coulomb-fitting basis sets for H to Rn 
              F. Weigend                                        
              Phys. Chem. Chem. Phys. 8: 1057 (2006)            
                                                           
          Multipole accelerated RI-J (MARI-J):             
              Fast evaluation of the Coulomb potential for     
              electron densities using multipole accelerated   
              resolution of identity approximation             
              M. Sierka, A. Hogekamp and R. Ahlrichs           
              J. Chem. Phys. 118: 9136 (2003)                  
          RI-JK Method:                                     
              A fully direct RI-HF algorithm: Implementation,
              optimised auxiliary basis sets, demonstration of
              accuracy and efficiency                         
              F. Weigend                                      
              Phys. Chem. Chem. Phys. 4: 4285 (2002)           
          Two-component HF and DFT with spin-orbit coupling:  
              Self-consistent treatment of spin-orbit         
              interactions with efficient Hartree-Fock and    
              density functional methods                      
              M. K. Armbruster, F. Weigend, C. van Wüllen and 
              W. Klopper                                      
              Phys. Chem. Chem. Phys. 10: 1748 (2008)         
          Two-component difference density and DIIS algorithm 
              Efficient two-component self-consistent field   
              procedures and gradients: implementation in     
              TURBOMOLE and application to Au20-              
              A. Baldes, F. Weigend                           
              Mol. Phys. 111: 2617 (2013)                     
          Relativistic all-electron 2c calculations           
              An efficient implementation of two-component    
              relativistic exact-decoupling methods for large 
              molecules                                       
              D. Peng, N. Middendorf, F. Weigend, M. Reiher   
              J. Chem. Phys. 138: 184105 (2013)               
          Finite nucleus model and SNSO approximation         
              Efficient implementation of one- and two-       
              component analytical energy gradients in exact  
              two-component theory                            
              Y. J. Franzke, N. Middendorf, F. Weigend        
              J. Chem. Phys. 148: 104110 (2018)               
          Grids for all-electron relativistic methods         
              Error-consistent segmented contracted all-      
              electron relativistic basis sets of double-     
              and triple-zeta quality for NMR shielding       
              constants                                       
              Y. J. Franzke, R. Tress, T. M. Pazdera,         
              F. Weigend                                      
              Phys. Chem. Chem. Phys. 21: 166658 (2019)       
          Seminumerical exchange algorithms                   
              Seminumerical calculation of the Hartree-Fock   
              exchange matirx: Application to two-component   
              procedures and efficient evaluation of local    
              hybrid functionsl                               
               P. Plessow, F. Weigend,                        
              J. Comput. Chem. 33: 810 (2012)                 
          Improved seminumerical algorithms                   
              C. Holzer,                                      
              J. Chem. Phys. 153 (2020), 184115               
                                         





          OpenMP Shared-Memory Parallelization:  2 CPUs.

            By: Christof Holzer and Yannick J. Franzke


              +--------------------------------------------------+
              |      general information about current run       |
              +--------------------------------------------------+

 
 TPSS meta-GGA functional
 exchange:    LDA + TPSS
 correlation: LDA (PW) + TPSS
 A DFT calculation using the RI-J approximation will be carried out.
 Allocatable memory for RI due to $ricore (MB):                   500


              +--------------------------------------------------+
              | Atomic coordinate, charge and isotop information |
              +--------------------------------------------------+

                    atomic coordinates            atom    charge  isotop
         -2.94114945   -0.05906209    3.20800514    c      6.000     0
         -2.10764322   -2.38868168    3.01010903    o      8.000     0
         -4.69145784    0.67873742    4.54858777    o      8.000     0
         -3.13012887   -3.57078581    4.15360468    h      1.000     0
         -6.29030577   -1.18908482    6.29608952    h      1.000     0
         -7.32820712   -2.37974057    7.41622238    o      8.000     0
         -6.48920540   -4.70781879    7.22163545    c      6.000     0
         -4.71618426   -5.43888347    5.90759674    o      8.000     0
         -7.57287381   -6.02381298    8.40525062    h      1.000     0
         -1.87584189    1.25125484    2.00166074    h      1.000     0
 
       center of nuclear mass  :   -4.71227734   -2.38252318    5.21882940
       center of nuclear charge:   -4.71248373   -2.38254709    5.21863701

  Keyword $basis  missing in file <control>

              read basis sets from /software/cluster/turbomole76/basen/
              (basis sets have been saved in file basis)

              +--------------------------------------------------+
              |               basis set information              |
              +--------------------------------------------------+

              we will work with the 1s 3p 5d 7f 9g ... basis set
              ...i.e. with spherical basis functions...

   type   atoms  prim   cont   basis
   ---------------------------------------------------------------------------
    c        2    102     80   aug-cc-pVQZ   [6s5p4d3f2g|22s7p4d3f2g]
    o        4    102     80   aug-cc-pVQZ   [6s5p4d3f2g|22s7p4d3f2g]
    h        4     48     46   aug-cc-pVQZ   [5s4p3d2f|7s4p3d2f]
   ---------------------------------------------------------------------------
   total:   10    804    664
   ---------------------------------------------------------------------------

   total number of primitive shells          :   92
   total number of contracted shells         :  176
   total number of cartesian basis functions :  850
   total number of SCF-basis functions       :  664


 integral neglect threshold       :  0.39E-11
 integral storage threshold THIZE :  0.10E-04
 integral storage threshold THIME :         5

 RI-J AUXILIARY BASIS SET information:

              assign orbital basis set names as defaults
              read basis sets from /software/cluster/turbomole76/jbasen/
              (basis sets have been saved in file auxbasis)

              we will work with the 1s 3p 5d 7f 9g ... basis set
              ...i.e. with spherical basis functions...

   type   atoms  prim   cont   basis
   ---------------------------------------------------------------------------
    c        2     70     49   aug-cc-pVQZ   [6s4p3d1f1g|12s5p4d2f1g]
    o        4     70     49   aug-cc-pVQZ   [6s4p3d1f1g|12s5p4d2f1g]
    h        4     16     11   aug-cc-pVQZ   [3s1p1d|5s2p1d]
   ---------------------------------------------------------------------------
   total:   10    484    338
   ---------------------------------------------------------------------------

   total number of primitive shells          :   56
   total number of contracted shells         :  110
   total number of cartesian basis functions :  414
   total number of SCF-basis functions       :  338


 symmetry group of the molecule :   c1 

 the group has the following generators :
   c1(z)

    1 symmetry operations found

 there are 1 real representations :   a   

 maximum number of shells which are related by symmetry :  1

  
           ------------------
           density functional
           ------------------
 TPSS meta-GGA functional
 exchange:    LDA + TPSS
 correlation: LDA (PW) + TPSS

 iterations will be done with small grid
  
 spherical integration : Lebedev's spherical grid
 spherical gridsize    :                     3
    i.e. gridpoints    :                   302
 value for diffuse not defined
 radial integration    : Chebyshev 2nd kind (scaling 3)
 radial gridsize       :                     3
 integration cells     :                    10
 partition function    : becke
 partition sharpness   :                     3
  

 biggest AO integral is expected to be     4.785886462

          ------------------------
          nuclear repulsion energy  :   236.490175791    
          ------------------------

  _________________________________
 |                                 |
 |         DFTD3 V3.1 Rev 0        |
 | S.Grimme, University Bonn       |
 |            June  2014           |
 |   see standalone version        |
 |       dftd3 -h for options      |
 |_________________________________|
 
 Please cite DFT-D3 work done with this code as:
 S. Grimme, J. Antony, S. Ehrlich and H. Krieg,
 J. Chem. Phys, 132 (2010), 154104.
 If used with BJ-damping cite also
 S. Grimme, S. Ehrlich and L. Goerigk,
 J. Comput. Chem. 32 (2011), 1456-1465
 For DFT-D2 the reference is
 S. Grimme, J. Comput. Chem., 27 (2006), 1787-1799
 
C6 coefficients used:
                     2  C6 for element                      1
Z=  1 CN= 0.912     C6(AA)=    3.03
Z=  1 CN= 0.000     C6(AA)=    7.59
                     5  C6 for element                      6
Z=  6 CN= 0.000     C6(AA)=   49.11
Z=  6 CN= 0.987     C6(AA)=   43.25
Z=  6 CN= 1.998     C6(AA)=   29.36
Z=  6 CN= 2.999     C6(AA)=   25.78
Z=  6 CN= 3.984     C6(AA)=   18.21
                     3  C6 for element                      8
Z=  8 CN= 0.000     C6(AA)=   15.51
Z=  8 CN= 0.993     C6(AA)=   12.82
Z=  8 CN= 1.989     C6(AA)=   10.37

#           XYZ [au]              R0(AA) [Ang.]  CN          C6(AA)     C8(AA)   C10(AA) [au]
  1  -2.94115  -0.05906   3.20801   c   0.645  3.008        25.7       742.0     26289.8
  2  -2.10764  -2.38868   3.01011   o   0.539  1.998        10.4       210.1      5193.3
  3  -4.69146   0.67874   4.54859   o   0.539  1.058        12.8       257.6      6367.9
  4  -3.13013  -3.57079   4.15360   h   0.417  1.031         3.1        37.2       551.0
  5  -6.29031  -1.18908   6.29609   h   0.417  1.030         3.1        37.2       551.0
  6  -7.32821  -2.37974   7.41622   o   0.539  1.998        10.4       210.1      5193.3
  7  -6.48921  -4.70782   7.22164   c   0.645  3.008        25.7       742.0     26289.9
  8  -4.71618  -5.43888   5.90760   o   0.539  1.058        12.8       257.6      6367.8
  9  -7.57287  -6.02381   8.40525   h   0.417  0.997         3.1        37.4       553.5
 10  -1.87584   1.25125   2.00166   h   0.417  0.997         3.1        37.4       553.5

molecular C6(AA) [au] =       931.28

           DFT-D V3(BJ)
 DF tpss                                              
 parameters
 s6       :    1.0000
 s8       :    1.9435
 a1       :    0.4535
 a2       :    4.4752
 k1-k3    :   16.0000    1.3333   -4.0000
 
 Edisp /kcal,au:    -4.7757 -0.00761060

 E6    /kcal :    -2.4895
 E8    /kcal :    -2.2862
 % E8        : 47.87
 nuclear repulsion energy                  =     236.490175791
  DFT-D3 Energy contribution               =      -0.007610605
 nuclear repulsion + dispersion correction =     236.482565186


         -----------------
         -S,T+V- integrals
         -----------------

 1e-integrals will be neglected if expon. factor < 0.393172E-12
 
   Difference densities algorithm switched on.
   The maximal number of linear combinations of
   difference densities is                    20 .

 DIIS switched on: error vector is FDS-SDF
 Max. Iterations for DIIS is     :   4
 DIIS matrix (see manual) 
    Scaling factor of diagonals  :  1.200
    threshold for scaling factor :  0.000

 scf convergence criterion : increment of total energy < .1000000D-06
                  and increment of one-electron energy < .1000000D-03

 MOs are in ASCII format !

  missing closed shell occupation number declaration

 No input with occupation numbers/open-shell information found

 start vectors will be provided by an EHT guess

 The EHT guess will be determined for:
   molecular charge   :    0
   number of electrons:   48
   S_z eigenvalue     :    0
 
 virtual MOs provided and orthogonalized by Cholesky decomposition

 automatic virtual orbital shift switched on 
      shift if e(lumo)-e(homo) < 0.10000000    

  
           ------------------------
               RI-J - INFORMATION
           ------------------------
 Contributions to RI integral batches: 
  neglected integral batches:                  1285
  direct contribution:                         6294
  memory contribution:                  7997
 Memory core needed for (P|Q) and Cholesky      1 MByte
 Memory core minimum needed except of (P|Q)     2 MByte
 Total minimum memory core needed (sum)         3 MByte
  
 ****************************************
 Memory allocated for RI-J   442 MByte
 ****************************************
                                            

 dump of DSCF restart information has been disabled !


 Starting SCF iterations

          Overall gridpoints after grid construction =         14156

 ITERATION  ENERGY          1e-ENERGY        2e-ENERGY     NORM[dD(SAO)]  TOL
   1  -378.14571257684    -985.68211908     371.05384132    0.000D+00 0.392D-11
                            Exc = -46.9848696136     Coul =  418.038710929    
                              N = 47.999570736    
                            current damping = 0.700
 
          max. resid. norm for Fia-block=  4.162D-01 for orbital     20a         
          max. resid. fock norm         =  1.124D+01 for orbital    562a         

 ITERATION  ENERGY          1e-ENERGY        2e-ENERGY     NORM[dD(SAO)]  TOL
   2  -379.56685378229    -986.79647966     370.74706070    0.269D+01 0.329D-11
                            Exc = -46.5866631536     Coul =  417.333723849    
                              N = 47.999211536    
                            current damping = 0.650
 
          Norm of current diis error:  3.5419    
          max. resid. norm for Fia-block=  1.594D-01 for orbital      3a         
          max. resid. fock norm         =  2.850D-01 for orbital    521a         

 ITERATION  ENERGY          1e-ENERGY        2e-ENERGY     NORM[dD(SAO)]  TOL
   3  -379.73442968750    -988.91739979     372.70040492    0.788D+00 0.211D-11
                            Exc = -46.8081675246     Coul =  419.508572442    
                              N = 47.999128021    
                            current damping = 0.600
 
          Norm of current diis error:  1.6566    
          max. resid. norm for Fia-block=  6.263D-02 for orbital      3a         
          max. resid. fock norm         =  8.756D-02 for orbital    525a         

 ITERATION  ENERGY          1e-ENERGY        2e-ENERGY     NORM[dD(SAO)]  TOL
   4  -379.78172485472    -988.24901061     371.98472056    0.243D+00 0.179D-11
                            Exc = -46.6993347188     Coul =  418.684055283    
                              N = 47.999032369    
                            current damping = 0.650
 
          Norm of current diis error: 0.66110    
          max. resid. norm for Fia-block=  2.468D-02 for orbital      7a         
          max. resid. fock norm         =  4.407D-02 for orbital    631a         

 ITERATION  ENERGY          1e-ENERGY        2e-ENERGY     NORM[dD(SAO)]  TOL
   5  -379.78924458621    -988.86026515     372.58845538    0.873D-01 0.162D-11
                            Exc = -46.7679868691     Coul =  419.356442248    
                              N = 47.999044216    
                            current damping = 0.700
 
          Norm of current diis error: 0.35744    
          max. resid. norm for Fia-block=  1.110D-02 for orbital     23a         
          max. resid. fock norm         =  1.477D-02 for orbital    657a         
          mo-orthogonalization: Cholesky decomposition

 ITERATION  ENERGY          1e-ENERGY        2e-ENERGY     NORM[dD(SAO)]  TOL
   6  -379.79146267319    -988.77371968     372.49969182    0.407D-01 0.152D-11
                            Exc = -46.7552282349     Coul =  419.254920053    
                              N = 47.999036947    
                            current damping = 0.750
 
          Norm of current diis error: 0.18243    
          max. resid. norm for Fia-block=  5.447D-03 for orbital     19a         
          max. resid. fock norm         =  8.456D-03 for orbital    631a         

 ITERATION  ENERGY          1e-ENERGY        2e-ENERGY     NORM[dD(SAO)]  TOL
   7  -379.79205676619    -988.71291980     372.43829785    0.140D-01 0.146D-11
                            Exc = -46.7469212211     Coul =  419.185219071    
                              N = 47.999038258    
                            current damping = 0.600
 
          Norm of current diis error: 0.50615E-01
          max. resid. norm for Fia-block=  2.124D-03 for orbital      8a         
          max. resid. fock norm         =  3.423D-03 for orbital    640a         

 ITERATION  ENERGY          1e-ENERGY        2e-ENERGY     NORM[dD(SAO)]  TOL
   8  -379.79210951495    -988.76270883     372.48803413    0.354D-02 0.142D-11
                            Exc = -46.7536430738     Coul =  419.241677205    
                              N = 47.999039967    
                            current damping = 0.650
 
          Norm of current diis error: 0.23306E-01
          max. resid. norm for Fia-block=  7.461D-04 for orbital     19a         
          max. resid. fock norm         =  1.083D-03 for orbital    641a         

 ITERATION  ENERGY          1e-ENERGY        2e-ENERGY     NORM[dD(SAO)]  TOL
   9  -379.79212102687    -988.76344719     372.48876098    0.162D-02 0.139D-11
                            Exc = -46.7529882343     Coul =  419.241749215    
                              N = 47.999039969    
                            current damping = 0.500
 
          Norm of current diis error: 0.74785E-02
          max. resid. norm for Fia-block=  3.269D-04 for orbital     19a         
          max. resid. fock norm         =  5.471D-04 for orbital    520a         

 ITERATION  ENERGY          1e-ENERGY        2e-ENERGY     NORM[dD(SAO)]  TOL
  10  -379.79212210390    -988.75555774     372.48087045    0.347D-03 0.136D-11
                            Exc = -46.7522494471     Coul =  419.233119900    
                              N = 47.999039793    
                            current damping = 0.550
 
          Norm of current diis error: 0.44034E-02
          max. resid. norm for Fia-block=  1.482D-04 for orbital     16a         
          max. resid. fock norm         =  3.150D-04 for orbital    631a         
          mo-orthogonalization: Cholesky decomposition

 ITERATION  ENERGY          1e-ENERGY        2e-ENERGY     NORM[dD(SAO)]  TOL
  11  -379.79212229015    -988.75975438     372.48506690    0.120D-03 0.134D-11
                            Exc = -46.7527586594     Coul =  419.237825561    
                              N = 47.999039976    
                            current damping = 0.600
 
          Norm of current diis error: 0.34668E-02
          max. resid. norm for Fia-block=  8.365D-05 for orbital     22a         
          max. resid. fock norm         =  1.470D-04 for orbital    657a         

 ITERATION  ENERGY          1e-ENERGY        2e-ENERGY     NORM[dD(SAO)]  TOL
  12  -379.79212247417    -988.76273563     372.48804797    0.268D-04 0.133D-11
                            Exc = -46.7530984180     Coul =  419.241146386    
                              N = 47.999039983    
                            current damping = 0.450
 
          Norm of current diis error: 0.11266E-02
          max. resid. norm for Fia-block=  3.738D-05 for orbital     18a         
          max. resid. fock norm         =  4.126D-05 for orbital     19a         

 ITERATION  ENERGY          1e-ENERGY        2e-ENERGY     NORM[dD(SAO)]  TOL
  13  -379.79212248586    -988.76047416     372.48578649    0.147D-04 0.131D-11
                            Exc = -46.7527797427     Coul =  419.238566228    
                              N = 47.999039904    
                            current damping = 0.500
 
          Norm of current diis error: 0.82915E-03
          max. resid. norm for Fia-block=  1.688D-05 for orbital     18a         
          max. resid. fock norm         =  2.778D-05 for orbital    531a         

 ENERGY CONVERGED !

          Overall gridpoints after grid construction =         51842

 ITERATION  ENERGY          1e-ENERGY        2e-ENERGY     NORM[dD(SAO)]  TOL
  14  -379.79183686472    -988.76046732     372.48606527    0.607D-05 0.129D-11
                            Exc = -46.7525275656     Coul =  419.238592838    
                              N = 47.999924206    
                            current damping = 0.550
 
          Norm of current diis error: 0.18283E-03
          max. resid. norm for Fia-block=  5.189D-06 for orbital     24a         
          max. resid. fock norm         =  1.056D-05 for orbital    641a         

 End of SCF iterations

   convergence criteria satisfied after    14 iterations


                  ------------------------------------------ 
                 |  total energy      =   -379.79183686472  |
                  ------------------------------------------ 
                 :  kinetic energy    =    378.36031957878  :
                 :  potential energy  =   -758.15215644349  :
                 :  virial theorem    =      1.99623078448  :
                 :  wavefunction norm =      1.00000000000  :
                  .......................................... 


 <geterg> : there is no data group $energy 


 orbitals $scfmo  will be written to file mos

    irrep                 20a         21a         22a         23a         24a   
 eigenvalues H         -0.34527    -0.31181    -0.30051    -0.28028    -0.26795
            eV          -9.3953     -8.4848     -8.1775     -7.6269     -7.2914
 occupation              2.0000      2.0000      2.0000      2.0000      2.0000

    irrep                 25a         26a         27a         28a         29a   
 eigenvalues H         -0.06555    -0.05422    -0.00919     0.00014     0.01453
            eV          -1.7838     -1.4753     -0.2500      0.0039      0.3953
 
 
 
 
 ==============================================================================
                           electrostatic moments
 ==============================================================================

 reference point for electrostatic moments:    0.00000   0.00000   0.00000

 
              nuc           elec       ->  total
 ------------------------------------------------------------------------------
                          charge      
 ------------------------------------------------------------------------------
          48.000000     -48.000000      -0.000000
 
 ------------------------------------------------------------------------------
                       dipole moment  
 ------------------------------------------------------------------------------
   x    -226.199219     226.194034      -0.005185
   y    -114.362261     114.360942      -0.001319
   z     250.494576    -250.498236      -0.003659
 
   | dipole moment | =     0.0065 a.u. =     0.0165 debye 
 
 ------------------------------------------------------------------------------
                     quadrupole moment
 ------------------------------------------------------------------------------
  xx    1233.969336   -1259.647984     -25.678648
  yy     516.307498    -542.806087     -26.498589
  zz    1463.411638   -1487.576748     -24.165111
  xy     605.791261    -601.608271       4.182990
  xz   -1336.941114    1336.376558      -0.564555
  yz    -706.629512     703.373745      -3.255766
 
     1/3  trace=     -25.447449
     anisotropy=       9.457935
 
 ==============================================================================
 
HOMO-LUMO Separation
 HOMO         :   -0.26795083 H =     -7.29132 eV
 LUMO         :   -0.06555173 H =     -1.78375 eV
 HOMO-LUMO gap:    0.20239910 H =     +5.50756 eV
 
 ==============================================================================


    ------------------------------------------------------------------------
         total  cpu-time :  1 minutes and 10 seconds
         total wall-time :  36.41 seconds
    ------------------------------------------------------------------------

   ****  ridft : all done  ****


    2023-06-18 13:55:07.330 

