
  ========================================================================
                license information 
 Customer : 200000000058156
 ID       : LKO1924661

 License file is VALID, continuing with full version
  ========================================================================

   OpenMP run-time library returned nthreads =  2

 ridft (c04) : TURBOMOLE rev. V7-6 27 Oct 2021 at 10:11:12 compiled Oct 27th 2021
 Copyright (C) 2021 TURBOMOLE GmbH, Karlsruhe


    2023-06-16 10:31:32.371 



                                  r i d f t

                        DFT program with RI approximation 
                                for coulomb part 




                                                 
                                 References:     
                                                 
          TURBOMOLE:                             
              R. Ahlrichs, M. Baer, M. Haeser, H. Horn, and
              C. Koelmel
              Electronic structure calculations on workstation
              computers: the program system TURBOMOLE
              Chem. Phys. Lett. 162: 165 (1989)
          Density Functional:                              
              O. Treutler and R. Ahlrichs                      
              Efficient Molecular Numerical Integration Schemes
              J. Chem. Phys. 102: 346 (1995)                   
          Parallel Version:                                
              Performance of parallel TURBOMOLE for Density    
              Functional Calculations                          
              M. v. Arnim and R. Ahlrichs                      
              J. Comp. Chem. 19: 1746 (1998)                   
          RI-J Method:                                     
              Auxiliary Basis Sets to approximate Coulomb      
              Potentials                                       
              Chem. Phys. Lett. 240: 283 (1995)                
              K. Eichkorn, O. Treutler, H. Oehm, M. Haeser     
              and R. Ahlrichs                                  
              Chem. Phys. Lett. 242: 652 (1995)                
                                                           
              Auxiliary Basis Sets for Main Row Atoms and their
              Use to approximate Coulomb Potentials            
              K. Eichkorn, F. Weigend, O. Treutler and         
              R. Ahlrichs                                      
              Theo. Chem. Acc. 97: 119 (1997)                   
                                                           
              Accurate Coulomb-fitting basis sets for H to Rn 
              F. Weigend                                        
              Phys. Chem. Chem. Phys. 8: 1057 (2006)            
                                                           
          Multipole accelerated RI-J (MARI-J):             
              Fast evaluation of the Coulomb potential for     
              electron densities using multipole accelerated   
              resolution of identity approximation             
              M. Sierka, A. Hogekamp and R. Ahlrichs           
              J. Chem. Phys. 118: 9136 (2003)                  
          RI-JK Method:                                     
              A fully direct RI-HF algorithm: Implementation,
              optimised auxiliary basis sets, demonstration of
              accuracy and efficiency                         
              F. Weigend                                      
              Phys. Chem. Chem. Phys. 4: 4285 (2002)           
          Two-component HF and DFT with spin-orbit coupling:  
              Self-consistent treatment of spin-orbit         
              interactions with efficient Hartree-Fock and    
              density functional methods                      
              M. K. Armbruster, F. Weigend, C. van Wüllen and 
              W. Klopper                                      
              Phys. Chem. Chem. Phys. 10: 1748 (2008)         
          Two-component difference density and DIIS algorithm 
              Efficient two-component self-consistent field   
              procedures and gradients: implementation in     
              TURBOMOLE and application to Au20-              
              A. Baldes, F. Weigend                           
              Mol. Phys. 111: 2617 (2013)                     
          Relativistic all-electron 2c calculations           
              An efficient implementation of two-component    
              relativistic exact-decoupling methods for large 
              molecules                                       
              D. Peng, N. Middendorf, F. Weigend, M. Reiher   
              J. Chem. Phys. 138: 184105 (2013)               
          Finite nucleus model and SNSO approximation         
              Efficient implementation of one- and two-       
              component analytical energy gradients in exact  
              two-component theory                            
              Y. J. Franzke, N. Middendorf, F. Weigend        
              J. Chem. Phys. 148: 104110 (2018)               
          Grids for all-electron relativistic methods         
              Error-consistent segmented contracted all-      
              electron relativistic basis sets of double-     
              and triple-zeta quality for NMR shielding       
              constants                                       
              Y. J. Franzke, R. Tress, T. M. Pazdera,         
              F. Weigend                                      
              Phys. Chem. Chem. Phys. 21: 166658 (2019)       
          Seminumerical exchange algorithms                   
              Seminumerical calculation of the Hartree-Fock   
              exchange matirx: Application to two-component   
              procedures and efficient evaluation of local    
              hybrid functionsl                               
               P. Plessow, F. Weigend,                        
              J. Comput. Chem. 33: 810 (2012)                 
          Improved seminumerical algorithms                   
              C. Holzer,                                      
              J. Chem. Phys. 153 (2020), 184115               
                                         





          OpenMP Shared-Memory Parallelization:  2 CPUs.

            By: Christof Holzer and Yannick J. Franzke


              +--------------------------------------------------+
              |      general information about current run       |
              +--------------------------------------------------+

 
 PBE0 hybrid functional
 exchange:    3/4 (LDA+PBE) + 1/4 HF
 correlation: LDA (PW) + PBE
 A Hybrid-DFT calculation using the RI-J approximation will be carried out.
 Allocatable memory for RI due to $ricore (MB):                   500


              +--------------------------------------------------+
              | Atomic coordinate, charge and isotop information |
              +--------------------------------------------------+

                    atomic coordinates            atom    charge  isotop
         -9.83015863    2.39701548    0.00000000    c      6.000     0
        -10.00618478   -0.26447321    0.00000000    c      6.000     0
         -7.46084959    3.57477747    0.00000000    c      6.000     0
         -5.28798507    2.06008940    0.00000000    c      6.000     0
         -5.49138302   -0.62402495    0.00000000    c      6.000     0
         -7.85596556   -1.81558349    0.00000000    c      6.000     0
         -2.57747972    2.70001788    0.00000000    c      6.000     0
         -1.28267112    0.19100423    0.00000000    c      6.000     0
         -3.08708153   -1.68877475    0.00000000    n      7.000     0
         -1.48464610    4.77099153    0.00000000    o      8.000     0
          1.28267112   -0.19100423    0.00000000    c      6.000     0
          3.08708153    1.68877475    0.00000000    n      7.000     0
          5.49138302    0.62402495    0.00000000    c      6.000     0
          5.28798507   -2.06008940    0.00000000    c      6.000     0
          2.57747972   -2.70001788    0.00000000    c      6.000     0
          1.48464610   -4.77099153    0.00000000    o      8.000     0
          7.85596556    1.81558349    0.00000000    c      6.000     0
         10.00618478    0.26447321    0.00000000    c      6.000     0
          9.83015863   -2.39701548    0.00000000    c      6.000     0
          7.46084959   -3.57477747    0.00000000    c      6.000     0
        -11.55673856    3.53438848    0.00000000    h      1.000     0
        -11.87540358   -1.15404488    0.00000000    h      1.000     0
         -7.27470806    5.63469468    0.00000000    h      1.000     0
         -8.02322905   -3.87678238    0.00000000    h      1.000     0
         -2.59803363   -3.55589572    0.00000000    h      1.000     0
          2.59803363    3.55589572    0.00000000    h      1.000     0
          8.02322905    3.87678238    0.00000000    h      1.000     0
         11.87540358    1.15404488    0.00000000    h      1.000     0
         11.55673856   -3.53438848    0.00000000    h      1.000     0
          7.27470806   -5.63469468    0.00000000    h      1.000     0
 
       center of nuclear mass  :   -0.00000000    0.00000000    0.00000000
       center of nuclear charge:   -0.00000000    0.00000000    0.00000000

              +--------------------------------------------------+
              |               basis set information              |
              +--------------------------------------------------+

              we will work with the 1s 3p 5d 7f 9g ... basis set
              ...i.e. with spherical basis functions...

   type   atoms  prim   cont   basis
   ---------------------------------------------------------------------------
    c       16     24     14   def2-SVP   [3s2p1d|7s4p1d]
    n        2     24     14   def2-SVP   [3s2p1d|7s4p1d]
    o        2     24     14   def2-SVP   [3s2p1d|7s4p1d]
    h       10      7      5   def2-SVP   [2s1p|4s1p]
   ---------------------------------------------------------------------------
   total:   30    550    330
   ---------------------------------------------------------------------------

   total number of primitive shells          :   41
   total number of contracted shells         :  150
   total number of cartesian basis functions :  350
   total number of SCF-basis functions       :  330


 integral neglect threshold       :  0.95E-11
 integral storage threshold THIZE :  0.10E-04
 integral storage threshold THIME :         5

 RI-J AUXILIARY BASIS SET information:

              we will work with the 1s 3p 5d 7f 9g ... basis set
              ...i.e. with spherical basis functions...

   type   atoms  prim   cont   basis
   ---------------------------------------------------------------------------
    c       16     70     49   def2-SVP   [6s4p3d1f1g|12s5p4d2f1g]
    n        2     70     49   def2-SVP   [6s4p3d1f1g|12s5p4d2f1g]
    o        2     70     49   def2-SVP   [6s4p3d1f1g|12s5p4d2f1g]
    h       10     16     11   def2-SVP   [3s1p1d|5s2p1d]
   ---------------------------------------------------------------------------
   total:   30   1560   1090
   ---------------------------------------------------------------------------

   total number of primitive shells          :   80
   total number of contracted shells         :  350
   total number of cartesian basis functions : 1340
   total number of SCF-basis functions       : 1090


 symmetry group of the molecule :   c2h

 the group has the following generators :
   c2(z)
   mirror plane sigma(xy)

    4 symmetry operations found

 there are 4 real representations :   ag   bg   au   bu  

 maximum number of shells which are related by symmetry :  2

  
           ------------------
           density functional
           ------------------
 PBE0 hybrid functional
 exchange:    3/4 (LDA+PBE) + 1/4 HF
 correlation: LDA (PW) + PBE

 iterations will be done with small grid
  
 spherical integration : Lebedev's spherical grid
 spherical gridsize    :                     3
    i.e. gridpoints    :                   302
 value for diffuse not defined
 radial integration    : Chebyshev 2nd kind (scaling 3)
 radial gridsize       :                     3
 integration cells     :                    15
 partition function    : becke
 partition sharpness   :                     3
  

 biggest AO integral is expected to be     4.776656448

          ------------------------
          nuclear repulsion energy  :   1372.80128280    
          ------------------------

  _________________________________
 |                                 |
 |         DFTD3 V3.1 Rev 0        |
 | S.Grimme, University Bonn       |
 |            June  2014           |
 |   see standalone version        |
 |       dftd3 -h for options      |
 |_________________________________|
 
 Please cite DFT-D3 work done with this code as:
 S. Grimme, J. Antony, S. Ehrlich and H. Krieg,
 J. Chem. Phys, 132 (2010), 154104.
 If used with BJ-damping cite also
 S. Grimme, S. Ehrlich and L. Goerigk,
 J. Comput. Chem. 32 (2011), 1456-1465
 For DFT-D2 the reference is
 S. Grimme, J. Comput. Chem., 27 (2006), 1787-1799
 
C6 coefficients used:
                     2  C6 for element                      1
Z=  1 CN= 0.912     C6(AA)=    3.03
Z=  1 CN= 0.000     C6(AA)=    7.59
                     5  C6 for element                      6
Z=  6 CN= 0.000     C6(AA)=   49.11
Z=  6 CN= 0.987     C6(AA)=   43.25
Z=  6 CN= 1.998     C6(AA)=   29.36
Z=  6 CN= 2.999     C6(AA)=   25.78
Z=  6 CN= 3.984     C6(AA)=   18.21
                     4  C6 for element                      7
Z=  7 CN= 0.000     C6(AA)=   25.27
Z=  7 CN= 0.994     C6(AA)=   22.12
Z=  7 CN= 2.014     C6(AA)=   19.68
Z=  7 CN= 2.990     C6(AA)=   15.58
                     3  C6 for element                      8
Z=  8 CN= 0.000     C6(AA)=   15.51
Z=  8 CN= 0.993     C6(AA)=   12.82
Z=  8 CN= 1.989     C6(AA)=   10.37

#           XYZ [au]              R0(AA) [Ang.]  CN          C6(AA)     C8(AA)   C10(AA) [au]
  1  -9.83016   2.39702   0.00000   c   0.590  3.118        25.4       734.1     26009.8
  2 -10.00618  -0.26447   0.00000   c   0.590  3.129        25.3       733.0     25970.6
  3  -7.46085   3.57478   0.00000   c   0.590  3.129        25.3       733.0     25970.9
  4  -5.28799   2.06009   0.00000   c   0.590  3.305        24.2       701.0     24834.1
  5  -5.49138  -0.62402   0.00000   c   0.590  3.351        23.7       686.3     24315.4
  6  -7.85597  -1.81558   0.00000   c   0.590  3.125        25.4       733.5     25987.3
  7  -2.57748   2.70002   0.00000   c   0.590  3.204        25.0       723.2     25624.1
  8  -1.28267   0.19100   0.00000   c   0.590  3.314        24.1       698.4     24743.2
  9  -3.08708  -1.68877   0.00000   n   0.515  3.206        15.6       344.1      9298.9
 10  -1.48465   4.77099   0.00000   o   0.493  1.044        12.8       257.8      6373.6
 11   1.28267  -0.19100   0.00000   c   0.590  3.314        24.1       698.4     24743.2
 12   3.08708   1.68877   0.00000   n   0.515  3.206        15.6       344.1      9298.9
 13   5.49138   0.62402   0.00000   c   0.590  3.351        23.7       686.3     24315.4
 14   5.28799  -2.06009   0.00000   c   0.590  3.305        24.2       701.0     24834.1
 15   2.57748  -2.70002   0.00000   c   0.590  3.204        25.0       723.2     25624.1
 16   1.48465  -4.77099   0.00000   o   0.493  1.044        12.8       257.8      6373.6
 17   7.85597   1.81558   0.00000   c   0.590  3.125        25.4       733.5     25987.3
 18  10.00618   0.26447   0.00000   c   0.590  3.129        25.3       733.0     25970.6
 19   9.83016  -2.39702   0.00000   c   0.590  3.118        25.4       734.1     26009.8
 20   7.46085  -3.57478   0.00000   c   0.590  3.129        25.3       733.0     25970.9
 21 -11.55674   3.53439   0.00000   h   0.381  1.001         3.1        37.4       553.2
 22 -11.87540  -1.15404   0.00000   h   0.381  1.001         3.1        37.4       553.1
 23  -7.27471   5.63469   0.00000   h   0.381  1.001         3.1        37.4       553.1
 24  -8.02323  -3.87678   0.00000   h   0.381  1.001         3.1        37.4       553.2
 25  -2.59803  -3.55590   0.00000   h   0.381  1.008         3.1        37.3       552.6
 26   2.59803   3.55590   0.00000   h   0.381  1.008         3.1        37.3       552.6
 27   8.02323   3.87678   0.00000   h   0.381  1.001         3.1        37.4       553.2
 28  11.87540   1.15404   0.00000   h   0.381  1.001         3.1        37.4       553.1
 29  11.55674  -3.53439   0.00000   h   0.381  1.001         3.1        37.4       553.2
 30   7.27471  -5.63469   0.00000   h   0.381  1.001         3.1        37.4       553.1

molecular C6(AA) [au] =     12568.88

           DFT-D V3(BJ)
 DF pbe0                                              
 parameters
 s6       :    1.0000
 s8       :    1.2177
 a1       :    0.4145
 a2       :    4.8593
 k1-k3    :   16.0000    1.3333   -4.0000
 
 Edisp /kcal,au:   -22.4488 -0.03577448

 E6    /kcal :   -13.8838
 E8    /kcal :    -8.5651
 % E8        : 38.15
 nuclear repulsion energy                  =    1372.801282796
  DFT-D3 Energy contribution               =      -0.035774485
 nuclear repulsion + dispersion correction =    1372.765508311


         -----------------
         -S,T+V- integrals
         -----------------

 1e-integrals will be neglected if expon. factor < 0.954846E-12
 
   Difference densities algorithm switched on.
   The maximal number of linear combinations of
   difference densities is                    20 .

 DIIS switched on: error vector is FDS-SDF
 Max. Iterations for DIIS is     :   4
 DIIS matrix (see manual) 
    Scaling factor of diagonals  :  1.200
    threshold for scaling factor :  0.000

 scf convergence criterion : increment of total energy < .1000000D-06
                  and increment of one-electron energy < .1000000D-03

 MOs are in ASCII format !


    mo occupation :
   irrep   mo's   occupied
    ag     120       29
    bg      45        5
    au      45        6
    bu     120       28
 
 number of basis functions   :   330
 number of occupied orbitals :    68
 

 reading orbital data $scfmo  from file mos
 orbital characterization : expanded
 virtual MOs provided and orthogonalized by Cholesky decomposition

 automatic virtual orbital shift switched on 
      shift if e(lumo)-e(homo) < 0.10000000    

  
           ------------------------
               RI-J - INFORMATION
           ------------------------
 Contributions to RI integral batches: 
  neglected integral batches:                  7482
  direct contribution:                            0
  memory contribution:                  3843
 Memory core needed for (P|Q) and Cholesky      1 MByte
 Memory core minimum needed except of (P|Q)     1 MByte
 Total minimum memory core needed (sum)         2 MByte
  
 ****************************************
 Memory allocated for RI-J   210 MByte
 ****************************************
                                            

 DSCF restart information will be dumped onto file mos


 Starting SCF iterations

          Overall gridpoints after grid construction =         12235

 ITERATION  ENERGY          1e-ENERGY        2e-ENERGY     NORM[dD(SAO)]  TOL
   1  -871.12505506824    -3882.7964467     1638.9058833    0.000D+00 0.952D-11
                            Exc = -90.0100844176     Coul =  1757.41624453    
                            exK = -28.5002767923    
                              N = 135.99690782    
                            current damping = 0.300
 
          max. resid. norm for Fia-block=  3.354D-01 for orbital     19ag        
          max. resid. fock norm         =  1.216D+00 for orbital     48bu        

 ITERATION  ENERGY          1e-ENERGY        2e-ENERGY     NORM[dD(SAO)]  TOL
   2  -873.73910087002    -3911.1059323     1664.6013231    0.397D+01 0.605D-11
                            Exc = -90.9343451116      Eck =  1755.53566821    
                              N = 135.99932062    
                            current damping = 0.250
 
          Norm of current diis error:  1.7676    
          max. resid. norm for Fia-block=  1.635D-01 for orbital     28bu        
          max. resid. fock norm         =  3.513D-01 for orbital    119ag        

 ITERATION  ENERGY          1e-ENERGY        2e-ENERGY     NORM[dD(SAO)]  TOL
   3  -873.94336881186    -3911.2027886     1664.4939115    0.136D+01 0.538D-11
                            Exc = -91.6164911335      Eck =  1756.11040266    
                              N = 135.99901834    
                            current damping = 0.200
 
          Norm of current diis error:  1.1428    
          max. resid. norm for Fia-block=  6.969D-02 for orbital     28bu        
          max. resid. fock norm         =  9.225D-02 for orbital     29ag        

 ITERATION  ENERGY          1e-ENERGY        2e-ENERGY     NORM[dD(SAO)]  TOL
   4  -874.10902187650    -3911.0430721     1664.1685419    0.101D+01 0.491D-11
                            Exc = -91.2668843259      Eck =  1755.43542624    
                              N = 135.99931233    
                            current damping = 0.250
 
          Norm of current diis error: 0.34429    
          max. resid. norm for Fia-block=  1.797D-02 for orbital     28bu        
          max. resid. fock norm         =  3.152D-02 for orbital     12ag        

 ITERATION  ENERGY          1e-ENERGY        2e-ENERGY     NORM[dD(SAO)]  TOL
   5  -874.12240762309    -3911.8770331     1664.9891171    0.198D+00 0.463D-11
                            Exc = -91.3770076037      Eck =  1756.36612474    
                              N = 135.99928856    
                            current damping = 0.300
 
          Norm of current diis error: 0.11892    
          max. resid. norm for Fia-block=  6.799D-03 for orbital      6au        
          max. resid. fock norm         =  1.199D-02 for orbital      3bg        
          mo-orthogonalization: Cholesky decomposition

 ITERATION  ENERGY          1e-ENERGY        2e-ENERGY     NORM[dD(SAO)]  TOL
   6  -874.12391290942    -3912.3553090     1665.4658877    0.794D-01 0.448D-11
                            Exc = -91.3946031621      Eck =  1756.86049090    
                              N = 135.99928960    
                            current damping = 0.150
 
          Norm of current diis error: 0.42954E-01
          max. resid. norm for Fia-block=  2.505D-03 for orbital      6au        
          max. resid. fock norm         =  4.720D-03 for orbital     21ag        

 ITERATION  ENERGY          1e-ENERGY        2e-ENERGY     NORM[dD(SAO)]  TOL
   7  -874.12414910731    -3911.9071689     1665.0175115    0.321D-01 0.437D-11
                            Exc = -91.3791251940      Eck =  1756.39663668    
                              N = 135.99929183    
                            current damping = 0.200
 
          Norm of current diis error: 0.18065E-01
          max. resid. norm for Fia-block=  9.443D-04 for orbital      5bg        
          max. resid. fock norm         =  1.370D-03 for orbital     21ag        

 ITERATION  ENERGY          1e-ENERGY        2e-ENERGY     NORM[dD(SAO)]  TOL
   8  -874.12419166095    -3912.0395604     1665.1498604    0.798D-02 0.424D-11
                            Exc = -91.3820516721      Eck =  1756.53191210    
                              N = 135.99929135    
                            current damping = 0.250
 
          Norm of current diis error: 0.66351E-02
          max. resid. norm for Fia-block=  2.917D-04 for orbital     29ag        
          max. resid. fock norm         =  4.637D-04 for orbital     15bu        

 ITERATION  ENERGY          1e-ENERGY        2e-ENERGY     NORM[dD(SAO)]  TOL
   9  -874.12419638079    -3912.0469018     1665.1571971    0.244D-02 0.416D-11
                            Exc = -91.3840798090      Eck =  1756.54127695    
                              N = 135.99929148    
                            current damping = 0.100
 
          Norm of current diis error: 0.26973E-02
          max. resid. norm for Fia-block=  1.868D-04 for orbital      2bg        
          max. resid. fock norm         =  2.428D-04 for orbital     29ag        

 ITERATION  ENERGY          1e-ENERGY        2e-ENERGY     NORM[dD(SAO)]  TOL
  10  -874.12419701139    -3912.0462143     1665.1565090    0.909D-03 0.400D-11
                            Exc = -91.3830285793      Eck =  1756.53953758    
                              N = 135.99929178    
                            current damping = 0.150
 
          Norm of current diis error: 0.20355E-02
          max. resid. norm for Fia-block=  1.045D-04 for orbital     28bu        
          max. resid. fock norm         =  1.488D-04 for orbital     29ag        
          mo-orthogonalization: Cholesky decomposition

 ITERATION  ENERGY          1e-ENERGY        2e-ENERGY     NORM[dD(SAO)]  TOL
  11  -874.12419754305    -3912.0429940     1665.1532882    0.303D-03 0.392D-11
                            Exc = -91.3832940041      Eck =  1756.53658217    
                              N = 135.99929151    
                            current damping = 0.100
 
          Norm of current diis error: 0.42541E-03
          max. resid. norm for Fia-block=  2.975D-05 for orbital      5bg        
          max. resid. fock norm         =  3.762D-05 for orbital      6bg        

 ITERATION  ENERGY          1e-ENERGY        2e-ENERGY     NORM[dD(SAO)]  TOL
  12  -874.12419756370    -3912.0436991     1665.1539932    0.164D-03 0.388D-11
                            Exc = -91.3832790803      Eck =  1756.53727226    
                              N = 135.99929166    
                            current damping = 0.150
 
          Norm of current diis error: 0.33668E-03
          max. resid. norm for Fia-block=  1.206D-05 for orbital     28bu        
          max. resid. fock norm         =  2.072D-05 for orbital     26ag        

 ITERATION  ENERGY          1e-ENERGY        2e-ENERGY     NORM[dD(SAO)]  TOL
  13  -874.12419757598    -3912.0442155     1665.1545096    0.320D-04 0.379D-11
                            Exc = -91.3833372266      Eck =  1756.53784680    
                              N = 135.99929159    
                            current damping = 0.100
 
          Norm of current diis error: 0.80716E-04
          max. resid. norm for Fia-block=  6.521D-06 for orbital      5bg        
          max. resid. fock norm         =  8.204D-06 for orbital      5bg        

 ENERGY CONVERGED !

          Overall gridpoints after grid construction =         42017

 ITERATION  ENERGY          1e-ENERGY        2e-ENERGY     NORM[dD(SAO)]  TOL
  14  -874.12534524642    -3912.0438707     1665.1530171    0.104D-04 0.369D-11
                            Exc = -91.3844599083      Eck =  1756.53747702    
                              N = 136.00012778    
                            current damping = 0.150
 
          Norm of current diis error: 0.50677E-04
          max. resid. norm for Fia-block=  2.337D-06 for orbital      5bg        
          max. resid. fock norm         =  3.573D-06 for orbital     26ag        

 End of SCF iterations

   convergence criteria satisfied after    14 iterations


                  ------------------------------------------ 
                 |  total energy      =   -874.12534524642  |
                  ------------------------------------------ 
                 :  kinetic energy    =    865.24573224213  :
                 :  potential energy  =  -1739.37107748855  :
                 :  virial theorem    =      1.98984171658  :
                 :  wavefunction norm =      1.00000000000  :
                  .......................................... 


 <geterg> : there is no data group $energy 


 <skperg> : $end is missing 


 orbitals $scfmo  will be written to file mos

    irrep                 25ag        26ag        27ag        28ag        29ag  
 eigenvalues H         -0.44660    -0.44361    -0.39255    -0.37596    -0.27091
            eV         -12.1527    -12.0712    -10.6820    -10.2304     -7.3719
 occupation              2.0000      2.0000      2.0000      2.0000      2.0000

    irrep                 30ag        31ag        32ag        33ag        34ag  
 eigenvalues H          0.07069     0.09567     0.11721     0.13996     0.15270
            eV           1.9237      2.6033      3.1896      3.8086      4.1551

    irrep                  1bg         2bg         3bg         4bg         5bg  
 eigenvalues H         -0.45507    -0.39540    -0.36222    -0.28416    -0.24882
            eV         -12.3831    -10.7594     -9.8566     -7.7324     -6.7708
 occupation              2.0000      2.0000      2.0000      2.0000      2.0000

    irrep                  6bg         7bg         8bg         9bg        10bg  
 eigenvalues H         -0.10953    -0.01320     0.01363     0.12991     0.16708
            eV          -2.9804     -0.3592      0.3708      3.5350      4.5464

    irrep                  2au         3au         4au         5au         6au  
 eigenvalues H         -0.39159    -0.37908    -0.29047    -0.28124    -0.20990
            eV         -10.6558    -10.3153     -7.9041     -7.6530     -5.7117
 occupation              2.0000      2.0000      2.0000      2.0000      2.0000

    irrep                  7au         8au         9au        10au        11au  
 eigenvalues H         -0.04746     0.00266     0.05624     0.16749     0.46150
            eV          -1.2914      0.0725      1.5304      4.5576     12.5583

    irrep                 24bu        25bu        26bu        27bu        28bu  
 eigenvalues H         -0.46235    -0.44575    -0.39637    -0.37587    -0.28963
            eV         -12.5813    -12.1295    -10.7859    -10.2282     -7.8813
 occupation              2.0000      2.0000      2.0000      2.0000      2.0000

    irrep                 29bu        30bu        31bu        32bu        33bu  
 eigenvalues H          0.07112     0.08936     0.10767     0.13210     0.15772
            eV           1.9354      2.4316      2.9298      3.5945      4.2919
 
 
 
 
 ==============================================================================
                           electrostatic moments
 ==============================================================================

 reference point for electrostatic moments:    0.00000   0.00000   0.00000

 
              nuc           elec       ->  total
 ------------------------------------------------------------------------------
                          charge      
 ------------------------------------------------------------------------------
         136.000000    -136.000000      -0.000000
 
 ------------------------------------------------------------------------------
                       dipole moment  
 ------------------------------------------------------------------------------
   x      -0.000000       0.000000       0.000000
   y       0.000000      -0.000000      -0.000000
   z       0.000000       0.000000       0.000000
 
   | dipole moment | =     0.0000 a.u. =     0.0000 debye 
 
 ------------------------------------------------------------------------------
                     quadrupole moment
 ------------------------------------------------------------------------------
  xx    5532.456687   -5595.505822     -63.049135
  yy     956.831424   -1042.179270     -85.347846
  zz       0.000000     -88.145022     -88.145022
  xy    -671.870147     675.946941       4.076795
  xz       0.000000       0.000000       0.000000
  yz       0.000000       0.000000       0.000000
 
     1/3  trace=     -78.847335
     anisotropy=      24.845339
 
 ==============================================================================
 
HOMO-LUMO Separation
 HOMO         :   -0.20989773 H =     -5.71161 eV
 LUMO         :   -0.10952553 H =     -2.98034 eV
 HOMO-LUMO gap:    0.10037220 H =     +2.73127 eV
 
 ==============================================================================


    ------------------------------------------------------------------------
         total  cpu-time :  53.30 seconds
         total wall-time :  26.67 seconds
    ------------------------------------------------------------------------

   ****  ridft : all done  ****


    2023-06-16 10:31:59.027 

 ridft ended normally
