
  ========================================================================
                license information 
 Customer : 200000000058156
 ID       : LKO1924661

 License file is VALID, continuing with full version
  ========================================================================

   OpenMP run-time library returned nthreads =  2

 ridft (c04) : TURBOMOLE rev. V7-6 27 Oct 2021 at 10:11:12 compiled Oct 27th 2021
 Copyright (C) 2021 TURBOMOLE GmbH, Karlsruhe


    2023-06-04 16:40:44.604 



                                  r i d f t

                        DFT program with RI approximation 
                                for coulomb part 




                                                 
                                 References:     
                                                 
          TURBOMOLE:                             
              R. Ahlrichs, M. Baer, M. Haeser, H. Horn, and
              C. Koelmel
              Electronic structure calculations on workstation
              computers: the program system TURBOMOLE
              Chem. Phys. Lett. 162: 165 (1989)
          Density Functional:                              
              O. Treutler and R. Ahlrichs                      
              Efficient Molecular Numerical Integration Schemes
              J. Chem. Phys. 102: 346 (1995)                   
          Parallel Version:                                
              Performance of parallel TURBOMOLE for Density    
              Functional Calculations                          
              M. v. Arnim and R. Ahlrichs                      
              J. Comp. Chem. 19: 1746 (1998)                   
          RI-J Method:                                     
              Auxiliary Basis Sets to approximate Coulomb      
              Potentials                                       
              Chem. Phys. Lett. 240: 283 (1995)                
              K. Eichkorn, O. Treutler, H. Oehm, M. Haeser     
              and R. Ahlrichs                                  
              Chem. Phys. Lett. 242: 652 (1995)                
                                                           
              Auxiliary Basis Sets for Main Row Atoms and their
              Use to approximate Coulomb Potentials            
              K. Eichkorn, F. Weigend, O. Treutler and         
              R. Ahlrichs                                      
              Theo. Chem. Acc. 97: 119 (1997)                   
                                                           
              Accurate Coulomb-fitting basis sets for H to Rn 
              F. Weigend                                        
              Phys. Chem. Chem. Phys. 8: 1057 (2006)            
                                                           
          Multipole accelerated RI-J (MARI-J):             
              Fast evaluation of the Coulomb potential for     
              electron densities using multipole accelerated   
              resolution of identity approximation             
              M. Sierka, A. Hogekamp and R. Ahlrichs           
              J. Chem. Phys. 118: 9136 (2003)                  
          RI-JK Method:                                     
              A fully direct RI-HF algorithm: Implementation,
              optimised auxiliary basis sets, demonstration of
              accuracy and efficiency                         
              F. Weigend                                      
              Phys. Chem. Chem. Phys. 4: 4285 (2002)           
          Two-component HF and DFT with spin-orbit coupling:  
              Self-consistent treatment of spin-orbit         
              interactions with efficient Hartree-Fock and    
              density functional methods                      
              M. K. Armbruster, F. Weigend, C. van Wüllen and 
              W. Klopper                                      
              Phys. Chem. Chem. Phys. 10: 1748 (2008)         
          Two-component difference density and DIIS algorithm 
              Efficient two-component self-consistent field   
              procedures and gradients: implementation in     
              TURBOMOLE and application to Au20-              
              A. Baldes, F. Weigend                           
              Mol. Phys. 111: 2617 (2013)                     
          Relativistic all-electron 2c calculations           
              An efficient implementation of two-component    
              relativistic exact-decoupling methods for large 
              molecules                                       
              D. Peng, N. Middendorf, F. Weigend, M. Reiher   
              J. Chem. Phys. 138: 184105 (2013)               
          Finite nucleus model and SNSO approximation         
              Efficient implementation of one- and two-       
              component analytical energy gradients in exact  
              two-component theory                            
              Y. J. Franzke, N. Middendorf, F. Weigend        
              J. Chem. Phys. 148: 104110 (2018)               
          Grids for all-electron relativistic methods         
              Error-consistent segmented contracted all-      
              electron relativistic basis sets of double-     
              and triple-zeta quality for NMR shielding       
              constants                                       
              Y. J. Franzke, R. Tress, T. M. Pazdera,         
              F. Weigend                                      
              Phys. Chem. Chem. Phys. 21: 166658 (2019)       
          Seminumerical exchange algorithms                   
              Seminumerical calculation of the Hartree-Fock   
              exchange matirx: Application to two-component   
              procedures and efficient evaluation of local    
              hybrid functionsl                               
               P. Plessow, F. Weigend,                        
              J. Comput. Chem. 33: 810 (2012)                 
          Improved seminumerical algorithms                   
              C. Holzer,                                      
              J. Chem. Phys. 153 (2020), 184115               
                                         





          OpenMP Shared-Memory Parallelization:  2 CPUs.

            By: Christof Holzer and Yannick J. Franzke


              +--------------------------------------------------+
              |      general information about current run       |
              +--------------------------------------------------+

 

 DENSITY CONVERGENCE CHECK SWITCHED ON !
 SCF CONVERGENCE IF RMS(delta[D]) <     0.1000000000E-06

 A HF calculation using the RI-J approximation will be carried out.
 Allocatable memory for RI due to $ricore (MB):                   500


              +--------------------------------------------------+
              | Atomic coordinate, charge and isotop information |
              +--------------------------------------------------+

                    atomic coordinates            atom    charge  isotop
         -2.94114945   -0.05906209    3.20800514    c      6.000     0
         -2.10764322   -2.38868168    3.01010903    o      8.000     0
         -4.69145784    0.67873742    4.54858777    o      8.000     0
         -3.13012887   -3.57078581    4.15360468    h      1.000     0
         -6.29030577   -1.18908482    6.29608952    h      1.000     0
         -7.32820712   -2.37974057    7.41622238    o      8.000     0
         -6.48920540   -4.70781879    7.22163545    c      6.000     0
         -4.71618426   -5.43888347    5.90759674    o      8.000     0
         -7.57287381   -6.02381298    8.40525062    h      1.000     0
         -1.87584189    1.25125484    2.00166074    h      1.000     0
 
       center of nuclear mass  :   -4.71227734   -2.38252318    5.21882940
       center of nuclear charge:   -4.71248373   -2.38254709    5.21863701

  Keyword $basis  missing in file <control>

              read basis sets from /software/cluster/turbomole76/basen/
              (basis sets have been saved in file basis)

              +--------------------------------------------------+
              |               basis set information              |
              +--------------------------------------------------+

              we will work with the 1s 3p 5d 7f 9g ... basis set
              ...i.e. with spherical basis functions...

   type   atoms  prim   cont   basis
   ---------------------------------------------------------------------------
    c        2     50     30   cc-pVTZ   [4s3p2d1f|18s5p2d1f]
    o        4     50     30   cc-pVTZ   [4s3p2d1f|18s5p2d1f]
    h        4     16     14   cc-pVTZ   [3s2p1d|5s2p1d]
   ---------------------------------------------------------------------------
   total:   10    364    236
   ---------------------------------------------------------------------------

   total number of primitive shells          :   60
   total number of contracted shells         :   84
   total number of cartesian basis functions :  270
   total number of SCF-basis functions       :  236


 integral neglect threshold       :  0.12E-10
 integral storage threshold THIZE :  0.10E-04
 integral storage threshold THIME :         5

 RI-J AUXILIARY BASIS SET information:

              assign orbital basis set names as defaults
              read basis sets from /software/cluster/turbomole76/jbasen/
              (basis sets have been saved in file auxbasis)

              we will work with the 1s 3p 5d 7f 9g ... basis set
              ...i.e. with spherical basis functions...

   type   atoms  prim   cont   basis
   ---------------------------------------------------------------------------
    c        2     70     49   cc-pVTZ   [6s4p3d1f1g|12s5p4d2f1g]
    o        4     70     49   cc-pVTZ   [6s4p3d1f1g|12s5p4d2f1g]
    h        4     16     11   cc-pVTZ   [3s1p1d|5s2p1d]
   ---------------------------------------------------------------------------
   total:   10    484    338
   ---------------------------------------------------------------------------

   total number of primitive shells          :   56
   total number of contracted shells         :  110
   total number of cartesian basis functions :  414
   total number of SCF-basis functions       :  338


 symmetry group of the molecule :   c1 

 the group has the following generators :
   c1(z)

    1 symmetry operations found

 there are 1 real representations :   a   

 maximum number of shells which are related by symmetry :  1


 biggest AO integral is expected to be     4.866064444

          ------------------------
          nuclear repulsion energy  :   236.490175791    
          ------------------------


         -----------------
         -S,T+V- integrals
         -----------------

 1e-integrals will be neglected if expon. factor < 0.123776E-11
 
   Difference densities algorithm switched on.
   The maximal number of linear combinations of
   difference densities is                    20 .

 DIIS switched on: error vector is FDS-SDF
 Max. Iterations for DIIS is     :   5
 DIIS matrix (see manual) 
    Scaling factor of diagonals  :  1.200
    threshold for scaling factor :  0.000

 scf convergence criterion : increment of total energy < .1000000D-06
                  and increment of one-electron energy < .1000000D-03

 MOs are in ASCII format !

  missing closed shell occupation number declaration

 No input with occupation numbers/open-shell information found

 start vectors will be provided by an EHT guess

 The EHT guess will be determined for:
   molecular charge   :    0
   number of electrons:   48
   S_z eigenvalue     :    0
 
 virtual MOs provided and orthogonalized by Cholesky decomposition

 automatic virtual orbital shift switched on 
      shift if e(lumo)-e(homo) < 0.10000000    

  
           ------------------------
               RI-J - INFORMATION
           ------------------------
 Contributions to RI integral batches: 
  neglected integral batches:                   253
  direct contribution:                            0
  memory contribution:                  3317
 Memory core needed for (P|Q) and Cholesky      1 MByte
 Memory core minimum needed except of (P|Q)     1 MByte
 Total minimum memory core needed (sum)         2 MByte
  
 ****************************************
 Memory allocated for RI-J   108 MByte
 ****************************************
                                            

 dump of DSCF restart information has been disabled !


 Starting SCF iterations


 ITERATION  ENERGY          1e-ENERGY        2e-ENERGY     RMS[dD(SAO)]   TOL
   1  -376.14326822711    -985.75088282     373.11743880    0.000D+00 0.123D-10
                            exK = -45.0539490703     Coul =  418.171387874    
                            current damping = 0.300
 
          max. resid. norm for Fia-block=  4.251D-01 for orbital     20a         
          max. resid. fock norm         =  4.427D+00 for orbital    233a         

 ITERATION  ENERGY          1e-ENERGY        2e-ENERGY     RMS[dD(SAO)]   TOL
   2  -377.58818850096    -986.54717170     372.46880741    0.524D-02 0.811D-11
                            current damping = 0.250
 
          Norm of current diis error:  1.4510    
          max. resid. norm for Fia-block=  1.163D-01 for orbital      3a         
          max. resid. fock norm         =  3.411D-01 for orbital    232a         

 ITERATION  ENERGY          1e-ENERGY        2e-ENERGY     RMS[dD(SAO)]   TOL
   3  -377.67827655556    -988.47801216     374.30955982    0.181D-02 0.673D-11
                            current damping = 0.200
 
          Norm of current diis error: 0.47806    
          max. resid. norm for Fia-block=  3.717D-02 for orbital     19a         
          max. resid. fock norm         =  4.370D-02 for orbital     43a         

 ITERATION  ENERGY          1e-ENERGY        2e-ENERGY     RMS[dD(SAO)]   TOL
   4  -377.69350344855    -988.10618088     373.92250164    0.911D-03 0.577D-11
                            current damping = 0.250
 
          Norm of current diis error: 0.15143    
          max. resid. norm for Fia-block=  1.281D-02 for orbital     20a         
          max. resid. fock norm         =  1.578D-02 for orbital    232a         

 ITERATION  ENERGY          1e-ENERGY        2e-ENERGY     RMS[dD(SAO)]   TOL
   5  -377.69521465149    -988.30802553     374.12263509    0.302D-03 0.532D-11
                            current damping = 0.300
 
          Norm of current diis error: 0.47212E-01
          max. resid. norm for Fia-block=  4.925D-03 for orbital     20a         
          max. resid. fock norm         =  5.074D-03 for orbital     20a         
          mo-orthogonalization: Cholesky decomposition

 ITERATION  ENERGY          1e-ENERGY        2e-ENERGY     RMS[dD(SAO)]   TOL
   6  -377.69546277443    -988.31083906     374.12520050    0.115D-03 0.500D-11
                            current damping = 0.150
 
          Norm of current diis error: 0.21414E-01
          max. resid. norm for Fia-block=  2.733D-03 for orbital     20a         
          max. resid. fock norm         =  3.156D-03 for orbital     20a         

 ITERATION  ENERGY          1e-ENERGY        2e-ENERGY     RMS[dD(SAO)]   TOL
   7  -377.69552053490    -988.31218261     374.12648629    0.546D-04 0.474D-11
                            current damping = 0.100
 
          Norm of current diis error: 0.84757E-02
          max. resid. norm for Fia-block=  1.255D-03 for orbital     23a         
          max. resid. fock norm         =  1.356D-03 for orbital     23a         

 ITERATION  ENERGY          1e-ENERGY        2e-ENERGY     RMS[dD(SAO)]   TOL
   8  -377.69553350044    -988.31834235     374.13263306    0.249D-04 0.449D-11
                            current damping = 0.100
 
          Norm of current diis error: 0.40428E-02
          max. resid. norm for Fia-block=  4.829D-04 for orbital     23a         
          max. resid. fock norm         =  5.541D-04 for orbital     20a         

 ITERATION  ENERGY          1e-ENERGY        2e-ENERGY     RMS[dD(SAO)]   TOL
   9  -377.69553605830    -988.31736843     374.13165658    0.103D-04 0.427D-11
                            current damping = 0.150
 
          Norm of current diis error: 0.14502E-02
          max. resid. norm for Fia-block=  3.037D-04 for orbital     23a         
          max. resid. fock norm         =  3.130D-04 for orbital     23a         

 ITERATION  ENERGY          1e-ENERGY        2e-ENERGY     RMS[dD(SAO)]   TOL
  10  -377.69553654207    -988.31756821     374.13185588    0.472D-05 0.408D-11
                            current damping = 0.200
 
          Norm of current diis error: 0.64915E-03
          max. resid. norm for Fia-block=  1.173D-04 for orbital     23a         
          max. resid. fock norm         =  1.173D-04 for orbital     23a         
          mo-orthogonalization: Cholesky decomposition

 ITERATION  ENERGY          1e-ENERGY        2e-ENERGY     RMS[dD(SAO)]   TOL
  11  -377.69553662136    -988.31767729     374.13196488    0.205D-05 0.391D-11
                            current damping = 0.100
 
          Norm of current diis error: 0.22425E-03
          max. resid. norm for Fia-block=  4.645D-05 for orbital     23a         
          max. resid. fock norm         =  4.699D-05 for orbital     23a         

 ITERATION  ENERGY          1e-ENERGY        2e-ENERGY     RMS[dD(SAO)]   TOL
  12  -377.69553663260    -988.31748626     374.13177384    0.830D-06 0.376D-11
                            current damping = 0.150
 
          Norm of current diis error: 0.87117E-04
          max. resid. norm for Fia-block=  1.184D-05 for orbital     22a         
          max. resid. fock norm         =  1.419D-05 for orbital     24a         

 ITERATION  ENERGY          1e-ENERGY        2e-ENERGY     RMS[dD(SAO)]   TOL
  13  -377.69553663368    -988.31755732     374.13184490    0.256D-06 0.367D-11
                            current damping = 0.200
 
          Norm of current diis error: 0.27984E-04
          max. resid. norm for Fia-block=  3.681D-06 for orbital     21a         
          max. resid. fock norm         =  4.070D-06 for orbital     25a         

 ENERGY & DENSITY CONVERGED !


 ITERATION  ENERGY          1e-ENERGY        2e-ENERGY     RMS[dD(SAO)]   TOL
  14  -377.69553663412    -988.31752196     374.13180954    0.695D-07 0.360D-11
                            current damping = 0.250
 
          Norm of current diis error: 0.11397E-04
          max. resid. norm for Fia-block=  1.418D-06 for orbital     24a         
          max. resid. fock norm         =  1.592D-06 for orbital     24a         

 End of SCF iterations

   convergence criteria satisfied after    14 iterations


                  ------------------------------------------ 
                 |  total energy      =   -377.69553663412  |
                  ------------------------------------------ 
                 :  kinetic energy    =    376.94169360489  :
                 :  potential energy  =   -754.63723023902  :
                 :  virial theorem    =      1.99800409866  :
                 :  wavefunction norm =      1.00000000000  :
                  .......................................... 


 <geterg> : there is no data group $energy 


 orbitals $scfmo  will be written to file mos

    irrep                 20a         21a         22a         23a         24a   
 eigenvalues H         -0.57418    -0.50543    -0.49679    -0.49206    -0.47248
            eV         -15.6244    -13.7535    -13.5186    -13.3899    -12.8569
 occupation              2.0000      2.0000      2.0000      2.0000      2.0000

    irrep                 25a         26a         27a         28a         29a   
 eigenvalues H          0.14393     0.15224     0.16320     0.16448     0.23589
            eV           3.9167      4.1427      4.4410      4.4758      6.4189
 
 
 
 
 ==============================================================================
                           electrostatic moments
 ==============================================================================

 reference point for electrostatic moments:    0.00000   0.00000   0.00000

 
              nuc           elec       ->  total
 ------------------------------------------------------------------------------
                          charge      
 ------------------------------------------------------------------------------
          48.000000     -48.000000      -0.000000
 
 ------------------------------------------------------------------------------
                       dipole moment  
 ------------------------------------------------------------------------------
   x    -226.199219     226.192507      -0.006712
   y    -114.362261     114.360670      -0.001590
   z     250.494576    -250.499987      -0.005411
 
   | dipole moment | =     0.0088 a.u. =     0.0223 debye 
 
 ------------------------------------------------------------------------------
                     quadrupole moment
 ------------------------------------------------------------------------------
  xx    1233.969336   -1259.161333     -25.191997
  yy     516.307498    -542.544131     -26.236633
  zz    1463.411638   -1486.764848     -23.353211
  xy     605.791261    -600.513614       5.277647
  xz   -1336.941114    1336.014693      -0.926421
  yz    -706.629512     702.469628      -4.159883
 
     1/3  trace=     -24.927280
     anisotropy=      12.018427
 
 ==============================================================================
 
HOMO-LUMO Separation
 HOMO         :   -0.47247916 H =    -12.85682 eV
 LUMO         :    0.14393464 H =     +3.91666 eV
 HOMO-LUMO gap:    0.61641380 H =    +16.77348 eV
 
 ==============================================================================


    ------------------------------------------------------------------------
         total  cpu-time :  1 minutes and 43 seconds
         total wall-time :  4 minutes and 28 seconds
    ------------------------------------------------------------------------

   ****  ridft : all done  ****


    2023-06-04 16:45:10.248 

