
  ========================================================================
                license information 
 Customer : 200000000058156
 ID       : LKO1924661

 License file is VALID, continuing with full version
  ========================================================================

   OpenMP run-time library returned nthreads =  2

 ridft (c04) : TURBOMOLE rev. V7-6 27 Oct 2021 at 10:11:12 compiled Oct 27th 2021
 Copyright (C) 2021 TURBOMOLE GmbH, Karlsruhe


    2023-06-15 21:21:52.734 



                                  r i d f t

                        DFT program with RI approximation 
                                for coulomb part 




                                                 
                                 References:     
                                                 
          TURBOMOLE:                             
              R. Ahlrichs, M. Baer, M. Haeser, H. Horn, and
              C. Koelmel
              Electronic structure calculations on workstation
              computers: the program system TURBOMOLE
              Chem. Phys. Lett. 162: 165 (1989)
          Density Functional:                              
              O. Treutler and R. Ahlrichs                      
              Efficient Molecular Numerical Integration Schemes
              J. Chem. Phys. 102: 346 (1995)                   
          Parallel Version:                                
              Performance of parallel TURBOMOLE for Density    
              Functional Calculations                          
              M. v. Arnim and R. Ahlrichs                      
              J. Comp. Chem. 19: 1746 (1998)                   
          RI-J Method:                                     
              Auxiliary Basis Sets to approximate Coulomb      
              Potentials                                       
              Chem. Phys. Lett. 240: 283 (1995)                
              K. Eichkorn, O. Treutler, H. Oehm, M. Haeser     
              and R. Ahlrichs                                  
              Chem. Phys. Lett. 242: 652 (1995)                
                                                           
              Auxiliary Basis Sets for Main Row Atoms and their
              Use to approximate Coulomb Potentials            
              K. Eichkorn, F. Weigend, O. Treutler and         
              R. Ahlrichs                                      
              Theo. Chem. Acc. 97: 119 (1997)                   
                                                           
              Accurate Coulomb-fitting basis sets for H to Rn 
              F. Weigend                                        
              Phys. Chem. Chem. Phys. 8: 1057 (2006)            
                                                           
          Multipole accelerated RI-J (MARI-J):             
              Fast evaluation of the Coulomb potential for     
              electron densities using multipole accelerated   
              resolution of identity approximation             
              M. Sierka, A. Hogekamp and R. Ahlrichs           
              J. Chem. Phys. 118: 9136 (2003)                  
          RI-JK Method:                                     
              A fully direct RI-HF algorithm: Implementation,
              optimised auxiliary basis sets, demonstration of
              accuracy and efficiency                         
              F. Weigend                                      
              Phys. Chem. Chem. Phys. 4: 4285 (2002)           
          Two-component HF and DFT with spin-orbit coupling:  
              Self-consistent treatment of spin-orbit         
              interactions with efficient Hartree-Fock and    
              density functional methods                      
              M. K. Armbruster, F. Weigend, C. van Wüllen and 
              W. Klopper                                      
              Phys. Chem. Chem. Phys. 10: 1748 (2008)         
          Two-component difference density and DIIS algorithm 
              Efficient two-component self-consistent field   
              procedures and gradients: implementation in     
              TURBOMOLE and application to Au20-              
              A. Baldes, F. Weigend                           
              Mol. Phys. 111: 2617 (2013)                     
          Relativistic all-electron 2c calculations           
              An efficient implementation of two-component    
              relativistic exact-decoupling methods for large 
              molecules                                       
              D. Peng, N. Middendorf, F. Weigend, M. Reiher   
              J. Chem. Phys. 138: 184105 (2013)               
          Finite nucleus model and SNSO approximation         
              Efficient implementation of one- and two-       
              component analytical energy gradients in exact  
              two-component theory                            
              Y. J. Franzke, N. Middendorf, F. Weigend        
              J. Chem. Phys. 148: 104110 (2018)               
          Grids for all-electron relativistic methods         
              Error-consistent segmented contracted all-      
              electron relativistic basis sets of double-     
              and triple-zeta quality for NMR shielding       
              constants                                       
              Y. J. Franzke, R. Tress, T. M. Pazdera,         
              F. Weigend                                      
              Phys. Chem. Chem. Phys. 21: 166658 (2019)       
          Seminumerical exchange algorithms                   
              Seminumerical calculation of the Hartree-Fock   
              exchange matirx: Application to two-component   
              procedures and efficient evaluation of local    
              hybrid functionsl                               
               P. Plessow, F. Weigend,                        
              J. Comput. Chem. 33: 810 (2012)                 
          Improved seminumerical algorithms                   
              C. Holzer,                                      
              J. Chem. Phys. 153 (2020), 184115               
                                         





          OpenMP Shared-Memory Parallelization:  2 CPUs.

            By: Christof Holzer and Yannick J. Franzke


              +--------------------------------------------------+
              |      general information about current run       |
              +--------------------------------------------------+

 
 TPSS meta-GGA functional
 exchange:    LDA + TPSS
 correlation: LDA (PW) + TPSS
 A DFT calculation using the RI-J approximation will be carried out.
 Allocatable memory for RI due to $ricore (MB):                   500


              +--------------------------------------------------+
              | Atomic coordinate, charge and isotop information |
              +--------------------------------------------------+

                    atomic coordinates            atom    charge  isotop
         -9.99007888    3.53381119    0.08465484    c      6.000     0
        -10.52829682    5.74763566    0.06020965    o      8.000     0
         -7.62786358    2.58447761   -0.19655375    o      8.000     0
        -11.32935918    1.96461150    0.33784956    h      1.000     0
         -6.49043994    4.02639327   -0.41585220    h      1.000     0
 
       center of nuclear mass  :   -9.30871367    3.94979222   -0.02701189
       center of nuclear charge:   -9.29206482    3.91044908   -0.02753444

  Keyword $basis  missing in file <control>

              read basis sets from /software/cluster/turbomole76/basen/
              (basis sets have been saved in file basis)

              +--------------------------------------------------+
              |               basis set information              |
              +--------------------------------------------------+

              we will work with the 1s 3p 5d 7f 9g ... basis set
              ...i.e. with spherical basis functions...

   type   atoms  prim   cont   basis
   ---------------------------------------------------------------------------
    c        1     77     55   cc-pVQZ   [5s4p3d2f1g|21s6p3d2f1g]
    o        2     77     55   cc-pVQZ   [5s4p3d2f1g|21s6p3d2f1g]
    h        2     32     30   cc-pVQZ   [4s3p2d1f|6s3p2d1f]
   ---------------------------------------------------------------------------
   total:    5    295    225
   ---------------------------------------------------------------------------

   total number of primitive shells          :   78
   total number of contracted shells         :   65
   total number of cartesian basis functions :  280
   total number of SCF-basis functions       :  225


 integral neglect threshold       :  0.12E-10
 integral storage threshold THIZE :  0.10E-04
 integral storage threshold THIME :         5

 RI-J AUXILIARY BASIS SET information:

              assign orbital basis set names as defaults
              read basis sets from /software/cluster/turbomole76/jbasen/
              (basis sets have been saved in file auxbasis)

              we will work with the 1s 3p 5d 7f 9g ... basis set
              ...i.e. with spherical basis functions...

   type   atoms  prim   cont   basis
   ---------------------------------------------------------------------------
    c        1     70     49   cc-pVQZ   [6s4p3d1f1g|12s5p4d2f1g]
    o        2     70     49   cc-pVQZ   [6s4p3d1f1g|12s5p4d2f1g]
    h        2     16     11   cc-pVQZ   [3s1p1d|5s2p1d]
   ---------------------------------------------------------------------------
   total:    5    242    169
   ---------------------------------------------------------------------------

   total number of primitive shells          :   56
   total number of contracted shells         :   55
   total number of cartesian basis functions :  207
   total number of SCF-basis functions       :  169


 symmetry group of the molecule :   c1 

 the group has the following generators :
   c1(z)

    1 symmetry operations found

 there are 1 real representations :   a   

 maximum number of shells which are related by symmetry :  1

  
           ------------------
           density functional
           ------------------
 TPSS meta-GGA functional
 exchange:    LDA + TPSS
 correlation: LDA (PW) + TPSS

 iterations will be done with small grid
  
 spherical integration : Lebedev's spherical grid
 spherical gridsize    :                     3
    i.e. gridpoints    :                   302
 value for diffuse not defined
 radial integration    : Chebyshev 2nd kind (scaling 3)
 radial gridsize       :                     3
 integration cells     :                     5
 partition function    : becke
 partition sharpness   :                     3
  

 biggest AO integral is expected to be     4.785886462

          ------------------------
          nuclear repulsion energy  :   69.7604228050    
          ------------------------

  _________________________________
 |                                 |
 |         DFTD3 V3.1 Rev 0        |
 | S.Grimme, University Bonn       |
 |            June  2014           |
 |   see standalone version        |
 |       dftd3 -h for options      |
 |_________________________________|
 
 Please cite DFT-D3 work done with this code as:
 S. Grimme, J. Antony, S. Ehrlich and H. Krieg,
 J. Chem. Phys, 132 (2010), 154104.
 If used with BJ-damping cite also
 S. Grimme, S. Ehrlich and L. Goerigk,
 J. Comput. Chem. 32 (2011), 1456-1465
 For DFT-D2 the reference is
 S. Grimme, J. Comput. Chem., 27 (2006), 1787-1799
 
C6 coefficients used:
                     2  C6 for element                      1
Z=  1 CN= 0.912     C6(AA)=    3.03
Z=  1 CN= 0.000     C6(AA)=    7.59
                     5  C6 for element                      6
Z=  6 CN= 0.000     C6(AA)=   49.11
Z=  6 CN= 0.987     C6(AA)=   43.25
Z=  6 CN= 1.998     C6(AA)=   29.36
Z=  6 CN= 2.999     C6(AA)=   25.78
Z=  6 CN= 3.984     C6(AA)=   18.21
                     3  C6 for element                      8
Z=  8 CN= 0.000     C6(AA)=   15.51
Z=  8 CN= 0.993     C6(AA)=   12.82
Z=  8 CN= 1.989     C6(AA)=   10.37

#           XYZ [au]              R0(AA) [Ang.]  CN          C6(AA)     C8(AA)   C10(AA) [au]
  1  -9.99008   3.53381   0.08465   c   0.645  3.008        25.7       742.1     26291.1
  2 -10.52830   5.74764   0.06021   o   0.539  1.018        12.8       258.2      6383.9
  3  -7.62786   2.58448  -0.19655   o   0.539  2.006        10.4       210.0      5192.2
  4 -11.32936   1.96461   0.33785   h   0.417  0.996         3.1        37.4       553.5
  5  -6.49044   4.02639  -0.41585   h   0.417  1.011         3.1        37.3       552.3

molecular C6(AA) [au] =       233.02

           DFT-D V3(BJ)
 DF tpss                                              
 parameters
 s6       :    1.0000
 s8       :    1.9435
 a1       :    0.4535
 a2       :    4.4752
 k1-k3    :   16.0000    1.3333   -4.0000
 
 Edisp /kcal,au:    -1.3887 -0.00221307

 E6    /kcal :    -0.7264
 E8    /kcal :    -0.6623
 % E8        : 47.69
 nuclear repulsion energy                  =      69.760422805
  DFT-D3 Energy contribution               =      -0.002213073
 nuclear repulsion + dispersion correction =      69.758209732


         -----------------
         -S,T+V- integrals
         -----------------

 1e-integrals will be neglected if expon. factor < 0.119356E-11
 
   Difference densities algorithm switched on.
   The maximal number of linear combinations of
   difference densities is                    20 .

 DIIS switched on: error vector is FDS-SDF
 Max. Iterations for DIIS is     :   4
 DIIS matrix (see manual) 
    Scaling factor of diagonals  :  1.200
    threshold for scaling factor :  0.000

 scf convergence criterion : increment of total energy < .1000000D-06
                  and increment of one-electron energy < .1000000D-03

 MOs are in ASCII format !

  missing closed shell occupation number declaration

 No input with occupation numbers/open-shell information found

 start vectors will be provided by an EHT guess

 The EHT guess will be determined for:
   molecular charge   :    0
   number of electrons:   24
   S_z eigenvalue     :    0
 
 virtual MOs provided and orthogonalized by Cholesky decomposition

 automatic virtual orbital shift switched on 
      shift if e(lumo)-e(homo) < 0.10000000    

  
           ------------------------
               RI-J - INFORMATION
           ------------------------
 Contributions to RI integral batches: 
  neglected integral batches:                    44
  direct contribution:                            0
  memory contribution:                  2101
 Memory core needed for (P|Q) and Cholesky      1 MByte
 Memory core minimum needed except of (P|Q)     1 MByte
 Total minimum memory core needed (sum)         1 MByte
  
 ****************************************
 Memory allocated for RI-J    63 MByte
 ****************************************
                                            

 dump of DSCF restart information has been disabled !


 Starting SCF iterations

          Overall gridpoints after grid construction =          7158

 ITERATION  ENERGY          1e-ENERGY        2e-ENERGY     NORM[dD(SAO)]  TOL
   1  -189.01601596528    -396.14644829     137.37222259    0.000D+00 0.119D-10
                            Exc = -23.4765473683     Coul =  160.848769959    
                              N = 23.999990585    
                            current damping = 0.700
 
          max. resid. norm for Fia-block=  3.908D-01 for orbital     11a         
          max. resid. fock norm         =  1.379D+01 for orbital    222a         

 ITERATION  ENERGY          1e-ENERGY        2e-ENERGY     NORM[dD(SAO)]  TOL
   2  -189.75939591620    -396.65639351     137.13878786    0.959D+00 0.806D-11
                            Exc = -23.2758786046     Coul =  160.414666466    
                              N = 24.000078385    
                            current damping = 0.650
 
          Norm of current diis error:  1.8982    
          max. resid. norm for Fia-block=  1.655D-01 for orbital      2a         
          max. resid. fock norm         =  2.840D-01 for orbital    114a         

 ITERATION  ENERGY          1e-ENERGY        2e-ENERGY     NORM[dD(SAO)]  TOL
   3  -189.85125528814    -397.66008316     138.05061814    0.364D+00 0.610D-11
                            Exc = -23.3839033781     Coul =  161.434521518    
                              N = 24.000102761    
                            current damping = 0.600
 
          Norm of current diis error: 0.83501    
          max. resid. norm for Fia-block=  6.549D-02 for orbital      2a         
          max. resid. fock norm         =  9.501D-02 for orbital    120a         

 ITERATION  ENERGY          1e-ENERGY        2e-ENERGY     NORM[dD(SAO)]  TOL
   4  -189.87504641086    -397.33702583     137.70376968    0.153D+00 0.509D-11
                            Exc = -23.3321429862     Coul =  161.035912671    
                              N = 24.000133980    
                            current damping = 0.650
 
          Norm of current diis error: 0.33356    
          max. resid. norm for Fia-block=  2.585D-02 for orbital      5a         
          max. resid. fock norm         =  4.759D-02 for orbital    186a         

 ITERATION  ENERGY          1e-ENERGY        2e-ENERGY     NORM[dD(SAO)]  TOL
   5  -189.87883488234    -397.62389897     137.98685436    0.496D-01 0.467D-11
                            Exc = -23.3689568745     Coul =  161.355811230    
                              N = 24.000132997    
                            current damping = 0.700
 
          Norm of current diis error: 0.18007    
          max. resid. norm for Fia-block=  1.023D-02 for orbital     12a         
          max. resid. fock norm         =  1.245D-02 for orbital    211a         
          mo-orthogonalization: Cholesky decomposition

 ITERATION  ENERGY          1e-ENERGY        2e-ENERGY     NORM[dD(SAO)]  TOL
   6  -189.87999539707    -397.59177932     137.95357419    0.242D-01 0.441D-11
                            Exc = -23.3616048719     Coul =  161.315179063    
                              N = 24.000146963    
                            current damping = 0.750
 
          Norm of current diis error: 0.88743E-01
          max. resid. norm for Fia-block=  5.006D-03 for orbital     10a         
          max. resid. fock norm         =  9.844D-03 for orbital    205a         

 ITERATION  ENERGY          1e-ENERGY        2e-ENERGY     NORM[dD(SAO)]  TOL
   7  -189.88024964069    -397.55544232     137.91698294    0.718D-02 0.429D-11
                            Exc = -23.3575110194     Coul =  161.274493963    
                              N = 24.000145904    
                            current damping = 0.600
 
          Norm of current diis error: 0.26831E-01
          max. resid. norm for Fia-block=  2.038D-03 for orbital      4a         
          max. resid. fock norm         =  3.155D-03 for orbital    112a         

 ITERATION  ENERGY          1e-ENERGY        2e-ENERGY     NORM[dD(SAO)]  TOL
   8  -189.88027740377    -397.57931918     137.94083205    0.163D-02 0.420D-11
                            Exc = -23.3610307233     Coul =  161.301862769    
                              N = 24.000146836    
                            current damping = 0.650
 
          Norm of current diis error: 0.11021E-01
          max. resid. norm for Fia-block=  6.662D-04 for orbital     10a         
          max. resid. fock norm         =  1.000D-03 for orbital    205a         

 ITERATION  ENERGY          1e-ENERGY        2e-ENERGY     NORM[dD(SAO)]  TOL
   9  -189.88028270378    -397.58137255     137.94288012    0.819D-03 0.415D-11
                            Exc = -23.3608699950     Coul =  161.303750112    
                              N = 24.000147075    
                            current damping = 0.500
 
          Norm of current diis error: 0.38422E-02
          max. resid. norm for Fia-block=  2.841D-04 for orbital      2a         
          max. resid. fock norm         =  5.074D-04 for orbital    154a         

 ITERATION  ENERGY          1e-ENERGY        2e-ENERGY     NORM[dD(SAO)]  TOL
  10  -189.88028319788    -397.57694025     137.93844732    0.160D-03 0.411D-11
                            Exc = -23.3604126339     Coul =  161.298859958    
                              N = 24.000147480    
                            current damping = 0.550
 
          Norm of current diis error: 0.26627E-02
          max. resid. norm for Fia-block=  1.576D-04 for orbital     11a         
          max. resid. fock norm         =  3.384D-04 for orbital    205a         
          mo-orthogonalization: Cholesky decomposition

 ITERATION  ENERGY          1e-ENERGY        2e-ENERGY     NORM[dD(SAO)]  TOL
  11  -189.88028333676    -397.57860983     137.94011676    0.389D-04 0.408D-11
                            Exc = -23.3606747784     Coul =  161.300791543    
                              N = 24.000147322    
                            current damping = 0.600
 
          Norm of current diis error: 0.19201E-02
          max. resid. norm for Fia-block=  8.629D-05 for orbital      6a         
          max. resid. fock norm         =  1.399D-04 for orbital    179a         

 ITERATION  ENERGY          1e-ENERGY        2e-ENERGY     NORM[dD(SAO)]  TOL
  12  -189.88028343064    -397.58071221     137.94221904    0.167D-04 0.404D-11
                            Exc = -23.3609058096     Coul =  161.303124854    
                              N = 24.000147396    
                            current damping = 0.450
 
          Norm of current diis error: 0.66290E-03
          max. resid. norm for Fia-block=  3.605D-05 for orbital      9a         
          max. resid. fock norm         =  3.929D-05 for orbital      9a         

 ITERATION  ENERGY          1e-ENERGY        2e-ENERGY     NORM[dD(SAO)]  TOL
  13  -189.88028344016    -397.57966672     137.94117355    0.512D-05 0.400D-11
                            Exc = -23.3607465499     Coul =  161.301920102    
                              N = 24.000147414    
                            current damping = 0.500
 
          Norm of current diis error: 0.39277E-03
          max. resid. norm for Fia-block=  1.563D-05 for orbital      7a         
          max. resid. fock norm         =  2.516D-05 for orbital    154a         

 ENERGY CONVERGED !

          Overall gridpoints after grid construction =         26243

 ITERATION  ENERGY          1e-ENERGY        2e-ENERGY     NORM[dD(SAO)]  TOL
  14  -189.88016088758    -397.57951791     137.94114729    0.215D-05 0.396D-11
                            Exc = -23.3606245789     Coul =  161.301771869    
                              N = 24.000003936    
                            current damping = 0.350
 
          Norm of current diis error: 0.10907E-03
          max. resid. norm for Fia-block=  4.872D-06 for orbital     12a         
          max. resid. fock norm         =  1.011D-05 for orbital    186a         

 End of SCF iterations

   convergence criteria satisfied after    14 iterations


                  ------------------------------------------ 
                 |  total energy      =   -189.88016088758  |
                  ------------------------------------------ 
                 :  kinetic energy    =    189.18190253675  :
                 :  potential energy  =   -379.06206342433  :
                 :  virial theorem    =      1.99632263662  :
                 :  wavefunction norm =      1.00000000000  :
                  .......................................... 


 <geterg> : there is no data group $energy 


 <skperg> : $end is missing 


 orbitals $scfmo  will be written to file mos

    irrep                  8a          9a         10a         11a         12a   
 eigenvalues H         -0.44689    -0.41019    -0.36926    -0.30055    -0.25683
            eV         -12.1605    -11.1619    -10.0481     -8.1785     -6.9887
 occupation              2.0000      2.0000      2.0000      2.0000      2.0000

    irrep                 13a         14a         15a         16a         17a   
 eigenvalues H         -0.04719     0.00830     0.04612     0.12186     0.14750
            eV          -1.2842      0.2257      1.2551      3.3161      4.0137
 
 
 
 
 ==============================================================================
                           electrostatic moments
 ==============================================================================

 reference point for electrostatic moments:    0.00000   0.00000   0.00000

 
              nuc           elec       ->  total
 ------------------------------------------------------------------------------
                          charge      
 ------------------------------------------------------------------------------
          24.000000     -24.000000      -0.000000
 
 ------------------------------------------------------------------------------
                       dipole moment  
 ------------------------------------------------------------------------------
   x    -223.009556     223.393523       0.383967
   y      93.850778     -94.294047      -0.443269
   z      -0.660826       0.628099      -0.032727
 
   | dipole moment | =     0.5874 a.u. =     1.4929 debye 
 
 ------------------------------------------------------------------------------
                     quadrupole moment
 ------------------------------------------------------------------------------
  xx    2121.524941   -2139.843984     -18.319044
  yy     412.717191    -430.939568     -18.222376
  zz       0.668143     -13.247765     -12.579622
  xy    -902.024023     910.430618       8.406595
  xz       0.720235      -0.749991      -0.029756
  yz      -0.511121       0.107580      -0.403541
 
     1/3  trace=     -16.373681
     anisotropy=      15.649255
 
 ==============================================================================
 
HOMO-LUMO Separation
 HOMO         :   -0.25682762 H =     -6.98864 eV
 LUMO         :   -0.04719486 H =     -1.28424 eV
 HOMO-LUMO gap:    0.20963276 H =     +5.70440 eV
 
 ==============================================================================


    ------------------------------------------------------------------------
         total  cpu-time :   7.26 seconds
         total wall-time :  13.72 seconds
    ------------------------------------------------------------------------

   ****  ridft : all done  ****


    2023-06-15 21:22:06.367 

