
  ========================================================================
                license information 
 Customer : 200000000058156
 ID       : LKO1924661

 License file is VALID, continuing with full version
  ========================================================================

   OpenMP run-time library returned nthreads =  2

 ridft (c04) : TURBOMOLE rev. V7-6 27 Oct 2021 at 10:11:12 compiled Oct 27th 2021
 Copyright (C) 2021 TURBOMOLE GmbH, Karlsruhe


    2023-06-15 21:21:52.719 



                                  r i d f t

                        DFT program with RI approximation 
                                for coulomb part 




                                                 
                                 References:     
                                                 
          TURBOMOLE:                             
              R. Ahlrichs, M. Baer, M. Haeser, H. Horn, and
              C. Koelmel
              Electronic structure calculations on workstation
              computers: the program system TURBOMOLE
              Chem. Phys. Lett. 162: 165 (1989)
          Density Functional:                              
              O. Treutler and R. Ahlrichs                      
              Efficient Molecular Numerical Integration Schemes
              J. Chem. Phys. 102: 346 (1995)                   
          Parallel Version:                                
              Performance of parallel TURBOMOLE for Density    
              Functional Calculations                          
              M. v. Arnim and R. Ahlrichs                      
              J. Comp. Chem. 19: 1746 (1998)                   
          RI-J Method:                                     
              Auxiliary Basis Sets to approximate Coulomb      
              Potentials                                       
              Chem. Phys. Lett. 240: 283 (1995)                
              K. Eichkorn, O. Treutler, H. Oehm, M. Haeser     
              and R. Ahlrichs                                  
              Chem. Phys. Lett. 242: 652 (1995)                
                                                           
              Auxiliary Basis Sets for Main Row Atoms and their
              Use to approximate Coulomb Potentials            
              K. Eichkorn, F. Weigend, O. Treutler and         
              R. Ahlrichs                                      
              Theo. Chem. Acc. 97: 119 (1997)                   
                                                           
              Accurate Coulomb-fitting basis sets for H to Rn 
              F. Weigend                                        
              Phys. Chem. Chem. Phys. 8: 1057 (2006)            
                                                           
          Multipole accelerated RI-J (MARI-J):             
              Fast evaluation of the Coulomb potential for     
              electron densities using multipole accelerated   
              resolution of identity approximation             
              M. Sierka, A. Hogekamp and R. Ahlrichs           
              J. Chem. Phys. 118: 9136 (2003)                  
          RI-JK Method:                                     
              A fully direct RI-HF algorithm: Implementation,
              optimised auxiliary basis sets, demonstration of
              accuracy and efficiency                         
              F. Weigend                                      
              Phys. Chem. Chem. Phys. 4: 4285 (2002)           
          Two-component HF and DFT with spin-orbit coupling:  
              Self-consistent treatment of spin-orbit         
              interactions with efficient Hartree-Fock and    
              density functional methods                      
              M. K. Armbruster, F. Weigend, C. van Wüllen and 
              W. Klopper                                      
              Phys. Chem. Chem. Phys. 10: 1748 (2008)         
          Two-component difference density and DIIS algorithm 
              Efficient two-component self-consistent field   
              procedures and gradients: implementation in     
              TURBOMOLE and application to Au20-              
              A. Baldes, F. Weigend                           
              Mol. Phys. 111: 2617 (2013)                     
          Relativistic all-electron 2c calculations           
              An efficient implementation of two-component    
              relativistic exact-decoupling methods for large 
              molecules                                       
              D. Peng, N. Middendorf, F. Weigend, M. Reiher   
              J. Chem. Phys. 138: 184105 (2013)               
          Finite nucleus model and SNSO approximation         
              Efficient implementation of one- and two-       
              component analytical energy gradients in exact  
              two-component theory                            
              Y. J. Franzke, N. Middendorf, F. Weigend        
              J. Chem. Phys. 148: 104110 (2018)               
          Grids for all-electron relativistic methods         
              Error-consistent segmented contracted all-      
              electron relativistic basis sets of double-     
              and triple-zeta quality for NMR shielding       
              constants                                       
              Y. J. Franzke, R. Tress, T. M. Pazdera,         
              F. Weigend                                      
              Phys. Chem. Chem. Phys. 21: 166658 (2019)       
          Seminumerical exchange algorithms                   
              Seminumerical calculation of the Hartree-Fock   
              exchange matirx: Application to two-component   
              procedures and efficient evaluation of local    
              hybrid functionsl                               
               P. Plessow, F. Weigend,                        
              J. Comput. Chem. 33: 810 (2012)                 
          Improved seminumerical algorithms                   
              C. Holzer,                                      
              J. Chem. Phys. 153 (2020), 184115               
                                         





          OpenMP Shared-Memory Parallelization:  2 CPUs.

            By: Christof Holzer and Yannick J. Franzke


              +--------------------------------------------------+
              |      general information about current run       |
              +--------------------------------------------------+

 

 DENSITY CONVERGENCE CHECK SWITCHED ON !
 SCF CONVERGENCE IF RMS(delta[D]) <     0.1000000000E-06

 A HF calculation using the RI-J approximation will be carried out.
 Allocatable memory for RI due to $ricore (MB):                   500


              +--------------------------------------------------+
              | Atomic coordinate, charge and isotop information |
              +--------------------------------------------------+

                    atomic coordinates            atom    charge  isotop
         -9.99007888    3.53381119    0.08465484    c      6.000     0
        -10.52829682    5.74763566    0.06020965    o      8.000     0
         -7.62786358    2.58447761   -0.19655375    o      8.000     0
        -11.32935918    1.96461150    0.33784956    h      1.000     0
         -6.49043994    4.02639327   -0.41585220    h      1.000     0
 
       center of nuclear mass  :   -9.30871367    3.94979222   -0.02701189
       center of nuclear charge:   -9.29206482    3.91044908   -0.02753444

  Keyword $basis  missing in file <control>

              read basis sets from /software/cluster/turbomole76/basen/
              (basis sets have been saved in file basis)

              +--------------------------------------------------+
              |               basis set information              |
              +--------------------------------------------------+

              we will work with the 1s 3p 5d 7f 9g ... basis set
              ...i.e. with spherical basis functions...

   type   atoms  prim   cont   basis
   ---------------------------------------------------------------------------
    c        1     34     14   cc-pVDZ   [3s2p1d|17s4p1d]
    o        2     34     14   cc-pVDZ   [3s2p1d|17s4p1d]
    h        2      7      5   cc-pVDZ   [2s1p|4s1p]
   ---------------------------------------------------------------------------
   total:    5    116     52
   ---------------------------------------------------------------------------

   total number of primitive shells          :   49
   total number of contracted shells         :   24
   total number of cartesian basis functions :   55
   total number of SCF-basis functions       :   52


 integral neglect threshold       :  0.61E-10
 integral storage threshold THIZE :  0.10E-04
 integral storage threshold THIME :         5

 RI-J AUXILIARY BASIS SET information:

              assign orbital basis set names as defaults
              read basis sets from /software/cluster/turbomole76/jbasen/
              (basis sets have been saved in file auxbasis)

              we will work with the 1s 3p 5d 7f 9g ... basis set
              ...i.e. with spherical basis functions...

   type   atoms  prim   cont   basis
   ---------------------------------------------------------------------------
    c        1     70     49   cc-pVDZ   [6s4p3d1f1g|12s5p4d2f1g]
    o        2     70     49   cc-pVDZ   [6s4p3d1f1g|12s5p4d2f1g]
    h        2     16     11   cc-pVDZ   [3s1p1d|5s2p1d]
   ---------------------------------------------------------------------------
   total:    5    242    169
   ---------------------------------------------------------------------------

   total number of primitive shells          :   56
   total number of contracted shells         :   55
   total number of cartesian basis functions :  207
   total number of SCF-basis functions       :  169


 symmetry group of the molecule :   c1 

 the group has the following generators :
   c1(z)

    1 symmetry operations found

 there are 1 real representations :   a   

 maximum number of shells which are related by symmetry :  1


 biggest AO integral is expected to be     4.738267915

          ------------------------
          nuclear repulsion energy  :   69.7604228050    
          ------------------------


         -----------------
         -S,T+V- integrals
         -----------------

 1e-integrals will be neglected if expon. factor < 0.607629E-11
 
   Difference densities algorithm switched on.
   The maximal number of linear combinations of
   difference densities is                    20 .

 DIIS switched on: error vector is FDS-SDF
 Max. Iterations for DIIS is     :   5
 DIIS matrix (see manual) 
    Scaling factor of diagonals  :  1.200
    threshold for scaling factor :  0.000

 scf convergence criterion : increment of total energy < .1000000D-06
                  and increment of one-electron energy < .1000000D-03

 MOs are in ASCII format !

  missing closed shell occupation number declaration

 No input with occupation numbers/open-shell information found

 start vectors will be provided by an EHT guess

 The EHT guess will be determined for:
   molecular charge   :    0
   number of electrons:   24
   S_z eigenvalue     :    0
 
 virtual MOs provided and orthogonalized by Cholesky decomposition

 automatic virtual orbital shift switched on 
      shift if e(lumo)-e(homo) < 0.10000000    

  
           ------------------------
               RI-J - INFORMATION
           ------------------------
 Contributions to RI integral batches: 
  neglected integral batches:                     0
  direct contribution:                            0
  memory contribution:                   300
 Memory core needed for (P|Q) and Cholesky      1 MByte
 Memory core minimum needed except of (P|Q)     1 MByte
 Total minimum memory core needed (sum)         1 MByte
  
 ****************************************
 Memory allocated for RI-J     3 MByte
 ****************************************
                                            

 dump of DSCF restart information has been disabled !


 Starting SCF iterations


 ITERATION  ENERGY          1e-ENERGY        2e-ENERGY     RMS[dD(SAO)]   TOL
   1  -187.99006362521    -396.07674670     138.32626026    0.000D+00 0.606D-10
                            exK = -22.4812710191     Coul =  160.807531284    
                            current damping = 0.300
 
          max. resid. norm for Fia-block=  3.878D-01 for orbital     11a         
          max. resid. fock norm         =  1.354D+00 for orbital     18a         

 ITERATION  ENERGY          1e-ENERGY        2e-ENERGY     RMS[dD(SAO)]   TOL
   2  -188.72352763790    -396.41386545     137.92991501    0.226D-01 0.402D-10
                            current damping = 0.250
 
          Norm of current diis error: 0.64468    
          max. resid. norm for Fia-block=  1.212D-01 for orbital      2a         
          max. resid. fock norm         =  2.105D-01 for orbital     38a         

 ITERATION  ENERGY          1e-ENERGY        2e-ENERGY     RMS[dD(SAO)]   TOL
   3  -188.77107816099    -397.33955965     138.80805869    0.644D-02 0.331D-10
                            current damping = 0.200
 
          Norm of current diis error: 0.21324    
          max. resid. norm for Fia-block=  3.657D-02 for orbital     10a         
          max. resid. fock norm         =  4.063D-02 for orbital     22a         

 ITERATION  ENERGY          1e-ENERGY        2e-ENERGY     RMS[dD(SAO)]   TOL
   4  -188.77911749233    -397.17634343     138.63680313    0.314D-02 0.286D-10
                            current damping = 0.250
 
          Norm of current diis error: 0.70779E-01
          max. resid. norm for Fia-block=  1.435D-02 for orbital     10a         
          max. resid. fock norm         =  1.979D-02 for orbital     10a         

 ITERATION  ENERGY          1e-ENERGY        2e-ENERGY     RMS[dD(SAO)]   TOL
   5  -188.78004487963    -397.25609256     138.71562488    0.108D-02 0.264D-10
                            current damping = 0.300
 
          Norm of current diis error: 0.22412E-01
          max. resid. norm for Fia-block=  5.118D-03 for orbital     10a         
          max. resid. fock norm         =  5.234D-03 for orbital     10a         
          mo-orthogonalization: Cholesky decomposition

 ITERATION  ENERGY          1e-ENERGY        2e-ENERGY     RMS[dD(SAO)]   TOL
   6  -188.78018582051    -397.26313230     138.72252368    0.428D-03 0.248D-10
                            current damping = 0.150
 
          Norm of current diis error: 0.10539E-01
          max. resid. norm for Fia-block=  3.021D-03 for orbital     10a         
          max. resid. fock norm         =  3.623D-03 for orbital     10a         

 ITERATION  ENERGY          1e-ENERGY        2e-ENERGY     RMS[dD(SAO)]   TOL
   7  -188.78022173733    -397.26037595     138.71973141    0.226D-03 0.233D-10
                            current damping = 0.200
 
          Norm of current diis error: 0.41946E-02
          max. resid. norm for Fia-block=  1.435D-03 for orbital     11a         
          max. resid. fock norm         =  1.512D-03 for orbital     11a         

 ITERATION  ENERGY          1e-ENERGY        2e-ENERGY     RMS[dD(SAO)]   TOL
   8  -188.78022972269    -397.26341323     138.72276071    0.107D-03 0.220D-10
                            current damping = 0.250
 
          Norm of current diis error: 0.19439E-02
          max. resid. norm for Fia-block=  6.450D-04 for orbital     11a         
          max. resid. fock norm         =  6.519D-04 for orbital     10a         

 ITERATION  ENERGY          1e-ENERGY        2e-ENERGY     RMS[dD(SAO)]   TOL
   9  -188.78023141080    -397.26290401     138.72224980    0.503D-04 0.207D-10
                            current damping = 0.300
 
          Norm of current diis error: 0.78745E-03
          max. resid. norm for Fia-block=  3.517D-04 for orbital     11a         
          max. resid. fock norm         =  3.566D-04 for orbital     11a         

 ITERATION  ENERGY          1e-ENERGY        2e-ENERGY     RMS[dD(SAO)]   TOL
  10  -188.78023173928    -397.26294169     138.72228715    0.232D-04 0.196D-10
                            current damping = 0.350
 
          Norm of current diis error: 0.34362E-03
          max. resid. norm for Fia-block=  1.460D-04 for orbital     11a         
          max. resid. fock norm         =  1.461D-04 for orbital     11a         
          mo-orthogonalization: Cholesky decomposition

 ITERATION  ENERGY          1e-ENERGY        2e-ENERGY     RMS[dD(SAO)]   TOL
  11  -188.78023179674    -397.26297430     138.72231970    0.102D-04 0.187D-10
                            current damping = 0.200
 
          Norm of current diis error: 0.13602E-03
          max. resid. norm for Fia-block=  6.118D-05 for orbital     11a         
          max. resid. fock norm         =  6.160D-05 for orbital     11a         

 ITERATION  ENERGY          1e-ENERGY        2e-ENERGY     RMS[dD(SAO)]   TOL
  12  -188.78023180621    -397.26293605     138.72228144    0.451D-05 0.179D-10
                            current damping = 0.250
 
          Norm of current diis error: 0.52111E-04
          max. resid. norm for Fia-block=  2.035D-05 for orbital     12a         
          max. resid. fock norm         =  2.272D-05 for orbital     12a         

 ENERGY & DENSITY CONVERGED !


 ITERATION  ENERGY          1e-ENERGY        2e-ENERGY     RMS[dD(SAO)]   TOL
  13  -188.78023180716    -397.26294676     138.72229215    0.156D-05 0.173D-10
                            current damping = 0.300
 
          Norm of current diis error: 0.18552E-04
          max. resid. norm for Fia-block=  5.221D-06 for orbital     11a         
          max. resid. fock norm         =  5.833D-06 for orbital     13a         

 End of SCF iterations

   convergence criteria satisfied after    13 iterations


                  ------------------------------------------ 
                 |  total energy      =   -188.78023180716  |
                  ------------------------------------------ 
                 :  kinetic energy    =    188.49134475921  :
                 :  potential energy  =   -377.27157656637  :
                 :  virial theorem    =      1.99846971770  :
                 :  wavefunction norm =      1.00000000000  :
                  .......................................... 


 <geterg> : there is no data group $energy 


 orbitals $scfmo  will be written to file mos

    irrep                  8a          9a         10a         11a         12a   
 eigenvalues H         -0.70471    -0.62652    -0.59667    -0.48738    -0.46558
            eV         -19.1762    -17.0485    -16.2363    -13.2624    -12.6691
 occupation              2.0000      2.0000      2.0000      2.0000      2.0000

    irrep                 13a         14a         15a         16a         17a   
 eigenvalues H          0.17222     0.18438     0.21471     0.40090     0.44091
            eV           4.6863      5.0174      5.8426     10.9092     11.9980
 
 
 
 
 ==============================================================================
                           electrostatic moments
 ==============================================================================

 reference point for electrostatic moments:    0.00000   0.00000   0.00000

 
              nuc           elec       ->  total
 ------------------------------------------------------------------------------
                          charge      
 ------------------------------------------------------------------------------
          24.000000     -24.000000      -0.000000
 
 ------------------------------------------------------------------------------
                       dipole moment  
 ------------------------------------------------------------------------------
   x    -223.009556     223.353911       0.344356
   y      93.850778     -94.370188      -0.519410
   z      -0.660826       0.636844      -0.023982
 
   | dipole moment | =     0.6237 a.u. =     1.5852 debye 
 
 ------------------------------------------------------------------------------
                     quadrupole moment
 ------------------------------------------------------------------------------
  xx    2121.524941   -2138.991470     -17.466530
  yy     412.717191    -431.508880     -18.791689
  zz       0.668143     -12.963750     -12.295607
  xy    -902.024023     911.468667       9.444644
  xz       0.720235      -0.828020      -0.107785
  yz      -0.511121       0.089077      -0.422045
 
     1/3  trace=     -16.184609
     anisotropy=      17.421822
 
 ==============================================================================
 
HOMO-LUMO Separation
 HOMO         :   -0.46557833 H =    -12.66904 eV
 LUMO         :    0.17221746 H =     +4.68628 eV
 HOMO-LUMO gap:    0.63779579 H =    +17.35532 eV
 
 ==============================================================================


    ------------------------------------------------------------------------
         total  cpu-time :   2.26 seconds
         total wall-time :   5.54 seconds
    ------------------------------------------------------------------------

   ****  ridft : all done  ****


    2023-06-15 21:21:58.188 

