
  ========================================================================
                license information 
 Customer : 200000000058156
 ID       : LKO1924661

 License file is VALID, continuing with full version
  ========================================================================

   OpenMP run-time library returned nthreads =  2

 dscf (c04) : TURBOMOLE rev. V7-6 27 Oct 2021 at 10:11:12 compiled Oct 27th 2021
 Copyright (C) 2021 TURBOMOLE GmbH, Karlsruhe


    2023-06-16 10:26:50.092 



                             d s c f - program

                   idea & directorship : reinhart ahlrichs
                   program development : marco haeser
                                         michael baer
                           dft version : oliver treutler


                          quantum chemistry group
                          universitaet  karlsruhe
                                  germany



   *-----------------------------------------------------------------------*
   |                     program will use  2 thread(s)                     |
   *-----------------------------------------------------------------------*


              +--------------------------------------------------+
              | Atomic coordinate, charge and isotop information |
              +--------------------------------------------------+

                    atomic coordinates            atom    charge  isotop
         -9.83015863    2.39701548    0.00000000    c      6.000     0
        -10.00618478   -0.26447321    0.00000000    c      6.000     0
         -7.46084959    3.57477747    0.00000000    c      6.000     0
         -5.28798507    2.06008940    0.00000000    c      6.000     0
         -5.49138302   -0.62402495    0.00000000    c      6.000     0
         -7.85596556   -1.81558349    0.00000000    c      6.000     0
         -2.57747972    2.70001788    0.00000000    c      6.000     0
         -1.28267112    0.19100423    0.00000000    c      6.000     0
         -3.08708153   -1.68877475    0.00000000    n      7.000     0
         -1.48464610    4.77099153    0.00000000    o      8.000     0
          1.28267112   -0.19100423    0.00000000    c      6.000     0
          3.08708153    1.68877475    0.00000000    n      7.000     0
          5.49138302    0.62402495    0.00000000    c      6.000     0
          5.28798507   -2.06008940    0.00000000    c      6.000     0
          2.57747972   -2.70001788    0.00000000    c      6.000     0
          1.48464610   -4.77099153    0.00000000    o      8.000     0
          7.85596556    1.81558349    0.00000000    c      6.000     0
         10.00618478    0.26447321    0.00000000    c      6.000     0
          9.83015863   -2.39701548    0.00000000    c      6.000     0
          7.46084959   -3.57477747    0.00000000    c      6.000     0
        -11.55673856    3.53438848    0.00000000    h      1.000     0
        -11.87540358   -1.15404488    0.00000000    h      1.000     0
         -7.27470806    5.63469468    0.00000000    h      1.000     0
         -8.02322905   -3.87678238    0.00000000    h      1.000     0
         -2.59803363   -3.55589572    0.00000000    h      1.000     0
          2.59803363    3.55589572    0.00000000    h      1.000     0
          8.02322905    3.87678238    0.00000000    h      1.000     0
         11.87540358    1.15404488    0.00000000    h      1.000     0
         11.55673856   -3.53438848    0.00000000    h      1.000     0
          7.27470806   -5.63469468    0.00000000    h      1.000     0
 
       center of nuclear mass  :   -0.00000000    0.00000000    0.00000000
       center of nuclear charge:   -0.00000000    0.00000000    0.00000000

              +--------------------------------------------------+
              |               basis set information              |
              +--------------------------------------------------+

              we will work with the 1s 3p 5d 7f 9g ... basis set
              ...i.e. with spherical basis functions...

   type   atoms  prim   cont   basis
   ---------------------------------------------------------------------------
    c       16     24     14   def2-SVP   [3s2p1d|7s4p1d]
    n        2     24     14   def2-SVP   [3s2p1d|7s4p1d]
    o        2     24     14   def2-SVP   [3s2p1d|7s4p1d]
    h       10      7      5   def2-SVP   [2s1p|4s1p]
   ---------------------------------------------------------------------------
   total:   30    550    330
   ---------------------------------------------------------------------------

   total number of primitive shells          :   41
   total number of contracted shells         :  150
   total number of cartesian basis functions :  350
   total number of SCF-basis functions       :  330


 integral neglect threshold       :  0.95E-11
 integral storage threshold THIZE :  0.10E-04
 integral storage threshold THIME :         5


 symmetry group of the molecule :   c2h

 the group has the following generators :
   c2(z)
   mirror plane sigma(xy)

    4 symmetry operations found

 there are 4 real representations :   ag   bg   au   bu  

 maximum number of shells which are related by symmetry :  2


          ------------------------
          nuclear repulsion energy  :   1372.80128280    
          ------------------------

 
  >>> data block $dft is missing ! <<<
  >>>   default values are used    <<<
 
  _________________________________
 |                                 |
 |         DFTD3 V3.1 Rev 0        |
 | S.Grimme, University Bonn       |
 |            June  2014           |
 |   see standalone version        |
 |       dftd3 -h for options      |
 |_________________________________|
 
 Please cite DFT-D3 work done with this code as:
 S. Grimme, J. Antony, S. Ehrlich and H. Krieg,
 J. Chem. Phys, 132 (2010), 154104.
 If used with BJ-damping cite also
 S. Grimme, S. Ehrlich and L. Goerigk,
 J. Comput. Chem. 32 (2011), 1456-1465
 For DFT-D2 the reference is
 S. Grimme, J. Comput. Chem., 27 (2006), 1787-1799
 
C6 coefficients used:
                     2  C6 for element                      1
Z=  1 CN= 0.912     C6(AA)=    3.03
Z=  1 CN= 0.000     C6(AA)=    7.59
                     5  C6 for element                      6
Z=  6 CN= 0.000     C6(AA)=   49.11
Z=  6 CN= 0.987     C6(AA)=   43.25
Z=  6 CN= 1.998     C6(AA)=   29.36
Z=  6 CN= 2.999     C6(AA)=   25.78
Z=  6 CN= 3.984     C6(AA)=   18.21
                     4  C6 for element                      7
Z=  7 CN= 0.000     C6(AA)=   25.27
Z=  7 CN= 0.994     C6(AA)=   22.12
Z=  7 CN= 2.014     C6(AA)=   19.68
Z=  7 CN= 2.990     C6(AA)=   15.58
                     3  C6 for element                      8
Z=  8 CN= 0.000     C6(AA)=   15.51
Z=  8 CN= 0.993     C6(AA)=   12.82
Z=  8 CN= 1.989     C6(AA)=   10.37

#           XYZ [au]              R0(AA) [Ang.]  CN          C6(AA)     C8(AA)   C10(AA) [au]
  1  -9.83016   2.39702   0.00000   c   0.482  3.118        25.4       734.1     26009.8
  2 -10.00618  -0.26447   0.00000   c   0.482  3.129        25.3       733.0     25970.6
  3  -7.46085   3.57478   0.00000   c   0.482  3.129        25.3       733.0     25970.9
  4  -5.28799   2.06009   0.00000   c   0.482  3.305        24.2       701.0     24834.1
  5  -5.49138  -0.62402   0.00000   c   0.482  3.351        23.7       686.3     24315.4
  6  -7.85597  -1.81558   0.00000   c   0.482  3.125        25.4       733.5     25987.3
  7  -2.57748   2.70002   0.00000   c   0.482  3.204        25.0       723.2     25624.1
  8  -1.28267   0.19100   0.00000   c   0.482  3.314        24.1       698.4     24743.2
  9  -3.08708  -1.68877   0.00000   n   0.421  3.206        15.6       344.1      9298.9
 10  -1.48465   4.77099   0.00000   o   0.402  1.044        12.8       257.8      6373.6
 11   1.28267  -0.19100   0.00000   c   0.482  3.314        24.1       698.4     24743.2
 12   3.08708   1.68877   0.00000   n   0.421  3.206        15.6       344.1      9298.9
 13   5.49138   0.62402   0.00000   c   0.482  3.351        23.7       686.3     24315.4
 14   5.28799  -2.06009   0.00000   c   0.482  3.305        24.2       701.0     24834.1
 15   2.57748  -2.70002   0.00000   c   0.482  3.204        25.0       723.2     25624.1
 16   1.48465  -4.77099   0.00000   o   0.402  1.044        12.8       257.8      6373.6
 17   7.85597   1.81558   0.00000   c   0.482  3.125        25.4       733.5     25987.3
 18  10.00618   0.26447   0.00000   c   0.482  3.129        25.3       733.0     25970.6
 19   9.83016  -2.39702   0.00000   c   0.482  3.118        25.4       734.1     26009.8
 20   7.46085  -3.57478   0.00000   c   0.482  3.129        25.3       733.0     25970.9
 21 -11.55674   3.53439   0.00000   h   0.311  1.001         3.1        37.4       553.2
 22 -11.87540  -1.15404   0.00000   h   0.311  1.001         3.1        37.4       553.1
 23  -7.27471   5.63469   0.00000   h   0.311  1.001         3.1        37.4       553.1
 24  -8.02323  -3.87678   0.00000   h   0.311  1.001         3.1        37.4       553.2
 25  -2.59803  -3.55590   0.00000   h   0.311  1.008         3.1        37.3       552.6
 26   2.59803   3.55590   0.00000   h   0.311  1.008         3.1        37.3       552.6
 27   8.02323   3.87678   0.00000   h   0.311  1.001         3.1        37.4       553.2
 28  11.87540   1.15404   0.00000   h   0.311  1.001         3.1        37.4       553.1
 29  11.55674  -3.53439   0.00000   h   0.311  1.001         3.1        37.4       553.2
 30   7.27471  -5.63469   0.00000   h   0.311  1.001         3.1        37.4       553.1

molecular C6(AA) [au] =     12568.88

           DFT-D V3(BJ)
 DF hf                                                
 parameters
 s6       :    1.0000
 s8       :    0.9171
 a1       :    0.3385
 a2       :    2.8830
 k1-k3    :   16.0000    1.3333   -4.0000
 
 Edisp /kcal,au:  -178.6825 -0.28474861

 E6    /kcal :   -87.1829
 E8    /kcal :   -91.4996
 % E8        : 51.21
 nuclear repulsion energy                  =    1372.801282796
  DFT-D3 Energy contribution               =      -0.284748611
 nuclear repulsion + dispersion correction =    1372.516534184


         -----------------
         -S,T+V- integrals
         -----------------

 1e-integrals will be neglected if expon. factor < 0.954846E-12
 
   Difference densities algorithm switched on.
   The maximal number of linear combinations of
   difference densities is                    20 .

 DIIS switched on: error vector is FDS-SDF
 Max. Iterations for DIIS is     :   5
 DIIS matrix (see manual) 
    Scaling factor of diagonals  :  1.200
    threshold for scaling factor :  0.000

 scf convergence criterion : increment of total energy < .1000000D-06
                  and increment of one-electron energy < .1000000D-03

 MOs are in ASCII format !


    mo occupation :
   irrep   mo's   occupied
    ag     120       29
    bg      45        5
    au      45        6
    bu     120       28
 
 number of basis functions   :   330
 number of occupied orbitals :    68
 

 reading orbital data $scfmo  from file mos
 orbital characterization : expanded
 virtual MOs provided and orthogonalized by Cholesky decomposition

 automatic virtual orbital shift switched on 
      shift if e(lumo)-e(homo) < 0.10000000    


 DSCF restart information will be dumped onto file mos

 
                                              current damping :  0.300
 ITERATION  ENERGY          1e-ENERGY        2e-ENERGY     NORM[dD(SAO)]  TOL
   1  -866.86413557712    -3882.7964467     1643.4157769    0.000D+00 0.952D-11
          max. resid. norm for Fia-block=  3.407D-01 for orbital     19ag        
          max. resid. fock norm         =  1.272D+00 for orbital     48bu        
          Delta Eig. =    46.4427839365 eV 
 
                                              current damping :  0.250
 ITERATION  ENERGY          1e-ENERGY        2e-ENERGY     NORM[dD(SAO)]  TOL
   2  -869.62558655742    -3904.5297508     1662.3876301    0.270D+01 0.606D-11
          Norm of current diis error:  1.7501    
          max. resid. norm for Fia-block=  1.268D-01 for orbital      1bu        
          max. resid. fock norm         =  3.070D-01 for orbital    119ag        
          Delta Eig. =    15.5897999322 eV 
 
                                              current damping :  0.150
 ITERATION  ENERGY          1e-ENERGY        2e-ENERGY     NORM[dD(SAO)]  TOL
   3  -869.91113943817    -3907.5694220     1665.1417484    0.102D+01 0.516D-11
          Norm of current diis error: 0.67857    
          max. resid. norm for Fia-block=  4.510D-02 for orbital      6au        
          max. resid. fock norm         =  5.700D-02 for orbital     29ag        
          Delta Eig. =     4.8777627899 eV 
 
                                              current damping :  0.100
 ITERATION  ENERGY          1e-ENERGY        2e-ENERGY     NORM[dD(SAO)]  TOL
   4  -869.97349017921    -3908.8476891     1666.3576647    0.541D+00 0.441D-11
          Norm of current diis error: 0.19112    
          max. resid. norm for Fia-block=  1.717D-02 for orbital     11bu        
          max. resid. fock norm         =  2.828D-02 for orbital     11ag        
          Delta Eig. =     2.0688273364 eV 
 
                                              current damping :  0.100
 ITERATION  ENERGY          1e-ENERGY        2e-ENERGY     NORM[dD(SAO)]  TOL
   5  -869.97964222893    -3909.1293625     1666.6331861    0.135D+00 0.419D-11
          Norm of current diis error: 0.49232E-01
          max. resid. norm for Fia-block=  6.350D-03 for orbital      6au        
          max. resid. fock norm         =  7.083D-03 for orbital      6au        
 mo-orthogonalization: Cholesky decomposition
          Delta Eig. =     0.2202522009 eV 
 
                                              current damping :  0.100
 ITERATION  ENERGY          1e-ENERGY        2e-ENERGY     NORM[dD(SAO)]  TOL
   6  -869.98042346943    -3909.2174096     1666.7204519    0.360D-01 0.396D-11
          Norm of current diis error: 0.22070E-01
          max. resid. norm for Fia-block=  3.091D-03 for orbital      6au        
          max. resid. fock norm         =  3.267D-03 for orbital      6au        
          Delta Eig. =     0.1471078883 eV 
 
                                              current damping :  0.150
 ITERATION  ENERGY          1e-ENERGY        2e-ENERGY     NORM[dD(SAO)]  TOL
   7  -869.98061182789    -3909.1973377     1666.7001917    0.143D-01 0.376D-11
          Norm of current diis error: 0.10409E-01
          max. resid. norm for Fia-block=  2.011D-03 for orbital      6au        
          max. resid. fock norm         =  2.095D-03 for orbital      6au        
          Delta Eig. =     0.0769719259 eV 
 
                                              current damping :  0.200
 ITERATION  ENERGY          1e-ENERGY        2e-ENERGY     NORM[dD(SAO)]  TOL
   8  -869.98066857883    -3909.2164930     1666.7192902    0.496D-02 0.354D-11
          Norm of current diis error: 0.44419E-02
          max. resid. norm for Fia-block=  1.062D-03 for orbital      6au        
          max. resid. fock norm         =  1.077D-03 for orbital      6au        
          Delta Eig. =     0.0152118007 eV 
 
                                              current damping :  0.250
 ITERATION  ENERGY          1e-ENERGY        2e-ENERGY     NORM[dD(SAO)]  TOL
   9  -869.98068148017    -3909.2105802     1666.7133645    0.127D-02 0.336D-11
          Norm of current diis error: 0.19642E-02
          max. resid. norm for Fia-block=  4.423D-04 for orbital      6au        
          max. resid. fock norm         =  4.458D-04 for orbital      6au        
          Delta Eig. =     0.0093546026 eV 
 
                                              current damping :  0.300
 ITERATION  ENERGY          1e-ENERGY        2e-ENERGY     NORM[dD(SAO)]  TOL
  10  -869.98068384735    -3909.2116409     1666.7144228    0.561D-03 0.323D-11
          Norm of current diis error: 0.84915E-03
          max. resid. norm for Fia-block=  1.720D-04 for orbital      6au        
          max. resid. fock norm         =  1.757D-04 for orbital     29ag        
 mo-orthogonalization: Cholesky decomposition
          Delta Eig. =     0.0037363778 eV 
 
                                              current damping :  0.350
 ITERATION  ENERGY          1e-ENERGY        2e-ENERGY     NORM[dD(SAO)]  TOL
  11  -869.98068428251    -3909.2105734     1666.7133550    0.183D-03 0.313D-11
          Norm of current diis error: 0.41061E-03
          max. resid. norm for Fia-block=  7.647D-05 for orbital      5bg        
          max. resid. fock norm         =  8.161D-05 for orbital      7au        
          Delta Eig. =     0.0010255539 eV 
 
                                              current damping :  0.400
 ITERATION  ENERGY          1e-ENERGY        2e-ENERGY     NORM[dD(SAO)]  TOL
  12  -869.98068437782    -3909.2106817     1666.7134631    0.544D-04 0.303D-11
          Norm of current diis error: 0.22638E-03
          max. resid. norm for Fia-block=  5.309D-05 for orbital      5bg        
          max. resid. fock norm         =  5.340D-05 for orbital      5bg        
          Delta Eig. =     0.0010517353 eV 
 
                                              current damping :  0.450
 ITERATION  ENERGY          1e-ENERGY        2e-ENERGY     NORM[dD(SAO)]  TOL
  13  -869.98068440770    -3909.2103876     1666.7131690    0.250D-04 0.293D-11
          Norm of current diis error: 0.12043E-03
          max. resid. norm for Fia-block=  2.877D-05 for orbital      5bg        
          max. resid. fock norm         =  2.885D-05 for orbital      5bg        
          Delta Eig. =     0.0002253261 eV 

 ENERGY CONVERGED !

 
                                              current damping :  0.500
 ITERATION  ENERGY          1e-ENERGY        2e-ENERGY     NORM[dD(SAO)]  TOL
  14  -869.98068441623    -3909.2104150     1666.7131964    0.744D-05 0.282D-11
          max. resid. norm for Fia-block=  8.655D-06 for orbital      5bg        
          max. resid. fock norm         =  8.736D-06 for orbital      5bg        

 convergence criteria satisfied after    14 iterations


                  ------------------------------------------ 
                 |  total energy      =   -869.98068441623  |
                  ------------------------------------------ 
                 :  kinetic energy    =    865.04260809654  :
                 :  potential energy  =  -1735.02329251277  :
                 :  virial theorem    =      1.99432392419  :
                 :  wavefunction norm =      1.00000000000  :
                  .......................................... 


 <geterg> : there is no data group $energy 


 <skperg> : $end is missing 


 orbitals $scfmo  will be written to file mos

    irrep                 25ag        26ag        27ag        28ag        29ag  
 eigenvalues H         -0.61275    -0.60548    -0.54168    -0.51997    -0.42073
            eV         -16.6740    -16.4761    -14.7400    -14.1493    -11.4487
 occupation              2.0000      2.0000      2.0000      2.0000      2.0000

    irrep                 30ag        31ag        32ag        33ag        34ag  
 eigenvalues H          0.18148     0.20822     0.23070     0.25438     0.26976
            eV           4.9383      5.6660      6.2776      6.9221      7.3407

    irrep                  1bg         2bg         3bg         4bg         5bg  
 eigenvalues H         -0.59420    -0.52712    -0.47927    -0.36210    -0.32007
            eV         -16.1691    -14.3438    -13.0418     -9.8534     -8.7095
 occupation              2.0000      2.0000      2.0000      2.0000      2.0000

    irrep                  6bg         7bg         8bg         9bg        10bg  
 eigenvalues H          0.00986     0.12486     0.15741     0.31563     0.35885
            eV           0.2683      3.3976      4.2834      8.5888      9.7649

    irrep                  2au         3au         4au         5au         6au  
 eigenvalues H         -0.51823    -0.50130    -0.37140    -0.35655    -0.27707
            eV         -14.1020    -13.6412    -10.1064     -9.7022     -7.5395
 occupation              2.0000      2.0000      2.0000      2.0000      2.0000

    irrep                  7au         8au         9au        10au        11au  
 eigenvalues H          0.08096     0.13990     0.22604     0.36005     0.65475
            eV           2.2029      3.8069      6.1510      9.7975     17.8169

    irrep                 24bu        25bu        26bu        27bu        28bu  
 eigenvalues H         -0.62045    -0.61512    -0.54575    -0.51981    -0.44895
            eV         -16.8835    -16.7383    -14.8508    -14.1448    -12.2167
 occupation              2.0000      2.0000      2.0000      2.0000      2.0000

    irrep                 29bu        30bu        31bu        32bu        33bu  
 eigenvalues H          0.18190     0.20711     0.23011     0.24376     0.27081
            eV           4.9497      5.6358      6.2618      6.6331      7.3693
 
 
 
 
 ==============================================================================
                           electrostatic moments
 ==============================================================================

 reference point for electrostatic moments:    0.00000   0.00000   0.00000

 
              nuc           elec       ->  total
 ------------------------------------------------------------------------------
                          charge      
 ------------------------------------------------------------------------------
         136.000000    -136.000000      -0.000000
 
 ------------------------------------------------------------------------------
                       dipole moment  
 ------------------------------------------------------------------------------
   x      -0.000000      -0.000000      -0.000000
   y       0.000000       0.000000       0.000000
   z       0.000000       0.000000       0.000000
 
   | dipole moment | =     0.0000 a.u. =     0.0000 debye 
 
 ------------------------------------------------------------------------------
                     quadrupole moment
 ------------------------------------------------------------------------------
  xx    5532.456687   -5593.399810     -60.943123
  yy     956.831424   -1045.229580     -88.398156
  zz       0.000000     -90.468162     -90.468162
  xy    -671.870147     675.242766       3.372619
  xz       0.000000       0.000000       0.000000
  yz       0.000000       0.000000       0.000000
 
     1/3  trace=     -79.936480
     anisotropy=      29.137940
 
 ==============================================================================
 
HOMO-LUMO Separation
 HOMO         :   -0.27707093 H =     -7.53949 eV
 LUMO         :    0.00985904 H =     +0.26828 eV
 HOMO-LUMO gap:    0.28692997 H =     +7.80777 eV
 
 ==============================================================================


    ------------------------------------------------------------------------
         total  cpu-time :  1 minutes and 13 seconds
         total wall-time :  37.05 seconds
    ------------------------------------------------------------------------

   ****  dscf : all done  ****


    2023-06-16 10:27:26.978 

 dscf ended normally
