
   OpenMP run-time library returned nthreads =  2

 escf (c04) : TURBOMOLE rev. V7-6 27 Oct 2021 at 10:11:12 compiled Oct 27th 2021
 Copyright (C) 2021 TURBOMOLE GmbH, Karlsruhe


    2023-06-16 10:29:09.356 




                                e s c f

                             TURBOMOLE GmbH


          integral direct evaluation of 

                    * excitation energies and transition moments 
                    * dynamic response properties 
                    * stabilities



          OpenMP Shared-Memory Parallelization:  2 CPUs.

            By: Erik P. Almaraz and Filipp Furche
            Copyright 2009-2011 by UCI and TURBOMOLE GmbH.

            Revised by: Christof Holzer and Yannick J. Franzke



          references (see also programs dscf and ridft) 

          implementation and benchmarks (review) 
          F. Furche and D. Rappoport,  
          "Density functional methods for excited states: 
          equilibrium structure and electronic spectra",
          ch. III of "Computational Photochemistry", ed. by 
          M. Olivucci, vol. 16 of "Theoretical and Computational 
          Chemistry", Elsevier, Amsterdam, 2005.

          Bethe-Salpeter equation
          K. Krause and W. Klopper,
          J. Comput. Chem. 38 (2017) 383.

          2c BSE, GW and hybrid TD-DFT
          C. Holzer and W. Klopper
          J. Chem. Phys. 150, 204116 (2019)

          nonorthonormal Krylov space methods 
          F. Furche, B. T. Krull, B. D. Nguyen, and J. Kwon, 
          J. Chem. Phys. 144 (2016), 174105.

          two-component GW quasi particle energies 
          M. Kuehn and F. Weigend, 
          J. Chem. Theory Comput. 11 (2015), 969.

          two-component TDDFT with spin-orbit coupling 
          M. Kuehn and F. Weigend, 
          J. Chem. Theory Comput. 9 (2013), 5341.
          M. Kuehn and F. Weigend, 
          J. Chem. Phys. 142 (2015), 034116.

          GW quasi particle energies
          M. J. van Setten, F. Weigend, and F. Evers,
          J. Chem. Theory Comput. 9 (2013), 232.

          Fast GW methods: RIGW, contour deformation
          J. Chem. Phys. 150, 204116 (2019)

          current-density dependent meta-GGA Linear Response
          J. E. Bates and F. Furche, 
          J. Chem. Phys. 137 (2012), 164105.

          spin-flip method 
          M. Kuehn and F. Weigend, 
          Chem. Phys. Chem. 12 (2011), 3331.

          RI-J method 
          R. Bauernschmitt, M. Haeser, O. Treutler, and R. Ahlrichs,
          Chem. Phys. Lett. 264 (1997), 573.

          density functional implementation               
          R. Bauernschmitt and R. Ahlrichs,
          Chem. Phys. Lett. 256 (1996), 454.
          R. Bauernschmitt and R. Ahlrichs,
          J. Chem. Phys. 104 (1996), 9047.

          UHF extension (RPA and CIS)
          C. Ochsenfeld, J. Gauss, and R. Ahlrichs, 
          J. Chem. Phys. 103 (1995), 7401.

          integral direct algorithm                 
          H. Weiss, R. Ahlrichs, and M. Haeser, 
          J. Chem. Phys. 99 (1993), 1262.

          Seminumerical and pseudospectral algorithms
          C. Holzer, J. Chem. Phys. 153 (2020), 184115.

          Two-component static/dynamic polarizabilities,
          and relativistic damped-response approach,
          polarizabilities and damped response at GW-BSE level
          M. Kehry, Y. J. Franzke, C. Holzer, and W. Klopper,
          Mol. Phys. 118 (2020), e1755064

          Nuclear spin-spin coupling constants
          F. Mack, C. J. Schattenberg, M. Kaupp, F. Weigend,
          J. Phys. Chem. A 2020, 124, 41, 8529





              +--------------------------------------------------+
              | Atomic coordinate, charge and isotop information |
              +--------------------------------------------------+

                    atomic coordinates            atom    charge  isotop
         -9.83015863    2.39701548    0.00000000    c      6.000     0
        -10.00618478   -0.26447321    0.00000000    c      6.000     0
         -7.46084959    3.57477747    0.00000000    c      6.000     0
         -5.28798507    2.06008940    0.00000000    c      6.000     0
         -5.49138302   -0.62402495    0.00000000    c      6.000     0
         -7.85596556   -1.81558349    0.00000000    c      6.000     0
         -2.57747972    2.70001788    0.00000000    c      6.000     0
         -1.28267112    0.19100423    0.00000000    c      6.000     0
         -3.08708153   -1.68877475    0.00000000    n      7.000     0
         -1.48464610    4.77099153    0.00000000    o      8.000     0
          1.28267112   -0.19100423    0.00000000    c      6.000     0
          3.08708153    1.68877475    0.00000000    n      7.000     0
          5.49138302    0.62402495    0.00000000    c      6.000     0
          5.28798507   -2.06008940    0.00000000    c      6.000     0
          2.57747972   -2.70001788    0.00000000    c      6.000     0
          1.48464610   -4.77099153    0.00000000    o      8.000     0
          7.85596556    1.81558349    0.00000000    c      6.000     0
         10.00618478    0.26447321    0.00000000    c      6.000     0
          9.83015863   -2.39701548    0.00000000    c      6.000     0
          7.46084959   -3.57477747    0.00000000    c      6.000     0
        -11.55673856    3.53438848    0.00000000    h      1.000     0
        -11.87540358   -1.15404488    0.00000000    h      1.000     0
         -7.27470806    5.63469468    0.00000000    h      1.000     0
         -8.02322905   -3.87678238    0.00000000    h      1.000     0
         -2.59803363   -3.55589572    0.00000000    h      1.000     0
          2.59803363    3.55589572    0.00000000    h      1.000     0
          8.02322905    3.87678238    0.00000000    h      1.000     0
         11.87540358    1.15404488    0.00000000    h      1.000     0
         11.55673856   -3.53438848    0.00000000    h      1.000     0
          7.27470806   -5.63469468    0.00000000    h      1.000     0
 
       center of nuclear mass  :   -0.00000000    0.00000000    0.00000000
       center of nuclear charge:   -0.00000000    0.00000000    0.00000000

              +--------------------------------------------------+
              |               basis set information              |
              +--------------------------------------------------+

              we will work with the 1s 3p 5d 7f 9g ... basis set
              ...i.e. with spherical basis functions...

   type   atoms  prim   cont   basis
   ---------------------------------------------------------------------------
    c       16     24     14   def2-SVP   [3s2p1d|7s4p1d]
    n        2     24     14   def2-SVP   [3s2p1d|7s4p1d]
    o        2     24     14   def2-SVP   [3s2p1d|7s4p1d]
    h       10      7      5   def2-SVP   [2s1p|4s1p]
   ---------------------------------------------------------------------------
   total:   30    550    330
   ---------------------------------------------------------------------------

   total number of primitive shells          :   41
   total number of contracted shells         :  150
   total number of cartesian basis functions :  350
   total number of SCF-basis functions       :  330


 residuum convergence criterium   :  0.10E-04


 integral neglect threshold       :  0.95E-11
 integral storage threshold THIZE :  0.10E-04
 integral storage threshold THIME :         5

 RPA SINGLET-EXCITATION-CALCULATION 

 symmetry group of the molecule :   c2h

 the group has the following generators :
   c2(z)
   mirror plane sigma(xy)

    4 symmetry operations found

 there are 4 real representations :   ag   bg   au   bu  

 maximum number of shells which are related by symmetry :  2

 IRREPs of excited states :   bu  

    mo occupation :
   irrep   mo's   occupied
    ag     120       29
    bg      45        5
    au      45        6
    bu     120       28
 
 number of basis functions   :   330
 number of occupied orbitals :    68
 

 biggest AO integral is expected to be     4.776656448
  MOs are in ASCII format !


 reading orbital data $scfmo  from file mos
 orbital characterization : scfconv=7
 all orbitals will be included in the transformation

 number of non-frozen orbitals          :   330
 number of non-frozen occupied orbitals :    68



 dimension of super-tensorspace: 2

          IRREP   tensor space dimension   number of roots

           bu             5651                   1

 maximum number of Davidson iterations set to   35


 machine precision: 2.22D-16


 logfile sing_bu   will be constructed


                       Nonorthonormal Krylov Space Iteration


 total number of roots to be determined: 1


 maximum core memory set to         1000 MB,
 corresponding to      529 vectors in CAO basis


 maximum number of simultaneously treated vectors (including degeneracy):        2


 Iteration IRREP Converged      Max. Euclidean
                 roots          residual norm

    1       bu       0        1.693781257925550D-01
 
    2       bu       0        5.668507341327435D-02
 
    3       bu       0        3.155918461167007D-02
 
    4       bu       0        1.350862204276109D-02
 
    5       bu       0        6.761442132284049D-03
 
    6       bu       0        2.888095327418673D-03
 
    7       bu       0        1.442585938452058D-03
 
    8       bu       0        7.191572571679409D-04
 
    9       bu       0        3.868425009996000D-04
 
   10       bu       0        1.375755425245099D-04
 
   11       bu       0        6.274026879907001D-05
 
   12       bu       0        2.212871528847454D-05
 
   13       bu       1        8.209496729436972D-06
 

 converged!

 Eigenpairs written on logfile sing_bu  



 IRREP   Vector     Eigenvalue           Euclidean residual norm

  bu        1    1.216278714724024D-01    8.209496729436972D-06






                    Selection rules for point group c2h 


 Subduction with respect to c2h :

    Polar vector representation: au, bu                      

    Axial vector representation: ag, bg                      

    Symmetric second rank tensor representation: ag, bg                      




                            Ground state


 Total energy:                           -869.9806844162000    

 Charge:

               elec          nuc         total

          -136.000000   136.000000     0.000000


 Electric dipole moment:

               elec          nuc         total   

    x        0.000000    -0.000000    -0.000000    Norm:              0.000000
    y        0.000000     0.000000     0.000000
    z        0.000000     0.000000     0.000000    Norm / debye:      0.000000


 Electric quadrupole moment:

               elec          nuc         total   

   xx    -5593.399810  5532.456687   -60.943123
   yy    -1045.229580   956.831424   -88.398156    1/3*trace:       -79.936480
   zz      -90.468162     0.000000   -90.468162
   xy      675.242766  -671.870147     3.372619
   xz        0.000000     0.000000     0.000000    Anisotropy:       29.137940
   yz        0.000000     0.000000     0.000000



 ==============================================================================

                              I R R E P   bu  

 ==============================================================================


 Excitation is electric dipole allowed

 Excitation is magnetic dipole forbidden

 Excitation is electric quadrupole forbidden




                         1 singlet bu excitation


 Total energy:                           -869.8590565447277    

 Excitation energy:                      0.1216278714724024    

 Excitation energy / eV:                  3.309664195949382    

 Excitation energy / nm:                  374.6127602861029    

 Excitation energy / cm^(-1):             26694.23217423258    


 Oscillator strength:

    velocity representation:             0.4922958084203106    

    length representation:               0.4771686854239678    

    mixed representation:                0.4846364843638227    


 Rotatory strength:

    velocity representation:              0.000000000000000    

    velocity rep. / 10^(-40)erg*cm^3:     0.000000000000000    

    length representation:                0.000000000000000    

    length rep. / 10^(-40)erg*cm^3:       0.000000000000000    


 Dominant contributions:

      occ. orbital   energy / eV   virt. orbital     energy / eV   |coeff.|^2*100
        6 au             -7.54           6 bg              0.27       92.2
 

 Change of electron number:

             0.000000


 Electric transition dipole moment (velocity rep.):

    x        2.096624        Norm:                  2.464008
    y       -1.294413
    z        0.000000        Norm / debye:          6.262931


 Electric transition dipole moment (length rep.):

    x        2.079697        Norm:                  2.425856
    y       -1.248855
    z        0.000000        Norm / debye:          6.165958


 Magnetic transition dipole moment / i:

    x        0.000000        Norm:                  0.000000
    y        0.000000
    z        0.000000        Norm / Bohr mag.:      0.000000


 Electric quadrupole transition moment:

   xx        0.000000
   yy        0.000000        1/3*trace:             0.000000
   zz        0.000000
   xy        0.000000
   xz        0.000000        Anisotropy:            0.000000
   yz        0.000000

 SUMMARY OF EXCITATION ENERGIES AND DIPOLE OSCILLATOR STRENGTHS (velocity/length):

 -----------------------------------------------------------------------------------------------
 |    Exc.   | energy (Eh) | energy (eV) | energy (cm-1) | energy (nm) | Osc.(vel) | Osc.(len) |
 -----------------------------------------------------------------------------------------------
 |     1 bu  |    0.121628 |     3.30966 |     26694.232 |     374.613 |   0.49230 |   0.47717 |
 -----------------------------------------------------------------------------------------------
 Transitions are magnetic dipole forbidden in irrep bu  




    ------------------------------------------------------------------------
         total  cpu-time :  1 minutes and 24 seconds
         total wall-time :  42.26 seconds
    ------------------------------------------------------------------------

   ****  escf : all done  ****


    2023-06-16 10:29:51.383 

 escf ended normally
