
   OpenMP run-time library returned nthreads =  2

 force (c04) : TURBOMOLE rev. V7-6 27 Oct 2021 at 10:11:12 compiled Oct 27th 2021
 Copyright (C) 2021 TURBOMOLE GmbH, Karlsruhe


    2023-06-06 10:18:48.260 



                             T U R B O M O L E   

                          a o f o r c e - program

                        using direct algorithms for

                       SCF level calculations of
                         * harmonic force constants
                         * hyperpolarizabilities
                         * IR and RAMAN intensities
                         * VCD intensities

                       DFT level calculations of
                         * harmonic force constants
                         * IR intensities
                                                   
       Stephan Boecker, Peter Deglmann, Filipp Furche and Marco Haeser
                          Quantum Chemistry Group
                          Universitaet  Karlsruhe
                                   Germany

 
 

          OpenMP Shared-Memory Parallelization:  2 CPUs.

            By: Erik P. Almaraz and Filipp Furche
            Copyright 2009-2011 by UCI and TURBOMOLE GmbH.

            Revised By: Christof Holzer and Yannick J. Franzke.

 
 
     References :
 
       RI-J implementation:
         Peter Deglmann, Klaus May, Filipp Furche, Reinhart Ahlrichs
                 Chem. Phys. Lett. 384:103 (2004)
 
       Efficiency, technical details:
         Peter Deglmann, Filipp Furche, Reinhart Ahlrichs
                 Chem. Phys. Lett. 362:511 (2002)
 
       Search of lowest eigenvalues by iterative diagonalization:
         Peter Deglmann, Filipp Furche
                 J. Chem. Phys. 117:9535 (2002)
 
       Vibrational circular dichroism implementation:
        Kevin Reiter, Michael Kuehn, Florian Weigend
                 J. Chem. Phys. 146:054102 (2017)  
 
 


              +--------------------------------------------------+
              | Atomic coordinate, charge and isotop information |
              +--------------------------------------------------+

                    atomic coordinates            atom    charge  isotop
         -9.05345744    4.42411785    0.00000000    h      1.000     0
         -7.66307875    4.51681895    0.00000000    h      1.000     0
 
       center of nuclear mass  :   -8.35826810    4.47046840    0.00000000
       center of nuclear charge:   -8.35826810    4.47046840    0.00000000

              +--------------------------------------------------+
              |               basis set information              |
              +--------------------------------------------------+

              we will work with the 1s 3p 5d 7f 9g ... basis set
              ...i.e. with spherical basis functions...

   type   atoms  prim   cont   basis
   ---------------------------------------------------------------------------
    h        2      8      6   def2-TZVP   [3s1p|5s1p]
   ---------------------------------------------------------------------------
   total:    2     16     12
   ---------------------------------------------------------------------------

   total number of primitive shells          :    6
   total number of contracted shells         :    8
   total number of cartesian basis functions :   12
   total number of SCF-basis functions       :   12

 
             FOUND RI-J FLAG !
 

 NOTE: THIS IS A PRELIMINARY IMPLEMENTATION. THE RI APPROXIMATION IS
       PRESENTLY USED FOR CPKS CONTRIBUTIONS TO THE HESSIAN ONLY! SEE
       MANUAL FOR FURTHER DETAILS.

  
 AUXILIARY BASIS SET information:

              we will work with the 1s 3p 5d 7f 9g ... basis set
              ...i.e. with spherical basis functions...

   type   atoms  prim   cont   basis
   ---------------------------------------------------------------------------
    h        2     16     11   def2-TZVP   [3s1p1d|5s2p1d]
   ---------------------------------------------------------------------------
   total:    2     32     22
   ---------------------------------------------------------------------------

   total number of primitive shells          :    8
   total number of contracted shells         :   10
   total number of cartesian basis functions :   24
   total number of SCF-basis functions       :   22


 symmetry group of the molecule :   c1 

 the group has the following generators :
   c1(z)

    1 symmetry operations found

 there are 1 real representations :   a   

 maximum number of shells which are related by symmetry :  1


 determining totally symmetric integral contributions 
    - equivalent to irreducible tensor elements - 
 which can be formed within each triple of representations :

             representation triple      contributions

              a     a     a               1

    mo occupation :
   irrep   mo's   occupied
    a       12        1
 
 number of basis functions   :    12
 number of occupied orbitals :     1
 
  MOs are in ASCII format !


 reading orbital data $scfmo  from file mos
 orbital characterization : scfconv=7
 time elapsed for calculating density matrices :   0.000 sec

 number of non-frozen orbitals          :    12
 number of non-frozen occupied orbitals :     1
 Blocking parameters 
 shells:
    index      start shell   last shell  start bf    last bf    #bf 
       1             1           8             1         12     12
          size of I/O Block in Byte:                   6912
  
           ----------------------
               RI - INFORMATION
           ----------------------

 biggest AO integral is expected to be     1.396250015

 Threshold for integral neglect (rithr2):   0.21E-09
 Threshold for integral neglect (rithr1):   0.21E-09

 Contributions to RI integral batches: 
  neglected integral batches:                     0
  direct contribution:                            0
  memory contribution:                    36
 Core memory available (ricore):               500 MiB
 Core memory needed for (P|Q) and Cholesky:      1 MiB
 Core memory used for integrals:                 1 MiB
 
 ****************************************
 Memory allocated for RIDFT: 1 MiB
 ****************************************
 
 
 
 
 
 OCCUPIED-OCCUPIED TENSOR SPACES :

          IRREP   tensor space dimension   number of roots

           a                 1                   1
 
 OCCUPIED-VIRTUAL TENSOR SPACES :

          IRREP   tensor space dimension   number of roots

           a                11                   1
 
 
 
 
 CONSTRUCTING integral bounds

 setting up bound for integral derivative estimation

 increment for numerical differentiation : 0.00050000
 
 machine precision:   2.220446049250313E-016

 integral neglect threshold       :  0.10E-09
 integral storage threshold THIZE :  0.10E-04
 integral storage threshold THIME :         5

 
 
 
 CONSTRUCTING first deriv. of <mu|x,y,z|nu> -> Dip. deriv.
  dipole integral derivatives will be neglected if
  expon. factor <0.416667E-10
      ...terminated. cpu:       0.00       wall:       0.00
 
 
 
 
 CONSTRUCTING first deriv. of  <mu|nu>
                               <mu|h|nu>    -> RHS
              second deriv. of <mu|nu>      -> Hessian
                               <mu|h|nu>    -> Hessian
                               nucl. rep.   -> Hessian
     integrals are neglected if expon. factor <  1.000000000000000E-012
      ...terminated. cpu:       0.00       wall:       0.15
 
 
 
 
 CONSTRUCTING second deriv. of 2e energy    -> Hessian
   treating Coulomb (and exchange) contribution
     integrals will be neglected if total contribution <  4.166666666666666E-008
      ...terminated. cpu:       0.00       wall:       0.00
 
 
 
 
 CONSTRUCTING S(i,j)xi
      ...terminated. cpu:       0.00       wall:       0.19
 
 
 
 
 CONSTRUCTING <i|x,y,z|j>*S(i,j)xi          -> Dip. deriv.
      ...terminated. cpu:       0.07       wall:       0.07
 
 
 
 
 CONSTRUCTING epsilon(i)*S(i,j)xi*S(i,j)chi -> Hessian
      ...terminated. cpu:       0.00       wall:       0.00
 
 
 
 
 CONSTRUCTING G(a,i)[S(k,l)xi]              -> RHS
              G(i,j)[S(k,l)xi]*S(i,j)chi    -> Hessian
 
         Maximum core memory set to                   1000 MB
         This corresponds to                780190 vectors in CAO basis
      ...terminated. cpu:       0.11       wall:       0.13
 
 
 
 
 CONSTRUCTING G(mu,nu)[D(kap,lam)]xi
 
          Maximum core memory set to                   1000 MB
          Atoms treated simultaneously :                     2
 max of dfo  0.856217187352090     
      ...terminated. cpu:       0.09       wall:       0.11
 
 
 
 
 CONSTRUCTING F(a,i)xi                      -> RHS
              F(i,j)xi*S(i,j)chi            -> Hessian
 
        Maximum core memory set to                  1000 MB
        This corresponds to               1472719 vectors in CAO basis
      ...terminated. cpu:       0.10       wall:       0.09
 
 
 
 
 CONSTRUCTING epsilon(i)*S(a,i)xi           -> RHS
      ...terminated. cpu:       0.10       wall:       0.10
 
 
 
 
 SOLVING CPHF equations
 
 Residuum convergence criterium   :  1.000000000000000E-005
 
 Maximum number of Davidson iterations set to                    25

 logfile cphf_a    will be constructed


                       Nonorthonormal Krylov Space Iteration


 total number of roots to be determined: 1


 maximum core memory set to         1000 MB,
 corresponding to   728177 vectors in CAO basis


 maximum number of simultaneously treated vectors (including degeneracy):        1


 Iteration IRREP Converged      Max. Euclidean
                 roots          residual norm

    1       a        0        1.403266494377470D-02
 
    2       a        0        6.995435409763567D-05
 
    3       a        1        1.338164214501876D-16
 

 converged!

      ...terminated. cpu:       1.04       wall:       7.41
 
 
 
 
 CONSTRUCTING <a|x,y,z|i>*U(a,i)xi          -> Dip. deriv.
      ...terminated. cpu:       0.20       wall:       0.32
 
 
 
 
 CONSTRUCTING RHS(a,i)xi*U(a,i)chi          -> Hessian
      ...terminated. cpu:       0.00       wall:       0.16
 
 
 
 

            -----------------------
            permanent dipole moment
            -----------------------

                                   x                y                z
    electronic part       :   16.7165361957    -8.9409368025     0.0000000000
     nuclear   part       :  -16.7165361957     8.9409368025     0.0000000000
     total                :   -0.0000000000     0.0000000000     0.0000000000

 with reference to the point :   0.0000000        0.0000000        0.0000000
 (given in atomic units)
    | dipole |       :    0.0000000000  debye

   ***  dipole moment & cartesian dipole gradients written onto
        $dipole, $dipgrad,  file=<dipgrad>  ***

             -----------------------------------
             rotational and vibrational analysis
             -----------------------------------


            ==============================================================
            ATOMIC WEIGHTS (average over the natural occurance of isotops)
            ==============================================================
            ('*' denotes special isotop !)
              1     h                 1.00797
              2     h                 1.00797

          -------------------------------------------------
          CARTESIAN FORCE CONSTANT MATRIX (hartree/bohr**2)
         (translational & rotational space projected out)
          -------------------------------------------------

   ATOM              1 h                           2 h 
                  dx        dy        dz        dx        dy        dz
   1 h     dx  0.3957477
           dy  0.0263858 0.0017592
           dz  0.0000000 0.0000000 0.0000000
   2 h     dx -0.3957477-0.0263858 0.0000000 0.3957477
           dy -0.0263858-0.0017592 0.0000000 0.0263858 0.0017592
           dz  0.0000000 0.0000000 0.0000000 0.0000000 0.0000000 0.0000000
 

   *** projected hessian written onto $hessian (projected), file=<hessian> ***

 dipole moment in principle axis system (a.u.) :
    -0.0000000000     0.0000000000     0.0000000000
 norm :  3.261040360531636E-014

 rotational constants b for rotations around axis of inertia
 and optical intensities for (1 <-- 0) transition

   b   :     0.0000000000    61.5154369244    61.5154369244   (cm**(-1))
   b   :           0.0000     1844186.4041     1844186.4041     (MHz)
  int. :     0.0000000000     0.0000000000     0.0000000000     (a.u.)

   x   :     0.9977847204    -0.0665255727     0.0000000000
   y   :     0.0665255727     0.9977847204     0.0000000000
   z   :     0.0000000000     0.0000000000     1.0000000000

   ***  normal modes written onto $vibrational normal modes, file=<vib_normal_modes>  ***

  Keyword $vibrational reduced masses missing in file <control>


   ***  vibrational spectroscopic data written onto$vibrational spectrum   
        file=<vibspectrum>  ***

          ---------------------------------------------------
          NORMAL MODES and VIBRATIONAL FREQUENCIES (cm**(-1))
          ---------------------------------------------------

 imaginary wave numbers indicate a negative curvature of the energy surface.
 zero frequency modes have no physical meaning except being generators of
 translations and rotations. each vibrational normal mode - given in terms of
 cartesian displacement vectors of all atoms - has been normalized to unity.
 to obtain mass-weigthed normal coordinates in a.u. divide the tabulated
 modes by sqrt(reduced mass * 1822.88853).
 band intensities or cross sections refer to independent non-degenerate normal
 modes, that is, the intensities of degenerate modes have yet to be added.
 dDIP/dQ is the normal mode derivative of the dipole moment.


       mode               1        2        3        4        5        6

     frequency           0.00     0.00     0.00     0.00     0.00  4565.28

     symmetry                                                         a   

        IR                -        -        -        -        -       YES
|dDIP/dQ|   (a.u.)     0.0000   0.0000   0.0000   0.0000   0.0000   0.0000
intensity (km/mol)       0.00     0.00     0.00     0.00     0.00     0.00
intensity (  %   )       0.00     0.00     0.00     0.00     0.00     0.00
 
       RAMAN              -        -        -        -        -       YES
 
  1   h           x  -0.01949  0.00000  0.03323  0.00000  0.70762  0.70554
                  y   0.99870  0.00000  0.00222  0.00000 -0.01949  0.04704
                  z   0.00000  1.00000  0.00000  0.00000  0.00000  0.00000
  2   h           x   0.04709  0.00000 -0.03323  0.00000  0.70632 -0.70554
                  y   0.00000  0.00000  0.99889  0.00000  0.00000 -0.04704
                  z   0.00000  0.00000  0.00000  1.00000  0.00000  0.00000

reduced mass(g/mol)     1.008    1.008    1.008    1.008    1.008    1.008
 

         **************************************************************
         *                                                            *
         *  zero point VIBRATIONAL energy  :      0.0104005  Hartree  *
         *    SCF-energy                   :     -1.1326945           *
         *    SCF + E(vib0)                :     -1.1222940           *
         *                                                            *
         **************************************************************




 time elapsed for vibrational analysis     0.01 sec


    ------------------------------------------------------------------------
         total  cpu-time :   2.50 seconds
         total wall-time :  22.63 seconds
    ------------------------------------------------------------------------

   ****  force : all done  ****


    2023-06-06 10:19:10.120 

