
  ========================================================================
                license information 
 Customer : 200000000058156
 ID       : LKO1924661

 License file is VALID, continuing with full version
  ========================================================================

   OpenMP run-time library returned nthreads =  2

 ridft (c04) : TURBOMOLE rev. V7-6 27 Oct 2021 at 10:11:12 compiled Oct 27th 2021
 Copyright (C) 2021 TURBOMOLE GmbH, Karlsruhe


    2023-06-18 13:54:30.960 



                                  r i d f t

                        DFT program with RI approximation 
                                for coulomb part 




                                                 
                                 References:     
                                                 
          TURBOMOLE:                             
              R. Ahlrichs, M. Baer, M. Haeser, H. Horn, and
              C. Koelmel
              Electronic structure calculations on workstation
              computers: the program system TURBOMOLE
              Chem. Phys. Lett. 162: 165 (1989)
          Density Functional:                              
              O. Treutler and R. Ahlrichs                      
              Efficient Molecular Numerical Integration Schemes
              J. Chem. Phys. 102: 346 (1995)                   
          Parallel Version:                                
              Performance of parallel TURBOMOLE for Density    
              Functional Calculations                          
              M. v. Arnim and R. Ahlrichs                      
              J. Comp. Chem. 19: 1746 (1998)                   
          RI-J Method:                                     
              Auxiliary Basis Sets to approximate Coulomb      
              Potentials                                       
              Chem. Phys. Lett. 240: 283 (1995)                
              K. Eichkorn, O. Treutler, H. Oehm, M. Haeser     
              and R. Ahlrichs                                  
              Chem. Phys. Lett. 242: 652 (1995)                
                                                           
              Auxiliary Basis Sets for Main Row Atoms and their
              Use to approximate Coulomb Potentials            
              K. Eichkorn, F. Weigend, O. Treutler and         
              R. Ahlrichs                                      
              Theo. Chem. Acc. 97: 119 (1997)                   
                                                           
              Accurate Coulomb-fitting basis sets for H to Rn 
              F. Weigend                                        
              Phys. Chem. Chem. Phys. 8: 1057 (2006)            
                                                           
          Multipole accelerated RI-J (MARI-J):             
              Fast evaluation of the Coulomb potential for     
              electron densities using multipole accelerated   
              resolution of identity approximation             
              M. Sierka, A. Hogekamp and R. Ahlrichs           
              J. Chem. Phys. 118: 9136 (2003)                  
          RI-JK Method:                                     
              A fully direct RI-HF algorithm: Implementation,
              optimised auxiliary basis sets, demonstration of
              accuracy and efficiency                         
              F. Weigend                                      
              Phys. Chem. Chem. Phys. 4: 4285 (2002)           
          Two-component HF and DFT with spin-orbit coupling:  
              Self-consistent treatment of spin-orbit         
              interactions with efficient Hartree-Fock and    
              density functional methods                      
              M. K. Armbruster, F. Weigend, C. van Wüllen and 
              W. Klopper                                      
              Phys. Chem. Chem. Phys. 10: 1748 (2008)         
          Two-component difference density and DIIS algorithm 
              Efficient two-component self-consistent field   
              procedures and gradients: implementation in     
              TURBOMOLE and application to Au20-              
              A. Baldes, F. Weigend                           
              Mol. Phys. 111: 2617 (2013)                     
          Relativistic all-electron 2c calculations           
              An efficient implementation of two-component    
              relativistic exact-decoupling methods for large 
              molecules                                       
              D. Peng, N. Middendorf, F. Weigend, M. Reiher   
              J. Chem. Phys. 138: 184105 (2013)               
          Finite nucleus model and SNSO approximation         
              Efficient implementation of one- and two-       
              component analytical energy gradients in exact  
              two-component theory                            
              Y. J. Franzke, N. Middendorf, F. Weigend        
              J. Chem. Phys. 148: 104110 (2018)               
          Grids for all-electron relativistic methods         
              Error-consistent segmented contracted all-      
              electron relativistic basis sets of double-     
              and triple-zeta quality for NMR shielding       
              constants                                       
              Y. J. Franzke, R. Tress, T. M. Pazdera,         
              F. Weigend                                      
              Phys. Chem. Chem. Phys. 21: 166658 (2019)       
          Seminumerical exchange algorithms                   
              Seminumerical calculation of the Hartree-Fock   
              exchange matirx: Application to two-component   
              procedures and efficient evaluation of local    
              hybrid functionsl                               
               P. Plessow, F. Weigend,                        
              J. Comput. Chem. 33: 810 (2012)                 
          Improved seminumerical algorithms                   
              C. Holzer,                                      
              J. Chem. Phys. 153 (2020), 184115               
                                         





          OpenMP Shared-Memory Parallelization:  2 CPUs.

            By: Christof Holzer and Yannick J. Franzke


              +--------------------------------------------------+
              |      general information about current run       |
              +--------------------------------------------------+

 
 TPSS meta-GGA functional
 exchange:    LDA + TPSS
 correlation: LDA (PW) + TPSS
 A DFT calculation using the RI-J approximation will be carried out.
 Allocatable memory for RI due to $ricore (MB):                   500


              +--------------------------------------------------+
              | Atomic coordinate, charge and isotop information |
              +--------------------------------------------------+

                    atomic coordinates            atom    charge  isotop
         -2.94114945   -0.05906209    3.20800514    c      6.000     0
         -2.10764322   -2.38868168    3.01010903    o      8.000     0
         -4.69145784    0.67873742    4.54858777    o      8.000     0
         -3.13012887   -3.57078581    4.15360468    h      1.000     0
         -6.29030577   -1.18908482    6.29608952    h      1.000     0
         -7.32820712   -2.37974057    7.41622238    o      8.000     0
         -6.48920540   -4.70781879    7.22163545    c      6.000     0
         -4.71618426   -5.43888347    5.90759674    o      8.000     0
         -7.57287381   -6.02381298    8.40525062    h      1.000     0
         -1.87584189    1.25125484    2.00166074    h      1.000     0
 
       center of nuclear mass  :   -4.71227734   -2.38252318    5.21882940
       center of nuclear charge:   -4.71248373   -2.38254709    5.21863701

  Keyword $basis  missing in file <control>

              read basis sets from /software/cluster/turbomole76/basen/
              (basis sets have been saved in file basis)

              +--------------------------------------------------+
              |               basis set information              |
              +--------------------------------------------------+

              we will work with the 1s 3p 5d 7f 9g ... basis set
              ...i.e. with spherical basis functions...

   type   atoms  prim   cont   basis
   ---------------------------------------------------------------------------
    c        2     34     14   cc-pVDZ   [3s2p1d|17s4p1d]
    o        4     34     14   cc-pVDZ   [3s2p1d|17s4p1d]
    h        4      7      5   cc-pVDZ   [2s1p|4s1p]
   ---------------------------------------------------------------------------
   total:   10    232    104
   ---------------------------------------------------------------------------

   total number of primitive shells          :   49
   total number of contracted shells         :   48
   total number of cartesian basis functions :  110
   total number of SCF-basis functions       :  104


 integral neglect threshold       :  0.30E-10
 integral storage threshold THIZE :  0.10E-04
 integral storage threshold THIME :         5

 RI-J AUXILIARY BASIS SET information:

              assign orbital basis set names as defaults
              read basis sets from /software/cluster/turbomole76/jbasen/
              (basis sets have been saved in file auxbasis)

              we will work with the 1s 3p 5d 7f 9g ... basis set
              ...i.e. with spherical basis functions...

   type   atoms  prim   cont   basis
   ---------------------------------------------------------------------------
    c        2     70     49   cc-pVDZ   [6s4p3d1f1g|12s5p4d2f1g]
    o        4     70     49   cc-pVDZ   [6s4p3d1f1g|12s5p4d2f1g]
    h        4     16     11   cc-pVDZ   [3s1p1d|5s2p1d]
   ---------------------------------------------------------------------------
   total:   10    484    338
   ---------------------------------------------------------------------------

   total number of primitive shells          :   56
   total number of contracted shells         :  110
   total number of cartesian basis functions :  414
   total number of SCF-basis functions       :  338


 symmetry group of the molecule :   c1 

 the group has the following generators :
   c1(z)

    1 symmetry operations found

 there are 1 real representations :   a   

 maximum number of shells which are related by symmetry :  1

  
           ------------------
           density functional
           ------------------
 TPSS meta-GGA functional
 exchange:    LDA + TPSS
 correlation: LDA (PW) + TPSS

 iterations will be done with small grid
  
 spherical integration : Lebedev's spherical grid
 spherical gridsize    :                     3
    i.e. gridpoints    :                   302
 value for diffuse not defined
 radial integration    : Chebyshev 2nd kind (scaling 3)
 radial gridsize       :                     3
 integration cells     :                    10
 partition function    : becke
 partition sharpness   :                     3
  

 biggest AO integral is expected to be     4.738267915

          ------------------------
          nuclear repulsion energy  :   236.490175791    
          ------------------------

  _________________________________
 |                                 |
 |         DFTD3 V3.1 Rev 0        |
 | S.Grimme, University Bonn       |
 |            June  2014           |
 |   see standalone version        |
 |       dftd3 -h for options      |
 |_________________________________|
 
 Please cite DFT-D3 work done with this code as:
 S. Grimme, J. Antony, S. Ehrlich and H. Krieg,
 J. Chem. Phys, 132 (2010), 154104.
 If used with BJ-damping cite also
 S. Grimme, S. Ehrlich and L. Goerigk,
 J. Comput. Chem. 32 (2011), 1456-1465
 For DFT-D2 the reference is
 S. Grimme, J. Comput. Chem., 27 (2006), 1787-1799
 
C6 coefficients used:
                     2  C6 for element                      1
Z=  1 CN= 0.912     C6(AA)=    3.03
Z=  1 CN= 0.000     C6(AA)=    7.59
                     5  C6 for element                      6
Z=  6 CN= 0.000     C6(AA)=   49.11
Z=  6 CN= 0.987     C6(AA)=   43.25
Z=  6 CN= 1.998     C6(AA)=   29.36
Z=  6 CN= 2.999     C6(AA)=   25.78
Z=  6 CN= 3.984     C6(AA)=   18.21
                     3  C6 for element                      8
Z=  8 CN= 0.000     C6(AA)=   15.51
Z=  8 CN= 0.993     C6(AA)=   12.82
Z=  8 CN= 1.989     C6(AA)=   10.37

#           XYZ [au]              R0(AA) [Ang.]  CN          C6(AA)     C8(AA)   C10(AA) [au]
  1  -2.94115  -0.05906   3.20801   c   0.645  3.008        25.7       742.0     26289.8
  2  -2.10764  -2.38868   3.01011   o   0.539  1.998        10.4       210.1      5193.3
  3  -4.69146   0.67874   4.54859   o   0.539  1.058        12.8       257.6      6367.9
  4  -3.13013  -3.57079   4.15360   h   0.417  1.031         3.1        37.2       551.0
  5  -6.29031  -1.18908   6.29609   h   0.417  1.030         3.1        37.2       551.0
  6  -7.32821  -2.37974   7.41622   o   0.539  1.998        10.4       210.1      5193.3
  7  -6.48921  -4.70782   7.22164   c   0.645  3.008        25.7       742.0     26289.9
  8  -4.71618  -5.43888   5.90760   o   0.539  1.058        12.8       257.6      6367.8
  9  -7.57287  -6.02381   8.40525   h   0.417  0.997         3.1        37.4       553.5
 10  -1.87584   1.25125   2.00166   h   0.417  0.997         3.1        37.4       553.5

molecular C6(AA) [au] =       931.28

           DFT-D V3(BJ)
 DF tpss                                              
 parameters
 s6       :    1.0000
 s8       :    1.9435
 a1       :    0.4535
 a2       :    4.4752
 k1-k3    :   16.0000    1.3333   -4.0000
 
 Edisp /kcal,au:    -4.7757 -0.00761060

 E6    /kcal :    -2.4895
 E8    /kcal :    -2.2862
 % E8        : 47.87
 nuclear repulsion energy                  =     236.490175791
  DFT-D3 Energy contribution               =      -0.007610605
 nuclear repulsion + dispersion correction =     236.482565186


         -----------------
         -S,T+V- integrals
         -----------------

 1e-integrals will be neglected if expon. factor < 0.303815E-11
 
   Difference densities algorithm switched on.
   The maximal number of linear combinations of
   difference densities is                    20 .

 DIIS switched on: error vector is FDS-SDF
 Max. Iterations for DIIS is     :   4
 DIIS matrix (see manual) 
    Scaling factor of diagonals  :  1.200
    threshold for scaling factor :  0.000

 scf convergence criterion : increment of total energy < .1000000D-06
                  and increment of one-electron energy < .1000000D-03

 MOs are in ASCII format !

  missing closed shell occupation number declaration

 No input with occupation numbers/open-shell information found

 start vectors will be provided by an EHT guess

 The EHT guess will be determined for:
   molecular charge   :    0
   number of electrons:   48
   S_z eigenvalue     :    0
 
 virtual MOs provided and orthogonalized by Cholesky decomposition

 automatic virtual orbital shift switched on 
      shift if e(lumo)-e(homo) < 0.10000000    

  
           ------------------------
               RI-J - INFORMATION
           ------------------------
 Contributions to RI integral batches: 
  neglected integral batches:                    43
  direct contribution:                            0
  memory contribution:                  1133
 Memory core needed for (P|Q) and Cholesky      1 MByte
 Memory core minimum needed except of (P|Q)     1 MByte
 Total minimum memory core needed (sum)         1 MByte
  
 ****************************************
 Memory allocated for RI-J    20 MByte
 ****************************************
                                            

 dump of DSCF restart information has been disabled !


 Starting SCF iterations

          Overall gridpoints after grid construction =         14156

 ITERATION  ENERGY          1e-ENERGY        2e-ENERGY     NORM[dD(SAO)]  TOL
   1  -378.08813567912    -985.58363005     371.01292919    0.000D+00 0.303D-10
                            Exc = -46.9843670731     Coul =  417.997296259    
                              N = 47.999526249    
                            current damping = 0.700
 
          max. resid. norm for Fia-block=  3.858D-01 for orbital     20a         
          max. resid. fock norm         =  1.366D+00 for orbital     83a         

 ITERATION  ENERGY          1e-ENERGY        2e-ENERGY     NORM[dD(SAO)]  TOL
   2  -379.42167230634    -986.26651666     370.36227917    0.109D+01 0.199D-10
                            Exc = -46.5297258559     Coul =  416.892005023    
                              N = 47.999210212    
                            current damping = 0.650
 
          Norm of current diis error:  1.1935    
          max. resid. norm for Fia-block=  1.460D-01 for orbital      3a         
          max. resid. fock norm         =  2.156D-01 for orbital     29a         

 ITERATION  ENERGY          1e-ENERGY        2e-ENERGY     NORM[dD(SAO)]  TOL
   3  -379.59257649801    -988.55409881     372.47895713    0.370D+00 0.157D-10
                            Exc = -46.7592099599     Coul =  419.238167085    
                              N = 47.999091056    
                            current damping = 0.600
 
          Norm of current diis error: 0.52122    
          max. resid. norm for Fia-block=  5.733D-02 for orbital      3a         
          max. resid. fock norm         =  8.741D-02 for orbital     40a         

 ITERATION  ENERGY          1e-ENERGY        2e-ENERGY     NORM[dD(SAO)]  TOL
   4  -379.63208658250    -988.26005698     372.14540521    0.157D+00 0.136D-10
                            Exc = -46.7086113211     Coul =  418.854016531    
                              N = 47.998974506    
                            current damping = 0.650
 
          Norm of current diis error: 0.21625    
          max. resid. norm for Fia-block=  2.311D-02 for orbital      7a         
          max. resid. fock norm         =  3.231D-02 for orbital     84a         

 ITERATION  ENERGY          1e-ENERGY        2e-ENERGY     NORM[dD(SAO)]  TOL
   5  -379.63845396249    -988.79090161     372.66988246    0.672D-01 0.125D-10
                            Exc = -46.7690723138     Coul =  419.438954774    
                              N = 47.998967628    
                            current damping = 0.700
 
          Norm of current diis error: 0.11293    
          max. resid. norm for Fia-block=  9.806D-03 for orbital     23a         
          max. resid. fock norm         =  1.336D-02 for orbital     41a         
          mo-orthogonalization: Cholesky decomposition

 ITERATION  ENERGY          1e-ENERGY        2e-ENERGY     NORM[dD(SAO)]  TOL
   6  -379.64016650834    -988.77717001     372.65443831    0.373D-01 0.119D-10
                            Exc = -46.7651619458     Coul =  419.419600258    
                              N = 47.998922154    
                            current damping = 0.750
 
          Norm of current diis error: 0.60463E-01
          max. resid. norm for Fia-block=  4.935D-03 for orbital     19a         
          max. resid. fock norm         =  6.369D-03 for orbital     20a         

 ITERATION  ENERGY          1e-ENERGY        2e-ENERGY     NORM[dD(SAO)]  TOL
   7  -379.64064902632    -988.75780583     372.63459162    0.531D-02 0.116D-10
                            Exc = -46.7614198905     Coul =  419.396011513    
                              N = 47.998923232    
                            current damping = 0.600
 
          Norm of current diis error: 0.16592E-01
          max. resid. norm for Fia-block=  1.945D-03 for orbital      8a         
          max. resid. fock norm         =  2.521D-03 for orbital     84a         

 ITERATION  ENERGY          1e-ENERGY        2e-ENERGY     NORM[dD(SAO)]  TOL
   8  -379.64068723326    -988.79761631     372.67436389    0.226D-02 0.114D-10
                            Exc = -46.7671738427     Coul =  419.441537737    
                              N = 47.998919929    
                            current damping = 0.650
 
          Norm of current diis error: 0.75844E-02
          max. resid. norm for Fia-block=  6.757D-04 for orbital     19a         
          max. resid. fock norm         =  7.247D-04 for orbital     19a         

 ITERATION  ENERGY          1e-ENERGY        2e-ENERGY     NORM[dD(SAO)]  TOL
   9  -379.64069676810    -988.80046702     372.67720506    0.482D-03 0.113D-10
                            Exc = -46.7667978652     Coul =  419.444002927    
                              N = 47.998918875    
                            current damping = 0.500
 
          Norm of current diis error: 0.23599E-02
          max. resid. norm for Fia-block=  2.862D-04 for orbital     19a         
          max. resid. fock norm         =  3.949D-04 for orbital     42a         

 ITERATION  ENERGY          1e-ENERGY        2e-ENERGY     NORM[dD(SAO)]  TOL
  10  -379.64069751321    -988.79642530     372.67316261    0.121D-03 0.111D-10
                            Exc = -46.7664084948     Coul =  419.439571100    
                              N = 47.998917636    
                            current damping = 0.550
 
          Norm of current diis error: 0.15111E-02
          max. resid. norm for Fia-block=  1.135D-04 for orbital     16a         
          max. resid. fock norm         =  1.771D-04 for orbital     84a         
          mo-orthogonalization: Cholesky decomposition

 ITERATION  ENERGY          1e-ENERGY        2e-ENERGY     NORM[dD(SAO)]  TOL
  11  -379.64069774830    -988.79910016     372.67583723    0.349D-04 0.110D-10
                            Exc = -46.7667556844     Coul =  419.442592915    
                              N = 47.998917862    
                            current damping = 0.600
 
          Norm of current diis error: 0.71858E-03
          max. resid. norm for Fia-block=  5.466D-05 for orbital      8a         
          max. resid. fock norm         =  7.044D-05 for orbital      8a         

 ITERATION  ENERGY          1e-ENERGY        2e-ENERGY     NORM[dD(SAO)]  TOL
  12  -379.64069780888    -988.80130221     372.67803922    0.141D-04 0.109D-10
                            Exc = -46.7670197841     Coul =  419.445059004    
                              N = 47.998917689    
                            current damping = 0.450
 
          Norm of current diis error: 0.25060E-03
          max. resid. norm for Fia-block=  2.229D-05 for orbital     19a         
          max. resid. fock norm         =  2.502D-05 for orbital     19a         

 ITERATION  ENERGY          1e-ENERGY        2e-ENERGY     NORM[dD(SAO)]  TOL
  13  -379.64069781563    -988.80027959     372.67701659    0.300D-05 0.108D-10
                            Exc = -46.7668722191     Coul =  419.443888807    
                              N = 47.998917649    
                            current damping = 0.500
 
          Norm of current diis error: 0.14844E-03
          max. resid. norm for Fia-block=  8.738D-06 for orbital     17a         
          max. resid. fock norm         =  1.417D-05 for orbital     42a         

 ENERGY CONVERGED !

          Overall gridpoints after grid construction =         51842

 ITERATION  ENERGY          1e-ENERGY        2e-ENERGY     NORM[dD(SAO)]  TOL
  14  -379.64026207250    -988.80019441     372.67736715    0.103D-05 0.107D-10
                            Exc = -46.7664437815     Coul =  419.443810936    
                              N = 47.999937236    
                            current damping = 0.550
 
          Norm of current diis error: 0.41758E-04
          max. resid. norm for Fia-block=  4.001D-06 for orbital     24a         
          max. resid. fock norm         =  5.212D-06 for orbital      9a         

 End of SCF iterations

   convergence criteria satisfied after    14 iterations


                  ------------------------------------------ 
                 |  total energy      =   -379.64026207250  |
                  ------------------------------------------ 
                 :  kinetic energy    =    377.54519806104  :
                 :  potential energy  =   -757.18546013353  :
                 :  virial theorem    =      1.99448144936  :
                 :  wavefunction norm =      1.00000000000  :
                  .......................................... 


 <geterg> : there is no data group $energy 


 orbitals $scfmo  will be written to file mos

    irrep                 20a         21a         22a         23a         24a   
 eigenvalues H         -0.33021    -0.29523    -0.28474    -0.26416    -0.25299
            eV          -8.9856     -8.0336     -7.7482     -7.1883     -6.8842
 occupation              2.0000      2.0000      2.0000      2.0000      2.0000

    irrep                 25a         26a         27a         28a         29a   
 eigenvalues H         -0.04291    -0.03743     0.07366     0.08298     0.12451
            eV          -1.1676     -1.0186      2.0045      2.2579      3.3882
 
 
 
 
 ==============================================================================
                           electrostatic moments
 ==============================================================================

 reference point for electrostatic moments:    0.00000   0.00000   0.00000

 
              nuc           elec       ->  total
 ------------------------------------------------------------------------------
                          charge      
 ------------------------------------------------------------------------------
          48.000000     -48.000000       0.000000
 
 ------------------------------------------------------------------------------
                       dipole moment  
 ------------------------------------------------------------------------------
   x    -226.199219     226.194267      -0.004952
   y    -114.362261     114.361043      -0.001218
   z     250.494576    -250.497874      -0.003297
 
   | dipole moment | =     0.0061 a.u. =     0.0154 debye 
 
 ------------------------------------------------------------------------------
                     quadrupole moment
 ------------------------------------------------------------------------------
  xx    1233.969336   -1258.920946     -24.951610
  yy     516.307498    -542.189596     -25.882098
  zz    1463.411638   -1486.979645     -23.568007
  xy     605.791261    -602.008567       3.782694
  xz   -1336.941114    1336.522804      -0.418310
  yz    -706.629512     703.750613      -2.878899
 
     1/3  trace=     -24.800572
     anisotropy=       8.507822
 
 ==============================================================================
 
HOMO-LUMO Separation
 HOMO         :   -0.25298836 H =     -6.88417 eV
 LUMO         :   -0.04290898 H =     -1.16761 eV
 HOMO-LUMO gap:    0.21007938 H =     +5.71655 eV
 
 ==============================================================================


    ------------------------------------------------------------------------
         total  cpu-time :   3.45 seconds
         total wall-time :   2.20 seconds
    ------------------------------------------------------------------------

   ****  ridft : all done  ****


    2023-06-18 13:54:33.133 

