
  ========================================================================
                license information 
 Customer : 200000000058156
 ID       : LKO1924661

 License file is VALID, continuing with full version
  ========================================================================

   OpenMP run-time library returned nthreads =  2

 ridft (c04) : TURBOMOLE rev. V7-6 27 Oct 2021 at 10:11:12 compiled Oct 27th 2021
 Copyright (C) 2021 TURBOMOLE GmbH, Karlsruhe


    2023-06-04 16:40:43.724 



                                  r i d f t

                        DFT program with RI approximation 
                                for coulomb part 




                                                 
                                 References:     
                                                 
          TURBOMOLE:                             
              R. Ahlrichs, M. Baer, M. Haeser, H. Horn, and
              C. Koelmel
              Electronic structure calculations on workstation
              computers: the program system TURBOMOLE
              Chem. Phys. Lett. 162: 165 (1989)
          Density Functional:                              
              O. Treutler and R. Ahlrichs                      
              Efficient Molecular Numerical Integration Schemes
              J. Chem. Phys. 102: 346 (1995)                   
          Parallel Version:                                
              Performance of parallel TURBOMOLE for Density    
              Functional Calculations                          
              M. v. Arnim and R. Ahlrichs                      
              J. Comp. Chem. 19: 1746 (1998)                   
          RI-J Method:                                     
              Auxiliary Basis Sets to approximate Coulomb      
              Potentials                                       
              Chem. Phys. Lett. 240: 283 (1995)                
              K. Eichkorn, O. Treutler, H. Oehm, M. Haeser     
              and R. Ahlrichs                                  
              Chem. Phys. Lett. 242: 652 (1995)                
                                                           
              Auxiliary Basis Sets for Main Row Atoms and their
              Use to approximate Coulomb Potentials            
              K. Eichkorn, F. Weigend, O. Treutler and         
              R. Ahlrichs                                      
              Theo. Chem. Acc. 97: 119 (1997)                   
                                                           
              Accurate Coulomb-fitting basis sets for H to Rn 
              F. Weigend                                        
              Phys. Chem. Chem. Phys. 8: 1057 (2006)            
                                                           
          Multipole accelerated RI-J (MARI-J):             
              Fast evaluation of the Coulomb potential for     
              electron densities using multipole accelerated   
              resolution of identity approximation             
              M. Sierka, A. Hogekamp and R. Ahlrichs           
              J. Chem. Phys. 118: 9136 (2003)                  
          RI-JK Method:                                     
              A fully direct RI-HF algorithm: Implementation,
              optimised auxiliary basis sets, demonstration of
              accuracy and efficiency                         
              F. Weigend                                      
              Phys. Chem. Chem. Phys. 4: 4285 (2002)           
          Two-component HF and DFT with spin-orbit coupling:  
              Self-consistent treatment of spin-orbit         
              interactions with efficient Hartree-Fock and    
              density functional methods                      
              M. K. Armbruster, F. Weigend, C. van Wüllen and 
              W. Klopper                                      
              Phys. Chem. Chem. Phys. 10: 1748 (2008)         
          Two-component difference density and DIIS algorithm 
              Efficient two-component self-consistent field   
              procedures and gradients: implementation in     
              TURBOMOLE and application to Au20-              
              A. Baldes, F. Weigend                           
              Mol. Phys. 111: 2617 (2013)                     
          Relativistic all-electron 2c calculations           
              An efficient implementation of two-component    
              relativistic exact-decoupling methods for large 
              molecules                                       
              D. Peng, N. Middendorf, F. Weigend, M. Reiher   
              J. Chem. Phys. 138: 184105 (2013)               
          Finite nucleus model and SNSO approximation         
              Efficient implementation of one- and two-       
              component analytical energy gradients in exact  
              two-component theory                            
              Y. J. Franzke, N. Middendorf, F. Weigend        
              J. Chem. Phys. 148: 104110 (2018)               
          Grids for all-electron relativistic methods         
              Error-consistent segmented contracted all-      
              electron relativistic basis sets of double-     
              and triple-zeta quality for NMR shielding       
              constants                                       
              Y. J. Franzke, R. Tress, T. M. Pazdera,         
              F. Weigend                                      
              Phys. Chem. Chem. Phys. 21: 166658 (2019)       
          Seminumerical exchange algorithms                   
              Seminumerical calculation of the Hartree-Fock   
              exchange matirx: Application to two-component   
              procedures and efficient evaluation of local    
              hybrid functionsl                               
               P. Plessow, F. Weigend,                        
              J. Comput. Chem. 33: 810 (2012)                 
          Improved seminumerical algorithms                   
              C. Holzer,                                      
              J. Chem. Phys. 153 (2020), 184115               
                                         





          OpenMP Shared-Memory Parallelization:  2 CPUs.

            By: Christof Holzer and Yannick J. Franzke


              +--------------------------------------------------+
              |      general information about current run       |
              +--------------------------------------------------+

 
 A HF calculation using the RI-J approximation will be carried out.
 Allocatable memory for RI due to $ricore (MB):                   500


              +--------------------------------------------------+
              | Atomic coordinate, charge and isotop information |
              +--------------------------------------------------+

                    atomic coordinates            atom    charge  isotop
         -1.05205118    3.54143134    0.19585191    c      6.000     0
         -2.85736301    4.73620344    0.86202040    o      8.000     0
         -0.94535797    0.97872590    0.41154590    o      8.000     0
          0.67215267    0.38363514   -0.23516354    h      1.000     0
          0.67285005    4.37581939   -0.64396093    h      1.000     0
 
       center of nuclear mass  :   -1.56698493    3.01503112    0.47457143
       center of nuclear charge:   -1.47454467    2.98864489    0.43685489

  Keyword $basis  missing in file <control>

              read basis sets from /software/cluster/turbomole76/basen/
              (basis sets have been saved in file basis)

              +--------------------------------------------------+
              |               basis set information              |
              +--------------------------------------------------+

              we will work with the 1s 3p 5d 7f 9g ... basis set
              ...i.e. with spherical basis functions...

   type   atoms  prim   cont   basis
   ---------------------------------------------------------------------------
    c        1     77     55   cc-pVQZ   [5s4p3d2f1g|21s6p3d2f1g]
    o        2     77     55   cc-pVQZ   [5s4p3d2f1g|21s6p3d2f1g]
    h        2     32     30   cc-pVQZ   [4s3p2d1f|6s3p2d1f]
   ---------------------------------------------------------------------------
   total:    5    295    225
   ---------------------------------------------------------------------------

   total number of primitive shells          :   78
   total number of contracted shells         :   65
   total number of cartesian basis functions :  280
   total number of SCF-basis functions       :  225


 integral neglect threshold       :  0.12E-10
 integral storage threshold THIZE :  0.10E-04
 integral storage threshold THIME :         5

 RI-J AUXILIARY BASIS SET information:

              assign orbital basis set names as defaults
              read basis sets from /software/cluster/turbomole76/jbasen/
              (basis sets have been saved in file auxbasis)

              we will work with the 1s 3p 5d 7f 9g ... basis set
              ...i.e. with spherical basis functions...

   type   atoms  prim   cont   basis
   ---------------------------------------------------------------------------
    c        1     70     49   cc-pVQZ   [6s4p3d1f1g|12s5p4d2f1g]
    o        2     70     49   cc-pVQZ   [6s4p3d1f1g|12s5p4d2f1g]
    h        2     16     11   cc-pVQZ   [3s1p1d|5s2p1d]
   ---------------------------------------------------------------------------
   total:    5    242    169
   ---------------------------------------------------------------------------

   total number of primitive shells          :   56
   total number of contracted shells         :   55
   total number of cartesian basis functions :  207
   total number of SCF-basis functions       :  169


 symmetry group of the molecule :   c1 

 the group has the following generators :
   c1(z)

    1 symmetry operations found

 there are 1 real representations :   a   

 maximum number of shells which are related by symmetry :  1


 biggest AO integral is expected to be     4.785886462

          ------------------------
          nuclear repulsion energy  :   69.5764401993    
          ------------------------


         -----------------
         -S,T+V- integrals
         -----------------

 1e-integrals will be neglected if expon. factor < 0.119356E-11
 
   Difference densities algorithm switched on.
   The maximal number of linear combinations of
   difference densities is                    20 .

 DIIS switched on: error vector is FDS-SDF
 Max. Iterations for DIIS is     :   5
 DIIS matrix (see manual) 
    Scaling factor of diagonals  :  1.200
    threshold for scaling factor :  0.000

 scf convergence criterion : increment of total energy < .1000000D-06
                  and increment of one-electron energy < .1000000D-03

 MOs are in ASCII format !

  missing closed shell occupation number declaration

 No input with occupation numbers/open-shell information found

 start vectors will be provided by an EHT guess

 The EHT guess will be determined for:
   molecular charge   :    0
   number of electrons:   24
   S_z eigenvalue     :    0
 
 virtual MOs provided and orthogonalized by Cholesky decomposition

 automatic virtual orbital shift switched on 
      shift if e(lumo)-e(homo) < 0.10000000    

  
           ------------------------
               RI-J - INFORMATION
           ------------------------
 Contributions to RI integral batches: 
  neglected integral batches:                    58
  direct contribution:                            0
  memory contribution:                  2087
 Memory core needed for (P|Q) and Cholesky      1 MByte
 Memory core minimum needed except of (P|Q)     1 MByte
 Total minimum memory core needed (sum)         1 MByte
  
 ****************************************
 Memory allocated for RI-J    62 MByte
 ****************************************
                                            

 dump of DSCF restart information has been disabled !


 Starting SCF iterations


 ITERATION  ENERGY          1e-ENERGY        2e-ENERGY     NORM[dD(SAO)]  TOL
   1  -188.00795075947    -396.00664726     138.42225631    0.000D+00 0.119D-10
                            exK = -22.4943667336     Coul =  160.916623040    
                            current damping = 0.300
 
          max. resid. norm for Fia-block=  4.355D-01 for orbital     11a         
          max. resid. fock norm         =  1.603D+01 for orbital    210a         

 ITERATION  ENERGY          1e-ENERGY        2e-ENERGY     NORM[dD(SAO)]  TOL
   2  -188.78570561129    -396.21389250     137.85174669    0.951D+00 0.804D-11
                            current damping = 0.250
 
          Norm of current diis error:  1.4191    
          max. resid. norm for Fia-block=  1.296D-01 for orbital      2a         
          max. resid. fock norm         =  3.164D-01 for orbital    115a         

 ITERATION  ENERGY          1e-ENERGY        2e-ENERGY     NORM[dD(SAO)]  TOL
   3  -188.83612099758    -397.10093451     138.68837332    0.326D+00 0.631D-11
                            current damping = 0.200
 
          Norm of current diis error: 0.48412    
          max. resid. norm for Fia-block=  3.368D-02 for orbital     10a         
          max. resid. fock norm         =  3.707D-02 for orbital     21a         

 ITERATION  ENERGY          1e-ENERGY        2e-ENERGY     NORM[dD(SAO)]  TOL
   4  -188.84518374992    -396.85080776     138.42918381    0.936D-01 0.544D-11
                            current damping = 0.250
 
          Norm of current diis error: 0.15353    
          max. resid. norm for Fia-block=  1.361D-02 for orbital      5a         
          max. resid. fock norm         =  1.953D-02 for orbital    217a         

 ITERATION  ENERGY          1e-ENERGY        2e-ENERGY     NORM[dD(SAO)]  TOL
   5  -188.84627843356    -396.94604045     138.52332182    0.212D-01 0.505D-11
                            current damping = 0.300
 
          Norm of current diis error: 0.51334E-01
          max. resid. norm for Fia-block=  5.006D-03 for orbital     10a         
          max. resid. fock norm         =  5.150D-03 for orbital     11a         
          mo-orthogonalization: Cholesky decomposition

 ITERATION  ENERGY          1e-ENERGY        2e-ENERGY     NORM[dD(SAO)]  TOL
   6  -188.84645401176    -396.94355157     138.52065736    0.521D-02 0.475D-11
                            current damping = 0.350
 
          Norm of current diis error: 0.23479E-01
          max. resid. norm for Fia-block=  2.845D-03 for orbital     10a         
          max. resid. fock norm         =  3.431D-03 for orbital     10a         

 ITERATION  ENERGY          1e-ENERGY        2e-ENERGY     NORM[dD(SAO)]  TOL
   7  -188.84649207743    -396.94097953     138.51804725    0.201D-02 0.451D-11
                            current damping = 0.200
 
          Norm of current diis error: 0.10642E-01
          max. resid. norm for Fia-block=  1.428D-03 for orbital     11a         
          max. resid. fock norm         =  1.483D-03 for orbital     11a         

 ITERATION  ENERGY          1e-ENERGY        2e-ENERGY     NORM[dD(SAO)]  TOL
   8  -188.84650277694    -396.94430036     138.52135738    0.748D-03 0.426D-11
                            current damping = 0.250
 
          Norm of current diis error: 0.45284E-02
          max. resid. norm for Fia-block=  6.152D-04 for orbital     11a         
          max. resid. fock norm         =  6.813D-04 for orbital      8a         

 ITERATION  ENERGY          1e-ENERGY        2e-ENERGY     NORM[dD(SAO)]  TOL
   9  -188.84650470530    -396.94375527     138.52081037    0.213D-03 0.407D-11
                            current damping = 0.300
 
          Norm of current diis error: 0.18048E-02
          max. resid. norm for Fia-block=  3.506D-04 for orbital     11a         
          max. resid. fock norm         =  3.570D-04 for orbital     11a         

 ITERATION  ENERGY          1e-ENERGY        2e-ENERGY     NORM[dD(SAO)]  TOL
  10  -188.84650506794    -396.94391562     138.52097036    0.466D-04 0.390D-11
                            current damping = 0.350
 
          Norm of current diis error: 0.86941E-03
          max. resid. norm for Fia-block=  1.567D-04 for orbital     11a         
          max. resid. fock norm         =  1.567D-04 for orbital     11a         
          mo-orthogonalization: Cholesky decomposition

 ITERATION  ENERGY          1e-ENERGY        2e-ENERGY     NORM[dD(SAO)]  TOL
  11  -188.84650514713    -396.94403675     138.52109141    0.155D-04 0.375D-11
                            current damping = 0.200
 
          Norm of current diis error: 0.36925E-03
          max. resid. norm for Fia-block=  8.008D-05 for orbital     11a         
          max. resid. fock norm         =  8.089D-05 for orbital     11a         

 ENERGY CONVERGED !


 ITERATION  ENERGY          1e-ENERGY        2e-ENERGY     NORM[dD(SAO)]  TOL
  12  -188.84650516419    -396.94397926     138.52103390    0.514D-05 0.359D-11
                            current damping = 0.250
 
          Norm of current diis error: 0.15956E-03
          max. resid. norm for Fia-block=  2.868D-05 for orbital     12a         
          max. resid. fock norm         =  3.270D-05 for orbital     12a         

 End of SCF iterations

   convergence criteria satisfied after    12 iterations


                  ------------------------------------------ 
                 |  total energy      =   -188.84650516419  |
                  ------------------------------------------ 
                 :  kinetic energy    =    188.51810807869  :
                 :  potential energy  =   -377.36461324288  :
                 :  virial theorem    =      1.99826103700  :
                 :  wavefunction norm =      1.00000000000  :
                  .......................................... 


 <geterg> : there is no data group $energy 


 orbitals $scfmo  will be written to file mos

    irrep                  8a          9a         10a         11a         12a   
 eigenvalues H         -0.66978    -0.63219    -0.60099    -0.49407    -0.46996
            eV         -18.2258    -17.2028    -16.3539    -13.4444    -12.7884
 occupation              2.0000      2.0000      2.0000      2.0000      2.0000

    irrep                 13a         14a         15a         16a         17a   
 eigenvalues H          0.09328     0.14632     0.14774     0.23933     0.28744
            eV           2.5383      3.9816      4.0203      6.5126      7.8217
 
 
 
 
 ==============================================================================
                           electrostatic moments
 ==============================================================================

 reference point for electrostatic moments:    0.00000   0.00000   0.00000

 
              nuc           elec       ->  total
 ------------------------------------------------------------------------------
                          charge      
 ------------------------------------------------------------------------------
          24.000000     -24.000000      -0.000000
 
 ------------------------------------------------------------------------------
                       dipole moment  
 ------------------------------------------------------------------------------
   x     -35.389072      36.931201       1.542129
   y      71.727477     -72.196529      -0.469052
   z      10.484517     -11.110556      -0.626038
 
   | dipole moment | =     1.7292 a.u. =     4.3952 debye 
 
 ------------------------------------------------------------------------------
                     quadrupole moment
 ------------------------------------------------------------------------------
  xx      80.011187     -95.902589     -15.891402
  yy     281.661606    -298.046704     -16.385098
  zz       7.999729     -20.948752     -12.949023
  xy    -134.818861     139.913474       5.094613
  xz     -24.644940      25.705205       1.060266
  yz      37.137460     -39.023659      -1.886200
 
     1/3  trace=     -15.075174
     anisotropy=      10.112613
 
 ==============================================================================
 
HOMO-LUMO Separation
 HOMO         :   -0.46995997 H =    -12.78827 eV
 LUMO         :    0.09327873 H =     +2.53824 eV
 HOMO-LUMO gap:    0.56323870 H =    +15.32651 eV
 
 ==============================================================================


    ------------------------------------------------------------------------
         total  cpu-time :  2 minutes and 11 seconds
         total wall-time :  4 minutes and 52 seconds
    ------------------------------------------------------------------------

   ****  ridft : all done  ****


    2023-06-04 16:45:33.610 

