14
 energy: -18.778294456504 gnorm: 0.071449492658 xtb: 6.5.1 (579679a)
C           -5.59449000000000        1.49286000000000        0.55391000000000
C           -5.69332000000000        2.54314000000000       -0.52484000000000
C           -5.19380000000000        3.77528000000000       -0.39499000000000
O           -2.69000000000000        2.68004000000000        0.56642000000000
C           -3.12754000000000        1.77146000000000        1.25222000000000
C           -4.20223000000000        0.85569000000000        0.73863000000000
H           -6.26676000000000        0.66126000000000        0.24973000000000
H           -5.98043000000000        1.89762000000000        1.51461000000000
H           -6.23551000000000        2.29986000000000       -1.43423000000000
H           -4.68516000000000        4.08838000000000        0.50925000000000
H           -5.31490000000000        4.49491000000000       -1.19814000000000
H           -2.68405000000000        1.58233000000000        2.22453000000000
H           -3.86492000000000        0.39483000000000       -0.21491000000000
H           -4.32087000000000        0.04085000000000        1.48539000000000
14
 energy: -18.782526962881 gnorm: 0.027506948048 xtb: 6.5.1 (579679a)
C           -5.59647052435515        1.48548991118461        0.54899387863654
C           -5.68685110324526        2.55048829583907       -0.50931019688912
C           -5.21733721197771        3.78136924185829       -0.37946764320226
O           -2.68691872900645        2.68406531352526        0.55723631694070
C           -3.11985196374895        1.76707323888361        1.21032713427653
C           -4.20910140018647        0.84173515969310        0.74459653590812
H           -6.28023236725778        0.66733761624154        0.28248835357792
H           -5.93548248939840        1.89589304586632        1.50856477341941
H           -6.18500758684521        2.27381860830959       -1.43104388392790
H           -4.69487237025193        4.10145537411727        0.50533274949456
H           -5.29443652703632        4.48756369572463       -1.19141456781974
H           -2.74245201159797        1.60442774534784        2.23110985476418
H           -3.88687693106997        0.41940053749563       -0.21487424806201
H           -4.31808878402243        0.01839221591325        1.46504094288306
14
 energy: -18.783751136249 gnorm: 0.015383196439 xtb: 6.5.1 (579679a)
C           -5.60107331876358        1.48429012142068        0.55538021402807
C           -5.65558382851014        2.54344203617224       -0.50516472841796
C           -5.20837747072498        3.77480017385884       -0.37640834365555
O           -2.65873996660996        2.65677169423439        0.52605879896536
C           -3.15795001113850        1.79774870777996        1.19257914319603
C           -4.21521842542088        0.82934499786624        0.73954604985458
H           -6.29812915751206        0.68241513314810        0.31592599618764
H           -5.89868636426800        1.91278300536946        1.51246979850937
H           -6.12081228680142        2.23700853495627       -1.43478854815169
H           -4.74960532713446        4.12994143436397        0.52729933424423
H           -5.29858344744575        4.48869340157719       -1.17217003108417
H           -2.78374979906633        1.59778609403812        2.21903607325140
H           -3.89533022301661        0.43202044085774       -0.22211521301979
H           -4.31214037358735        0.01146422435679        1.44993145609247
14
 energy: -18.784880688981 gnorm: 0.018464455113 xtb: 6.5.1 (579679a)
C           -5.59889795096008        1.49044613609919        0.57413594218502
C           -5.64114287123840        2.53584000634140       -0.49938164250937
C           -5.21875983637948        3.77711611436976       -0.36560254829077
O           -2.64925456209032        2.64234634029885        0.50843925105972
C           -3.14903308901398        1.78077677065454        1.16630744501572
C           -4.21174951932196        0.81731871855498        0.71688747268195
H           -6.31505005768138        0.70245370470576        0.34631022085116
H           -5.87029849999882        1.93352221429420        1.53508131719615
H           -6.06565541199684        2.20575473183407       -1.44512953442744
H           -4.80147242073231        4.15393983524706        0.55499430965005
H           -5.28034295095943        4.48226056188169       -1.17455981334465
H           -2.84191948909380        1.62799521495846        2.23623260436320
H           -3.91290983381508        0.42577574541187       -0.25544191032433
H           -4.29749350671816        0.00296390534818        1.42930688589358
14
 energy: -18.785720745741 gnorm: 0.020882785804 xtb: 6.5.1 (579679a)
C           -5.59424504304842        1.50110010951293        0.60051700427732
C           -5.62887767644241        2.52745453154772       -0.49150012582500
C           -5.25476628067371        3.78752204626169       -0.34252688668975
O           -2.62988210360653        2.61021446015587        0.47675788190180
C           -3.15724491671065        1.77256213697262        1.14900755978434
C           -4.20904825737855        0.80301311397467        0.68887394991027
H           -6.33928345934483        0.72897850009109        0.39550074645821
H           -5.82531473084046        1.96176317938878        1.56826455619240
H           -5.97074969787992        2.16306104154540       -1.46857093313406
H           -4.87939731537428        4.18023341834947        0.59391499462437
H           -5.24132114751437        4.47014869117769       -1.18513980163899
H           -2.90644613583433        1.66665939027363        2.24776571669675
H           -3.94161748461253        0.42532788974366       -0.30295879347772
H           -4.27578575073906       -0.01952850899519        1.39767413092005
14
 energy: -18.786407943300 gnorm: 0.018110241864 xtb: 6.5.1 (579679a)
C           -5.58574985555502        1.50831569793387        0.61290033138255
C           -5.60314792083466        2.51751608423347       -0.49626121042985
C           -5.24905493249317        3.78311517846063       -0.34648607768601
O           -2.62313646188484        2.58693958221205        0.46279675232907
C           -3.16417709670593        1.76327358221712        1.14459221620320
C           -4.20835446580448        0.79158578348951        0.67523392573002
H           -6.35473949877786        0.74812538025026        0.43207886580286
H           -5.78845175624292        1.98757024196141        1.57959659137995
H           -5.91733131573853        2.14741340087781       -1.47199597961464
H           -4.93160446719623        4.19222769170686        0.61073781310173
H           -5.25162787065061        4.47149218966106       -1.17620924489945
H           -2.95016927993570        1.69727874017333        2.25393452686608
H           -3.95917522687652        0.42737258777206       -0.32781912362715
H           -4.26725985130358       -0.04371614094944        1.37448061346162
14
 energy: -18.787139976627 gnorm: 0.010272914699 xtb: 6.5.1 (579679a)
C           -5.57642915620991        1.51619242459031        0.62318531469648
C           -5.59149771620639        2.51453625244928       -0.49346894568848
C           -5.26002253421146        3.78429673716087       -0.34741280671335
O           -2.61613828749721        2.56117195348614        0.45742319087010
C           -3.17793744957012        1.75933790594662        1.15222772673313
C           -4.21055048848251        0.78619085579279        0.66911819768999
H           -6.35764884173038        0.76566962824308        0.46134854152058
H           -5.76235986635148        2.00515255194909        1.58257838759287
H           -5.86462894799980        2.13571411731703       -1.46712894063555
H           -4.96291845280115        4.18895069421483        0.60585077655842
H           -5.26176634202673        4.47263747964532       -1.17101898817542
H           -2.97828916853412        1.71669016848695        2.24352804421274
H           -3.96653259678744        0.44023113733313       -0.33865496673917
H           -4.26726015159138       -0.06826190661542        1.35000446807767
14
 energy: -18.787535197423 gnorm: 0.017775372461 xtb: 6.5.1 (579679a)
C           -5.56645048206034        1.52416359779669        0.63798640725982
C           -5.57553920656498        2.51373772302369       -0.48313005298901
C           -5.28203278425171        3.79233690373476       -0.33672227526268
O           -2.57854055043371        2.50923680372932        0.42351339273967
C           -3.18348594283861        1.74822555304341        1.13483224107229
C           -4.21233113115763        0.77175320156018        0.65495250450170
H           -6.36758833764934        0.79144248064124        0.50460740285155
H           -5.71319359898508        2.03000298491532        1.59467593922023
H           -5.77383111358885        2.10265564993341       -1.47239055840118
H           -5.05605631647061        4.21720964214760        0.63612029431289
H           -5.25248358449216        4.47043183287697       -1.17085366105624
H           -3.04258710500521        1.75388004348253        2.24031194884773
H           -3.98149057827495        0.44389403047175       -0.35758225691301
H           -4.26836926822692       -0.09046044735685        1.32125867381623
14
 energy: -18.787807884825 gnorm: 0.007343945622 xtb: 6.5.1 (579679a)
C           -5.55945520629488        1.52471037172943        0.63689745705774
C           -5.56760393427417        2.51547142953625       -0.48286869436694
C           -5.29675471211224        3.79976768453607       -0.33609831867512
O           -2.56137167465738        2.48864325721626        0.42662041553112
C           -3.17656731395467        1.73715700695160        1.13088509729738
C           -4.21146923157766        0.76552680908414        0.65369115156103
H           -6.36443603385182        0.79941137982112        0.51116003774799
H           -5.69436580837232        2.03506164399177        1.59205325122112
H           -5.76114308546977        2.10221315744742       -1.46179961034651
H           -5.08474510963955        4.22703191130497        0.63313178336573
H           -5.25883427296202        4.47375346022280       -1.17494952272153
H           -3.06173686154020        1.76218858437712        2.23869904800998
H           -3.97964327181871        0.44117409868723       -0.35756522861496
H           -4.27585348347469       -0.09360079490614        1.31772313293295
14
 energy: -18.788017093219 gnorm: 0.006542776826 xtb: 6.5.1 (579679a)
C           -5.55471566397185        1.53077447723440        0.64198544826374
C           -5.56027389775457        2.51878254166302       -0.48214547839411
C           -5.31725969419083        3.80877983791393       -0.33725094108417
O           -2.52351923349910        2.45242765347660        0.42902836068520
C           -3.16566225690729        1.72225470868174        1.12937710599353
C           -4.21242027075626        0.76205064444126        0.65180921252458
H           -6.36595418227690        0.81438399883746        0.52268796110123
H           -5.67898274926908        2.04346760572656        1.59621487902080
H           -5.71780346855008        2.09250235818187       -1.46653817620599
H           -5.12907138389051        4.24325096150991        0.62934977839910
H           -5.28514115528572        4.48118152095647       -1.17440888597087
H           -3.07790526566119        1.76547328825754        2.23422813802782
H           -3.98327330376406        0.43937826550862       -0.36201510854571
H           -4.28199747422266       -0.09619786238937        1.31525770618486
14
 energy: -18.788228025686 gnorm: 0.022000209472 xtb: 6.5.1 (579679a)
C           -5.54099769544420        1.54224235744246        0.64657385347303
C           -5.54529271173356        2.52575086376362       -0.48383231147035
C           -5.36065808226982        3.82633147806345       -0.33856397468144
O           -2.42906637705920        2.36461306670319        0.42391389460841
C           -3.14395524056344        1.69440606626759        1.12883557039746
C           -4.21063159281203        0.75431455268094        0.64595178750927
H           -6.36754535907359        0.84257405753274        0.53844840720332
H           -5.64782277682959        2.05957856796891        1.59959797807027
H           -5.65463839878842        2.08872316197593       -1.46630297117146
H           -5.23275110899968        4.27770366572502        0.63179965871451
H           -5.32869175834172        4.49369498688787       -1.17931975914415
H           -3.11761278183321        1.78421519775519        2.23546747711399
H           -3.98423413358939        0.42523716991767       -0.36834572267109
H           -4.29008198266227       -0.10087519268454        1.31335611204821
14
 energy: -18.788382302847 gnorm: 0.013730294718 xtb: 6.5.1 (579679a)
C           -5.53485260449777        1.54938040921082        0.64716315038030
C           -5.54179523098118        2.53340192843495       -0.48451105239035
C           -5.37858370696567        3.83350808255357       -0.34363998571857
O           -2.40011201395306        2.33027540001037        0.43750337643507
C           -3.12941095096773        1.67902734611523        1.13269038850363
C           -4.20969365046426        0.75196354788441        0.64686733519565
H           -6.36803615411776        0.85441723849336        0.53622862815836
H           -5.64284901336360        2.06695887201638        1.60149263144786
H           -5.63104646118753        2.09654493827501       -1.46967514207438
H           -5.28907199086407        4.29842407991744        0.63399457202587
H           -5.34729382110628        4.49655021111902       -1.19191179280549
H           -3.10526939470050        1.77888333184459        2.22635153465602
H           -3.98458378230539        0.41047090193934       -0.36653031491004
H           -4.29138122452532       -0.10129628781445        1.32155667109607
14
 energy: -18.788612945102 gnorm: 0.008803776575 xtb: 6.5.1 (579679a)
C           -5.52594508716546        1.55365410594863        0.64425695663562
C           -5.53246816615338        2.54009700104243       -0.48438485298216
C           -5.40096398116335        3.84375635121211       -0.33983342053978
O           -2.37026210557620        2.28551801003491        0.43357158512903
C           -3.12084507321762        1.66707351510708        1.13006955719517
C           -4.20725307012120        0.74557911103762        0.64522639203161
H           -6.36478916954613        0.86102801416840        0.53034017113920
H           -5.63462288004232        2.07323403236740        1.60051136172341
H           -5.60618808307139        2.10593067168075       -1.47257153962455
H           -5.30431602352161        4.30319197575319        0.62370810368121
H           -5.38691623858045        4.51140832920155       -1.18373956209516
H           -3.12088980967691        1.80283162512894        2.23394029088597
H           -3.98549017531457        0.38700294329612       -0.36325769316386
H           -4.29303013684952       -0.10179568597910        1.32974264998429
14
 energy: -18.788750153981 gnorm: 0.021138514027 xtb: 6.5.1 (579679a)
C           -5.51535704437617        1.56172152213407        0.64330547276888
C           -5.51040079847859        2.54675947748294       -0.48544681361502
C           -5.43900410142730        3.86103799491271       -0.33367133948392
O           -2.30036242699306        2.20267741754622        0.41579120917493
C           -3.10477408272770        1.64799928992220        1.12192634782233
C           -4.20951818529676        0.74133423345546        0.65152240795880
H           -6.35628354040083        0.87538963697497        0.52723005067323
H           -5.62449339778852        2.08342547747816        1.59618506445130
H           -5.54520031484051        2.10724571008454       -1.47745246520288
H           -5.38577103930989        4.33065588299142        0.63266780515694
H           -5.43020860932406        4.52728112739487       -1.17930073691077
H           -3.13290763105666        1.82220075516257        2.22253930903344
H           -3.99236011520839        0.36877774370702       -0.35083384335770
H           -4.30733871277170       -0.09799626924712        1.34311753153042
14
 energy: -18.788903752397 gnorm: 0.009993687566 xtb: 6.5.1 (579679a)
C           -5.52091844155225        1.55703203989078        0.63626814260773
C           -5.51439917890783        2.54796330024003       -0.48495842680123
C           -5.42581798179026        3.85390370164268       -0.33273228915733
O           -2.31391653407687        2.21251594885621        0.40882498838145
C           -3.10794013437123        1.65906615546048        1.11971218548724
C           -4.21167064390651        0.74929931696401        0.66280399018898
H           -6.34778981310296        0.86160464200877        0.50496764759888
H           -5.64861486621665        2.06906043259198        1.58892437743879
H           -5.57066421348664        2.12059874847843       -1.47531163705857
H           -5.36128227100704        4.31516456418960        0.63659928205189
H           -5.42123669845481        4.52452561199485       -1.17481847787682
H           -3.10673321218774        1.81915568523487        2.21451997087238
H           -3.99035313606390        0.37319352762065       -0.33491663919066
H           -4.31264287487546       -0.08457367517330        1.35769688545727
14
 energy: -18.789033965418 gnorm: 0.008829107047 xtb: 6.5.1 (579679a)
C           -5.51580082329482        1.56125891297081        0.64119845256984
C           -5.50154682369319        2.54918881075979       -0.48248751172297
C           -5.43792338249534        3.85650298825943       -0.32778466332433
O           -2.30758175691049        2.18170338403775        0.39880379610851
C           -3.10692828948374        1.65131825745491        1.11068317474360
C           -4.21048596861735        0.74160646652774        0.65952702132103
H           -6.35585244515589        0.87393178691407        0.51264555962185
H           -5.63484551690896        2.07936914143049        1.59532232023800
H           -5.52803354645854        2.11812985011690       -1.47856028708075
H           -5.40765854066703        4.32041474875122        0.65092955079435
H           -5.41897040018090        4.52426235399145       -1.17411509994947
H           -3.11865141074897        1.84497736147935        2.20683946884781
H           -3.99965553594441        0.36640567286734       -0.34228956766087
H           -4.31004555944051       -0.09055973556122        1.35686778549338
14
 energy: -18.789200459930 gnorm: 0.013073016978 xtb: 6.5.1 (579679a)
C           -5.50816349625007        1.56820180106950        0.63816011184456
C           -5.48972343463104        2.55941551042593       -0.48319302635441
C           -5.47244744131034        3.86861388774985       -0.32554379029800
O           -2.24430639730325        2.10338994745135        0.39263716822110
C           -3.08932494605102        1.63395397551688        1.10788449104734
C           -4.20911142101234        0.73863309490001        0.66350607380033
H           -6.35593775051769        0.88760706021450        0.50116589479692
H           -5.63167566700379        2.08500792990776        1.59393387838560
H           -5.48299398663425        2.13199640385713       -1.48098387913943
H           -5.47439226170838        4.32986482477843        0.65232154727584
H           -5.45687260493958        4.53870156988887       -1.17055299846454
H           -3.12266225051807        1.87239765877122        2.19798790107841
H           -4.00037231108041        0.34495186649471       -0.33382188940219
H           -4.31599603103993       -0.08422553102611        1.37407851720844
14
 energy: -18.789281291353 gnorm: 0.012733110142 xtb: 6.5.1 (579679a)
C           -5.50767310136607        1.57089938915016        0.63512539262370
C           -5.47965231285136        2.56264400058557       -0.48651459639854
C           -5.48952107179675        3.87655286186363       -0.32326243276106
O           -2.22445049121379        2.07296258686272        0.39087742430862
C           -3.08086199392449        1.62791090843719        1.10557428709065
C           -4.21017954521577        0.73996619120079        0.67031723565846
H           -6.35192101131884        0.88863769916986        0.48884621427609
H           -5.64356913929332        2.08555832928488        1.58982534594449
H           -5.46434492862693        2.13795441799026       -1.48279986015331
H           -5.49511759457921        4.33137244139496        0.65148951401487
H           -5.47529424966517        4.54928255281451       -1.16495975738953
H           -3.10783805746719        1.87813268137627        2.18601298481793
H           -4.00258037334783        0.33284580323753       -0.32159595247403
H           -4.32097612933347       -0.07620986336829        1.38864420044164
14
 energy: -18.789448431597 gnorm: 0.006898542285 xtb: 6.5.1 (579679a)
C           -5.50745410525860        1.57361509047720        0.63340117232163
C           -5.47521970317403        2.57003326234297       -0.48297796285689
C           -5.49847961906236        3.87869566335018       -0.32210716320514
O           -2.20116014910066        2.03266167104457        0.38142538998033
C           -3.07303511815459        1.62184917357193        1.09648941529689
C           -4.21208041286619        0.74079696565636        0.67428759822016
H           -6.34564999377295        0.89072711817823        0.47919824628256
H           -5.65048128796052        2.08204520647980        1.58841082412414
H           -5.43576773562562        2.14537922665285       -1.47961106807396
H           -5.52927268558257        4.32820086825091        0.65636451396984
H           -5.48341686627090        4.55711646668257       -1.15645299573149
H           -3.10922005347891        1.90326848348163        2.17159824685160
H           -4.00711364651280        0.32219857412304       -0.31145754167627
H           -4.32562862317950       -0.06807777029219        1.39901132449658
14
 energy: -18.789572197419 gnorm: 0.014808477444 xtb: 6.5.1 (579679a)
C           -5.50272021715604        1.57913252014892        0.63311178318432
C           -5.45681575331510        2.57904139962838       -0.47924440249234
C           -5.52660584269444        3.88549059093882       -0.31527942210900
O           -2.15771474722019        1.95109309644706        0.36556531251353
C           -3.06219596708489        1.60873762180163        1.08115827452042
C           -4.21391461852707        0.73745794803603        0.67718501022121
H           -6.34585277102807        0.90307642734715        0.47271245046348
H           -5.64528842843432        2.08659745515075        1.58971210007628
H           -5.36505565014488        2.15439893804985       -1.47499464387001
H           -5.61454947948226        4.32865541692549        0.67013539517167
H           -5.49367068045092        4.56833219565917       -1.14527509435818
H           -3.12021974338256        1.95229659605131        2.14238211370768
H           -4.01874652501796        0.30350342755502       -0.30352495187764
H           -4.33062957606151       -0.05930363373950        1.41393607484856
14
 energy: -18.789617144446 gnorm: 0.017687188843 xtb: 6.5.1 (579679a)
C           -5.50535412219985        1.57736288914406        0.63456009076183
C           -5.45092014812172        2.58068522901509       -0.47422698212271
C           -5.53013072086044        3.88052675453190       -0.30999542131363
O           -2.16052301095326        1.92572530892551        0.36088493289334
C           -3.06632367614545        1.61135358547284        1.06995172424194
C           -4.21528259423956        0.73695823700755        0.67369192650740
H           -6.35455499017110        0.90568168692066        0.47494021718030
H           -5.64026056736282        2.08554376982393        1.59433939790040
H           -5.32755268684496        2.15719074687630       -1.46301994329651
H           -5.64939818610867        4.31260578668013        0.67805126085773
H           -5.46724451265247        4.56796548020246       -1.13570888072807
H           -3.13349508384422        1.98981781032328        2.11520351652785
H           -4.02774647501746        0.30081022181669       -0.30708454080751
H           -4.32519322547825       -0.05371750674033        1.41599270139761
14
 energy: -18.789818566158 gnorm: 0.003607714940 xtb: 6.5.1 (579679a)
C           -5.50574681581516        1.57562051153513        0.63431510323368
C           -5.44787626880837        2.58037218871300       -0.47356359059556
C           -5.52483429472153        3.88550611952130       -0.30558809977421
O           -2.14690032773528        1.91455804522356        0.36085139594923
C           -3.06606832077412        1.61356673556977        1.06613259454330
C           -4.21670378691147        0.73491381563459        0.67564267656729
H           -6.35271238587103        0.90332591158913        0.47259240630477
H           -5.64657406437812        2.08102675394140        1.59278604347381
H           -5.32389662331988        2.16007754856956       -1.46346209347119
H           -5.64912852143575        4.31980010019203        0.67527689835482
H           -5.48149980689792        4.57372218195042       -1.13138004476799
H           -3.13979552956418        1.99814834825872        2.10619048950827
H           -4.02525895157982        0.29300266244518       -0.30272009147243
H           -4.32698430218760       -0.05513092314372        1.42050631214618
14
 energy: -18.789874682233 gnorm: 0.004945476396 xtb: 6.5.1 (579679a)
C           -5.50526504276448        1.57382892628278        0.63344925581307
C           -5.45089498332552        2.58071782414345       -0.47280942552038
C           -5.53132481281416        3.88731085448276       -0.30074224193628
O           -2.13402745709869        1.89770532537747        0.36200726062971
C           -3.06218406478377        1.61034622919797        1.06424627090175
C           -4.21669281132908        0.73350586203015        0.67658229758245
H           -6.34995466606795        0.90022952334190        0.46823977700596
H           -5.65114620781033        2.07590963231101        1.59179135289720
H           -5.32156859106811        2.16570812098682       -1.46387469551095
H           -5.64742811184253        4.32331478066075        0.67704154062382
H           -5.48045111774948        4.57709609928826       -1.12444608576460
H           -3.15229712675886        2.02228454652277        2.09103697370187
H           -4.02465266684478        0.28533693851075       -0.29948361987127
H           -4.32609233974250       -0.05478466313679        1.42454133944763
14
 energy: -18.789937966944 gnorm: 0.007381737605 xtb: 6.5.1 (579679a)
C           -5.50554769869584        1.57193420697244        0.63142057394038
C           -5.45008530331953        2.58215607741157       -0.47167827407483
C           -5.53259940606795        3.88828405689966       -0.29459525821493
O           -2.11786523535677        1.87166006441833        0.36508759256629
C           -3.06220685641335        1.61372308556130        1.05911963246908
C           -4.21679810473870        0.73362002264405        0.67703286784278
H           -6.34837080482312        0.89720824836233        0.46099144112567
H           -5.65598857885434        2.07080085833684        1.59021401750822
H           -5.32093360308098        2.17317847275836       -1.46483386676906
H           -5.65265844255157        4.32470218868608        0.68105076537175
H           -5.48211541558183        4.57930889689361       -1.11767669084306
H           -3.16072978124036        2.04549770412015        2.07582159263866
H           -4.02455421046549        0.27651912547618       -0.29534482537859
H           -4.32352655881038       -0.05008300854085        1.43097043181759
14
 energy: -18.790032239840 gnorm: 0.011645516804 xtb: 6.5.1 (579679a)
C           -5.50733823297949        1.56668652201532        0.62761688856768
C           -5.44532585128401        2.58546683540058       -0.46737254380873
C           -5.52991707756472        3.88923439494829       -0.28039181858966
O           -2.08525288877343        1.81279253532939        0.37229437488990
C           -3.05937021577915        1.61541415802741        1.04874820129215
C           -4.21673500275445        0.73411249142635        0.67735468891046
H           -6.34740040098511        0.89076831228934        0.44461802872379
H           -5.66656309058686        2.05887726568839        1.58829240005525
H           -5.31773745764662        2.18801384823361       -1.46489011498210
H           -5.66333859142366        4.32490268981764        0.69381955450184
H           -5.48610081016728        4.58236029884602       -1.10348681947934
H           -3.18605451855743        2.10924063746984        2.03644386952885
H           -4.02592808238408        0.26110969443636       -0.28805797850191
H           -4.31691777911392       -0.04046968392849        1.44259126889175
14
 energy: -18.790126619752 gnorm: 0.007091004206 xtb: 6.5.1 (579679a)
C           -5.51078312383996        1.56341179812028        0.62636846154484
C           -5.44625131153472        2.58640521910964       -0.46481119706896
C           -5.53192708654808        3.88831618929516       -0.27521508890553
O           -2.07597586611228        1.78864237418572        0.37598171421225
C           -3.06081730519600        1.62029031745946        1.04110543828725
C           -4.21723668683661        0.73606824407004        0.67760455593782
H           -6.34881781170643        0.88615948705184        0.43739182834211
H           -5.67440804166186        2.05315179603781        1.58820133336838
H           -5.31143142481360        2.19214632500811       -1.46281441486059
H           -5.66599613750084        4.32212313390324        0.70181853586628
H           -5.47850399728812        4.58267164996760       -1.09704215113300
H           -3.19271311711891        2.13567204085163        2.01607813325109
H           -4.02794452578844        0.25782190988916       -0.28487043450523
H           -4.31117356405438       -0.03437048494964        1.44778328566323
14
 energy: -18.790219932297 gnorm: 0.003815817956 xtb: 6.5.1 (579679a)
C           -5.51556882654127        1.55864900234177        0.62497724827036
C           -5.44525068077473        2.58786313613950       -0.46042569495439
C           -5.53121447055356        3.88868353134209       -0.26647077034826
O           -2.05797420826340        1.74798361026077        0.38337444942214
C           -3.05901515693794        1.62237293623018        1.02965553372994
C           -4.21827615486678        0.73815626080220        0.67803466401064
H           -6.35020841593177        0.87993969106101        0.42758295217440
H           -5.68673056135312        2.04354078470099        1.58849852083193
H           -5.30125666658088        2.19659795387929       -1.45881019332762
H           -5.67474429558573        4.31638859194443        0.71355090922358
H           -5.46940111387701        4.58670361222360       -1.08449608630183
H           -3.20869627825906        2.18600947334031        1.97742214399150
H           -4.03091675627114        0.25194817892547       -0.28020267899251
H           -4.30472641420385       -0.02632676319158        1.45488900227008
14
 energy: -18.790276158793 gnorm: 0.006325823804 xtb: 6.5.1 (579679a)
C           -5.52081936382318        1.55510922862329        0.62301405920061
C           -5.44658492178459        2.58944392256878       -0.45734044790645
C           -5.53526154666057        3.88989897360285       -0.25876544480696
O           -2.03321158230582        1.70146665446330        0.39595433216313
C           -3.05698721281711        1.62642665918020        1.01740807316778
C           -4.21979676088543        0.74180593313623        0.67842398980021
H           -6.35076024854990        0.87364429236042        0.41833983646392
H           -5.70002807821284        2.03462090772620        1.58794424682403
H           -5.28969636252991        2.19998663181793       -1.45511734471293
H           -5.68318982779257        4.30868771329106        0.72465882101484
H           -5.46307410470577        4.59382257379591       -1.07019581753226
H           -3.22191643307214        2.23400615162220        1.93559974158718
H           -4.03339405863870        0.24564577483451       -0.27493104336804
H           -4.29925949822167       -0.01605541702285        1.46258699810486
14
 energy: -18.790206606557 gnorm: 0.014414476496 xtb: 6.5.1 (579679a)
C           -5.52596483845179        1.55509705707990        0.62340235521674
C           -5.44629629711838        2.58995729569883       -0.45562266837414
C           -5.53653032451118        3.89135033508606       -0.25729504420133
O           -2.02172941185129        1.67378789442647        0.41539497897276
C           -3.05477704124529        1.62813064322519        1.00750536541390
C           -4.22243158665992        0.74607281294222        0.67849297079331
H           -6.35191787144560        0.87182904947708        0.41654210314252
H           -5.70989363446279        2.03118684589713        1.58896212860947
H           -5.27580418205078        2.19329594782815       -1.44923605568569
H           -5.69477462514571        4.29422036746987        0.73135231581720
H           -5.45594351985050        4.60374995032347       -1.05833425724483
H           -3.22384290544743        2.26237445850348        1.89433733632844
H           -4.03793212461230        0.24600626143054       -0.27288263029994
H           -4.29614163714724       -0.00854891938837        1.46496110151152
14
 energy: -18.790336883211 gnorm: 0.004758644377 xtb: 6.5.1 (579679a)
C           -5.52456851613512        1.55311499909081        0.62077949905060
C           -5.44288755892123        2.59249766817981       -0.45391730128095
C           -5.53643668933620        3.89238720808644       -0.24879174349689
O           -2.00192756206292        1.63462746964946        0.42572992405394
C           -3.05312891848925        1.62764813165868        1.00187778811532
C           -4.22192866957989        0.74439029906043        0.67836100310630
H           -6.34966880182462        0.86982730672168        0.40753624630880
H           -5.71263086698999        2.02557753379982        1.58713210857445
H           -5.27463322817340        2.20272626124041       -1.44994686145561
H           -5.70293523190184        4.29259902836269        0.73915959623865
H           -5.46037141522016        4.60797399942121       -1.04773423385604
H           -3.24158018700050        2.30598028899977        1.86417033039623
H           -4.03855958262352        0.23372678524748       -0.26855374353695
H           -4.29272277174156       -0.00456697951867        1.47177738778206
14
 energy: -18.790353743064 gnorm: 0.000765177925 xtb: 6.5.1 (579679a)
C           -5.51996042932372        1.55530717600343        0.62080769032457
C           -5.44351933059647        2.59200716129845       -0.45682056567063
C           -5.53849553651207        3.89146994289433       -0.25268877599024
O           -2.01295053624722        1.65852393916992        0.41989334590889
C           -3.05401393344108        1.62529277494569        1.01056536095472
C           -4.22011263871525        0.74162801583565        0.67841100990622
H           -6.34894476868890        0.87401258837400        0.41204057201394
H           -5.70242664157158        2.03171351150733        1.58601928633433
H           -5.28316283134318        2.20480184721687       -1.45450489120703
H           -5.69528152822590        4.30015164802812        0.73231604109453
H           -5.46898944363611        4.60290982172611       -1.05684258122497
H           -3.23393332582484        2.27640070000293        1.89077717264677
H           -4.03542396537847        0.23530331964573       -0.27051782888257
H           -4.29676509049543       -0.01101244664855        1.46812416379140
14
 energy: -18.790370600881 gnorm: 0.001989062461 xtb: 6.5.1 (579679a)
C           -5.51973812845157        1.55513722441797        0.61948374227538
C           -5.44312076062283        2.59343258007122       -0.45659016758437
C           -5.54205449293048        3.89228397889126       -0.24950960886198
O           -2.00021960474774        1.63410869519085        0.43217157132124
C           -3.05155213839132        1.62416050730262        1.00725235850659
C           -4.21994459832934        0.74203353242832        0.67839171357360
H           -6.34847851132525        0.87403221960172        0.40923686224231
H           -5.70362108700423        2.03043137643830        1.58490398397916
H           -5.27914666234023        2.20835149209494       -1.45459243995871
H           -5.70190734365394        4.29727896067789        0.73661648810195
H           -5.47288101770399        4.60676208638893       -1.05105702237510
H           -3.23973553910151        2.29757884941242        1.86873997186692
H           -4.03538936671418        0.23106540435944       -0.26804099833696
H           -4.29619074868361       -0.00814690727584        1.47057354524988
14
 energy: -18.790381911854 gnorm: 0.004036366128 xtb: 6.5.1 (579679a)
C           -5.51691609312108        1.55560436900766        0.61744958276822
C           -5.44108601795731        2.59663201926869       -0.45622592012494
C           -5.54894902055865        3.89412881332554       -0.24446162086493
O           -1.98038438635764        1.59230812172714        0.45600071114461
C           -3.04684302445196        1.61942619522034        1.00388198296948
C           -4.21886884763256        0.74078689264813        0.67784566430945
H           -6.34666277272102        0.87581235169507        0.40622124725437
H           -5.70125965014569        2.03010026636711        1.58326392210733
H           -5.27305924839402        2.21636626585521       -1.45529520098559
H           -5.71561483402251        4.29499331119800        0.74255375106014
H           -5.48330159349866        4.61239349737493       -1.04321076325120
H           -3.25000224040420        2.33301109231923        1.83147226446567
H           -4.03459178569147        0.22327892057669       -0.26502218460415
H           -4.29644048504344       -0.00633211658373        1.47310656375145
14
 energy: -18.790391631113 gnorm: 0.002235397998 xtb: 6.5.1 (579679a)
C           -5.51611844094758        1.55655224409565        0.61761530478005
C           -5.44158934297134        2.59697954814499       -0.45668313980771
C           -5.55122608842192        3.89438944625629       -0.24567554825004
O           -1.97951797178167        1.59191025277898        0.45883703644249
C           -3.04582658908422        1.61810849462877        1.00560005649335
C           -4.21843422397565        0.74104997190482        0.67755241811253
H           -6.34668775090181        0.87720432952105        0.40791501702669
H           -5.69897412324091        2.03192603665563        1.58334894796782
H           -5.27321558334209        2.21686506429797       -1.45573822745972
H           -5.71738654665840        4.29660803896832        0.74094172860941
H           -5.48662262653585        4.61171754862627       -1.04546688033971
H           -3.24703076880916        2.32751678571505        1.83372940882259
H           -4.03383212058867        0.22495674072051       -0.26585192830637
H           -4.29751782274092       -0.00727450231430        1.47145580590854
14
 energy: -18.790396481184 gnorm: 0.001213909839 xtb: 6.5.1 (579679a)
C           -5.51572624251492        1.55716646495701        0.61797032699562
C           -5.44153402140278        2.59787033321576       -0.45605024556002
C           -5.55411928787403        3.89512011630017       -0.24580962761713
O           -1.97595134460163        1.58334977855473        0.46501113017493
C           -3.04458641771130        1.61674162495291        1.00564799931267
C           -4.21824628908300        0.74143227171919        0.67697472836964
H           -6.34649782176074        0.87801320644035        0.40852427168790
H           -5.69805922706727        2.03234132914850        1.58401119208357
H           -5.27068867658286        2.21788402342065       -1.45477403076904
H           -5.72164988916262        4.29752767760029        0.74040785086330
H           -5.48925764214377        4.61195589599859       -1.04591285966954
H           -3.24636989071635        2.33097589043845        1.82824997164487
H           -4.03407691306234        0.22585484252401       -0.26682887141219
H           -4.29721633631658       -0.00772345527059        1.47015816389532
14
 energy: -18.790403333210 gnorm: 0.001471214724 xtb: 6.5.1 (579679a)
C           -5.51470675144673        1.55874035203025        0.61887835774048
C           -5.44088397854925        2.60060410423507       -0.45390045958211
C           -5.56160417581233        3.89726871173620       -0.24509788962986
O           -1.96305876858852        1.55381011186868        0.48377900533949
C           -3.04051518387014        1.61284129679201        1.00467872805105
C           -4.21775105525468        0.74276040439976        0.67539170811571
H           -6.34595277324898        0.88030614006847        0.40887503655093
H           -5.69637571358624        2.03257577488847        1.58581762401480
H           -5.26357408369664        2.22151119886813       -1.45187704698920
H           -5.73620022058986        4.29973438599035        0.73979249290056
H           -5.49649246766354        4.61318670771255       -1.04584727974745
H           -3.24631110859518        2.34604719554556        1.80885480106935
H           -4.03513093759643        0.22735649068792       -0.26899523758151
H           -4.29542278150167       -0.00823287482340        1.46723015974766
14
 energy: -18.790404719793 gnorm: 0.001431123351 xtb: 6.5.1 (579679a)
C           -5.51286171118729        1.56035996323695        0.61991212587990
C           -5.44011299572925        2.60238741596567       -0.45269499647822
C           -5.56653096074685        3.89882236018609       -0.24525461009885
O           -1.95677003194390        1.53728251103123        0.49515580667373
C           -3.03733432675150        1.60868701715229        1.00541185528897
C           -4.21720918818336        0.74275427553056        0.67412684677170
H           -6.34510065406584        0.88295497943998        0.41038723440355
H           -5.69330613219747        2.03360886228994        1.58718747784334
H           -5.25926323951738        2.22381341555194       -1.45021502067249
H           -5.74568940066893        4.30230957145446        0.73821708067487
H           -5.50284935334034        4.61374606885681       -1.04724047659215
H           -3.24632207417915        2.35383020477617        1.79996040310685
H           -4.03562892893251        0.22852566695940       -0.27131425431977
H           -4.29500100255642       -0.01057231243148        1.46394052751847
14
 energy: -18.790406074178 gnorm: 0.000828657530 xtb: 6.5.1 (579679a)
C           -5.51204884105797        1.56144762581944        0.61989073082181
C           -5.44032473724879        2.60334596582089       -0.45289833292825
C           -5.56981016247767        3.89951352599546       -0.24558780287813
O           -1.95126986339103        1.52734783420345        0.50199781630215
C           -3.03539071391171        1.60706542688266        1.00573862639442
C           -4.21682040683756        0.74349785602901        0.67349169573333
H           -6.34472979673708        0.88428285176563        0.41105471019233
H           -5.69184720637339        2.03480281866287        1.58716690249088
H           -5.25813279234763        2.22508512171714       -1.45026341475208
H           -5.75052390892667        4.30284551471459        0.73773893173302
H           -5.50732383241895        4.61459620657160       -1.04765828875997
H           -3.24525236442638        2.35588422887416        1.79595220537922
H           -4.03542128224569        0.22912312925488       -0.27188674839160
H           -4.29508409159967       -0.01032810631178        1.46284296866278
