
  ========================================================================
                license information 
 Customer : 200000000058156
 ID       : LKO1924661

 License file is VALID, continuing with full version
  ========================================================================

   OpenMP run-time library returned nthreads =  2

 ridft (c04) : TURBOMOLE rev. V7-6 27 Oct 2021 at 10:11:12 compiled Oct 27th 2021
 Copyright (C) 2021 TURBOMOLE GmbH, Karlsruhe


    2023-06-08 14:49:07.493 



                                  r i d f t

                        DFT program with RI approximation 
                                for coulomb part 




                                                 
                                 References:     
                                                 
          TURBOMOLE:                             
              R. Ahlrichs, M. Baer, M. Haeser, H. Horn, and
              C. Koelmel
              Electronic structure calculations on workstation
              computers: the program system TURBOMOLE
              Chem. Phys. Lett. 162: 165 (1989)
          Density Functional:                              
              O. Treutler and R. Ahlrichs                      
              Efficient Molecular Numerical Integration Schemes
              J. Chem. Phys. 102: 346 (1995)                   
          Parallel Version:                                
              Performance of parallel TURBOMOLE for Density    
              Functional Calculations                          
              M. v. Arnim and R. Ahlrichs                      
              J. Comp. Chem. 19: 1746 (1998)                   
          RI-J Method:                                     
              Auxiliary Basis Sets to approximate Coulomb      
              Potentials                                       
              Chem. Phys. Lett. 240: 283 (1995)                
              K. Eichkorn, O. Treutler, H. Oehm, M. Haeser     
              and R. Ahlrichs                                  
              Chem. Phys. Lett. 242: 652 (1995)                
                                                           
              Auxiliary Basis Sets for Main Row Atoms and their
              Use to approximate Coulomb Potentials            
              K. Eichkorn, F. Weigend, O. Treutler and         
              R. Ahlrichs                                      
              Theo. Chem. Acc. 97: 119 (1997)                   
                                                           
              Accurate Coulomb-fitting basis sets for H to Rn 
              F. Weigend                                        
              Phys. Chem. Chem. Phys. 8: 1057 (2006)            
                                                           
          Multipole accelerated RI-J (MARI-J):             
              Fast evaluation of the Coulomb potential for     
              electron densities using multipole accelerated   
              resolution of identity approximation             
              M. Sierka, A. Hogekamp and R. Ahlrichs           
              J. Chem. Phys. 118: 9136 (2003)                  
          RI-JK Method:                                     
              A fully direct RI-HF algorithm: Implementation,
              optimised auxiliary basis sets, demonstration of
              accuracy and efficiency                         
              F. Weigend                                      
              Phys. Chem. Chem. Phys. 4: 4285 (2002)           
          Two-component HF and DFT with spin-orbit coupling:  
              Self-consistent treatment of spin-orbit         
              interactions with efficient Hartree-Fock and    
              density functional methods                      
              M. K. Armbruster, F. Weigend, C. van Wüllen and 
              W. Klopper                                      
              Phys. Chem. Chem. Phys. 10: 1748 (2008)         
          Two-component difference density and DIIS algorithm 
              Efficient two-component self-consistent field   
              procedures and gradients: implementation in     
              TURBOMOLE and application to Au20-              
              A. Baldes, F. Weigend                           
              Mol. Phys. 111: 2617 (2013)                     
          Relativistic all-electron 2c calculations           
              An efficient implementation of two-component    
              relativistic exact-decoupling methods for large 
              molecules                                       
              D. Peng, N. Middendorf, F. Weigend, M. Reiher   
              J. Chem. Phys. 138: 184105 (2013)               
          Finite nucleus model and SNSO approximation         
              Efficient implementation of one- and two-       
              component analytical energy gradients in exact  
              two-component theory                            
              Y. J. Franzke, N. Middendorf, F. Weigend        
              J. Chem. Phys. 148: 104110 (2018)               
          Grids for all-electron relativistic methods         
              Error-consistent segmented contracted all-      
              electron relativistic basis sets of double-     
              and triple-zeta quality for NMR shielding       
              constants                                       
              Y. J. Franzke, R. Tress, T. M. Pazdera,         
              F. Weigend                                      
              Phys. Chem. Chem. Phys. 21: 166658 (2019)       
          Seminumerical exchange algorithms                   
              Seminumerical calculation of the Hartree-Fock   
              exchange matirx: Application to two-component   
              procedures and efficient evaluation of local    
              hybrid functionsl                               
               P. Plessow, F. Weigend,                        
              J. Comput. Chem. 33: 810 (2012)                 
          Improved seminumerical algorithms                   
              C. Holzer,                                      
              J. Chem. Phys. 153 (2020), 184115               
                                         





          OpenMP Shared-Memory Parallelization:  2 CPUs.

            By: Christof Holzer and Yannick J. Franzke


              +--------------------------------------------------+
              |      general information about current run       |
              +--------------------------------------------------+

 
 PW6B95 global meta hybrid functional
 code by Stefan Grimme, University of Muenster
 Zhao and Truhlar, J Phys Chem A, 109, 25, 2005, 5656.
 A Hybrid-DFT calculation using the RI-J approximation will be carried out.
 Allocatable memory for RI due to $ricore (MB):                   500


              +--------------------------------------------------+
              | Atomic coordinate, charge and isotop information |
              +--------------------------------------------------+

                    atomic coordinates            atom    charge  isotop
         -1.56314366   14.38888494    0.00000000    cl    17.000     0
 
       center of nuclear mass  :   -1.56314366   14.38888494    0.00000000
       center of nuclear charge:   -1.56314366   14.38888494    0.00000000

  Keyword $basis  missing in file <control>

              read basis sets from /software/cluster/turbomole76/basen/
              (basis sets have been saved in file basis)

              +--------------------------------------------------+
              |               basis set information              |
              +--------------------------------------------------+

              we will work with the 1s 3p 5d 7f 9g ... basis set
              ...i.e. with spherical basis functions...

   type   atoms  prim   cont   basis
   ---------------------------------------------------------------------------
    cl       1     63     37   def2-TZVP   [5s5p2d1f|14s9p3d1f]
   ---------------------------------------------------------------------------
   total:    1     63     37
   ---------------------------------------------------------------------------

   total number of primitive shells          :   27
   total number of contracted shells         :   13
   total number of cartesian basis functions :   42
   total number of SCF-basis functions       :   37


 integral neglect threshold       :  0.79E-10
 integral storage threshold THIZE :  0.10E-04
 integral storage threshold THIME :         5

 RI-J AUXILIARY BASIS SET information:

              assign orbital basis set names as defaults
              read basis sets from /software/cluster/turbomole76/jbasen/
              (basis sets have been saved in file auxbasis)

              we will work with the 1s 3p 5d 7f 9g ... basis set
              ...i.e. with spherical basis functions...

   type   atoms  prim   cont   basis
   ---------------------------------------------------------------------------
    cl       1     77     51   def2-TZVP   [8s4p3d1f1g|14s5p5d2f1g]
   ---------------------------------------------------------------------------
   total:    1     77     51
   ---------------------------------------------------------------------------

   total number of primitive shells          :   27
   total number of contracted shells         :   17
   total number of cartesian basis functions :   63
   total number of SCF-basis functions       :   51


 symmetry group of the molecule :   c1 

 the group has the following generators :
   c1(z)

    1 symmetry operations found

 there are 1 real representations :   a   

 maximum number of shells which are related by symmetry :  1

 ==============================================================================
                      COSMO switched on
 ==============================================================================
 COSMO stati: segments per atom: H   32 other atoms   92
 COSMO statistics: nps     92 npspher:     92
 COSMO surface:
   number of segments:   92
   area (bohr**2):      188.588550
   volume (bohr**3):    243.530000
  
           ------------------
           density functional
           ------------------
 PW6B95 global meta hybrid functional
 code by Stefan Grimme, University of Muenster
 Zhao and Truhlar, J Phys Chem A, 109, 25, 2005, 5656.

 iterations will be done with small grid
  
 spherical integration : Lebedev's spherical grid
 spherical gridsize    :                     3
    i.e. gridpoints    :                   302
 value for diffuse not defined
 radial integration    : Chebyshev 2nd kind (scaling 3)
 radial gridsize       :                     3
 integration cells     :                     1
 partition function    : becke
 partition sharpness   :                     3
  

 biggest AO integral is expected to be    10.437462037

          ------------------------
          nuclear repulsion energy  :   0.00000000000    
          ------------------------

  _________________________________
 |                                 |
 |         DFTD3 V3.1 Rev 0        |
 | S.Grimme, University Bonn       |
 |            June  2014           |
 |   see standalone version        |
 |       dftd3 -h for options      |
 |_________________________________|
 
 Please cite DFT-D3 work done with this code as:
 S. Grimme, J. Antony, S. Ehrlich and H. Krieg,
 J. Chem. Phys, 132 (2010), 154104.
 If used with BJ-damping cite also
 S. Grimme, S. Ehrlich and L. Goerigk,
 J. Comput. Chem. 32 (2011), 1456-1465
 For DFT-D2 the reference is
 S. Grimme, J. Comput. Chem., 27 (2006), 1787-1799
 
C6 coefficients used:
                     2  C6 for element                     17
Z= 17 CN= 0.000     C6(AA)=   92.35
Z= 17 CN= 0.997     C6(AA)=   90.40

#           XYZ [au]              R0(AA) [Ang.]  CN          C6(AA)     C8(AA)   C10(AA) [au]
  1  -1.56314  14.38888   0.00000   cl  0.355  0.000        92.3      3851.5    196855.5

molecular C6(AA) [au] =        92.31

           DFT-D V3(BJ)
 DF pw6b95                                            
 parameters
 s6       :    1.0000
 s8       :    0.7257
 a1       :    0.2076
 a2       :    6.3750
 k1-k3    :   16.0000    1.3333   -4.0000
 
 Edisp /kcal,au:     0.0000  0.00000000

 E6    /kcal :     0.0000
 E8    /kcal :     0.0000
 % E8        :   NaN
 nuclear repulsion energy                  =       0.000000000
  DFT-D3 Energy contribution               =       0.000000000
 nuclear repulsion + dispersion correction =       0.000000000


         -----------------
         -S,T+V- integrals
         -----------------

 1e-integrals will be neglected if expon. factor < 0.795705E-11
 
   Difference densities algorithm switched on.
   The maximal number of linear combinations of
   difference densities is                    20 .

 DIIS switched on: error vector is FDS-SDF
 Max. Iterations for DIIS is     :   4
 DIIS matrix (see manual) 
    Scaling factor of diagonals  :  1.200
    threshold for scaling factor :  0.000

 scf convergence criterion : increment of total energy < .1000000D-06
                  and increment of one-electron energy < .1000000D-03

 MOs are in ASCII format !

  missing closed shell occupation number declaration

 No input with occupation numbers/open-shell information found

 start vectors will be provided by an EHT guess

 The EHT guess will be determined for:
   molecular charge   :   -1
   number of electrons:   18
   S_z eigenvalue     :    0
 
 virtual MOs provided and orthogonalized by Cholesky decomposition

 automatic virtual orbital shift switched on 
      shift if e(lumo)-e(homo) < 0.10000000    

  
           ------------------------
               RI-J - INFORMATION
           ------------------------
 Contributions to RI integral batches: 
  neglected integral batches:                     0
  direct contribution:                            0
  memory contribution:                    91
 Memory core needed for (P|Q) and Cholesky      1 MByte
 Memory core minimum needed except of (P|Q)     1 MByte
 Total minimum memory core needed (sum)         1 MByte
  
 ****************************************
 Memory allocated for RI-J     1 MByte
 ****************************************
                                            

 dump of DSCF restart information has been disabled !


 Starting SCF iterations

          Overall gridpoints after grid construction =          2160
 Number of atoms=1; ordering of quadrature gridpoints disabled.

 ITERATION  ENERGY          1e-ENERGY        2e-ENERGY     NORM[dD(SAO)]  TOL
   1  -460.68063646150    -645.27275206     184.59211560    0.000D+00 0.794D-10
                            Exc = -21.2800202579     Coul =  213.730788551    
                            exK = -7.85865269805    
                              N = 17.999989368    
                          Ediel =-0.119988644024    
                            current damping = 0.700
 
          max. resid. norm for Fia-block=  1.427D-01 for orbital      1a         
          max. resid. fock norm         =  1.049D+01 for orbital     35a         

 ITERATION  ENERGY          1e-ENERGY        2e-ENERGY     NORM[dD(SAO)]  TOL
   2  -460.72244881399    -643.61556594     182.89311713    0.274D+00 0.510D-10
                            Exc = -21.1766791631      Eck =  204.069796289    
                              N = 17.999989239    
                          Ediel =-0.118898138178    
                            current damping = 0.650
 
          Norm of current diis error: 0.16730    
          max. resid. norm for Fia-block=  5.128D-02 for orbital      1a         
          max. resid. fock norm         =  6.106D-02 for orbital     37a         

 ITERATION  ENERGY          1e-ENERGY        2e-ENERGY     NORM[dD(SAO)]  TOL
   3  -460.73687472477    -642.74808837     182.01121365    0.101D+00 0.363D-10
                            Exc = -21.1254321543      Eck =  203.136645802    
                              N = 17.999989127    
                          Ediel =-0.117906594847    
                            current damping = 0.550
 
          Norm of current diis error: 0.70977E-01
          max. resid. norm for Fia-block=  2.317D-02 for orbital      7a         
          max. resid. fock norm         =  2.778D-02 for orbital     33a         

 ITERATION  ENERGY          1e-ENERGY        2e-ENERGY     NORM[dD(SAO)]  TOL
   4  -460.74016697063    -642.35806357     181.61789660    0.123D-01 0.307D-10
                            Exc = -21.1022461789      Eck =  202.720142782    
                              N = 17.999989058    
                          Ediel =-0.117330639156    
                            current damping = 0.400
 
          Norm of current diis error: 0.26304E-01
          max. resid. norm for Fia-block=  8.999D-03 for orbital      7a         
          max. resid. fock norm         =  1.131D-02 for orbital     33a         

 ITERATION  ENERGY          1e-ENERGY        2e-ENERGY     NORM[dD(SAO)]  TOL
   5  -460.74068989296    -642.20285325     181.46216335    0.959D-03 0.279D-10
                            Exc = -21.0928936680      Eck =  202.555057023    
                              N = 17.999989026    
                          Ediel =-0.117070371980    
                            current damping = 0.250
 
          Norm of current diis error: 0.77676E-02
          max. resid. norm for Fia-block=  2.688D-03 for orbital      7a         
          max. resid. fock norm         =  3.367D-03 for orbital     33a         
          mo-orthogonalization: Cholesky decomposition

 ITERATION  ENERGY          1e-ENERGY        2e-ENERGY     NORM[dD(SAO)]  TOL
   6  -460.74073999119    -642.15345857     181.41271858    0.118D-03 0.263D-10
                            Exc = -21.0898696282      Eck =  202.502588210    
                              N = 17.999989014    
                          Ediel =-0.116981569567    
                            current damping = 0.100
 
          Norm of current diis error: 0.16070E-02
          max. resid. norm for Fia-block=  5.551D-04 for orbital      7a         
          max. resid. fock norm         =  6.785D-04 for orbital     33a         

 ITERATION  ENERGY          1e-ENERGY        2e-ENERGY     NORM[dD(SAO)]  TOL
   7  -460.74074231734    -642.14246582     181.40172350    0.212D-04 0.256D-10
                            Exc = -21.0891956174      Eck =  202.490919121    
                              N = 17.999989012    
                          Ediel =-0.116960453633    
                            current damping = 0.050
 
          Norm of current diis error: 0.16901E-03
          max. resid. norm for Fia-block=  5.965D-05 for orbital      6a         
          max. resid. fock norm         =  6.537D-05 for orbital     18a         

 ITERATION  ENERGY          1e-ENERGY        2e-ENERGY     NORM[dD(SAO)]  TOL
   8  -460.74074234261    -642.14131617     181.40057383    0.518D-05 0.252D-10
                            Exc = -21.0891244266      Eck =  202.489698255    
                              N = 17.999989010    
                          Ediel =-0.116958236216    
                            current damping = 0.050
 
          Norm of current diis error: 0.11330E-04
          max. resid. norm for Fia-block=  4.727D-06 for orbital      6a         
          max. resid. fock norm         =  4.801D-06 for orbital     18a         

 ENERGY CONVERGED !

          Overall gridpoints after grid construction =          7148
 Number of atoms=1; ordering of quadrature gridpoints disabled.

 ITERATION  ENERGY          1e-ENERGY        2e-ENERGY     NORM[dD(SAO)]  TOL
   9  -460.74030459512    -642.14124588     181.40094129    0.207D-06 0.250D-10
                            Exc = -21.0886826011      Eck =  202.489623889    
                              N = 18.000000343    
                          Ediel =-0.116958101932    
                            current damping = 0.100
 
          Norm of current diis error: 0.66388E-06
          max. resid. norm for Fia-block=  4.165D-07 for orbital      6a         
          max. resid. fock norm         =  4.204D-07 for orbital     18a         

 End of SCF iterations

   convergence criteria satisfied after     9 iterations


                  ------------------------------------------ 
                 |  total energy      =   -460.74030459512  |
                  ------------------------------------------ 
                 :  kinetic energy    =    459.93767027976  :
                 :  potential energy  =   -920.67797487488  :
                 :  virial theorem    =      1.99825794638  :
                 :  wavefunction norm =      1.00000000000  :
                  .......................................... 


 <geterg> : there is no data group $energy 


 <skperg> : $end is missing 


 orbitals $scfmo  will be written to file mos

    irrep                  5a          6a          7a          8a          9a   
 eigenvalues H         -7.16552    -0.70544    -0.24621    -0.24619    -0.24618
            eV        -194.9852    -19.1962     -6.6998     -6.6993     -6.6990
 occupation              2.0000      2.0000      2.0000      2.0000      2.0000

    irrep                 10a         11a         12a         13a         14a   
 eigenvalues H          0.40055     0.40059     0.40061     0.53066     0.53067
            eV          10.8996     10.9006     10.9012     14.4400     14.4403
 
 ==============================================================================
                                  COSMO RESULTS
 ==============================================================================
  PARAMETER:
    nppa:      1082
    nspa:        92
    nsph:        32
    nps:         92
    npspher:     92
    disex:   10.0000    
    disex2:  6002.96    
    rsolv [A]: 1.3000
    routf:     0.8500
    phsran:    0.0    
    ampran:   0.10E-04
    cavity:  closed
    epsilon:    32.000
    refind:     1.300
    fepsi:      0.9538462
  CAVITY VOLUME/AREA [a.u.]:
    surface: V1.0, A matrix: V1.0
    area:   188.59
    volume:   243.53
  SCREENING CHARGE:
    cosmo      :   0.975498
    correction :   0.024391
    total      :   0.999889
  ENERGIES [a.u.]:
    Total energy            =    -460.7403045951213
    Total energy + OC corr. =     -460.7462265652
    Dielectric energy       =       -0.1169581019
    Diel. energy + OC corr. =       -0.1228800720
  ELEMENT RADIUS [A]: ATOM LIST
    cl 2.05: 1
 ==============================================================================
 
 
 
 ==============================================================================
                           electrostatic moments
 ==============================================================================

 reference point for electrostatic moments:    0.00000   0.00000   0.00000

 
              nuc           elec       ->  total
 ------------------------------------------------------------------------------
                          charge      
 ------------------------------------------------------------------------------
          17.000000     -18.000000      -1.000000
 
 ------------------------------------------------------------------------------
                       dipole moment  
 ------------------------------------------------------------------------------
   x     -26.573442      28.136587       1.563145
   y     244.611044    -258.999928     -14.388884
   z       0.000000      -0.000003      -0.000003
 
   | dipole moment | =    14.4735 a.u. =    36.7881 debye 
 
 ------------------------------------------------------------------------------
                     quadrupole moment
 ------------------------------------------------------------------------------
  xx      41.538108     -55.821300     -14.283192
  yy    3519.680166   -3738.560266    -218.880099
  zz       0.000000     -11.840064     -11.840064
  xy    -382.362202     404.854089      22.491887
  xz       0.000000      -0.000008      -0.000008
  yz       0.000000       0.000099       0.000099
 
     1/3  trace=     -81.667785
     anisotropy=     209.483590
 
 ==============================================================================
 
HOMO-LUMO Separation
 HOMO         :   -0.24618191 H =     -6.69895 eV
 LUMO         :    0.40055121 H =    +10.89956 eV
 HOMO-LUMO gap:    0.64673312 H =    +17.59851 eV
 
 ==============================================================================


    ------------------------------------------------------------------------
         total  cpu-time :   0.41 seconds
         total wall-time :   0.32 seconds
    ------------------------------------------------------------------------

   ****  ridft : all done  ****


    2023-06-08 14:49:07.802 

