
   OpenMP run-time library returned nthreads =  2

 force (c04) : TURBOMOLE rev. V7-6 27 Oct 2021 at 10:11:12 compiled Oct 27th 2021
 Copyright (C) 2021 TURBOMOLE GmbH, Karlsruhe


    2023-06-08 16:38:18.364 



                             T U R B O M O L E   

                          a o f o r c e - program

                        using direct algorithms for

                       SCF level calculations of
                         * harmonic force constants
                         * hyperpolarizabilities
                         * IR and RAMAN intensities
                         * VCD intensities

                       DFT level calculations of
                         * harmonic force constants
                         * IR intensities
                                                   
       Stephan Boecker, Peter Deglmann, Filipp Furche and Marco Haeser
                          Quantum Chemistry Group
                          Universitaet  Karlsruhe
                                   Germany

 
 

          OpenMP Shared-Memory Parallelization:  2 CPUs.

            By: Erik P. Almaraz and Filipp Furche
            Copyright 2009-2011 by UCI and TURBOMOLE GmbH.

            Revised By: Christof Holzer and Yannick J. Franzke.

 
 
     References :
 
       RI-J implementation:
         Peter Deglmann, Klaus May, Filipp Furche, Reinhart Ahlrichs
                 Chem. Phys. Lett. 384:103 (2004)
 
       Efficiency, technical details:
         Peter Deglmann, Filipp Furche, Reinhart Ahlrichs
                 Chem. Phys. Lett. 362:511 (2002)
 
       Search of lowest eigenvalues by iterative diagonalization:
         Peter Deglmann, Filipp Furche
                 J. Chem. Phys. 117:9535 (2002)
 
       Vibrational circular dichroism implementation:
        Kevin Reiter, Michael Kuehn, Florian Weigend
                 J. Chem. Phys. 146:054102 (2017)  
 
 


              +--------------------------------------------------+
              | Atomic coordinate, charge and isotop information |
              +--------------------------------------------------+

                    atomic coordinates            atom    charge  isotop
         -8.86368698    3.57933337    0.05677411    n      7.000     0
         -6.93894430    3.52913631   -0.02920006    h      1.000     0
         -9.45831326    1.74780546   -0.02149092    h      1.000     0
         -9.45842663    4.41313604   -1.57591641    h      1.000     0
 
       center of nuclear mass  :   -8.82016313    3.51731127   -0.04957859
       center of nuclear charge:   -8.79014930    3.47454114   -0.12291887
 $basis  : could not find file <basis> !
              read basis sets from /software/cluster/turbomole76/basen/
              (basis sets have been saved in file basis)

              +--------------------------------------------------+
              |               basis set information              |
              +--------------------------------------------------+

              we will work with the 1s 3p 5d 7f 9g ... basis set
              ...i.e. with spherical basis functions...

   type   atoms  prim   cont   basis
   ---------------------------------------------------------------------------
    n        1     77     57   def2-QZVP   [7s4p3d2f1g|15s8p3d2f1g]
    h        3     33     30   def2-QZVP   [4s3p2d1f|7s3p2d1f]
   ---------------------------------------------------------------------------
   total:    4    176    147
   ---------------------------------------------------------------------------

   total number of primitive shells          :   42
   total number of contracted shells         :   47
   total number of cartesian basis functions :  177
   total number of SCF-basis functions       :  147

 
             FOUND RI-J FLAG !
 

 NOTE: THIS IS A PRELIMINARY IMPLEMENTATION. THE RI APPROXIMATION IS
       PRESENTLY USED FOR CPKS CONTRIBUTIONS TO THE HESSIAN ONLY! SEE
       MANUAL FOR FURTHER DETAILS.

  
 AUXILIARY BASIS SET information:
 $jbas  : could not find file <auxbasis> !
              read basis sets from /software/cluster/turbomole76/jbasen/
              (basis sets have been saved in file auxbasis)

              we will work with the 1s 3p 5d 7f 9g ... basis set
              ...i.e. with spherical basis functions...

   type   atoms  prim   cont   basis
   ---------------------------------------------------------------------------
    n        1     70     49   def2-QZVP   [6s4p3d1f1g|12s5p4d2f1g]
    h        3     16     11   def2-QZVP   [3s1p1d|5s2p1d]
   ---------------------------------------------------------------------------
   total:    4    118     82
   ---------------------------------------------------------------------------

   total number of primitive shells          :   32
   total number of contracted shells         :   30
   total number of cartesian basis functions :   97
   total number of SCF-basis functions       :   82


 symmetry group of the molecule :   c1 

 the group has the following generators :
   c1(z)

    1 symmetry operations found

 there are 1 real representations :   a   

 maximum number of shells which are related by symmetry :  1


 determining totally symmetric integral contributions 
    - equivalent to irreducible tensor elements - 
 which can be formed within each triple of representations :

             representation triple      contributions

              a     a     a               1

    mo occupation :
   irrep   mo's   occupied
    a      147        5
 
 number of basis functions   :   147
 number of occupied orbitals :     5
 
  MOs are in ASCII format !


 reading orbital data $scfmo  from file mos
 orbital characterization : scfconv=7
 time elapsed for calculating density matrices :   0.001 sec

 number of non-frozen orbitals          :   147
 number of non-frozen occupied orbitals :     5
 Blocking parameters 
 shells:
    index      start shell   last shell  start bf    last bf    #bf 
       1             1          47             1        177    177
          size of I/O Block in Byte:                3007584
  
           ----------------------
               RI - INFORMATION
           ----------------------

 biggest AO integral is expected to be     6.129561670

 Threshold for integral neglect (rithr2):   0.14E-10
 Threshold for integral neglect (rithr1):   0.14E-10

 Contributions to RI integral batches: 
  neglected integral batches:                     0
  direct contribution:                            0
  memory contribution:                  1128
 Core memory available (ricore):               500 MiB
 Core memory needed for (P|Q) and Cholesky:      1 MiB
 Core memory used for integrals:                12 MiB
 
 ****************************************
 Memory allocated for RIDFT: 12 MiB
 ****************************************
 
 
 
 
 
 OCCUPIED-OCCUPIED TENSOR SPACES :

          IRREP   tensor space dimension   number of roots

           a                25                   6
 
 OCCUPIED-VIRTUAL TENSOR SPACES :

          IRREP   tensor space dimension   number of roots

           a               710                   6
 
 
 
 
 CONSTRUCTING integral bounds

 setting up bound for integral derivative estimation

 increment for numerical differentiation : 0.00050000
 
 machine precision:   2.220446049250313E-016

 integral neglect threshold       :  0.10E-09
 integral storage threshold THIZE :  0.10E-04
 integral storage threshold THIME :         5

 
 
 
 CONSTRUCTING first deriv. of <mu|x,y,z|nu> -> Dip. deriv.
  dipole integral derivatives will be neglected if
  expon. factor <0.282486E-11
      ...terminated. cpu:       0.01       wall:       0.01
 
 
 
 
 CONSTRUCTING first deriv. of  <mu|nu>
                               <mu|h|nu>    -> RHS
              second deriv. of <mu|nu>      -> Hessian
                               <mu|h|nu>    -> Hessian
                               nucl. rep.   -> Hessian
     integrals are neglected if expon. factor <  2.824858757062147E-013
      ...terminated. cpu:       0.10       wall:       0.10
 
 
 
 
 CONSTRUCTING second deriv. of 2e energy    -> Hessian
   treating Coulomb (and exchange) contribution
     integrals will be neglected if total contribution <  2.824858757062147E-009
      ...terminated. cpu:      18.03       wall:      22.12
 
 
 
 
 CONSTRUCTING S(i,j)xi
      ...terminated. cpu:       0.00       wall:       0.00
 
 
 
 
 CONSTRUCTING <i|x,y,z|j>*S(i,j)xi          -> Dip. deriv.
      ...terminated. cpu:       0.02       wall:       0.02
 
 
 
 
 CONSTRUCTING epsilon(i)*S(i,j)xi*S(i,j)chi -> Hessian
      ...terminated. cpu:       0.00       wall:       0.00
 
 
 
 
 CONSTRUCTING G(a,i)[S(k,l)xi]              -> RHS
              G(i,j)[S(k,l)xi]*S(i,j)chi    -> Hessian
 
         Maximum core memory set to                   1000 MB
         This corresponds to                  4031 vectors in CAO basis
      ...terminated. cpu:       6.14       wall:       7.93
 
 
 
 
 CONSTRUCTING G(mu,nu)[D(kap,lam)]xi
 
          Maximum core memory set to                   1000 MB
          Atoms treated simultaneously :                     4
 max of dfo   75.4848949112928     
      ...terminated. cpu:      16.26       wall:      12.72
 
 
 
 
 CONSTRUCTING F(a,i)xi                      -> RHS
              F(i,j)xi*S(i,j)chi            -> Hessian
 
        Maximum core memory set to                  1000 MB
        This corresponds to                  7961 vectors in CAO basis
      ...terminated. cpu:       0.00       wall:       0.00
 
 
 
 
 CONSTRUCTING epsilon(i)*S(a,i)xi           -> RHS
      ...terminated. cpu:       0.01       wall:       0.01
 
 
 
 
 SOLVING CPHF equations
 
 Residuum convergence criterium   :  1.000000000000000E-005
 
 Maximum number of Davidson iterations set to                    25

 logfile cphf_a    will be constructed


                       Nonorthonormal Krylov Space Iteration


 total number of roots to be determined: 6


 maximum core memory set to         1000 MB,
 corresponding to     4147 vectors in CAO basis


 maximum number of simultaneously treated vectors (including degeneracy):        6


 Iteration IRREP Converged      Max. Euclidean
                 roots          residual norm

    1       a        0        7.982972029609385D-02
 
    2       a        0        2.091204774946665D-02
 
    3       a        0        4.714954748455581D-03
 
    4       a        0        1.100909578844910D-03
 
    5       a        0        2.235792392708163D-04
 
    6       a        2        4.081407040915135D-05
 
    7       a        6        8.616266885995068D-06
 

 converged!

      ...terminated. cpu:      33.03       wall:      17.32
 
 
 
 
 CONSTRUCTING <a|x,y,z|i>*U(a,i)xi          -> Dip. deriv.
      ...terminated. cpu:       0.00       wall:       0.00
 
 
 
 
 CONSTRUCTING RHS(a,i)xi*U(a,i)chi          -> Hessian
      ...terminated. cpu:       0.00       wall:       0.00
 
 
 
 

            -----------------------
            permanent dipole moment
            -----------------------

                                   x                y                z
    electronic part       :   88.1185101426   -35.0546641026     0.6989171241
     nuclear   part       :  -87.9014930405    34.7454114324    -1.2291886544
     total                :    0.2170171021    -0.3092526702    -0.5302715302

 with reference to the point :   0.0000000        0.0000000        0.0000000
 (given in atomic units)
    | dipole |       :    1.6549247444  debye

   ***  dipole moment & cartesian dipole gradients written onto
        $dipole, $dipgrad,  file=<dipgrad>  ***

             -----------------------------------
             rotational and vibrational analysis
             -----------------------------------


            ==============================================================
            ATOMIC WEIGHTS (average over the natural occurance of isotops)
            ==============================================================
            ('*' denotes special isotop !)
              1     n                14.00670
              2     h                 1.00797
              3     h                 1.00797
              4     h                 1.00797

          -------------------------------------------------
          CARTESIAN FORCE CONSTANT MATRIX (hartree/bohr**2)
         (translational & rotational space projected out)
          -------------------------------------------------

   ATOM              1 n                           2 h 
                  dx        dy        dz        dx        dy        dz
   1 n     dx  0.5989611
           dy  0.0600769 0.5556266
           dz  0.1029621-0.1466721 0.3895070
   2 h     dx -0.4154935-0.0016238-0.0027950 0.4432839
           dy  0.0304296-0.0611790 0.0204927-0.0029411 0.0587831
           dz  0.0521700 0.0204939-0.0379976-0.0050337-0.0180552 0.0383564
   3 h     dx -0.0917345-0.0843898-0.0179265-0.0138999-0.0504590-0.0021566
           dy -0.1162828-0.3853797 0.0109388 0.0039083 0.0025596-0.0023422
           dz -0.0361562-0.0410143-0.0376734 0.0029660 0.0014485-0.0015449
   4 h     dx -0.0917331 0.0259368-0.0822406-0.0138905 0.0229706-0.0449797
           dy  0.0257763-0.1090679 0.1152406 0.0006567-0.0001637-0.0000965
           dz -0.1189759 0.1671925-0.3138361 0.0048627-0.0038860 0.0011860

   ATOM              3 h                           4 h 
                  dx        dy        dz        dx        dy        dz
   3 h     dx  0.0998312
           dy  0.1186375 0.4025135
           dz  0.0181099-0.0028066 0.0382181
   4 h     dx  0.0058032-0.0062630 0.0150803 0.0998203
           dy  0.0162114-0.0196933 0.0423724-0.0426444 0.1289249
           dz  0.0019732-0.0057900 0.0010002 0.1121400-0.1575165 0.3116498
 

   *** projected hessian written onto $hessian (projected), file=<hessian> ***

 dipole moment in principle axis system (a.u.) :
    -0.0000182925    -0.0000132702    -0.6510925678
 norm :  0.651092568219503     

 rotational constants b for rotations around axis of inertia
 and optical intensities for (1 <-- 0) transition

   b   :     9.7996612974     9.7983033540     6.2730084693   (cm**(-1))
   b   :      293786.4548      293745.7447      188060.0628     (MHz)
  int. :     0.0000000003     0.0000000002     0.4239215319     (a.u.)

   x   :     0.8459120136     0.4163103846    -0.3333444600
   y   :    -0.2307661831     0.8492090634     0.4749641412
   z   :     0.4808116409    -0.3248532444     0.8144265072

   ***  normal modes written onto $vibrational normal modes, file=<vib_normal_modes>  ***

  Keyword $vibrational reduced masses missing in file <control>


   ***  vibrational spectroscopic data written onto$vibrational spectrum   
        file=<vibspectrum>  ***

          ---------------------------------------------------
          NORMAL MODES and VIBRATIONAL FREQUENCIES (cm**(-1))
          ---------------------------------------------------

 imaginary wave numbers indicate a negative curvature of the energy surface.
 zero frequency modes have no physical meaning except being generators of
 translations and rotations. each vibrational normal mode - given in terms of
 cartesian displacement vectors of all atoms - has been normalized to unity.
 to obtain mass-weigthed normal coordinates in a.u. divide the tabulated
 modes by sqrt(reduced mass * 1822.88853).
 band intensities or cross sections refer to independent non-degenerate normal
 modes, that is, the intensities of degenerate modes have yet to be added.
 dDIP/dQ is the normal mode derivative of the dipole moment.


       mode               1        2        3        4        5        6

     frequency           0.00     0.00     0.00     0.00     0.00     0.00

     symmetry                                                             

        IR                -        -        -        -        -        - 
|dDIP/dQ|   (a.u.)     0.0000   0.0000   0.0000   0.0000   0.0000   0.0000
intensity (km/mol)       0.00     0.00     0.00     0.00     0.00     0.00
intensity (  %   )       0.00     0.00     0.00     0.00     0.00     0.00
 
       RAMAN              -        -        -        -        -        - 
 
  1   n           x  -0.01426  0.02013 -0.04255 -0.01740  0.02158  0.50410
                  y  -0.01131 -0.05514  0.04524  0.01315  0.47115  0.00128
                  z  -0.04959  0.16920  0.12224 -0.19485  0.01841 -0.00438
  2   h           x  -0.02394 -0.01435 -0.01655 -0.02194 -0.00074  0.49823
                  y  -0.11845 -0.11153  0.65419  0.44003  0.10482  0.06579
                  z  -0.20396 -0.56979  0.34879 -0.54568 -0.26724 -0.17337
  3   h           x  -0.09285 -0.07224  0.55121  0.36611 -0.32823  0.56329
                  y  -0.01715 -0.02634 -0.14957 -0.10765  0.57066 -0.02479
                  z   0.68436  0.19698  0.17017 -0.28160  0.34743  0.15582
  4   h           x  -0.12845 -0.57363 -0.11927 -0.49149 -0.07244  0.32813
                  y  -0.59469  0.14242 -0.24885  0.05654  0.36805 -0.11567
                  z  -0.30592  0.48638  0.00000  0.00000  0.00000  0.00000

reduced mass(g/mol)     1.044    1.425    1.252    1.508    3.904    4.311


       mode               7        8        9       10       11       12

     frequency        1272.00  1819.76  1819.79  3452.26  3553.64  3554.02

     symmetry            a        a        a        a        a        a   

        IR               YES      YES      YES      YES      YES      YES
|dDIP/dQ|   (a.u.)     0.0095   0.0032   0.0032   0.0008   0.0012   0.0012
intensity (km/mol)     161.42    17.68    17.68     1.19     2.38     2.38
intensity (  %   )     100.00    10.95    10.95     0.74     1.48     1.48
 
       RAMAN             YES      YES      YES      YES      YES      YES
 
  1   n           x  -0.03840  0.01452 -0.06101  0.01286 -0.06049  0.04365
                  y   0.05472 -0.05331 -0.02416 -0.01803  0.02927  0.06325
                  z   0.09383  0.03703 -0.01088 -0.03132 -0.04179 -0.01888
  2   h           x  -0.02016  0.01184 -0.04976 -0.57752  0.65941 -0.47441
                  y  -0.28875  0.67258  0.01094 -0.00770 -0.00251  0.02544
                  z  -0.49511 -0.31511 -0.33062 -0.01333 -0.03003  0.00797
  3   h           x   0.27691 -0.53750  0.34631  0.19882 -0.04413 -0.25253
                  y  -0.07866  0.15025 -0.15776  0.53902 -0.07268 -0.77031
                  z  -0.49603 -0.08060  0.44829 -0.01579 -0.01367 -0.02443
  4   h           x   0.27689  0.32395  0.55123  0.20000  0.22528  0.12037
                  y  -0.39297 -0.08199  0.48261 -0.28071 -0.33153 -0.13399
                  z  -0.31273 -0.11892  0.03347  0.46437  0.62443  0.27887

reduced mass(g/mol)     1.181    1.065    1.065    1.027    1.089    1.089
 

         **************************************************************
         *                                                            *
         *  zero point VIBRATIONAL energy  :      0.0352466  Hartree  *
         *    SCF-energy                   :    -56.2238638           *
         *    SCF + E(vib0)                :    -56.1886172           *
         *                                                            *
         **************************************************************




 time elapsed for vibrational analysis     0.01 sec


    ------------------------------------------------------------------------
         total  cpu-time :  1 minutes and 18 seconds
         total wall-time :  1 minutes and 11 seconds
    ------------------------------------------------------------------------

   ****  force : all done  ****


    2023-06-08 16:39:29.663 

