 
        ______________________________________
       |                                      |
       |             T H E R M O              |
       |              S.Grimme                |
       |          Universitaet Bonn           |
       |______________________________________|
 
 read from ~/.thermorc:
 scale factor   1.00000000000000     
 T              298.150000000000     
 Sthr          0.000000000000000E+000
 
 reading coord ...
 # atoms            4

          molecular weight =   17.03

          (10-47 kg m^2)  a =      2.856296   b =      2.856692   c =      4.462079
          (Mhz         )  a = 293806.417508   b = 293765.704784   c = 188073.349258
          (cm-1        )  a =      9.800327   b =      9.798969   c =      6.273452
 lin? F
 
 reading frequencies ...
 -----------AOFORCE OUTPUT------------
 
 Nvib=           6
  1272.00  1819.76  1819.79  3452.26  3553.64  3554.02
 symmetry:$symmetry c1
 RotN=   1.00000000000000     
 
 low-lying modes and their entropy (T*S, in kcal/mol)

                    CALCULATED THERMODYNAMIC PROPERTIES
   TEMP. (K)   PARTITION FUNCTION             ENTHALPY   HEAT CAPACITY  ENTROPY
                                    KCAL/MOL   CAL/MOLE    CAL/K/MOL   CAL/K/MOL

 298.15  VIB.         1.002                     9.46816    0.20950    0.03666
         ROT.     215.                        888.752      2.981     13.658
         INT.     216.                        898.221      3.190     13.694
         TRA.    0.680E+26                   1481.254      4.968     34.426
         TOT.                                2379.4744     8.1585    48.1202   201.3340
 
                    [au]       [kcal/mol]        [kJ/mol]

ZPVE            0.352466E-01     22.1176         92.5396    
H(0)-H(T)+PV    0.379193E-02     2.37947         9.95568    
 ------------------------------------------------------
H(T)            0.390385E-01     24.4971         102.495    
T*S             0.228634E-01     14.3470         60.0277    
G(T)            0.161751E-01     10.1500         42.4675    
 ------------------------------------------------------
 writing .H298 and .G298
