
  ========================================================================
                license information 
 Customer : 200000000058156
 ID       : LKO1924661

 License file is VALID, continuing with full version
  ========================================================================

   OpenMP run-time library returned nthreads =  2

 ridft (c04) : TURBOMOLE rev. V7-6 27 Oct 2021 at 10:11:12 compiled Oct 27th 2021
 Copyright (C) 2021 TURBOMOLE GmbH, Karlsruhe


    2023-06-15 21:21:52.715 



                                  r i d f t

                        DFT program with RI approximation 
                                for coulomb part 




                                                 
                                 References:     
                                                 
          TURBOMOLE:                             
              R. Ahlrichs, M. Baer, M. Haeser, H. Horn, and
              C. Koelmel
              Electronic structure calculations on workstation
              computers: the program system TURBOMOLE
              Chem. Phys. Lett. 162: 165 (1989)
          Density Functional:                              
              O. Treutler and R. Ahlrichs                      
              Efficient Molecular Numerical Integration Schemes
              J. Chem. Phys. 102: 346 (1995)                   
          Parallel Version:                                
              Performance of parallel TURBOMOLE for Density    
              Functional Calculations                          
              M. v. Arnim and R. Ahlrichs                      
              J. Comp. Chem. 19: 1746 (1998)                   
          RI-J Method:                                     
              Auxiliary Basis Sets to approximate Coulomb      
              Potentials                                       
              Chem. Phys. Lett. 240: 283 (1995)                
              K. Eichkorn, O. Treutler, H. Oehm, M. Haeser     
              and R. Ahlrichs                                  
              Chem. Phys. Lett. 242: 652 (1995)                
                                                           
              Auxiliary Basis Sets for Main Row Atoms and their
              Use to approximate Coulomb Potentials            
              K. Eichkorn, F. Weigend, O. Treutler and         
              R. Ahlrichs                                      
              Theo. Chem. Acc. 97: 119 (1997)                   
                                                           
              Accurate Coulomb-fitting basis sets for H to Rn 
              F. Weigend                                        
              Phys. Chem. Chem. Phys. 8: 1057 (2006)            
                                                           
          Multipole accelerated RI-J (MARI-J):             
              Fast evaluation of the Coulomb potential for     
              electron densities using multipole accelerated   
              resolution of identity approximation             
              M. Sierka, A. Hogekamp and R. Ahlrichs           
              J. Chem. Phys. 118: 9136 (2003)                  
          RI-JK Method:                                     
              A fully direct RI-HF algorithm: Implementation,
              optimised auxiliary basis sets, demonstration of
              accuracy and efficiency                         
              F. Weigend                                      
              Phys. Chem. Chem. Phys. 4: 4285 (2002)           
          Two-component HF and DFT with spin-orbit coupling:  
              Self-consistent treatment of spin-orbit         
              interactions with efficient Hartree-Fock and    
              density functional methods                      
              M. K. Armbruster, F. Weigend, C. van Wüllen and 
              W. Klopper                                      
              Phys. Chem. Chem. Phys. 10: 1748 (2008)         
          Two-component difference density and DIIS algorithm 
              Efficient two-component self-consistent field   
              procedures and gradients: implementation in     
              TURBOMOLE and application to Au20-              
              A. Baldes, F. Weigend                           
              Mol. Phys. 111: 2617 (2013)                     
          Relativistic all-electron 2c calculations           
              An efficient implementation of two-component    
              relativistic exact-decoupling methods for large 
              molecules                                       
              D. Peng, N. Middendorf, F. Weigend, M. Reiher   
              J. Chem. Phys. 138: 184105 (2013)               
          Finite nucleus model and SNSO approximation         
              Efficient implementation of one- and two-       
              component analytical energy gradients in exact  
              two-component theory                            
              Y. J. Franzke, N. Middendorf, F. Weigend        
              J. Chem. Phys. 148: 104110 (2018)               
          Grids for all-electron relativistic methods         
              Error-consistent segmented contracted all-      
              electron relativistic basis sets of double-     
              and triple-zeta quality for NMR shielding       
              constants                                       
              Y. J. Franzke, R. Tress, T. M. Pazdera,         
              F. Weigend                                      
              Phys. Chem. Chem. Phys. 21: 166658 (2019)       
          Seminumerical exchange algorithms                   
              Seminumerical calculation of the Hartree-Fock   
              exchange matirx: Application to two-component   
              procedures and efficient evaluation of local    
              hybrid functionsl                               
               P. Plessow, F. Weigend,                        
              J. Comput. Chem. 33: 810 (2012)                 
          Improved seminumerical algorithms                   
              C. Holzer,                                      
              J. Chem. Phys. 153 (2020), 184115               
                                         





          OpenMP Shared-Memory Parallelization:  2 CPUs.

            By: Christof Holzer and Yannick J. Franzke


              +--------------------------------------------------+
              |      general information about current run       |
              +--------------------------------------------------+

 

 DENSITY CONVERGENCE CHECK SWITCHED ON !
 SCF CONVERGENCE IF RMS(delta[D]) <     0.1000000000E-06

 A HF calculation using the RI-J approximation will be carried out.
 Allocatable memory for RI due to $ricore (MB):                   500


              +--------------------------------------------------+
              | Atomic coordinate, charge and isotop information |
              +--------------------------------------------------+

                    atomic coordinates            atom    charge  isotop
         -9.99007888    3.53381119    0.08465484    c      6.000     0
        -10.52829682    5.74763566    0.06020965    o      8.000     0
         -7.62786358    2.58447761   -0.19655375    o      8.000     0
        -11.32935918    1.96461150    0.33784956    h      1.000     0
         -6.49043994    4.02639327   -0.41585220    h      1.000     0
 
       center of nuclear mass  :   -9.30871367    3.94979222   -0.02701189
       center of nuclear charge:   -9.29206482    3.91044908   -0.02753444

  Keyword $basis  missing in file <control>

              read basis sets from /software/cluster/turbomole76/basen/
              (basis sets have been saved in file basis)

              +--------------------------------------------------+
              |               basis set information              |
              +--------------------------------------------------+

              we will work with the 1s 3p 5d 7f 9g ... basis set
              ...i.e. with spherical basis functions...

   type   atoms  prim   cont   basis
   ---------------------------------------------------------------------------
    c        1    102     80   aug-cc-pVQZ   [6s5p4d3f2g|22s7p4d3f2g]
    o        2    102     80   aug-cc-pVQZ   [6s5p4d3f2g|22s7p4d3f2g]
    h        2     48     46   aug-cc-pVQZ   [5s4p3d2f|7s4p3d2f]
   ---------------------------------------------------------------------------
   total:    5    402    332
   ---------------------------------------------------------------------------

   total number of primitive shells          :   92
   total number of contracted shells         :   88
   total number of cartesian basis functions :  425
   total number of SCF-basis functions       :  332


 integral neglect threshold       :  0.78E-11
 integral storage threshold THIZE :  0.10E-04
 integral storage threshold THIME :         5

 RI-J AUXILIARY BASIS SET information:

              assign orbital basis set names as defaults
              read basis sets from /software/cluster/turbomole76/jbasen/
              (basis sets have been saved in file auxbasis)

              we will work with the 1s 3p 5d 7f 9g ... basis set
              ...i.e. with spherical basis functions...

   type   atoms  prim   cont   basis
   ---------------------------------------------------------------------------
    c        1     70     49   aug-cc-pVQZ   [6s4p3d1f1g|12s5p4d2f1g]
    o        2     70     49   aug-cc-pVQZ   [6s4p3d1f1g|12s5p4d2f1g]
    h        2     16     11   aug-cc-pVQZ   [3s1p1d|5s2p1d]
   ---------------------------------------------------------------------------
   total:    5    242    169
   ---------------------------------------------------------------------------

   total number of primitive shells          :   56
   total number of contracted shells         :   55
   total number of cartesian basis functions :  207
   total number of SCF-basis functions       :  169


 symmetry group of the molecule :   c1 

 the group has the following generators :
   c1(z)

    1 symmetry operations found

 there are 1 real representations :   a   

 maximum number of shells which are related by symmetry :  1


 biggest AO integral is expected to be     4.785886462

          ------------------------
          nuclear repulsion energy  :   69.7604228050    
          ------------------------


         -----------------
         -S,T+V- integrals
         -----------------

 1e-integrals will be neglected if expon. factor < 0.786344E-12
 
   Difference densities algorithm switched on.
   The maximal number of linear combinations of
   difference densities is                    20 .

 DIIS switched on: error vector is FDS-SDF
 Max. Iterations for DIIS is     :   5
 DIIS matrix (see manual) 
    Scaling factor of diagonals  :  1.200
    threshold for scaling factor :  0.000

 scf convergence criterion : increment of total energy < .1000000D-06
                  and increment of one-electron energy < .1000000D-03

 MOs are in ASCII format !

  missing closed shell occupation number declaration

 No input with occupation numbers/open-shell information found

 start vectors will be provided by an EHT guess

 The EHT guess will be determined for:
   molecular charge   :    0
   number of electrons:   24
   S_z eigenvalue     :    0
 
 virtual MOs provided and orthogonalized by Cholesky decomposition

 automatic virtual orbital shift switched on 
      shift if e(lumo)-e(homo) < 0.10000000    

  
           ------------------------
               RI-J - INFORMATION
           ------------------------
 Contributions to RI integral batches: 
  neglected integral batches:                    44
  direct contribution:                            0
  memory contribution:                  3872
 Memory core needed for (P|Q) and Cholesky      1 MByte
 Memory core minimum needed except of (P|Q)     1 MByte
 Total minimum memory core needed (sum)         1 MByte
  
 ****************************************
 Memory allocated for RI-J   144 MByte
 ****************************************
                                            

 dump of DSCF restart information has been disabled !


 Starting SCF iterations


 ITERATION  ENERGY          1e-ENERGY        2e-ENERGY     RMS[dD(SAO)]   TOL
   1  -188.02472484963    -396.12736655     138.34221889    0.000D+00 0.784D-11
                            exK = -22.4868600196     Coul =  160.829078913    
                            current damping = 0.300
 
          max. resid. norm for Fia-block=  4.078D-01 for orbital     11a         
          max. resid. fock norm         =  1.190D+01 for orbital    290a         

 ITERATION  ENERGY          1e-ENERGY        2e-ENERGY     RMS[dD(SAO)]   TOL
   2  -188.79278045550    -396.58205450     138.02885124    0.781D-02 0.608D-11
                            current damping = 0.250
 
          Norm of current diis error:  1.7734    
          max. resid. norm for Fia-block=  1.281D-01 for orbital      2a         
          max. resid. fock norm         =  2.941D-01 for orbital    221a         

 ITERATION  ENERGY          1e-ENERGY        2e-ENERGY     RMS[dD(SAO)]   TOL
   3  -188.84389365579    -397.43948015     138.83516369    0.204D-02 0.438D-11
                            current damping = 0.200
 
          Norm of current diis error: 0.63263    
          max. resid. norm for Fia-block=  3.911D-02 for orbital     10a         
          max. resid. fock norm         =  3.991D-02 for orbital     10a         

 ITERATION  ENERGY          1e-ENERGY        2e-ENERGY     RMS[dD(SAO)]   TOL
   4  -188.85357114462    -397.17420429     138.56021034    0.597D-03 0.377D-11
                            current damping = 0.250
 
          Norm of current diis error: 0.19963    
          max. resid. norm for Fia-block=  1.499D-02 for orbital     10a         
          max. resid. fock norm         =  2.051D-02 for orbital    316a         

 ITERATION  ENERGY          1e-ENERGY        2e-ENERGY     RMS[dD(SAO)]   TOL
   5  -188.85470646603    -397.26278076     138.64765149    0.176D-03 0.347D-11
                            current damping = 0.300
 
          Norm of current diis error: 0.67265E-01
          max. resid. norm for Fia-block=  5.442D-03 for orbital     10a         
          max. resid. fock norm         =  5.556D-03 for orbital     10a         
          mo-orthogonalization: Cholesky decomposition

 ITERATION  ENERGY          1e-ENERGY        2e-ENERGY     RMS[dD(SAO)]   TOL
   6  -188.85487901667    -397.25976552     138.64446370    0.610D-04 0.324D-11
                            current damping = 0.350
 
          Norm of current diis error: 0.29323E-01
          max. resid. norm for Fia-block=  3.173D-03 for orbital     10a         
          max. resid. fock norm         =  3.808D-03 for orbital     10a         

 ITERATION  ENERGY          1e-ENERGY        2e-ENERGY     RMS[dD(SAO)]   TOL
   7  -188.85491449719    -397.25529833     138.63996103    0.278D-04 0.308D-11
                            current damping = 0.200
 
          Norm of current diis error: 0.13288E-01
          max. resid. norm for Fia-block=  1.421D-03 for orbital     11a         
          max. resid. fock norm         =  1.465D-03 for orbital     10a         

 ITERATION  ENERGY          1e-ENERGY        2e-ENERGY     RMS[dD(SAO)]   TOL
   8  -188.85492457256    -397.25806652     138.64271914    0.150D-04 0.290D-11
                            current damping = 0.250
 
          Norm of current diis error: 0.55884E-02
          max. resid. norm for Fia-block=  6.613D-04 for orbital     11a         
          max. resid. fock norm         =  7.187D-04 for orbital     10a         

 ITERATION  ENERGY          1e-ENERGY        2e-ENERGY     RMS[dD(SAO)]   TOL
   9  -188.85492650855    -397.25762743     138.64227812    0.587D-05 0.275D-11
                            current damping = 0.300
 
          Norm of current diis error: 0.24192E-02
          max. resid. norm for Fia-block=  3.774D-04 for orbital     11a         
          max. resid. fock norm         =  3.826D-04 for orbital     11a         

 ITERATION  ENERGY          1e-ENERGY        2e-ENERGY     RMS[dD(SAO)]   TOL
  10  -188.85492691640    -397.25769387     138.64234415    0.240D-05 0.262D-11
                            current damping = 0.350
 
          Norm of current diis error: 0.11414E-02
          max. resid. norm for Fia-block=  1.745D-04 for orbital     11a         
          max. resid. fock norm         =  1.746D-04 for orbital     11a         
          mo-orthogonalization: Cholesky decomposition

 ITERATION  ENERGY          1e-ENERGY        2e-ENERGY     RMS[dD(SAO)]   TOL
  11  -188.85492700516    -397.25783666     138.64248685    0.113D-05 0.250D-11
                            current damping = 0.200
 
          Norm of current diis error: 0.48944E-03
          max. resid. norm for Fia-block=  8.779D-05 for orbital     11a         
          max. resid. fock norm         =  8.909D-05 for orbital     11a         

 ITERATION  ENERGY          1e-ENERGY        2e-ENERGY     RMS[dD(SAO)]   TOL
  12  -188.85492702335    -397.25778383     138.64243400    0.539D-06 0.239D-11
                            current damping = 0.250
 
          Norm of current diis error: 0.19810E-03
          max. resid. norm for Fia-block=  2.882D-05 for orbital     12a         
          max. resid. fock norm         =  3.278D-05 for orbital     12a         

 ENERGY & DENSITY CONVERGED !


 ITERATION  ENERGY          1e-ENERGY        2e-ENERGY     RMS[dD(SAO)]   TOL
  13  -188.85492702572    -397.25782317     138.64247334    0.203D-06 0.231D-11
                            current damping = 0.300
 
          Norm of current diis error: 0.73052E-04
          max. resid. norm for Fia-block=  1.013D-05 for orbital     11a         
          max. resid. fock norm         =  1.047D-05 for orbital     11a         

 End of SCF iterations

   convergence criteria satisfied after    13 iterations


                  ------------------------------------------ 
                 |  total energy      =   -188.85492702572  |
                  ------------------------------------------ 
                 :  kinetic energy    =    188.51526104688  :
                 :  potential energy  =   -377.37018807259  :
                 :  virial theorem    =      1.99820144497  :
                 :  wavefunction norm =      1.00000000000  :
                  .......................................... 


 <geterg> : there is no data group $energy 


 orbitals $scfmo  will be written to file mos

    irrep                  8a          9a         10a         11a         12a   
 eigenvalues H         -0.71289    -0.63548    -0.60597    -0.49837    -0.47582
            eV         -19.3988    -17.2923    -16.4894    -13.5614    -12.9479
 occupation              2.0000      2.0000      2.0000      2.0000      2.0000

    irrep                 13a         14a         15a         16a         17a   
 eigenvalues H          0.02648     0.03470     0.06464     0.07019     0.09625
            eV           0.7207      0.9443      1.7590      1.9099      2.6191
 
 
 
 
 ==============================================================================
                           electrostatic moments
 ==============================================================================

 reference point for electrostatic moments:    0.00000   0.00000   0.00000

 
              nuc           elec       ->  total
 ------------------------------------------------------------------------------
                          charge      
 ------------------------------------------------------------------------------
          24.000000     -24.000000      -0.000000
 
 ------------------------------------------------------------------------------
                       dipole moment  
 ------------------------------------------------------------------------------
   x    -223.009556     223.358732       0.349176
   y      93.850778     -94.424544      -0.573766
   z      -0.660826       0.638596      -0.022230
 
   | dipole moment | =     0.6720 a.u. =     1.7081 debye 
 
 ------------------------------------------------------------------------------
                     quadrupole moment
 ------------------------------------------------------------------------------
  xx    2121.524941   -2139.221567     -17.696627
  yy     412.717191    -432.186238     -19.469047
  zz       0.668143     -13.280203     -12.612060
  xy    -902.024023     912.031207      10.007184
  xz       0.720235      -0.870754      -0.150519
  yz      -0.511121       0.089130      -0.421992
 
     1/3  trace=     -16.592578
     anisotropy=      18.413030
 
 ==============================================================================
 
HOMO-LUMO Separation
 HOMO         :   -0.47582194 H =    -12.94778 eV
 LUMO         :    0.02648367 H =     +0.72066 eV
 HOMO-LUMO gap:    0.50230561 H =    +13.66844 eV
 
 ==============================================================================


    ------------------------------------------------------------------------
         total  cpu-time :  7 minutes and 48 seconds
         total wall-time :  4 minutes and 23 seconds
    ------------------------------------------------------------------------

   ****  ridft : all done  ****


    2023-06-15 21:26:15.948 

