
  ========================================================================
                license information 
 Customer : 200000000058156
 ID       : LKO1924661

 License file is VALID, continuing with full version
  ========================================================================

   OpenMP run-time library returned nthreads =  2

 ridft (c04) : TURBOMOLE rev. V7-6 27 Oct 2021 at 10:11:12 compiled Oct 27th 2021
 Copyright (C) 2021 TURBOMOLE GmbH, Karlsruhe


    2023-06-22 16:27:39.316 



                                  r i d f t

                        DFT program with RI approximation 
                                for coulomb part 




                                                 
                                 References:     
                                                 
          TURBOMOLE:                             
              R. Ahlrichs, M. Baer, M. Haeser, H. Horn, and
              C. Koelmel
              Electronic structure calculations on workstation
              computers: the program system TURBOMOLE
              Chem. Phys. Lett. 162: 165 (1989)
          Density Functional:                              
              O. Treutler and R. Ahlrichs                      
              Efficient Molecular Numerical Integration Schemes
              J. Chem. Phys. 102: 346 (1995)                   
          Parallel Version:                                
              Performance of parallel TURBOMOLE for Density    
              Functional Calculations                          
              M. v. Arnim and R. Ahlrichs                      
              J. Comp. Chem. 19: 1746 (1998)                   
          RI-J Method:                                     
              Auxiliary Basis Sets to approximate Coulomb      
              Potentials                                       
              Chem. Phys. Lett. 240: 283 (1995)                
              K. Eichkorn, O. Treutler, H. Oehm, M. Haeser     
              and R. Ahlrichs                                  
              Chem. Phys. Lett. 242: 652 (1995)                
                                                           
              Auxiliary Basis Sets for Main Row Atoms and their
              Use to approximate Coulomb Potentials            
              K. Eichkorn, F. Weigend, O. Treutler and         
              R. Ahlrichs                                      
              Theo. Chem. Acc. 97: 119 (1997)                   
                                                           
              Accurate Coulomb-fitting basis sets for H to Rn 
              F. Weigend                                        
              Phys. Chem. Chem. Phys. 8: 1057 (2006)            
                                                           
          Multipole accelerated RI-J (MARI-J):             
              Fast evaluation of the Coulomb potential for     
              electron densities using multipole accelerated   
              resolution of identity approximation             
              M. Sierka, A. Hogekamp and R. Ahlrichs           
              J. Chem. Phys. 118: 9136 (2003)                  
          RI-JK Method:                                     
              A fully direct RI-HF algorithm: Implementation,
              optimised auxiliary basis sets, demonstration of
              accuracy and efficiency                         
              F. Weigend                                      
              Phys. Chem. Chem. Phys. 4: 4285 (2002)           
          Two-component HF and DFT with spin-orbit coupling:  
              Self-consistent treatment of spin-orbit         
              interactions with efficient Hartree-Fock and    
              density functional methods                      
              M. K. Armbruster, F. Weigend, C. van Wüllen and 
              W. Klopper                                      
              Phys. Chem. Chem. Phys. 10: 1748 (2008)         
          Two-component difference density and DIIS algorithm 
              Efficient two-component self-consistent field   
              procedures and gradients: implementation in     
              TURBOMOLE and application to Au20-              
              A. Baldes, F. Weigend                           
              Mol. Phys. 111: 2617 (2013)                     
          Relativistic all-electron 2c calculations           
              An efficient implementation of two-component    
              relativistic exact-decoupling methods for large 
              molecules                                       
              D. Peng, N. Middendorf, F. Weigend, M. Reiher   
              J. Chem. Phys. 138: 184105 (2013)               
          Finite nucleus model and SNSO approximation         
              Efficient implementation of one- and two-       
              component analytical energy gradients in exact  
              two-component theory                            
              Y. J. Franzke, N. Middendorf, F. Weigend        
              J. Chem. Phys. 148: 104110 (2018)               
          Grids for all-electron relativistic methods         
              Error-consistent segmented contracted all-      
              electron relativistic basis sets of double-     
              and triple-zeta quality for NMR shielding       
              constants                                       
              Y. J. Franzke, R. Tress, T. M. Pazdera,         
              F. Weigend                                      
              Phys. Chem. Chem. Phys. 21: 166658 (2019)       
          Seminumerical exchange algorithms                   
              Seminumerical calculation of the Hartree-Fock   
              exchange matirx: Application to two-component   
              procedures and efficient evaluation of local    
              hybrid functionsl                               
               P. Plessow, F. Weigend,                        
              J. Comput. Chem. 33: 810 (2012)                 
          Improved seminumerical algorithms                   
              C. Holzer,                                      
              J. Chem. Phys. 153 (2020), 184115               
                                         





          OpenMP Shared-Memory Parallelization:  2 CPUs.

            By: Christof Holzer and Yannick J. Franzke


              +--------------------------------------------------+
              |      general information about current run       |
              +--------------------------------------------------+

 
 PW6B95 global meta hybrid functional
 code by Stefan Grimme, University of Muenster
 Zhao and Truhlar, J Phys Chem A, 109, 25, 2005, 5656.
 A Hybrid-DFT calculation using the RI-J approximation will be carried out.
 Allocatable memory for RI due to $ricore (MB):                   500


              +--------------------------------------------------+
              | Atomic coordinate, charge and isotop information |
              +--------------------------------------------------+

                    atomic coordinates            atom    charge  isotop
         -7.10945204    0.46750879    1.28473031    c      6.000     0
         -6.40913465    0.88013805   -1.42305448    c      6.000     0
         -4.08533277    1.99514072   -1.50053703    c      6.000     0
         -2.94133793    1.78931175    0.89835501    c      6.000     0
         -4.53977600    0.49843038    2.48218928    c      6.000     0
         -8.23756751   -1.20527110    1.66447644    h      1.000     0
         -8.18808314    2.10749438    1.95102695    h      1.000     0
         -7.77000769    0.86939874   -2.93376390    h      1.000     0
         -3.17180325    2.74106097   -3.15620168    h      1.000     0
         -1.05420073    2.40764525    1.33267455    h      1.000     0
         -4.26761764    0.25331779    4.48436167    h      1.000     0
         -4.81847470   -3.26932068   -1.32651971    c      6.000     0
         -3.88155415   -3.40975379    1.09770033    c      6.000     0
         -1.04702166   -3.55406461    0.97754399    c      6.000     0
         -0.53478493   -3.14670391   -1.77052976    c      6.000     0
         -2.71035670   -3.06886042   -3.05380120    c      6.000     0
         -6.69345718   -3.77445203   -1.91865027    h      1.000     0
         -4.89309242   -4.14196975    2.70193797    h      1.000     0
         -0.40704890   -5.42925119    1.57389809    h      1.000     0
         -0.09558613   -2.18359932    2.17809266    h      1.000     0
          1.34471021   -3.01532259   -2.52913764    h      1.000     0
         -2.92376347   -2.84059474   -5.06230228    h      1.000     0
 
       center of nuclear mass  :   -3.81279146   -1.09119309   -0.20985559
       center of nuclear charge:   -3.81695654   -1.09889703   -0.19051565

  Keyword $basis  missing in file <control>

              read basis sets from /software/cluster/turbomole76/basen/
              (basis sets have been saved in file basis)

              +--------------------------------------------------+
              |               basis set information              |
              +--------------------------------------------------+

              we will work with the 1s 3p 5d 7f 9g ... basis set
              ...i.e. with spherical basis functions...

   type   atoms  prim   cont   basis
   ---------------------------------------------------------------------------
    c       10     46     31   def2-TZVP   [5s3p2d1f|11s6p2d1f]
    h       12      8      6   def2-TZVP   [3s1p|5s1p]
   ---------------------------------------------------------------------------
   total:   22    556    382
   ---------------------------------------------------------------------------

   total number of primitive shells          :   26
   total number of contracted shells         :  158
   total number of cartesian basis functions :  432
   total number of SCF-basis functions       :  382


 integral neglect threshold       :  0.77E-11
 integral storage threshold THIZE :  0.10E-04
 integral storage threshold THIME :         5

 RI-J AUXILIARY BASIS SET information:

              assign orbital basis set names as defaults
              read basis sets from /software/cluster/turbomole76/jbasen/
              (basis sets have been saved in file auxbasis)

              we will work with the 1s 3p 5d 7f 9g ... basis set
              ...i.e. with spherical basis functions...

   type   atoms  prim   cont   basis
   ---------------------------------------------------------------------------
    c       10     70     49   def2-TZVP   [6s4p3d1f1g|12s5p4d2f1g]
    h       12     16     11   def2-TZVP   [3s1p1d|5s2p1d]
   ---------------------------------------------------------------------------
   total:   22    892    622
   ---------------------------------------------------------------------------

   total number of primitive shells          :   32
   total number of contracted shells         :  210
   total number of cartesian basis functions :  754
   total number of SCF-basis functions       :  622


 symmetry group of the molecule :   c1 

 the group has the following generators :
   c1(z)

    1 symmetry operations found

 there are 1 real representations :   a   

 maximum number of shells which are related by symmetry :  1

  
           ------------------
           density functional
           ------------------
 PW6B95 global meta hybrid functional
 code by Stefan Grimme, University of Muenster
 Zhao and Truhlar, J Phys Chem A, 109, 25, 2005, 5656.

 iterations will be done with small grid
  
 spherical integration : Lebedev's spherical grid
 spherical gridsize    :                     3
    i.e. gridpoints    :                   302
 value for diffuse not defined
 radial integration    : Chebyshev 2nd kind (scaling 3)
 radial gridsize       :                     3
 integration cells     :                    22
 partition function    : becke
 partition sharpness   :                     3
  

 biggest AO integral is expected to be     5.725698708

          ------------------------
          nuclear repulsion energy  :   525.253545992    
          ------------------------

  _________________________________
 |                                 |
 |         DFTD3 V3.1 Rev 0        |
 | S.Grimme, University Bonn       |
 |            June  2014           |
 |   see standalone version        |
 |       dftd3 -h for options      |
 |_________________________________|
 
 Please cite DFT-D3 work done with this code as:
 S. Grimme, J. Antony, S. Ehrlich and H. Krieg,
 J. Chem. Phys, 132 (2010), 154104.
 If used with BJ-damping cite also
 S. Grimme, S. Ehrlich and L. Goerigk,
 J. Comput. Chem. 32 (2011), 1456-1465
 For DFT-D2 the reference is
 S. Grimme, J. Comput. Chem., 27 (2006), 1787-1799
 
C6 coefficients used:
                     2  C6 for element                      1
Z=  1 CN= 0.912     C6(AA)=    3.03
Z=  1 CN= 0.000     C6(AA)=    7.59
                     5  C6 for element                      6
Z=  6 CN= 0.000     C6(AA)=   49.11
Z=  6 CN= 0.987     C6(AA)=   43.25
Z=  6 CN= 1.998     C6(AA)=   29.36
Z=  6 CN= 2.999     C6(AA)=   25.78
Z=  6 CN= 3.984     C6(AA)=   18.21

#           XYZ [au]              R0(AA) [Ang.]  CN          C6(AA)     C8(AA)   C10(AA) [au]
  1  -7.10945   0.46751   1.28473   c   0.295  4.213        18.2       527.2     18679.0
  2  -6.40913   0.88014  -1.42305   c   0.295  3.346        23.8       688.0     24376.6
  3  -4.08533   1.99514  -1.50054   c   0.295  3.256        24.7       713.3     25271.4
  4  -2.94134   1.78931   0.89836   c   0.295  3.259        24.6       712.6     25248.2
  5  -4.53978   0.49843   2.48219   c   0.295  3.433        22.6       654.9     23204.2
  6  -8.23757  -1.20527   1.66448   h   0.191  1.003         3.1        37.3       553.0
  7  -8.18808   2.10749   1.95103   h   0.191  1.003         3.1        37.3       553.0
  8  -7.77001   0.86940  -2.93376   h   0.191  1.002         3.1        37.3       553.1
  9  -3.17180   2.74106  -3.15620   h   0.191  1.003         3.1        37.3       553.0
 10  -1.05420   2.40765   1.33267   h   0.191  1.003         3.1        37.3       553.0
 11  -4.26762   0.25332   4.48436   h   0.191  1.002         3.1        37.3       553.0
 12  -4.81847  -3.26932  -1.32652   c   0.295  3.332        24.0       692.7     24542.0
 13  -3.88155  -3.40975   1.09770   c   0.295  3.415        22.9       662.1     23457.4
 14  -1.04702  -3.55406   0.97754   c   0.295  4.180        18.2       527.4     18685.8
 15  -0.53478  -3.14670  -1.77053   c   0.295  3.223        24.9       719.9     25506.0
 16  -2.71036  -3.06886  -3.05380   c   0.295  3.230        24.8       718.5     25457.3
 17  -6.69346  -3.77445  -1.91865   h   0.191  1.004         3.1        37.3       552.9
 18  -4.89309  -4.14197   2.70194   h   0.191  1.003         3.1        37.3       552.9
 19  -0.40705  -5.42925   1.57390   h   0.191  1.003         3.1        37.3       553.0
 20  -0.09559  -2.18360   2.17809   h   0.191  1.003         3.1        37.3       553.0
 21   1.34471  -3.01532  -2.52914   h   0.191  1.002         3.1        37.3       553.1
 22  -2.92376  -2.84059  -5.06230   h   0.191  1.003         3.1        37.3       553.0

molecular C6(AA) [au] =      4731.53

           DFT-D V3(BJ)
 DF pw6b95                                            
 parameters
 s6       :    1.0000
 s8       :    0.7257
 a1       :    0.2076
 a2       :    6.3750
 k1-k3    :   16.0000    1.3333   -4.0000
 
 Edisp /kcal,au:    -8.7524 -0.01394778

 E6    /kcal :    -6.6593
 E8    /kcal :    -2.0931
 % E8        : 23.91
 nuclear repulsion energy                  =     525.253545992
  DFT-D3 Energy contribution               =      -0.013947777
 nuclear repulsion + dispersion correction =     525.239598215


         -----------------
         -S,T+V- integrals
         -----------------

 1e-integrals will be neglected if expon. factor < 0.773602E-12
 
   Difference densities algorithm switched on.
   The maximal number of linear combinations of
   difference densities is                    20 .

 DIIS switched on: error vector is FDS-SDF
 Max. Iterations for DIIS is     :   4
 DIIS matrix (see manual) 
    Scaling factor of diagonals  :  1.200
    threshold for scaling factor :  0.000

 scf convergence criterion : increment of total energy < .1000000D-06
                  and increment of one-electron energy < .1000000D-03

 MOs are in ASCII format !

  missing closed shell occupation number declaration

 No input with occupation numbers/open-shell information found

 start vectors will be provided by an EHT guess

 The EHT guess will be determined for:
   molecular charge   :    0
   number of electrons:   72
   S_z eigenvalue     :    0
 
 virtual MOs provided and orthogonalized by Cholesky decomposition

 automatic virtual orbital shift switched on 
      shift if e(lumo)-e(homo) < 0.10000000    

  
           ------------------------
               RI-J - INFORMATION
           ------------------------
 Contributions to RI integral batches: 
  neglected integral batches:                   981
  direct contribution:                          309
  memory contribution:                 11271
 Memory core needed for (P|Q) and Cholesky      3 MByte
 Memory core minimum needed except of (P|Q)     1 MByte
 Total minimum memory core needed (sum)         4 MByte
  
 ****************************************
 Memory allocated for RI-J   482 MByte
 ****************************************
                                            

 dump of DSCF restart information has been disabled !


 Starting SCF iterations

          Overall gridpoints after grid construction =         27072

 ITERATION  ENERGY          1e-ENERGY        2e-ENERGY     NORM[dD(SAO)]  TOL
   1  -387.54184168064    -1546.8321166     634.05067671    0.000D+00 0.772D-11
                            Exc = -42.4301465147     Coul =  691.722690534    
                            exK = -15.2418673086    
                              N = 72.004278877    
                            current damping = 0.700
 
          max. resid. norm for Fia-block=  2.666D-01 for orbital     21a         
          max. resid. fock norm         =  5.973D+00 for orbital    273a         

 ITERATION  ENERGY          1e-ENERGY        2e-ENERGY     NORM[dD(SAO)]  TOL
   2  -388.53200817038    -1559.1019617     645.33035533    0.260D+01 0.703D-11
                            Exc = -43.2151113369      Eck =  688.545466664    
                              N = 72.003933396    
                            current damping = 0.650
 
          Norm of current diis error:  2.8182    
          max. resid. norm for Fia-block=  1.280D-01 for orbital     11a         
          max. resid. fock norm         =  1.447D-01 for orbital     70a         

 ITERATION  ENERGY          1e-ENERGY        2e-ENERGY     NORM[dD(SAO)]  TOL
   3  -388.75019557316    -1561.0872070     647.09741319    0.864D+00 0.390D-11
                            Exc = -43.4406029677      Eck =  690.538016156    
                              N = 72.003696464    
                            current damping = 0.550
 
          Norm of current diis error:  1.4219    
          max. resid. norm for Fia-block=  6.653D-02 for orbital     11a         
          max. resid. fock norm         =  7.344D-02 for orbital     11a         

 ITERATION  ENERGY          1e-ENERGY        2e-ENERGY     NORM[dD(SAO)]  TOL
   4  -388.82184112075    -1563.6086934     649.54725406    0.405D+00 0.333D-11
                            Exc = -43.6086112592      Eck =  693.155865324    
                              N = 72.003585675    
                            current damping = 0.450
 
          Norm of current diis error: 0.54474    
          max. resid. norm for Fia-block=  2.662D-02 for orbital     11a         
          max. resid. fock norm         =  2.900D-02 for orbital     11a         

 ITERATION  ENERGY          1e-ENERGY        2e-ENERGY     NORM[dD(SAO)]  TOL
   5  -388.83524713742    -1564.0329666     649.95812125    0.195D+00 0.295D-11
                            Exc = -43.6637140967      Eck =  693.621835345    
                              N = 72.003559609    
                            current damping = 0.300
 
          Norm of current diis error: 0.20361    
          max. resid. norm for Fia-block=  9.334D-03 for orbital     11a         
          max. resid. fock norm         =  1.052D-02 for orbital     11a         
          mo-orthogonalization: Cholesky decomposition

 ITERATION  ENERGY          1e-ENERGY        2e-ENERGY     NORM[dD(SAO)]  TOL
   6  -388.83740447410    -1564.6709853     650.59398263    0.576D-01 0.277D-11
                            Exc = -43.6989297063      Eck =  694.292912338    
                              N = 72.003542452    
                            current damping = 0.200
 
          Norm of current diis error: 0.69049E-01
          max. resid. norm for Fia-block=  3.336D-03 for orbital     36a         
          max. resid. fock norm         =  5.806D-03 for orbital    380a         

 ITERATION  ENERGY          1e-ENERGY        2e-ENERGY     NORM[dD(SAO)]  TOL
   7  -388.83758856191    -1564.4836199     650.40643315    0.267D-01 0.266D-11
                            Exc = -43.6973841476      Eck =  694.103817296    
                              N = 72.003553924    
                            current damping = 0.250
 
          Norm of current diis error: 0.42743E-01
          max. resid. norm for Fia-block=  1.394D-03 for orbital     36a         
          max. resid. fock norm         =  3.003D-03 for orbital    373a         

 ITERATION  ENERGY          1e-ENERGY        2e-ENERGY     NORM[dD(SAO)]  TOL
   8  -388.83766754889    -1564.5538855     650.47661978    0.811D-02 0.263D-11
                            Exc = -43.6997731519      Eck =  694.176392932    
                              N = 72.003550641    
                            current damping = 0.300
 
          Norm of current diis error: 0.11030E-01
          max. resid. norm for Fia-block=  4.201D-04 for orbital     27a         
          max. resid. fock norm         =  7.911D-04 for orbital    374a         

 ITERATION  ENERGY          1e-ENERGY        2e-ENERGY     NORM[dD(SAO)]  TOL
   9  -388.83767209216    -1564.5905625     650.51329219    0.375D-02 0.262D-11
                            Exc = -43.7011990260      Eck =  694.214491217    
                              N = 72.003551167    
                            current damping = 0.150
 
          Norm of current diis error: 0.46470E-02
          max. resid. norm for Fia-block=  1.947D-04 for orbital     35a         
          max. resid. fock norm         =  3.224D-04 for orbital    377a         

 ITERATION  ENERGY          1e-ENERGY        2e-ENERGY     NORM[dD(SAO)]  TOL
  10  -388.83767299048    -1564.5831466     650.50587541    0.136D-02 0.259D-11
                            Exc = -43.7009829177      Eck =  694.206858330    
                              N = 72.003551327    
                            current damping = 0.200
 
          Norm of current diis error: 0.17845E-02
          max. resid. norm for Fia-block=  7.695D-05 for orbital     36a         
          max. resid. fock norm         =  1.692D-04 for orbital    377a         
          mo-orthogonalization: Cholesky decomposition

 ITERATION  ENERGY          1e-ENERGY        2e-ENERGY     NORM[dD(SAO)]  TOL
  11  -388.83767311407    -1564.5801429     650.50287157    0.344D-03 0.259D-11
                            Exc = -43.7008780245      Eck =  694.203749598    
                              N = 72.003551547    
                            current damping = 0.050
 
          Norm of current diis error: 0.94340E-03
          max. resid. norm for Fia-block=  3.512D-05 for orbital     35a         
          max. resid. fock norm         =  6.343D-05 for orbital    379a         

 ITERATION  ENERGY          1e-ENERGY        2e-ENERGY     NORM[dD(SAO)]  TOL
  12  -388.83767315168    -1564.5811904     650.50391900    0.134D-03 0.257D-11
                            Exc = -43.7009158235      Eck =  694.204834824    
                              N = 72.003551552    
                            current damping = 0.100
 
          Norm of current diis error: 0.26450E-03
          max. resid. norm for Fia-block=  1.172D-05 for orbital     34a         
          max. resid. fock norm         =  2.696D-05 for orbital    379a         

 ITERATION  ENERGY          1e-ENERGY        2e-ENERGY     NORM[dD(SAO)]  TOL
  13  -388.83767315297    -1564.5819196     650.50464822    0.409D-04 0.256D-11
                            Exc = -43.7009433306      Eck =  694.205591551    
                              N = 72.003551560    
                            current damping = 0.050
 
          Norm of current diis error: 0.20675E-03
          max. resid. norm for Fia-block=  5.423D-06 for orbital     36a         
          max. resid. fock norm         =  1.061D-05 for orbital    381a         

 ITERATION  ENERGY          1e-ENERGY        2e-ENERGY     NORM[dD(SAO)]  TOL
  14  -388.83767315645    -1564.5814484     650.50417703    0.126D-04 0.255D-11
                            Exc = -43.7009266894      Eck =  694.205103718    
                              N = 72.003551577    
                            current damping = 0.100
 
          Norm of current diis error: 0.29602E-04
          max. resid. norm for Fia-block=  1.651D-06 for orbital     34a         
          max. resid. fock norm         =  3.884D-06 for orbital    373a         

 ENERGY CONVERGED !

          Overall gridpoints after grid construction =        101342

 ITERATION  ENERGY          1e-ENERGY        2e-ENERGY     NORM[dD(SAO)]  TOL
  15  -388.83891077774    -1564.5815361     650.50302714    0.729D-05 0.253D-11
                            Exc = -43.7021673323      Eck =  694.205194468    
                              N = 72.000019609    
                            current damping = 0.150
 
          Norm of current diis error: 0.28577E-04
          max. resid. norm for Fia-block=  9.389D-07 for orbital     35a         
          max. resid. fock norm         =  2.136D-06 for orbital    380a         

 End of SCF iterations

   convergence criteria satisfied after    15 iterations


                  ------------------------------------------ 
                 |  total energy      =   -388.83891077774  |
                  ------------------------------------------ 
                 :  kinetic energy    =    387.26340604577  :
                 :  potential energy  =   -776.10231682351  :
                 :  virial theorem    =      1.99594818140  :
                 :  wavefunction norm =      1.00000000000  :
                  .......................................... 


 <geterg> : there is no data group $energy 


 orbitals $scfmo  will be written to file mos

    irrep                 32a         33a         34a         35a         36a   
 eigenvalues H         -0.36003    -0.33454    -0.28278    -0.24124    -0.21131
            eV          -9.7969     -9.1035     -7.6948     -6.5645     -5.7502
 occupation              2.0000      2.0000      2.0000      2.0000      2.0000

    irrep                 37a         38a         39a         40a         41a   
 eigenvalues H         -0.00788     0.00902     0.04190     0.04626     0.07254
            eV          -0.2145      0.2455      1.1402      1.2587      1.9740
 
 
 
 
 ==============================================================================
                           electrostatic moments
 ==============================================================================

 reference point for electrostatic moments:    0.00000   0.00000   0.00000

 
              nuc           elec       ->  total
 ------------------------------------------------------------------------------
                          charge      
 ------------------------------------------------------------------------------
          72.000000     -72.000000       0.000000
 
 ------------------------------------------------------------------------------
                       dipole moment  
 ------------------------------------------------------------------------------
   x    -274.820871     274.715426      -0.105445
   y     -79.120586      79.059637      -0.060949
   z     -13.717127      13.873748       0.156621
 
   | dipole moment | =     0.1984 a.u. =     0.5043 debye 
 
 ------------------------------------------------------------------------------
                     quadrupole moment
 ------------------------------------------------------------------------------
  xx    1411.444092   -1453.027103     -41.583011
  yy     478.971433    -526.957641     -47.986208
  zz     272.914678    -315.543321     -42.628643
  xy     134.216659    -132.948461       1.268199
  xz       7.973994      -8.158536      -0.184542
  yz      67.573851     -68.959843      -1.385992
 
     1/3  trace=     -44.065954
     anisotropy=       6.788885
 
 ==============================================================================
 
HOMO-LUMO Separation
 HOMO         :   -0.21131246 H =     -5.75011 eV
 LUMO         :   -0.00788325 H =     -0.21451 eV
 HOMO-LUMO gap:    0.20342921 H =     +5.53559 eV
 
 ==============================================================================


    ------------------------------------------------------------------------
         total  cpu-time :  7 minutes and 56 seconds
         total wall-time :  3 minutes and 58 seconds
    ------------------------------------------------------------------------

   ****  ridft : all done  ****


    2023-06-22 16:31:37.636 

 ridft ended normally
