
   OpenMP run-time library returned nthreads =  2

 force (c04) : TURBOMOLE rev. V7-6 27 Oct 2021 at 10:11:12 compiled Oct 27th 2021
 Copyright (C) 2021 TURBOMOLE GmbH, Karlsruhe


    2023-07-02 18:50:22.910 



                             T U R B O M O L E   

                          a o f o r c e - program

                        using direct algorithms for

                       SCF level calculations of
                         * harmonic force constants
                         * hyperpolarizabilities
                         * IR and RAMAN intensities
                         * VCD intensities

                       DFT level calculations of
                         * harmonic force constants
                         * IR intensities
                                                   
       Stephan Boecker, Peter Deglmann, Filipp Furche and Marco Haeser
                          Quantum Chemistry Group
                          Universitaet  Karlsruhe
                                   Germany

 
 

          OpenMP Shared-Memory Parallelization:  2 CPUs.

            By: Erik P. Almaraz and Filipp Furche
            Copyright 2009-2011 by UCI and TURBOMOLE GmbH.

            Revised By: Christof Holzer and Yannick J. Franzke.

 
 
     References :
 
       RI-J implementation:
         Peter Deglmann, Klaus May, Filipp Furche, Reinhart Ahlrichs
                 Chem. Phys. Lett. 384:103 (2004)
 
       Efficiency, technical details:
         Peter Deglmann, Filipp Furche, Reinhart Ahlrichs
                 Chem. Phys. Lett. 362:511 (2002)
 
       Search of lowest eigenvalues by iterative diagonalization:
         Peter Deglmann, Filipp Furche
                 J. Chem. Phys. 117:9535 (2002)
 
       Vibrational circular dichroism implementation:
        Kevin Reiter, Michael Kuehn, Florian Weigend
                 J. Chem. Phys. 146:054102 (2017)  
 
 


              +--------------------------------------------------+
              | Atomic coordinate, charge and isotop information |
              +--------------------------------------------------+

                    atomic coordinates            atom    charge  isotop
        -12.62149133    4.32339919   -0.04441178    c      6.000     0
        -12.56118256    1.82785363   -0.13614731    c      6.000     0
        -10.27117200    5.83928736    0.01411304    c      6.000     0
         -7.85039115    4.43831719   -0.03438217    c      6.000     0
         -7.79006522    1.94278427   -0.12621910    c      6.000     0
        -10.14038769    0.42690130   -0.18505626    c      6.000     0
        -10.08618249   -1.81588290   -0.26791332    o      8.000     0
        -10.32538081    8.08209572    0.09639345    o      8.000     0
        -14.36297998    5.38286132   -0.00747899    h      1.000     0
        -14.24927268    0.68548373   -0.18021833    h      1.000     0
         -6.16219673    5.58052265    0.00987288    h      1.000     0
         -6.04871613    0.88309707   -0.16299154    h      1.000     0
 
       center of nuclear mass  :  -10.20578202    3.13309150   -0.08546630
       center of nuclear charge:  -10.20578235    3.13308795   -0.08545708

              +--------------------------------------------------+
              |               basis set information              |
              +--------------------------------------------------+

              we will work with the 1s 3p 5d 7f 9g ... basis set
              ...i.e. with spherical basis functions...

   type   atoms  prim   cont   basis
   ---------------------------------------------------------------------------
    c        6     24     14   def2-SVP   [3s2p1d|7s4p1d]
    o        2     24     14   def2-SVP   [3s2p1d|7s4p1d]
    h        4      7      5   def2-SVP   [2s1p|4s1p]
   ---------------------------------------------------------------------------
   total:   12    220    132
   ---------------------------------------------------------------------------

   total number of primitive shells          :   29
   total number of contracted shells         :   60
   total number of cartesian basis functions :  140
   total number of SCF-basis functions       :  132

 
             FOUND RI-J FLAG !
 

 NOTE: THIS IS A PRELIMINARY IMPLEMENTATION. THE RI APPROXIMATION IS
       PRESENTLY USED FOR CPKS CONTRIBUTIONS TO THE HESSIAN ONLY! SEE
       MANUAL FOR FURTHER DETAILS.

  
 AUXILIARY BASIS SET information:

              we will work with the 1s 3p 5d 7f 9g ... basis set
              ...i.e. with spherical basis functions...

   type   atoms  prim   cont   basis
   ---------------------------------------------------------------------------
    c        6     70     49   def2-SVP   [6s4p3d1f1g|12s5p4d2f1g]
    o        2     70     49   def2-SVP   [6s4p3d1f1g|12s5p4d2f1g]
    h        4     16     11   def2-SVP   [3s1p1d|5s2p1d]
   ---------------------------------------------------------------------------
   total:   12    624    436
   ---------------------------------------------------------------------------

   total number of primitive shells          :   56
   total number of contracted shells         :  140
   total number of cartesian basis functions :  536
   total number of SCF-basis functions       :  436


 symmetry group of the molecule :   c1 

 the group has the following generators :
   c1(z)

    1 symmetry operations found

 there are 1 real representations :   a   

 maximum number of shells which are related by symmetry :  1


 determining totally symmetric integral contributions 
    - equivalent to irreducible tensor elements - 
 which can be formed within each triple of representations :

             representation triple      contributions

              a     a     a               1

    mo occupation :
   irrep   mo's   occupied
    a      132       28
 
 number of basis functions   :   132
 number of occupied orbitals :    28
 
  MOs are in ASCII format !


 reading orbital data $scfmo  from file mos
 orbital characterization : scfconv=7
 time elapsed for calculating density matrices :   0.001 sec

 number of non-frozen orbitals          :   132
 number of non-frozen occupied orbitals :    28
 Blocking parameters 
 shells:
    index      start shell   last shell  start bf    last bf    #bf 
       1             1          60             1        140    140
          size of I/O Block in Byte:                5644800
  
           ----------------------
               RI - INFORMATION
           ----------------------

 biggest AO integral is expected to be     4.776656448

 Threshold for integral neglect (rithr2):   0.18E-10
 Threshold for integral neglect (rithr1):   0.18E-10

 Contributions to RI integral batches: 
  neglected integral batches:                    99
  direct contribution:                            0
  memory contribution:                  1731
 Core memory available (ricore):               500 MiB
 Core memory needed for (P|Q) and Cholesky:      2 MiB
 Core memory used for integrals:                39 MiB
 
 ****************************************
 Memory allocated for RIDFT: 41 MiB
 ****************************************
 
 
 
 
 
 OCCUPIED-OCCUPIED TENSOR SPACES :

          IRREP   tensor space dimension   number of roots

           a               784                  30
 
 OCCUPIED-VIRTUAL TENSOR SPACES :

          IRREP   tensor space dimension   number of roots

           a              2912                  30
 
 
 
 
 CONSTRUCTING integral bounds

 setting up bound for integral derivative estimation

 increment for numerical differentiation : 0.00050000
 
 machine precision:   2.220446049250313E-016

 integral neglect threshold       :  0.10E-09
 integral storage threshold THIZE :  0.10E-04
 integral storage threshold THIME :         5

 
 
 
 CONSTRUCTING first deriv. of <mu|x,y,z|nu> -> Dip. deriv.
  dipole integral derivatives will be neglected if
  expon. factor <0.357143E-11
      ...terminated. cpu:       0.00       wall:       0.00
 
 
 
 
 CONSTRUCTING first deriv. of  <mu|nu>
                               <mu|h|nu>    -> RHS
              second deriv. of <mu|nu>      -> Hessian
                               <mu|h|nu>    -> Hessian
                               nucl. rep.   -> Hessian
     integrals are neglected if expon. factor <  3.571428571428571E-013
 
  >>> data block $dft is missing ! <<<
  >>>   default values are used    <<<
 
  _________________________________
 |                                 |
 |         DFTD3 V3.1 Rev 0        |
 | S.Grimme, University Bonn       |
 |            June  2014           |
 |   see standalone version        |
 |       dftd3 -h for options      |
 |_________________________________|
 
 Please cite DFT-D3 work done with this code as:
 S. Grimme, J. Antony, S. Ehrlich and H. Krieg,
 J. Chem. Phys, 132 (2010), 154104.
 If used with BJ-damping cite also
 S. Grimme, S. Ehrlich and L. Goerigk,
 J. Comput. Chem. 32 (2011), 1456-1465
 For DFT-D2 the reference is
 S. Grimme, J. Comput. Chem., 27 (2006), 1787-1799
 
C6 coefficients used:
                     2  C6 for element                      1
Z=  1 CN= 0.912     C6(AA)=    3.03
Z=  1 CN= 0.000     C6(AA)=    7.59
                     5  C6 for element                      6
Z=  6 CN= 0.000     C6(AA)=   49.11
Z=  6 CN= 0.987     C6(AA)=   43.25
Z=  6 CN= 1.998     C6(AA)=   29.36
Z=  6 CN= 2.999     C6(AA)=   25.78
Z=  6 CN= 3.984     C6(AA)=   18.21
                     3  C6 for element                      8
Z=  8 CN= 0.000     C6(AA)=   15.51
Z=  8 CN= 0.993     C6(AA)=   12.82
Z=  8 CN= 1.989     C6(AA)=   10.37

#           XYZ [au]              R0(AA) [Ang.]  CN          C6(AA)     C8(AA)   C10(AA) [au]
  1 -12.64149   4.32340  -0.04441   c   0.482  3.120        25.4       734.0     26003.9
  2 -12.56118   1.82785  -0.13615   c   0.482  3.124        25.4       733.6     25990.3
  3 -10.27117   5.83929   0.01411   c   0.482  3.111        25.4       734.8     26034.4
  4  -7.85039   4.43832  -0.03438   c   0.482  3.122        25.4       733.8     25996.3
  5  -7.79007   1.94278  -0.12622   c   0.482  3.124        25.4       733.6     25991.3
  6 -10.14039   0.42690  -0.18506   c   0.482  3.110        25.4       734.9     26037.5
  7 -10.08618  -1.81588  -0.26791   o   0.402  1.068        12.8       257.4      6363.5
  8 -10.32538   8.08210   0.09639   o   0.402  1.067        12.8       257.4      6363.9
  9 -14.36298   5.38286  -0.00748   h   0.311  1.005         3.1        37.3       552.8
 10 -14.24927   0.68548  -0.18022   h   0.311  1.005         3.1        37.3       552.9
 11  -6.16220   5.58052   0.00987   h   0.311  1.004         3.1        37.3       552.9
 12  -6.04872   0.88310  -0.16299   h   0.311  1.004         3.1        37.3       552.9

molecular C6(AA) [au] =      1958.74

           DFT-D V3(BJ)
 DF hf                                                
 parameters
 s6       :    1.0000
 s8       :    0.9171
 a1       :    0.3385
 a2       :    2.8830
 k1-k3    :   16.0000    1.3333   -4.0000
 
 Edisp /kcal,au:   -59.9853 -0.09559272

 E6    /kcal :   -29.1183
 E8    /kcal :   -30.8670
 % E8        : 51.46
 
 doing analytical gradient O(N^2) ...
 
 |G|=  5.568515336277330E-002
 
  >>> data block $dft is missing ! <<<
  >>>   default values are used    <<<
 
 
  >>> data block $dft is missing ! <<<
  >>>   default values are used    <<<
 
 
  >>> data block $dft is missing ! <<<
  >>>   default values are used    <<<
 
 
  >>> data block $dft is missing ! <<<
  >>>   default values are used    <<<
 
 
  >>> data block $dft is missing ! <<<
  >>>   default values are used    <<<
 
 
  >>> data block $dft is missing ! <<<
  >>>   default values are used    <<<
 
 
  >>> data block $dft is missing ! <<<
  >>>   default values are used    <<<
 
 
  >>> data block $dft is missing ! <<<
  >>>   default values are used    <<<
 
 
  >>> data block $dft is missing ! <<<
  >>>   default values are used    <<<
 
 
  >>> data block $dft is missing ! <<<
  >>>   default values are used    <<<
 
 
  >>> data block $dft is missing ! <<<
  >>>   default values are used    <<<
 
 
  >>> data block $dft is missing ! <<<
  >>>   default values are used    <<<
 
 
  >>> data block $dft is missing ! <<<
  >>>   default values are used    <<<
 
 
  >>> data block $dft is missing ! <<<
  >>>   default values are used    <<<
 
 
  >>> data block $dft is missing ! <<<
  >>>   default values are used    <<<
 
 
  >>> data block $dft is missing ! <<<
  >>>   default values are used    <<<
 
 
  >>> data block $dft is missing ! <<<
  >>>   default values are used    <<<
 
 
  >>> data block $dft is missing ! <<<
  >>>   default values are used    <<<
 
 
  >>> data block $dft is missing ! <<<
  >>>   default values are used    <<<
 
 
  >>> data block $dft is missing ! <<<
  >>>   default values are used    <<<
 
 
  >>> data block $dft is missing ! <<<
  >>>   default values are used    <<<
 
 
  >>> data block $dft is missing ! <<<
  >>>   default values are used    <<<
 
 
  >>> data block $dft is missing ! <<<
  >>>   default values are used    <<<
 
 
  >>> data block $dft is missing ! <<<
  >>>   default values are used    <<<
 
 
  >>> data block $dft is missing ! <<<
  >>>   default values are used    <<<
 
 
  >>> data block $dft is missing ! <<<
  >>>   default values are used    <<<
 
 
  >>> data block $dft is missing ! <<<
  >>>   default values are used    <<<
 
 
  >>> data block $dft is missing ! <<<
  >>>   default values are used    <<<
 
 
  >>> data block $dft is missing ! <<<
  >>>   default values are used    <<<
 
 
  >>> data block $dft is missing ! <<<
  >>>   default values are used    <<<
 
 
  >>> data block $dft is missing ! <<<
  >>>   default values are used    <<<
 
 
  >>> data block $dft is missing ! <<<
  >>>   default values are used    <<<
 
 
  >>> data block $dft is missing ! <<<
  >>>   default values are used    <<<
 
 
  >>> data block $dft is missing ! <<<
  >>>   default values are used    <<<
 
 
  >>> data block $dft is missing ! <<<
  >>>   default values are used    <<<
 
 
  >>> data block $dft is missing ! <<<
  >>>   default values are used    <<<
 
 
  >>> data block $dft is missing ! <<<
  >>>   default values are used    <<<
 
 
  >>> data block $dft is missing ! <<<
  >>>   default values are used    <<<
 
 
  >>> data block $dft is missing ! <<<
  >>>   default values are used    <<<
 
 
  >>> data block $dft is missing ! <<<
  >>>   default values are used    <<<
 
 
  >>> data block $dft is missing ! <<<
  >>>   default values are used    <<<
 
 
  >>> data block $dft is missing ! <<<
  >>>   default values are used    <<<
 
 
  >>> data block $dft is missing ! <<<
  >>>   default values are used    <<<
 
 
  >>> data block $dft is missing ! <<<
  >>>   default values are used    <<<
 
 
  >>> data block $dft is missing ! <<<
  >>>   default values are used    <<<
 
 
  >>> data block $dft is missing ! <<<
  >>>   default values are used    <<<
 
 
  >>> data block $dft is missing ! <<<
  >>>   default values are used    <<<
 
 
  >>> data block $dft is missing ! <<<
  >>>   default values are used    <<<
 
 
  >>> data block $dft is missing ! <<<
  >>>   default values are used    <<<
 
 
  >>> data block $dft is missing ! <<<
  >>>   default values are used    <<<
 
 
  >>> data block $dft is missing ! <<<
  >>>   default values are used    <<<
 
 
  >>> data block $dft is missing ! <<<
  >>>   default values are used    <<<
 
 
  >>> data block $dft is missing ! <<<
  >>>   default values are used    <<<
 
 
  >>> data block $dft is missing ! <<<
  >>>   default values are used    <<<
 
 
  >>> data block $dft is missing ! <<<
  >>>   default values are used    <<<
 
 
  >>> data block $dft is missing ! <<<
  >>>   default values are used    <<<
 
 
  >>> data block $dft is missing ! <<<
  >>>   default values are used    <<<
 
 
  >>> data block $dft is missing ! <<<
  >>>   default values are used    <<<
 
 
  >>> data block $dft is missing ! <<<
  >>>   default values are used    <<<
 
 
  >>> data block $dft is missing ! <<<
  >>>   default values are used    <<<
 
 
  >>> data block $dft is missing ! <<<
  >>>   default values are used    <<<
 
 
  >>> data block $dft is missing ! <<<
  >>>   default values are used    <<<
 
 
  >>> data block $dft is missing ! <<<
  >>>   default values are used    <<<
 
 
  >>> data block $dft is missing ! <<<
  >>>   default values are used    <<<
 
 
  >>> data block $dft is missing ! <<<
  >>>   default values are used    <<<
 
 
  >>> data block $dft is missing ! <<<
  >>>   default values are used    <<<
 
 
  >>> data block $dft is missing ! <<<
  >>>   default values are used    <<<
 
 
  >>> data block $dft is missing ! <<<
  >>>   default values are used    <<<
 
 
  >>> data block $dft is missing ! <<<
  >>>   default values are used    <<<
 
 
  >>> data block $dft is missing ! <<<
  >>>   default values are used    <<<
 
 
  >>> data block $dft is missing ! <<<
  >>>   default values are used    <<<
 
      ...terminated. cpu:       0.31       wall:       0.15
 
 
 
 
 CONSTRUCTING second deriv. of 2e energy    -> Hessian
   treating Coulomb (and exchange) contribution
     integrals will be neglected if total contribution <  3.571428571428571E-009
      ...terminated. cpu:      12.28       wall:       6.14
 
 
 
 
 CONSTRUCTING S(i,j)xi
      ...terminated. cpu:       0.00       wall:       0.00
 
 
 
 
 CONSTRUCTING <i|x,y,z|j>*S(i,j)xi          -> Dip. deriv.
      ...terminated. cpu:       0.00       wall:       0.00
 
 
 
 
 CONSTRUCTING epsilon(i)*S(i,j)xi*S(i,j)chi -> Hessian
      ...terminated. cpu:       0.00       wall:       0.00
 
 
 
 
 CONSTRUCTING G(a,i)[S(k,l)xi]              -> RHS
              G(i,j)[S(k,l)xi]*S(i,j)chi    -> Hessian
 
         Maximum core memory set to                   1000 MB
         This corresponds to                  6520 vectors in CAO basis
      ...terminated. cpu:       6.64       wall:       3.32
 
 
 
 
 CONSTRUCTING G(mu,nu)[D(kap,lam)]xi
 
          Maximum core memory set to                   1000 MB
          Atoms treated simultaneously :                    12
 max of dfo   17.9151415307401     
      ...terminated. cpu:       6.89       wall:       3.45
 
 
 
 
 CONSTRUCTING F(a,i)xi                      -> RHS
              F(i,j)xi*S(i,j)chi            -> Hessian
 
        Maximum core memory set to                  1000 MB
        This corresponds to                 10254 vectors in CAO basis
      ...terminated. cpu:       0.02       wall:       0.01
 
 
 
 
 CONSTRUCTING epsilon(i)*S(a,i)xi           -> RHS
      ...terminated. cpu:       0.01       wall:       0.01
 
 
 
 
 SOLVING CPHF equations
 
 Residuum convergence criterium   :  1.000000000000000E-005
 
 Maximum number of Davidson iterations set to                    25

 logfile cphf_a    will be constructed


                       Nonorthonormal Krylov Space Iteration


 total number of roots to be determined: 30


 maximum core memory set to         1000 MB,
 corresponding to     6464 vectors in CAO basis


 maximum number of simultaneously treated vectors (including degeneracy):       30


 Iteration IRREP Converged      Max. Euclidean
                 roots          residual norm

    1       a        0        5.920644169694193D-02
 
    2       a        0        1.271588473536258D-02
 
    3       a        0        2.451241890469545D-03
 
    4       a        0        6.782387390102401D-04
 
    5       a        0        1.946069232791939D-04
 
    6       a       16        3.966745819004948D-05
 
    7       a       30        9.640974915320244D-06
 

 converged!

      ...terminated. cpu:      27.65       wall:      13.83
 
 
 
 
 CONSTRUCTING <a|x,y,z|i>*U(a,i)xi          -> Dip. deriv.
      ...terminated. cpu:       0.00       wall:       0.00
 
 
 
 
 CONSTRUCTING RHS(a,i)xi*U(a,i)chi          -> Hessian
      ...terminated. cpu:       0.00       wall:       0.00
 
 
 
 

            -----------------------
            permanent dipole moment
            -----------------------

                                   x                y                z
    electronic part       :  571.5238138547  -175.4529681822     4.7858903207
     nuclear   part       : -571.5238116258   175.4529250764    -4.7855964124
     total                :    0.0000022289    -0.0000431057     0.0002939083

 with reference to the point :   0.0000000        0.0000000        0.0000000
 (given in atomic units)
    | dipole |       :    0.0007550591  debye

   ***  dipole moment & cartesian dipole gradients written onto
        $dipole, $dipgrad,  file=<dipgrad>  ***

             -----------------------------------
             rotational and vibrational analysis
             -----------------------------------


            ==============================================================
            ATOMIC WEIGHTS (average over the natural occurance of isotops)
            ==============================================================
            ('*' denotes special isotop !)
              1     c                12.01115
              2     c                12.01115
              3     c                12.01115
              4     c                12.01115
              5     c                12.01115
              6     c                12.01115
              7     o                15.99940
              8     o                15.99940
              9     h                 1.00797
             10     h                 1.00797
             11     h                 1.00797
             12     h                 1.00797

          -------------------------------------------------
          CARTESIAN FORCE CONSTANT MATRIX (hartree/bohr**2)
         (translational & rotational space projected out)
          -------------------------------------------------

   ATOM              1 c                           2 c 
                  dx        dy        dz        dx        dy        dz
   1 c     dx  0.7276786
           dy -0.0765638 1.0255655
           dz -0.0021213 0.0326847 0.1356892
   2 c     dx -0.1519917 0.0116907 0.0003162 0.7209503
           dy  0.0129830-0.6619081-0.0223399 0.0617615 1.0322803
           dz  0.0003632-0.0223407-0.0550804 0.0029495 0.0331332 0.1357104
   3 c     dx -0.2632962-0.0465535-0.0019245 0.0114760-0.0028141-0.0000902
           dy -0.0547816-0.1306251-0.0016907-0.0295370-0.0250332-0.0008868
           dz -0.0022231-0.0016860-0.0863637-0.0010706-0.0008514-0.0019279
   4 c     dx -0.0309526 0.0122033 0.0003969-0.0016611 0.0035585 0.0001200
           dy -0.0146373 0.0195068 0.0002400 0.0035588-0.0024879-0.0003342
           dz -0.0005922 0.0002735 0.0125100 0.0001234-0.0003348 0.0066902
   5 c     dx -0.0013191-0.0035006-0.0001395-0.0309509-0.0146373-0.0005895
           dy -0.0035007-0.0028286-0.0003558 0.0122027 0.0195077 0.0002726
           dz -0.0001373-0.0003550 0.0066891 0.0003967 0.0002404 0.0125158
   6 c     dx  0.0098288 0.0044997 0.0001793-0.2678777 0.0399413 0.0012609
           dy  0.0312220-0.0233911-0.0007528 0.0481770-0.1260595-0.0014195
           dz  0.0011598-0.0007860-0.0019222 0.0015759-0.0014230-0.0863561
   7 o     dx -0.0071564 0.0035195 0.0001191 0.0115403 0.0592584 0.0021777
           dy  0.0100039 0.0040415 0.0001016 0.0211316-0.0620529-0.0031789
           dz  0.0003609 0.0000938 0.0015967 0.0007633-0.0031378 0.0246124
   8 o     dx  0.0152471-0.0555181-0.0020482-0.0064800-0.0040294-0.0001569
           dy -0.0173944-0.0657510-0.0033456-0.0105116 0.0033643 0.0000532
           dz -0.0006504-0.0033900 0.0245996-0.0003959 0.0000605 0.0015926
   9 h     dx -0.3055221 0.1406251 0.0048726 0.0085391-0.0038897-0.0001460
           dy  0.1413620-0.1511596-0.0036408 0.0329356-0.0097518-0.0007304
           dz  0.0048993-0.0036412-0.0477905 0.0012073-0.0007752 0.0111055
  10 h     dx  0.0099024 0.0048433 0.0001763-0.2915136-0.1473933-0.0057123
           dy -0.0319759-0.0111013-0.0008565-0.1481424-0.1651235-0.0045009
           dz -0.0011779-0.0008109 0.0111002-0.0057443-0.0045029-0.0478334
  11 h     dx -0.0034160 0.0048246 0.0001711 0.0010017 0.0001194 0.0000088
           dy  0.0030691-0.0023247-0.0001354-0.0001646-0.0000287 0.0000899
           dz  0.0001068-0.0001326 0.0014549-0.0000017 0.0000910-0.0024825
  12 h     dx  0.0009973-0.0000702 0.0000019-0.0030324-0.0048582-0.0001851
           dy  0.0002138-0.0000243 0.0000911-0.0031022-0.0027067-0.0001574
           dz  0.0000123 0.0000902-0.0024829-0.0001198-0.0001601 0.0014533

   ATOM              3 c                           4 c 
                  dx        dy        dz        dx        dy        dz
   3 c     dx  0.6552365
           dy -0.0138277 1.2253093
           dz  0.0000233 0.0367833 0.2240072
   4 c     dx -0.2678853 0.0481829 0.0015414 0.7209797
           dy  0.0399488-0.1260637-0.0014115 0.0617430 1.0322717
           dz  0.0012434-0.0013978-0.0863510 0.0030253 0.0331331 0.1357134
   5 c     dx  0.0098296 0.0312197 0.0011652-0.1519906 0.0129876 0.0003540
           dy  0.0045002-0.0233918-0.0007849 0.0116956-0.6619220-0.0223659
           dz  0.0001814-0.0007528-0.0019238 0.0003082-0.0223606-0.0550839
   6 c     dx  0.0370530 0.0010034 0.0001004 0.0114752-0.0028144-0.0000879
           dy  0.0010029-0.0046017 0.0003994-0.0295380-0.0250325-0.0008870
           dz  0.0001009 0.0004057-0.0155221-0.0010693-0.0008569-0.0019256
   7 o     dx -0.0139829-0.0004332-0.0000359-0.0064789-0.0040280-0.0001578
           dy -0.0004328 0.0039670 0.0000529-0.0105115 0.0033645 0.0000519
           dz -0.0000359 0.0000536 0.0025434-0.0003995 0.0000603 0.0015933
   8 o     dx -0.1274814 0.0196443 0.0006551 0.0115402 0.0592578 0.0021578
           dy  0.0196450-0.9396567-0.0317306 0.0211331-0.0620541-0.0031636
           dz  0.0006548-0.0317371-0.0754614 0.0007613-0.0031148 0.0246122
   9 h     dx -0.0200036 0.0220234 0.0007813-0.0030319-0.0048580-0.0001842
           dy -0.0189235 0.0129752 0.0002884-0.0031027-0.0027069-0.0001570
           dz -0.0007245 0.0003349 0.0045537-0.0001193-0.0001586 0.0014544
  10 h     dx -0.0007420 0.0017462 0.0000444 0.0010020 0.0001192 0.0000081
           dy  0.0050064-0.0026536-0.0006801-0.0001646-0.0000289 0.0000904
           dz  0.0001661-0.0006831 0.0159464-0.0000023 0.0000905-0.0024829
  11 h     dx -0.0197830-0.0236048-0.0009001-0.2915398-0.1473853-0.0057434
           dy  0.0173440 0.0127483 0.0003245-0.1481279-0.1650987-0.0045160
           dz  0.0006071 0.0002709 0.0045540-0.0057720-0.0045144-0.0478349
  12 h     dx -0.0004207-0.0016356-0.0000814 0.0085433-0.0038923-0.0001465
           dy -0.0048956-0.0029741-0.0007040 0.0329282-0.0097483-0.0007267
           dz -0.0002020-0.0007001 0.0159452 0.0012092-0.0007731 0.0111048

   ATOM              5 c                           6 c 
                  dx        dy        dz        dx        dy        dz
   5 c     dx  0.7276448
           dy -0.0765929 1.0256103
           dz -0.0020614 0.0327342 0.1356925
   6 c     dx -0.2632901-0.0465473-0.0019340 0.6552365
           dy -0.0547791-0.1306228-0.0017124-0.0138257 1.2252997
           dz -0.0022463-0.0016930-0.0863706 0.0000063 0.0370779 0.2240294
   7 o     dx  0.0152474-0.0555183-0.0020671-0.1274817 0.0196445 0.0006639
           dy -0.0173924-0.0657481-0.0033605 0.0196453-0.9396506-0.0320027
           dz -0.0006521-0.0034103 0.0245999 0.0006631-0.0319890-0.0754803
   8 o     dx -0.0071581 0.0035209 0.0001182-0.0139814-0.0004330-0.0000359
           dy  0.0100039 0.0040415 0.0001031-0.0004329 0.0039673 0.0000512
           dz  0.0003559 0.0000940 0.0015959-0.0000358 0.0000491 0.0025438
   9 h     dx  0.0009970-0.0000705 0.0000013-0.0004202-0.0016353-0.0000795
           dy  0.0002137-0.0000240 0.0000904-0.0048958-0.0029751-0.0007016
           dz  0.0000120 0.0000910-0.0024820-0.0001972-0.0006994 0.0159453
  10 h     dx -0.0034163 0.0048247 0.0001723-0.0197888-0.0236072-0.0008990
           dy  0.0030687-0.0023245-0.0001360 0.0173441 0.0127469 0.0003218
           dz  0.0001075-0.0001346 0.0014542 0.0006115 0.0002764 0.0045557
  11 h     dx  0.0099001 0.0048415 0.0001765-0.0007416 0.0017461 0.0000426
           dy -0.0319812-0.0111045-0.0008597 0.0050065-0.0026542-0.0006794
           dz -0.0011787-0.0008152 0.0111008 0.0001622-0.0006831 0.0159465
  12 h     dx -0.3054937 0.1406441 0.0048453-0.0200120 0.0220257 0.0007805
           dy  0.1413900-0.1511931-0.0036311-0.0189242 0.0129735 0.0002859
           dz  0.0048728-0.0036322-0.0477879-0.0007286 0.0003404 0.0045559

   ATOM              7 o                           8 o 
                  dx        dy        dz        dx        dy        dz
   7 o     dx  0.1106189
           dy -0.0230011 1.0615187
           dz -0.0007541 0.0381584 0.0306408
   8 o     dx  0.0053168 0.0002089 0.0000144 0.1106186
           dy  0.0002092-0.0033423-0.0001175-0.0230001 1.0615290
           dz  0.0000143-0.0001119-0.0002101-0.0007446 0.0378626 0.0306194
   9 h     dx  0.0006999-0.0001463-0.0000012 0.0053968-0.0012335-0.0000368
           dy  0.0023203-0.0026008 0.0000152 0.0031766 0.0016422 0.0001370
           dz  0.0000881 0.0000139-0.0029585 0.0001249 0.0001324-0.0019881
  10 h     dx  0.0054822 0.0014171 0.0000606 0.0007985 0.0003105 0.0000158
           dy -0.0029917 0.0015580 0.0001283-0.0021554-0.0026974 0.0000071
           dz -0.0001021 0.0001325-0.0019901-0.0000760 0.0000096-0.0029574
  11 h     dx  0.0007976 0.0003103 0.0000164 0.0054821 0.0014174 0.0000619
           dy -0.0021561-0.0026976 0.0000062-0.0029919 0.0015577 0.0001267
           dz -0.0000733 0.0000106-0.0029582-0.0000999 0.0001327-0.0019891
  12 h     dx  0.0053970-0.0012328-0.0000357 0.0007009-0.0001466-0.0000006
           dy  0.0031764 0.0016425 0.0001385 0.0023193-0.0026005 0.0000165
           dz  0.0001271 0.0001321-0.0019894 0.0000911 0.0000126-0.0029573

   ATOM              9 h                          10 h 
                  dx        dy        dz        dx        dy        dz
   9 h     dx  0.3135629
           dy -0.1520236 0.1524199
           dz -0.0052613 0.0043095 0.0305857
  10 h     dx  0.0007989-0.0003209 0.0000000 0.2984812
           dy  0.0002871 0.0014529 0.0003895 0.1590654 0.1674563
           dz  0.0000221 0.0003881-0.0090946 0.0061730 0.0052338 0.0306334
  11 h     dx -0.0010805-0.0008731-0.0000343 0.0000765-0.0001318-0.0000048
           dy  0.0007901 0.0006399-0.0000014-0.0001319 0.0000755 0.0000038
           dz  0.0000269-0.0000034 0.0007003-0.0000048 0.0000038-0.0000314
  12 h     dx  0.0000637 0.0001313 0.0000049-0.0010808 0.0007901 0.0000270
           dy  0.0001313 0.0000882 0.0000046-0.0008731 0.0006397-0.0000031
           dz  0.0000049 0.0000046-0.0000313-0.0000344-0.0000011 0.0007000

   ATOM             11 h                          12 h 
                  dx        dy        dz        dx        dy        dz
  11 h     dx  0.2985040
           dy  0.1590563 0.1674340
           dz  0.0062041 0.0052513 0.0306343
  12 h     dx  0.0007988 0.0002876 0.0000234 0.3135386
           dy -0.0003205 0.0014530 0.0003886-0.1520431 0.1524501
           dz  0.0000011 0.0003894-0.0090946-0.0052338 0.0042972 0.0305842
 

   *** projected hessian written onto $hessian (projected), file=<hessian> ***

 dipole moment in principle axis system (a.u.) :
     0.0000018057    -0.0000323117     0.0002952928
 norm :  2.970608632784788E-004

 rotational constants b for rotations around axis of inertia
 and optical intensities for (1 <-- 0) transition

   b   :     0.0568592531     0.1763307716     0.0429951326   (cm**(-1))
   b   :        1704.5975        5286.2635        1288.9616     (MHz)
  int. :     0.0000000000     0.0000000010     0.0000000872     (a.u.)

   x   :     0.9997077895    -0.0241428936    -0.0012067563
   y   :     0.0240821478     0.9990321830    -0.0368068940
   z   :     0.0020942133     0.0367670774     0.9993216681

   ***  normal modes written onto $vibrational normal modes, file=<vib_normal_modes>  ***

  Keyword $vibrational reduced masses missing in file <control>


   ***  vibrational spectroscopic data written onto$vibrational spectrum   
        file=<vibspectrum>  ***

          ---------------------------------------------------
          NORMAL MODES and VIBRATIONAL FREQUENCIES (cm**(-1))
          ---------------------------------------------------

 imaginary wave numbers indicate a negative curvature of the energy surface.
 zero frequency modes have no physical meaning except being generators of
 translations and rotations. each vibrational normal mode - given in terms of
 cartesian displacement vectors of all atoms - has been normalized to unity.
 to obtain mass-weigthed normal coordinates in a.u. divide the tabulated
 modes by sqrt(reduced mass * 1822.88853).
 band intensities or cross sections refer to independent non-degenerate normal
 modes, that is, the intensities of degenerate modes have yet to be added.
 dDIP/dQ is the normal mode derivative of the dipole moment.


       mode               1        2        3        4        5        6

     frequency           0.00     0.00     0.00     0.00     0.00     0.00

     symmetry                                                             

        IR                -        -        -        -        -        - 
|dDIP/dQ|   (a.u.)     0.0000   0.0000   0.0000   0.0000   0.0000   0.0000
intensity (km/mol)       0.00     0.00     0.00     0.00     0.00     0.00
intensity (  %   )       0.00     0.00     0.00     0.00     0.00     0.00
 
       RAMAN              -        -        -        -        -        - 
 
  1   c           x   0.21075 -0.00469  0.19479 -0.07897 -0.07704 -0.02072
                  y   0.08189 -0.01041  0.11277  0.30589 -0.06869 -0.00740
                  z  -0.14449  0.11685  0.10454 -0.01579  0.02323 -0.34462
  2   c           x   0.12017 -0.00592  0.09918 -0.17269 -0.19320 -0.01582
                  y   0.07441 -0.00813  0.11623  0.30303 -0.07155 -0.00584
                  z  -0.00047  0.05376 -0.05233  0.00046  0.02465 -0.38386
  3   c           x   0.26580 -0.00368  0.25282 -0.02203 -0.00647 -0.02395
                  y   0.00069 -0.00506  0.01753  0.21809 -0.17772 -0.01124
                  z  -0.25186 -0.06200  0.24092 -0.02809  0.01310 -0.11577
  4   c           x   0.21497 -0.00410  0.19909 -0.07464 -0.07167 -0.02145
                  y  -0.08925  0.00296 -0.07368  0.12695 -0.29008 -0.01326
                  z  -0.19089 -0.31457  0.19395 -0.02140  0.00463  0.06721
  5   c           x   0.12439 -0.00534  0.10348 -0.16837 -0.18783 -0.01653
                  y  -0.09674  0.00525 -0.07021  0.12409 -0.29294 -0.01170
                  z  -0.04687 -0.37766  0.03708 -0.00515  0.00606  0.02797
  6   c           x   0.06933 -0.00637  0.04546 -0.22530 -0.25840 -0.01328
                  y  -0.01555 -0.00009  0.02504  0.21189 -0.18392 -0.00785
                  z   0.06050 -0.19882 -0.09931  0.00715  0.01618 -0.20088
  7   o           x  -0.01208 -0.00751 -0.04046 -0.30954 -0.36280 -0.00884
                  y  -0.02230  0.00197  0.02817  0.20931 -0.18649 -0.00644
                  z   0.18994 -0.25551 -0.24029  0.02176  0.01746 -0.23615
  8   o           x   0.34721 -0.00259  0.33875  0.06220  0.09793 -0.02834
                  y   0.00740 -0.00712  0.01444  0.22067 -0.17515 -0.01264
                  z  -0.38130 -0.00530  0.38191 -0.04269  0.01182 -0.08050
  9   h           x   0.24919 -0.00435  0.23541 -0.03918 -0.02773 -0.02264
                  y   0.14671 -0.01623  0.17826  0.37148  0.01215 -0.00599
                  z  -0.19134  0.29974  0.14160 -0.02094  0.02928 -0.47533
 10   h           x   0.07868 -0.00667  0.05545 -0.21560 -0.24638 -0.01339
                  y   0.13262 -0.01192  0.18476  0.36608  0.00676 -0.00305
                  z   0.07975  0.18097 -0.15368  0.00965  0.03196 -0.54919
 11   h           x   0.25645 -0.00333  0.24281 -0.03174 -0.01849 -0.02389
                  y  -0.14745  0.00675 -0.14222  0.06390 -0.36839 -0.01606
                  z  -0.27110 -0.44180  0.29529 -0.03059 -0.00267  0.23254
 12   h           x   0.08594 -0.00567  0.06285 -0.20817 -0.23715 -0.01464
                  y  -0.16155  0.01106 -0.13571  0.05851 -0.37377 -0.01312
                  z   0.00000 -0.56055  0.00000  0.00000  0.00000  0.15867

reduced mass(g/mol)     9.424    5.311    9.365    8.679    8.485    5.566


       mode               7        8        9       10       11       12

     frequency          97.53   240.29   378.02   457.37   487.16   492.33

     symmetry            a        a        a        a        a        a   

        IR               YES      YES      YES      YES      YES      YES
|dDIP/dQ|   (a.u.)     0.0031   0.0000   0.0000   0.0047   0.0000   0.0000
intensity (km/mol)      16.97     0.00     0.00    38.88     0.00     0.00
intensity (  %   )       2.54     0.00     0.00     5.82     0.00     0.00
 
       RAMAN             YES      YES      YES      YES      YES      YES
 
  1   c           x  -0.00029 -0.00029 -0.00027  0.23938  0.18396 -0.20465
                  y  -0.00896 -0.00882 -0.00861 -0.02400  0.03325  0.03182
                  z   0.24321  0.24024  0.23457 -0.00056  0.00147  0.00098
  2   c           x  -0.00029  0.00028  0.00023  0.23792  0.18538  0.20287
                  y  -0.00896  0.00886  0.00865  0.03550 -0.02435  0.04165
                  z   0.24319 -0.24025 -0.23458  0.00149 -0.00060  0.00171
  3   c           x  -0.00000 -0.00021  0.00002  0.10767 -0.00935 -0.21258
                  y  -0.00007 -0.00616  0.00001  0.00260  0.38651 -0.00513
                  z   0.00107  0.16794 -0.00000  0.00024  0.01406 -0.00045
  4   c           x  -0.00030 -0.00030  0.00030  0.23793 -0.18539 -0.20286
                  y  -0.00896 -0.00883  0.00862  0.03550  0.02435 -0.04164
                  z   0.24320  0.24023 -0.23458  0.00158  0.00072 -0.00184
  5   c           x  -0.00029  0.00029 -0.00034  0.23936 -0.18397  0.20465
                  y  -0.00896  0.00887 -0.00866 -0.02400 -0.03325 -0.03183
                  z   0.24319 -0.24023  0.23459 -0.00051 -0.00140 -0.00086
  6   c           x  -0.00000  0.00020 -0.00004  0.10766  0.00935  0.21259
                  y  -0.00002  0.00619 -0.00001  0.00259 -0.38650  0.00513
                  z   0.00107 -0.16796  0.00001  0.00022 -0.01436  0.00044
  7   o           x   0.00049 -0.00021  0.00009 -0.47342  0.01000 -0.18018
                  y   0.01509 -0.00683 -0.00001 -0.01141 -0.41401 -0.00433
                  z  -0.40727  0.18389 -0.00001 -0.00098 -0.01527 -0.00037
  8   o           x   0.00050  0.00023 -0.00001 -0.47343 -0.00999  0.18017
                  y   0.01492  0.00675  0.00001 -0.01140  0.41401  0.00433
                  z  -0.40728 -0.18387  0.00001 -0.00100  0.01524  0.00038
  9   h           x  -0.00039 -0.00049 -0.00050  0.27182  0.01792 -0.35240
                  y  -0.01208 -0.01475 -0.01618  0.01781 -0.23229 -0.20978
                  z   0.32800  0.40123  0.44118  0.00095 -0.00815 -0.00801
 10   h           x  -0.00039  0.00048  0.00044  0.27233  0.00667  0.36214
                  y  -0.01209  0.01478  0.01630 -0.00465  0.23283 -0.19251
                  z   0.32798 -0.40115 -0.44114 -0.00015  0.00907 -0.00675
 11   h           x  -0.00041 -0.00050  0.00059  0.27236 -0.00671 -0.36213
                  y  -0.01208 -0.01477  0.01620 -0.00470 -0.23286  0.19255
                  z   0.32800  0.40118 -0.44120  0.00023 -0.00814  0.00654
 12   h           x  -0.00041  0.00049 -0.00062  0.27180 -0.01789  0.35242
                  y  -0.01209  0.01478 -0.01630  0.01778  0.23227  0.20973
                  z   0.32798 -0.40113  0.44117  0.00125  0.00899  0.00829

reduced mass(g/mol)     8.595    5.188    3.433   10.534   10.989    4.865


       mode              13       14       15       16       17       18

     frequency         558.87   660.31   822.04   825.93   848.43   857.18

     symmetry            a        a        a        a        a        a   

        IR               YES      YES      YES      YES      YES      YES
|dDIP/dQ|   (a.u.)     0.0006   0.0000   0.0000   0.0009   0.0000   0.0000
intensity (km/mol)       0.73     0.00     0.00     1.37     0.00     0.00
intensity (  %   )       0.11     0.00     0.00     0.20     0.00     0.00
 
       RAMAN             YES      YES      YES      YES      YES      YES
 
  1   c           x  -0.00004 -0.07291 -0.00010  0.02994  0.34302  0.00000
                  y  -0.00055  0.29701 -0.00268  0.16303 -0.03499  0.00638
                  z   0.01506  0.01081  0.07134  0.00613 -0.00095 -0.17162
  2   c           x  -0.00003  0.05848 -0.00007 -0.03782  0.34091 -0.00029
                  y  -0.00054  0.30017 -0.00268  0.16139  0.05149 -0.00628
                  z   0.01507  0.01115  0.07132  0.00596  0.00236  0.17163
  3   c           x   0.00024 -0.05420 -0.00000  0.00359  0.00286 -0.00057
                  y   0.00702 -0.00131  0.00005 -0.14876 -0.11863 -0.01710
                  z  -0.19262 -0.00010 -0.00001 -0.00552 -0.00417  0.46583
  4   c           x   0.00001 -0.05849  0.00009 -0.03778 -0.34092  0.00041
                  y  -0.00056 -0.30017  0.00256  0.16140 -0.05146  0.00640
                  z   0.01506 -0.01109 -0.07133  0.00583 -0.00238 -0.17165
  5   c           x  -0.00000  0.07291  0.00007  0.02998 -0.34301 -0.00012
                  y  -0.00055 -0.29701  0.00257  0.16303  0.03503 -0.00628
                  z   0.01507 -0.01088 -0.07134  0.00595  0.00095  0.17161
  6   c           x   0.00023  0.05420  0.00000  0.00359 -0.00286  0.00056
                  y   0.00717  0.00131  0.00005 -0.14878  0.11860  0.01712
                  z  -0.19261  0.00012  0.00002 -0.00541  0.00417 -0.46580
  7   o           x  -0.00007  0.20563  0.00001  0.00440 -0.00368 -0.00012
                  y  -0.00223  0.00496  0.00007 -0.18210  0.15197 -0.00410
                  z   0.06168  0.00042 -0.00000 -0.00675  0.00566  0.10677
  8   o           x  -0.00008 -0.20563  0.00000  0.00440  0.00368  0.00013
                  y  -0.00232 -0.00496  0.00006 -0.18209 -0.15202  0.00391
                  z   0.06169 -0.00044  0.00000 -0.00666 -0.00562 -0.10679
  9   h           x  -0.00055 -0.03239  0.00051  0.17894  0.30887  0.00020
                  y  -0.01754  0.36400  0.01805  0.40318 -0.13071  0.01210
                  z   0.47849  0.01330 -0.49453  0.01452 -0.00461 -0.32564
 10   h           x  -0.00054  0.01476  0.00064 -0.19827  0.30210 -0.00045
                  y  -0.01766  0.36515  0.01809  0.39407  0.14555 -0.01200
                  z   0.47853  0.01358 -0.49457  0.01376  0.00574  0.32553
 11   h           x  -0.00063 -0.01477 -0.00058 -0.19822 -0.30217  0.00060
                  y  -0.01758 -0.36514 -0.01837  0.39405 -0.14543  0.01211
                  z   0.47851 -0.01346  0.49454  0.01478 -0.00601 -0.32549
 12   h           x  -0.00064  0.03237 -0.00071  0.17900 -0.30880 -0.00035
                  y  -0.01768 -0.36401 -0.01835  0.40312  0.13084 -0.01201
                  z   0.47855 -0.01353  0.49453  0.01559  0.00442  0.32572

reduced mass(g/mol)     1.950    6.463    1.232    3.703    7.245    7.430


       mode              19       20       21       22       23       24

     frequency         988.47  1028.24  1124.26  1130.05  1167.26  1238.27

     symmetry            a        a        a        a        a        a   

        IR               YES      YES      YES      YES      YES      YES
|dDIP/dQ|   (a.u.)     0.0081   0.0029   0.0000   0.0000   0.0047   0.0000
intensity (km/mol)     115.86    15.04     0.00     0.00    38.79     0.00
intensity (  %   )      17.33     2.25     0.00     0.00     5.80     0.00
 
       RAMAN             YES      YES      YES      YES      YES      YES
 
  1   c           x  -0.00013  0.22005  0.00007 -0.00009  0.04923  0.00488
                  y  -0.00357 -0.06351  0.00266 -0.00287 -0.02978  0.02907
                  z   0.09727 -0.00210 -0.07233  0.07794 -0.00103  0.00107
  2   c           x  -0.00012 -0.21672 -0.00008  0.00009  0.04773  0.00628
                  y  -0.00358 -0.07404 -0.00266  0.00287  0.03211 -0.02880
                  z   0.09727 -0.00295  0.07233 -0.07794  0.00123 -0.00105
  3   c           x   0.00020 -0.00069 -0.00001  0.00000 -0.07566 -0.00005
                  y   0.00611  0.02850 -0.00013  0.00000 -0.00182  0.00186
                  z  -0.16633  0.00110  0.00355  0.00000 -0.00016  0.00008
  4   c           x  -0.00011 -0.21672  0.00010  0.00009  0.04772 -0.00628
                  y  -0.00357 -0.07404  0.00267  0.00287  0.03211  0.02880
                  z   0.09726 -0.00301 -0.07241 -0.07786  0.00124  0.00105
  5   c           x  -0.00011  0.22004 -0.00010 -0.00010  0.04924 -0.00490
                  y  -0.00359 -0.06352 -0.00266 -0.00286 -0.02978 -0.02906
                  z   0.09727 -0.00205  0.07242  0.07785 -0.00103 -0.00108
  6   c           x   0.00020 -0.00069  0.00000  0.00000 -0.07567  0.00006
                  y   0.00614  0.02851  0.00013  0.00000 -0.00182 -0.00187
                  z  -0.16635  0.00097 -0.00356  0.00000 -0.00016 -0.00006
  7   o           x  -0.00005 -0.00138 -0.00000 -0.00000  0.01027  0.00051
                  y  -0.00145  0.05716 -0.00014  0.00000  0.00025 -0.02124
                  z   0.03868  0.00213  0.00363 -0.00000  0.00002 -0.00079
  8   o           x  -0.00005 -0.00138  0.00001  0.00000  0.01027 -0.00051
                  y  -0.00141  0.05716  0.00013  0.00000  0.00025  0.02124
                  z   0.03868  0.00209 -0.00363  0.00000  0.00002  0.00078
  9   h           x   0.00055  0.39137 -0.00059  0.00059 -0.19749  0.24593
                  y   0.01749  0.20573 -0.01818  0.01819 -0.45214  0.43380
                  z  -0.47503  0.00808  0.49411 -0.49383 -0.01690  0.01626
 10   h           x   0.00056 -0.40078  0.00058 -0.00057 -0.21919  0.26665
                  y   0.01748  0.18646  0.01822 -0.01822  0.44211 -0.42142
                  z  -0.47498  0.00638 -0.49411  0.49383  0.01606 -0.01521
 11   h           x   0.00061 -0.40082 -0.00063 -0.00063 -0.21918 -0.26657
                  y   0.01754  0.18656 -0.01821 -0.01819  0.44215  0.42136
                  z  -0.47500  0.00636  0.49465  0.49328  0.01604  0.01519
 12   h           x   0.00061  0.39134  0.00064  0.00065 -0.19757 -0.24598
                  y   0.01745  0.20561  0.01822  0.01820 -0.45220 -0.43377
                  z  -0.47497  0.00806 -0.49465 -0.49327 -0.01691 -0.01629

reduced mass(g/mol)     2.080    3.433    1.239    1.275    1.283    1.060


       mode              25       26       27       28       29       30

     frequency        1343.36  1452.20  1494.34  1546.52  1861.18  1879.52

     symmetry            a        a        a        a        a        a   

        IR               YES      YES      YES      YES      YES      YES
|dDIP/dQ|   (a.u.)     0.0000   0.0079   0.0020   0.0000   0.0028   0.0000
intensity (km/mol)       0.00   112.17     7.18     0.00    14.38     0.00
intensity (  %   )       0.00    16.78     1.07     0.00     2.15     0.00
 
       RAMAN             YES      YES      YES      YES      YES      YES
 
  1   c           x   0.02388 -0.09687  0.09093  0.16758  0.05436 -0.03348
                  y  -0.03424  0.00897  0.06444  0.07351  0.39427 -0.36512
                  z  -0.00123  0.00021  0.00247  0.00290  0.01457 -0.01347
  2   c           x  -0.02219 -0.09635 -0.09393 -0.17094  0.07334 -0.05109
                  y  -0.03534 -0.01363  0.05998  0.06536 -0.39119  0.36308
                  z  -0.00133 -0.00062  0.00210  0.00221 -0.01431  0.01330
  3   c           x  -0.16838  0.30682 -0.00012 -0.18151 -0.05256  0.00282
                  y  -0.00406  0.00739  0.00509 -0.00437 -0.00124 -0.11755
                  z  -0.00036  0.00065  0.00018 -0.00038 -0.00011 -0.00430
  4   c           x   0.02220 -0.09634 -0.09395  0.17092  0.07331  0.05114
                  y   0.03535 -0.01362  0.05999 -0.06534 -0.39092 -0.36337
                  z   0.00133 -0.00062  0.00209 -0.00219 -0.01430 -0.01332
  5   c           x  -0.02387 -0.09688  0.09095 -0.16756  0.05433  0.03352
                  y   0.03424  0.00898  0.06444 -0.07351  0.39399  0.36541
                  z   0.00124  0.00021  0.00249 -0.00292  0.01458  0.01350
  6   c           x   0.16834  0.30685 -0.00014  0.18150 -0.05254 -0.00286
                  y   0.00406  0.00739  0.00509  0.00437 -0.00131  0.11753
                  z   0.00035  0.00064  0.00019  0.00038 -0.00011  0.00435
  7   o           x  -0.02796 -0.04555  0.00103 -0.01259 -0.01926  0.00366
                  y  -0.00067 -0.00110 -0.04238 -0.00031 -0.00040 -0.15189
                  z  -0.00006 -0.00010 -0.00157 -0.00003 -0.00004 -0.00562
  8   o           x   0.02797 -0.04555  0.00102  0.01259 -0.01925 -0.00368
                  y   0.00067 -0.00110 -0.04238  0.00030 -0.00051  0.15189
                  z   0.00006 -0.00010 -0.00155  0.00003 -0.00004  0.00557
  9   h           x   0.28379 -0.30800 -0.20566 -0.11995 -0.29348  0.30339
                  y   0.39102 -0.31199 -0.44056 -0.43058 -0.06201  0.06825
                  z   0.01472 -0.01181 -0.01644 -0.01597 -0.00261  0.00286
 10   h           x  -0.30241 -0.32283  0.22675  0.14062 -0.29620  0.30641
                  y   0.37691  0.29685 -0.43007 -0.42418  0.04774 -0.05352
                  z   0.01353  0.01058 -0.01558 -0.01546  0.00142 -0.00162
 11   h           x   0.30244 -0.32274  0.22674 -0.14057 -0.29592 -0.30658
                  y  -0.37698  0.29678 -0.43017  0.42417  0.04773  0.05357
                  z  -0.01350  0.01050 -0.01555  0.01544  0.00136  0.00157
 12   h           x  -0.28380 -0.30809 -0.20570  0.11994 -0.29330 -0.30366
                  y  -0.39097 -0.31205 -0.44053  0.43040 -0.06189 -0.06824
                  z  -0.01476 -0.01190 -0.01649  0.01601 -0.00266 -0.00291

reduced mass(g/mol)     1.732    3.560    1.609    3.212    8.056    7.935


       mode              31       32       33       34       35       36

     frequency        2028.57  2047.35  3387.67  3388.05  3405.03  3406.71

     symmetry            a        a        a        a        a        a   

        IR               YES      YES      YES      YES      YES      YES
|dDIP/dQ|   (a.u.)     0.0194   0.0000   0.0005   0.0000   0.0007   0.0000
intensity (km/mol)     668.65     0.00     0.39     0.00     0.82     0.00
intensity (  %   )     100.00     0.00     0.06     0.00     0.12     0.00
 
       RAMAN             YES      YES      YES      YES      YES      YES
 
  1   c           x  -0.01309  0.02632 -0.03866  0.03673 -0.03715 -0.03717
                  y  -0.05087  0.15376  0.02136 -0.02058  0.02852  0.02795
                  z  -0.00188  0.00568  0.00074 -0.00071  0.00101  0.00098
  2   c           x   0.01552  0.03373  0.03756 -0.03567 -0.03575 -0.03580
                  y  -0.05009 -0.15234  0.02319 -0.02231 -0.03030 -0.02973
                  z  -0.00184 -0.00558  0.00090 -0.00086 -0.00116 -0.00114
  3   c           x  -0.01337  0.01237 -0.00000 -0.00200  0.00250 -0.00009
                  y   0.55281 -0.51167  0.00204  0.00000  0.00008  0.00331
                  z   0.02027 -0.01877  0.00007 -0.00000  0.00001  0.00012
  4   c           x   0.01554 -0.03373  0.03585  0.03743 -0.03534  0.03616
                  y  -0.05020  0.15233  0.02212  0.02340 -0.02996  0.03003
                  z  -0.00182  0.00556  0.00086  0.00091 -0.00115  0.00115
  5   c           x  -0.01307 -0.02633 -0.03686 -0.03849 -0.03677  0.03759
                  y  -0.05077 -0.15380  0.02036  0.02155  0.02824 -0.02827
                  z  -0.00190 -0.00571  0.00070  0.00074  0.00099 -0.00099
  6   c           x  -0.01336 -0.01238 -0.00010  0.00199  0.00250  0.00007
                  y   0.55249  0.51198  0.00203  0.00010  0.00004 -0.00331
                  z   0.02043  0.01892  0.00008  0.00001  0.00000 -0.00012
  7   o           x   0.00865  0.00757  0.00002 -0.00013 -0.00024 -0.00003
                  y  -0.35776 -0.31307 -0.00078 -0.00002  0.00000  0.00136
                  z  -0.01322 -0.01157 -0.00003 -0.00000 -0.00000  0.00005
  8   o           x   0.00865 -0.00756  0.00002  0.00014 -0.00024  0.00003
                  y  -0.35795  0.31287 -0.00078 -0.00002 -0.00001 -0.00136
                  z  -0.01313  0.01147 -0.00003 -0.00000 -0.00000 -0.00005
  9   h           x   0.08513 -0.15218  0.43787 -0.41750  0.42761  0.42322
                  y   0.15107 -0.14868 -0.26114  0.24939 -0.25959 -0.25652
                  z   0.00566 -0.00563 -0.00909  0.00869 -0.00905 -0.00894
 10   h           x  -0.09225 -0.15928 -0.42446  0.40467  0.41481  0.41055
                  y   0.14670  0.14123 -0.28181  0.26908  0.28011  0.27681
                  z   0.00531  0.00504 -0.01088  0.01039  0.01080  0.01068
 11   h           x  -0.09234  0.15921 -0.40513 -0.42455  0.41014 -0.41475
                  y   0.14679 -0.14117 -0.26891 -0.28223  0.27692 -0.27961
                  z   0.00529 -0.00497 -0.01043 -0.01094  0.01073 -0.01083
 12   h           x   0.08504  0.15227  0.41740  0.43741  0.42330 -0.42801
                  y   0.15097  0.14873 -0.24897 -0.26132 -0.25703  0.25948
                  z   0.00568  0.00570 -0.00863 -0.00906 -0.00892  0.00900

reduced mass(g/mol)    11.711   10.799    1.090    1.090    1.104    1.105
 

         **************************************************************
         *                                                            *
         *  zero point VIBRATIONAL energy  :      0.0925904  Hartree  *
         *    SCF-energy                   :   -379.0383018           *
         *    SCF + E(vib0)                :   -378.9457114           *
         *                                                            *
         **************************************************************




 time elapsed for vibrational analysis     0.02 sec


    ------------------------------------------------------------------------
         total  cpu-time :  55.06 seconds
         total wall-time :  27.87 seconds
    ------------------------------------------------------------------------

   ****  force : all done  ****


    2023-07-02 18:50:50.775 

aoforce ended normally 
