
   OpenMP run-time library returned nthreads =  2

 force (c04) : TURBOMOLE rev. V7-6 27 Oct 2021 at 10:11:12 compiled Oct 27th 2021
 Copyright (C) 2021 TURBOMOLE GmbH, Karlsruhe


    2023-06-08 16:38:18.339 



                             T U R B O M O L E   

                          a o f o r c e - program

                        using direct algorithms for

                       SCF level calculations of
                         * harmonic force constants
                         * hyperpolarizabilities
                         * IR and RAMAN intensities
                         * VCD intensities

                       DFT level calculations of
                         * harmonic force constants
                         * IR intensities
                                                   
       Stephan Boecker, Peter Deglmann, Filipp Furche and Marco Haeser
                          Quantum Chemistry Group
                          Universitaet  Karlsruhe
                                   Germany

 
 

          OpenMP Shared-Memory Parallelization:  2 CPUs.

            By: Erik P. Almaraz and Filipp Furche
            Copyright 2009-2011 by UCI and TURBOMOLE GmbH.

            Revised By: Christof Holzer and Yannick J. Franzke.

 
 
     References :
 
       RI-J implementation:
         Peter Deglmann, Klaus May, Filipp Furche, Reinhart Ahlrichs
                 Chem. Phys. Lett. 384:103 (2004)
 
       Efficiency, technical details:
         Peter Deglmann, Filipp Furche, Reinhart Ahlrichs
                 Chem. Phys. Lett. 362:511 (2002)
 
       Search of lowest eigenvalues by iterative diagonalization:
         Peter Deglmann, Filipp Furche
                 J. Chem. Phys. 117:9535 (2002)
 
       Vibrational circular dichroism implementation:
        Kevin Reiter, Michael Kuehn, Florian Weigend
                 J. Chem. Phys. 146:054102 (2017)  
 
 


              +--------------------------------------------------+
              | Atomic coordinate, charge and isotop information |
              +--------------------------------------------------+

                    atomic coordinates            atom    charge  isotop
         -8.86368698    3.57933337    0.05677411    n      7.000     0
         -6.93894430    3.52913631   -0.02920006    h      1.000     0
         -9.45831326    1.74780546   -0.02149092    h      1.000     0
         -9.45842663    4.41313604   -1.57591641    h      1.000     0
 
       center of nuclear mass  :   -8.82016313    3.51731127   -0.04957859
       center of nuclear charge:   -8.79014930    3.47454114   -0.12291887
 $basis  : could not find file <basis> !
              read basis sets from /software/cluster/turbomole76/basen/
              (basis sets have been saved in file basis)

              +--------------------------------------------------+
              |               basis set information              |
              +--------------------------------------------------+

              we will work with the 1s 3p 5d 7f 9g ... basis set
              ...i.e. with spherical basis functions...

   type   atoms  prim   cont   basis
   ---------------------------------------------------------------------------
    n        1     77     57   def2-QZVP   [7s4p3d2f1g|15s8p3d2f1g]
    h        3     33     30   def2-QZVP   [4s3p2d1f|7s3p2d1f]
   ---------------------------------------------------------------------------
   total:    4    176    147
   ---------------------------------------------------------------------------

   total number of primitive shells          :   42
   total number of contracted shells         :   47
   total number of cartesian basis functions :  177
   total number of SCF-basis functions       :  147

 
             FOUND RI-J FLAG !
 

 NOTE: THIS IS A PRELIMINARY IMPLEMENTATION. THE RI APPROXIMATION IS
       PRESENTLY USED FOR CPKS CONTRIBUTIONS TO THE HESSIAN ONLY! SEE
       MANUAL FOR FURTHER DETAILS.

  
 AUXILIARY BASIS SET information:
 $jbas  : could not find file <auxbasis> !
              read basis sets from /software/cluster/turbomole76/jbasen/
              (basis sets have been saved in file auxbasis)

              we will work with the 1s 3p 5d 7f 9g ... basis set
              ...i.e. with spherical basis functions...

   type   atoms  prim   cont   basis
   ---------------------------------------------------------------------------
    n        1     70     49   def2-QZVP   [6s4p3d1f1g|12s5p4d2f1g]
    h        3     16     11   def2-QZVP   [3s1p1d|5s2p1d]
   ---------------------------------------------------------------------------
   total:    4    118     82
   ---------------------------------------------------------------------------

   total number of primitive shells          :   32
   total number of contracted shells         :   30
   total number of cartesian basis functions :   97
   total number of SCF-basis functions       :   82


 symmetry group of the molecule :   c1 

 the group has the following generators :
   c1(z)

    1 symmetry operations found

 there are 1 real representations :   a   

 maximum number of shells which are related by symmetry :  1


 determining totally symmetric integral contributions 
    - equivalent to irreducible tensor elements - 
 which can be formed within each triple of representations :

             representation triple      contributions

              a     a     a               1

    mo occupation :
   irrep   mo's   occupied
    a      147        5
 
 number of basis functions   :   147
 number of occupied orbitals :     5
 
  MOs are in ASCII format !


 reading orbital data $scfmo  from file mos
 orbital characterization : scfconv=7
 time elapsed for calculating density matrices :   0.001 sec

 number of non-frozen orbitals          :   147
 number of non-frozen occupied orbitals :     5
 Blocking parameters 
 shells:
    index      start shell   last shell  start bf    last bf    #bf 
       1             1          47             1        177    177
          size of I/O Block in Byte:                3007584
  
           ----------------------
               RI - INFORMATION
           ----------------------

 biggest AO integral is expected to be     6.129561670

 Threshold for integral neglect (rithr2):   0.14E-10
 Threshold for integral neglect (rithr1):   0.14E-10

 Contributions to RI integral batches: 
  neglected integral batches:                     0
  direct contribution:                            0
  memory contribution:                  1128
 Core memory available (ricore):               500 MiB
 Core memory needed for (P|Q) and Cholesky:      1 MiB
 Core memory used for integrals:                12 MiB
 
 ****************************************
 Memory allocated for RIDFT: 12 MiB
 ****************************************
 
  
           ------------------
           density functional
           ------------------
 Hybrid part of B2-PLYP double hybrid functional
 exchange:    0.47(LDA + Becke (B88)) + 0.53 HF
 correlation: 0.73 LYP + 0.27 PT2 (MP2 program)
 S. Grimme, JCP 124, (2006), 034108-16
 ================================================
 |     I M P O R T A N T    N O T E :           |
 |                                              |
 | MP2 correlation energy has to be calculated  |
 |    to obtain the final B2-PLYP energy        |
 |                                              |
 ================================================

 iterations will be done with small grid
  
 spherical integration : Lebedev's spherical grid
 spherical gridsize    :                     3
    i.e. gridpoints    :                   302
 value for diffuse not defined
 radial integration    : Chebyshev 2nd kind (scaling 3)
 radial gridsize       :                     3
 integration cells     :                     4
 partition function    : becke
 partition sharpness   :                     3
  
 
 Derivatives of quadrature weights will be included
 
 preparing DFT   numerical integration ....
          Overall gridpoints after grid construction =         17354
 Ordering of quadrature gridpoints disabled.
 
 
 
 
 OCCUPIED-OCCUPIED TENSOR SPACES :

          IRREP   tensor space dimension   number of roots

           a                25                   6
 
 OCCUPIED-VIRTUAL TENSOR SPACES :

          IRREP   tensor space dimension   number of roots

           a               710                   6
 
 
 
 
 CONSTRUCTING integral bounds

 setting up bound for integral derivative estimation

 increment for numerical differentiation : 0.00050000
 
 machine precision:   2.220446049250313E-016

 integral neglect threshold       :  0.10E-09
 integral storage threshold THIZE :  0.10E-04
 integral storage threshold THIME :         5

 
 
 
 PREPARING NUMERICAL INTEGRATION
 
 Remaining core memory for DFT =                   992 MB
 
 Memory needed per atom    =                   369 KiB
 
     i. e.                     4 atoms per loop

 Calculating ground state density on molecular grid

 Integral of ground state density: N =   9.999997439879669    


 
 
 CONSTRUCTING first deriv. of <mu|x,y,z|nu> -> Dip. deriv.
  dipole integral derivatives will be neglected if
  expon. factor <0.282486E-11
      ...terminated. cpu:       0.02       wall:       0.02
 
 
 
 
 CONSTRUCTING first deriv. of  <mu|nu>
                               <mu|h|nu>    -> RHS
              second deriv. of <mu|nu>      -> Hessian
                               <mu|h|nu>    -> Hessian
                               nucl. rep.   -> Hessian
     integrals are neglected if expon. factor <  2.824858757062147E-013
  _________________________________
 |                                 |
 |         DFTD3 V3.1 Rev 0        |
 | S.Grimme, University Bonn       |
 |            June  2014           |
 |   see standalone version        |
 |       dftd3 -h for options      |
 |_________________________________|
 
 Please cite DFT-D3 work done with this code as:
 S. Grimme, J. Antony, S. Ehrlich and H. Krieg,
 J. Chem. Phys, 132 (2010), 154104.
 If used with BJ-damping cite also
 S. Grimme, S. Ehrlich and L. Goerigk,
 J. Comput. Chem. 32 (2011), 1456-1465
 For DFT-D2 the reference is
 S. Grimme, J. Comput. Chem., 27 (2006), 1787-1799
 
C6 coefficients used:
                     2  C6 for element                      1
Z=  1 CN= 0.912     C6(AA)=    3.03
Z=  1 CN= 0.000     C6(AA)=    7.59
                     4  C6 for element                      7
Z=  7 CN= 0.000     C6(AA)=   25.27
Z=  7 CN= 0.994     C6(AA)=   22.12
Z=  7 CN= 2.014     C6(AA)=   19.68
Z=  7 CN= 2.990     C6(AA)=   15.58

#           XYZ [au]              R0(AA) [Ang.]  CN          C6(AA)     C8(AA)   C10(AA) [au]
  1  -8.88369   3.57933   0.05677   n   0.381  2.988        15.7       345.6      9339.9
  2  -6.93894   3.52914  -0.02920   h   0.282  0.996         3.1        37.4       553.6
  3  -9.45831   1.74781  -0.02149   h   0.282  0.997         3.1        37.4       553.5
  4  -9.45843   4.41314  -1.57592   h   0.282  0.997         3.1        37.4       553.5

molecular C6(AA) [au] =        84.67

           DFT-D V3(BJ)
 DF b2-plyp                                           
 parameters
 s6       :    0.6400
 s8       :    0.9147
 a1       :    0.3065
 a2       :    5.0570
 k1-k3    :   16.0000    1.3333   -4.0000
 
 Edisp /kcal,au:    -0.3129 -0.00049869

 E6    /kcal :    -0.2023
 E8    /kcal :    -0.1107
 % E8        : 35.36
 
 doing analytical gradient O(N^2) ...
 
 |G|=  9.229103989152314E-006
      ...terminated. cpu:       0.28       wall:       0.29
 
 
 
 
 CONSTRUCTING second deriv. of 2e energy    -> Hessian
   treating Coulomb (and exchange) contribution
     integrals will be neglected if total contribution <  2.824858757062147E-009
      ...terminated. cpu:      18.47       wall:      23.94
   treating exchange-correlation contribution
      ...terminated. cpu:       4.27       wall:       5.52
 
 
 
 
 CONSTRUCTING S(i,j)xi
      ...terminated. cpu:       0.01       wall:       0.02
 
 
 
 
 CONSTRUCTING <i|x,y,z|j>*S(i,j)xi          -> Dip. deriv.
      ...terminated. cpu:       0.01       wall:       0.02
 
 
 
 
 CONSTRUCTING epsilon(i)*S(i,j)xi*S(i,j)chi -> Hessian
      ...terminated. cpu:       0.00       wall:       0.00
 
 
 
 
 CONSTRUCTING G(a,i)[S(k,l)xi]              -> RHS
              G(i,j)[S(k,l)xi]*S(i,j)chi    -> Hessian
 
         Maximum core memory set to                   1000 MB
         This corresponds to                  4031 vectors in CAO basis
      ...terminated. cpu:       6.91       wall:       7.22
 
 
 
 
 CONSTRUCTING G(mu,nu)[D(kap,lam)]xi
 
          Maximum core memory set to                   1000 MB
          Atoms treated simultaneously :                     4
 max of dfo   75.4848949112928     
      ...terminated. cpu:      18.57       wall:      10.13
 
 
 
 
 CONSTRUCTING F(a,i)xi                      -> RHS
              F(i,j)xi*S(i,j)chi            -> Hessian
 
        Maximum core memory set to                  1000 MB
        This corresponds to                  7961 vectors in CAO basis
      ...terminated. cpu:       0.01       wall:       0.00
 
 
 
 
 CONSTRUCTING epsilon(i)*S(a,i)xi           -> RHS
      ...terminated. cpu:       0.02       wall:       0.01
 
 
 
 
 SOLVING CPHF equations
 
 Residuum convergence criterium   :  1.000000000000000E-005
 
 Maximum number of Davidson iterations set to                    25

 logfile cphf_a    will be constructed
  Switching to small grid
        preparing DFT   numerical integration ....
          Overall gridpoints after grid construction =          4374

 Calculating ground state density on molecular grid

 Integral of ground state density: N =   9.999654792932628    




                       Nonorthonormal Krylov Space Iteration


 total number of roots to be determined: 6


 maximum core memory set to         1000 MB,
 corresponding to     4147 vectors in CAO basis


 maximum number of simultaneously treated vectors (including degeneracy):        6


 Iteration IRREP Converged      Max. Euclidean
                 roots          residual norm

    1       a        0        7.922236473193227D-02
 
    2       a        0        1.776185014935594D-02
 
    3       a        0        3.136495686475881D-03
 
    4       a        0        3.822271777658538D-04
 
    5       a        2        3.836162003313453D-05
 
    6       a        6        8.171582165211282D-06
 

 converged!

  Switching to fine grid
        preparing numerical DFT   integration ....
          Overall gridpoints after grid construction =         17354

 Calculating ground state density on molecular grid

 Integral of ground state density: N =   9.999997439879827    



 Iteration IRREP Converged      Max. Euclidean
                 roots          residual norm

    7       a        0        8.959297024210807D-05
 

 NOTE: Residual norms are larger than 1.00D-05 due to mgrid option!

      ...terminated. cpu:      32.64       wall:      16.60
 
 
 
 
 CONSTRUCTING <a|x,y,z|i>*U(a,i)xi          -> Dip. deriv.
      ...terminated. cpu:       0.00       wall:       0.00
 
 
 
 
 CONSTRUCTING RHS(a,i)xi*U(a,i)chi          -> Hessian
      ...terminated. cpu:       0.00       wall:       0.00
 
 
 
 

            -----------------------
            permanent dipole moment
            -----------------------

                                   x                y                z
    electronic part       :   88.1128133508   -35.0467949413     0.7126296255
     nuclear   part       :  -87.9014930405    34.7454114324    -1.2291886544
     total                :    0.2113203103    -0.3013835089    -0.5165590288

 with reference to the point :   0.0000000        0.0000000        0.0000000
 (given in atomic units)
    | dipole |       :    1.6122119831  debye

   ***  dipole moment & cartesian dipole gradients written onto
        $dipole, $dipgrad,  file=<dipgrad>  ***

             -----------------------------------
             rotational and vibrational analysis
             -----------------------------------


            ==============================================================
            ATOMIC WEIGHTS (average over the natural occurance of isotops)
            ==============================================================
            ('*' denotes special isotop !)
              1     n                14.00670
              2     h                 1.00797
              3     h                 1.00797
              4     h                 1.00797

          -------------------------------------------------
          CARTESIAN FORCE CONSTANT MATRIX (hartree/bohr**2)
         (translational & rotational space projected out)
          -------------------------------------------------

   ATOM              1 n                           2 h 
                  dx        dy        dz        dx        dy        dz
   1 n     dx  0.5794437
           dy  0.0605087 0.5357930
           dz  0.1037408-0.1477762 0.3684242
   2 h     dx -0.4075333-0.0020210-0.0034968 0.4346183
           dy  0.0278836-0.0546343 0.0197042-0.0028197 0.0537967
           dz  0.0477886 0.0197016-0.0323421-0.0048088-0.0169708 0.0345965
   3 h     dx -0.0859587-0.0861546-0.0169456-0.0135422-0.0464497-0.0017089
           dy -0.1159148-0.3766331 0.0113369 0.0043092 0.0013499-0.0026031
           dz -0.0339484-0.0371558-0.0320520 0.0030500 0.0009255-0.0020589
   4 h     dx -0.0859517 0.0276668-0.0832985-0.0135428 0.0213858-0.0412709
           dy  0.0275225-0.1045257 0.1167351 0.0005315-0.0005124-0.0001278
           dz -0.1175811 0.1652304-0.3040301 0.0052556-0.0036590-0.0001954

   ATOM              3 h                           4 h 
                  dx        dy        dz        dx        dy        dz
   3 h     dx  0.0945096
           dy  0.1175815 0.3941829
           dz  0.0170247-0.0026422 0.0344740
   4 h     dx  0.0049914-0.0059759 0.0138737 0.0945031
           dy  0.0150227-0.0188997 0.0388724-0.0430767 0.1239378
           dz  0.0016298-0.0060917-0.0003631 0.1106957-0.1554797 0.3045886
 

   *** projected hessian written onto $hessian (projected), file=<hessian> ***

 dipole moment in principle axis system (a.u.) :
    -0.0000600831    -0.0001568912    -0.6342881798
 norm :  0.634288202030136     

 rotational constants b for rotations around axis of inertia
 and optical intensities for (1 <-- 0) transition

   b   :     9.7996612974     9.7983033540     6.2730084693   (cm**(-1))
   b   :      293786.4548      293745.7447      188060.0628     (MHz)
  int. :     0.0000000036     0.0000000246     0.4023214950     (a.u.)

   x   :     0.8459120136     0.4163103846    -0.3333444600
   y   :    -0.2307661831     0.8492090634     0.4749641412
   z   :     0.4808116409    -0.3248532444     0.8144265072

   ***  normal modes written onto $vibrational normal modes, file=<vib_normal_modes>  ***

  Keyword $vibrational reduced masses missing in file <control>


   ***  vibrational spectroscopic data written onto$vibrational spectrum   
        file=<vibspectrum>  ***

          ---------------------------------------------------
          NORMAL MODES and VIBRATIONAL FREQUENCIES (cm**(-1))
          ---------------------------------------------------

 imaginary wave numbers indicate a negative curvature of the energy surface.
 zero frequency modes have no physical meaning except being generators of
 translations and rotations. each vibrational normal mode - given in terms of
 cartesian displacement vectors of all atoms - has been normalized to unity.
 to obtain mass-weigthed normal coordinates in a.u. divide the tabulated
 modes by sqrt(reduced mass * 1822.88853).
 band intensities or cross sections refer to independent non-degenerate normal
 modes, that is, the intensities of degenerate modes have yet to be added.
 dDIP/dQ is the normal mode derivative of the dipole moment.


       mode               1        2        3        4        5        6

     frequency           0.00     0.00     0.00     0.00     0.00     0.00

     symmetry                                                             

        IR                -        -        -        -        -        - 
|dDIP/dQ|   (a.u.)     0.0000   0.0000   0.0000   0.0000   0.0000   0.0000
intensity (km/mol)       0.00     0.00     0.00     0.00     0.00     0.00
intensity (  %   )       0.00     0.00     0.00     0.00     0.00     0.00
 
       RAMAN              -        -        -        -        -        - 
 
  1   n           x  -0.02773 -0.00170  0.51970  0.00769 -0.02806 -0.00899
                  y  -0.04539 -0.02297  0.00405  0.37319  0.09957 -0.05455
                  z   0.07159 -0.15118  0.01195 -0.06499  0.00294 -0.26703
  2   h           x  -0.00992 -0.03019  0.50654  0.01614 -0.03071  0.02655
                  y   0.58170 -0.01576 -0.07891  0.66899 -0.14655  0.17585
                  z   0.10430 -0.79315 -0.23427 -0.04861  0.08733  0.39419
  3   h           x   0.57630 -0.01635  0.43932  0.28301 -0.22688  0.24394
                  y  -0.24699 -0.03124  0.01841  0.29077  0.13362 -0.13467
                  z   0.20028  0.15367  0.28673 -0.22817  0.71672 -0.31371
  4   h           x  -0.27764 -0.55399  0.33819 -0.09972  0.11816  0.44528
                  y  -0.36383 -0.12088 -0.14881  0.42383 -0.48901 -0.26731
                  z   0.00000  0.00000  0.00000  0.00000 -0.35091 -0.54116

reduced mass(g/mol)     1.111    1.312    4.521    2.874    1.147    1.975


       mode               7        8        9       10       11       12

     frequency        1184.02  1744.05  1744.16  3414.51  3520.65  3520.98

     symmetry            a        a        a        a        a        a   

        IR               YES      YES      YES      YES      YES      YES
|dDIP/dQ|   (a.u.)     0.0093   0.0031   0.0031   0.0010   0.0013   0.0013
intensity (km/mol)     153.67    17.42    17.41     1.82     2.91     2.90
intensity (  %   )     100.00    11.33    11.33     1.19     1.89     1.89
 
       RAMAN             YES      YES      YES      YES      YES      YES
 
  1   n           x   0.03844 -0.00480 -0.06263  0.01282  0.06419  0.03782
                  y  -0.05476 -0.05824 -0.00677 -0.01796 -0.02325  0.06560
                  z  -0.09391  0.03200 -0.02171 -0.03111  0.03983 -0.02265
  2   h           x   0.01894 -0.00379 -0.04992 -0.57785 -0.70013 -0.41143
                  y   0.28880  0.64389 -0.19474 -0.00823  0.00426  0.02577
                  z   0.49518 -0.40097 -0.21872 -0.01426  0.03063  0.00453
  3   h           x  -0.27659 -0.40596  0.49389  0.19938  0.02123 -0.25566
                  y   0.07989  0.09588 -0.19563  0.53901  0.00034 -0.77352
                  z   0.49598  0.06004  0.45162 -0.01672  0.01189 -0.02525
  4   h           x  -0.27655  0.47641  0.42632  0.20034 -0.21304  0.14160
                  y   0.39231  0.06953  0.48443 -0.28118  0.31843 -0.16381
                  z   0.31380 -0.10380  0.06872  0.46326 -0.59602  0.33552

reduced mass(g/mol)     1.181    1.066    1.066    1.027    1.089    1.089
 

         **************************************************************
         *                                                            *
         *  zero point VIBRATIONAL energy  :      0.0344650  Hartree  *
         *    SCF-energy                   :    -56.4652520           *
         *    SCF + E(vib0)                :    -56.4307870           *
         *                                                            *
         **************************************************************




 time elapsed for vibrational analysis     0.01 sec


    ------------------------------------------------------------------------
         total  cpu-time :  1 minutes and 26 seconds
         total wall-time :  1 minutes and 16 seconds
    ------------------------------------------------------------------------

   ****  force : all done  ****


    2023-06-08 16:39:34.001 

