
  ========================================================================
                license information 
 Customer : 200000000058156
 ID       : LKO1924661

 License file is VALID, continuing with full version
  ========================================================================

   OpenMP run-time library returned nthreads =  2

 ridft (c04) : TURBOMOLE rev. V7-6 27 Oct 2021 at 10:11:12 compiled Oct 27th 2021
 Copyright (C) 2021 TURBOMOLE GmbH, Karlsruhe


    2023-06-15 21:21:52.543 



                                  r i d f t

                        DFT program with RI approximation 
                                for coulomb part 




                                                 
                                 References:     
                                                 
          TURBOMOLE:                             
              R. Ahlrichs, M. Baer, M. Haeser, H. Horn, and
              C. Koelmel
              Electronic structure calculations on workstation
              computers: the program system TURBOMOLE
              Chem. Phys. Lett. 162: 165 (1989)
          Density Functional:                              
              O. Treutler and R. Ahlrichs                      
              Efficient Molecular Numerical Integration Schemes
              J. Chem. Phys. 102: 346 (1995)                   
          Parallel Version:                                
              Performance of parallel TURBOMOLE for Density    
              Functional Calculations                          
              M. v. Arnim and R. Ahlrichs                      
              J. Comp. Chem. 19: 1746 (1998)                   
          RI-J Method:                                     
              Auxiliary Basis Sets to approximate Coulomb      
              Potentials                                       
              Chem. Phys. Lett. 240: 283 (1995)                
              K. Eichkorn, O. Treutler, H. Oehm, M. Haeser     
              and R. Ahlrichs                                  
              Chem. Phys. Lett. 242: 652 (1995)                
                                                           
              Auxiliary Basis Sets for Main Row Atoms and their
              Use to approximate Coulomb Potentials            
              K. Eichkorn, F. Weigend, O. Treutler and         
              R. Ahlrichs                                      
              Theo. Chem. Acc. 97: 119 (1997)                   
                                                           
              Accurate Coulomb-fitting basis sets for H to Rn 
              F. Weigend                                        
              Phys. Chem. Chem. Phys. 8: 1057 (2006)            
                                                           
          Multipole accelerated RI-J (MARI-J):             
              Fast evaluation of the Coulomb potential for     
              electron densities using multipole accelerated   
              resolution of identity approximation             
              M. Sierka, A. Hogekamp and R. Ahlrichs           
              J. Chem. Phys. 118: 9136 (2003)                  
          RI-JK Method:                                     
              A fully direct RI-HF algorithm: Implementation,
              optimised auxiliary basis sets, demonstration of
              accuracy and efficiency                         
              F. Weigend                                      
              Phys. Chem. Chem. Phys. 4: 4285 (2002)           
          Two-component HF and DFT with spin-orbit coupling:  
              Self-consistent treatment of spin-orbit         
              interactions with efficient Hartree-Fock and    
              density functional methods                      
              M. K. Armbruster, F. Weigend, C. van Wüllen and 
              W. Klopper                                      
              Phys. Chem. Chem. Phys. 10: 1748 (2008)         
          Two-component difference density and DIIS algorithm 
              Efficient two-component self-consistent field   
              procedures and gradients: implementation in     
              TURBOMOLE and application to Au20-              
              A. Baldes, F. Weigend                           
              Mol. Phys. 111: 2617 (2013)                     
          Relativistic all-electron 2c calculations           
              An efficient implementation of two-component    
              relativistic exact-decoupling methods for large 
              molecules                                       
              D. Peng, N. Middendorf, F. Weigend, M. Reiher   
              J. Chem. Phys. 138: 184105 (2013)               
          Finite nucleus model and SNSO approximation         
              Efficient implementation of one- and two-       
              component analytical energy gradients in exact  
              two-component theory                            
              Y. J. Franzke, N. Middendorf, F. Weigend        
              J. Chem. Phys. 148: 104110 (2018)               
          Grids for all-electron relativistic methods         
              Error-consistent segmented contracted all-      
              electron relativistic basis sets of double-     
              and triple-zeta quality for NMR shielding       
              constants                                       
              Y. J. Franzke, R. Tress, T. M. Pazdera,         
              F. Weigend                                      
              Phys. Chem. Chem. Phys. 21: 166658 (2019)       
          Seminumerical exchange algorithms                   
              Seminumerical calculation of the Hartree-Fock   
              exchange matirx: Application to two-component   
              procedures and efficient evaluation of local    
              hybrid functionsl                               
               P. Plessow, F. Weigend,                        
              J. Comput. Chem. 33: 810 (2012)                 
          Improved seminumerical algorithms                   
              C. Holzer,                                      
              J. Chem. Phys. 153 (2020), 184115               
                                         





          OpenMP Shared-Memory Parallelization:  2 CPUs.

            By: Christof Holzer and Yannick J. Franzke


              +--------------------------------------------------+
              |      general information about current run       |
              +--------------------------------------------------+

 
 TPSS meta-GGA functional
 exchange:    LDA + TPSS
 correlation: LDA (PW) + TPSS
 A DFT calculation using the RI-J approximation will be carried out.
 Allocatable memory for RI due to $ricore (MB):                   500


              +--------------------------------------------------+
              | Atomic coordinate, charge and isotop information |
              +--------------------------------------------------+

                    atomic coordinates            atom    charge  isotop
         -9.99007888    3.53381119    0.08465484    c      6.000     0
        -10.52829682    5.74763566    0.06020965    o      8.000     0
         -7.62786358    2.58447761   -0.19655375    o      8.000     0
        -11.32935918    1.96461150    0.33784956    h      1.000     0
         -6.49043994    4.02639327   -0.41585220    h      1.000     0
 
       center of nuclear mass  :   -9.30871367    3.94979222   -0.02701189
       center of nuclear charge:   -9.29206482    3.91044908   -0.02753444

  Keyword $basis  missing in file <control>

              read basis sets from /software/cluster/turbomole76/basen/
              (basis sets have been saved in file basis)

              +--------------------------------------------------+
              |               basis set information              |
              +--------------------------------------------------+

              we will work with the 1s 3p 5d 7f 9g ... basis set
              ...i.e. with spherical basis functions...

   type   atoms  prim   cont   basis
   ---------------------------------------------------------------------------
    c        1     50     30   cc-pVTZ   [4s3p2d1f|18s5p2d1f]
    o        2     50     30   cc-pVTZ   [4s3p2d1f|18s5p2d1f]
    h        2     16     14   cc-pVTZ   [3s2p1d|5s2p1d]
   ---------------------------------------------------------------------------
   total:    5    182    118
   ---------------------------------------------------------------------------

   total number of primitive shells          :   60
   total number of contracted shells         :   42
   total number of cartesian basis functions :  135
   total number of SCF-basis functions       :  118


 integral neglect threshold       :  0.25E-10
 integral storage threshold THIZE :  0.10E-04
 integral storage threshold THIME :         5

 RI-J AUXILIARY BASIS SET information:

              assign orbital basis set names as defaults
              read basis sets from /software/cluster/turbomole76/jbasen/
              (basis sets have been saved in file auxbasis)

              we will work with the 1s 3p 5d 7f 9g ... basis set
              ...i.e. with spherical basis functions...

   type   atoms  prim   cont   basis
   ---------------------------------------------------------------------------
    c        1     70     49   cc-pVTZ   [6s4p3d1f1g|12s5p4d2f1g]
    o        2     70     49   cc-pVTZ   [6s4p3d1f1g|12s5p4d2f1g]
    h        2     16     11   cc-pVTZ   [3s1p1d|5s2p1d]
   ---------------------------------------------------------------------------
   total:    5    242    169
   ---------------------------------------------------------------------------

   total number of primitive shells          :   56
   total number of contracted shells         :   55
   total number of cartesian basis functions :  207
   total number of SCF-basis functions       :  169


 symmetry group of the molecule :   c1 

 the group has the following generators :
   c1(z)

    1 symmetry operations found

 there are 1 real representations :   a   

 maximum number of shells which are related by symmetry :  1

  
           ------------------
           density functional
           ------------------
 TPSS meta-GGA functional
 exchange:    LDA + TPSS
 correlation: LDA (PW) + TPSS

 iterations will be done with small grid
  
 spherical integration : Lebedev's spherical grid
 spherical gridsize    :                     3
    i.e. gridpoints    :                   302
 value for diffuse not defined
 radial integration    : Chebyshev 2nd kind (scaling 3)
 radial gridsize       :                     3
 integration cells     :                     5
 partition function    : becke
 partition sharpness   :                     3
  

 biggest AO integral is expected to be     4.866064444

          ------------------------
          nuclear repulsion energy  :   69.7604228050    
          ------------------------

  _________________________________
 |                                 |
 |         DFTD3 V3.1 Rev 0        |
 | S.Grimme, University Bonn       |
 |            June  2014           |
 |   see standalone version        |
 |       dftd3 -h for options      |
 |_________________________________|
 
 Please cite DFT-D3 work done with this code as:
 S. Grimme, J. Antony, S. Ehrlich and H. Krieg,
 J. Chem. Phys, 132 (2010), 154104.
 If used with BJ-damping cite also
 S. Grimme, S. Ehrlich and L. Goerigk,
 J. Comput. Chem. 32 (2011), 1456-1465
 For DFT-D2 the reference is
 S. Grimme, J. Comput. Chem., 27 (2006), 1787-1799
 
C6 coefficients used:
                     2  C6 for element                      1
Z=  1 CN= 0.912     C6(AA)=    3.03
Z=  1 CN= 0.000     C6(AA)=    7.59
                     5  C6 for element                      6
Z=  6 CN= 0.000     C6(AA)=   49.11
Z=  6 CN= 0.987     C6(AA)=   43.25
Z=  6 CN= 1.998     C6(AA)=   29.36
Z=  6 CN= 2.999     C6(AA)=   25.78
Z=  6 CN= 3.984     C6(AA)=   18.21
                     3  C6 for element                      8
Z=  8 CN= 0.000     C6(AA)=   15.51
Z=  8 CN= 0.993     C6(AA)=   12.82
Z=  8 CN= 1.989     C6(AA)=   10.37

#           XYZ [au]              R0(AA) [Ang.]  CN          C6(AA)     C8(AA)   C10(AA) [au]
  1  -9.99008   3.53381   0.08465   c   0.645  3.008        25.7       742.1     26291.1
  2 -10.52830   5.74764   0.06021   o   0.539  1.018        12.8       258.2      6383.9
  3  -7.62786   2.58448  -0.19655   o   0.539  2.006        10.4       210.0      5192.2
  4 -11.32936   1.96461   0.33785   h   0.417  0.996         3.1        37.4       553.5
  5  -6.49044   4.02639  -0.41585   h   0.417  1.011         3.1        37.3       552.3

molecular C6(AA) [au] =       233.02

           DFT-D V3(BJ)
 DF tpss                                              
 parameters
 s6       :    1.0000
 s8       :    1.9435
 a1       :    0.4535
 a2       :    4.4752
 k1-k3    :   16.0000    1.3333   -4.0000
 
 Edisp /kcal,au:    -1.3887 -0.00221307

 E6    /kcal :    -0.7264
 E8    /kcal :    -0.6623
 % E8        : 47.69
 nuclear repulsion energy                  =      69.760422805
  DFT-D3 Energy contribution               =      -0.002213073
 nuclear repulsion + dispersion correction =      69.758209732


         -----------------
         -S,T+V- integrals
         -----------------

 1e-integrals will be neglected if expon. factor < 0.247553E-11
 
   Difference densities algorithm switched on.
   The maximal number of linear combinations of
   difference densities is                    20 .

 DIIS switched on: error vector is FDS-SDF
 Max. Iterations for DIIS is     :   4
 DIIS matrix (see manual) 
    Scaling factor of diagonals  :  1.200
    threshold for scaling factor :  0.000

 scf convergence criterion : increment of total energy < .1000000D-06
                  and increment of one-electron energy < .1000000D-03

 MOs are in ASCII format !

  missing closed shell occupation number declaration

 No input with occupation numbers/open-shell information found

 start vectors will be provided by an EHT guess

 The EHT guess will be determined for:
   molecular charge   :    0
   number of electrons:   24
   S_z eigenvalue     :    0
 
 virtual MOs provided and orthogonalized by Cholesky decomposition

 automatic virtual orbital shift switched on 
      shift if e(lumo)-e(homo) < 0.10000000    

  
           ------------------------
               RI-J - INFORMATION
           ------------------------
 Contributions to RI integral batches: 
  neglected integral batches:                     0
  direct contribution:                            0
  memory contribution:                   903
 Memory core needed for (P|Q) and Cholesky      1 MByte
 Memory core minimum needed except of (P|Q)     1 MByte
 Total minimum memory core needed (sum)         1 MByte
  
 ****************************************
 Memory allocated for RI-J    15 MByte
 ****************************************
                                            

 dump of DSCF restart information has been disabled !


 Starting SCF iterations

          Overall gridpoints after grid construction =          7158

 ITERATION  ENERGY          1e-ENERGY        2e-ENERGY     NORM[dD(SAO)]  TOL
   1  -189.01395322593    -396.16237535     137.39021239    0.000D+00 0.247D-10
                            Exc = -23.5050119881     Coul =  160.895224381    
                              N = 24.000298455    
                            current damping = 0.700
 
          max. resid. norm for Fia-block=  3.798D-01 for orbital     11a         
          max. resid. fock norm         =  4.594D+00 for orbital    117a         

 ITERATION  ENERGY          1e-ENERGY        2e-ENERGY     NORM[dD(SAO)]  TOL
   2  -189.74454014106    -396.59173355     137.08898368    0.524D+00 0.161D-10
                            Exc = -23.2658834883     Coul =  160.354867167    
                              N = 24.000234621    
                            current damping = 0.650
 
          Norm of current diis error:  1.3788    
          max. resid. norm for Fia-block=  1.594D-01 for orbital      2a         
          max. resid. fock norm         =  3.242D-01 for orbital    116a         

 ITERATION  ENERGY          1e-ENERGY        2e-ENERGY     NORM[dD(SAO)]  TOL
   3  -189.83614289725    -397.63171385     138.03736122    0.271D+00 0.128D-10
                            Exc = -23.3715645072     Coul =  161.408925726    
                              N = 24.000242393    
                            current damping = 0.600
 
          Norm of current diis error: 0.59565    
          max. resid. norm for Fia-block=  6.447D-02 for orbital      2a         
          max. resid. fock norm         =  9.208D-02 for orbital     65a         

 ITERATION  ENERGY          1e-ENERGY        2e-ENERGY     NORM[dD(SAO)]  TOL
   4  -189.85822370940    -397.35318331     137.73674987    0.109D+00 0.108D-10
                            Exc = -23.3259224900     Coul =  161.062672360    
                              N = 24.000263499    
                            current damping = 0.650
 
          Norm of current diis error: 0.24840    
          max. resid. norm for Fia-block=  2.499D-02 for orbital      5a         
          max. resid. fock norm         =  4.732D-02 for orbital    116a         

 ITERATION  ENERGY          1e-ENERGY        2e-ENERGY     NORM[dD(SAO)]  TOL
   5  -189.86184738454    -397.63577751     138.01572039    0.425D-01 0.998D-11
                            Exc = -23.3615174059     Coul =  161.377237799    
                              N = 24.000269790    
                            current damping = 0.700
 
          Norm of current diis error: 0.12804    
          max. resid. norm for Fia-block=  9.912D-03 for orbital      2a         
          max. resid. fock norm         =  1.222D-02 for orbital     23a         
          mo-orthogonalization: Cholesky decomposition

 ITERATION  ENERGY          1e-ENERGY        2e-ENERGY     NORM[dD(SAO)]  TOL
   6  -189.86288012846    -397.60444939     137.98335953    0.210D-01 0.943D-11
                            Exc = -23.3541797000     Coul =  161.337539229    
                              N = 24.000282965    
                            current damping = 0.750
 
          Norm of current diis error: 0.66860E-01
          max. resid. norm for Fia-block=  4.882D-03 for orbital     10a         
          max. resid. fock norm         =  8.096D-03 for orbital    116a         

 ITERATION  ENERGY          1e-ENERGY        2e-ENERGY     NORM[dD(SAO)]  TOL
   7  -189.86312640897    -397.57777428     137.95643814    0.525D-02 0.920D-11
                            Exc = -23.3512218700     Coul =  161.307660007    
                              N = 24.000282708    
                            current damping = 0.600
 
          Norm of current diis error: 0.20417E-01
          max. resid. norm for Fia-block=  2.030D-03 for orbital      4a         
          max. resid. fock norm         =  3.238D-03 for orbital    116a         

 ITERATION  ENERGY          1e-ENERGY        2e-ENERGY     NORM[dD(SAO)]  TOL
   8  -189.86315225358    -397.60103955     137.97967757    0.131D-02 0.901D-11
                            Exc = -23.3546878296     Coul =  161.334365395    
                              N = 24.000284570    
                            current damping = 0.650
 
          Norm of current diis error: 0.83205E-02
          max. resid. norm for Fia-block=  6.563D-04 for orbital     10a         
          max. resid. fock norm         =  8.403D-04 for orbital     10a         

 ITERATION  ENERGY          1e-ENERGY        2e-ENERGY     NORM[dD(SAO)]  TOL
   9  -189.86315740098    -397.60337561     137.98200847    0.475D-03 0.892D-11
                            Exc = -23.3545408055     Coul =  161.336549280    
                              N = 24.000284830    
                            current damping = 0.500
 
          Norm of current diis error: 0.28629E-02
          max. resid. norm for Fia-block=  2.750D-04 for orbital      2a         
          max. resid. fock norm         =  4.259D-04 for orbital     66a         

 ITERATION  ENERGY          1e-ENERGY        2e-ENERGY     NORM[dD(SAO)]  TOL
  10  -189.86315785296    -397.59914251     137.97777492    0.121D-03 0.882D-11
                            Exc = -23.3540847252     Coul =  161.331859647    
                              N = 24.000285291    
                            current damping = 0.550
 
          Norm of current diis error: 0.20553E-02
          max. resid. norm for Fia-block=  1.512D-04 for orbital     11a         
          max. resid. fock norm         =  2.844D-04 for orbital    116a         
          mo-orthogonalization: Cholesky decomposition

 ITERATION  ENERGY          1e-ENERGY        2e-ENERGY     NORM[dD(SAO)]  TOL
  11  -189.86315799874    -397.60071099     137.97934326    0.350D-04 0.875D-11
                            Exc = -23.3543399294     Coul =  161.333683191    
                              N = 24.000285217    
                            current damping = 0.600
 
          Norm of current diis error: 0.13552E-02
          max. resid. norm for Fia-block=  8.567D-05 for orbital      6a         
          max. resid. fock norm         =  1.287D-04 for orbital     74a         

 ITERATION  ENERGY          1e-ENERGY        2e-ENERGY     NORM[dD(SAO)]  TOL
  12  -189.86315807942    -397.60277676     137.98140895    0.131D-04 0.867D-11
                            Exc = -23.3545681842     Coul =  161.335977134    
                              N = 24.000285305    
                            current damping = 0.450
 
          Norm of current diis error: 0.48112E-03
          max. resid. norm for Fia-block=  3.281D-05 for orbital      9a         
          max. resid. fock norm         =  3.816D-05 for orbital     10a         

 ITERATION  ENERGY          1e-ENERGY        2e-ENERGY     NORM[dD(SAO)]  TOL
  13  -189.86315808876    -397.60184561     137.98047779    0.443D-05 0.857D-11
                            Exc = -23.3544270025     Coul =  161.334904788    
                              N = 24.000285304    
                            current damping = 0.500
 
          Norm of current diis error: 0.25573E-03
          max. resid. norm for Fia-block=  1.384D-05 for orbital      7a         
          max. resid. fock norm         =  2.102D-05 for orbital     64a         

 ENERGY CONVERGED !

          Overall gridpoints after grid construction =         26243

 ITERATION  ENERGY          1e-ENERGY        2e-ENERGY     NORM[dD(SAO)]  TOL
  14  -189.86320676788    -397.60167813     137.98026163    0.150D-05 0.846D-11
                            Exc = -23.3544712462     Coul =  161.334732873    
                              N = 24.000007544    
                            current damping = 0.350
 
          Norm of current diis error: 0.76209E-04
          max. resid. norm for Fia-block=  5.111D-06 for orbital     12a         
          max. resid. fock norm         =  7.691D-06 for orbital     77a         

 End of SCF iterations

   convergence criteria satisfied after    14 iterations


                  ------------------------------------------ 
                 |  total energy      =   -189.86320676788  |
                  ------------------------------------------ 
                 :  kinetic energy    =    188.88637440058  :
                 :  potential energy  =   -378.74958116846  :
                 :  virial theorem    =      1.99485507285  :
                 :  wavefunction norm =      1.00000000000  :
                  .......................................... 


 <geterg> : there is no data group $energy 


 <skperg> : $end is missing 


 orbitals $scfmo  will be written to file mos

    irrep                  8a          9a         10a         11a         12a   
 eigenvalues H         -0.44347    -0.40700    -0.36574    -0.29677    -0.25311
            eV         -12.0674    -11.0751     -9.9524     -8.0756     -6.8877
 occupation              2.0000      2.0000      2.0000      2.0000      2.0000

    irrep                 13a         14a         15a         16a         17a   
 eigenvalues H         -0.04246     0.01923     0.06126     0.15967     0.18456
            eV          -1.1553      0.5232      1.6670      4.3447      5.0221
 
 
 
 
 ==============================================================================
                           electrostatic moments
 ==============================================================================

 reference point for electrostatic moments:    0.00000   0.00000   0.00000

 
              nuc           elec       ->  total
 ------------------------------------------------------------------------------
                          charge      
 ------------------------------------------------------------------------------
          24.000000     -24.000000      -0.000000
 
 ------------------------------------------------------------------------------
                       dipole moment  
 ------------------------------------------------------------------------------
   x    -223.009556     223.400402       0.390846
   y      93.850778     -94.280484      -0.429706
   z      -0.660826       0.626448      -0.034379
 
   | dipole moment | =     0.5819 a.u. =     1.4790 debye 
 
 ------------------------------------------------------------------------------
                     quadrupole moment
 ------------------------------------------------------------------------------
  xx    2121.524941   -2139.885261     -18.360320
  yy     412.717191    -430.683811     -17.966619
  zz       0.668143     -13.158563     -12.490420
  xy    -902.024023     910.291625       8.267602
  xz       0.720235      -0.732409      -0.012174
  yz      -0.511121       0.104215      -0.406906
 
     1/3  trace=     -16.272453
     anisotropy=      15.422601
 
 ==============================================================================
 
HOMO-LUMO Separation
 HOMO         :   -0.25311476 H =     -6.88761 eV
 LUMO         :   -0.04245671 H =     -1.15531 eV
 HOMO-LUMO gap:    0.21065805 H =     +5.73230 eV
 
 ==============================================================================


    ------------------------------------------------------------------------
         total  cpu-time :   2.85 seconds
         total wall-time :   6.61 seconds
    ------------------------------------------------------------------------

   ****  ridft : all done  ****


    2023-06-15 21:21:59.116 

