
   OpenMP run-time library returned nthreads =  2

 ricc2 (c04) : TURBOMOLE rev. V7-6 27 Oct 2021 at 10:11:12 compiled Oct 27th 2021
 Copyright (C) 2021 TURBOMOLE GmbH, Karlsruhe


    2023-06-05 19:47:18.928 



                              R I C C 2 - PROGRAM

                          the quantum chemistry groups
                             at the universities in
                               Karlsruhe & Bochum
                                   Germany



   *-----------------------------------------------------------------------*
   |                     program will use  2 thread(s)                     |
   *-----------------------------------------------------------------------*


              +--------------------------------------------------+
              | Atomic coordinate, charge and isotop information |
              +--------------------------------------------------+

                    atomic coordinates            atom    charge  isotop
         -1.05205118    3.54143134    0.19585191    c      6.000     0
         -2.85736301    4.73620344    0.86202040    o      8.000     0
         -0.94535797    0.97872590    0.41154590    o      8.000     0
          0.67215267    0.38363514   -0.23516354    h      1.000     0
          0.67285005    4.37581939   -0.64396093    h      1.000     0
 
       center of nuclear mass  :   -1.56698493    3.01503112    0.47457143
       center of nuclear charge:   -1.47454467    2.98864489    0.43685489

              +--------------------------------------------------+
              |               basis set information              |
              +--------------------------------------------------+

              we will work with the 1s 3p 5d 7f 9g ... basis set
              ...i.e. with spherical basis functions...

   type   atoms  prim   cont   basis
   ---------------------------------------------------------------------------
    c        1     66     46   aug-cc-pVTZ   [5s4p3d2f|19s6p3d2f]
    o        2     66     46   aug-cc-pVTZ   [5s4p3d2f|19s6p3d2f]
    h        2     25     23   aug-cc-pVTZ   [4s3p2d|6s3p2d]
   ---------------------------------------------------------------------------
   total:    5    248    184
   ---------------------------------------------------------------------------

   total number of primitive shells          :   71
   total number of contracted shells         :   60
   total number of cartesian basis functions :  215
   total number of SCF-basis functions       :  184


 symmetry group of the molecule :   c1 

 the group has the following generators :
   c1(z)

    1 symmetry operations found

 there are 1 real representations :   a   
WARNING: an $rij but no $rik flag found
WARNING: $rij is ignored by ricc2!


   =========================================================================


     restricted closed shell calculation for the wavefunction models:
               MP2        - Second Order Moeller Plesset PT


     global parameters for ricc2 program:

        hard restart (reuse of interm.) :  disabled
        soft restart (reuse of vectors) :  disabled
        threshold for vector function   :    0.100000E-05
        convergence threshold energy    :    0.100000E-06
        linear dependence threshold     :    0.100000E-13
        global print level              :      1
        maximum number of iterations    :   100
        maximum number DIIS vectors     :    10
        max. dim. of reduced space      :   100
        core memory limit (MB)          :  1000


     MP2 energy only: Energy will be calculated directly from T2 amplitudes!

     Scratch Directory : 


   =========================================================================

    der. integral neglect threshold  :  0.10E-07
    integral neglect threshold       :  0.16E-10
    integral storage threshold THIZE :  0.10E-04
    integral storage threshold THIME :         5


                  +------------------------------------------+
                  |     Auxiliary basis set information      |
                  +------------------------------------------+

              assign orbital basis set names as defaults
              read basis sets from /software/cluster/turbomole76/cbasen/
              (basis sets have been saved in file auxbasis)

              we will work with the 1s 3p 5d 7f 9g ... basis set
              ...i.e. with spherical basis functions...

   type   atoms  prim   cont   basis
   ---------------------------------------------------------------------------
    c        1    106    106   aug-cc-pVTZ   [9s7p6d4f2g|9s7p6d4f2g]
    o        2    106    106   aug-cc-pVTZ   [9s7p6d4f2g|9s7p6d4f2g]
    h        2     46     46   aug-cc-pVTZ   [5s4p3d2f|5s4p3d2f]
   ---------------------------------------------------------------------------
   total:    5    410    410
   ---------------------------------------------------------------------------

   total number of primitive shells          :   70
   total number of contracted shells         :  112
   total number of cartesian basis functions :  518
   total number of SCF-basis functions       :  410


 maximum number of shells which are related by symmetry :  1


 The symmetry information takes   1 MB

*---------------------------------------------------------------------*
|               simplified C1 algorithm will be applied               |
*---------------------------------------------------------------------*
  MOs are in ASCII format !


 reading orbital data $scfmo  from file mos
 orbital characterization : scfconv=7
 all orbitals will be active in the correlation treatment


   Molecular Orbital Statistic:
   ============================

   -----------------------------
   orbitals in total:
   -----------------------------
    frozen occupied :      0
    active occupied :     12
    active virtual  :    172
    frozen virtual  :      0
    all together    :    184
   -----------------------------


     time in riccmos       cpu:  0.23 sec    wall:  2.63 sec    ratio:  0.1

     total memory allocated for calculation of (Q|P)**(-1/2) : 2 MiB


     calculation of (P|Q) ...
     time in lp2sym        cpu:  0.02 sec    wall:  0.01 sec    ratio:  1.9


     calculation of the Cholesky decomposition of (P|Q)**(-1) ...
     time in invmetri      cpu:  0.21 sec    wall:  2.45 sec    ratio:  0.1

   threshold for RMS(d[D]) in SCF was     :  0.10E-06
   integral neglect threshold             :  0.16E-10
   derivative integral neglect threshold  :  0.10E-07


   =========================================================================

     Energy of reference wave function is  -188.8350820322000
     Maximum orbital residual is           0.4863537386734E-05


     Number of symmetry-nonredundant auxiliary basis functions:      410

     Block lengths for integral files:
        frozen occupied (BOI):        0 MiB
        active occupied (BJI):        1 MiB
        active virtual  (BAI):        1 MiB
        frozen virtual  (BGI):        0 MiB
               general  (BTI):        1 MiB

   =========================================================================




   **************************************************************************
   *                                                                        *
   *          OPTIMIZATION OF THE GROUND STATE CLUSTER AMPLITUDES           *
   *                                                                        *
   **************************************************************************


   Iter.   MP2 energy       Norm(Omega)   Norm(t1)  Norm(t2)     cpu    wall
   ...........................................................................
    1   -189.5272909913     ------          0.00000   0.24405    0.00    0.10
   ...........................................................................


     time in total         cpu:  0.27 sec    wall:  9.66 sec    ratio:  0.0


     **********************************************************************
     *                                                                    *
     *   RHF  energy                             :   -188.8350820322      *
     *   MP2 correlation energy (doubles)        :     -0.6922089591      *
     *                                                                    *
     *   Final MP2 energy                        :   -189.5272909913      *
     *                                                                    *
     *    E(S)   =     -0.4325413953      E(T)   =     -0.2596675638      *
     *    E(OS)  =     -0.5190972499      E(SS)  =     -0.1731117092      *
     *                                                                    *
     *   SCS-MP2 energy                          :   -189.5157026352      *
     *   (computed with  C(OS) =   1.2000  and  C(SS) =   0.3333)         *
     *                                                                    *
     *   SOS-MP2 energy                          :   -189.5099084571      *
     *   (computed with  C(OS) =   1.3000)                                *
     *                                                                    *
     *   Norm of MP1 T2 amplitudes               :      0.2440496251      *
     *                                                                    *
     **********************************************************************



    ------------------------------------------------------------------------
         total  cpu-time :   1.94 seconds
         total wall-time :  52.94 seconds
    ------------------------------------------------------------------------

   ****  ricc2 : all done  ****


    2023-06-05 19:48:10.744 

