
   OpenMP run-time library returned nthreads =  2

 ccsdf12 (c04) : TURBOMOLE rev. V7-6 27 Oct 2021 at 10:11:12 compiled Oct 27th 2021
 Copyright (C) 2021 TURBOMOLE GmbH, Karlsruhe


    2023-06-06 11:27:49.486 


          ************************************************************
          *                                                          *
          *              C C S D F 1 2   P R O G R A M               *
          *                                                          *
          *               the quantum chemistry groups               *
          *                  at the universities in                  *
          *            Karlsruhe, Bochum, Bristol & Mainz            *
          *                                                          *
          ************************************************************


   *-----------------------------------------------------------------------*
   |                     program will use  2 thread(s)                     |
   *-----------------------------------------------------------------------*


              +--------------------------------------------------+
              | Atomic coordinate, charge and isotop information |
              +--------------------------------------------------+

                    atomic coordinates            atom    charge  isotop
         -6.93701212    2.62853580   -0.01229616    o      8.000     0
         -5.10709449    2.70441948    0.01542964    h      1.000     0
         -7.47075492    4.27431785    0.58878543    h      1.000     0
 
       center of nuclear mass  :   -6.86449030    2.72486412    0.02288603
       center of nuclear charge:   -6.80739464    2.80070238    0.05058458

              +--------------------------------------------------+
              |               basis set information              |
              +--------------------------------------------------+

              we will work with the 1s 3p 5d 7f 9g ... basis set
              ...i.e. with spherical basis functions...

   type   atoms  prim   cont   basis
   ---------------------------------------------------------------------------
    o        1     77     57   def2-QZVP   [7s4p3d2f1g|15s8p3d2f1g]
    h        2     33     30   def2-QZVP   [4s3p2d1f|7s3p2d1f]
   ---------------------------------------------------------------------------
   total:    3    143    117
   ---------------------------------------------------------------------------

   total number of primitive shells          :   42
   total number of contracted shells         :   37
   total number of cartesian basis functions :  142
   total number of SCF-basis functions       :  117


 symmetry group of the molecule :   c1 

 the group has the following generators :
   c1(z)

    1 symmetry operations found

 there are 1 real representations :   a   
WARNING: an $rij but no $rik flag found
WARNING: $rij is ignored by ricc2!


   =========================================================================


     restricted closed shell calculation for the wavefunction models:
               CCSD(T)    - CC Singles and Doubles With Pert. Triples Corr.


     global parameters for ricc2 program:

        hard restart (reuse of interm.) :  disabled
        soft restart (reuse of vectors) :  disabled
        threshold for vector function   :    0.100000E-05
        convergence threshold energy    :    0.100000E-06
        linear dependence threshold     :    0.100000E-13
        global print level              :      1
        maximum number of iterations    :   100
        maximum number DIIS vectors     :    10
        max. dim. of reduced space      :   100
        core memory limit (MB)          :  1000


     CCSD(T) energy only: Energy will be calculated directly from T3 amplitudes!

     Scratch Directory : 


   =========================================================================

    der. integral neglect threshold  :  0.10E-07
    integral neglect threshold       :  0.23E-10
    integral storage threshold THIZE :  0.10E-04
    integral storage threshold THIME :         5


                  +------------------------------------------+
                  |     Auxiliary basis set information      |
                  +------------------------------------------+

              assign orbital basis set names as defaults
              read basis sets from /software/cluster/turbomole76/cbasen/
              (basis sets have been saved in file auxbasis)

              we will work with the 1s 3p 5d 7f 9g ... basis set
              ...i.e. with spherical basis functions...

   type   atoms  prim   cont   basis
   ---------------------------------------------------------------------------
    o        1    141    141   def2-QZVP   [9s8p7d5f3g1h|9s8p7d5f3g1h]
    h        2     56     56   def2-QZVP   [6s4p3d2f1g|6s4p3d2f1g]
   ---------------------------------------------------------------------------
   total:    3    253    253
   ---------------------------------------------------------------------------

   total number of primitive shells          :   49
   total number of contracted shells         :   65
   total number of cartesian basis functions :  333
   total number of SCF-basis functions       :  253


 maximum number of shells which are related by symmetry :  1


 The symmetry information takes   1 MB

*---------------------------------------------------------------------*
|               simplified C1 algorithm will be applied               |
*---------------------------------------------------------------------*

         -----------------
         -T+V- integrals
         -----------------

 1e-integrals will be neglected if expon. factor < 0.235349E-11
  MOs are in ASCII format !


 reading orbital data $scfmo  from file mos
 orbital characterization : scfconv=7
 all orbitals will be active in the correlation treatment


   Molecular Orbital Statistic:
   ============================

   -----------------------------
   orbitals in total:
   -----------------------------
    frozen occupied :      0
    active occupied :      5
    active virtual  :    112
    frozen virtual  :      0
    all together    :    117
   -----------------------------


     time in riccmos       cpu:  0.21 sec    wall:  2.39 sec    ratio:  0.1

     total memory allocated for calculation of (Q|P)**(-1/2) : 1 MiB


     calculation of (P|Q) ...
     time in lp2sym        cpu:  0.00 sec    wall:  0.00 sec    ratio:  1.9


     calculation of the Cholesky decomposition of (P|Q)**(-1) ...
     time in invmetri      cpu:  0.20 sec    wall:  0.92 sec    ratio:  0.2

   threshold for RMS(d[D]) in SCF was     :  0.10E-06
   integral neglect threshold             :  0.23E-10
   derivative integral neglect threshold  :  0.10E-07


   =========================================================================

     Energy of reference wave function is   -76.0658134531300
     Maximum orbital residual is           0.1751635057849E-04


     Number of symmetry-nonredundant auxiliary basis functions:      253

     Block lengths for integral files:
        frozen occupied (BOI):        0 MiB
        active occupied (BJI):        1 MiB
        active virtual  (BAI):        1 MiB
        frozen virtual  (BGI):        0 MiB
               general  (BTI):        1 MiB

   =========================================================================




     **********************************************************************
     *               no explicit correlation will be included             *
     **********************************************************************


     time in 3idx,ccsdint  cpu:  3.68 sec    wall:  6.68 sec    ratio:  0.6

     Calculate integrals (ia|jb) for MP2 start guess



     **********************************************************************
     *                                                                    *
     *   RHF  energy                             :    -76.0658134531      *
     *   MP2 correlation energy (doubles)        :     -0.3092921595      *
     *                                                                    *
     *   Final MP2 energy                        :    -76.3751056126      *
     *                                                                    *
     *    E(S)   =     -0.2027541531      E(T)   =     -0.1065380064      *
     *    E(OS)  =     -0.2382668219      E(SS)  =     -0.0710253376      *
     *                                                                    *
     *   SCS-MP2 energy                          :    -76.3754087519      *
     *   (computed with  C(OS) =   1.2000  and  C(SS) =   0.3333)         *
     *                                                                    *
     *   SOS-MP2 energy                          :    -76.3755603216      *
     *   (computed with  C(OS) =   1.3000)                                *
     *                                                                    *
     *   Norm of MP1 T2 amplitudes               :      0.1491189025      *
     *                                                                    *
     **********************************************************************

     time in ccsdint       cpu:  6.24 sec    wall: 14.92 sec    ratio:  0.4


   **************************************************************************
   *                                                                        *
   *          OPTIMIZATION OF THE GROUND STATE CLUSTER AMPLITUDES           *
   *                                                                        *
   **************************************************************************
     threshold for screening of BF intermediate: 0.50E-13
     start CCSD from scratch because restart not enabled


   Iter.   CCSD energy      Norm(Omega)    Norm(t1)  Norm(t2)     cpu    wall
   ...........................................................................
    1    -76.3720841903    0.1421462564     0.00000   0.16836    0.10    0.13
    2    -76.3779955832    0.0298120300     0.02082   0.17012    0.10    0.10
    3    -76.3784020924    0.0097386260     0.02065   0.17624    0.10    0.10
    4    -76.3784268657    0.0021428786     0.02328   0.17867    0.11    0.26
    5    -76.3784292470    0.0006032009     0.02355   0.17889    0.10    0.24
    6    -76.3784295114    0.0001238319     0.02367   0.17895    0.11    0.14
    7    -76.3784293282    0.0000307930     0.02369   0.17895    0.09    0.53
    8    -76.3784293326    0.0000105619     0.02369   0.17895    0.10    0.23
    9    -76.3784293234    0.0000028627     0.02370   0.17895    0.10    0.11
   10    -76.3784293224    0.0000010269     0.02370   0.17895    0.10    0.17
   11    -76.3784293221    0.0000002708     0.02370   0.17895    0.08    0.17
   ...........................................................................
   CC equations converged in 11 iterations.

   last energy change         :  0.31E-09
   convergence threshold      :  0.10E-06
   norm of the vector function:  0.27E-06
   convergence threshold      :  0.10E-05

     time in total         cpu:  1 min  6 s  wall:  2 min 14 s  ratio:  0.5


     **********************************************************************
     *                                                                    *
     *   RHF  energy                             :    -76.0658134531      *
     *   correlation energy                      :     -0.3126158690      *
     *                                                                    *
     *   Final CCSD energy                       :    -76.3784293221      *
     *                                                                    *
     *   D1 diagnostic                           :      0.0162            *
     *                                                                    *
     **********************************************************************

     time in triples corr  cpu:  2.16 sec    wall:  5.15 sec    ratio:  0.4


      *********************************************************************
      *                                                                   *
      *  RHF  energy                             :    -76.0658134531      *
      *  CCSD correlation energy                 :     -0.3126158690      *
      *  E4 doubles and triples contribution     :     -0.0096933026      *
      *  E5 singles and triples contribution     :      0.0002820787      *
      *  total correlation energy                :     -0.3220270929      *
      *                                                                   *
      *  Final CCSD(T) energy                    :    -76.3878405460      *
      *                                                                   *
      *  D1 diagnostic (CCSD)                    :      0.0162            *
      *                                                                   *
      *********************************************************************



    ------------------------------------------------------------------------
         total  cpu-time :  1 minutes and 16 seconds
         total wall-time :  2 minutes and 59 seconds
    ------------------------------------------------------------------------

   ****  ccsdf12 : all done  ****


    2023-06-06 11:30:46.138 

