 
        ______________________________________
       |                                      |
       |             T H E R M O              |
       |              S.Grimme                |
       |          Universitaet Bonn           |
       |______________________________________|
 
 read from ~/.thermorc:
 scale factor   1.00000000000000     
 T              298.150000000000     
 Sthr          0.000000000000000E+000
 
 reading coord ...
 # atoms            3

          molecular weight =   18.02

          (10-47 kg m^2)  a =      1.048811   b =      1.963773   c =      3.012584
          (Mhz         )  a = 800142.363942   b = 427339.643669   c = 278564.207596
          (cm-1        )  a =     26.689877   b =     14.254517   c =      9.291902
 lin? F
 
 reading frequencies ...
 -----------AOFORCE OUTPUT------------
 
 Nvib=           3
  1832.76  3737.17  3817.62
 symmetry:$symmetry c1
 RotN=   1.00000000000000     
 
 low-lying modes and their entropy (T*S, in kcal/mol)

                    CALCULATED THERMODYNAMIC PROPERTIES
   TEMP. (K)   PARTITION FUNCTION             ENTHALPY   HEAT CAPACITY  ENTROPY
                                    KCAL/MOL   CAL/MOLE    CAL/K/MOL   CAL/K/MOL

 298.15  VIB.         1.000                     0.75614    0.02244    0.00282
         ROT.     88.9                        888.752      2.981     11.899
         INT.     88.9                        889.508      3.003     11.902
         TRA.    0.740E+26                   1481.254      4.968     34.593
         TOT.                                2370.7624     7.9715    46.4956   194.5369
 
                    [au]       [kcal/mol]        [kJ/mol]

ZPVE            0.213864E-01     13.4202         56.1498    
H(0)-H(T)+PV    0.377805E-02     2.37076         9.91923    
 ------------------------------------------------------
H(T)            0.251645E-01     15.7909         66.0690    
T*S             0.220916E-01     13.8627         58.0012    
G(T)            0.307290E-02     1.92827         8.06786    
 ------------------------------------------------------
 writing .H298 and .G298
