
   OpenMP run-time library returned nthreads =  2

 force (c04) : TURBOMOLE rev. V7-6 27 Oct 2021 at 10:11:12 compiled Oct 27th 2021
 Copyright (C) 2021 TURBOMOLE GmbH, Karlsruhe


    2023-06-15 10:45:48.468 



                             T U R B O M O L E   

                          a o f o r c e - program

                        using direct algorithms for

                       SCF level calculations of
                         * harmonic force constants
                         * hyperpolarizabilities
                         * IR and RAMAN intensities
                         * VCD intensities

                       DFT level calculations of
                         * harmonic force constants
                         * IR intensities
                                                   
       Stephan Boecker, Peter Deglmann, Filipp Furche and Marco Haeser
                          Quantum Chemistry Group
                          Universitaet  Karlsruhe
                                   Germany

 
 

          OpenMP Shared-Memory Parallelization:  2 CPUs.

            By: Erik P. Almaraz and Filipp Furche
            Copyright 2009-2011 by UCI and TURBOMOLE GmbH.

            Revised By: Christof Holzer and Yannick J. Franzke.

 
 
     References :
 
       RI-J implementation:
         Peter Deglmann, Klaus May, Filipp Furche, Reinhart Ahlrichs
                 Chem. Phys. Lett. 384:103 (2004)
 
       Efficiency, technical details:
         Peter Deglmann, Filipp Furche, Reinhart Ahlrichs
                 Chem. Phys. Lett. 362:511 (2002)
 
       Search of lowest eigenvalues by iterative diagonalization:
         Peter Deglmann, Filipp Furche
                 J. Chem. Phys. 117:9535 (2002)
 
       Vibrational circular dichroism implementation:
        Kevin Reiter, Michael Kuehn, Florian Weigend
                 J. Chem. Phys. 146:054102 (2017)  
 
 


              +--------------------------------------------------+
              | Atomic coordinate, charge and isotop information |
              +--------------------------------------------------+

                    atomic coordinates            atom    charge  isotop
        -11.89390849    5.04298173    0.03351380    c      6.000     0
        -11.82951549    2.78550539    0.21337464    c      6.000     0
         -9.81732586    6.96805071    0.27078551    c      6.000     0
         -7.64115827    5.21932995    0.80055514    c      6.000     0
         -7.57678463    2.96185069    0.98038581    c      6.000     0
         -9.65323078    1.03672220    0.74244043    c      6.000     0
         -9.59391411   -1.15428252    0.91567622    o      8.000     0
         -9.87637112    9.15894558    0.09606958    o      8.000     0
 
       center of nuclear mass  :   -9.73526586    4.00238364    0.50654440
       center of nuclear charge:   -9.73526582    4.00238362    0.50654420

              +--------------------------------------------------+
              |               basis set information              |
              +--------------------------------------------------+

              we will work with the 1s 3p 5d 7f 9g ... basis set
              ...i.e. with spherical basis functions...

   type   atoms  prim   cont   basis
   ---------------------------------------------------------------------------
    c        6     24     14   def2-SVP   [3s2p1d|7s4p1d]
    o        2     24     14   def2-SVP   [3s2p1d|7s4p1d]
   ---------------------------------------------------------------------------
   total:    8    192    112
   ---------------------------------------------------------------------------

   total number of primitive shells          :   24
   total number of contracted shells         :   48
   total number of cartesian basis functions :  120
   total number of SCF-basis functions       :  112

 
             FOUND RI-J FLAG !
 

 NOTE: THIS IS A PRELIMINARY IMPLEMENTATION. THE RI APPROXIMATION IS
       PRESENTLY USED FOR CPKS CONTRIBUTIONS TO THE HESSIAN ONLY! SEE
       MANUAL FOR FURTHER DETAILS.

  
 AUXILIARY BASIS SET information:

              we will work with the 1s 3p 5d 7f 9g ... basis set
              ...i.e. with spherical basis functions...

   type   atoms  prim   cont   basis
   ---------------------------------------------------------------------------
    c        6     70     49   def2-SVP   [6s4p3d1f1g|12s5p4d2f1g]
    o        2     70     49   def2-SVP   [6s4p3d1f1g|12s5p4d2f1g]
   ---------------------------------------------------------------------------
   total:    8    560    392
   ---------------------------------------------------------------------------

   total number of primitive shells          :   48
   total number of contracted shells         :  120
   total number of cartesian basis functions :  488
   total number of SCF-basis functions       :  392


 symmetry group of the molecule :   c1 

 the group has the following generators :
   c1(z)

    1 symmetry operations found

 there are 1 real representations :   a   

 maximum number of shells which are related by symmetry :  1


 determining totally symmetric integral contributions 
    - equivalent to irreducible tensor elements - 
 which can be formed within each triple of representations :

             representation triple      contributions

              a     a     a               1

    mo occupation :
   irrep   mo's   occupied
    a      112       26
 
 number of basis functions   :   112
 number of occupied orbitals :    26
 
  MOs are in ASCII format !


 reading orbital data $scfmo  from file mos
 orbital characterization : scfconv=7
 time elapsed for calculating density matrices :   0.002 sec

 number of non-frozen orbitals          :   112
 number of non-frozen occupied orbitals :    26
 Blocking parameters 
 shells:
    index      start shell   last shell  start bf    last bf    #bf 
       1             1          48             1        120    120
          size of I/O Block in Byte:                2764800
  
           ----------------------
               RI - INFORMATION
           ----------------------

 biggest AO integral is expected to be     4.776656448

 Threshold for integral neglect (rithr2):   0.21E-10
 Threshold for integral neglect (rithr1):   0.21E-10

 Contributions to RI integral batches: 
  neglected integral batches:                    71
  direct contribution:                            0
  memory contribution:                  1105
 Core memory available (ricore):               500 MiB
 Core memory needed for (P|Q) and Cholesky:      2 MiB
 Core memory used for integrals:                26 MiB
 
 ****************************************
 Memory allocated for RIDFT: 27 MiB
 ****************************************
 
 
 
 
 
 OCCUPIED-OCCUPIED TENSOR SPACES :

          IRREP   tensor space dimension   number of roots

           a               676                  18
 
 OCCUPIED-VIRTUAL TENSOR SPACES :

          IRREP   tensor space dimension   number of roots

           a              2236                  18
 
 
 
 
 CONSTRUCTING integral bounds

 setting up bound for integral derivative estimation

 increment for numerical differentiation : 0.00050000
 
 machine precision:   2.220446049250313E-016

 integral neglect threshold       :  0.10E-09
 integral storage threshold THIZE :  0.10E-04
 integral storage threshold THIME :         5

 
 
 
 CONSTRUCTING first deriv. of <mu|x,y,z|nu> -> Dip. deriv.
  dipole integral derivatives will be neglected if
  expon. factor <0.416667E-11
      ...terminated. cpu:       0.00       wall:       0.01
 
 
 
 
 CONSTRUCTING first deriv. of  <mu|nu>
                               <mu|h|nu>    -> RHS
              second deriv. of <mu|nu>      -> Hessian
                               <mu|h|nu>    -> Hessian
                               nucl. rep.   -> Hessian
     integrals are neglected if expon. factor <  4.166666666666667E-013
 
  >>> data block $dft is missing ! <<<
  >>>   default values are used    <<<
 
  _________________________________
 |                                 |
 |         DFTD3 V3.1 Rev 0        |
 | S.Grimme, University Bonn       |
 |            June  2014           |
 |   see standalone version        |
 |       dftd3 -h for options      |
 |_________________________________|
 
 Please cite DFT-D3 work done with this code as:
 S. Grimme, J. Antony, S. Ehrlich and H. Krieg,
 J. Chem. Phys, 132 (2010), 154104.
 If used with BJ-damping cite also
 S. Grimme, S. Ehrlich and L. Goerigk,
 J. Comput. Chem. 32 (2011), 1456-1465
 For DFT-D2 the reference is
 S. Grimme, J. Comput. Chem., 27 (2006), 1787-1799
 
C6 coefficients used:
                     5  C6 for element                      6
Z=  6 CN= 0.000     C6(AA)=   49.11
Z=  6 CN= 0.987     C6(AA)=   43.25
Z=  6 CN= 1.998     C6(AA)=   29.36
Z=  6 CN= 2.999     C6(AA)=   25.78
Z=  6 CN= 3.984     C6(AA)=   18.21
                     3  C6 for element                      8
Z=  8 CN= 0.000     C6(AA)=   15.51
Z=  8 CN= 0.993     C6(AA)=   12.82
Z=  8 CN= 1.989     C6(AA)=   10.37

#           XYZ [au]              R0(AA) [Ang.]  CN          C6(AA)     C8(AA)   C10(AA) [au]
  1 -11.91391   5.04298   0.03351   c   0.482  2.198        29.1       841.4     29810.5
  2 -11.82952   2.78551   0.21337   c   0.482  2.208        29.1       840.6     29782.0
  3  -9.81733   6.96805   0.27079   c   0.482  3.089        25.5       736.7     26101.4
  4  -7.64116   5.21933   0.80056   c   0.482  2.202        29.1       841.1     29799.5
  5  -7.57678   2.96185   0.98039   c   0.482  2.207        29.1       840.8     29787.2
  6  -9.65323   1.03672   0.74244   c   0.482  3.089        25.5       736.8     26103.3
  7  -9.59391  -1.15428   0.91568   o   0.402  1.042        12.8       257.8      6374.3
  8  -9.87637   9.15895   0.09607   o   0.402  1.042        12.8       257.9      6374.5

molecular C6(AA) [au] =      1495.39

           DFT-D V3(BJ)
 DF hf                                                
 parameters
 s6       :    1.0000
 s8       :    0.9171
 a1       :    0.3385
 a2       :    2.8830
 k1-k3    :   16.0000    1.3333   -4.0000
 
 Edisp /kcal,au:   -47.8712 -0.07628757

 E6    /kcal :   -22.1228
 E8    /kcal :   -25.7483
 % E8        : 53.79
 
 doing analytical gradient O(N^2) ...
 
 |G|=  4.677172879171899E-002
 
  >>> data block $dft is missing ! <<<
  >>>   default values are used    <<<
 
 
  >>> data block $dft is missing ! <<<
  >>>   default values are used    <<<
 
 
  >>> data block $dft is missing ! <<<
  >>>   default values are used    <<<
 
 
  >>> data block $dft is missing ! <<<
  >>>   default values are used    <<<
 
 
  >>> data block $dft is missing ! <<<
  >>>   default values are used    <<<
 
 
  >>> data block $dft is missing ! <<<
  >>>   default values are used    <<<
 
 
  >>> data block $dft is missing ! <<<
  >>>   default values are used    <<<
 
 
  >>> data block $dft is missing ! <<<
  >>>   default values are used    <<<
 
 
  >>> data block $dft is missing ! <<<
  >>>   default values are used    <<<
 
 
  >>> data block $dft is missing ! <<<
  >>>   default values are used    <<<
 
 
  >>> data block $dft is missing ! <<<
  >>>   default values are used    <<<
 
 
  >>> data block $dft is missing ! <<<
  >>>   default values are used    <<<
 
 
  >>> data block $dft is missing ! <<<
  >>>   default values are used    <<<
 
 
  >>> data block $dft is missing ! <<<
  >>>   default values are used    <<<
 
 
  >>> data block $dft is missing ! <<<
  >>>   default values are used    <<<
 
 
  >>> data block $dft is missing ! <<<
  >>>   default values are used    <<<
 
 
  >>> data block $dft is missing ! <<<
  >>>   default values are used    <<<
 
 
  >>> data block $dft is missing ! <<<
  >>>   default values are used    <<<
 
 
  >>> data block $dft is missing ! <<<
  >>>   default values are used    <<<
 
 
  >>> data block $dft is missing ! <<<
  >>>   default values are used    <<<
 
 
  >>> data block $dft is missing ! <<<
  >>>   default values are used    <<<
 
 
  >>> data block $dft is missing ! <<<
  >>>   default values are used    <<<
 
 
  >>> data block $dft is missing ! <<<
  >>>   default values are used    <<<
 
 
  >>> data block $dft is missing ! <<<
  >>>   default values are used    <<<
 
 
  >>> data block $dft is missing ! <<<
  >>>   default values are used    <<<
 
 
  >>> data block $dft is missing ! <<<
  >>>   default values are used    <<<
 
 
  >>> data block $dft is missing ! <<<
  >>>   default values are used    <<<
 
 
  >>> data block $dft is missing ! <<<
  >>>   default values are used    <<<
 
 
  >>> data block $dft is missing ! <<<
  >>>   default values are used    <<<
 
 
  >>> data block $dft is missing ! <<<
  >>>   default values are used    <<<
 
 
  >>> data block $dft is missing ! <<<
  >>>   default values are used    <<<
 
 
  >>> data block $dft is missing ! <<<
  >>>   default values are used    <<<
 
 
  >>> data block $dft is missing ! <<<
  >>>   default values are used    <<<
 
 
  >>> data block $dft is missing ! <<<
  >>>   default values are used    <<<
 
 
  >>> data block $dft is missing ! <<<
  >>>   default values are used    <<<
 
 
  >>> data block $dft is missing ! <<<
  >>>   default values are used    <<<
 
 
  >>> data block $dft is missing ! <<<
  >>>   default values are used    <<<
 
 
  >>> data block $dft is missing ! <<<
  >>>   default values are used    <<<
 
 
  >>> data block $dft is missing ! <<<
  >>>   default values are used    <<<
 
 
  >>> data block $dft is missing ! <<<
  >>>   default values are used    <<<
 
 
  >>> data block $dft is missing ! <<<
  >>>   default values are used    <<<
 
 
  >>> data block $dft is missing ! <<<
  >>>   default values are used    <<<
 
 
  >>> data block $dft is missing ! <<<
  >>>   default values are used    <<<
 
 
  >>> data block $dft is missing ! <<<
  >>>   default values are used    <<<
 
 
  >>> data block $dft is missing ! <<<
  >>>   default values are used    <<<
 
 
  >>> data block $dft is missing ! <<<
  >>>   default values are used    <<<
 
 
  >>> data block $dft is missing ! <<<
  >>>   default values are used    <<<
 
      ...terminated. cpu:       0.32       wall:       0.17
 
 
 
 
 CONSTRUCTING second deriv. of 2e energy    -> Hessian
   treating Coulomb (and exchange) contribution
     integrals will be neglected if total contribution <  4.166666666666667E-009
      ...terminated. cpu:       7.46       wall:       3.73
 
 
 
 
 CONSTRUCTING S(i,j)xi
      ...terminated. cpu:       0.00       wall:       0.00
 
 
 
 
 CONSTRUCTING <i|x,y,z|j>*S(i,j)xi          -> Dip. deriv.
      ...terminated. cpu:       0.00       wall:       0.00
 
 
 
 
 CONSTRUCTING epsilon(i)*S(i,j)xi*S(i,j)chi -> Hessian
      ...terminated. cpu:       0.00       wall:       0.00
 
 
 
 
 CONSTRUCTING G(a,i)[S(k,l)xi]              -> RHS
              G(i,j)[S(k,l)xi]*S(i,j)chi    -> Hessian
 
         Maximum core memory set to                   1000 MB
         This corresponds to                  8822 vectors in CAO basis
      ...terminated. cpu:       2.49       wall:       1.26
 
 
 
 
 CONSTRUCTING G(mu,nu)[D(kap,lam)]xi
 
          Maximum core memory set to                   1000 MB
          Atoms treated simultaneously :                     8
 max of dfo   17.4961425648997     
      ...terminated. cpu:       4.00       wall:       2.00
 
 
 
 
 CONSTRUCTING F(a,i)xi                      -> RHS
              F(i,j)xi*S(i,j)chi            -> Hessian
 
        Maximum core memory set to                  1000 MB
        This corresponds to                 13802 vectors in CAO basis
      ...terminated. cpu:       0.01       wall:       0.00
 
 
 
 
 CONSTRUCTING epsilon(i)*S(a,i)xi           -> RHS
      ...terminated. cpu:       0.01       wall:       0.00
 
 
 
 
 SOLVING CPHF equations
 
 Residuum convergence criterium   :  1.000000000000000E-005
 
 Maximum number of Davidson iterations set to                    25

 logfile cphf_a    will be constructed


                       Nonorthonormal Krylov Space Iteration


 total number of roots to be determined: 18


 maximum core memory set to         1000 MB,
 corresponding to     8733 vectors in CAO basis


 maximum number of simultaneously treated vectors (including degeneracy):       18


 Iteration IRREP Converged      Max. Euclidean
                 roots          residual norm

    1       a        0        6.662078994065238D-02
 
    2       a        0        1.898474914689142D-02
 
    3       a        0        6.327622432632820D-03
 
    4       a        0        1.820946212940770D-03
 
    5       a        0        6.907000015255860D-04
 
    6       a        1        2.308491774336662D-04
 
    7       a        9        3.826284103704856D-05
 
    8       a       15        1.717123768678134D-05
 
    9       a       18        9.738346600584443D-06
 

 converged!

      ...terminated. cpu:      13.91       wall:       7.21
 
 
 
 
 CONSTRUCTING <a|x,y,z|i>*U(a,i)xi          -> Dip. deriv.
      ...terminated. cpu:       0.00       wall:       0.00
 
 
 
 
 CONSTRUCTING RHS(a,i)xi*U(a,i)chi          -> Hessian
      ...terminated. cpu:       0.00       wall:       0.00
 
 
 
 

            -----------------------
            permanent dipole moment
            -----------------------

                                   x                y                z
    electronic part       :  506.2337468008  -208.1239325583   -26.3398791856
     nuclear   part       : -506.2338228887   208.1239484005    26.3402984006
     total                :   -0.0000760879     0.0000158422     0.0004192150

 with reference to the point :   0.0000000        0.0000000        0.0000000
 (given in atomic units)
    | dipole |       :    0.0010837035  debye

   ***  dipole moment & cartesian dipole gradients written onto
        $dipole, $dipgrad,  file=<dipgrad>  ***

             -----------------------------------
             rotational and vibrational analysis
             -----------------------------------


            ==============================================================
            ATOMIC WEIGHTS (average over the natural occurance of isotops)
            ==============================================================
            ('*' denotes special isotop !)
              1     c                12.01115
              2     c                12.01115
              3     c                12.01115
              4     c                12.01115
              5     c                12.01115
              6     c                12.01115
              7     o                15.99940
              8     o                15.99940

          -------------------------------------------------
          CARTESIAN FORCE CONSTANT MATRIX (hartree/bohr**2)
         (translational & rotational space projected out)
          -------------------------------------------------

   ATOM              1 c                           2 c 
                  dx        dy        dz        dx        dy        dz
   1 c     dx  0.1998201
           dy  0.0916372 1.3643353
           dz  0.0229896-0.0820133 0.0475540
   2 c     dx  0.0363483 0.0585058 0.0045486 0.2130652
           dy  0.0116372-1.1949262 0.0901796-0.1510271 1.3454123
           dz  0.0080374 0.0987758-0.0180725 0.0434798-0.1250571 0.0545267
   3 c     dx -0.1476781-0.0811883-0.0082398-0.0172483 0.0270492-0.0047339
           dy -0.0614546-0.1098476-0.0082925 0.0035249-0.0044707 0.0007995
           dz -0.0097116-0.0119060-0.0706716-0.0029844 0.0051089-0.0033573
   4 c     dx -0.0637178-0.0096451-0.0141169-0.0254272-0.0013136-0.0060192
           dy  0.0028429 0.0198725 0.0003194-0.0013132-0.0038737 0.0006374
           dz -0.0150383-0.0019713 0.0145148-0.0060196 0.0006363 0.0067638
   5 c     dx -0.0254016-0.0008549-0.0060494-0.0637199 0.0028429-0.0150463
           dy -0.0008553-0.0035186 0.0006939-0.0096439 0.0198713-0.0019757
           dz -0.0060498 0.0006956 0.0067580-0.0141086 0.0003149 0.0145156
   6 c     dx -0.0155021-0.0279142-0.0003217-0.1551816 0.0761483-0.0213267
           dy -0.0044349-0.0066297-0.0005035 0.0564211-0.0987810 0.0125122
           dz -0.0020707-0.0048047-0.0024552-0.0198613 0.0161241-0.0746312
   7 o     dx  0.0011750 0.0087153-0.0000852 0.0106096 0.0429299-0.0056401
           dy -0.0017507-0.0059279-0.0000181 0.0412422-0.0567694 0.0135493
           dz  0.0006924 0.0018960-0.0018997-0.0055164 0.0138652 0.0219721
   8 o     dx  0.0149562-0.0392558 0.0012748 0.0015540-0.0082667 0.0012490
           dy -0.0376217-0.0633578-0.0003656 0.0022902-0.0064627 0.0007586
           dz  0.0011510-0.0006720 0.0242722 0.0004618-0.0011719-0.0017171

   ATOM              3 c                           4 c 
                  dx        dy        dz        dx        dy        dz
   3 c     dx  0.4063578
           dy -0.0201980 1.2684915
           dz  0.0402655-0.0839263 0.2087708
   4 c     dx -0.1551770 0.0564209-0.0198691 0.2130516
           dy  0.0761455-0.0987760 0.0161339-0.1510100 1.3453971
           dz -0.0213397 0.0125070-0.0746355 0.0435075-0.1251071 0.0545450
   5 c     dx -0.0155045-0.0044358-0.0020641 0.0363469 0.0116349 0.0080418
           dy -0.0279135-0.0066325-0.0048157 0.0585033-1.1949279 0.0987693
           dz -0.0003186-0.0005008-0.0024528 0.0045533 0.0901700-0.0180697
   6 c     dx  0.0588798 0.0029091 0.0062636-0.0172500 0.0270462-0.0047295
           dy  0.0029077-0.0298617 0.0045146 0.0035249-0.0044680 0.0007958
           dz  0.0062638 0.0045069 0.0243678-0.0029780 0.0051144-0.0033554
   7 o     dx -0.0154694-0.0008291-0.0023121 0.0015547-0.0082653 0.0012447
           dy -0.0008181 0.0081920-0.0009502 0.0022896-0.0064628 0.0007623
           dz -0.0023130-0.0009501-0.0028825 0.0004610-0.0011793-0.0017177
   8 o     dx -0.1141603 0.0240625-0.0095878 0.0106188 0.0429189-0.0056670
           dy  0.0240154-1.0270950 0.0758407 0.0412298-0.0567614 0.0136077
           dz -0.0095844 0.0758564-0.0791388-0.0055385 0.0139112 0.0219547

   ATOM              5 c                           6 c 
                  dx        dy        dz        dx        dy        dz
   5 c     dx  0.1998128
           dy  0.0916316 1.3643540
           dz  0.0230150-0.0819444 0.0475533
   6 c     dx -0.1476748-0.0811876-0.0082532 0.4063643
           dy -0.0614565-0.1098523-0.0082868-0.0203072 1.2685841
           dz -0.0097183-0.0119114-0.0706754 0.0402568-0.0833416 0.2086769
   7 o     dx  0.0149650-0.0392489 0.0012504-0.1141661 0.0241739-0.0095801
           dy -0.0376121-0.0633661-0.0004260 0.0241241-1.0271840 0.0752591
           dz  0.0011302-0.0007199 0.0242718-0.0095763 0.0752593-0.0790447
   8 o     dx  0.0011761 0.0087142-0.0000885-0.0154695-0.0008290-0.0023123
           dy -0.0017500-0.0059279-0.0000224-0.0008186 0.0081925-0.0009467
           dz  0.0006911 0.0019039-0.0019009-0.0023131-0.0009501-0.0028828

   ATOM              7 o                           8 o 
                  dx        dy        dz        dx        dy        dz
   7 o     dx  0.0972072
           dy -0.0277857 1.1572528
           dz  0.0145304-0.0887150 0.0384612
   8 o     dx  0.0041240 0.0003108 0.0005917 0.0972006
           dy  0.0003099-0.0057345 0.0005438-0.0276549 1.1571467
           dz  0.0005920 0.0005386 0.0008395 0.0145400-0.0894162 0.0385732
 

   *** projected hessian written onto $hessian (projected), file=<hessian> ***

 dipole moment in principle axis system (a.u.) :
     0.0000001689    -0.0000153349     0.0004260826
 norm :  4.263585232689683E-004

 rotational constants b for rotations around axis of inertia
 and optical intensities for (1 <-- 0) transition

   b   :     0.0532124223     0.2679454971     0.0443956963   (cm**(-1))
   b   :        1595.2683        8032.8039        1330.9495     (MHz)
  int. :     0.0000000000     0.0000000002     0.0000001815     (a.u.)

   x   :     0.9832905937    -0.0274939120    -0.1799546977
   y   :     0.0412277698     0.9964773517     0.0730284777
   z   :     0.1773129421    -0.0792273460     0.9809603194

   ***  normal modes written onto $vibrational normal modes, file=<vib_normal_modes>  ***

  Keyword $vibrational reduced masses missing in file <control>


   ***  vibrational spectroscopic data written onto$vibrational spectrum   
        file=<vibspectrum>  ***

          ---------------------------------------------------
          NORMAL MODES and VIBRATIONAL FREQUENCIES (cm**(-1))
          ---------------------------------------------------

 imaginary wave numbers indicate a negative curvature of the energy surface.
 zero frequency modes have no physical meaning except being generators of
 translations and rotations. each vibrational normal mode - given in terms of
 cartesian displacement vectors of all atoms - has been normalized to unity.
 to obtain mass-weigthed normal coordinates in a.u. divide the tabulated
 modes by sqrt(reduced mass * 1822.88853).
 band intensities or cross sections refer to independent non-degenerate normal
 modes, that is, the intensities of degenerate modes have yet to be added.
 dDIP/dQ is the normal mode derivative of the dipole moment.


       mode               1        2        3        4        5        6

     frequency           0.00     0.00     0.00     0.00     0.00     0.00

     symmetry                                                             

        IR                -        -        -        -        -        - 
|dDIP/dQ|   (a.u.)     0.0000   0.0000   0.0000   0.0000   0.0000   0.0000
intensity (km/mol)       0.00     0.00     0.00     0.00     0.00     0.00
intensity (  %   )       0.00     0.00     0.00     0.00     0.00     0.00
 
       RAMAN              -        -        -        -        -        - 
 
  1   c           x  -0.08360  0.12662  0.33742  0.06517  0.01549  0.06971
                  y   0.03943 -0.12951  0.06234  0.05401  0.37500  0.12044
                  z   0.45245 -0.03181 -0.09809 -0.02860 -0.11769  0.41884
  2   c           x  -0.18317  0.05486  0.25648  0.10616 -0.14016  0.12740
                  y   0.04243 -0.13776  0.06448  0.06667  0.36676  0.11020
                  z   0.52578 -0.10974 -0.04226  0.11562 -0.16533  0.26973
  3   c           x   0.05964  0.20800  0.36986  0.06919  0.14259  0.06748
                  y  -0.06814 -0.21191  0.00861  0.09104  0.22910  0.13875
                  z   0.07168 -0.07545  0.05385 -0.36425 -0.04629  0.28978
  4   c           x   0.04080  0.17258  0.27061  0.13990  0.01637  0.15910
                  y  -0.17055 -0.30755 -0.04150  0.14861  0.07016  0.14034
                  z  -0.18896 -0.24565  0.29616 -0.46468 -0.05248 -0.08132
  5   c           x  -0.05878  0.10081  0.18968  0.18088 -0.13928  0.21678
                  y  -0.16755 -0.31581 -0.03936  0.16126  0.06192  0.13010
                  z  -0.11563 -0.32358  0.35198 -0.32045 -0.10013 -0.23043
  6   c           x  -0.20212  0.01940  0.15729  0.17679 -0.26637  0.21893
                  y  -0.06000 -0.23339  0.01435  0.12419  0.20783  0.11184
                  z   0.26512 -0.27994  0.20005  0.01520 -0.17153 -0.10139
  7   o           x  -0.29896 -0.05032  0.07886  0.21644 -0.41743  0.27475
                  y  -0.05696 -0.24124  0.01649  0.13636  0.20008  0.10193
                  z   0.33677 -0.35542  0.25393  0.15549 -0.21781 -0.24573
  8   o           x   0.15625  0.27764  0.44843  0.02940  0.29365  0.01148
                  y  -0.07126 -0.20401  0.00643  0.07878  0.23686  0.14875
                  z   0.00000  0.00000  0.00000 -0.50457  0.00000  0.43408

reduced mass(g/mol)    12.950   13.231   13.096   13.412   13.623   13.435


       mode               7        8        9       10       11       12

     frequency          77.97   107.95   114.56   297.47   414.92   499.76

     symmetry            a        a        a        a        a        a   

        IR               YES      YES      YES      YES      YES      YES
|dDIP/dQ|   (a.u.)     0.0000   0.0000   0.0021   0.0000   0.0012   0.0071
intensity (km/mol)       0.00     0.00     7.54     0.00     2.65    90.13
intensity (  %   )       0.00     0.00     0.65     0.00     0.23     7.82
 
       RAMAN             YES      YES      YES      YES      YES      YES
 
  1   c           x   0.41129  0.07827  0.05963 -0.08989  0.31160 -0.41687
                  y  -0.20363 -0.03185 -0.02420  0.03658 -0.00858  0.19089
                  z   0.09077 -0.42528 -0.32496  0.49046  0.05760 -0.09078
  2   c           x  -0.39913 -0.07834  0.05963  0.08992  0.31209  0.40458
                  y  -0.23778  0.03149 -0.02421 -0.03645  0.03497  0.22543
                  z  -0.05568  0.42576 -0.32507 -0.49053  0.05449  0.05753
  3   c           x   0.22635  0.04467  0.00731  0.00003  0.08274  0.00450
                  y   0.00991 -0.01808 -0.00290  0.00001  0.00317 -0.17268
                  z   0.04089 -0.24294 -0.03985 -0.00002  0.01494  0.01369
  4   c           x   0.39911  0.07827  0.05959  0.09004  0.31203  0.40466
                  y   0.23779 -0.03169 -0.02418 -0.03659  0.03500  0.22541
                  z   0.05575 -0.42592 -0.32482 -0.49050  0.05484  0.05732
  5   c           x  -0.41128 -0.07812  0.05964 -0.09000  0.31153 -0.41687
                  y   0.20362  0.03165 -0.02421  0.03642 -0.00855  0.19091
                  z  -0.09082  0.42516 -0.32521  0.49045  0.05794 -0.09056
  6   c           x  -0.22635 -0.04467  0.00733 -0.00002  0.08274  0.00450
                  y  -0.00991  0.01806 -0.00304 -0.00000  0.00317 -0.17260
                  z  -0.04089  0.24292 -0.03998 -0.00002  0.01494  0.01367
  7   o           x   0.09429  0.04491 -0.09502  0.00004 -0.53029  0.00583
                  y   0.00335 -0.01807  0.03832  0.00001 -0.02221 -0.18290
                  z   0.01715 -0.24464  0.51805  0.00007 -0.09562  0.01460
  8   o           x  -0.09428 -0.04498 -0.09501 -0.00011 -0.53029  0.00580
                  y  -0.00335  0.01839  0.03880  0.00001 -0.02221 -0.18298
                  z  -0.01717  0.24487  0.51787  0.00005 -0.09563  0.01477

reduced mass(g/mol)    12.084   12.508   14.235   12.011   14.331   12.280


       mode              13       14       15       16       17       18

     frequency         530.00   644.13   736.05   792.26   890.74   962.92

     symmetry            a        a        a        a        a        a   

        IR               YES      YES      YES      YES      YES      YES
|dDIP/dQ|   (a.u.)     0.0000   0.0000   0.0000   0.0054   0.0000   0.0041
intensity (km/mol)       0.00     0.00     0.00    52.21     0.00    29.68
intensity (  %   )       0.00     0.00     0.00     4.53     0.00     2.58
 
       RAMAN             YES      YES      YES      YES      YES      YES
 
  1   c           x  -0.18506  0.08684 -0.04294 -0.03725 -0.46466  0.27590
                  y  -0.02501  0.39564  0.01739  0.01508  0.02383  0.32195
                  z  -0.03221 -0.01364  0.23381  0.20257 -0.08701  0.02661
  2   c           x  -0.18678 -0.10892  0.04296 -0.03724 -0.46221 -0.29282
                  y   0.00809  0.38711 -0.01742  0.01507 -0.06242  0.29757
                  z  -0.03499 -0.04868 -0.23386  0.20260 -0.08014 -0.07583
  3   c           x   0.01231  0.19400  0.10714  0.11233 -0.00445  0.00676
                  y  -0.44332  0.00760 -0.04360 -0.04573  0.14555 -0.23323
                  z   0.03529  0.03502 -0.58399 -0.61226 -0.01155  0.01853
  4   c           x   0.18674  0.10888 -0.04285 -0.03709  0.46222 -0.29279
                  y  -0.00815 -0.38710  0.01740  0.01509  0.06241  0.29757
                  z   0.03473  0.04891  0.23388  0.20262  0.08016 -0.07590
  5   c           x   0.18519 -0.08679  0.04284 -0.03709  0.46465  0.27591
                  y   0.02496 -0.39566 -0.01742  0.01508 -0.02384  0.32195
                  z   0.03201  0.01342 -0.23382  0.20260  0.08701  0.02668
  6   c           x  -0.01233 -0.19400 -0.10713  0.11232  0.00441  0.00674
                  y   0.44336 -0.00760  0.04335 -0.04543 -0.14552 -0.23323
                  z  -0.03522 -0.03502  0.58400 -0.61229  0.01174  0.01866
  7   o           x  -0.01343  0.35823  0.03215 -0.02852  0.00458  0.00764
                  y   0.47788  0.01532 -0.01295  0.01149 -0.17448 -0.29001
                  z  -0.03789  0.06457 -0.17530  0.15547  0.01375  0.02288
  8   o           x   0.01337 -0.35823 -0.03216 -0.02852 -0.00455  0.00760
                  y  -0.47782 -0.01532  0.01316  0.01167  0.17448 -0.28999
                  z   0.03819 -0.06458  0.17528  0.15545 -0.01390  0.02310

reduced mass(g/mol)    13.845   13.070   12.266   12.211   12.256   12.687


       mode              19       20       21       22       23       24

     frequency        1057.87  1155.37  2081.67  2104.17  2375.92  2400.12

     symmetry            a        a        a        a        a        a   

        IR               YES      YES      YES      YES      YES      YES
|dDIP/dQ|   (a.u.)     0.0000   0.0146   0.0255   0.0000   0.0000   0.0000
intensity (km/mol)       0.00   376.73  1151.91     0.00     0.00     0.00
intensity (  %   )       0.00    32.71   100.00     0.00     0.00     0.00
 
       RAMAN             YES      YES      YES      YES      YES      YES
 
  1   c           x  -0.23942  0.22083 -0.01205 -0.00616  0.01881 -0.02110
                  y  -0.14446 -0.03914 -0.02212  0.06132  0.49673 -0.49402
                  z  -0.03314  0.04342 -0.00056 -0.00569 -0.03353  0.03291
  2   c           x   0.24630  0.21770  0.01309 -0.00263  0.04653 -0.04857
                  y  -0.12393  0.05769 -0.02029 -0.06179 -0.49428  0.49146
                  z   0.05438  0.03564  0.00391  0.00412  0.04532 -0.04549
  3   c           x   0.56884 -0.60576 -0.01549 -0.01544 -0.05554 -0.00243
                  y   0.02367 -0.02516  0.57774  0.57346 -0.00180  0.09014
                  z   0.10259 -0.10925 -0.04603 -0.04570 -0.01006 -0.00718
  4   c           x  -0.24629  0.21770  0.01309  0.00262  0.04653  0.04856
                  y   0.12393  0.05769 -0.02029  0.06179 -0.49428 -0.49146
                  z  -0.05443  0.03565  0.00391 -0.00412  0.04533  0.04550
  5   c           x   0.23941  0.22083 -0.01205  0.00616  0.01881  0.02110
                  y   0.14447 -0.03914 -0.02212 -0.06131  0.49673  0.49403
                  z   0.03319  0.04343 -0.00056  0.00569 -0.03352 -0.03290
  6   c           x  -0.56883 -0.60577 -0.01555  0.01550 -0.05554  0.00244
                  y  -0.02367 -0.02516  0.57773 -0.57352 -0.00180 -0.09015
                  z  -0.10259 -0.10925 -0.04570  0.04537 -0.01005  0.00714
  7   o           x   0.08271  0.12555  0.01090 -0.01084 -0.00736 -0.00042
                  y   0.00315  0.00497 -0.40187  0.40002 -0.00049  0.01624
                  z   0.01494  0.02266  0.03179 -0.03164 -0.00131 -0.00128
  8   o           x  -0.08271  0.12555  0.01085  0.01080 -0.00736  0.00042
                  y  -0.00315  0.00497 -0.40189 -0.39998 -0.00049 -0.01624
                  z  -0.01494  0.02266  0.03204  0.03189 -0.00131  0.00129

reduced mass(g/mol)    12.068   12.141   13.308   13.296   12.012   12.013
 

         **************************************************************
         *                                                            *
         *  zero point VIBRATIONAL energy  :      0.0392844  Hartree  *
         *    SCF-energy                   :   -376.3895860           *
         *    SCF + E(vib0)                :   -376.3503017           *
         *                                                            *
         **************************************************************




 time elapsed for vibrational analysis     0.01 sec


    ------------------------------------------------------------------------
         total  cpu-time :  29.45 seconds
         total wall-time :  17.77 seconds
    ------------------------------------------------------------------------

   ****  force : all done  ****


    2023-06-15 10:46:03.823 

