
  ========================================================================
                license information 
 Customer : 200000000058156
 ID       : LKO1924661

 License file is VALID, continuing with full version
  ========================================================================

   OpenMP run-time library returned nthreads =  2

 ridft (c04) : TURBOMOLE rev. V7-6 27 Oct 2021 at 10:11:12 compiled Oct 27th 2021
 Copyright (C) 2021 TURBOMOLE GmbH, Karlsruhe


    2023-06-22 16:27:15.701 



                                  r i d f t

                        DFT program with RI approximation 
                                for coulomb part 




                                                 
                                 References:     
                                                 
          TURBOMOLE:                             
              R. Ahlrichs, M. Baer, M. Haeser, H. Horn, and
              C. Koelmel
              Electronic structure calculations on workstation
              computers: the program system TURBOMOLE
              Chem. Phys. Lett. 162: 165 (1989)
          Density Functional:                              
              O. Treutler and R. Ahlrichs                      
              Efficient Molecular Numerical Integration Schemes
              J. Chem. Phys. 102: 346 (1995)                   
          Parallel Version:                                
              Performance of parallel TURBOMOLE for Density    
              Functional Calculations                          
              M. v. Arnim and R. Ahlrichs                      
              J. Comp. Chem. 19: 1746 (1998)                   
          RI-J Method:                                     
              Auxiliary Basis Sets to approximate Coulomb      
              Potentials                                       
              Chem. Phys. Lett. 240: 283 (1995)                
              K. Eichkorn, O. Treutler, H. Oehm, M. Haeser     
              and R. Ahlrichs                                  
              Chem. Phys. Lett. 242: 652 (1995)                
                                                           
              Auxiliary Basis Sets for Main Row Atoms and their
              Use to approximate Coulomb Potentials            
              K. Eichkorn, F. Weigend, O. Treutler and         
              R. Ahlrichs                                      
              Theo. Chem. Acc. 97: 119 (1997)                   
                                                           
              Accurate Coulomb-fitting basis sets for H to Rn 
              F. Weigend                                        
              Phys. Chem. Chem. Phys. 8: 1057 (2006)            
                                                           
          Multipole accelerated RI-J (MARI-J):             
              Fast evaluation of the Coulomb potential for     
              electron densities using multipole accelerated   
              resolution of identity approximation             
              M. Sierka, A. Hogekamp and R. Ahlrichs           
              J. Chem. Phys. 118: 9136 (2003)                  
          RI-JK Method:                                     
              A fully direct RI-HF algorithm: Implementation,
              optimised auxiliary basis sets, demonstration of
              accuracy and efficiency                         
              F. Weigend                                      
              Phys. Chem. Chem. Phys. 4: 4285 (2002)           
          Two-component HF and DFT with spin-orbit coupling:  
              Self-consistent treatment of spin-orbit         
              interactions with efficient Hartree-Fock and    
              density functional methods                      
              M. K. Armbruster, F. Weigend, C. van Wüllen and 
              W. Klopper                                      
              Phys. Chem. Chem. Phys. 10: 1748 (2008)         
          Two-component difference density and DIIS algorithm 
              Efficient two-component self-consistent field   
              procedures and gradients: implementation in     
              TURBOMOLE and application to Au20-              
              A. Baldes, F. Weigend                           
              Mol. Phys. 111: 2617 (2013)                     
          Relativistic all-electron 2c calculations           
              An efficient implementation of two-component    
              relativistic exact-decoupling methods for large 
              molecules                                       
              D. Peng, N. Middendorf, F. Weigend, M. Reiher   
              J. Chem. Phys. 138: 184105 (2013)               
          Finite nucleus model and SNSO approximation         
              Efficient implementation of one- and two-       
              component analytical energy gradients in exact  
              two-component theory                            
              Y. J. Franzke, N. Middendorf, F. Weigend        
              J. Chem. Phys. 148: 104110 (2018)               
          Grids for all-electron relativistic methods         
              Error-consistent segmented contracted all-      
              electron relativistic basis sets of double-     
              and triple-zeta quality for NMR shielding       
              constants                                       
              Y. J. Franzke, R. Tress, T. M. Pazdera,         
              F. Weigend                                      
              Phys. Chem. Chem. Phys. 21: 166658 (2019)       
          Seminumerical exchange algorithms                   
              Seminumerical calculation of the Hartree-Fock   
              exchange matirx: Application to two-component   
              procedures and efficient evaluation of local    
              hybrid functionsl                               
               P. Plessow, F. Weigend,                        
              J. Comput. Chem. 33: 810 (2012)                 
          Improved seminumerical algorithms                   
              C. Holzer,                                      
              J. Chem. Phys. 153 (2020), 184115               
                                         





          OpenMP Shared-Memory Parallelization:  2 CPUs.

            By: Christof Holzer and Yannick J. Franzke


              +--------------------------------------------------+
              |      general information about current run       |
              +--------------------------------------------------+

 
 PW6B95 global meta hybrid functional
 code by Stefan Grimme, University of Muenster
 Zhao and Truhlar, J Phys Chem A, 109, 25, 2005, 5656.
 A Hybrid-DFT calculation using the RI-J approximation will be carried out.
 Allocatable memory for RI due to $ricore (MB):                   500


              +--------------------------------------------------+
              | Atomic coordinate, charge and isotop information |
              +--------------------------------------------------+

                    atomic coordinates            atom    charge  isotop
         -7.02882555    1.12147770    1.38768704    c      6.000     0
         -6.40751449    1.81564940   -1.27388490    c      6.000     0
         -4.01303998    2.62037150   -1.39979980    c      6.000     0
         -2.90349453    2.53514867    1.09842008    c      6.000     0
         -4.62060429    1.67440525    2.74574183    c      6.000     0
         -7.54731457   -0.86960396    1.54444121    h      1.000     0
         -8.60666491    2.22527922    2.12991347    h      1.000     0
         -7.73853347    1.65170126   -2.79801995    h      1.000     0
         -3.01844774    3.24223792   -3.05858273    h      1.000     0
         -0.99179113    3.09334339    1.50573308    h      1.000     0
         -4.38986878    1.39307252    4.74442357    h      1.000     0
         -4.74190908   -4.80747072   -1.51886220    c      6.000     0
         -3.81365082   -5.03942217    0.82371761    c      6.000     0
         -1.17236370   -4.05294672    0.88760679    c      6.000     0
         -0.75061752   -3.24887423   -1.78179350    c      6.000     0
         -2.83924178   -3.69429037   -3.13742890    c      6.000     0
         -6.59450661   -5.34706498   -2.15764283    h      1.000     0
         -4.74959965   -5.79955493    2.45957946    h      1.000     0
          0.17962281   -5.49181412    1.48997525    h      1.000     0
         -0.99385384   -2.46019498    2.18804697    h      1.000     0
          0.99263481   -2.43357036   -2.42780322    h      1.000     0
         -3.11945163   -3.30776182   -5.11255646    h      1.000     0
 
       center of nuclear mass  :   -3.83391614   -1.11379201   -0.19314977
       center of nuclear charge:   -3.83785202   -1.11888390   -0.17366761

  Keyword $basis  missing in file <control>

              read basis sets from /software/cluster/turbomole76/basen/
              (basis sets have been saved in file basis)

              +--------------------------------------------------+
              |               basis set information              |
              +--------------------------------------------------+

              we will work with the 1s 3p 5d 7f 9g ... basis set
              ...i.e. with spherical basis functions...

   type   atoms  prim   cont   basis
   ---------------------------------------------------------------------------
    c       10     46     31   def2-TZVP   [5s3p2d1f|11s6p2d1f]
    h       12      8      6   def2-TZVP   [3s1p|5s1p]
   ---------------------------------------------------------------------------
   total:   22    556    382
   ---------------------------------------------------------------------------

   total number of primitive shells          :   26
   total number of contracted shells         :  158
   total number of cartesian basis functions :  432
   total number of SCF-basis functions       :  382


 integral neglect threshold       :  0.77E-11
 integral storage threshold THIZE :  0.10E-04
 integral storage threshold THIME :         5

 RI-J AUXILIARY BASIS SET information:

              assign orbital basis set names as defaults
              read basis sets from /software/cluster/turbomole76/jbasen/
              (basis sets have been saved in file auxbasis)

              we will work with the 1s 3p 5d 7f 9g ... basis set
              ...i.e. with spherical basis functions...

   type   atoms  prim   cont   basis
   ---------------------------------------------------------------------------
    c       10     70     49   def2-TZVP   [6s4p3d1f1g|12s5p4d2f1g]
    h       12     16     11   def2-TZVP   [3s1p1d|5s2p1d]
   ---------------------------------------------------------------------------
   total:   22    892    622
   ---------------------------------------------------------------------------

   total number of primitive shells          :   32
   total number of contracted shells         :  210
   total number of cartesian basis functions :  754
   total number of SCF-basis functions       :  622


 symmetry group of the molecule :   c1 

 the group has the following generators :
   c1(z)

    1 symmetry operations found

 there are 1 real representations :   a   

 maximum number of shells which are related by symmetry :  1

  
           ------------------
           density functional
           ------------------
 PW6B95 global meta hybrid functional
 code by Stefan Grimme, University of Muenster
 Zhao and Truhlar, J Phys Chem A, 109, 25, 2005, 5656.

 iterations will be done with small grid
  
 spherical integration : Lebedev's spherical grid
 spherical gridsize    :                     3
    i.e. gridpoints    :                   302
 value for diffuse not defined
 radial integration    : Chebyshev 2nd kind (scaling 3)
 radial gridsize       :                     3
 integration cells     :                    22
 partition function    : becke
 partition sharpness   :                     3
  

 biggest AO integral is expected to be     5.725698708

          ------------------------
          nuclear repulsion energy  :   487.023115089    
          ------------------------

  _________________________________
 |                                 |
 |         DFTD3 V3.1 Rev 0        |
 | S.Grimme, University Bonn       |
 |            June  2014           |
 |   see standalone version        |
 |       dftd3 -h for options      |
 |_________________________________|
 
 Please cite DFT-D3 work done with this code as:
 S. Grimme, J. Antony, S. Ehrlich and H. Krieg,
 J. Chem. Phys, 132 (2010), 154104.
 If used with BJ-damping cite also
 S. Grimme, S. Ehrlich and L. Goerigk,
 J. Comput. Chem. 32 (2011), 1456-1465
 For DFT-D2 the reference is
 S. Grimme, J. Comput. Chem., 27 (2006), 1787-1799
 
C6 coefficients used:
                     2  C6 for element                      1
Z=  1 CN= 0.912     C6(AA)=    3.03
Z=  1 CN= 0.000     C6(AA)=    7.59
                     5  C6 for element                      6
Z=  6 CN= 0.000     C6(AA)=   49.11
Z=  6 CN= 0.987     C6(AA)=   43.25
Z=  6 CN= 1.998     C6(AA)=   29.36
Z=  6 CN= 2.999     C6(AA)=   25.78
Z=  6 CN= 3.984     C6(AA)=   18.21

#           XYZ [au]              R0(AA) [Ang.]  CN          C6(AA)     C8(AA)   C10(AA) [au]
  1  -7.02883   1.12148   1.38769   c   0.295  4.190        18.2       527.3     18683.4
  2  -6.40751   1.81565  -1.27388   c   0.295  3.230        24.8       718.7     25462.3
  3  -4.01304   2.62037  -1.39980   c   0.295  3.233        24.8       718.0     25436.6
  4  -2.90349   2.53515   1.09842   c   0.295  3.235        24.8       717.7     25427.9
  5  -4.62060   1.67441   2.74574   c   0.295  3.228        24.9       718.9     25471.5
  6  -7.54731  -0.86960   1.54444   h   0.191  1.003         3.1        37.3       553.0
  7  -8.60666   2.22528   2.12991   h   0.191  1.002         3.1        37.3       553.0
  8  -7.73853   1.65170  -2.79802   h   0.191  1.002         3.1        37.3       553.1
  9  -3.01845   3.24224  -3.05858   h   0.191  1.003         3.1        37.3       553.0
 10  -0.99179   3.09334   1.50573   h   0.191  1.002         3.1        37.3       553.0
 11  -4.38987   1.39307   4.74442   h   0.191  1.002         3.1        37.3       553.1
 12  -4.74191  -4.80747  -1.51886   c   0.295  3.234        24.8       717.8     25431.8
 13  -3.81365  -5.03942   0.82372   c   0.295  3.228        24.9       719.0     25473.0
 14  -1.17236  -4.05295   0.88761   c   0.295  4.190        18.2       527.3     18683.4
 15  -0.75062  -3.24887  -1.78179   c   0.295  3.229        24.9       718.7     25464.5
 16  -2.83924  -3.69429  -3.13743   c   0.295  3.233        24.8       718.0     25437.6
 17  -6.59451  -5.34706  -2.15764   h   0.191  1.002         3.1        37.3       553.0
 18  -4.74960  -5.79955   2.45958   h   0.191  1.002         3.1        37.3       553.1
 19   0.17962  -5.49181   1.48998   h   0.191  1.002         3.1        37.3       553.0
 20  -0.99385  -2.46019   2.18805   h   0.191  1.003         3.1        37.3       553.0
 21   0.99263  -2.43357  -2.42780   h   0.191  1.002         3.1        37.3       553.1
 22  -3.11945  -3.30776  -5.11256   h   0.191  1.002         3.1        37.3       553.0

molecular C6(AA) [au] =      4821.76

           DFT-D V3(BJ)
 DF pw6b95                                            
 parameters
 s6       :    1.0000
 s8       :    0.7257
 a1       :    0.2076
 a2       :    6.3750
 k1-k3    :   16.0000    1.3333   -4.0000
 
 Edisp /kcal,au:    -7.6257 -0.01215229

 E6    /kcal :    -5.8376
 E8    /kcal :    -1.7880
 % E8        : 23.45
 nuclear repulsion energy                  =     487.023115089
  DFT-D3 Energy contribution               =      -0.012152287
 nuclear repulsion + dispersion correction =     487.010962802


         -----------------
         -S,T+V- integrals
         -----------------

 1e-integrals will be neglected if expon. factor < 0.773602E-12
 
   Difference densities algorithm switched on.
   The maximal number of linear combinations of
   difference densities is                    20 .

 DIIS switched on: error vector is FDS-SDF
 Max. Iterations for DIIS is     :   4
 DIIS matrix (see manual) 
    Scaling factor of diagonals  :  1.200
    threshold for scaling factor :  0.000

 scf convergence criterion : increment of total energy < .1000000D-06
                  and increment of one-electron energy < .1000000D-03

 MOs are in ASCII format !

  missing closed shell occupation number declaration

 No input with occupation numbers/open-shell information found

 start vectors will be provided by an EHT guess

 The EHT guess will be determined for:
   molecular charge   :    0
   number of electrons:   72
   S_z eigenvalue     :    0
 
 virtual MOs provided and orthogonalized by Cholesky decomposition

 automatic virtual orbital shift switched on 
      shift if e(lumo)-e(homo) < 0.10000000    

  
           ------------------------
               RI-J - INFORMATION
           ------------------------
 Contributions to RI integral batches: 
  neglected integral batches:                  1450
  direct contribution:                          288
  memory contribution:                 10823
 Memory core needed for (P|Q) and Cholesky      3 MByte
 Memory core minimum needed except of (P|Q)     1 MByte
 Total minimum memory core needed (sum)         4 MByte
  
 ****************************************
 Memory allocated for RI-J   464 MByte
 ****************************************
                                            

 dump of DSCF restart information has been disabled !


 Starting SCF iterations

          Overall gridpoints after grid construction =         27320

 ITERATION  ENERGY          1e-ENERGY        2e-ENERGY     NORM[dD(SAO)]  TOL
   1  -387.51024987199    -1470.6342969     596.11308418    0.000D+00 0.772D-11
                            Exc = -42.3152523199     Coul =  653.643992487    
                            exK = -15.2156559879    
                              N = 72.003757019    
                            current damping = 0.700
 
          max. resid. norm for Fia-block=  2.710D-01 for orbital     23a         
          max. resid. fock norm         =  5.869D+00 for orbital    299a         

 ITERATION  ENERGY          1e-ENERGY        2e-ENERGY     NORM[dD(SAO)]  TOL
   2  -388.54743992321    -1482.5461813     606.98777858    0.220D+01 0.653D-11
                            Exc = -43.1464000350      Eck =  650.134178614    
                              N = 72.003186407    
                            current damping = 0.650
 
          Norm of current diis error:  2.8384    
          max. resid. norm for Fia-block=  1.248D-01 for orbital     11a         
          max. resid. fock norm         =  1.413D-01 for orbital     74a         

 ITERATION  ENERGY          1e-ENERGY        2e-ENERGY     NORM[dD(SAO)]  TOL
   3  -388.77463705953    -1484.7939614     609.00836152    0.767D+00 0.391D-11
                            Exc = -43.3950126723      Eck =  652.403374195    
                              N = 72.002758182    
                            current damping = 0.550
 
          Norm of current diis error:  1.4184    
          max. resid. norm for Fia-block=  6.447D-02 for orbital     11a         
          max. resid. fock norm         =  7.137D-02 for orbital     11a         

 ITERATION  ENERGY          1e-ENERGY        2e-ENERGY     NORM[dD(SAO)]  TOL
   4  -388.84752373243    -1487.0646051     611.20611853    0.296D+00 0.334D-11
                            Exc = -43.5705523059      Eck =  654.776670832    
                              N = 72.002487461    
                            current damping = 0.450
 
          Norm of current diis error: 0.54901    
          max. resid. norm for Fia-block=  2.582D-02 for orbital     11a         
          max. resid. fock norm         =  2.786D-02 for orbital     11a         

 ITERATION  ENERGY          1e-ENERGY        2e-ENERGY     NORM[dD(SAO)]  TOL
   5  -388.86165595903    -1487.6698034     611.79718465    0.730D-01 0.303D-11
                            Exc = -43.6353931627      Eck =  655.432577809    
                              N = 72.002383678    
                            current damping = 0.350
 
          Norm of current diis error: 0.19586    
          max. resid. norm for Fia-block=  9.096D-03 for orbital     11a         
          max. resid. fock norm         =  1.005D-02 for orbital     11a         
          mo-orthogonalization: Cholesky decomposition

 ITERATION  ENERGY          1e-ENERGY        2e-ENERGY     NORM[dD(SAO)]  TOL
   6  -388.86381917358    -1488.1138473     612.23906530    0.280D-01 0.284D-11
                            Exc = -43.6677280046      Eck =  655.906793306    
                              N = 72.002344003    
                            current damping = 0.200
 
          Norm of current diis error: 0.49592E-01
          max. resid. norm for Fia-block=  2.449D-03 for orbital     35a         
          max. resid. fock norm         =  2.859D-03 for orbital     38a         

 ITERATION  ENERGY          1e-ENERGY        2e-ENERGY     NORM[dD(SAO)]  TOL
   7  -388.86399976437    -1488.0539216     612.17895905    0.819D-02 0.273D-11
                            Exc = -43.6697408030      Eck =  655.848699849    
                              N = 72.002341962    
                            current damping = 0.250
 
          Norm of current diis error: 0.22685E-01
          max. resid. norm for Fia-block=  7.727D-04 for orbital     21a         
          max. resid. fock norm         =  1.063D-03 for orbital     28a         

 ITERATION  ENERGY          1e-ENERGY        2e-ENERGY     NORM[dD(SAO)]  TOL
   8  -388.86402270929    -1488.1411614     612.26617584    0.330D-02 0.268D-11
                            Exc = -43.6739016716      Eck =  655.940077515    
                              N = 72.002338141    
                            current damping = 0.300
 
          Norm of current diis error: 0.61079E-02
          max. resid. norm for Fia-block=  3.734D-04 for orbital     34a         
          max. resid. fock norm         =  5.832D-04 for orbital      6a         

 ITERATION  ENERGY          1e-ENERGY        2e-ENERGY     NORM[dD(SAO)]  TOL
   9  -388.86402448201    -1488.1390786     612.26409130    0.148D-02 0.266D-11
                            Exc = -43.6739961884      Eck =  655.938087484    
                              N = 72.002339005    
                            current damping = 0.350
 
          Norm of current diis error: 0.36429E-02
          max. resid. norm for Fia-block=  1.352D-04 for orbital     36a         
          max. resid. fock norm         =  2.728D-04 for orbital      4a         

 ITERATION  ENERGY          1e-ENERGY        2e-ENERGY     NORM[dD(SAO)]  TOL
  10  -388.86402511304    -1488.1338878     612.25889986    0.155D-03 0.263D-11
                            Exc = -43.6738126151      Eck =  655.932712475    
                              N = 72.002339142    
                            current damping = 0.200
 
          Norm of current diis error: 0.52714E-03
          max. resid. norm for Fia-block=  2.977D-05 for orbital     36a         
          max. resid. fock norm         =  3.865D-05 for orbital      9a         
          mo-orthogonalization: Cholesky decomposition

 ITERATION  ENERGY          1e-ENERGY        2e-ENERGY     NORM[dD(SAO)]  TOL
  11  -388.86402513850    -1488.1347956     612.25980763    0.107D-03 0.260D-11
                            Exc = -43.6738638216      Eck =  655.933671450    
                              N = 72.002339213    
                            current damping = 0.250
 
          Norm of current diis error: 0.21472E-03
          max. resid. norm for Fia-block=  1.386D-05 for orbital     36a         
          max. resid. fock norm         =  3.121D-05 for orbital      9a         

 ITERATION  ENERGY          1e-ENERGY        2e-ENERGY     NORM[dD(SAO)]  TOL
  12  -388.86402514139    -1488.1352203     612.26023240    0.311D-04 0.257D-11
                            Exc = -43.6738847230      Eck =  655.934117122    
                              N = 72.002339202    
                            current damping = 0.100
 
          Norm of current diis error: 0.19574E-03
          max. resid. norm for Fia-block=  6.286D-06 for orbital     35a         
          max. resid. fock norm         =  1.337D-05 for orbital      9a         

 ENERGY CONVERGED !

          Overall gridpoints after grid construction =        102355

 ITERATION  ENERGY          1e-ENERGY        2e-ENERGY     NORM[dD(SAO)]  TOL
  13  -388.86595429002    -1488.1348445     612.25792739    0.786D-05 0.255D-11
                            Exc = -43.6757986612      Eck =  655.933726051    
                              N = 72.000007703    
                            current damping = 0.150
 
          Norm of current diis error: 0.43818E-04
          max. resid. norm for Fia-block=  2.109D-06 for orbital     36a         
          max. resid. fock norm         =  2.601D-06 for orbital      6a         

 End of SCF iterations

   convergence criteria satisfied after    13 iterations


                  ------------------------------------------ 
                 |  total energy      =   -388.86595429002  |
                  ------------------------------------------ 
                 :  kinetic energy    =    387.29145830125  :
                 :  potential energy  =   -776.15741259126  :
                 :  virial theorem    =      1.99595105724  :
                 :  wavefunction norm =      1.00000000000  :
                  .......................................... 


 <geterg> : there is no data group $energy 


 orbitals $scfmo  will be written to file mos

    irrep                 32a         33a         34a         35a         36a   
 eigenvalues H         -0.36740    -0.31914    -0.31391    -0.23391    -0.22619
            eV          -9.9976     -8.6842     -8.5421     -6.3651     -6.1551
 occupation              2.0000      2.0000      2.0000      2.0000      2.0000

    irrep                 37a         38a         39a         40a         41a   
 eigenvalues H         -0.01957    -0.00329     0.04694     0.06677     0.07319
            eV          -0.5326     -0.0894      1.2774      1.8169      1.9917
 
 
 
 
 ==============================================================================
                           electrostatic moments
 ==============================================================================

 reference point for electrostatic moments:    0.00000   0.00000   0.00000

 
              nuc           elec       ->  total
 ------------------------------------------------------------------------------
                          charge      
 ------------------------------------------------------------------------------
          72.000000     -72.000000       0.000000
 
 ------------------------------------------------------------------------------
                       dipole moment  
 ------------------------------------------------------------------------------
   x    -276.325345     276.293572      -0.031773
   y     -80.559641      80.507847      -0.051794
   z     -12.504068      12.662398       0.158330
 
   | dipole moment | =     0.1696 a.u. =     0.4311 debye 
 
 ------------------------------------------------------------------------------
                     quadrupole moment
 ------------------------------------------------------------------------------
  xx    1398.314747   -1439.830947     -41.516200
  yy     804.488680    -853.220373     -48.731693
  zz     284.897870    -327.498619     -42.600750
  xy     115.215576    -113.327859       1.887717
  xz       1.247418      -1.303742      -0.056324
  yz     125.993442    -127.729654      -1.736212
 
     1/3  trace=     -44.282881
     anisotropy=       8.072005
 
 ==============================================================================
 
HOMO-LUMO Separation
 HOMO         :   -0.22619288 H =     -6.15502 eV
 LUMO         :   -0.01957109 H =     -0.53256 eV
 HOMO-LUMO gap:    0.20662178 H =     +5.62247 eV
 
 ==============================================================================


    ------------------------------------------------------------------------
         total  cpu-time :  5 minutes and 29 seconds
         total wall-time :  2 minutes and 45 seconds
    ------------------------------------------------------------------------

   ****  ridft : all done  ****


    2023-06-22 16:30:00.544 

 ridft ended normally
