
   OpenMP run-time library returned nthreads =  2

 force (c04) : TURBOMOLE rev. V7-6 27 Oct 2021 at 10:11:12 compiled Oct 27th 2021
 Copyright (C) 2021 TURBOMOLE GmbH, Karlsruhe


    2023-06-08 16:38:18.459 



                             T U R B O M O L E   

                          a o f o r c e - program

                        using direct algorithms for

                       SCF level calculations of
                         * harmonic force constants
                         * hyperpolarizabilities
                         * IR and RAMAN intensities
                         * VCD intensities

                       DFT level calculations of
                         * harmonic force constants
                         * IR intensities
                                                   
       Stephan Boecker, Peter Deglmann, Filipp Furche and Marco Haeser
                          Quantum Chemistry Group
                          Universitaet  Karlsruhe
                                   Germany

 
 

          OpenMP Shared-Memory Parallelization:  2 CPUs.

            By: Erik P. Almaraz and Filipp Furche
            Copyright 2009-2011 by UCI and TURBOMOLE GmbH.

            Revised By: Christof Holzer and Yannick J. Franzke.

 
 
     References :
 
       RI-J implementation:
         Peter Deglmann, Klaus May, Filipp Furche, Reinhart Ahlrichs
                 Chem. Phys. Lett. 384:103 (2004)
 
       Efficiency, technical details:
         Peter Deglmann, Filipp Furche, Reinhart Ahlrichs
                 Chem. Phys. Lett. 362:511 (2002)
 
       Search of lowest eigenvalues by iterative diagonalization:
         Peter Deglmann, Filipp Furche
                 J. Chem. Phys. 117:9535 (2002)
 
       Vibrational circular dichroism implementation:
        Kevin Reiter, Michael Kuehn, Florian Weigend
                 J. Chem. Phys. 146:054102 (2017)  
 
 


              +--------------------------------------------------+
              | Atomic coordinate, charge and isotop information |
              +--------------------------------------------------+

                    atomic coordinates            atom    charge  isotop
         -7.70088343    3.71262272    0.00000000    o      8.000     0
         -5.55983501    3.82186652    0.00000000    c      6.000     0
 
       center of nuclear mass  :   -6.78278458    3.75946734    0.00000000
       center of nuclear charge:   -6.78329125    3.75944149    0.00000000
 $basis  : could not find file <basis> !
              read basis sets from /software/cluster/turbomole76/basen/
              (basis sets have been saved in file basis)

              +--------------------------------------------------+
              |               basis set information              |
              +--------------------------------------------------+

              we will work with the 1s 3p 5d 7f 9g ... basis set
              ...i.e. with spherical basis functions...

   type   atoms  prim   cont   basis
   ---------------------------------------------------------------------------
    o        1     77     57   def2-QZVP   [7s4p3d2f1g|15s8p3d2f1g]
    c        1     77     57   def2-QZVP   [7s4p3d2f1g|15s8p3d2f1g]
   ---------------------------------------------------------------------------
   total:    2    154    114
   ---------------------------------------------------------------------------

   total number of primitive shells          :   58
   total number of contracted shells         :   34
   total number of cartesian basis functions :  144
   total number of SCF-basis functions       :  114

 
             FOUND RI-J FLAG !
 

 NOTE: THIS IS A PRELIMINARY IMPLEMENTATION. THE RI APPROXIMATION IS
       PRESENTLY USED FOR CPKS CONTRIBUTIONS TO THE HESSIAN ONLY! SEE
       MANUAL FOR FURTHER DETAILS.

  
 AUXILIARY BASIS SET information:
 $jbas  : could not find file <auxbasis> !
              read basis sets from /software/cluster/turbomole76/jbasen/
              (basis sets have been saved in file auxbasis)

              we will work with the 1s 3p 5d 7f 9g ... basis set
              ...i.e. with spherical basis functions...

   type   atoms  prim   cont   basis
   ---------------------------------------------------------------------------
    o        1     70     49   def2-QZVP   [6s4p3d1f1g|12s5p4d2f1g]
    c        1     70     49   def2-QZVP   [6s4p3d1f1g|12s5p4d2f1g]
   ---------------------------------------------------------------------------
   total:    2    140     98
   ---------------------------------------------------------------------------

   total number of primitive shells          :   48
   total number of contracted shells         :   30
   total number of cartesian basis functions :  122
   total number of SCF-basis functions       :   98


 symmetry group of the molecule :   c1 

 the group has the following generators :
   c1(z)

    1 symmetry operations found

 there are 1 real representations :   a   

 maximum number of shells which are related by symmetry :  1


 determining totally symmetric integral contributions 
    - equivalent to irreducible tensor elements - 
 which can be formed within each triple of representations :

             representation triple      contributions

              a     a     a               1

    mo occupation :
   irrep   mo's   occupied
    a      114        7
 
 number of basis functions   :   114
 number of occupied orbitals :     7
 
  MOs are in ASCII format !


 reading orbital data $scfmo  from file mos
 orbital characterization : scfconv=7
 time elapsed for calculating density matrices :   0.001 sec

 number of non-frozen orbitals          :   114
 number of non-frozen occupied orbitals :     7
 Blocking parameters 
 shells:
    index      start shell   last shell  start bf    last bf    #bf 
       1             1          34             1        144    144
          size of I/O Block in Byte:                 995328
  
           ----------------------
               RI - INFORMATION
           ----------------------

 biggest AO integral is expected to be     6.990327543

 Threshold for integral neglect (rithr2):   0.17E-10
 Threshold for integral neglect (rithr1):   0.17E-10

 Contributions to RI integral batches: 
  neglected integral batches:                     5
  direct contribution:                            0
  memory contribution:                   590
 Core memory available (ricore):               500 MiB
 Core memory needed for (P|Q) and Cholesky:      1 MiB
 Core memory used for integrals:                10 MiB
 
 ****************************************
 Memory allocated for RIDFT: 10 MiB
 ****************************************
 
 
 
 
 
 OCCUPIED-OCCUPIED TENSOR SPACES :

          IRREP   tensor space dimension   number of roots

           a                49                   1
 
 OCCUPIED-VIRTUAL TENSOR SPACES :

          IRREP   tensor space dimension   number of roots

           a               749                   1
 
 
 
 
 CONSTRUCTING integral bounds

 setting up bound for integral derivative estimation

 increment for numerical differentiation : 0.00050000
 
 machine precision:   2.220446049250313E-016

 integral neglect threshold       :  0.10E-09
 integral storage threshold THIZE :  0.10E-04
 integral storage threshold THIME :         5

 
 
 
 CONSTRUCTING first deriv. of <mu|x,y,z|nu> -> Dip. deriv.
  dipole integral derivatives will be neglected if
  expon. factor <0.347222E-11
      ...terminated. cpu:       0.00       wall:       0.00
 
 
 
 
 CONSTRUCTING first deriv. of  <mu|nu>
                               <mu|h|nu>    -> RHS
              second deriv. of <mu|nu>      -> Hessian
                               <mu|h|nu>    -> Hessian
                               nucl. rep.   -> Hessian
     integrals are neglected if expon. factor <  3.472222222222222E-013
      ...terminated. cpu:       0.04       wall:       0.03
 
 
 
 
 CONSTRUCTING second deriv. of 2e energy    -> Hessian
   treating Coulomb (and exchange) contribution
     integrals will be neglected if total contribution <  3.472222222222222E-009
      ...terminated. cpu:      10.58       wall:      14.09
 
 
 
 
 CONSTRUCTING S(i,j)xi
      ...terminated. cpu:       0.00       wall:       0.00
 
 
 
 
 CONSTRUCTING <i|x,y,z|j>*S(i,j)xi          -> Dip. deriv.
      ...terminated. cpu:       0.00       wall:       0.00
 
 
 
 
 CONSTRUCTING epsilon(i)*S(i,j)xi*S(i,j)chi -> Hessian
      ...terminated. cpu:       0.00       wall:       0.00
 
 
 
 
 CONSTRUCTING G(a,i)[S(k,l)xi]              -> RHS
              G(i,j)[S(k,l)xi]*S(i,j)chi    -> Hessian
 
         Maximum core memory set to                   1000 MB
         This corresponds to                  5988 vectors in CAO basis
      ...terminated. cpu:       1.20       wall:       1.58
 
 
 
 
 CONSTRUCTING G(mu,nu)[D(kap,lam)]xi
 
          Maximum core memory set to                   1000 MB
          Atoms treated simultaneously :                     2
 max of dfo   462.307595768188     
      ...terminated. cpu:       5.41       wall:       7.29
 
 
 
 
 CONSTRUCTING F(a,i)xi                      -> RHS
              F(i,j)xi*S(i,j)chi            -> Hessian
 
        Maximum core memory set to                  1000 MB
        This corresponds to                 11714 vectors in CAO basis
      ...terminated. cpu:       0.01       wall:       0.01
 
 
 
 
 CONSTRUCTING epsilon(i)*S(a,i)xi           -> RHS
      ...terminated. cpu:       0.01       wall:       0.00
 
 
 
 
 SOLVING CPHF equations
 
 Residuum convergence criterium   :  1.000000000000000E-005
 
 Maximum number of Davidson iterations set to                    25

 logfile cphf_a    will be constructed


                       Nonorthonormal Krylov Space Iteration


 total number of roots to be determined: 1


 maximum core memory set to         1000 MB,
 corresponding to     6240 vectors in CAO basis


 maximum number of simultaneously treated vectors (including degeneracy):        1


 Iteration IRREP Converged      Max. Euclidean
                 roots          residual norm

    1       a        0        5.935759174369441D-02
 
    2       a        0        2.474145395289390D-02
 
    3       a        0        7.529139424462129D-03
 
    4       a        0        2.249526195863239D-03
 
    5       a        0        3.645777836926022D-04
 
    6       a        0        3.992518832103920D-05
 
    7       a        1        5.605961649620137D-06
 

 converged!

      ...terminated. cpu:       7.73       wall:       9.71
 
 
 
 
 CONSTRUCTING <a|x,y,z|i>*U(a,i)xi          -> Dip. deriv.
      ...terminated. cpu:       0.00       wall:       0.00
 
 
 
 
 CONSTRUCTING RHS(a,i)xi*U(a,i)chi          -> Hessian
      ...terminated. cpu:       0.00       wall:       0.00
 
 
 
 

            -----------------------
            permanent dipole moment
            -----------------------

                                   x                y                z
    electronic part       :   95.0833091645   -52.6261992872     0.0000000000
     nuclear   part       :  -94.9660775199    52.6321808570     0.0000000000
     total                :    0.1172316446     0.0059815698     0.0000000000

 with reference to the point :   0.0000000        0.0000000        0.0000000
 (given in atomic units)
    | dipole |       :    0.2983629932  debye

   ***  dipole moment & cartesian dipole gradients written onto
        $dipole, $dipgrad,  file=<dipgrad>  ***

             -----------------------------------
             rotational and vibrational analysis
             -----------------------------------


            ==============================================================
            ATOMIC WEIGHTS (average over the natural occurance of isotops)
            ==============================================================
            ('*' denotes special isotop !)
              1     o                15.99940
              2     c                12.01115

          -------------------------------------------------
          CARTESIAN FORCE CONSTANT MATRIX (hartree/bohr**2)
         (translational & rotational space projected out)
          -------------------------------------------------

   ATOM              1 o                           2 c 
                  dx        dy        dz        dx        dy        dz
   1 o     dx  1.2186903
           dy  0.0621819 0.0031727
           dz  0.0000000 0.0000000 0.0000000
   2 c     dx -1.2186903-0.0621819 0.0000000 1.2186903
           dy -0.0621819-0.0031727 0.0000000 0.0621819 0.0031727
           dz  0.0000000 0.0000000 0.0000000 0.0000000 0.0000000 0.0000000
 

   *** projected hessian written onto $hessian (projected), file=<hessian> ***

 dipole moment in principle axis system (a.u.) :
     0.1173841458    -0.0000000000     0.0000000000
 norm :  0.117384145795217     

 rotational constants b for rotations around axis of inertia
 and optical intensities for (1 <-- 0) transition

   b   :     0.0000000000     1.9091736334     1.9091736334   (cm**(-1))
   b   :           0.0000       57235.5856       57235.5856     (MHz)
  int. :     0.0137790377     0.0000000000     0.0000000000     (a.u.)

   x   :     0.9987008369    -0.0509572204     0.0000000000
   y   :     0.0509572204     0.9987008369     0.0000000000
   z   :     0.0000000000     0.0000000000     1.0000000000

   ***  normal modes written onto $vibrational normal modes, file=<vib_normal_modes>  ***

  Keyword $vibrational reduced masses missing in file <control>


   ***  vibrational spectroscopic data written onto$vibrational spectrum   
        file=<vibspectrum>  ***

          ---------------------------------------------------
          NORMAL MODES and VIBRATIONAL FREQUENCIES (cm**(-1))
          ---------------------------------------------------

 imaginary wave numbers indicate a negative curvature of the energy surface.
 zero frequency modes have no physical meaning except being generators of
 translations and rotations. each vibrational normal mode - given in terms of
 cartesian displacement vectors of all atoms - has been normalized to unity.
 to obtain mass-weigthed normal coordinates in a.u. divide the tabulated
 modes by sqrt(reduced mass * 1822.88853).
 band intensities or cross sections refer to independent non-degenerate normal
 modes, that is, the intensities of degenerate modes have yet to be added.
 dDIP/dQ is the normal mode derivative of the dipole moment.


       mode               1        2        3        4        5        6

     frequency           0.00     0.00     0.00     0.00     0.00  2169.36

     symmetry                                                         a   

        IR                -        -        -        -        -       YES
|dDIP/dQ|   (a.u.)     0.0000   0.0000   0.0000   0.0000   0.0000   0.0092
intensity (km/mol)       0.00     0.00     0.00     0.00     0.00   151.84
intensity (  %   )       0.00     0.00     0.00     0.00     0.00   100.00
 
       RAMAN              -        -        -        -        -       YES
 
  1   o           x  -0.01245  0.00000  0.02184  0.00000  0.70736  0.59959
                  y   0.99918  0.00000  0.00111  0.00000 -0.01165  0.03059
                  z   0.00000  1.00000  0.00000  0.00000  0.00000  0.00000
  2   c           x   0.03853  0.00000 -0.02909  0.00000  0.70676 -0.79868
                  y   0.00000  0.00000  0.99934  0.00000  0.00000 -0.04075
                  z   0.00000  0.00000  0.00000  1.00000  0.00000  0.00000

reduced mass(g/mol)    15.993   15.999   12.013   12.011   14.007   13.449
 

         **************************************************************
         *                                                            *
         *  zero point VIBRATIONAL energy  :      0.0049422  Hartree  *
         *    SCF-energy                   :   -112.7893915           *
         *    SCF + E(vib0)                :   -112.7844493           *
         *                                                            *
         **************************************************************




 time elapsed for vibrational analysis     0.00 sec


    ------------------------------------------------------------------------
         total  cpu-time :  30.76 seconds
         total wall-time :  47.16 seconds
    ------------------------------------------------------------------------

   ****  force : all done  ****


    2023-06-08 16:39:05.580 

