
  ========================================================================
                license information 
 Customer : 200000000058156
 ID       : LKO1924661

 License file is VALID, continuing with full version
  ========================================================================

   OpenMP run-time library returned nthreads =  2

 ridft (c04) : TURBOMOLE rev. V7-6 27 Oct 2021 at 10:11:12 compiled Oct 27th 2021
 Copyright (C) 2021 TURBOMOLE GmbH, Karlsruhe


    2023-06-06 11:13:27.274 



                                  r i d f t

                        DFT program with RI approximation 
                                for coulomb part 




                                                 
                                 References:     
                                                 
          TURBOMOLE:                             
              R. Ahlrichs, M. Baer, M. Haeser, H. Horn, and
              C. Koelmel
              Electronic structure calculations on workstation
              computers: the program system TURBOMOLE
              Chem. Phys. Lett. 162: 165 (1989)
          Density Functional:                              
              O. Treutler and R. Ahlrichs                      
              Efficient Molecular Numerical Integration Schemes
              J. Chem. Phys. 102: 346 (1995)                   
          Parallel Version:                                
              Performance of parallel TURBOMOLE for Density    
              Functional Calculations                          
              M. v. Arnim and R. Ahlrichs                      
              J. Comp. Chem. 19: 1746 (1998)                   
          RI-J Method:                                     
              Auxiliary Basis Sets to approximate Coulomb      
              Potentials                                       
              Chem. Phys. Lett. 240: 283 (1995)                
              K. Eichkorn, O. Treutler, H. Oehm, M. Haeser     
              and R. Ahlrichs                                  
              Chem. Phys. Lett. 242: 652 (1995)                
                                                           
              Auxiliary Basis Sets for Main Row Atoms and their
              Use to approximate Coulomb Potentials            
              K. Eichkorn, F. Weigend, O. Treutler and         
              R. Ahlrichs                                      
              Theo. Chem. Acc. 97: 119 (1997)                   
                                                           
              Accurate Coulomb-fitting basis sets for H to Rn 
              F. Weigend                                        
              Phys. Chem. Chem. Phys. 8: 1057 (2006)            
                                                           
          Multipole accelerated RI-J (MARI-J):             
              Fast evaluation of the Coulomb potential for     
              electron densities using multipole accelerated   
              resolution of identity approximation             
              M. Sierka, A. Hogekamp and R. Ahlrichs           
              J. Chem. Phys. 118: 9136 (2003)                  
          RI-JK Method:                                     
              A fully direct RI-HF algorithm: Implementation,
              optimised auxiliary basis sets, demonstration of
              accuracy and efficiency                         
              F. Weigend                                      
              Phys. Chem. Chem. Phys. 4: 4285 (2002)           
          Two-component HF and DFT with spin-orbit coupling:  
              Self-consistent treatment of spin-orbit         
              interactions with efficient Hartree-Fock and    
              density functional methods                      
              M. K. Armbruster, F. Weigend, C. van Wüllen and 
              W. Klopper                                      
              Phys. Chem. Chem. Phys. 10: 1748 (2008)         
          Two-component difference density and DIIS algorithm 
              Efficient two-component self-consistent field   
              procedures and gradients: implementation in     
              TURBOMOLE and application to Au20-              
              A. Baldes, F. Weigend                           
              Mol. Phys. 111: 2617 (2013)                     
          Relativistic all-electron 2c calculations           
              An efficient implementation of two-component    
              relativistic exact-decoupling methods for large 
              molecules                                       
              D. Peng, N. Middendorf, F. Weigend, M. Reiher   
              J. Chem. Phys. 138: 184105 (2013)               
          Finite nucleus model and SNSO approximation         
              Efficient implementation of one- and two-       
              component analytical energy gradients in exact  
              two-component theory                            
              Y. J. Franzke, N. Middendorf, F. Weigend        
              J. Chem. Phys. 148: 104110 (2018)               
          Grids for all-electron relativistic methods         
              Error-consistent segmented contracted all-      
              electron relativistic basis sets of double-     
              and triple-zeta quality for NMR shielding       
              constants                                       
              Y. J. Franzke, R. Tress, T. M. Pazdera,         
              F. Weigend                                      
              Phys. Chem. Chem. Phys. 21: 166658 (2019)       
          Seminumerical exchange algorithms                   
              Seminumerical calculation of the Hartree-Fock   
              exchange matirx: Application to two-component   
              procedures and efficient evaluation of local    
              hybrid functionsl                               
               P. Plessow, F. Weigend,                        
              J. Comput. Chem. 33: 810 (2012)                 
          Improved seminumerical algorithms                   
              C. Holzer,                                      
              J. Chem. Phys. 153 (2020), 184115               
                                         





          OpenMP Shared-Memory Parallelization:  2 CPUs.

            By: Christof Holzer and Yannick J. Franzke


              +--------------------------------------------------+
              |      general information about current run       |
              +--------------------------------------------------+

 

 DENSITY CONVERGENCE CHECK SWITCHED ON !
 SCF CONVERGENCE IF RMS(delta[D]) <     0.1000000000E-06

 A HF calculation using the RI-J approximation will be carried out.
 Allocatable memory for RI due to $ricore (MB):                   500


              +--------------------------------------------------+
              | Atomic coordinate, charge and isotop information |
              +--------------------------------------------------+

                    atomic coordinates            atom    charge  isotop
         -7.70088343    3.71262272    0.00000000    o      8.000     0
         -5.55983501    3.82186652    0.00000000    c      6.000     0
 
       center of nuclear mass  :   -6.78278458    3.75946734    0.00000000
       center of nuclear charge:   -6.78329125    3.75944149    0.00000000

  Keyword $basis  missing in file <control>

              read basis sets from /software/cluster/turbomole76/basen/
              (basis sets have been saved in file basis)

              +--------------------------------------------------+
              |               basis set information              |
              +--------------------------------------------------+

              we will work with the 1s 3p 5d 7f 9g ... basis set
              ...i.e. with spherical basis functions...

   type   atoms  prim   cont   basis
   ---------------------------------------------------------------------------
    o        1     77     57   def2-QZVP   [7s4p3d2f1g|15s8p3d2f1g]
    c        1     77     57   def2-QZVP   [7s4p3d2f1g|15s8p3d2f1g]
   ---------------------------------------------------------------------------
   total:    2    154    114
   ---------------------------------------------------------------------------

   total number of primitive shells          :   58
   total number of contracted shells         :   34
   total number of cartesian basis functions :  144
   total number of SCF-basis functions       :  114


 integral neglect threshold       :  0.23E-10
 integral storage threshold THIZE :  0.10E-04
 integral storage threshold THIME :         5

 RI-J AUXILIARY BASIS SET information:

              assign orbital basis set names as defaults
              read basis sets from /software/cluster/turbomole76/jbasen/
              (basis sets have been saved in file auxbasis)

              we will work with the 1s 3p 5d 7f 9g ... basis set
              ...i.e. with spherical basis functions...

   type   atoms  prim   cont   basis
   ---------------------------------------------------------------------------
    o        1     70     49   def2-QZVP   [6s4p3d1f1g|12s5p4d2f1g]
    c        1     70     49   def2-QZVP   [6s4p3d1f1g|12s5p4d2f1g]
   ---------------------------------------------------------------------------
   total:    2    140     98
   ---------------------------------------------------------------------------

   total number of primitive shells          :   48
   total number of contracted shells         :   30
   total number of cartesian basis functions :  122
   total number of SCF-basis functions       :   98


 symmetry group of the molecule :   c1 

 the group has the following generators :
   c1(z)

    1 symmetry operations found

 there are 1 real representations :   a   

 maximum number of shells which are related by symmetry :  1


 biggest AO integral is expected to be     6.990327543

          ------------------------
          nuclear repulsion energy  :   22.3897972976    
          ------------------------


         -----------------
         -S,T+V- integrals
         -----------------

 1e-integrals will be neglected if expon. factor < 0.232081E-11
 
   Difference densities algorithm switched on.
   The maximal number of linear combinations of
   difference densities is                    20 .

 DIIS switched on: error vector is FDS-SDF
 Max. Iterations for DIIS is     :   5
 DIIS matrix (see manual) 
    Scaling factor of diagonals  :  1.200
    threshold for scaling factor :  0.000

 scf convergence criterion : increment of total energy < .1000000D-06
                  and increment of one-electron energy < .1000000D-03

 MOs are in ASCII format !

  missing closed shell occupation number declaration

 No input with occupation numbers/open-shell information found

 start vectors will be provided by an EHT guess

 The EHT guess will be determined for:
   molecular charge   :    0
   number of electrons:   14
   S_z eigenvalue     :    0
 
 virtual MOs provided and orthogonalized by Cholesky decomposition

 automatic virtual orbital shift switched on 
      shift if e(lumo)-e(homo) < 0.10000000    

  
           ------------------------
               RI-J - INFORMATION
           ------------------------
 Contributions to RI integral batches: 
  neglected integral batches:                     6
  direct contribution:                            0
  memory contribution:                   589
 Memory core needed for (P|Q) and Cholesky      1 MByte
 Memory core minimum needed except of (P|Q)     1 MByte
 Total minimum memory core needed (sum)         1 MByte
  
 ****************************************
 Memory allocated for RI-J    10 MByte
 ****************************************
                                            

 dump of DSCF restart information has been disabled !


 Starting SCF iterations


 ITERATION  ENERGY          1e-ENERGY        2e-ENERGY     RMS[dD(SAO)]   TOL
   1  -112.46398497426    -196.84634203     61.992559760    0.000D+00 0.231D-10
                            exK = -13.2839330941     Coul =  75.2764928541    
                            current damping = 0.300
 
          max. resid. norm for Fia-block=  9.057D-01 for orbital      3a         
          max. resid. fock norm         =  9.529D+01 for orbital    103a         

 ITERATION  ENERGY          1e-ENERGY        2e-ENERGY     RMS[dD(SAO)]   TOL
   2  -112.76234331041    -197.69206688     62.539926272    0.896D-02 0.165D-10
                            current damping = 0.250
 
          Norm of current diis error: 0.86030    
          max. resid. norm for Fia-block=  1.315D-01 for orbital      1a         
          max. resid. fock norm         =  2.198D-01 for orbital     92a         

 ITERATION  ENERGY          1e-ENERGY        2e-ENERGY     RMS[dD(SAO)]   TOL
   3  -112.78454542232    -198.13813422     62.963791499    0.390D-02 0.123D-10
                            current damping = 0.100
 
          Norm of current diis error: 0.27850    
          max. resid. norm for Fia-block=  2.958D-02 for orbital      4a         
          max. resid. fock norm         =  4.110D-02 for orbital     26a         

 ITERATION  ENERGY          1e-ENERGY        2e-ENERGY     RMS[dD(SAO)]   TOL
   4  -112.78869207805    -197.93201020     62.753520823    0.234D-02 0.102D-10
                            current damping = 0.150
 
          Norm of current diis error: 0.11304    
          max. resid. norm for Fia-block=  1.315D-02 for orbital      7a         
          max. resid. fock norm         =  1.504D-02 for orbital     92a         

 ITERATION  ENERGY          1e-ENERGY        2e-ENERGY     RMS[dD(SAO)]   TOL
   5  -112.78930815617    -198.01568129     62.836575836    0.855D-03 0.929D-11
                            current damping = 0.200
 
          Norm of current diis error: 0.26375E-01
          max. resid. norm for Fia-block=  4.786D-03 for orbital      7a         
          max. resid. fock norm         =  4.829D-03 for orbital      7a         
          mo-orthogonalization: Cholesky decomposition

 ITERATION  ENERGY          1e-ENERGY        2e-ENERGY     RMS[dD(SAO)]   TOL
   6  -112.78938082962    -198.00140935     62.822231224    0.386D-03 0.876D-11
                            current damping = 0.250
 
          Norm of current diis error: 0.95429E-02
          max. resid. norm for Fia-block=  2.079D-03 for orbital      7a         
          max. resid. fock norm         =  2.097D-03 for orbital      7a         

 ITERATION  ENERGY          1e-ENERGY        2e-ENERGY     RMS[dD(SAO)]   TOL
   7  -112.78939030492    -198.00039290     62.821205302    0.148D-03 0.839D-11
                            current damping = 0.100
 
          Norm of current diis error: 0.31691E-02
          max. resid. norm for Fia-block=  6.876D-04 for orbital      7a         
          max. resid. fock norm         =  6.939D-04 for orbital      7a         

 ITERATION  ENERGY          1e-ENERGY        2e-ENERGY     RMS[dD(SAO)]   TOL
   8  -112.78939141103    -197.99986891     62.820680203    0.516D-04 0.804D-11
                            current damping = 0.100
 
          Norm of current diis error: 0.80686E-03
          max. resid. norm for Fia-block=  1.420D-04 for orbital      7a         
          max. resid. fock norm         =  1.459D-04 for orbital      7a         

 ITERATION  ENERGY          1e-ENERGY        2e-ENERGY     RMS[dD(SAO)]   TOL
   9  -112.78939147236    -197.99978977     62.820600998    0.733D-05 0.776D-11
                            current damping = 0.100
 
          Norm of current diis error: 0.24133E-03
          max. resid. norm for Fia-block=  4.736D-05 for orbital      4a         
          max. resid. fock norm         =  4.827D-05 for orbital      4a         

 ITERATION  ENERGY          1e-ENERGY        2e-ENERGY     RMS[dD(SAO)]   TOL
  10  -112.78939147762    -197.99974586     62.820557089    0.887D-06 0.754D-11
                            current damping = 0.100
 
          Norm of current diis error: 0.71904E-04
          max. resid. norm for Fia-block=  1.798D-05 for orbital      4a         
          max. resid. fock norm         =  1.903D-05 for orbital      4a         
          mo-orthogonalization: Cholesky decomposition

 ENERGY & DENSITY CONVERGED !


 ITERATION  ENERGY          1e-ENERGY        2e-ENERGY     RMS[dD(SAO)]   TOL
  11  -112.78939147803    -197.99978153     62.820592754    0.361D-06 0.735D-11
                            current damping = 0.150
 
          Norm of current diis error: 0.25504E-04
          max. resid. norm for Fia-block=  2.821D-06 for orbital      5a         
          max. resid. fock norm         =  3.732D-06 for orbital     92a         

 End of SCF iterations

   convergence criteria satisfied after    11 iterations


                  ------------------------------------------ 
                 |  total energy      =   -112.78939147803  |
                  ------------------------------------------ 
                 :  kinetic energy    =    112.60173632668  :
                 :  potential energy  =   -225.39112780471  :
                 :  virial theorem    =      1.99833623403  :
                 :  wavefunction norm =      1.00000000000  :
                  .......................................... 


 <geterg> : there is no data group $energy 


 orbitals $scfmo  will be written to file mos

    irrep                  3a          4a          5a          6a          7a   
 eigenvalues H         -1.51716    -0.80381    -0.63749    -0.63749    -0.55546
            eV         -41.2842    -21.8729    -17.3472    -17.3472    -15.1148
 occupation              2.0000      2.0000      2.0000      2.0000      2.0000

    irrep                  8a          9a         10a         11a         12a   
 eigenvalues H          0.11259     0.11259     0.18466     0.21051     0.24380
            eV           3.0637      3.0637      5.0248      5.7282      6.6341
 
 
 
 
 ==============================================================================
                           electrostatic moments
 ==============================================================================

 reference point for electrostatic moments:    0.00000   0.00000   0.00000

 
              nuc           elec       ->  total
 ------------------------------------------------------------------------------
                          charge      
 ------------------------------------------------------------------------------
          14.000000     -14.000000      -0.000000
 
 ------------------------------------------------------------------------------
                       dipole moment  
 ------------------------------------------------------------------------------
   x     -94.966078      95.083309       0.117232
   y      52.632181     -52.626199       0.005982
   z       0.000000       0.000000       0.000000
 
   | dipole moment | =     0.1174 a.u. =     0.2984 debye 
 
 ------------------------------------------------------------------------------
                     quadrupole moment
 ------------------------------------------------------------------------------
  xx     659.899437    -670.610941     -10.711504
  yy     197.908522    -205.458417      -7.549895
  zz       0.000000      -7.590886      -7.590886
  xy    -356.217482     356.539557       0.322075
  xz       0.000000      -0.000000      -0.000000
  yz       0.000000       0.000000       0.000000
 
     1/3  trace=      -8.617429
     anisotropy=       3.190462
 
 ==============================================================================
 
HOMO-LUMO Separation
 HOMO         :   -0.55545516 H =    -15.11471 eV
 LUMO         :    0.11258825 H =     +3.06368 eV
 HOMO-LUMO gap:    0.66804342 H =    +18.17840 eV
 
 ==============================================================================


    ------------------------------------------------------------------------
         total  cpu-time :  18.59 seconds
         total wall-time :  1 minutes and 15 seconds
    ------------------------------------------------------------------------

   ****  ridft : all done  ****


    2023-06-06 11:14:40.059 

