
   OpenMP run-time library returned nthreads =  2

 force (c04) : TURBOMOLE rev. V7-6 27 Oct 2021 at 10:11:12 compiled Oct 27th 2021
 Copyright (C) 2021 TURBOMOLE GmbH, Karlsruhe


    2023-07-02 18:38:16.379 



                             T U R B O M O L E   

                          a o f o r c e - program

                        using direct algorithms for

                       SCF level calculations of
                         * harmonic force constants
                         * hyperpolarizabilities
                         * IR and RAMAN intensities
                         * VCD intensities

                       DFT level calculations of
                         * harmonic force constants
                         * IR intensities
                                                   
       Stephan Boecker, Peter Deglmann, Filipp Furche and Marco Haeser
                          Quantum Chemistry Group
                          Universitaet  Karlsruhe
                                   Germany

 
 

          OpenMP Shared-Memory Parallelization:  2 CPUs.

            By: Erik P. Almaraz and Filipp Furche
            Copyright 2009-2011 by UCI and TURBOMOLE GmbH.

            Revised By: Christof Holzer and Yannick J. Franzke.

 
 
     References :
 
       RI-J implementation:
         Peter Deglmann, Klaus May, Filipp Furche, Reinhart Ahlrichs
                 Chem. Phys. Lett. 384:103 (2004)
 
       Efficiency, technical details:
         Peter Deglmann, Filipp Furche, Reinhart Ahlrichs
                 Chem. Phys. Lett. 362:511 (2002)
 
       Search of lowest eigenvalues by iterative diagonalization:
         Peter Deglmann, Filipp Furche
                 J. Chem. Phys. 117:9535 (2002)
 
       Vibrational circular dichroism implementation:
        Kevin Reiter, Michael Kuehn, Florian Weigend
                 J. Chem. Phys. 146:054102 (2017)  
 
 


              +--------------------------------------------------+
              | Atomic coordinate, charge and isotop information |
              +--------------------------------------------------+

                    atomic coordinates            atom    charge  isotop
        -12.61865217    4.34413199   -0.04334231    c      6.000     0
        -12.55682569    1.78944231   -0.13758345    c      6.000     0
        -10.25558446    5.86830801    0.01589572    c      6.000     0
         -7.82140605    4.46002163   -0.03408172    c      6.000     0
         -7.75958570    1.90530010   -0.12747710    c      6.000     0
        -10.12265140    0.38109646   -0.18635082    c      6.000     0
        -10.06609867   -1.94347977   -0.27194753    o      8.000     0
        -10.31214454    8.19297054    0.10299419    o      8.000     0
        -14.38684825    5.41975693   -0.00565675    h      1.000     0
        -14.27113620    0.63019145   -0.18242235    h      1.000     0
         -6.10705088    5.61930933    0.01021535    h      1.000     0
         -5.99143476    0.82967156   -0.16468265    h      1.000     0
 
       center of nuclear mass  :  -10.18911877    3.12472581   -0.08519547
       center of nuclear charge:  -10.18911872    3.12472604   -0.08521091

              +--------------------------------------------------+
              |               basis set information              |
              +--------------------------------------------------+

              we will work with the 1s 3p 5d 7f 9g ... basis set
              ...i.e. with spherical basis functions...

   type   atoms  prim   cont   basis
   ---------------------------------------------------------------------------
    c        6     24     14   def2-SVP   [3s2p1d|7s4p1d]
    o        2     24     14   def2-SVP   [3s2p1d|7s4p1d]
    h        4      7      5   def2-SVP   [2s1p|4s1p]
   ---------------------------------------------------------------------------
   total:   12    220    132
   ---------------------------------------------------------------------------

   total number of primitive shells          :   29
   total number of contracted shells         :   60
   total number of cartesian basis functions :  140
   total number of SCF-basis functions       :  132

 
             FOUND RI-J FLAG !
 

 NOTE: THIS IS A PRELIMINARY IMPLEMENTATION. THE RI APPROXIMATION IS
       PRESENTLY USED FOR CPKS CONTRIBUTIONS TO THE HESSIAN ONLY! SEE
       MANUAL FOR FURTHER DETAILS.

  
 AUXILIARY BASIS SET information:

              we will work with the 1s 3p 5d 7f 9g ... basis set
              ...i.e. with spherical basis functions...

   type   atoms  prim   cont   basis
   ---------------------------------------------------------------------------
    c        6     70     49   def2-SVP   [6s4p3d1f1g|12s5p4d2f1g]
    o        2     70     49   def2-SVP   [6s4p3d1f1g|12s5p4d2f1g]
    h        4     16     11   def2-SVP   [3s1p1d|5s2p1d]
   ---------------------------------------------------------------------------
   total:   12    624    436
   ---------------------------------------------------------------------------

   total number of primitive shells          :   56
   total number of contracted shells         :  140
   total number of cartesian basis functions :  536
   total number of SCF-basis functions       :  436


 symmetry group of the molecule :   c1 

 the group has the following generators :
   c1(z)

    1 symmetry operations found

 there are 1 real representations :   a   

 maximum number of shells which are related by symmetry :  1


 determining totally symmetric integral contributions 
    - equivalent to irreducible tensor elements - 
 which can be formed within each triple of representations :

             representation triple      contributions

              a     a     a               1

    mo occupation :
   irrep   mo's   occupied
    a      132       28
 
 number of basis functions   :   132
 number of occupied orbitals :    28
 
  MOs are in ASCII format !


 reading orbital data $scfmo  from file mos
 orbital characterization : scfconv=7
 time elapsed for calculating density matrices :   0.002 sec

 number of non-frozen orbitals          :   132
 number of non-frozen occupied orbitals :    28
 Blocking parameters 
 shells:
    index      start shell   last shell  start bf    last bf    #bf 
       1             1          60             1        140    140
          size of I/O Block in Byte:                5644800
  
           ----------------------
               RI - INFORMATION
           ----------------------

 biggest AO integral is expected to be     4.776656448

 Threshold for integral neglect (rithr2):   0.18E-10
 Threshold for integral neglect (rithr1):   0.18E-10

 Contributions to RI integral batches: 
  neglected integral batches:                   103
  direct contribution:                            0
  memory contribution:                  1727
 Core memory available (ricore):               500 MiB
 Core memory needed for (P|Q) and Cholesky:      2 MiB
 Core memory used for integrals:                39 MiB
 
 ****************************************
 Memory allocated for RIDFT: 40 MiB
 ****************************************
 
  
           ------------------
           density functional
           ------------------
 TPSS meta-GGA functional
 exchange:    LDA + TPSS
 correlation: LDA (PW) + TPSS

 iterations will be done with small grid
  
 spherical integration : Lebedev's spherical grid
 spherical gridsize    :                     3
    i.e. gridpoints    :                   302
 value for diffuse not defined
 radial integration    : Chebyshev 2nd kind (scaling 3)
 radial gridsize       :                     3
 integration cells     :                    12
 partition function    : becke
 partition sharpness   :                     3
  
 
 Derivatives of quadrature weights will be included
 
 preparing DFT   numerical integration ....
          Overall gridpoints after grid construction =         63471
 Ordering of quadrature gridpoints disabled.
 
 
 
 
 OCCUPIED-OCCUPIED TENSOR SPACES :

          IRREP   tensor space dimension   number of roots

           a               784                  30
 
 OCCUPIED-VIRTUAL TENSOR SPACES :

          IRREP   tensor space dimension   number of roots

           a              2912                  30
 
 
 
 
 CONSTRUCTING integral bounds

 setting up bound for integral derivative estimation

 increment for numerical differentiation : 0.00050000
 
 machine precision:   2.220446049250313E-016

 integral neglect threshold       :  0.10E-09
 integral storage threshold THIZE :  0.10E-04
 integral storage threshold THIME :         5

 
 
 
 PREPARING NUMERICAL INTEGRATION
 
 Remaining core memory for DFT =                   984 MB
 
 Memory needed per atom    =                   231 KiB
 
     i. e.                    12 atoms per loop

 Calculating ground state density on molecular grid

 Integral of ground state density: N =   56.00001221291091    


 
 
 CONSTRUCTING first deriv. of <mu|x,y,z|nu> -> Dip. deriv.
  dipole integral derivatives will be neglected if
  expon. factor <0.357143E-11
      ...terminated. cpu:       0.01       wall:       0.00
 
 
 
 
 CONSTRUCTING first deriv. of  <mu|nu>
                               <mu|h|nu>    -> RHS
              second deriv. of <mu|nu>      -> Hessian
                               <mu|h|nu>    -> Hessian
                               nucl. rep.   -> Hessian
     integrals are neglected if expon. factor <  3.571428571428571E-013
  _________________________________
 |                                 |
 |         DFTD3 V3.1 Rev 0        |
 | S.Grimme, University Bonn       |
 |            June  2014           |
 |   see standalone version        |
 |       dftd3 -h for options      |
 |_________________________________|
 
 Please cite DFT-D3 work done with this code as:
 S. Grimme, J. Antony, S. Ehrlich and H. Krieg,
 J. Chem. Phys, 132 (2010), 154104.
 If used with BJ-damping cite also
 S. Grimme, S. Ehrlich and L. Goerigk,
 J. Comput. Chem. 32 (2011), 1456-1465
 For DFT-D2 the reference is
 S. Grimme, J. Comput. Chem., 27 (2006), 1787-1799
 
C6 coefficients used:
                     2  C6 for element                      1
Z=  1 CN= 0.912     C6(AA)=    3.03
Z=  1 CN= 0.000     C6(AA)=    7.59
                     5  C6 for element                      6
Z=  6 CN= 0.000     C6(AA)=   49.11
Z=  6 CN= 0.987     C6(AA)=   43.25
Z=  6 CN= 1.998     C6(AA)=   29.36
Z=  6 CN= 2.999     C6(AA)=   25.78
Z=  6 CN= 3.984     C6(AA)=   18.21
                     3  C6 for element                      8
Z=  8 CN= 0.000     C6(AA)=   15.51
Z=  8 CN= 0.993     C6(AA)=   12.82
Z=  8 CN= 1.989     C6(AA)=   10.37

#           XYZ [au]              R0(AA) [Ang.]  CN          C6(AA)     C8(AA)   C10(AA) [au]
  1 -12.63865   4.34413  -0.04334   c   0.645  3.099        25.4       735.9     26071.7
  2 -12.55683   1.78944  -0.13758   c   0.645  3.102        25.4       735.6     26062.5
  3 -10.25558   5.86831   0.01590   c   0.645  3.092        25.5       736.5     26093.7
  4  -7.82141   4.46002  -0.03408   c   0.645  3.101        25.4       735.8     26067.5
  5  -7.75959   1.90530  -0.12748   c   0.645  3.102        25.4       735.6     26063.2
  6 -10.12265   0.38110  -0.18635   c   0.645  3.091        25.5       736.6     26095.6
  7 -10.06610  -1.94348  -0.27195   o   0.539  1.054        12.8       257.7      6369.5
  8 -10.31214   8.19297   0.10299   o   0.539  1.053        12.8       257.7      6369.8
  9 -14.38685   5.41976  -0.00566   h   0.417  1.002         3.1        37.3       553.1
 10 -14.27114   0.63019  -0.18242   h   0.417  1.001         3.1        37.4       553.2
 11  -6.10705   5.61931   0.01022   h   0.417  1.001         3.1        37.4       553.2
 12  -5.99143   0.82967  -0.16468   h   0.417  1.001         3.1        37.4       553.2

molecular C6(AA) [au] =      1962.58

           DFT-D V3(BJ)
 DF tpss                                              
 parameters
 s6       :    1.0000
 s8       :    1.9435
 a1       :    0.4535
 a2       :    4.4752
 k1-k3    :   16.0000    1.3333   -4.0000
 
 Edisp /kcal,au:    -9.4681 -0.01508833

 E6    /kcal :    -4.6125
 E8    /kcal :    -4.8556
 % E8        : 51.28
 
 doing analytical gradient O(N^2) ...
 
 |G|=  3.887844568140651E-003
      ...terminated. cpu:       0.29       wall:       0.15
 
 
 
 
 CONSTRUCTING second deriv. of 2e energy    -> Hessian
   treating Coulomb (and exchange) contribution
     integrals will be neglected if total contribution <  3.571428571428571E-009
      ...terminated. cpu:      11.52       wall:       5.76
   treating exchange-correlation contribution
      ...terminated. cpu:      10.80       wall:       5.40
 
 
 
 
 CONSTRUCTING S(i,j)xi
      ...terminated. cpu:       0.00       wall:       0.00
 
 
 
 
 CONSTRUCTING <i|x,y,z|j>*S(i,j)xi          -> Dip. deriv.
      ...terminated. cpu:       0.00       wall:       0.00
 
 
 
 
 CONSTRUCTING epsilon(i)*S(i,j)xi*S(i,j)chi -> Hessian
      ...terminated. cpu:       0.00       wall:       0.00
 
 
 
 
 CONSTRUCTING G(a,i)[S(k,l)xi]              -> RHS
              G(i,j)[S(k,l)xi]*S(i,j)chi    -> Hessian
 
         Maximum core memory set to                   1000 MB
         This corresponds to                  6639 vectors in CAO basis
      ...terminated. cpu:      12.80       wall:       6.40
 
 
 
 
 CONSTRUCTING G(mu,nu)[D(kap,lam)]xi
 
          Maximum core memory set to                   1000 MB
          Atoms treated simultaneously :                    12
 max of dfo   16.8407130224917     
      ...terminated. cpu:      17.18       wall:       8.59
 
 
 
 
 CONSTRUCTING F(a,i)xi                      -> RHS
              F(i,j)xi*S(i,j)chi            -> Hessian
 
        Maximum core memory set to                  1000 MB
        This corresponds to                 10254 vectors in CAO basis
      ...terminated. cpu:       0.01       wall:       0.01
 
 
 
 
 CONSTRUCTING epsilon(i)*S(a,i)xi           -> RHS
      ...terminated. cpu:       0.01       wall:       0.00
 
 
 
 
 SOLVING CPHF equations
 
 Residuum convergence criterium   :  1.000000000000000E-005
 
 Maximum number of Davidson iterations set to                    25

 logfile cphf_a    will be constructed
  Switching to small grid
        preparing DFT   numerical integration ....
          Overall gridpoints after grid construction =         17504

 Calculating ground state density on molecular grid

 Integral of ground state density: N =   56.00012344394757    




                       Nonorthonormal Krylov Space Iteration


 total number of roots to be determined: 30


 maximum core memory set to         1000 MB,
 corresponding to     6464 vectors in CAO basis


 maximum number of simultaneously treated vectors (including degeneracy):       30


 Iteration IRREP Converged      Max. Euclidean
                 roots          residual norm

    1       a        0        7.959905295555940D-02
 
    2       a        0        5.941960154092898D-03
 
    3       a        0        5.481609760814584D-04
 
    4       a       20        2.293696169587853D-05
 
    5       a       30        9.775751046072107D-06
 

 converged!

  Switching to fine grid
        preparing numerical DFT   integration ....
          Overall gridpoints after grid construction =         63471

 Calculating ground state density on molecular grid

 Integral of ground state density: N =   56.00001221291057    



 Iteration IRREP Converged      Max. Euclidean
                 roots          residual norm

    6       a        0        2.134812668007672D-04
 

 NOTE: Residual norms are larger than 1.00D-05 due to mgrid option!

      ...terminated. cpu:      25.33       wall:      12.67
 
 
 
 
 CONSTRUCTING <a|x,y,z|i>*U(a,i)xi          -> Dip. deriv.
      ...terminated. cpu:       0.00       wall:       0.00
 
 
 
 
 CONSTRUCTING RHS(a,i)xi*U(a,i)chi          -> Hessian
      ...terminated. cpu:       0.00       wall:       0.00
 
 
 
 

            -----------------------
            permanent dipole moment
            -----------------------

                                   x                y                z
    electronic part       :  570.5906062180  -174.9828430332     4.7713596001
     nuclear   part       : -570.5906485750   174.9846584992    -4.7718112263
     total                :   -0.0000423569     0.0018154661    -0.0004516262

 with reference to the point :   0.0000000        0.0000000        0.0000000
 (given in atomic units)
    | dipole |       :    0.0047563475  debye

   ***  dipole moment & cartesian dipole gradients written onto
        $dipole, $dipgrad,  file=<dipgrad>  ***

             -----------------------------------
             rotational and vibrational analysis
             -----------------------------------


            ==============================================================
            ATOMIC WEIGHTS (average over the natural occurance of isotops)
            ==============================================================
            ('*' denotes special isotop !)
              1     c                12.01115
              2     c                12.01115
              3     c                12.01115
              4     c                12.01115
              5     c                12.01115
              6     c                12.01115
              7     o                15.99940
              8     o                15.99940
              9     h                 1.00797
             10     h                 1.00797
             11     h                 1.00797
             12     h                 1.00797

          -------------------------------------------------
          CARTESIAN FORCE CONSTANT MATRIX (hartree/bohr**2)
         (translational & rotational space projected out)
          -------------------------------------------------

   ATOM              1 c                           2 c 
                  dx        dy        dz        dx        dy        dz
   1 c     dx  0.5955403
           dy -0.0832903 0.7978049
           dz -0.0025570 0.0252453 0.1151559
   2 c     dx -0.1182180-0.0008760-0.0001418 0.5883749
           dy  0.0191503-0.4980650-0.0167279 0.0730662 0.8049251
           dz  0.0006076-0.0167347-0.0474931 0.0033452 0.0256984 0.1151593
   3 c     dx -0.2010214-0.0237940-0.0009626 0.0080543-0.0105244-0.0004013
           dy -0.0285203-0.0858946-0.0003909-0.0204977-0.0314468-0.0012410
           dz -0.0011240-0.0003497-0.0745601-0.0007349-0.0012248 0.0009226
   4 c     dx -0.0300029 0.0061648 0.0001821-0.0030007 0.0033941 0.0001196
           dy -0.0086880 0.0185226 0.0001494 0.0033944-0.0036433-0.0001853
           dz -0.0003813 0.0001455 0.0136439 0.0001162-0.0001828 0.0017060
   5 c     dx -0.0026013-0.0032018-0.0001275-0.0299998-0.0086769-0.0003830
           dy -0.0032015-0.0040414-0.0002129 0.0061534 0.0185381 0.0001572
           dz -0.0001289-0.0002115 0.0017105 0.0001700 0.0001453 0.0136425
   6 c     dx  0.0064480 0.0123931 0.0004889-0.2034900 0.0182225 0.0005027
           dy  0.0224163-0.0299256-0.0011004 0.0229625-0.0834836-0.0002775
           dz  0.0008239-0.0011395 0.0009198 0.0006623-0.0002867-0.0745485
   7 o     dx -0.0054574 0.0034089 0.0001140 0.0092118 0.0467750 0.0017075
           dy  0.0093500 0.0095321 0.0003059 0.0298108-0.0636211-0.0030539
           dz  0.0003550 0.0003262 0.0016993 0.0010889-0.0030526 0.0200130
   8 o     dx  0.0127551-0.0431425-0.0016277-0.0048047-0.0040126-0.0001534
           dy -0.0261179-0.0671842-0.0032980-0.0100561 0.0088921 0.0002602
           dz -0.0010049-0.0033492 0.0199952-0.0003851 0.0002861 0.0016925
   9 h     dx -0.2620848 0.1236962 0.0043232 0.0056231-0.0035507-0.0001273
           dy  0.1237660-0.1275004-0.0031352 0.0284820-0.0100500-0.0006686
           dz  0.0043291-0.0031329-0.0395271 0.0010489-0.0007010 0.0088690
  10 h     dx  0.0067874 0.0043796 0.0001493-0.2499533-0.1295854-0.0050599
           dy -0.0276723-0.0112228-0.0007803-0.1296447-0.1396642-0.0038829
           dz -0.0010181-0.0007386 0.0088595-0.0050623-0.0038779-0.0395598
  11 h     dx -0.0032247 0.0044281 0.0001652 0.0010780 0.0002262 0.0000159
           dy  0.0026306-0.0018859-0.0001217-0.0001177-0.0001452 0.0000684
           dz  0.0000899-0.0001275 0.0015509-0.0000041 0.0000684-0.0019487
  12 h     dx  0.0010799-0.0001661-0.0000060-0.0028756-0.0044844-0.0001736
           dy  0.0001772-0.0001396 0.0000668-0.0026771-0.0022364-0.0001404
           dz  0.0000086 0.0000667-0.0019548-0.0001032-0.0001445 0.0015453

   ATOM              3 c                           4 c 
                  dx        dy        dz        dx        dy        dz
   3 c     dx  0.5080656
           dy -0.0087011 0.8537874
           dz  0.0000674 0.0250931 0.1859959
   4 c     dx -0.2034929 0.0229388 0.0007250 0.5883334
           dy  0.0182227-0.0834395-0.0002950 0.0730207 0.8049219
           dz  0.0005387-0.0002750-0.0745486 0.0031917 0.0255478 0.1151952
   5 c     dx  0.0064512 0.0224067 0.0008053-0.1182191 0.0191674 0.0006116
           dy  0.0123865-0.0299329-0.0011386-0.0008587-0.4980781-0.0165791
           dz  0.0004902-0.0011046 0.0009223-0.0001455-0.0165620-0.0474833
   6 c     dx  0.0293000 0.0005654 0.0000541 0.0080521-0.0105312-0.0004042
           dy  0.0005657 0.0057110 0.0007481-0.0205089-0.0314412-0.0012339
           dz  0.0000490 0.0007447-0.0148976-0.0007240-0.0012006 0.0009212
   7 o     dx -0.0110591-0.0002181-0.0000263-0.0048046-0.0040025-0.0001491
           dy -0.0001687-0.0043314-0.0002309-0.0100475 0.0088956 0.0002634
           dz -0.0000438-0.0002671 0.0020554-0.0003811 0.0002798 0.0016884
   8 o     dx -0.0995729 0.0133033 0.0003636 0.0092145 0.0467725 0.0017416
           dy  0.0133080-0.6406388-0.0219485 0.0298130-0.0636356-0.0031115
           dz  0.0003781-0.0218996-0.0599742 0.0010998-0.0031131 0.0199996
   9 h     dx -0.0185034 0.0183751 0.0006535-0.0028774-0.0044856-0.0001738
           dy -0.0159062 0.0102812 0.0002203-0.0026765-0.0022355-0.0001408
           dz -0.0006103 0.0002650 0.0037857-0.0001043-0.0001453 0.0015454
  10 h     dx -0.0001167 0.0016985 0.0000476 0.0010770 0.0002267 0.0000166
           dy  0.0048493-0.0019451-0.0005515-0.0001170-0.0001464 0.0000696
           dz  0.0001554-0.0005644 0.0132584-0.0000017 0.0000686-0.0019522
  11 h     dx -0.0182947-0.0197524-0.0007546-0.2499079-0.1295416-0.0049814
           dy  0.0145022 0.0101120 0.0002437-0.1296008-0.1396679-0.0038359
           dz  0.0005178 0.0002128 0.0037834-0.0049984-0.0038347-0.0395827
  12 h     dx  0.0001900-0.0015981-0.0000765 0.0056286-0.0035555-0.0001265
           dy -0.0047400-0.0022626-0.0005661 0.0284780-0.0100526-0.0006672
           dz -0.0001787-0.0005729 0.0132567 0.0010368-0.0007098 0.0088669

   ATOM              5 c                           6 c 
                  dx        dy        dz        dx        dy        dz
   5 c     dx  0.5955878
           dy -0.0833422 0.7978353
           dz -0.0025114 0.0249923 0.1150939
   6 c     dx -0.2010188-0.0237890-0.0009668 0.5080681
           dy -0.0285378-0.0859370-0.0003884-0.0087207 0.8544927
           dz -0.0011396-0.0003708-0.0745607 0.0001491 0.0247319 0.1860327
   7 o     dx  0.0127527-0.0431458-0.0016020-0.0995758 0.0133179 0.0003386
           dy -0.0261172-0.0671683-0.0032568 0.0133228-0.6412804-0.0215902
           dz -0.0009855-0.0033032 0.0200065 0.0003482-0.0215456-0.0599933
   8 o     dx -0.0054587 0.0034190 0.0001165-0.0110643-0.0002182-0.0000264
           dy  0.0093584 0.0095296 0.0003058-0.0001690-0.0043257-0.0002302
           dz  0.0003679 0.0003271 0.0017043-0.0000434-0.0002674 0.0020448
   9 h     dx  0.0010808-0.0001655-0.0000054 0.0001896-0.0015981-0.0000746
           dy  0.0001779-0.0001384 0.0000689-0.0047403-0.0022627-0.0005791
           dz  0.0000085 0.0000647-0.0019512-0.0001902-0.0005746 0.0132567
  10 h     dx -0.0032228 0.0044271 0.0001604-0.0182919-0.0197446-0.0007541
           dy  0.0026314-0.0018870-0.0001200 0.0145101 0.0101149 0.0002490
           dz  0.0000881-0.0001230 0.0015509 0.0005112 0.0002092 0.0037819
  11 h     dx  0.0067823 0.0043745 0.0001475-0.0001171 0.0016984 0.0000495
           dy -0.0276774-0.0112209-0.0007758 0.0048499-0.0019461-0.0005470
           dz -0.0010114-0.0007327 0.0088617 0.0001571-0.0005589 0.0132593
  12 h     dx -0.2621344 0.1237421 0.0042753-0.0184998 0.0183676 0.0006461
           dy  0.1238116-0.1274990-0.0030932-0.0159139 0.0102837 0.0002186
           dz  0.0042771-0.0030810-0.0394974-0.0006067 0.0002575 0.0037837

   ATOM              7 o                           8 o 
                  dx        dy        dz        dx        dy        dz
   7 o     dx  0.0855049
           dy -0.0164374 0.7570363
           dz -0.0004457 0.0271469 0.0240782
   8 o     dx  0.0037900-0.0000009 0.0000314 0.0855028
           dy -0.0000009 0.0031080 0.0001424-0.0164235 0.7564242
           dz  0.0000307 0.0001438-0.0000466-0.0004748 0.0275985 0.0240868
   9 h     dx  0.0004184 0.0001118 0.0000061 0.0043070-0.0007037-0.0000134
           dy  0.0021276-0.0024123 0.0000189 0.0025714 0.0014186 0.0001304
           dz  0.0000832 0.0000138-0.0027675 0.0001006 0.0001241-0.0019824
  10 h     dx  0.0043878 0.0008535 0.0000337 0.0005246 0.0000270 0.0000073
           dy -0.0024212 0.0013368 0.0001178-0.0019749-0.0025132 0.0000080
           dz -0.0000813 0.0001225-0.0019833-0.0000667 0.0000140-0.0027685
  11 h     dx  0.0005250 0.0000271 0.0000065 0.0043885 0.0008530 0.0000315
           dy -0.0019780-0.0025131 0.0000086-0.0024183 0.0013376 0.0001204
           dz -0.0000684 0.0000117-0.0027677-0.0000818 0.0001245-0.0019833
  12 h     dx  0.0043063-0.0007044-0.0000138 0.0004181 0.0001118 0.0000063
           dy  0.0025744 0.0014178 0.0001279 0.0021247-0.0024126 0.0000151
           dz  0.0000987 0.0001236-0.0019824 0.0000771 0.0000189-0.0027684

   ATOM              9 h                          10 h 
                  dx        dy        dz        dx        dy        dz
   9 h     dx  0.2720973
           dy -0.1328301 0.1310985
           dz -0.0046374 0.0037816 0.0251843
  10 h     dx  0.0008543-0.0002905-0.0000013 0.2590440
           dy  0.0002758 0.0011565 0.0003002 0.1389667 0.1441403
           dz  0.0000193 0.0003011-0.0069998 0.0054362 0.0045869 0.0252260
  11 h     dx -0.0011200-0.0008200-0.0000318 0.0000288-0.0001390-0.0000044
           dy  0.0007362 0.0006141-0.0000061-0.0001390 0.0000166 0.0000101
           dz  0.0000248-0.0000082 0.0008275-0.0000042 0.0000101-0.0002396
  12 h     dx  0.0000150 0.0001386 0.0000050-0.0011191 0.0007358 0.0000242
           dy  0.0001386 0.0000305 0.0000104-0.0008196 0.0006137-0.0000085
           dz  0.0000050 0.0000108-0.0002406-0.0000316-0.0000068 0.0008266

   ATOM             11 h                          12 h 
                  dx        dy        dz        dx        dy        dz
  11 h     dx  0.2590075
           dy  0.1389367 0.1441420
           dz  0.0053589 0.0045367 0.0252392
  12 h     dx  0.0008543 0.0002755 0.0000197 0.2721366
           dy -0.0002908 0.0011567 0.0002979-0.1328630 0.1311004
           dz -0.0000028 0.0002987-0.0070000-0.0045803 0.0037387 0.0251642
 

   *** projected hessian written onto $hessian (projected), file=<hessian> ***

 dipole moment in principle axis system (a.u.) :
     0.0000006661     0.0017980539    -0.0005183428
 norm :  1.871276944553688E-003

 rotational constants b for rotations around axis of inertia
 and optical intensities for (1 <-- 0) transition

   b   :     0.0544081512     0.1741271558     0.0414550261   (cm**(-1))
   b   :        1631.1153        5220.2008        1242.7904     (MHz)
  int. :     0.0000000000     0.0000032330     0.0000002687     (a.u.)

   x   :     0.9997052303    -0.0242524503    -0.0011274400
   y   :     0.0241942669     0.9990243650    -0.0369453062
   z   :     0.0020223543     0.0369071382     0.9993166531

   ***  normal modes written onto $vibrational normal modes, file=<vib_normal_modes>  ***

  Keyword $vibrational reduced masses missing in file <control>


   ***  vibrational spectroscopic data written onto$vibrational spectrum   
        file=<vibspectrum>  ***

          ---------------------------------------------------
          NORMAL MODES and VIBRATIONAL FREQUENCIES (cm**(-1))
          ---------------------------------------------------

 imaginary wave numbers indicate a negative curvature of the energy surface.
 zero frequency modes have no physical meaning except being generators of
 translations and rotations. each vibrational normal mode - given in terms of
 cartesian displacement vectors of all atoms - has been normalized to unity.
 to obtain mass-weigthed normal coordinates in a.u. divide the tabulated
 modes by sqrt(reduced mass * 1822.88853).
 band intensities or cross sections refer to independent non-degenerate normal
 modes, that is, the intensities of degenerate modes have yet to be added.
 dDIP/dQ is the normal mode derivative of the dipole moment.


       mode               1        2        3        4        5        6

     frequency           0.00     0.00     0.00     0.00     0.00     0.00

     symmetry                                                             

        IR                -        -        -        -        -        - 
|dDIP/dQ|   (a.u.)     0.0000   0.0000   0.0000   0.0000   0.0000   0.0000
intensity (km/mol)       0.00     0.00     0.00     0.00     0.00     0.00
intensity (  %   )       0.00     0.00     0.00     0.00     0.00     0.00
 
       RAMAN              -        -        -        -        -        - 
 
  1   c           x   0.10126  0.01832 -0.10131  0.24610 -0.01251  0.07649
                  y   0.07067 -0.28106  0.11969  0.09034 -0.01714  0.05485
                  z   0.33545  0.08687  0.05340 -0.17654  0.15000  0.07501
  2   c           x   0.05828  0.16428  0.00767  0.24105 -0.00922  0.02777
                  y   0.06862 -0.27654  0.12339  0.08909 -0.01514  0.06188
                  z   0.36292  0.06004  0.02459 -0.14600  0.09808 -0.14757
  3   c           x   0.12712 -0.06875 -0.16633  0.24906 -0.01419  0.10545
                  y   0.03793 -0.14599  0.22002  0.08455 -0.00684  0.00150
                  z   0.14624  0.08456  0.06554 -0.14541 -0.04812  0.29261
  4   c           x   0.10357  0.01173 -0.10625  0.24623 -0.01219  0.07853
                  y   0.00282 -0.00571  0.32461  0.07732  0.00577 -0.04370
                  z  -0.01144  0.05144  0.04461 -0.07922 -0.30587  0.25473
  5   c           x   0.06065  0.15771  0.00274  0.24116 -0.00881  0.02978
                  y   0.00078 -0.00120  0.32830  0.07608  0.00775 -0.03674
                  z   0.01603  0.02460  0.01580 -0.04868 -0.35780  0.03215
  6   c           x   0.03482  0.24477  0.06776  0.23820 -0.00710  0.00081
                  y   0.03352 -0.13627  0.22797  0.08187 -0.00255  0.01658
                  z   0.20524  0.02692  0.00366 -0.07981 -0.15967 -0.18546
  7   o           x  -0.00428  0.37759  0.16693  0.23360 -0.00409 -0.04353
                  y   0.03165 -0.13214  0.23135  0.08073 -0.00074  0.02296
                  z   0.23022  0.00250 -0.02255 -0.05202 -0.20695 -0.38797
  8   o           x   0.16633 -0.20156 -0.26550  0.25363 -0.01706  0.14974
                  y   0.03982 -0.15014  0.21662  0.08570 -0.00868 -0.00501
                  z   0.12127  0.10898  0.09175 -0.17320 -0.00084  0.49514
  9   h           x   0.11922 -0.04316 -0.14720  0.24827 -0.01409  0.09708
                  y   0.09619 -0.38297  0.04369  0.09561 -0.02632  0.08756
                  z   0.44933  0.11147  0.06920 -0.22522  0.33818  0.10716
 10   h           x   0.03863  0.23050  0.05712  0.23880 -0.00792  0.00574
                  y   0.09235 -0.37451  0.05062  0.09327 -0.02258  0.10076
                  z   0.50085  0.06117  0.01519 -0.16797  0.24085 -0.31014
 11   h           x   0.12319 -0.05449 -0.15570  0.24849 -0.01353  0.10058
                  y  -0.02091  0.09227  0.39738  0.07314  0.01322 -0.08252
                  z  -0.14937  0.05031  0.05401 -0.05725 -0.44864  0.41731
 12   h           x   0.04273  0.21918  0.04864  0.23898 -0.00719  0.00918
                  y  -0.02474  0.10071  0.40429  0.07082  0.01693 -0.06949
                  z  -0.09785  0.00000  0.00000  0.00000 -0.54597  0.00000

reduced mass(g/mol)     6.502    8.214    8.600    8.843    4.768   10.047


       mode               7        8        9       10       11       12

     frequency          98.95   231.95   329.10   401.99   437.55   444.88

     symmetry            a        a        a        a        a        a   

        IR               YES      YES      YES      YES      YES      YES
|dDIP/dQ|   (a.u.)     0.0025   0.0000   0.0000   0.0036   0.0000   0.0000
intensity (km/mol)      11.07     0.00     0.00    22.44     0.00     0.00
intensity (  %   )       3.82     0.00     0.00     7.75     0.00     0.00
 
       RAMAN             YES      YES      YES      YES      YES      YES
 
  1   c           x  -0.00044  0.00050  0.00036 -0.24025 -0.20531  0.17572
                  y  -0.00936  0.00876  0.00855  0.02192  0.02678  0.03692
                  z   0.25388 -0.23590 -0.22993 -0.00002  0.00018  0.00140
  2   c           x  -0.00051 -0.00068 -0.00030 -0.23862  0.20128  0.18376
                  y  -0.00941 -0.00876 -0.00853 -0.03367  0.03702 -0.02651
                  z   0.25365  0.23599  0.22999 -0.00196  0.00207 -0.00084
  3   c           x  -0.00019  0.00056  0.00012 -0.10952 -0.21515 -0.01284
                  y  -0.00058  0.00670  0.00011 -0.00261 -0.00795  0.38627
                  z   0.01453 -0.18122  0.00003  0.00084 -0.00061  0.01446
  4   c           x  -0.00048  0.00056 -0.00018 -0.23881 -0.20119 -0.18373
                  y  -0.00945  0.00876 -0.00853 -0.03375 -0.03701  0.02653
                  z   0.25374 -0.23586  0.23003 -0.00156 -0.00184  0.00037
  5   c           x  -0.00046 -0.00061  0.00025 -0.24006  0.20540 -0.17574
                  y  -0.00940 -0.00860  0.00839  0.02186 -0.02678 -0.03692
                  z   0.25379  0.23597 -0.22995 -0.00005 -0.00039 -0.00139
  6   c           x  -0.00021 -0.00062  0.00002 -0.10931  0.21520  0.01284
                  y  -0.00068 -0.00664 -0.00004 -0.00260  0.00795 -0.38631
                  z   0.01435  0.18109  0.00000  0.00064  0.00073 -0.01387
  7   o           x   0.00097  0.00063 -0.00002  0.47551 -0.18401  0.00752
                  y   0.01581  0.00701 -0.00005  0.01167 -0.00157 -0.41964
                  z  -0.43015 -0.18676 -0.00004  0.00123 -0.00056 -0.01557
  8   o           x   0.00090 -0.00041 -0.00020  0.47564  0.18381 -0.00752
                  y   0.01621 -0.00719  0.00010  0.01168  0.00157  0.41963
                  z  -0.43025  0.18667 -0.00006  0.00105  0.00049  0.01569
  9   h           x  -0.00049  0.00088  0.00062 -0.26939 -0.34964  0.00553
                  y  -0.01124  0.01518  0.01650 -0.01747 -0.21107 -0.23403
                  z   0.30456 -0.40015 -0.44361 -0.00358 -0.00926 -0.00945
 10   h           x  -0.00069 -0.00111 -0.00061 -0.26931  0.35945  0.00570
                  y  -0.01113 -0.01452 -0.01639  0.00391 -0.19731  0.22875
                  z   0.30411  0.40029  0.44352 -0.00263 -0.00602  0.00748
 11   h           x  -0.00061  0.00098 -0.00031 -0.26963 -0.35927 -0.00572
                  y  -0.01121  0.01446 -0.01654  0.00400  0.19720 -0.22856
                  z   0.30429 -0.39993  0.44348 -0.00161  0.00618 -0.00963
 12   h           x  -0.00054 -0.00101  0.00050 -0.26908  0.34981 -0.00551
                  y  -0.01128 -0.01498  0.01623 -0.01734  0.21121  0.23419
                  z   0.30438  0.40040 -0.44374 -0.00332  0.00860  0.00815

reduced mass(g/mol)     9.407    5.231    3.339   10.616    4.908   11.057


       mode              13       14       15       16       17       18

     frequency         508.53   592.24   746.45   756.22   768.88   793.34

     symmetry            a        a        a        a        a        a   

        IR               YES      YES      YES      YES      YES      YES
|dDIP/dQ|   (a.u.)     0.0013   0.0000   0.0008   0.0000   0.0000   0.0000
intensity (km/mol)       2.81     0.00     1.13     0.00     0.00     0.00
intensity (  %   )       0.97     0.00     0.39     0.00     0.00     0.00
 
       RAMAN             YES      YES      YES      YES      YES      YES
 
  1   c           x  -0.00020 -0.07415  0.03023 -0.00011 -0.34678  0.00242
                  y  -0.00065  0.30289  0.16750  0.00283  0.03122  0.00611
                  z   0.01999  0.01128  0.00657 -0.07155 -0.00004 -0.16551
  2   c           x  -0.00017  0.05928 -0.03780 -0.00023 -0.34486  0.00169
                  y  -0.00074  0.30636  0.16605  0.00277 -0.04733 -0.00560
                  z   0.01996  0.01119  0.00638 -0.07168 -0.00080  0.16514
  3   c           x   0.00010 -0.06128  0.00359  0.00004 -0.00280 -0.00041
                  y   0.00730 -0.00171 -0.15407 -0.00007  0.12294 -0.01704
                  z  -0.19411 -0.00050 -0.00577 -0.00016  0.00740  0.43375
  4   c           x  -0.00027 -0.05926 -0.03837  0.00010  0.34471 -0.00193
                  y  -0.00064 -0.30635  0.16599 -0.00243  0.04785  0.00564
                  z   0.02008 -0.01132  0.00604  0.07159  0.00068 -0.16525
  5   c           x  -0.00028  0.07418  0.02967  0.00019  0.34691 -0.00222
                  y  -0.00060 -0.30290  0.16756 -0.00246 -0.03070 -0.00598
                  z   0.01988 -0.01114  0.00598  0.07167  0.00009  0.16540
  6   c           x   0.00018  0.06128  0.00358 -0.00003  0.00281  0.00051
                  y   0.00700  0.00172 -0.15385 -0.00026 -0.12341  0.01673
                  z  -0.19408  0.00027 -0.00558  0.00015 -0.00741 -0.43371
  7   o           x   0.00028  0.20141  0.00464  0.00002  0.00356  0.00006
                  y  -0.00225  0.00521 -0.18471 -0.00029 -0.14334 -0.00264
                  z   0.05545  0.00042 -0.00680 -0.00005 -0.00465  0.09281
  8   o           x   0.00039 -0.20145  0.00464  0.00001 -0.00355 -0.00009
                  y  -0.00208 -0.00521 -0.18496 -0.00009  0.14275  0.00267
                  z   0.05543 -0.00032 -0.00690  0.00003  0.00472 -0.09277
  9   h           x  -0.00083 -0.03996  0.17520 -0.00059 -0.30291  0.00275
                  y  -0.01781  0.35857  0.40101 -0.01785  0.13862  0.01294
                  z   0.47845  0.01395  0.01259  0.49462  0.00048 -0.35073
 10   h           x  -0.00083  0.02258 -0.19422 -0.00106 -0.29649  0.00098
                  y  -0.01760  0.36017  0.39300 -0.01803 -0.15151 -0.01167
                  z   0.47839  0.01342  0.01172  0.49440 -0.00588  0.35342
 11   h           x  -0.00073 -0.02255 -0.19465  0.00045  0.29585 -0.00154
                  y  -0.01755 -0.36016  0.39253  0.01878  0.15273  0.01209
                  z   0.47827 -0.01326  0.01534 -0.49386  0.00543 -0.35271
 12   h           x  -0.00077  0.03999  0.17476  0.00102  0.30348 -0.00237
                  y  -0.01733 -0.35862  0.40121  0.01857 -0.13740 -0.01248
                  z   0.47859 -0.01312  0.01552 -0.49511 -0.00030  0.35145

reduced mass(g/mol)     1.948    6.596    3.835    1.234    7.292    6.617


       mode              19       20       21       22       23       24

     frequency         902.31   928.59  1016.04  1021.81  1056.99  1136.07

     symmetry            a        a        a        a        a        a   

        IR               YES      YES      YES      YES      YES      YES
|dDIP/dQ|   (a.u.)     0.0060   0.0033   0.0000   0.0000   0.0052   0.0000
intensity (km/mol)      64.09    19.36     0.00     0.00    48.71     0.00
intensity (  %   )      22.12     6.68     0.00     0.00    16.81     0.00
 
       RAMAN             YES      YES      YES      YES      YES      YES
 
  1   c           x  -0.00004  0.22896  0.00013 -0.00009 -0.05642 -0.00540
                  y  -0.00365 -0.06115  0.00295 -0.00280  0.02779 -0.03180
                  z   0.09574 -0.00208 -0.07983  0.07573  0.00087 -0.00114
  2   c           x  -0.00023 -0.22561  0.00004  0.00014 -0.05512 -0.00689
                  y  -0.00367 -0.07198 -0.00291  0.00280 -0.03046  0.03146
                  z   0.09577 -0.00303  0.07987 -0.07567 -0.00110  0.00112
  3   c           x   0.00017 -0.00061 -0.00012 -0.00000  0.09444 -0.00004
                  y   0.00618  0.01981 -0.00001  0.00032  0.00230  0.00470
                  z  -0.16254  0.00069 -0.00007 -0.00847  0.00020  0.00022
  4   c           x  -0.00022 -0.22563  0.00005 -0.00005 -0.05508  0.00698
                  y  -0.00366 -0.07198 -0.00287 -0.00274 -0.03050 -0.03150
                  z   0.09554 -0.00290  0.07994  0.07583 -0.00102 -0.00109
  5   c           x  -0.00006  0.22894  0.00011  0.00008 -0.05646  0.00532
                  y  -0.00363 -0.06114  0.00290  0.00275  0.02775  0.03176
                  z   0.09597 -0.00216 -0.07973 -0.07561  0.00081  0.00112
  6   c           x   0.00021 -0.00061 -0.00012 -0.00006  0.09438  0.00004
                  y   0.00611  0.01983  0.00000 -0.00032  0.00230 -0.00466
                  z  -0.16271  0.00091 -0.00008  0.00829  0.00021 -0.00019
  7   o           x  -0.00000 -0.00146  0.00001  0.00001 -0.01267 -0.00060
                  y  -0.00129  0.06113 -0.00002  0.00011 -0.00035  0.02498
                  z   0.03831  0.00223  0.00002 -0.00414 -0.00005  0.00092
  8   o           x   0.00001 -0.00146  0.00001  0.00000 -0.01269  0.00060
                  y  -0.00135  0.06113 -0.00002 -0.00013 -0.00035 -0.02497
                  z   0.03826  0.00231  0.00002  0.00418 -0.00004 -0.00094
  9   h           x   0.00059  0.38971 -0.00098  0.00065  0.19213 -0.24521
                  y   0.01750  0.19906 -0.01906  0.01845  0.45228 -0.43410
                  z  -0.47589  0.00848  0.49314 -0.49398  0.01770 -0.01664
 10   h           x   0.00049 -0.39910  0.00037 -0.00045  0.21324 -0.26555
                  y   0.01749  0.18086  0.01893 -0.01846 -0.44211  0.42150
                  z  -0.47603  0.00627 -0.49338  0.49360 -0.01682  0.01553
 11   h           x   0.00039 -0.39898  0.00019  0.00026  0.21306  0.26548
                  y   0.01733  0.18065  0.01897  0.01871 -0.44179 -0.42128
                  z  -0.47490  0.00639 -0.49385 -0.49457 -0.01709 -0.01561
 12   h           x   0.00060  0.38982 -0.00107 -0.00085  0.19229  0.24528
                  y   0.01739  0.19925 -0.01894 -0.01854  0.45259  0.43432
                  z  -0.47702  0.00885  0.49247  0.49318  0.01796  0.01661

reduced mass(g/mol)     2.039    3.599    1.289    1.263    1.383    1.073


       mode              25       26       27       28       29       30

     frequency        1212.20  1297.41  1358.19  1376.70  1616.68  1651.80

     symmetry            a        a        a        a        a        a   

        IR               YES      YES      YES      YES      YES      YES
|dDIP/dQ|   (a.u.)     0.0000   0.0066   0.0016   0.0000   0.0032   0.0000
intensity (km/mol)       0.00    76.31     4.49     0.00    17.81     0.00
intensity (  %   )       0.00    26.33     1.55     0.00     6.15     0.00
 
       RAMAN             YES      YES      YES      YES      YES      YES
 
  1   c           x   0.04379  0.08574  0.08662  0.14411 -0.03836 -0.02892
                  y  -0.03005  0.01383  0.06301  0.06719 -0.38550 -0.35041
                  z  -0.00108  0.00054  0.00244  0.00266 -0.01436 -0.01303
  2   c           x  -0.04246  0.08607 -0.08973 -0.14732 -0.05669 -0.04594
                  y  -0.03221 -0.00950  0.05887  0.06015  0.38315  0.34890
                  z  -0.00127 -0.00021  0.00206  0.00204  0.01416  0.01287
  3   c           x  -0.19799 -0.27462 -0.00007 -0.13273  0.01405  0.00563
                  y  -0.00486 -0.00676  0.01132 -0.00330 -0.00005 -0.22900
                  z  -0.00043 -0.00055  0.00046 -0.00025 -0.00002 -0.00871
  4   c           x   0.04240  0.08620 -0.08973  0.14729 -0.05676  0.04588
                  y   0.03216 -0.00952  0.05879 -0.06004  0.38317 -0.34855
                  z   0.00125 -0.00023  0.00208 -0.00207  0.01408 -0.01278
  5   c           x  -0.04386  0.08561  0.08662 -0.14413 -0.03828  0.02897
                  y   0.03010  0.01380  0.06308 -0.06730 -0.38544  0.35083
                  z   0.00105  0.00056  0.00241 -0.00264 -0.01421  0.01292
  6   c           x   0.19815 -0.27443 -0.00007  0.13284  0.01401 -0.00554
                  y   0.00486 -0.00675  0.01123  0.00330 -0.00004  0.22529
                  z   0.00048 -0.00062  0.00044  0.00029 -0.00001  0.00840
  7   o           x  -0.03038  0.03901  0.00108 -0.00803  0.02230  0.00538
                  y  -0.00079  0.00100 -0.04528 -0.00026  0.00086 -0.22159
                  z  -0.00009  0.00012 -0.00168 -0.00002  0.00006 -0.00821
  8   o           x   0.03036  0.03903  0.00108  0.00802  0.02229 -0.00544
                  y   0.00079  0.00100 -0.04534  0.00026  0.00087  0.22395
                  z   0.00008  0.00011 -0.00171  0.00002  0.00006  0.00845
  9   h           x   0.29091  0.29384 -0.21084 -0.15302  0.30384  0.27119
                  y   0.37663  0.34183 -0.43911 -0.43840  0.08405  0.03991
                  z   0.01431  0.01308 -0.01655 -0.01645  0.00359  0.00186
 10   h           x  -0.30930  0.31068  0.23143  0.17367  0.30760  0.27350
                  y   0.36281 -0.32863 -0.42833 -0.43057 -0.06936 -0.02824
                  z   0.01319 -0.01184 -0.01557 -0.01568 -0.00226 -0.00078
 11   h           x   0.30933  0.31072  0.23160 -0.17394  0.30780 -0.27265
                  y  -0.36301 -0.32849 -0.42865  0.43102 -0.06974  0.02703
                  z  -0.01321 -0.01193 -0.01558  0.01567 -0.00230  0.00079
 12   h           x  -0.29090  0.29380 -0.21068  0.15277  0.30363 -0.27203
                  y  -0.37643  0.34197 -0.43879  0.43795  0.08365 -0.04117
                  z  -0.01422  0.01294 -0.01636  0.01625  0.00339 -0.00183

reduced mass(g/mol)     2.024    3.044    1.579    2.512    7.640    9.090


       mode              31       32       33       34       35       36

     frequency        1694.26  1700.24  3153.92  3154.80  3171.46  3174.01

     symmetry            a        a        a        a        a        a   

        IR               YES      YES      YES      YES      YES      YES
|dDIP/dQ|   (a.u.)     0.0006   0.0128   0.0015   0.0000   0.0021   0.0000
intensity (km/mol)       0.71   289.77     4.21     0.00     7.48     0.00
intensity (  %   )       0.24   100.00     1.45     0.00     2.58     0.00
 
       RAMAN             YES      YES      YES      YES      YES      YES
 
  1   c           x   0.02037 -0.00698  0.03697  0.03701 -0.03661 -0.03705
                  y   0.21650 -0.04357 -0.02096 -0.02139  0.02698  0.02661
                  z   0.00804 -0.00160 -0.00073 -0.00075  0.00096  0.00094
  2   c           x   0.03003  0.01223 -0.03561 -0.03555 -0.03568 -0.03604
                  y  -0.21039 -0.06338 -0.02247 -0.02281 -0.02896 -0.02854
                  z  -0.00774 -0.00233 -0.00088 -0.00089 -0.00112 -0.00110
  3   c           x   0.01090 -0.01250  0.00005 -0.00095  0.00220 -0.00008
                  y  -0.43664  0.50200 -0.00164 -0.00002  0.00005  0.00321
                  z  -0.01636  0.01885 -0.00006 -0.00000  0.00000  0.00012
  4   c           x  -0.03104  0.00916 -0.03617  0.03603 -0.03510  0.03557
                  y   0.21515 -0.04230 -0.02289  0.02321 -0.02859  0.02825
                  z   0.00788 -0.00157 -0.00088  0.00089 -0.00109  0.00108
  5   c           x  -0.01960 -0.00901  0.03657 -0.03634 -0.03719  0.03755
                  y  -0.21162 -0.06477 -0.02066  0.02091  0.02731 -0.02689
                  z  -0.00777 -0.00236 -0.00072  0.00073  0.00096 -0.00094
  6   c           x  -0.00974 -0.01371  0.00005  0.00091  0.00222  0.00008
                  y   0.38989  0.55039 -0.00160  0.00001  0.00005 -0.00323
                  z   0.01439  0.02033 -0.00006  0.00000  0.00000 -0.00012
  7   o           x   0.00539  0.00866 -0.00001 -0.00006 -0.00023 -0.00003
                  y  -0.21764 -0.35211  0.00041  0.00000 -0.00001  0.00116
                  z  -0.00803 -0.01304  0.00001 -0.00000 -0.00000  0.00004
  8   o           x  -0.00613  0.00797 -0.00001  0.00007 -0.00023  0.00003
                  y   0.24764 -0.32406  0.00043 -0.00000 -0.00001 -0.00115
                  z   0.00930 -0.01221  0.00002 -0.00000 -0.00000 -0.00004
  9   h           x  -0.23728  0.10982 -0.42901 -0.43034  0.42340  0.42421
                  y  -0.20055  0.17816  0.25610  0.25750 -0.25648 -0.25630
                  z  -0.00778  0.00677  0.00900  0.00905 -0.00902 -0.00902
 10   h           x  -0.23449 -0.14192  0.41270  0.41283  0.41530  0.41497
                  y   0.17240  0.19248  0.27400  0.27468  0.27960  0.27869
                  z   0.00612  0.00698  0.01066  0.01069  0.01087  0.01084
 11   h           x   0.24634 -0.11732  0.41907 -0.41836  0.40858 -0.40953
                  y  -0.18918  0.17266  0.27829 -0.27843  0.27514 -0.27509
                  z  -0.00678  0.00629  0.01069 -0.01069  0.01056 -0.01056
 12   h           x   0.22616  0.13347 -0.42444  0.42258  0.43016 -0.42993
                  y   0.18323  0.19911  0.25333 -0.25280 -0.26052  0.25972
                  z   0.00692  0.00750  0.00879 -0.00877 -0.00905  0.00902

reduced mass(g/mol)     8.456   10.701    1.087    1.087    1.100    1.101
 

         **************************************************************
         *                                                            *
         *  zero point VIBRATIONAL energy  :      0.0836852  Hartree  *
         *    SCF-energy                   :   -381.2547667           *
         *    SCF + E(vib0)                :   -381.1710815           *
         *                                                            *
         **************************************************************




 time elapsed for vibrational analysis     0.02 sec


    ------------------------------------------------------------------------
         total  cpu-time :  1 minutes and 20 seconds
         total wall-time :  40.16 seconds
    ------------------------------------------------------------------------

   ****  force : all done  ****


    2023-07-02 18:38:56.536 

