~/qc2-application/qc2-application/Basis Set Convergence/Dimerization_Energy ~/qc2-application/qc2-application/Basis Set Convergence
Dimerization_Energy
HF
aug-cc-pVDZ
Dimer
Monomer
aug-cc-pVQZ
Dimer
Monomer
aug-cc-pVTZ
Dimer
Monomer
cc-pVDZ
Dimer
Monomer
cc-pVQZ
Dimer
Monomer
cc-pVTZ
Dimer
Monomer
MP2
aug-cc-pVDZ
Dimer
Monomer
aug-cc-pVQZ
Dimer
Monomer
aug-cc-pVTZ
Dimer
Monomer
cc-pVDZ
Dimer
Monomer
cc-pVQZ
Dimer
Monomer
cc-pVTZ
Dimer
Monomer
TPSS_D3
aug-cc-pVDZ
Dimer
Monomer
aug-cc-pVQZ
Dimer
Monomer
aug-cc-pVTZ
Dimer
Monomer
cc-pVDZ
Dimer
Monomer
cc-pVQZ
Dimer
Monomer
cc-pVTZ
Dimer
Monomer
 ridft ended normally
 ridft ended normally
 ridft ended normally
 ridft ended normally
 ridft ended normally
 ridft ended normally
 ridft ended normally
 ridft ended normally
 ridft ended normally
 ridft ended normally
 ridft ended normally
 ridft ended normally
 ridft ended normally
 ridft ended normally
 ridft ended normally
 ridft ended normally
 ridft ended normally
 ridft ended normally
 ridft ended normally
 ridft ended normally
 ridft ended normally
 ridft ended normally
 ridft ended normally
 ridft ended normally
 ridft ended normally
 ridft ended normally
 ridft ended normally
 ridft ended normally
 ridft ended normally
 ridft ended normally
 ridft ended normally
 ridft ended normally
 ridft ended normally
/tmp1/qc2-application/qc2-application/Basis Set Convergence/Dimerization_Energy /tmp1/qc2-application/qc2-application/Basis Set Convergence
Dimerization_Energy
MP2
aug-cc-pVDZ
Monomer
aug-cc-pVQZ
Monomer
aug-cc-pVTZ
Monomer
cc-pVDZ
Monomer
cc-pVQZ
Monomer
cc-pVTZ
Monomer
/tmp1/qc2-application/qc2-application/Basis Set Convergence/Dimerization_Energy /tmp1/qc2-application/qc2-application/Basis Set Convergence
Dimerization_Energy
MP2
aug-cc-pVDZ
Monomer
aug-cc-pVQZ
Monomer
aug-cc-pVTZ
Monomer
cc-pVDZ
Monomer
cc-pVQZ
Monomer
cc-pVTZ
Monomer
 ricc2 ended normally
 ricc2 ended normally
 ricc2 ended normally
 ricc2 ended normally
 ricc2 ended normally
 ricc2 ended normally
