
  ========================================================================
                license information 
 Customer : 200000000058156
 ID       : LKO1924661

 License file is VALID, continuing with full version
  ========================================================================

   OpenMP run-time library returned nthreads =  2

 ridft (c04) : TURBOMOLE rev. V7-6 27 Oct 2021 at 10:11:12 compiled Oct 27th 2021
 Copyright (C) 2021 TURBOMOLE GmbH, Karlsruhe


    2023-06-06 12:05:06.197 



                                  r i d f t

                        DFT program with RI approximation 
                                for coulomb part 




                                                 
                                 References:     
                                                 
          TURBOMOLE:                             
              R. Ahlrichs, M. Baer, M. Haeser, H. Horn, and
              C. Koelmel
              Electronic structure calculations on workstation
              computers: the program system TURBOMOLE
              Chem. Phys. Lett. 162: 165 (1989)
          Density Functional:                              
              O. Treutler and R. Ahlrichs                      
              Efficient Molecular Numerical Integration Schemes
              J. Chem. Phys. 102: 346 (1995)                   
          Parallel Version:                                
              Performance of parallel TURBOMOLE for Density    
              Functional Calculations                          
              M. v. Arnim and R. Ahlrichs                      
              J. Comp. Chem. 19: 1746 (1998)                   
          RI-J Method:                                     
              Auxiliary Basis Sets to approximate Coulomb      
              Potentials                                       
              Chem. Phys. Lett. 240: 283 (1995)                
              K. Eichkorn, O. Treutler, H. Oehm, M. Haeser     
              and R. Ahlrichs                                  
              Chem. Phys. Lett. 242: 652 (1995)                
                                                           
              Auxiliary Basis Sets for Main Row Atoms and their
              Use to approximate Coulomb Potentials            
              K. Eichkorn, F. Weigend, O. Treutler and         
              R. Ahlrichs                                      
              Theo. Chem. Acc. 97: 119 (1997)                   
                                                           
              Accurate Coulomb-fitting basis sets for H to Rn 
              F. Weigend                                        
              Phys. Chem. Chem. Phys. 8: 1057 (2006)            
                                                           
          Multipole accelerated RI-J (MARI-J):             
              Fast evaluation of the Coulomb potential for     
              electron densities using multipole accelerated   
              resolution of identity approximation             
              M. Sierka, A. Hogekamp and R. Ahlrichs           
              J. Chem. Phys. 118: 9136 (2003)                  
          RI-JK Method:                                     
              A fully direct RI-HF algorithm: Implementation,
              optimised auxiliary basis sets, demonstration of
              accuracy and efficiency                         
              F. Weigend                                      
              Phys. Chem. Chem. Phys. 4: 4285 (2002)           
          Two-component HF and DFT with spin-orbit coupling:  
              Self-consistent treatment of spin-orbit         
              interactions with efficient Hartree-Fock and    
              density functional methods                      
              M. K. Armbruster, F. Weigend, C. van Wüllen and 
              W. Klopper                                      
              Phys. Chem. Chem. Phys. 10: 1748 (2008)         
          Two-component difference density and DIIS algorithm 
              Efficient two-component self-consistent field   
              procedures and gradients: implementation in     
              TURBOMOLE and application to Au20-              
              A. Baldes, F. Weigend                           
              Mol. Phys. 111: 2617 (2013)                     
          Relativistic all-electron 2c calculations           
              An efficient implementation of two-component    
              relativistic exact-decoupling methods for large 
              molecules                                       
              D. Peng, N. Middendorf, F. Weigend, M. Reiher   
              J. Chem. Phys. 138: 184105 (2013)               
          Finite nucleus model and SNSO approximation         
              Efficient implementation of one- and two-       
              component analytical energy gradients in exact  
              two-component theory                            
              Y. J. Franzke, N. Middendorf, F. Weigend        
              J. Chem. Phys. 148: 104110 (2018)               
          Grids for all-electron relativistic methods         
              Error-consistent segmented contracted all-      
              electron relativistic basis sets of double-     
              and triple-zeta quality for NMR shielding       
              constants                                       
              Y. J. Franzke, R. Tress, T. M. Pazdera,         
              F. Weigend                                      
              Phys. Chem. Chem. Phys. 21: 166658 (2019)       
          Seminumerical exchange algorithms                   
              Seminumerical calculation of the Hartree-Fock   
              exchange matirx: Application to two-component   
              procedures and efficient evaluation of local    
              hybrid functionsl                               
               P. Plessow, F. Weigend,                        
              J. Comput. Chem. 33: 810 (2012)                 
          Improved seminumerical algorithms                   
              C. Holzer,                                      
              J. Chem. Phys. 153 (2020), 184115               
                                         





          OpenMP Shared-Memory Parallelization:  2 CPUs.

            By: Christof Holzer and Yannick J. Franzke


              +--------------------------------------------------+
              |      general information about current run       |
              +--------------------------------------------------+

 

 DENSITY CONVERGENCE CHECK SWITCHED ON !
 SCF CONVERGENCE IF RMS(delta[D]) <     0.1000000000E-06

 Hybrid part of B2-PLYP double hybrid functional
 exchange:    0.47(LDA + Becke (B88)) + 0.53 HF
 correlation: 0.73 LYP + 0.27 PT2 (MP2 program)
 S. Grimme, JCP 124, (2006), 034108-16
 ================================================
 |     I M P O R T A N T    N O T E :           |
 |                                              |
 | MP2 correlation energy has to be calculated  |
 |    to obtain the final B2-PLYP energy        |
 |                                              |
 ================================================
 A Hybrid-DFT calculation using the RI-J approximation will be carried out.
 Allocatable memory for RI due to $ricore (MB):                   500


              +--------------------------------------------------+
              | Atomic coordinate, charge and isotop information |
              +--------------------------------------------------+

                    atomic coordinates            atom    charge  isotop
         -9.05923329    4.42373276    0.00000000    h      1.000     0
         -7.65730291    4.51720404    0.00000000    h      1.000     0
 
       center of nuclear mass  :   -8.35826810    4.47046840    0.00000000
       center of nuclear charge:   -8.35826810    4.47046840    0.00000000

  Keyword $basis  missing in file <control>

              read basis sets from /software/cluster/turbomole76/basen/
              (basis sets have been saved in file basis)

              +--------------------------------------------------+
              |               basis set information              |
              +--------------------------------------------------+

              we will work with the 1s 3p 5d 7f 9g ... basis set
              ...i.e. with spherical basis functions...

   type   atoms  prim   cont   basis
   ---------------------------------------------------------------------------
    h        2     33     30   def2-QZVP   [4s3p2d1f|7s3p2d1f]
   ---------------------------------------------------------------------------
   total:    2     66     60
   ---------------------------------------------------------------------------

   total number of primitive shells          :   13
   total number of contracted shells         :   20
   total number of cartesian basis functions :   70
   total number of SCF-basis functions       :   60


 integral neglect threshold       :  0.48E-10
 integral storage threshold THIZE :  0.10E-04
 integral storage threshold THIME :         5

 RI-J AUXILIARY BASIS SET information:

              assign orbital basis set names as defaults
              read basis sets from /software/cluster/turbomole76/jbasen/
              (basis sets have been saved in file auxbasis)

              we will work with the 1s 3p 5d 7f 9g ... basis set
              ...i.e. with spherical basis functions...

   type   atoms  prim   cont   basis
   ---------------------------------------------------------------------------
    h        2     16     11   def2-QZVP   [3s1p1d|5s2p1d]
   ---------------------------------------------------------------------------
   total:    2     32     22
   ---------------------------------------------------------------------------

   total number of primitive shells          :    8
   total number of contracted shells         :   10
   total number of cartesian basis functions :   24
   total number of SCF-basis functions       :   22


 symmetry group of the molecule :   c1 

 the group has the following generators :
   c1(z)

    1 symmetry operations found

 there are 1 real representations :   a   

 maximum number of shells which are related by symmetry :  1

  
           ------------------
           density functional
           ------------------
 Hybrid part of B2-PLYP double hybrid functional
 exchange:    0.47(LDA + Becke (B88)) + 0.53 HF
 correlation: 0.73 LYP + 0.27 PT2 (MP2 program)
 S. Grimme, JCP 124, (2006), 034108-16
 ================================================
 |     I M P O R T A N T    N O T E :           |
 |                                              |
 | MP2 correlation energy has to be calculated  |
 |    to obtain the final B2-PLYP energy        |
 |                                              |
 ================================================

 iterations will be done with small grid
  
 spherical integration : Lebedev's spherical grid
 spherical gridsize    :                     3
    i.e. gridpoints    :                   302
 value for diffuse not defined
 radial integration    : Chebyshev 2nd kind (scaling 3)
 radial gridsize       :                     3
 integration cells     :                     2
 partition function    : becke
 partition sharpness   :                     3
  

 biggest AO integral is expected to be     1.787744009

          ------------------------
          nuclear repulsion energy  :  0.711722017232    
          ------------------------

  _________________________________
 |                                 |
 |         DFTD3 V3.1 Rev 0        |
 | S.Grimme, University Bonn       |
 |            June  2014           |
 |   see standalone version        |
 |       dftd3 -h for options      |
 |_________________________________|
 
 Please cite DFT-D3 work done with this code as:
 S. Grimme, J. Antony, S. Ehrlich and H. Krieg,
 J. Chem. Phys, 132 (2010), 154104.
 If used with BJ-damping cite also
 S. Grimme, S. Ehrlich and L. Goerigk,
 J. Comput. Chem. 32 (2011), 1456-1465
 For DFT-D2 the reference is
 S. Grimme, J. Comput. Chem., 27 (2006), 1787-1799
 
C6 coefficients used:
                     2  C6 for element                      1
Z=  1 CN= 0.912     C6(AA)=    3.03
Z=  1 CN= 0.000     C6(AA)=    7.59

#           XYZ [au]              R0(AA) [Ang.]  CN          C6(AA)     C8(AA)   C10(AA) [au]
  1  -9.05923   4.42373   0.00000   h   0.282  0.914         3.1        38.0       563.0
  2  -7.65730   4.51720   0.00000   h   0.282  0.914         3.1        38.0       563.0

molecular C6(AA) [au] =        12.58

           DFT-D V3(BJ)
 DF b2-plyp                                           
 parameters
 s6       :    0.6400
 s8       :    0.9147
 a1       :    0.3065
 a2       :    5.0570
 k1-k3    :   16.0000    1.3333   -4.0000
 
 Edisp /kcal,au:    -0.0350 -0.00005581

 E6    /kcal :    -0.0240
 E8    /kcal :    -0.0111
 % E8        : 31.55
 nuclear repulsion energy                  =       0.711722017
  DFT-D3 Energy contribution               =      -0.000055813
 nuclear repulsion + dispersion correction =       0.711666204


         -----------------
         -S,T+V- integrals
         -----------------

 1e-integrals will be neglected if expon. factor < 0.477423E-11
 
   Difference densities algorithm switched on.
   The maximal number of linear combinations of
   difference densities is                    20 .

 DIIS switched on: error vector is FDS-SDF
 Max. Iterations for DIIS is     :   4
 DIIS matrix (see manual) 
    Scaling factor of diagonals  :  1.200
    threshold for scaling factor :  0.000

 scf convergence criterion : increment of total energy < .1000000D-06
                  and increment of one-electron energy < .1000000D-03

 MOs are in ASCII format !

  missing closed shell occupation number declaration

 No input with occupation numbers/open-shell information found

 start vectors will be provided by an EHT guess

 The EHT guess will be determined for:
   molecular charge   :    0
   number of electrons:    2
   S_z eigenvalue     :    0
 
 virtual MOs provided and orthogonalized by Cholesky decomposition

 automatic virtual orbital shift switched on 
      shift if e(lumo)-e(homo) < 0.10000000    

  
           ------------------------
               RI-J - INFORMATION
           ------------------------
 Contributions to RI integral batches: 
  neglected integral batches:                     0
  direct contribution:                            0
  memory contribution:                   210
 Memory core needed for (P|Q) and Cholesky      1 MByte
 Memory core minimum needed except of (P|Q)     1 MByte
 Total minimum memory core needed (sum)         1 MByte
  
 ****************************************
 Memory allocated for RI-J     1 MByte
 ****************************************
                                            

 dump of DSCF restart information has been disabled !


 Starting SCF iterations

          Overall gridpoints after grid construction =          1700

 ITERATION  ENERGY          1e-ENERGY        2e-ENERGY     RMS[dD(SAO)]   TOL
   1  -1.1157263099315    -2.3691648419    0.54177232773    0.000D+00 0.476D-10
                            Exc =-0.290892974842     Coul =  1.13288105691    
                            exK =-0.300215754334    
                              N = 2.0000160363    
                            current damping = 0.700
 
          max. resid. norm for Fia-block=  2.138D-01 for orbital      1a         
          max. resid. fock norm         =  4.898D+00 for orbital     53a         

 ITERATION  ENERGY          1e-ENERGY        2e-ENERGY     RMS[dD(SAO)]   TOL
   2  -1.1458552636922    -2.4294551849    0.57193371701    0.137D-02 0.322D-10
                            Exc =-0.307734917527      Eck = 0.879668634534    
                              N = 2.0000041418    
                            current damping = 0.650
 
          Norm of current diis error: 0.63118    
          max. resid. norm for Fia-block=  9.695D-02 for orbital      1a         
          max. resid. fock norm         =  9.695D-02 for orbital      1a         

 ITERATION  ENERGY          1e-ENERGY        2e-ENERGY     RMS[dD(SAO)]   TOL
   3  -1.1566936808982    -2.4671770230    0.59881713788    0.918D-03 0.228D-10
                            Exc =-0.321348167111      Eck = 0.920165304994    
                              N = 1.9999988819    
                            current damping = 0.500
 
          Norm of current diis error: 0.28949    
          max. resid. norm for Fia-block=  4.372D-02 for orbital      1a         
          max. resid. fock norm         =  4.372D-02 for orbital      1a         

 ITERATION  ENERGY          1e-ENERGY        2e-ENERGY     RMS[dD(SAO)]   TOL
   4  -1.1599304134655    -2.4890600125    0.61746339475    0.575D-03 0.190D-10
                            Exc =-0.330303670097      Eck = 0.947767064847    
                              N = 1.9999937609    
                            current damping = 0.350
 
          Norm of current diis error: 0.10370    
          max. resid. norm for Fia-block=  1.612D-02 for orbital      1a         
          max. resid. fock norm         =  1.612D-02 for orbital      1a         

 ITERATION  ENERGY          1e-ENERGY        2e-ENERGY     RMS[dD(SAO)]   TOL
   5  -1.1605083681057    -2.4986861068    0.62651153445    0.320D-03 0.170D-10
                            Exc =-0.334504890286      Eck = 0.961016424734    
                              N = 1.9999907538    
                            current damping = 0.200
 
          Norm of current diis error: 0.27019E-01
          max. resid. norm for Fia-block=  4.608D-03 for orbital      1a         
          max. resid. fock norm         =  4.664D-03 for orbital     28a         
          mo-orthogonalization: Cholesky decomposition

 ITERATION  ENERGY          1e-ENERGY        2e-ENERGY     RMS[dD(SAO)]   TOL
   6  -1.1605641352285    -2.5017949429    0.62956460342    0.140D-03 0.160D-10
                            Exc =-0.335885888861      Eck = 0.965450492282    
                              N = 1.9999895316    
                            current damping = 0.050
 
          Norm of current diis error: 0.44871E-02
          max. resid. norm for Fia-block=  9.334D-04 for orbital      1a         
          max. resid. fock norm         =  1.177D-03 for orbital     28a         

 ITERATION  ENERGY          1e-ENERGY        2e-ENERGY     RMS[dD(SAO)]   TOL
   7  -1.1605665405324    -2.5024527029    0.63021995809    0.423D-04 0.154D-10
                            Exc =-0.336173270229      Eck = 0.966393228323    
                              N = 1.9999892008    
                            current damping = 0.050
 
          Norm of current diis error: 0.41856E-03
          max. resid. norm for Fia-block=  1.126D-04 for orbital      1a         
          max. resid. fock norm         =  1.488D-04 for orbital     25a         

 ITERATION  ENERGY          1e-ENERGY        2e-ENERGY     RMS[dD(SAO)]   TOL
   8  -1.1605665670781    -2.5024983738    0.63026560246    0.618D-05 0.152D-10
                            Exc =-0.336191386347      Eck = 0.966456988805    
                              N = 1.9999891628    
                            current damping = 0.050
 
          Norm of current diis error: 0.62729E-04
          max. resid. norm for Fia-block=  1.709D-05 for orbital      1a         
          max. resid. fock norm         =  1.757D-05 for orbital     25a         

 ENERGY & DENSITY CONVERGED !

          Overall gridpoints after grid construction =          7418

 ITERATION  ENERGY          1e-ENERGY        2e-ENERGY     RMS[dD(SAO)]   TOL
   9  -1.1605685693739    -2.5025028295    0.63026805592    0.973D-06 0.149D-10
                            Exc =-0.336194978699      Eck = 0.966463034623    
                              N = 1.9999981664    
                            current damping = 0.050
 
          Norm of current diis error: 0.50423E-05
          max. resid. norm for Fia-block=  1.440D-06 for orbital      1a         
          max. resid. fock norm         =  1.440D-06 for orbital      1a         

 End of SCF iterations

   convergence criteria satisfied after     9 iterations


                  ------------------------------------------ 
                 |  total energy      =     -1.16056856937  |
                  ------------------------------------------ 
                 :  kinetic energy    =      1.13501472445  :
                 :  potential energy  =     -2.29558329382  :
                 :  virial theorem    =      1.97798161556  :
                 :  wavefunction norm =      1.00000000000  :
                  .......................................... 


 <geterg> : there is no data group $energy 


 orbitals $scfmo  will be written to file mos

    irrep                  1a          2a          3a          4a          5a   
 eigenvalues H         -0.50044     0.07944     0.14427     0.36324     0.41981
            eV         -13.6179      2.1616      3.9259      9.8844     11.4237
 occupation              2.0000

    irrep                  6a          7a          8a          9a         10a   
 eigenvalues H          0.41984     0.70965     0.72799     0.72820     0.93201
            eV          11.4245     19.3108     19.8098     19.8155     25.3614
 
 
 
 
 ==============================================================================
                           electrostatic moments
 ==============================================================================

 reference point for electrostatic moments:    0.00000   0.00000   0.00000

 
              nuc           elec       ->  total
 ------------------------------------------------------------------------------
                          charge      
 ------------------------------------------------------------------------------
           2.000000      -2.000000      -0.000000
 
 ------------------------------------------------------------------------------
                       dipole moment  
 ------------------------------------------------------------------------------
   x     -16.716536      16.716536       0.000000
   y       8.940937      -8.940937      -0.000000
   z       0.000000       0.000000       0.000000
 
   | dipole moment | =     0.0000 a.u. =     0.0000 debye 
 
 ------------------------------------------------------------------------------
                     quadrupole moment
 ------------------------------------------------------------------------------
  xx     140.703996    -141.813349      -1.109353
  yy      39.974544     -41.532513      -1.557969
  zz       0.000000      -1.559868      -1.559868
  xy     -74.665227      74.695200       0.029973
  xz       0.000000      -0.000000      -0.000000
  yz       0.000000       0.000000       0.000000
 
     1/3  trace=      -1.409063
     anisotropy=       0.452556
 
 ==============================================================================
 
HOMO-LUMO Separation
 HOMO         :   -0.50044401 H =    -13.61778 eV
 LUMO         :    0.07943728 H =     +2.16160 eV
 HOMO-LUMO gap:    0.57988129 H =    +15.77938 eV
 
 ==============================================================================


    ------------------------------------------------------------------------
         total  cpu-time :   5.40 seconds
         total wall-time :  14.78 seconds
    ------------------------------------------------------------------------

   ****  ridft : all done  ****


    2023-06-06 12:05:20.555 

