
  ========================================================================
                license information 
 Customer : 200000000058156
 ID       : LKO1924661

 License file is VALID, continuing with full version
  ========================================================================

   OpenMP run-time library returned nthreads =  2

 ridft (c04) : TURBOMOLE rev. V7-6 27 Oct 2021 at 10:11:12 compiled Oct 27th 2021
 Copyright (C) 2021 TURBOMOLE GmbH, Karlsruhe


    2023-06-06 11:13:27.285 



                                  r i d f t

                        DFT program with RI approximation 
                                for coulomb part 




                                                 
                                 References:     
                                                 
          TURBOMOLE:                             
              R. Ahlrichs, M. Baer, M. Haeser, H. Horn, and
              C. Koelmel
              Electronic structure calculations on workstation
              computers: the program system TURBOMOLE
              Chem. Phys. Lett. 162: 165 (1989)
          Density Functional:                              
              O. Treutler and R. Ahlrichs                      
              Efficient Molecular Numerical Integration Schemes
              J. Chem. Phys. 102: 346 (1995)                   
          Parallel Version:                                
              Performance of parallel TURBOMOLE for Density    
              Functional Calculations                          
              M. v. Arnim and R. Ahlrichs                      
              J. Comp. Chem. 19: 1746 (1998)                   
          RI-J Method:                                     
              Auxiliary Basis Sets to approximate Coulomb      
              Potentials                                       
              Chem. Phys. Lett. 240: 283 (1995)                
              K. Eichkorn, O. Treutler, H. Oehm, M. Haeser     
              and R. Ahlrichs                                  
              Chem. Phys. Lett. 242: 652 (1995)                
                                                           
              Auxiliary Basis Sets for Main Row Atoms and their
              Use to approximate Coulomb Potentials            
              K. Eichkorn, F. Weigend, O. Treutler and         
              R. Ahlrichs                                      
              Theo. Chem. Acc. 97: 119 (1997)                   
                                                           
              Accurate Coulomb-fitting basis sets for H to Rn 
              F. Weigend                                        
              Phys. Chem. Chem. Phys. 8: 1057 (2006)            
                                                           
          Multipole accelerated RI-J (MARI-J):             
              Fast evaluation of the Coulomb potential for     
              electron densities using multipole accelerated   
              resolution of identity approximation             
              M. Sierka, A. Hogekamp and R. Ahlrichs           
              J. Chem. Phys. 118: 9136 (2003)                  
          RI-JK Method:                                     
              A fully direct RI-HF algorithm: Implementation,
              optimised auxiliary basis sets, demonstration of
              accuracy and efficiency                         
              F. Weigend                                      
              Phys. Chem. Chem. Phys. 4: 4285 (2002)           
          Two-component HF and DFT with spin-orbit coupling:  
              Self-consistent treatment of spin-orbit         
              interactions with efficient Hartree-Fock and    
              density functional methods                      
              M. K. Armbruster, F. Weigend, C. van Wüllen and 
              W. Klopper                                      
              Phys. Chem. Chem. Phys. 10: 1748 (2008)         
          Two-component difference density and DIIS algorithm 
              Efficient two-component self-consistent field   
              procedures and gradients: implementation in     
              TURBOMOLE and application to Au20-              
              A. Baldes, F. Weigend                           
              Mol. Phys. 111: 2617 (2013)                     
          Relativistic all-electron 2c calculations           
              An efficient implementation of two-component    
              relativistic exact-decoupling methods for large 
              molecules                                       
              D. Peng, N. Middendorf, F. Weigend, M. Reiher   
              J. Chem. Phys. 138: 184105 (2013)               
          Finite nucleus model and SNSO approximation         
              Efficient implementation of one- and two-       
              component analytical energy gradients in exact  
              two-component theory                            
              Y. J. Franzke, N. Middendorf, F. Weigend        
              J. Chem. Phys. 148: 104110 (2018)               
          Grids for all-electron relativistic methods         
              Error-consistent segmented contracted all-      
              electron relativistic basis sets of double-     
              and triple-zeta quality for NMR shielding       
              constants                                       
              Y. J. Franzke, R. Tress, T. M. Pazdera,         
              F. Weigend                                      
              Phys. Chem. Chem. Phys. 21: 166658 (2019)       
          Seminumerical exchange algorithms                   
              Seminumerical calculation of the Hartree-Fock   
              exchange matirx: Application to two-component   
              procedures and efficient evaluation of local    
              hybrid functionsl                               
               P. Plessow, F. Weigend,                        
              J. Comput. Chem. 33: 810 (2012)                 
          Improved seminumerical algorithms                   
              C. Holzer,                                      
              J. Chem. Phys. 153 (2020), 184115               
                                         





          OpenMP Shared-Memory Parallelization:  2 CPUs.

            By: Christof Holzer and Yannick J. Franzke


              +--------------------------------------------------+
              |      general information about current run       |
              +--------------------------------------------------+

 
 Becke-3-Parameter hybrid functional: B3-LYP
 exchange:    0.8*LDA + 0.72*B88 + 0.2*HF
 correlation: 0.19*LDA(VWN) + 0.81*LYP
 A Hybrid-DFT calculation using the RI-J approximation will be carried out.
 Allocatable memory for RI due to $ricore (MB):                   500


              +--------------------------------------------------+
              | Atomic coordinate, charge and isotop information |
              +--------------------------------------------------+

                    atomic coordinates            atom    charge  isotop
         -9.12176392    4.87229977   -0.00000182    c      6.000     0
         -7.05702260    4.87236262   -0.00001463    h      1.000     0
         -9.81005077    4.03253175    1.75621249    h      1.000     0
         -9.81003405    3.77120911   -1.60543631    h      1.000     0
         -9.80995213    6.81309557   -0.15074084    h      1.000     0
 
       center of nuclear mass  :   -9.12176416    4.87229977   -0.00000006
       center of nuclear charge:   -9.12176431    4.87229977    0.00000098

  Keyword $basis  missing in file <control>

              read basis sets from /software/cluster/turbomole76/basen/
              (basis sets have been saved in file basis)

              +--------------------------------------------------+
              |               basis set information              |
              +--------------------------------------------------+

              we will work with the 1s 3p 5d 7f 9g ... basis set
              ...i.e. with spherical basis functions...

   type   atoms  prim   cont   basis
   ---------------------------------------------------------------------------
    c        1     46     31   def2-TZVP   [5s3p2d1f|11s6p2d1f]
    h        4      8      6   def2-TZVP   [3s1p|5s1p]
   ---------------------------------------------------------------------------
   total:    5     78     55
   ---------------------------------------------------------------------------

   total number of primitive shells          :   26
   total number of contracted shells         :   27
   total number of cartesian basis functions :   60
   total number of SCF-basis functions       :   55


 integral neglect threshold       :  0.56E-10
 integral storage threshold THIZE :  0.10E-04
 integral storage threshold THIME :         5

 RI-J AUXILIARY BASIS SET information:

              assign orbital basis set names as defaults
              read basis sets from /software/cluster/turbomole76/jbasen/
              (basis sets have been saved in file auxbasis)

              we will work with the 1s 3p 5d 7f 9g ... basis set
              ...i.e. with spherical basis functions...

   type   atoms  prim   cont   basis
   ---------------------------------------------------------------------------
    c        1     70     49   def2-TZVP   [6s4p3d1f1g|12s5p4d2f1g]
    h        4     16     11   def2-TZVP   [3s1p1d|5s2p1d]
   ---------------------------------------------------------------------------
   total:    5    134     93
   ---------------------------------------------------------------------------

   total number of primitive shells          :   32
   total number of contracted shells         :   35
   total number of cartesian basis functions :  109
   total number of SCF-basis functions       :   93


 symmetry group of the molecule :   c1 

 the group has the following generators :
   c1(z)

    1 symmetry operations found

 there are 1 real representations :   a   

 maximum number of shells which are related by symmetry :  1

  
           ------------------
           density functional
           ------------------
 Becke-3-Parameter hybrid functional: B3-LYP
 exchange:    0.8*LDA + 0.72*B88 + 0.2*HF
 correlation: 0.19*LDA(VWN) + 0.81*LYP

 iterations will be done with small grid
  
 spherical integration : Lebedev's spherical grid
 spherical gridsize    :                     3
    i.e. gridpoints    :                   302
 value for diffuse not defined
 radial integration    : Chebyshev 2nd kind (scaling 3)
 radial gridsize       :                     3
 integration cells     :                     5
 partition function    : becke
 partition sharpness   :                     3
  

 biggest AO integral is expected to be     5.725698708

          ------------------------
          nuclear repulsion energy  :   13.4031205938    
          ------------------------

  _________________________________
 |                                 |
 |         DFTD3 V3.1 Rev 0        |
 | S.Grimme, University Bonn       |
 |            June  2014           |
 |   see standalone version        |
 |       dftd3 -h for options      |
 |_________________________________|
 
 Please cite DFT-D3 work done with this code as:
 S. Grimme, J. Antony, S. Ehrlich and H. Krieg,
 J. Chem. Phys, 132 (2010), 154104.
 If used with BJ-damping cite also
 S. Grimme, S. Ehrlich and L. Goerigk,
 J. Comput. Chem. 32 (2011), 1456-1465
 For DFT-D2 the reference is
 S. Grimme, J. Comput. Chem., 27 (2006), 1787-1799
 
C6 coefficients used:
                     2  C6 for element                      1
Z=  1 CN= 0.912     C6(AA)=    3.03
Z=  1 CN= 0.000     C6(AA)=    7.59
                     5  C6 for element                      6
Z=  6 CN= 0.000     C6(AA)=   49.11
Z=  6 CN= 0.987     C6(AA)=   43.25
Z=  6 CN= 1.998     C6(AA)=   29.36
Z=  6 CN= 2.999     C6(AA)=   25.78
Z=  6 CN= 3.984     C6(AA)=   18.21

#           XYZ [au]              R0(AA) [Ang.]  CN          C6(AA)     C8(AA)   C10(AA) [au]
  1  -9.12176   4.87230  -0.00000   c   0.566  3.970        18.4       530.9     18809.5
  2  -7.05702   4.87236  -0.00001   h   0.366  0.993         3.1        37.4       553.8
  3  -9.81005   4.03253   1.75621   h   0.366  0.993         3.1        37.4       553.8
  4  -9.81003   3.77121  -1.60544   h   0.366  0.993         3.1        37.4       553.8
  5  -9.80995   6.81310  -0.15074   h   0.366  0.993         3.1        37.4       553.8

molecular C6(AA) [au] =       127.67

           DFT-D V3(BJ)
 DF b3-lyp                                            
 parameters
 s6       :    1.0000
 s8       :    1.9889
 a1       :    0.3981
 a2       :    4.4211
 k1-k3    :   16.0000    1.3333   -4.0000
 
 Edisp /kcal,au:    -1.2006 -0.00191324

 E6    /kcal :    -0.6419
 E8    /kcal :    -0.5586
 % E8        : 46.53
 nuclear repulsion energy                  =      13.403120594
  DFT-D3 Energy contribution               =      -0.001913240
 nuclear repulsion + dispersion correction =      13.401207353


         -----------------
         -S,T+V- integrals
         -----------------

 1e-integrals will be neglected if expon. factor < 0.556994E-11
 
   Difference densities algorithm switched on.
   The maximal number of linear combinations of
   difference densities is                    20 .

 DIIS switched on: error vector is FDS-SDF
 Max. Iterations for DIIS is     :   4
 DIIS matrix (see manual) 
    Scaling factor of diagonals  :  1.200
    threshold for scaling factor :  0.000

 scf convergence criterion : increment of total energy < .1000000D-06
                  and increment of one-electron energy < .1000000D-03

 MOs are in ASCII format !

  missing closed shell occupation number declaration

 No input with occupation numbers/open-shell information found

 start vectors will be provided by an EHT guess

 The EHT guess will be determined for:
   molecular charge   :    0
   number of electrons:   10
   S_z eigenvalue     :    0
 
 virtual MOs provided and orthogonalized by Cholesky decomposition

 automatic virtual orbital shift switched on 
      shift if e(lumo)-e(homo) < 0.10000000    

  
           ------------------------
               RI-J - INFORMATION
           ------------------------
 Contributions to RI integral batches: 
  neglected integral batches:                     0
  direct contribution:                            0
  memory contribution:                   378
 Memory core needed for (P|Q) and Cholesky      1 MByte
 Memory core minimum needed except of (P|Q)     1 MByte
 Total minimum memory core needed (sum)         1 MByte
  
 ****************************************
 Memory allocated for RI-J     2 MByte
 ****************************************
                                            

 dump of DSCF restart information has been disabled !


 Starting SCF iterations

          Overall gridpoints after grid construction =          5202

 ITERATION  ENERGY          1e-ENERGY        2e-ENERGY     NORM[dD(SAO)]  TOL
   1  -40.320304568945    -78.064913371     24.343401449    0.000D+00 0.556D-10
                            Exc = -5.29087985470     Coul =  30.8861638554    
                            exK = -1.25188255171    
                              N = 9.9994890335    
                            current damping = 0.700
 
          max. resid. norm for Fia-block=  2.545D-01 for orbital      2a         
          max. resid. fock norm         =  7.115D+00 for orbital     31a         

 ITERATION  ENERGY          1e-ENERGY        2e-ENERGY     NORM[dD(SAO)]  TOL
   2  -40.464868514421    -79.191766040     25.325690173    0.230D+00 0.355D-10
                            Exc = -5.43992162140      Eck =  30.7656117940    
                              N = 9.9995461112    
                            current damping = 0.650
 
          Norm of current diis error: 0.81059    
          max. resid. norm for Fia-block=  1.097D-01 for orbital      2a         
          max. resid. fock norm         =  1.200D-01 for orbital      2a         

 ITERATION  ENERGY          1e-ENERGY        2e-ENERGY     NORM[dD(SAO)]  TOL
   3  -40.493908056946    -79.446746825     25.551631414    0.116D+00 0.284D-10
                            Exc = -5.49302124875      Eck =  31.0446526629    
                              N = 9.9996253383    
                            current damping = 0.500
 
          Norm of current diis error: 0.38096    
          max. resid. norm for Fia-block=  4.825D-02 for orbital      2a         
          max. resid. fock norm         =  5.128D-02 for orbital      2a         

 ITERATION  ENERGY          1e-ENERGY        2e-ENERGY     NORM[dD(SAO)]  TOL
   4  -40.502257979681    -79.682709831     25.779244497    0.324D-01 0.241D-10
                            Exc = -5.53472152946      Eck =  31.3139660269    
                              N = 9.9996914014    
                            current damping = 0.350
 
          Norm of current diis error: 0.13037    
          max. resid. norm for Fia-block=  1.688D-02 for orbital      2a         
          max. resid. fock norm         =  1.784D-02 for orbital      2a         

 ITERATION  ENERGY          1e-ENERGY        2e-ENERGY     NORM[dD(SAO)]  TOL
   5  -40.503426927276    -79.748697628     25.844063347    0.902D-02 0.218D-10
                            Exc = -5.54966569505      Eck =  31.3937290420    
                              N = 9.9997241036    
                            current damping = 0.200
 
          Norm of current diis error: 0.36412E-01
          max. resid. norm for Fia-block=  4.599D-03 for orbital      2a         
          max. resid. fock norm         =  4.763D-03 for orbital      2a         
          mo-orthogonalization: Cholesky decomposition

 ITERATION  ENERGY          1e-ENERGY        2e-ENERGY     NORM[dD(SAO)]  TOL
   6  -40.503531399062    -79.783404575     25.878665823    0.155D-02 0.207D-10
                            Exc = -5.55573664576      Eck =  31.4344024687    
                              N = 9.9997357298    
                            current damping = 0.050
 
          Norm of current diis error: 0.61437E-02
          max. resid. norm for Fia-block=  7.967D-04 for orbital      2a         
          max. resid. fock norm         =  1.114D-03 for orbital     16a         

 ITERATION  ENERGY          1e-ENERGY        2e-ENERGY     NORM[dD(SAO)]  TOL
   7  -40.503533590036    -79.776861112     25.872120169    0.646D-03 0.202D-10
                            Exc = -5.55559772613      Eck =  31.4277178949    
                              N = 9.9997379081    
                            current damping = 0.100
 
          Norm of current diis error: 0.39213E-02
          max. resid. norm for Fia-block=  2.595D-04 for orbital      2a         
          max. resid. fock norm         =  2.907D-04 for orbital     25a         

 ITERATION  ENERGY          1e-ENERGY        2e-ENERGY     NORM[dD(SAO)]  TOL
   8  -40.503534454307    -79.782339898     25.877598090    0.362D-04 0.199D-10
                            Exc = -5.55616263249      Eck =  31.4337607223    
                              N = 9.9997382042    
                            current damping = 0.150
 
          Norm of current diis error: 0.23608E-03
          max. resid. norm for Fia-block=  1.837D-05 for orbital      5a         
          max. resid. fock norm         =  2.411D-05 for orbital     16a         

 ENERGY CONVERGED !

          Overall gridpoints after grid construction =         20932

 ITERATION  ENERGY          1e-ENERGY        2e-ENERGY     NORM[dD(SAO)]  TOL
   9  -40.503563123134    -79.782019677     25.877249201    0.276D-05 0.195D-10
                            Exc = -5.55616211276      Eck =  31.4334113136    
                              N = 9.9999967426    
                            current damping = 0.200
 
          Norm of current diis error: 0.18344E-04
          max. resid. norm for Fia-block=  2.402D-06 for orbital      2a         
          max. resid. fock norm         =  2.405D-06 for orbital      2a         

 End of SCF iterations

   convergence criteria satisfied after     9 iterations


                  ------------------------------------------ 
                 |  total energy      =    -40.50356312313  |
                  ------------------------------------------ 
                 :  kinetic energy    =     40.24381269730  :
                 :  potential energy  =    -80.74737582044  :
                 :  virial theorem    =      1.99358697345  :
                 :  wavefunction norm =      1.00000000000  :
                  .......................................... 


 <geterg> : there is no data group $energy 


 orbitals $scfmo  will be written to file mos

    irrep                  1a          2a          3a          4a          5a   
 eigenvalues H        -10.15179    -0.69229    -0.39165    -0.39163    -0.39163
            eV        -276.2464    -18.8383    -10.6574    -10.6569    -10.6568
 occupation              2.0000      2.0000      2.0000      2.0000      2.0000

    irrep                  6a          7a          8a          9a         10a   
 eigenvalues H          0.05038     0.12516     0.12521     0.12524     0.19929
            eV           1.3708      3.4059      3.4071      3.4081      5.4229
 
 
 
 
 ==============================================================================
                           electrostatic moments
 ==============================================================================

 reference point for electrostatic moments:    0.00000   0.00000   0.00000

 
              nuc           elec       ->  total
 ------------------------------------------------------------------------------
                          charge      
 ------------------------------------------------------------------------------
          10.000000     -10.000000       0.000000
 
 ------------------------------------------------------------------------------
                       dipole moment  
 ------------------------------------------------------------------------------
   x     -91.217643      91.217692       0.000049
   y      48.722998     -48.723042      -0.000044
   z       0.000010       0.000407       0.000417
 
   | dipole moment | =     0.0004 a.u. =     0.0011 debye 
 
 ------------------------------------------------------------------------------
                     quadrupole moment
 ------------------------------------------------------------------------------
  xx     837.750055    -844.083139      -6.333084
  yy     243.077350    -249.409922      -6.332572
  zz       5.684431     -12.017045      -6.332614
  xy    -444.439355     444.440212       0.000857
  xz      -0.000185      -0.003641      -0.003827
  yz       0.000410       0.002115       0.002525
 
     1/3  trace=      -6.332757
     anisotropy=       0.008093
 
 ==============================================================================
 
HOMO-LUMO Separation
 HOMO         :   -0.39162564 H =    -10.65668 eV
 LUMO         :    0.05037533 H =     +1.37078 eV
 HOMO-LUMO gap:    0.44200097 H =    +12.02747 eV
 
 ==============================================================================


    ------------------------------------------------------------------------
         total  cpu-time :   4.61 seconds
         total wall-time :  1 minutes and 10 seconds
    ------------------------------------------------------------------------

   ****  ridft : all done  ****


    2023-06-06 11:14:34.840 

