 
        ______________________________________
       |                                      |
       |             T H E R M O              |
       |              S.Grimme                |
       |          Universitaet Bonn           |
       |______________________________________|
 
 read from ~/.thermorc:
 scale factor   1.00000000000000     
 T              298.150000000000     
 Sthr          0.000000000000000E+000
 
 reading coord ...
 # atoms            5

          molecular weight =   16.04

          (10-47 kg m^2)  a =      5.327908   b =      5.328084   c =      5.328391
          (Mhz         )  a = 157509.885420   b = 157504.670960   c = 157495.595445
          (cm-1        )  a =      5.253964   b =      5.253790   c =      5.253488
 lin? F
 
 reading frequencies ...
 -----------AOFORCE OUTPUT------------
 
 Nvib=           9
  1346.54  1346.68  1346.84  1557.89  1557.96  3003.42  3103.01  3103.27  3103.38
 symmetry:$symmetry c1
 RotN=   1.00000000000000     
 
 low-lying modes and their entropy (T*S, in kcal/mol)

                    CALCULATED THERMODYNAMIC PROPERTIES
   TEMP. (K)   PARTITION FUNCTION             ENTHALPY   HEAT CAPACITY  ENTROPY
                                    KCAL/MOL   CAL/MOLE    CAL/K/MOL   CAL/K/MOL

 298.15  VIB.         1.006                    22.27328    0.50302    0.08585
         ROT.     439.                        888.752      2.981     15.073
         INT.     442.                        911.026      3.484     15.159
         TRA.    0.622E+26                   1481.254      4.968     34.248
         TOT.                                2392.2796     8.4521    49.4065   206.7158
 
                    [au]       [kcal/mol]        [kJ/mol]

ZPVE            0.443536E-01     27.8323         116.450    
H(0)-H(T)+PV    0.381234E-02     2.39228         10.0093    
 ------------------------------------------------------
H(T)            0.481660E-01     30.2246         126.459    
T*S             0.234746E-01     14.7305         61.6323    
G(T)            0.246914E-01     15.4941         64.8269    
 ------------------------------------------------------
 writing .H298 and .G298
