
   OpenMP run-time library returned nthreads =  2

 force (c04) : TURBOMOLE rev. V7-6 27 Oct 2021 at 10:11:12 compiled Oct 27th 2021
 Copyright (C) 2021 TURBOMOLE GmbH, Karlsruhe


    2023-06-08 11:41:43.113 



                             T U R B O M O L E   

                          a o f o r c e - program

                        using direct algorithms for

                       SCF level calculations of
                         * harmonic force constants
                         * hyperpolarizabilities
                         * IR and RAMAN intensities
                         * VCD intensities

                       DFT level calculations of
                         * harmonic force constants
                         * IR intensities
                                                   
       Stephan Boecker, Peter Deglmann, Filipp Furche and Marco Haeser
                          Quantum Chemistry Group
                          Universitaet  Karlsruhe
                                   Germany

 
 

          OpenMP Shared-Memory Parallelization:  2 CPUs.

            By: Erik P. Almaraz and Filipp Furche
            Copyright 2009-2011 by UCI and TURBOMOLE GmbH.

            Revised By: Christof Holzer and Yannick J. Franzke.

 
 
     References :
 
       RI-J implementation:
         Peter Deglmann, Klaus May, Filipp Furche, Reinhart Ahlrichs
                 Chem. Phys. Lett. 384:103 (2004)
 
       Efficiency, technical details:
         Peter Deglmann, Filipp Furche, Reinhart Ahlrichs
                 Chem. Phys. Lett. 362:511 (2002)
 
       Search of lowest eigenvalues by iterative diagonalization:
         Peter Deglmann, Filipp Furche
                 J. Chem. Phys. 117:9535 (2002)
 
       Vibrational circular dichroism implementation:
        Kevin Reiter, Michael Kuehn, Florian Weigend
                 J. Chem. Phys. 146:054102 (2017)  
 
 


              +--------------------------------------------------+
              | Atomic coordinate, charge and isotop information |
              +--------------------------------------------------+

                    atomic coordinates            atom    charge  isotop
         -9.25067149    1.31568534   -2.03802571    c      6.000     0
         -7.64295362    2.94296669   -2.38220638    h      1.000     1
        -10.63827056    1.64222453   -3.51619990    h      1.000     1
         -9.97049466    1.68318225   -0.15029829    h      1.000     1
         -8.32903240   -0.51194005   -2.19907470    h      1.000     1
         -5.70183002    4.41702265   -2.78028259    o      8.000     0
         -4.38429130    3.14693861   -2.93288184    h      1.000     0
 
       center of nuclear mass  :   -7.56395307    2.73066469   -2.38787097
       center of nuclear charge:   -7.47809009    2.74387712   -2.40268821

              +--------------------------------------------------+
              |               basis set information              |
              +--------------------------------------------------+

              we will work with the 1s 3p 5d 7f 9g ... basis set
              ...i.e. with spherical basis functions...

   type   atoms  prim   cont   basis
   ---------------------------------------------------------------------------
    c        1     46     31   def2-TZVP   [5s3p2d1f|11s6p2d1f]
    h        5      8      6   def2-TZVP   [3s1p|5s1p]
    o        1     46     31   def2-TZVP   [5s3p2d1f|11s6p2d1f]
   ---------------------------------------------------------------------------
   total:    7    132     92
   ---------------------------------------------------------------------------

   total number of primitive shells          :   46
   total number of contracted shells         :   42
   total number of cartesian basis functions :  102
   total number of SCF-basis functions       :   92

 
             FOUND RI-J FLAG !
 

 NOTE: THIS IS A PRELIMINARY IMPLEMENTATION. THE RI APPROXIMATION IS
       PRESENTLY USED FOR CPKS CONTRIBUTIONS TO THE HESSIAN ONLY! SEE
       MANUAL FOR FURTHER DETAILS.

  
 AUXILIARY BASIS SET information:

              we will work with the 1s 3p 5d 7f 9g ... basis set
              ...i.e. with spherical basis functions...

   type   atoms  prim   cont   basis
   ---------------------------------------------------------------------------
    c        1     70     49   def2-TZVP   [6s4p3d1f1g|12s5p4d2f1g]
    h        5     16     11   def2-TZVP   [3s1p1d|5s2p1d]
    o        1     70     49   def2-TZVP   [6s4p3d1f1g|12s5p4d2f1g]
   ---------------------------------------------------------------------------
   total:    7    220    153
   ---------------------------------------------------------------------------

   total number of primitive shells          :   56
   total number of contracted shells         :   55
   total number of cartesian basis functions :  182
   total number of SCF-basis functions       :  153


 symmetry group of the molecule :   c1 

 the group has the following generators :
   c1(z)

    1 symmetry operations found

 there are 1 real representations :   a   

 maximum number of shells which are related by symmetry :  1


 determining totally symmetric integral contributions 
    - equivalent to irreducible tensor elements - 
 which can be formed within each triple of representations :

             representation triple      contributions

              a     a     a               1
       UHF mode switched on !

    mo occupation :
   irrep   mo's   occupied
    a       92       10
 
 number of basis functions   :    92
 number of occupied orbitals :    10
 
 ALPHA-Occupation:                    10
 BETA-Occupation :                     9
  MOs are in ASCII format !


 reading orbital data $uhfmo_alpha  from file alpha
 orbital characterization : scfconv=7

 reading orbital data $uhfmo_beta  from file beta
 orbital characterization : scfconv=7
 time elapsed for calculating density matrices :   0.001 sec

 number of non-frozen orbitals          :    92
 number of non-frozen occupied orbitals :    10

 number of non-frozen orbitals          :    92
 number of non-frozen occupied orbitals :     9
 Blocking parameters 
 shells:
    index      start shell   last shell  start bf    last bf    #bf 
       1             1          42             1        102    102
          size of I/O Block in Byte:                1747872
  
           ----------------------
               RI - INFORMATION
           ----------------------

 biggest AO integral is expected to be     7.998976882

 Threshold for integral neglect (rithr2):   0.25E-10
 Threshold for integral neglect (rithr1):   0.25E-10

 Contributions to RI integral batches: 
  neglected integral batches:                    19
  direct contribution:                            0
  memory contribution:                   884
 Core memory available (ricore):               500 MiB
 Core memory needed for (P|Q) and Cholesky:      1 MiB
 Core memory used for integrals:                 8 MiB
 
 ****************************************
 Memory allocated for RIDFT: 8 MiB
 ****************************************
 
  
           ------------------
           density functional
           ------------------
 Becke-3-Parameter hybrid functional: B3-LYP
 exchange:    0.8*LDA + 0.72*B88 + 0.2*HF
 correlation: 0.19*LDA(VWN) + 0.81*LYP

 iterations will be done with small grid
  
 spherical integration : Lebedev's spherical grid
 spherical gridsize    :                     3
    i.e. gridpoints    :                   302
 value for diffuse not defined
 radial integration    : Chebyshev 2nd kind (scaling 3)
 radial gridsize       :                     3
 integration cells     :                     7
 partition function    : becke
 partition sharpness   :                     3
  
 
 Derivatives of quadrature weights will be included
 
 preparing DFT   numerical integration ....
          Overall gridpoints after grid construction =         30796
 Ordering of quadrature gridpoints disabled.
 
 
 
 
 OCCUPIED-OCCUPIED TENSOR SPACES :

          IRREP   tensor space dimension   number of roots

           a               181                  15
 
 OCCUPIED-VIRTUAL TENSOR SPACES :

          IRREP   tensor space dimension   number of roots

           a              1567                  15
 
 
 
 
 CONSTRUCTING integral bounds

 setting up bound for integral derivative estimation

 increment for numerical differentiation : 0.00050000
 
 machine precision:   2.220446049250313E-016

 integral neglect threshold       :  0.10E-09
 integral storage threshold THIZE :  0.10E-04
 integral storage threshold THIME :         5

 
 
 
 PREPARING NUMERICAL INTEGRATION
 
 Remaining core memory for DFT =                   995 MB
 
 Memory needed per atom    =                   246 KiB
 
     i. e.                     7 atoms per loop

 Calculating ground state density on molecular grid

 Integral of ground state total density: Na =   18.99997598394855    

 Integral of ground state spin density:  Nb =  0.9999992435305678    


 
 
 CONSTRUCTING first deriv. of <mu|x,y,z|nu> -> Dip. deriv.
  dipole integral derivatives will be neglected if
  expon. factor <0.490196E-11
      ...terminated. cpu:       0.00       wall:       0.00
 
 
 
 
 CONSTRUCTING first deriv. of  <mu|nu>
                               <mu|h|nu>    -> RHS
              second deriv. of <mu|nu>      -> Hessian
                               <mu|h|nu>    -> Hessian
                               nucl. rep.   -> Hessian
     integrals are neglected if expon. factor <  4.901960784313725E-013
  _________________________________
 |                                 |
 |         DFTD3 V3.1 Rev 0        |
 | S.Grimme, University Bonn       |
 |            June  2014           |
 |   see standalone version        |
 |       dftd3 -h for options      |
 |_________________________________|
 
 Please cite DFT-D3 work done with this code as:
 S. Grimme, J. Antony, S. Ehrlich and H. Krieg,
 J. Chem. Phys, 132 (2010), 154104.
 If used with BJ-damping cite also
 S. Grimme, S. Ehrlich and L. Goerigk,
 J. Comput. Chem. 32 (2011), 1456-1465
 For DFT-D2 the reference is
 S. Grimme, J. Comput. Chem., 27 (2006), 1787-1799
 
C6 coefficients used:
                     2  C6 for element                      1
Z=  1 CN= 0.912     C6(AA)=    3.03
Z=  1 CN= 0.000     C6(AA)=    7.59
                     5  C6 for element                      6
Z=  6 CN= 0.000     C6(AA)=   49.11
Z=  6 CN= 0.987     C6(AA)=   43.25
Z=  6 CN= 1.998     C6(AA)=   29.36
Z=  6 CN= 2.999     C6(AA)=   25.78
Z=  6 CN= 3.984     C6(AA)=   18.21
                     3  C6 for element                      8
Z=  8 CN= 0.000     C6(AA)=   15.51
Z=  8 CN= 0.993     C6(AA)=   12.82
Z=  8 CN= 1.989     C6(AA)=   10.37

#           XYZ [au]              R0(AA) [Ang.]  CN          C6(AA)     C8(AA)   C10(AA) [au]
  1  -9.27067   1.31569  -2.03803   c   0.566  3.920        18.4       532.9     18881.8
  2  -7.64295   2.94297  -2.38221   h   0.366  1.307         3.0        36.7       543.0
  3 -10.63827   1.64222  -3.51620   h   0.366  0.995         3.1        37.4       553.7
  4  -9.97049   1.68318  -0.15030   h   0.366  0.995         3.1        37.4       553.7
  5  -8.32903  -0.51194  -2.19907   h   0.366  0.993         3.1        37.4       553.8
  6  -5.70183   4.41702  -2.78028   o   0.473  1.384        12.0       243.1      6009.4
  7  -4.38429   3.14694  -2.93288   h   0.366  0.993         3.1        37.4       553.8

molecular C6(AA) [au] =       270.83

           DFT-D V3(BJ)
 DF b3-lyp                                            
 parameters
 s6       :    1.0000
 s8       :    1.9889
 a1       :    0.3981
 a2       :    4.4211
 k1-k3    :   16.0000    1.3333   -4.0000
 
 Edisp /kcal,au:    -2.3443 -0.00373585

 E6    /kcal :    -1.2299
 E8    /kcal :    -1.1144
 % E8        : 47.54
 
 doing analytical gradient O(N^2) ...
 
 |G|=  1.637967184463100E-003
      ...terminated. cpu:       0.16       wall:       0.08
 
 
 
 
 CONSTRUCTING second deriv. of 2e energy    -> Hessian
   treating Coulomb (and exchange) contribution
     integrals will be neglected if total contribution <  4.901960784313725E-009
      ...terminated. cpu:       2.47       wall:       1.24
   treating exchange-correlation contribution
      ...terminated. cpu:       4.25       wall:       2.13
 
 
 
 
 CONSTRUCTING S(i,j)xi
      ...terminated. cpu:       0.00       wall:       0.00
 
 
 
 
 CONSTRUCTING <i|x,y,z|j>*S(i,j)xi          -> Dip. deriv.
      ...terminated. cpu:       0.00       wall:       0.00
 
 
 
 
 CONSTRUCTING epsilon(i)*S(i,j)xi*S(i,j)chi -> Hessian
      ...terminated. cpu:       0.00       wall:       0.00
 
 
 
 
 CONSTRUCTING G(a,i)[S(k,l)xi]              -> RHS
              G(i,j)[S(k,l)xi]*S(i,j)chi    -> Hessian
 
         Maximum core memory set to                   1000 MB
         This corresponds to                  6027 vectors in CAO basis
      ...terminated. cpu:       3.82       wall:       1.91
 
 
 
 
 CONSTRUCTING G(mu,nu)[D(kap,lam)]xi
 
          Maximum core memory set to                   1000 MB
          Atoms treated simultaneously :                     7
 max of dfo   11.6900903301713     
      ...terminated. cpu:       4.67       wall:       2.33
 
 
 
 
 CONSTRUCTING F(a,i)xi                      -> RHS
              F(i,j)xi*S(i,j)chi            -> Hessian
 
        Maximum core memory set to                  1000 MB
        This corresponds to                 10856 vectors in CAO basis
      ...terminated. cpu:       0.01       wall:       0.00
 
 
 
 
 CONSTRUCTING epsilon(i)*S(a,i)xi           -> RHS
      ...terminated. cpu:       0.00       wall:       0.00
 
 
 
 
 SOLVING CPHF equations
 
 Residuum convergence criterium   :  1.000000000000000E-005
 
 Maximum number of Davidson iterations set to                    25

 logfile cphf_a    will be constructed
  Switching to small grid
        preparing DFT   numerical integration ....
          Overall gridpoints after grid construction =          7846

 Calculating ground state density on molecular grid

 Integral of ground state total density: Na =   18.99951115119108    

 Integral of ground state spin density:  Nb =  0.9998966023629996    




                       Nonorthonormal Krylov Space Iteration


 total number of roots to be determined: 15


 maximum core memory set to         1000 MB,
 corresponding to     6184 vectors in CAO basis


 maximum number of simultaneously treated vectors (including degeneracy):       15


 Iteration IRREP Converged      Max. Euclidean
                 roots          residual norm

    1       a        0        1.213092689764858D-01
 
    2       a        0        2.323331438745382D-02
 
    3       a        0        2.863144234619943D-03
 
    4       a        0        4.781779541902706D-04
 
    5       a        5        4.564239566750896D-05
 
    6       a       15        9.757085548566049D-06
 

 converged!

  Switching to fine grid
        preparing numerical DFT   integration ....
          Overall gridpoints after grid construction =         30796

 Calculating ground state density on molecular grid

 Integral of ground state total density: Na =   18.99997598394854    

 Integral of ground state spin density:  Nb =  0.9999992435305647    



 Iteration IRREP Converged      Max. Euclidean
                 roots          residual norm

    7       a        0        1.340040255097457D-04
 

 NOTE: Residual norms are larger than 1.00D-05 due to mgrid option!

      ...terminated. cpu:      13.51       wall:       6.76
 
 
 
 
 CONSTRUCTING <a|x,y,z|i>*U(a,i)xi          -> Dip. deriv.
      ...terminated. cpu:       0.00       wall:       0.00
 
 
 
 
 CONSTRUCTING RHS(a,i)xi*U(a,i)chi          -> Hessian
      ...terminated. cpu:       0.00       wall:       0.00
 
 
 
 

            -----------------------
            permanent dipole moment
            -----------------------

                                   x                y                z
    electronic part       :  142.0338950838   -52.9414349860    45.6999876214
     nuclear   part       : -142.0837116434    52.1336652940   -45.6510760254
     total                :   -0.0498165596    -0.8077696921     0.0489115960

 with reference to the point :   0.0000000        0.0000000        0.0000000
 (given in atomic units)
    | dipole |       :    2.0608154441  debye

   ***  dipole moment & cartesian dipole gradients written onto
        $dipole, $dipgrad,  file=<dipgrad>  ***

             -----------------------------------
             rotational and vibrational analysis
             -----------------------------------


            ==============================================================
            ATOMIC WEIGHTS (average over the natural occurance of isotops)
            ==============================================================
            ('*' denotes special isotop !)
              1     c                12.01115
              2  *  h                 2.01400
              3  *  h                 2.01400
              4  *  h                 2.01400
              5  *  h                 2.01400
              6     o                15.99940
              7     h                 1.00797

          -------------------------------------------------
          CARTESIAN FORCE CONSTANT MATRIX (hartree/bohr**2)
         (translational & rotational space projected out)
          -------------------------------------------------

   ATOM              1 c                           2 h 
                  dx        dy        dz        dx        dy        dz
   1 c     dx  0.4033367
           dy -0.1484222 0.4256234
           dz  0.0325709 0.0308427 0.5525060
   2 h     dx -0.0058178 0.0236905-0.0039015 0.0109294
           dy  0.0096612-0.0232715-0.0018012-0.0345733 0.0265444
           dz -0.0033283-0.0042468-0.0230631 0.0054153 0.0061721 0.0318794
   3 h     dx -0.1697203 0.0410856-0.1425812-0.0157408-0.0021773-0.0093476
           dy  0.0365278-0.0451486 0.0237549-0.0161800-0.0033729-0.0072230
           dz -0.1367232 0.0289994-0.1917578 0.0039873 0.0025545-0.0000440
   4 h     dx -0.0748574 0.0288630 0.0937178-0.0113620-0.0025897 0.0138890
           dy  0.0265006-0.0470250-0.0410968-0.0120605-0.0031383 0.0128214
           dz  0.0879258-0.0476332-0.2852260 0.0010001-0.0015636-0.0044667
   5 h     dx -0.0925093 0.1160495 0.0071166-0.0007471-0.0174034 0.0002562
           dy  0.1229758-0.2652338-0.0218319 0.0029320-0.0156919-0.0003839
           dz  0.0071211-0.0204478-0.0505218-0.0000394 0.0036621-0.0006207
   6 o     dx -0.0572663-0.0597254 0.0128182 0.0298312 0.0341508-0.0077273
           dy -0.0486279-0.0504812 0.0107436 0.0493413 0.0180610-0.0093788
           dz  0.0124016 0.0125336 0.0001529-0.0086608-0.0069417-0.0053790
   7 h     dx -0.0031656-0.0015410 0.0002593-0.0070930 0.0129318 0.0008426
           dy  0.0013847 0.0055369-0.0006113-0.0131500 0.0008692 0.0022389
           dz  0.0000321-0.0000480-0.0020902 0.0021990-0.0020822 0.0016942

   ATOM              3 h                           4 h 
                  dx        dy        dz        dx        dy        dz
   3 h     dx  0.1784515
           dy -0.0388753 0.0454126
           dz  0.1508047-0.0324848 0.2020382
   4 h     dx  0.0105015-0.0036343-0.0201011 0.0758341
           dy -0.0018270 0.0021045 0.0039869-0.0256536 0.0475373
           dz  0.0095607-0.0033551-0.0152035-0.0982102 0.0504316 0.3028932
   5 h     dx -0.0065202 0.0188203 0.0030094-0.0031142 0.0096384-0.0003334
           dy  0.0000497-0.0011094-0.0012397 0.0007812-0.0016057 0.0011703
           dz -0.0084029 0.0202863 0.0039418 0.0114061-0.0258283 0.0010907
   6 o     dx  0.0026292 0.0030836-0.0011777 0.0024973 0.0030259 0.0003590
           dy  0.0022577 0.0030605-0.0024502 0.0028631 0.0029453 0.0013012
           dz  0.0005500-0.0006129 0.0008884-0.0013116-0.0006426 0.0008678
   7 h     dx  0.0003991 0.0002580 0.0002005 0.0005007 0.0003762-0.0003019
           dy -0.0005134-0.0009467 0.0006339-0.0006296-0.0008179-0.0003512
           dz -0.0005836-0.0003654 0.0001369 0.0006099 0.0003278 0.0000444

   ATOM              5 h                           6 o 
                  dx        dy        dz        dx        dy        dz
   5 h     dx  0.0993687
           dy -0.1278308 0.2822227
           dz -0.0093644 0.0225149 0.0459950
   6 o     dx  0.0025684 0.0012274-0.0005693 0.2824834
           dy  0.0008146 0.0016817-0.0002172-0.2293840 0.2789281
           dz -0.0005605-0.0002248-0.0002537-0.0342922 0.0237503 0.0080966
   7 h     dx  0.0009537-0.0001354-0.0001511-0.2627432 0.2227352 0.0318735
           dy -0.0000885-0.0002635 0.0000300 0.2476217-0.2541954-0.0278619
           dz -0.0001239-0.0000050 0.0003687 0.0305892-0.0237488-0.0043730

   ATOM              7 h 
                  dx        dy        dz
   7 h     dx  0.2711485
           dy -0.2346249 0.2498175
           dz -0.0327228 0.0259216 0.0042191
 

   *** projected hessian written onto $hessian (projected), file=<hessian> ***

 dipole moment in principle axis system (a.u.) :
    -0.5552525922    -0.5908128387    -0.0008110197
 norm :  0.810781048909316     

 rotational constants b for rotations around axis of inertia
 and optical intensities for (1 <-- 0) transition

   b   :     2.2428904262     0.2625506787     0.2590240828   (cm**(-1))
   b   :       67240.1634        7871.0713        7765.3466     (MHz)
  int. :     0.3083054411     0.3490598104     0.0000006578     (a.u.)

   x   :     0.7596696025    -0.6298495665     0.1618382481
   y   :     0.6310201760     0.7741080712     0.0506974520
   z   :    -0.1572120623     0.0636098866     0.9855141550

   ***  normal modes written onto $vibrational normal modes, file=<vib_normal_modes>  ***

   ***  vibrational spectroscopic data written onto$vibrational spectrum   
        file=<vibspectrum>  ***

          ---------------------------------------------------
          NORMAL MODES and VIBRATIONAL FREQUENCIES (cm**(-1))
          ---------------------------------------------------

 imaginary wave numbers indicate a negative curvature of the energy surface.
 zero frequency modes have no physical meaning except being generators of
 translations and rotations. each vibrational normal mode - given in terms of
 cartesian displacement vectors of all atoms - has been normalized to unity.
 to obtain mass-weigthed normal coordinates in a.u. divide the tabulated
 modes by sqrt(reduced mass * 1822.88853).
 band intensities or cross sections refer to independent non-degenerate normal
 modes, that is, the intensities of degenerate modes have yet to be added.
 dDIP/dQ is the normal mode derivative of the dipole moment.

 WARNING: values of IR intensities are questionable for saddle point structures


       mode               1        2        3        4        5        6

     frequency        i742.90     0.00     0.00     0.00     0.00     0.00

     symmetry            a                                                

        IR               YES       -        -        -        -        - 
|dDIP/dQ|   (a.u.)     0.0000   0.0000   0.0000   0.0000   0.0000   0.0000
intensity (km/mol)       0.00     0.00     0.00     0.00     0.00     0.00
intensity (  %   )       0.00     0.00     0.00     0.00     0.00     0.00
 
       RAMAN             YES       -        -        -        -        - 
 
  1   c           x  -0.00325  0.01693  0.23781 -0.07754  0.01169 -0.13142
                  y  -0.01619  0.00218 -0.01338  0.41211 -0.02602  0.07994
                  z   0.00125 -0.00570 -0.19622  0.05725  0.39684 -0.06286
  2   h           x   0.73300  0.00761  0.33703  0.04937  0.05319 -0.10857
                  y   0.54560  0.00165 -0.10150  0.28612 -0.11181  0.01456
                  z  -0.14903 -0.05176 -0.14938  0.05443  0.18504 -0.26522
  3   h           x   0.12652 -0.23077  0.32387 -0.07700 -0.05304  0.00710
                  y   0.16211  0.25837  0.03144  0.54879 -0.09209 -0.25109
                  z  -0.06670  0.28342 -0.26710  0.08693  0.44301 -0.26602
  4   h           x   0.13695  0.35771  0.16795 -0.01412  0.12296 -0.31308
                  y   0.15909 -0.24732  0.05659  0.44124  0.14924  0.48759
                  z   0.00944  0.17282 -0.23647  0.07577  0.40515 -0.21149
  5   h           x   0.11191 -0.06814  0.15207 -0.22977 -0.06331 -0.10504
                  y   0.05524 -0.00335 -0.06326  0.33932 -0.07234  0.05037
                  z  -0.02297 -0.42977 -0.12079  0.01219  0.49332  0.42364
  6   o           x  -0.13713 -0.01589  0.43097  0.16281  0.08630 -0.07966
                  y  -0.10802 -0.00152 -0.20759  0.13373 -0.21402 -0.06056
                  z   0.02819 -0.17806 -0.08420  0.04329 -0.03194 -0.40244
  7   h           x   0.00080 -0.08211  0.37329  0.05631  0.03207 -0.05746
                  y   0.06526 -0.02060 -0.27754  0.02845 -0.27411 -0.08589
                  z  -0.00418 -0.59087  0.00000  0.00000  0.00000  0.00000

reduced mass(g/mol)     2.450    2.106    6.048    4.448    4.279    4.684


       mode               7        8        9       10       11       12

     frequency           0.00    25.08   257.66   278.79   653.67   809.47

     symmetry                     a        a        a        a        a   

        IR                -       YES      YES      YES      YES      YES
|dDIP/dQ|   (a.u.)     0.0000   0.0072   0.0020   0.0021   0.0043   0.0091
intensity (km/mol)       0.00    91.05     7.08     7.75    32.60   147.19
intensity (  %   )       0.00    61.86     4.81     5.27    22.14   100.00
 
       RAMAN              -       YES      YES      YES      YES      YES
 
  1   c           x   0.30454 -0.00036  0.01125  0.00787  0.24980 -0.00532
                  y  -0.00367  0.00013 -0.00128  0.08039  0.11600 -0.12234
                  z   0.12001 -0.00141  0.06942 -0.00136 -0.04731  0.01135
  2   h           x   0.14182  0.01580  0.11687 -0.30503 -0.34338 -0.04878
                  y   0.12991  0.00484  0.00425  0.40752 -0.22841  0.41404
                  z  -0.00850  0.09697  0.59797  0.06395  0.06730 -0.03682
  3   h           x   0.28323  0.09382  0.36943 -0.07697  0.28571  0.05833
                  y  -0.27328 -0.07415  0.34903 -0.22729  0.29202  0.06023
                  z   0.08046 -0.10505 -0.18631  0.01043 -0.04091 -0.00970
  4   h           x   0.25197 -0.12731 -0.41270 -0.08136  0.25788  0.01875
                  y   0.08722  0.06862 -0.34997 -0.23401  0.27509  0.02755
                  z   0.08227 -0.06231 -0.02201  0.02583 -0.07646 -0.00786
  5   h           x   0.49169  0.03027 -0.02518  0.49298 -0.13163 -0.28619
                  y   0.07606  0.00285 -0.00484  0.33434 -0.08065 -0.27200
                  z   0.28630  0.14233 -0.09749 -0.10356  0.02516  0.05733
  6   o           x  -0.00488  0.00853 -0.01697  0.00863 -0.16803  0.07111
                  y   0.29271  0.00270 -0.00074 -0.07126 -0.09438  0.09805
                  z  -0.12101  0.05142 -0.09669 -0.00331  0.03275 -0.01625
  7   h           x   0.12551 -0.15618  0.03845 -0.28988 -0.44651 -0.55000
                  y   0.41343 -0.04885  0.03010 -0.38743 -0.39983 -0.55781
                  z   0.00000 -0.94313  0.12380  0.07543  0.09369  0.11680

reduced mass(g/mol)     4.301    1.130    2.180    1.910    2.959    1.743


       mode              13       14       15       16       17       18

     frequency         839.88   951.13  1047.09  1048.18  1068.84  2183.55

     symmetry            a        a        a        a        a        a   

        IR               YES      YES      YES      YES      YES      YES
|dDIP/dQ|   (a.u.)     0.0032   0.0014   0.0013   0.0012   0.0059   0.0015
intensity (km/mol)      17.80     3.54     3.13     2.47    62.69     3.87
intensity (  %   )      12.10     2.40     2.12     1.68    42.59     2.63
 
       RAMAN             YES      YES      YES      YES      YES      YES
 
  1   c           x   0.02292  0.17873 -0.08776 -0.03610  0.02410  0.05460
                  y   0.01073  0.16041  0.09831  0.01070 -0.06622  0.05083
                  z   0.13309 -0.03682  0.03123 -0.13020 -0.00373 -0.01127
  2   h           x  -0.13083  0.15680 -0.04630 -0.00293 -0.46330  0.00926
                  y  -0.05347  0.22356  0.03767 -0.00656  0.44321  0.00234
                  z  -0.78152 -0.03665  0.00859 -0.04231  0.05613 -0.00161
  3   h           x   0.29609 -0.24612  0.35584 -0.11004  0.06454 -0.38594
                  y   0.25144 -0.38961 -0.35786  0.37984  0.13884  0.09962
                  z  -0.08095  0.22717 -0.48634  0.02028 -0.00232 -0.41932
  4   h           x  -0.32229 -0.31547  0.48039  0.21393  0.05502 -0.19677
                  y  -0.27042 -0.39490 -0.26132 -0.45164  0.11654  0.11090
                  z   0.04747 -0.10697  0.31816  0.05467 -0.02369  0.53129
  5   h           x   0.01791 -0.50039 -0.28362  0.12015 -0.08298  0.26566
                  y   0.02525 -0.20486  0.00227  0.01207 -0.11755 -0.50345
                  z  -0.06047  0.10037 -0.02585  0.74533  0.02956 -0.04667
  6   o           x  -0.00017 -0.02765 -0.00107 -0.00040  0.00350 -0.00219
                  y  -0.00324 -0.03184 -0.00415  0.00067 -0.05452 -0.00152
                  z   0.01624  0.00610  0.00057 -0.00081  0.00222  0.00043
  7   h           x   0.00758  0.11781  0.05104 -0.00523  0.50984 -0.00083
                  y   0.01797  0.12409  0.05165 -0.00576  0.49352 -0.00094
                  z  -0.09446 -0.02549 -0.01071  0.00998 -0.11000  0.00017

reduced mass(g/mol)     2.192    2.599    2.192    2.198    1.587    2.071


       mode              19       20       21

     frequency        2361.04  2363.13  3728.15

     symmetry            a        a        a   

        IR               YES      YES      YES
|dDIP/dQ|   (a.u.)     0.0016   0.0013   0.0040
intensity (km/mol)       4.53     2.96    28.81
intensity (  %   )       3.08     2.01    19.57
 
       RAMAN             YES      YES      YES
 
  1   c           x   0.13034 -0.02990 -0.00044
                  y  -0.14174 -0.01052 -0.00073
                  z  -0.01262 -0.19045  0.00011
  2   h           x   0.00444 -0.00182  0.00396
                  y  -0.00281 -0.00038  0.00763
                  z  -0.00018 -0.00974 -0.00105
  3   h           x  -0.29534  0.45308  0.00063
                  y   0.06774 -0.10432  0.00077
                  z  -0.31502  0.48069 -0.00028
  4   h           x  -0.12450 -0.25249  0.00069
                  y   0.06224  0.12596  0.00070
                  z   0.32757  0.65850  0.00000
  5   h           x  -0.36063 -0.02090  0.00052
                  y   0.71479  0.04141  0.00008
                  z   0.06300  0.00346 -0.00011
  6   o           x   0.00019  0.00005 -0.04563
                  y   0.00076  0.00001  0.04275
                  z  -0.00008  0.00033  0.00534
  7   h           x  -0.00566  0.00009  0.71789
                  y  -0.00540 -0.00004 -0.68825
                  z   0.00103  0.00064 -0.08323

reduced mass(g/mol)     2.386    2.387    1.067
 

         **************************************************************
         *                                                            *
         *  zero point VIBRATIONAL energy  :      0.0401314  Hartree  *
         *    SCF-energy                   :   -116.2358981           *
         *    SCF + E(vib0)                :   -116.1957667           *
         *                                                            *
         **************************************************************




 time elapsed for vibrational analysis     0.01 sec


    ------------------------------------------------------------------------
         total  cpu-time :  29.79 seconds
         total wall-time :  15.04 seconds
    ------------------------------------------------------------------------

   ****  force : all done  ****


    2023-06-08 11:41:58.149 

