
   OpenMP run-time library returned nthreads =  2

 rdgrad (c04) : TURBOMOLE rev. V7-6 27 Oct 2021 at 10:11:12 compiled Oct 27th 2021
 Copyright (C) 2021 TURBOMOLE GmbH, Karlsruhe


    2023-06-08 11:36:19.358 


 UHF modus switched on !


                                 r d g r a d

                          gradient for ridft program 

                        by K.Eichkorn, O.Treutler, H.Oehm, 
                             M.Haeser and R.Ahlrichs
                  (Chemical Physics Letters 242 (1995) 652-660)
                    parallel version: M.v.Arnim  &  R.Ahlrichs
                            quantum chemistry group
                             university  karlsruhe
                                   germany




                          References             
                                                 
          Density Functional:                              
              O. Treutler and R. Ahlrichs                      
              Efficient Molecular Numerical Integration Schemes
              J. Chem. Phys. 102: 346 (1995)                   
          Parallel Version:                                
              Performance of parallel TURBOMOLE for Density    
              Functional Calculations                          
              M. v. Arnim and R. Ahlrichs                      
              J. Comp. Chem. 19: 1746 (1998)                   
          RI-J Method:                                     
              Auxiliary Basis Sets to approximate Coulomb      
              Potentials                                       
              Chem. Phys. Lett. 240: 283 (1995)                
              K. Eichkorn, O. Treutler, H. Oehm, M. Haeser     
              and R. Ahlrichs                                  
              Chem. Phys. Lett. 242: 652 (1995)                
                                                           
              Auxiliary Basis Sets for Main Row Atoms and their
              Use to approximate Coulomb Potentials            
              K. Eichkorn, F. Weigend, O. Treutler and         
              R. Ahlrichs                                      
              Theo. Chem. Acc. 97: 119 (1997)                  
          Relativistic Two-component ECP formalism             
              Efficient two-component self-consistent field    
              procedures and gradients: implementation in      
              TURBOMOLE and application to Au20-               
              A. Baldes and F. Weigend                         
              Mol. Phys. 111: 2617 (2013)                      
          Relativistic all-electron 2c calculations (X2C, DLU) 
              Efficient implementation of one- and two-component
              analytical energy gradients in exact two-component
              theory                                           
              Y. J. Franzke, N. Middendorf and F. Weigend      
              J. Chem. Phys. 148: 104110 (2018)                
          Exploitation of symmetry in scalar X2C response      
              NMR shielding tensors and chemical shifts in     
              scalar-relativistic local exact two-component    
              theory                                           
              Y. J. Franzke and F. Weigend                     
              J. Chem. Theory Comput. 15: 1028 (2019)          
                                                              





          OpenMP Shared-Memory Parallelization:  2 CPUs.

            By: Yannick J. Franzke and Christof Holzer

 integral neglect threshold       :  0.33E-10
 integral storage threshold THIZE :  0.10E-04
 integral storage threshold THIME :         5

 Becke-3-Parameter hybrid functional: B3-LYP
 exchange:    0.8*LDA + 0.72*B88 + 0.2*HF
 correlation: 0.19*LDA(VWN) + 0.81*LYP
 A Hybrid-DFT calculation using the RI-J approximation will be carried out.
  
  
 AUXILIARY BASIS SET information:

 symmetry group of the molecule :   c1 

 the group has the following generators :
   c1(z)

    1 symmetry operations found

 there are 1 real representations :   a   

 maximum number of shells which are related by symmetry :  1


    mo occupation :
   irrep   mo's   occupied
    a       92       10
 
 number of basis functions   :    92
 number of occupied orbitals :    10
 

 biggest AO integral is expected to be     7.998976882
  
           ------------------
           density functional
           ------------------
 Becke-3-Parameter hybrid functional: B3-LYP
 exchange:    0.8*LDA + 0.72*B88 + 0.2*HF
 correlation: 0.19*LDA(VWN) + 0.81*LYP

 iterations will be done with small grid
  
 spherical integration : Lebedev's spherical grid
 spherical gridsize    :                     3
    i.e. gridpoints    :                   302
 value for diffuse not defined
 radial integration    : Chebyshev 2nd kind (scaling 3)
 radial gridsize       :                     3
 integration cells     :                     7
 partition function    : becke
 partition sharpness   :                     3
  
  
           ------------------------
             RDGRAD - INFORMATION
           ------------------------
  
 Threshold for integral neglect (rithr1): 1E-10
 Threshold for integral neglect (rithr2): 1E-10
 Contributions to RI integral batches: 
  neglected integral batches:                    23
  direct contribution:                          880
     
 ****************************************
 Memory allocated for RDGRAD: 1 MiB
 ****************************************
                                            
     

 nuclear repulsion energy  :   36.8247828294    

  MOs are in ASCII format !


 reading orbital data $uhfmo_alpha  from file alpha
 orbital characterization : scfconv=7

 reading orbital data $uhfmo_beta  from file beta
 orbital characterization : scfconv=7
  Deviation of MOs from orthonormality   6.266084873196576E-012
  Deviation of MOs from orthonormality   6.350295289614394E-012

    ----------------------------------------
     S+T+V CONTRIBUTIONS TO ENERGY GRADIENT 
    ----------------------------------------

 1e-integral 1st. derivatives will be neglected if expon. factor < 0.656390E-13

  _________________________________
 |                                 |
 |         DFTD3 V3.1 Rev 0        |
 | S.Grimme, University Bonn       |
 |            June  2014           |
 |   see standalone version        |
 |       dftd3 -h for options      |
 |_________________________________|
 
 Please cite DFT-D3 work done with this code as:
 S. Grimme, J. Antony, S. Ehrlich and H. Krieg,
 J. Chem. Phys, 132 (2010), 154104.
 If used with BJ-damping cite also
 S. Grimme, S. Ehrlich and L. Goerigk,
 J. Comput. Chem. 32 (2011), 1456-1465
 For DFT-D2 the reference is
 S. Grimme, J. Comput. Chem., 27 (2006), 1787-1799
 
C6 coefficients used:
                     2  C6 for element                      1
Z=  1 CN= 0.912     C6(AA)=    3.03
Z=  1 CN= 0.000     C6(AA)=    7.59
                     5  C6 for element                      6
Z=  6 CN= 0.000     C6(AA)=   49.11
Z=  6 CN= 0.987     C6(AA)=   43.25
Z=  6 CN= 1.998     C6(AA)=   29.36
Z=  6 CN= 2.999     C6(AA)=   25.78
Z=  6 CN= 3.984     C6(AA)=   18.21
                     3  C6 for element                      8
Z=  8 CN= 0.000     C6(AA)=   15.51
Z=  8 CN= 0.993     C6(AA)=   12.82
Z=  8 CN= 1.989     C6(AA)=   10.37

#           XYZ [au]              R0(AA) [Ang.]  CN          C6(AA)     C8(AA)   C10(AA) [au]
  1  -9.17804   1.38273  -2.01821   c   0.566  3.939        18.4       532.1     18851.9
  2  -7.51748   2.91685  -2.19531   h   0.366  1.353         3.0        36.6       542.7
  3 -10.56215   1.66929  -3.56650   h   0.366  0.990         3.1        37.4       554.0
  4 -10.14122   1.60583  -0.16953   h   0.366  0.990         3.1        37.4       554.0
  5  -8.36561  -0.54503  -2.15487   h   0.366  0.990         3.1        37.4       554.0
  6  -5.72101   4.47020  -2.82374   o   0.473  1.403        12.0       241.5      5969.1
  7  -4.43203   3.13621  -3.07080   h   0.366  0.989         3.1        37.4       554.1

molecular C6(AA) [au] =       270.35

           DFT-D V3(BJ)
 DF b3-lyp                                            
 parameters
 s6       :    1.0000
 s8       :    1.9889
 a1       :    0.3981
 a2       :    4.4211
 k1-k3    :   16.0000    1.3333   -4.0000
 
 Edisp /kcal,au:    -2.3379 -0.00372564

 E6    /kcal :    -1.2266
 E8    /kcal :    -1.1113
 % E8        : 47.53
 
 doing analytical gradient O(N^2) ...
 
 |G|=  1.833658196991930E-003

 setting up bound for integral derivative estimation

 increment for numerical differentiation : 0.00050000

 biggest AO integral is expected to be     7.998976882
 biggest cartesian 1st derivative AO integral is expected to be    17.678530758

 biggest 1-particle AO density matrix element is expected to be    0.9463347266

 setting up bound for integral derivative estimation

 increment for numerical differentiation : 0.00050000

 biggest AO integral is expected to be     7.998976882
 biggest cartesian 1st derivative AO integral is expected to be    17.678530758

 2e-integral 1st. derivatives will be neglected if expon. factor < 0.100000E-06
 outer boundary for 2e-integral derivative neglection is 0.186105E-07

          Overall gridpoints after grid construction =         30806

 Integrated ground state density     :   18.99998807179538    

 Integrated ground state spin density:   1.000000449558198    


          ------------------------------------------------
           cartesian gradient of the energy (hartree/bohr)
          ------------------------------------------------

  ATOM      1 c           2 h           3 h           4 h           5 h 
dE/dx  0.2224003D-01  0.7876171D-02 -0.1242020D-01 -0.1005698D-01  0.8412709D-03
dE/dy  0.2314766D-01 -0.1452521D-02 -0.2641050D-02 -0.3334471D-02 -0.1292780D-01
dE/dz -0.2408931D-02 -0.4620351D-03 -0.7629559D-02  0.9456345D-02 -0.3381769D-03

  ATOM      6 o           7 h 
dE/dx -0.1677542D-01  0.8310958D-02
dE/dy  0.1037980D-01 -0.1317523D-01
dE/dz  0.2411313D-02 -0.1014173D-02
 
 resulting FORCE  (fx,fy,fz) = (0.158D-04,-.361D-05,0.148D-04)
 resulting MOMENT (mx,my,mz) = (0.905D-04,0.641D-04,-.121D-03)


 exx =       0.021945 eyy =       0.030133 ezz =       0.028518
 eyz =       0.005508 exz =       0.003829 exy =      -0.032601


 **********************************************************************
  |maximum component of gradient| : 0.23147656E-01  (atom  1 c )       
   gradient norm                  : 0.48252777E-01
 **********************************************************************

 <getgrd> : data group $grad  is missing 

   ***  cartesian gradients written onto <control>  ***


     --- calculation of the energy gradient finished ---



    ------------------------------------------------------------------------
         total  cpu-time :   0.89 seconds
         total wall-time :   0.46 seconds
    ------------------------------------------------------------------------

   ****  rdgrad : all done  ****


    2023-06-08 11:36:19.810 

 rdgrad ended normally
