
  ========================================================================
                license information 
 Customer : 200000000058156
 ID       : LKO1924661

 License file is VALID, continuing with full version
  ========================================================================

   OpenMP run-time library returned nthreads =  2

 ridft (c04) : TURBOMOLE rev. V7-6 27 Oct 2021 at 10:11:12 compiled Oct 27th 2021
 Copyright (C) 2021 TURBOMOLE GmbH, Karlsruhe


    2023-06-15 21:21:52.545 



                                  r i d f t

                        DFT program with RI approximation 
                                for coulomb part 




                                                 
                                 References:     
                                                 
          TURBOMOLE:                             
              R. Ahlrichs, M. Baer, M. Haeser, H. Horn, and
              C. Koelmel
              Electronic structure calculations on workstation
              computers: the program system TURBOMOLE
              Chem. Phys. Lett. 162: 165 (1989)
          Density Functional:                              
              O. Treutler and R. Ahlrichs                      
              Efficient Molecular Numerical Integration Schemes
              J. Chem. Phys. 102: 346 (1995)                   
          Parallel Version:                                
              Performance of parallel TURBOMOLE for Density    
              Functional Calculations                          
              M. v. Arnim and R. Ahlrichs                      
              J. Comp. Chem. 19: 1746 (1998)                   
          RI-J Method:                                     
              Auxiliary Basis Sets to approximate Coulomb      
              Potentials                                       
              Chem. Phys. Lett. 240: 283 (1995)                
              K. Eichkorn, O. Treutler, H. Oehm, M. Haeser     
              and R. Ahlrichs                                  
              Chem. Phys. Lett. 242: 652 (1995)                
                                                           
              Auxiliary Basis Sets for Main Row Atoms and their
              Use to approximate Coulomb Potentials            
              K. Eichkorn, F. Weigend, O. Treutler and         
              R. Ahlrichs                                      
              Theo. Chem. Acc. 97: 119 (1997)                   
                                                           
              Accurate Coulomb-fitting basis sets for H to Rn 
              F. Weigend                                        
              Phys. Chem. Chem. Phys. 8: 1057 (2006)            
                                                           
          Multipole accelerated RI-J (MARI-J):             
              Fast evaluation of the Coulomb potential for     
              electron densities using multipole accelerated   
              resolution of identity approximation             
              M. Sierka, A. Hogekamp and R. Ahlrichs           
              J. Chem. Phys. 118: 9136 (2003)                  
          RI-JK Method:                                     
              A fully direct RI-HF algorithm: Implementation,
              optimised auxiliary basis sets, demonstration of
              accuracy and efficiency                         
              F. Weigend                                      
              Phys. Chem. Chem. Phys. 4: 4285 (2002)           
          Two-component HF and DFT with spin-orbit coupling:  
              Self-consistent treatment of spin-orbit         
              interactions with efficient Hartree-Fock and    
              density functional methods                      
              M. K. Armbruster, F. Weigend, C. van Wüllen and 
              W. Klopper                                      
              Phys. Chem. Chem. Phys. 10: 1748 (2008)         
          Two-component difference density and DIIS algorithm 
              Efficient two-component self-consistent field   
              procedures and gradients: implementation in     
              TURBOMOLE and application to Au20-              
              A. Baldes, F. Weigend                           
              Mol. Phys. 111: 2617 (2013)                     
          Relativistic all-electron 2c calculations           
              An efficient implementation of two-component    
              relativistic exact-decoupling methods for large 
              molecules                                       
              D. Peng, N. Middendorf, F. Weigend, M. Reiher   
              J. Chem. Phys. 138: 184105 (2013)               
          Finite nucleus model and SNSO approximation         
              Efficient implementation of one- and two-       
              component analytical energy gradients in exact  
              two-component theory                            
              Y. J. Franzke, N. Middendorf, F. Weigend        
              J. Chem. Phys. 148: 104110 (2018)               
          Grids for all-electron relativistic methods         
              Error-consistent segmented contracted all-      
              electron relativistic basis sets of double-     
              and triple-zeta quality for NMR shielding       
              constants                                       
              Y. J. Franzke, R. Tress, T. M. Pazdera,         
              F. Weigend                                      
              Phys. Chem. Chem. Phys. 21: 166658 (2019)       
          Seminumerical exchange algorithms                   
              Seminumerical calculation of the Hartree-Fock   
              exchange matirx: Application to two-component   
              procedures and efficient evaluation of local    
              hybrid functionsl                               
               P. Plessow, F. Weigend,                        
              J. Comput. Chem. 33: 810 (2012)                 
          Improved seminumerical algorithms                   
              C. Holzer,                                      
              J. Chem. Phys. 153 (2020), 184115               
                                         





          OpenMP Shared-Memory Parallelization:  2 CPUs.

            By: Christof Holzer and Yannick J. Franzke


              +--------------------------------------------------+
              |      general information about current run       |
              +--------------------------------------------------+

 
 TPSS meta-GGA functional
 exchange:    LDA + TPSS
 correlation: LDA (PW) + TPSS
 A DFT calculation using the RI-J approximation will be carried out.
 Allocatable memory for RI due to $ricore (MB):                   500


              +--------------------------------------------------+
              | Atomic coordinate, charge and isotop information |
              +--------------------------------------------------+

                    atomic coordinates            atom    charge  isotop
         -9.99007888    3.53381119    0.08465484    c      6.000     0
        -10.52829682    5.74763566    0.06020965    o      8.000     0
         -7.62786358    2.58447761   -0.19655375    o      8.000     0
        -11.32935918    1.96461150    0.33784956    h      1.000     0
         -6.49043994    4.02639327   -0.41585220    h      1.000     0
 
       center of nuclear mass  :   -9.30871367    3.94979222   -0.02701189
       center of nuclear charge:   -9.29206482    3.91044908   -0.02753444

  Keyword $basis  missing in file <control>

              read basis sets from /software/cluster/turbomole76/basen/
              (basis sets have been saved in file basis)

              +--------------------------------------------------+
              |               basis set information              |
              +--------------------------------------------------+

              we will work with the 1s 3p 5d 7f 9g ... basis set
              ...i.e. with spherical basis functions...

   type   atoms  prim   cont   basis
   ---------------------------------------------------------------------------
    c        1    102     80   aug-cc-pVQZ   [6s5p4d3f2g|22s7p4d3f2g]
    o        2    102     80   aug-cc-pVQZ   [6s5p4d3f2g|22s7p4d3f2g]
    h        2     48     46   aug-cc-pVQZ   [5s4p3d2f|7s4p3d2f]
   ---------------------------------------------------------------------------
   total:    5    402    332
   ---------------------------------------------------------------------------

   total number of primitive shells          :   92
   total number of contracted shells         :   88
   total number of cartesian basis functions :  425
   total number of SCF-basis functions       :  332


 integral neglect threshold       :  0.78E-11
 integral storage threshold THIZE :  0.10E-04
 integral storage threshold THIME :         5

 RI-J AUXILIARY BASIS SET information:

              assign orbital basis set names as defaults
              read basis sets from /software/cluster/turbomole76/jbasen/
              (basis sets have been saved in file auxbasis)

              we will work with the 1s 3p 5d 7f 9g ... basis set
              ...i.e. with spherical basis functions...

   type   atoms  prim   cont   basis
   ---------------------------------------------------------------------------
    c        1     70     49   aug-cc-pVQZ   [6s4p3d1f1g|12s5p4d2f1g]
    o        2     70     49   aug-cc-pVQZ   [6s4p3d1f1g|12s5p4d2f1g]
    h        2     16     11   aug-cc-pVQZ   [3s1p1d|5s2p1d]
   ---------------------------------------------------------------------------
   total:    5    242    169
   ---------------------------------------------------------------------------

   total number of primitive shells          :   56
   total number of contracted shells         :   55
   total number of cartesian basis functions :  207
   total number of SCF-basis functions       :  169


 symmetry group of the molecule :   c1 

 the group has the following generators :
   c1(z)

    1 symmetry operations found

 there are 1 real representations :   a   

 maximum number of shells which are related by symmetry :  1

  
           ------------------
           density functional
           ------------------
 TPSS meta-GGA functional
 exchange:    LDA + TPSS
 correlation: LDA (PW) + TPSS

 iterations will be done with small grid
  
 spherical integration : Lebedev's spherical grid
 spherical gridsize    :                     3
    i.e. gridpoints    :                   302
 value for diffuse not defined
 radial integration    : Chebyshev 2nd kind (scaling 3)
 radial gridsize       :                     3
 integration cells     :                     5
 partition function    : becke
 partition sharpness   :                     3
  

 biggest AO integral is expected to be     4.785886462

          ------------------------
          nuclear repulsion energy  :   69.7604228050    
          ------------------------

  _________________________________
 |                                 |
 |         DFTD3 V3.1 Rev 0        |
 | S.Grimme, University Bonn       |
 |            June  2014           |
 |   see standalone version        |
 |       dftd3 -h for options      |
 |_________________________________|
 
 Please cite DFT-D3 work done with this code as:
 S. Grimme, J. Antony, S. Ehrlich and H. Krieg,
 J. Chem. Phys, 132 (2010), 154104.
 If used with BJ-damping cite also
 S. Grimme, S. Ehrlich and L. Goerigk,
 J. Comput. Chem. 32 (2011), 1456-1465
 For DFT-D2 the reference is
 S. Grimme, J. Comput. Chem., 27 (2006), 1787-1799
 
C6 coefficients used:
                     2  C6 for element                      1
Z=  1 CN= 0.912     C6(AA)=    3.03
Z=  1 CN= 0.000     C6(AA)=    7.59
                     5  C6 for element                      6
Z=  6 CN= 0.000     C6(AA)=   49.11
Z=  6 CN= 0.987     C6(AA)=   43.25
Z=  6 CN= 1.998     C6(AA)=   29.36
Z=  6 CN= 2.999     C6(AA)=   25.78
Z=  6 CN= 3.984     C6(AA)=   18.21
                     3  C6 for element                      8
Z=  8 CN= 0.000     C6(AA)=   15.51
Z=  8 CN= 0.993     C6(AA)=   12.82
Z=  8 CN= 1.989     C6(AA)=   10.37

#           XYZ [au]              R0(AA) [Ang.]  CN          C6(AA)     C8(AA)   C10(AA) [au]
  1  -9.99008   3.53381   0.08465   c   0.645  3.008        25.7       742.1     26291.1
  2 -10.52830   5.74764   0.06021   o   0.539  1.018        12.8       258.2      6383.9
  3  -7.62786   2.58448  -0.19655   o   0.539  2.006        10.4       210.0      5192.2
  4 -11.32936   1.96461   0.33785   h   0.417  0.996         3.1        37.4       553.5
  5  -6.49044   4.02639  -0.41585   h   0.417  1.011         3.1        37.3       552.3

molecular C6(AA) [au] =       233.02

           DFT-D V3(BJ)
 DF tpss                                              
 parameters
 s6       :    1.0000
 s8       :    1.9435
 a1       :    0.4535
 a2       :    4.4752
 k1-k3    :   16.0000    1.3333   -4.0000
 
 Edisp /kcal,au:    -1.3887 -0.00221307

 E6    /kcal :    -0.7264
 E8    /kcal :    -0.6623
 % E8        : 47.69
 nuclear repulsion energy                  =      69.760422805
  DFT-D3 Energy contribution               =      -0.002213073
 nuclear repulsion + dispersion correction =      69.758209732


         -----------------
         -S,T+V- integrals
         -----------------

 1e-integrals will be neglected if expon. factor < 0.786344E-12
 
   Difference densities algorithm switched on.
   The maximal number of linear combinations of
   difference densities is                    20 .

 DIIS switched on: error vector is FDS-SDF
 Max. Iterations for DIIS is     :   4
 DIIS matrix (see manual) 
    Scaling factor of diagonals  :  1.200
    threshold for scaling factor :  0.000

 scf convergence criterion : increment of total energy < .1000000D-06
                  and increment of one-electron energy < .1000000D-03

 MOs are in ASCII format !

  missing closed shell occupation number declaration

 No input with occupation numbers/open-shell information found

 start vectors will be provided by an EHT guess

 The EHT guess will be determined for:
   molecular charge   :    0
   number of electrons:   24
   S_z eigenvalue     :    0
 
 virtual MOs provided and orthogonalized by Cholesky decomposition

 automatic virtual orbital shift switched on 
      shift if e(lumo)-e(homo) < 0.10000000    

  
           ------------------------
               RI-J - INFORMATION
           ------------------------
 Contributions to RI integral batches: 
  neglected integral batches:                    44
  direct contribution:                            0
  memory contribution:                  3872
 Memory core needed for (P|Q) and Cholesky      1 MByte
 Memory core minimum needed except of (P|Q)     1 MByte
 Total minimum memory core needed (sum)         1 MByte
  
 ****************************************
 Memory allocated for RI-J   144 MByte
 ****************************************
                                            

 dump of DSCF restart information has been disabled !


 Starting SCF iterations

          Overall gridpoints after grid construction =          7158

 ITERATION  ENERGY          1e-ENERGY        2e-ENERGY     NORM[dD(SAO)]  TOL
   1  -189.01272522309    -396.12736655     137.35643159    0.000D+00 0.784D-11
                            Exc = -23.4726473197     Coul =  160.829078913    
                              N = 23.999934301    
                            current damping = 0.700
 
          max. resid. norm for Fia-block=  3.901D-01 for orbital     11a         
          max. resid. fock norm         =  1.148D+01 for orbital    290a         

 ITERATION  ENERGY          1e-ENERGY        2e-ENERGY     NORM[dD(SAO)]  TOL
   2  -189.75748543868    -396.66202158     137.14632641    0.153D+01 0.599D-11
                            Exc = -23.2759772683     Coul =  160.422303678    
                              N = 24.000061151    
                            current damping = 0.650
 
          Norm of current diis error:  2.4456    
          max. resid. norm for Fia-block=  1.667D-01 for orbital      2a         
          max. resid. fock norm         =  2.716D-01 for orbital    221a         

 ITERATION  ENERGY          1e-ENERGY        2e-ENERGY     NORM[dD(SAO)]  TOL
   3  -189.84985757775    -397.68077360     138.07270629    0.431D+00 0.424D-11
                            Exc = -23.3888242861     Coul =  161.461530577    
                              N = 24.000104616    
                            current damping = 0.600
 
          Norm of current diis error:  1.1339    
          max. resid. norm for Fia-block=  6.566D-02 for orbital      2a         
          max. resid. fock norm         =  8.237D-02 for orbital    262a         

 ITERATION  ENERGY          1e-ENERGY        2e-ENERGY     NORM[dD(SAO)]  TOL
   4  -189.87601453669    -397.29238314     137.65815888    0.117D+00 0.360D-11
                            Exc = -23.3274222578     Coul =  160.985581134    
                              N = 24.000146468    
                            current damping = 0.650
 
          Norm of current diis error: 0.45419    
          max. resid. norm for Fia-block=  2.700D-02 for orbital      5a         
          max. resid. fock norm         =  4.750D-02 for orbital    315a         

 ITERATION  ENERGY          1e-ENERGY        2e-ENERGY     NORM[dD(SAO)]  TOL
   5  -189.88010848851    -397.58605273     137.94773451    0.577D-01 0.326D-11
                            Exc = -23.3657690219     Coul =  161.313503533    
                              N = 24.000149210    
                            current damping = 0.700
 
          Norm of current diis error: 0.25742    
          max. resid. norm for Fia-block=  1.091D-02 for orbital     12a         
          max. resid. fock norm         =  1.354D-02 for orbital    329a         
          mo-orthogonalization: Cholesky decomposition

 ITERATION  ENERGY          1e-ENERGY        2e-ENERGY     NORM[dD(SAO)]  TOL
   6  -189.88150498721    -397.54614318     137.90642846    0.241D-01 0.308D-11
                            Exc = -23.3572327821     Coul =  161.263661245    
                              N = 24.000166613    
                            current damping = 0.750
 
          Norm of current diis error: 0.12094    
          max. resid. norm for Fia-block=  5.273D-03 for orbital     10a         
          max. resid. fock norm         =  9.479D-03 for orbital    281a         

 ITERATION  ENERGY          1e-ENERGY        2e-ENERGY     NORM[dD(SAO)]  TOL
   7  -189.88179974900    -397.50015027     137.86014079    0.707D-02 0.299D-11
                            Exc = -23.3519944266     Coul =  161.212135216    
                              N = 24.000167175    
                            current damping = 0.600
 
          Norm of current diis error: 0.36989E-01
          max. resid. norm for Fia-block=  2.100D-03 for orbital      4a         
          max. resid. fock norm         =  3.228D-03 for orbital    320a         

 ITERATION  ENERGY          1e-ENERGY        2e-ENERGY     NORM[dD(SAO)]  TOL
   8  -189.88183216667    -397.52483760     137.88479570    0.217D-02 0.290D-11
                            Exc = -23.3556931599     Coul =  161.240488857    
                              N = 24.000168952    
                            current damping = 0.650
 
          Norm of current diis error: 0.15524E-01
          max. resid. norm for Fia-block=  6.776D-04 for orbital     10a         
          max. resid. fock norm         =  1.023D-03 for orbital    315a         

 ITERATION  ENERGY          1e-ENERGY        2e-ENERGY     NORM[dD(SAO)]  TOL
   9  -189.88183824428    -397.52671588     137.88666790    0.920D-03 0.284D-11
                            Exc = -23.3555174433     Coul =  161.242185344    
                              N = 24.000169569    
                            current damping = 0.500
 
          Norm of current diis error: 0.50796E-02
          max. resid. norm for Fia-block=  2.874D-04 for orbital     12a         
          max. resid. fock norm         =  5.087D-04 for orbital    252a         

 ITERATION  ENERGY          1e-ENERGY        2e-ENERGY     NORM[dD(SAO)]  TOL
  10  -189.88183884003    -397.52175853     137.88170996    0.188D-03 0.279D-11
                            Exc = -23.3550109752     Coul =  161.236720933    
                              N = 24.000170155    
                            current damping = 0.550
 
          Norm of current diis error: 0.33549E-02
          max. resid. norm for Fia-block=  1.661D-04 for orbital     11a         
          max. resid. fock norm         =  3.457D-04 for orbital    281a         
          mo-orthogonalization: Cholesky decomposition

 ITERATION  ENERGY          1e-ENERGY        2e-ENERGY     NORM[dD(SAO)]  TOL
  11  -189.88183896053    -397.52367329     137.88362459    0.689D-04 0.276D-11
                            Exc = -23.3553020670     Coul =  161.238926661    
                              N = 24.000170045    
                            current damping = 0.600
 
          Norm of current diis error: 0.27083E-02
          max. resid. norm for Fia-block=  9.015D-05 for orbital     11a         
          max. resid. fock norm         =  1.410D-04 for orbital    329a         

 ITERATION  ENERGY          1e-ENERGY        2e-ENERGY     NORM[dD(SAO)]  TOL
  12  -189.88183907678    -397.52573226     137.88568345    0.181D-04 0.272D-11
                            Exc = -23.3555286417     Coul =  161.241212092    
                              N = 24.000170138    
                            current damping = 0.450
 
          Norm of current diis error: 0.95705E-03
          max. resid. norm for Fia-block=  4.246D-05 for orbital      9a         
          max. resid. fock norm         =  4.551D-05 for orbital      9a         

 ITERATION  ENERGY          1e-ENERGY        2e-ENERGY     NORM[dD(SAO)]  TOL
  13  -189.88183908808    -397.52454065     137.88449183    0.775D-05 0.268D-11
                            Exc = -23.3553441013     Coul =  161.239835933    
                              N = 24.000170173    
                            current damping = 0.500
 
          Norm of current diis error: 0.60558E-03
          max. resid. norm for Fia-block=  1.803D-05 for orbital      7a         
          max. resid. fock norm         =  2.875D-05 for orbital    258a         

 ENERGY CONVERGED !

          Overall gridpoints after grid construction =         26243

 ITERATION  ENERGY          1e-ENERGY        2e-ENERGY     NORM[dD(SAO)]  TOL
  14  -189.88170692507    -397.52440403     137.88448737    0.525D-05 0.264D-11
                            Exc = -23.3552178968     Coul =  161.239705271    
                              N = 24.000007179    
                            current damping = 0.350
 
          Norm of current diis error: 0.15179E-03
          max. resid. norm for Fia-block=  5.087D-06 for orbital     12a         
          max. resid. fock norm         =  1.036D-05 for orbital    315a         

 End of SCF iterations

   convergence criteria satisfied after    14 iterations


                  ------------------------------------------ 
                 |  total energy      =   -189.88170692507  |
                  ------------------------------------------ 
                 :  kinetic energy    =    189.16925033614  :
                 :  potential energy  =   -379.05095726121  :
                 :  virial theorem    =      1.99624789244  :
                 :  wavefunction norm =      1.00000000000  :
                  .......................................... 


 <geterg> : there is no data group $energy 


 <skperg> : $end is missing 


 orbitals $scfmo  will be written to file mos

    irrep                  8a          9a         10a         11a         12a   
 eigenvalues H         -0.44934    -0.41251    -0.37169    -0.30317    -0.25943
            eV         -12.2273    -11.2249    -10.1144     -8.2499     -7.0595
 occupation              2.0000      2.0000      2.0000      2.0000      2.0000

    irrep                 13a         14a         15a         16a         17a   
 eigenvalues H         -0.05211    -0.01955     0.00098     0.03112     0.03332
            eV          -1.4181     -0.5319      0.0266      0.8469      0.9066
 
 
 
 
 ==============================================================================
                           electrostatic moments
 ==============================================================================

 reference point for electrostatic moments:    0.00000   0.00000   0.00000

 
              nuc           elec       ->  total
 ------------------------------------------------------------------------------
                          charge      
 ------------------------------------------------------------------------------
          24.000000     -24.000000      -0.000000
 
 ------------------------------------------------------------------------------
                       dipole moment  
 ------------------------------------------------------------------------------
   x    -223.009556     223.384831       0.375275
   y      93.850778     -94.303429      -0.452651
   z      -0.660826       0.629846      -0.030981
 
   | dipole moment | =     0.5888 a.u. =     1.4966 debye 
 
 ------------------------------------------------------------------------------
                     quadrupole moment
 ------------------------------------------------------------------------------
  xx    2121.524941   -2139.789061     -18.264121
  yy     412.717191    -431.145102     -18.427910
  zz       0.668143     -13.352007     -12.683864
  xy    -902.024023     910.513249       8.489226
  xz       0.720235      -0.766683      -0.046448
  yz      -0.511121       0.111981      -0.399140
 
     1/3  trace=     -16.458632
     anisotropy=      15.772297
 
 ==============================================================================
 
HOMO-LUMO Separation
 HOMO         :   -0.25943154 H =     -7.05950 eV
 LUMO         :   -0.05211339 H =     -1.41808 eV
 HOMO-LUMO gap:    0.20731815 H =     +5.64142 eV
 
 ==============================================================================


    ------------------------------------------------------------------------
         total  cpu-time :  16.36 seconds
         total wall-time :  24.17 seconds
    ------------------------------------------------------------------------

   ****  ridft : all done  ****


    2023-06-15 21:22:16.670 

