
  ========================================================================
                license information 
 Customer : 200000000058156
 ID       : LKO1924661

 License file is VALID, continuing with full version
  ========================================================================

   OpenMP run-time library returned nthreads =  2

 ridft (c04) : TURBOMOLE rev. V7-6 27 Oct 2021 at 10:11:12 compiled Oct 27th 2021
 Copyright (C) 2021 TURBOMOLE GmbH, Karlsruhe


    2023-06-06 11:13:26.930 



                                  r i d f t

                        DFT program with RI approximation 
                                for coulomb part 




                                                 
                                 References:     
                                                 
          TURBOMOLE:                             
              R. Ahlrichs, M. Baer, M. Haeser, H. Horn, and
              C. Koelmel
              Electronic structure calculations on workstation
              computers: the program system TURBOMOLE
              Chem. Phys. Lett. 162: 165 (1989)
          Density Functional:                              
              O. Treutler and R. Ahlrichs                      
              Efficient Molecular Numerical Integration Schemes
              J. Chem. Phys. 102: 346 (1995)                   
          Parallel Version:                                
              Performance of parallel TURBOMOLE for Density    
              Functional Calculations                          
              M. v. Arnim and R. Ahlrichs                      
              J. Comp. Chem. 19: 1746 (1998)                   
          RI-J Method:                                     
              Auxiliary Basis Sets to approximate Coulomb      
              Potentials                                       
              Chem. Phys. Lett. 240: 283 (1995)                
              K. Eichkorn, O. Treutler, H. Oehm, M. Haeser     
              and R. Ahlrichs                                  
              Chem. Phys. Lett. 242: 652 (1995)                
                                                           
              Auxiliary Basis Sets for Main Row Atoms and their
              Use to approximate Coulomb Potentials            
              K. Eichkorn, F. Weigend, O. Treutler and         
              R. Ahlrichs                                      
              Theo. Chem. Acc. 97: 119 (1997)                   
                                                           
              Accurate Coulomb-fitting basis sets for H to Rn 
              F. Weigend                                        
              Phys. Chem. Chem. Phys. 8: 1057 (2006)            
                                                           
          Multipole accelerated RI-J (MARI-J):             
              Fast evaluation of the Coulomb potential for     
              electron densities using multipole accelerated   
              resolution of identity approximation             
              M. Sierka, A. Hogekamp and R. Ahlrichs           
              J. Chem. Phys. 118: 9136 (2003)                  
          RI-JK Method:                                     
              A fully direct RI-HF algorithm: Implementation,
              optimised auxiliary basis sets, demonstration of
              accuracy and efficiency                         
              F. Weigend                                      
              Phys. Chem. Chem. Phys. 4: 4285 (2002)           
          Two-component HF and DFT with spin-orbit coupling:  
              Self-consistent treatment of spin-orbit         
              interactions with efficient Hartree-Fock and    
              density functional methods                      
              M. K. Armbruster, F. Weigend, C. van Wüllen and 
              W. Klopper                                      
              Phys. Chem. Chem. Phys. 10: 1748 (2008)         
          Two-component difference density and DIIS algorithm 
              Efficient two-component self-consistent field   
              procedures and gradients: implementation in     
              TURBOMOLE and application to Au20-              
              A. Baldes, F. Weigend                           
              Mol. Phys. 111: 2617 (2013)                     
          Relativistic all-electron 2c calculations           
              An efficient implementation of two-component    
              relativistic exact-decoupling methods for large 
              molecules                                       
              D. Peng, N. Middendorf, F. Weigend, M. Reiher   
              J. Chem. Phys. 138: 184105 (2013)               
          Finite nucleus model and SNSO approximation         
              Efficient implementation of one- and two-       
              component analytical energy gradients in exact  
              two-component theory                            
              Y. J. Franzke, N. Middendorf, F. Weigend        
              J. Chem. Phys. 148: 104110 (2018)               
          Grids for all-electron relativistic methods         
              Error-consistent segmented contracted all-      
              electron relativistic basis sets of double-     
              and triple-zeta quality for NMR shielding       
              constants                                       
              Y. J. Franzke, R. Tress, T. M. Pazdera,         
              F. Weigend                                      
              Phys. Chem. Chem. Phys. 21: 166658 (2019)       
          Seminumerical exchange algorithms                   
              Seminumerical calculation of the Hartree-Fock   
              exchange matirx: Application to two-component   
              procedures and efficient evaluation of local    
              hybrid functionsl                               
               P. Plessow, F. Weigend,                        
              J. Comput. Chem. 33: 810 (2012)                 
          Improved seminumerical algorithms                   
              C. Holzer,                                      
              J. Chem. Phys. 153 (2020), 184115               
                                         





          OpenMP Shared-Memory Parallelization:  2 CPUs.

            By: Christof Holzer and Yannick J. Franzke


              +--------------------------------------------------+
              |      general information about current run       |
              +--------------------------------------------------+

 
 Hybrid part of B2-PLYP double hybrid functional
 exchange:    0.47(LDA + Becke (B88)) + 0.53 HF
 correlation: 0.73 LYP + 0.27 PT2 (MP2 program)
 S. Grimme, JCP 124, (2006), 034108-16
 ================================================
 |     I M P O R T A N T    N O T E :           |
 |                                              |
 | MP2 correlation energy has to be calculated  |
 |    to obtain the final B2-PLYP energy        |
 |                                              |
 ================================================
 A Hybrid-DFT calculation using the RI-J approximation will be carried out.
 Allocatable memory for RI due to $ricore (MB):                   500


              +--------------------------------------------------+
              | Atomic coordinate, charge and isotop information |
              +--------------------------------------------------+

                    atomic coordinates            atom    charge  isotop
         -6.93701212    2.62853580   -0.01229616    o      8.000     0
         -5.10709449    2.70441948    0.01542964    h      1.000     0
         -7.47075492    4.27431785    0.58878543    h      1.000     0
 
       center of nuclear mass  :   -6.86449030    2.72486412    0.02288603
       center of nuclear charge:   -6.80739464    2.80070238    0.05058458

  Keyword $basis  missing in file <control>

              read basis sets from /software/cluster/turbomole76/basen/
              (basis sets have been saved in file basis)

              +--------------------------------------------------+
              |               basis set information              |
              +--------------------------------------------------+

              we will work with the 1s 3p 5d 7f 9g ... basis set
              ...i.e. with spherical basis functions...

   type   atoms  prim   cont   basis
   ---------------------------------------------------------------------------
    o        1     77     57   def2-QZVP   [7s4p3d2f1g|15s8p3d2f1g]
    h        2     33     30   def2-QZVP   [4s3p2d1f|7s3p2d1f]
   ---------------------------------------------------------------------------
   total:    3    143    117
   ---------------------------------------------------------------------------

   total number of primitive shells          :   42
   total number of contracted shells         :   37
   total number of cartesian basis functions :  142
   total number of SCF-basis functions       :  117


 integral neglect threshold       :  0.23E-10
 integral storage threshold THIZE :  0.10E-04
 integral storage threshold THIME :         5

 RI-J AUXILIARY BASIS SET information:

              assign orbital basis set names as defaults
              read basis sets from /software/cluster/turbomole76/jbasen/
              (basis sets have been saved in file auxbasis)

              we will work with the 1s 3p 5d 7f 9g ... basis set
              ...i.e. with spherical basis functions...

   type   atoms  prim   cont   basis
   ---------------------------------------------------------------------------
    o        1     70     49   def2-QZVP   [6s4p3d1f1g|12s5p4d2f1g]
    h        2     16     11   def2-QZVP   [3s1p1d|5s2p1d]
   ---------------------------------------------------------------------------
   total:    3    102     71
   ---------------------------------------------------------------------------

   total number of primitive shells          :   32
   total number of contracted shells         :   25
   total number of cartesian basis functions :   85
   total number of SCF-basis functions       :   71


 symmetry group of the molecule :   c1 

 the group has the following generators :
   c1(z)

    1 symmetry operations found

 there are 1 real representations :   a   

 maximum number of shells which are related by symmetry :  1

  
           ------------------
           density functional
           ------------------
 Hybrid part of B2-PLYP double hybrid functional
 exchange:    0.47(LDA + Becke (B88)) + 0.53 HF
 correlation: 0.73 LYP + 0.27 PT2 (MP2 program)
 S. Grimme, JCP 124, (2006), 034108-16
 ================================================
 |     I M P O R T A N T    N O T E :           |
 |                                              |
 | MP2 correlation energy has to be calculated  |
 |    to obtain the final B2-PLYP energy        |
 |                                              |
 ================================================

 iterations will be done with small grid
  
 spherical integration : Lebedev's spherical grid
 spherical gridsize    :                     3
    i.e. gridpoints    :                   302
 value for diffuse not defined
 radial integration    : Chebyshev 2nd kind (scaling 3)
 radial gridsize       :                     3
 integration cells     :                     3
 partition function    : becke
 partition sharpness   :                     3
  

 biggest AO integral is expected to be     6.990327543

          ------------------------
          nuclear repulsion energy  :   9.08071954140    
          ------------------------

  _________________________________
 |                                 |
 |         DFTD3 V3.1 Rev 0        |
 | S.Grimme, University Bonn       |
 |            June  2014           |
 |   see standalone version        |
 |       dftd3 -h for options      |
 |_________________________________|
 
 Please cite DFT-D3 work done with this code as:
 S. Grimme, J. Antony, S. Ehrlich and H. Krieg,
 J. Chem. Phys, 132 (2010), 154104.
 If used with BJ-damping cite also
 S. Grimme, S. Ehrlich and L. Goerigk,
 J. Comput. Chem. 32 (2011), 1456-1465
 For DFT-D2 the reference is
 S. Grimme, J. Comput. Chem., 27 (2006), 1787-1799
 
C6 coefficients used:
                     2  C6 for element                      1
Z=  1 CN= 0.912     C6(AA)=    3.03
Z=  1 CN= 0.000     C6(AA)=    7.59
                     3  C6 for element                      8
Z=  8 CN= 0.000     C6(AA)=   15.51
Z=  8 CN= 0.993     C6(AA)=   12.82
Z=  8 CN= 1.989     C6(AA)=   10.37

#           XYZ [au]              R0(AA) [Ang.]  CN          C6(AA)     C8(AA)   C10(AA) [au]
  1  -6.93701   2.62854  -0.01230   o   0.364  1.985        10.4       210.2      5195.3
  2  -5.10709   2.70442   0.01543   h   0.282  0.994         3.1        37.4       553.8
  3  -7.47075   4.27432   0.58879   h   0.282  0.994         3.1        37.4       553.8

molecular C6(AA) [au] =        44.54

           DFT-D V3(BJ)
 DF b2-plyp                                           
 parameters
 s6       :    0.6400
 s8       :    0.9147
 a1       :    0.3065
 a2       :    5.0570
 k1-k3    :   16.0000    1.3333   -4.0000
 
 Edisp /kcal,au:    -0.1470 -0.00023430

 E6    /kcal :    -0.0953
 E8    /kcal :    -0.0517
 % E8        : 35.20
 nuclear repulsion energy                  =       9.080719541
  DFT-D3 Energy contribution               =      -0.000234300
 nuclear repulsion + dispersion correction =       9.080485241


         -----------------
         -S,T+V- integrals
         -----------------

 1e-integrals will be neglected if expon. factor < 0.235349E-11
 
   Difference densities algorithm switched on.
   The maximal number of linear combinations of
   difference densities is                    20 .

 DIIS switched on: error vector is FDS-SDF
 Max. Iterations for DIIS is     :   4
 DIIS matrix (see manual) 
    Scaling factor of diagonals  :  1.200
    threshold for scaling factor :  0.000

 scf convergence criterion : increment of total energy < .1000000D-06
                  and increment of one-electron energy < .1000000D-03

 MOs are in ASCII format !

  missing closed shell occupation number declaration

 No input with occupation numbers/open-shell information found

 start vectors will be provided by an EHT guess

 The EHT guess will be determined for:
   molecular charge   :    0
   number of electrons:   10
   S_z eigenvalue     :    0
 
 virtual MOs provided and orthogonalized by Cholesky decomposition

 automatic virtual orbital shift switched on 
      shift if e(lumo)-e(homo) < 0.10000000    

  
           ------------------------
               RI-J - INFORMATION
           ------------------------
 Contributions to RI integral batches: 
  neglected integral batches:                     0
  direct contribution:                            0
  memory contribution:                   703
 Memory core needed for (P|Q) and Cholesky      1 MByte
 Memory core minimum needed except of (P|Q)     1 MByte
 Total minimum memory core needed (sum)         1 MByte
  
 ****************************************
 Memory allocated for RI-J     7 MByte
 ****************************************
                                            

 dump of DSCF restart information has been disabled !


 Starting SCF iterations

          Overall gridpoints after grid construction =          3532

 ITERATION  ENERGY          1e-ENERGY        2e-ENERGY     NORM[dD(SAO)]  TOL
   1  -76.085562493420    -124.26303737     39.096989634    0.000D+00 0.235D-10
                            Exc = -4.54924242031     Coul =  48.4736492345    
                            exK = -4.82741718056    
                              N = 10.000058901    
                            current damping = 0.700
 
          max. resid. norm for Fia-block=  9.155D-01 for orbital      2a         
          max. resid. fock norm         =  1.108D+02 for orbital    112a         

 ITERATION  ENERGY          1e-ENERGY        2e-ENERGY     NORM[dD(SAO)]  TOL
   2  -76.282471336592    -123.20945450     37.846497920    0.377D+00 0.159D-10
                            Exc = -4.47387362441      Eck =  42.3203715447    
                              N = 10.000075052    
                            current damping = 0.650
 
          Norm of current diis error:  1.4068    
          max. resid. norm for Fia-block=  1.421D-01 for orbital      1a         
          max. resid. fock norm         =  1.444D-01 for orbital      1a         

 ITERATION  ENERGY          1e-ENERGY        2e-ENERGY     NORM[dD(SAO)]  TOL
   3  -76.320907038262    -123.15381896     37.752426677    0.127D+00 0.123D-10
                            Exc = -4.47625944557      Eck =  42.2286861230    
                              N = 10.000079341    
                            current damping = 0.500
 
          Norm of current diis error: 0.62768    
          max. resid. norm for Fia-block=  5.756D-02 for orbital      1a         
          max. resid. fock norm         =  5.867D-02 for orbital      1a         

 ITERATION  ENERGY          1e-ENERGY        2e-ENERGY     NORM[dD(SAO)]  TOL
   4  -76.332374889944    -122.93029231     37.517432179    0.335D-01 0.102D-10
                            Exc = -4.46537990981      Eck =  41.9828120891    
                              N = 10.000087661    
                            current damping = 0.350
 
          Norm of current diis error: 0.22386    
          max. resid. norm for Fia-block=  2.089D-02 for orbital      2a         
          max. resid. fock norm         =  2.294D-02 for orbital     60a         

 ITERATION  ENERGY          1e-ENERGY        2e-ENERGY     NORM[dD(SAO)]  TOL
   5  -76.334436411121    -122.92631136     37.511389710    0.112D-01 0.909D-11
                            Exc = -4.46712078603      Eck =  41.9785104960    
                              N = 10.000096132    
                            current damping = 0.200
 
          Norm of current diis error: 0.72618E-01
          max. resid. norm for Fia-block=  8.466D-03 for orbital      4a         
          max. resid. fock norm         =  8.607D-03 for orbital      4a         
          mo-orthogonalization: Cholesky decomposition

 ITERATION  ENERGY          1e-ENERGY        2e-ENERGY     NORM[dD(SAO)]  TOL
   6  -76.334743089069    -122.88054851     37.465320177    0.462D-02 0.853D-11
                            Exc = -4.46476851269      Eck =  41.9300886897    
                              N = 10.000100982    
                            current damping = 0.050
 
          Norm of current diis error: 0.22043E-01
          max. resid. norm for Fia-block=  2.837D-03 for orbital      3a         
          max. resid. fock norm         =  2.837D-03 for orbital      3a         

 ITERATION  ENERGY          1e-ENERGY        2e-ENERGY     NORM[dD(SAO)]  TOL
   7  -76.334765959927    -122.90160219     37.486350986    0.103D-02 0.822D-11
                            Exc = -4.46633420753      Eck =  41.9526851931    
                              N = 10.000102505    
                            current damping = 0.100
 
          Norm of current diis error: 0.97253E-02
          max. resid. norm for Fia-block=  9.223D-04 for orbital      4a         
          max. resid. fock norm         =  9.271D-04 for orbital      4a         

 ITERATION  ENERGY          1e-ENERGY        2e-ENERGY     NORM[dD(SAO)]  TOL
   8  -76.334769134388    -122.88780868     37.472554303    0.190D-03 0.807D-11
                            Exc = -4.46543123848      Eck =  41.9379855416    
                              N = 10.000102828    
                            current damping = 0.150
 
          Norm of current diis error: 0.26370E-02
          max. resid. norm for Fia-block=  2.767D-04 for orbital      3a         
          max. resid. fock norm         =  2.767D-04 for orbital      3a         

 ITERATION  ENERGY          1e-ENERGY        2e-ENERGY     NORM[dD(SAO)]  TOL
   9  -76.334769368860    -122.89018272     37.474928113    0.492D-04 0.793D-11
                            Exc = -4.46559231151      Eck =  41.9405204245    
                              N = 10.000102905    
                            current damping = 0.200
 
          Norm of current diis error: 0.37304E-03
          max. resid. norm for Fia-block=  5.400D-05 for orbital      4a         
          max. resid. fock norm         =  5.415D-05 for orbital      4a         

 ENERGY CONVERGED !

          Overall gridpoints after grid construction =         13740

 ITERATION  ENERGY          1e-ENERGY        2e-ENERGY     NORM[dD(SAO)]  TOL
  10  -76.334734417349    -122.89020031     37.474980655    0.625D-05 0.778D-11
                            Exc = -4.46555911981      Eck =  41.9405397744    
                              N = 9.9999999317    
                            current damping = 0.050
 
          Norm of current diis error: 0.10811E-03
          max. resid. norm for Fia-block=  1.828D-05 for orbital      4a         
          max. resid. fock norm         =  1.852D-05 for orbital      4a         

 End of SCF iterations

   convergence criteria satisfied after    10 iterations


                  ------------------------------------------ 
                 |  total energy      =    -76.33473441735  |
                  ------------------------------------------ 
                 :  kinetic energy    =     76.09075686183  :
                 :  potential energy  =   -152.42549127918  :
                 :  virial theorem    =      1.99680384615  :
                 :  wavefunction norm =      1.00000000000  :
                  .......................................... 


 <geterg> : there is no data group $energy 


 orbitals $scfmo  will be written to file mos

    irrep                  1a          2a          3a          4a          5a   
 eigenvalues H        -19.73287    -1.15201    -0.60757    -0.47365    -0.39877
            eV        -536.9628    -31.3481    -16.5331    -12.8887    -10.8512
 occupation              2.0000      2.0000      2.0000      2.0000      2.0000

    irrep                  6a          7a          8a          9a         10a   
 eigenvalues H          0.04430     0.10114     0.27556     0.30446     0.30707
            eV           1.2054      2.7522      7.4985      8.2848      8.3559
 
 
 
 
 ==============================================================================
                           electrostatic moments
 ==============================================================================

 reference point for electrostatic moments:    0.00000   0.00000   0.00000

 
              nuc           elec       ->  total
 ------------------------------------------------------------------------------
                          charge      
 ------------------------------------------------------------------------------
          10.000000     -10.000000       0.000000
 
 ------------------------------------------------------------------------------
                       dipole moment  
 ------------------------------------------------------------------------------
   x     -68.073946      68.522077       0.448131
   y      28.007024     -27.411964       0.595059
   z       0.505846      -0.288538       0.217308
 
   | dipole moment | =     0.7760 a.u. =     1.9723 debye 
 
 ------------------------------------------------------------------------------
                     quadrupole moment
 ------------------------------------------------------------------------------
  xx     466.871691    -476.683643      -9.811952
  yy      80.857282     -81.901764      -1.044482
  zz       0.348116      -5.817621      -5.469505
  xy    -191.617585     188.163414      -3.454171
  xz      -3.795084       2.098025      -1.697058
  yz       2.299817      -1.191652       1.108166
 
     1/3  trace=      -5.441980
     anisotropy=      10.284508
 
 ==============================================================================
 
HOMO-LUMO Separation
 HOMO         :   -0.39877204 H =    -10.85115 eV
 LUMO         :    0.04429640 H =     +1.20537 eV
 HOMO-LUMO gap:    0.44306844 H =    +12.05651 eV
 
 ==============================================================================


    ------------------------------------------------------------------------
         total  cpu-time :  15.55 seconds
         total wall-time :  1 minutes and 15 seconds
    ------------------------------------------------------------------------

   ****  ridft : all done  ****


    2023-06-06 11:14:39.309 

