 
        ______________________________________
       |                                      |
       |             T H E R M O              |
       |              S.Grimme                |
       |          Universitaet Bonn           |
       |______________________________________|
 
 read from ~/.thermorc:
 scale factor   1.00000000000000     
 T              298.150000000000     
 Sthr          0.000000000000000E+000
 
 reading coord ...
 # atoms            3

          molecular weight =   18.02

          (10-47 kg m^2)  a =      1.048811   b =      1.963773   c =      3.012584
          (Mhz         )  a = 800142.363942   b = 427339.643669   c = 278564.207596
          (cm-1        )  a =     26.689877   b =     14.254517   c =      9.291902
 lin? F
 
 reading frequencies ...
 -----------AOFORCE OUTPUT------------
 
 Nvib=           3
  1738.20  3710.32  3798.44
 symmetry:$symmetry c1
 RotN=   1.00000000000000     
 
 low-lying modes and their entropy (T*S, in kcal/mol)

                    CALCULATED THERMODYNAMIC PROPERTIES
   TEMP. (K)   PARTITION FUNCTION             ENTHALPY   HEAT CAPACITY  ENTROPY
                                    KCAL/MOL   CAL/MOLE    CAL/K/MOL   CAL/K/MOL

 298.15  VIB.         1.000                     1.13179    0.03186    0.00425
         ROT.     88.9                        888.752      2.981     11.899
         INT.     89.0                        889.884      3.013     11.904
         TRA.    0.740E+26                   1481.254      4.968     34.593
         TOT.                                2371.1381     7.9809    46.4970   194.5429
 
                    [au]       [kcal/mol]        [kJ/mol]

ZPVE            0.210661E-01     13.2192         55.3089    
H(0)-H(T)+PV    0.377865E-02     2.37114         9.92080    
 ------------------------------------------------------
H(T)            0.248448E-01     15.5903         65.2297    
T*S             0.220922E-01     13.8631         58.0030    
G(T)            0.275253E-02     1.72724         7.22674    
 ------------------------------------------------------
 writing .H298 and .G298
