
  ========================================================================
                license information 
 Customer : 200000000058156
 ID       : LKO1924661

 License file is VALID, continuing with full version
  ========================================================================

   OpenMP run-time library returned nthreads =  2

 ridft (c04) : TURBOMOLE rev. V7-6 27 Oct 2021 at 10:11:12 compiled Oct 27th 2021
 Copyright (C) 2021 TURBOMOLE GmbH, Karlsruhe


    2023-06-05 19:36:45.673 



                                  r i d f t

                        DFT program with RI approximation 
                                for coulomb part 




                                                 
                                 References:     
                                                 
          TURBOMOLE:                             
              R. Ahlrichs, M. Baer, M. Haeser, H. Horn, and
              C. Koelmel
              Electronic structure calculations on workstation
              computers: the program system TURBOMOLE
              Chem. Phys. Lett. 162: 165 (1989)
          Density Functional:                              
              O. Treutler and R. Ahlrichs                      
              Efficient Molecular Numerical Integration Schemes
              J. Chem. Phys. 102: 346 (1995)                   
          Parallel Version:                                
              Performance of parallel TURBOMOLE for Density    
              Functional Calculations                          
              M. v. Arnim and R. Ahlrichs                      
              J. Comp. Chem. 19: 1746 (1998)                   
          RI-J Method:                                     
              Auxiliary Basis Sets to approximate Coulomb      
              Potentials                                       
              Chem. Phys. Lett. 240: 283 (1995)                
              K. Eichkorn, O. Treutler, H. Oehm, M. Haeser     
              and R. Ahlrichs                                  
              Chem. Phys. Lett. 242: 652 (1995)                
                                                           
              Auxiliary Basis Sets for Main Row Atoms and their
              Use to approximate Coulomb Potentials            
              K. Eichkorn, F. Weigend, O. Treutler and         
              R. Ahlrichs                                      
              Theo. Chem. Acc. 97: 119 (1997)                   
                                                           
              Accurate Coulomb-fitting basis sets for H to Rn 
              F. Weigend                                        
              Phys. Chem. Chem. Phys. 8: 1057 (2006)            
                                                           
          Multipole accelerated RI-J (MARI-J):             
              Fast evaluation of the Coulomb potential for     
              electron densities using multipole accelerated   
              resolution of identity approximation             
              M. Sierka, A. Hogekamp and R. Ahlrichs           
              J. Chem. Phys. 118: 9136 (2003)                  
          RI-JK Method:                                     
              A fully direct RI-HF algorithm: Implementation,
              optimised auxiliary basis sets, demonstration of
              accuracy and efficiency                         
              F. Weigend                                      
              Phys. Chem. Chem. Phys. 4: 4285 (2002)           
          Two-component HF and DFT with spin-orbit coupling:  
              Self-consistent treatment of spin-orbit         
              interactions with efficient Hartree-Fock and    
              density functional methods                      
              M. K. Armbruster, F. Weigend, C. van Wüllen and 
              W. Klopper                                      
              Phys. Chem. Chem. Phys. 10: 1748 (2008)         
          Two-component difference density and DIIS algorithm 
              Efficient two-component self-consistent field   
              procedures and gradients: implementation in     
              TURBOMOLE and application to Au20-              
              A. Baldes, F. Weigend                           
              Mol. Phys. 111: 2617 (2013)                     
          Relativistic all-electron 2c calculations           
              An efficient implementation of two-component    
              relativistic exact-decoupling methods for large 
              molecules                                       
              D. Peng, N. Middendorf, F. Weigend, M. Reiher   
              J. Chem. Phys. 138: 184105 (2013)               
          Finite nucleus model and SNSO approximation         
              Efficient implementation of one- and two-       
              component analytical energy gradients in exact  
              two-component theory                            
              Y. J. Franzke, N. Middendorf, F. Weigend        
              J. Chem. Phys. 148: 104110 (2018)               
          Grids for all-electron relativistic methods         
              Error-consistent segmented contracted all-      
              electron relativistic basis sets of double-     
              and triple-zeta quality for NMR shielding       
              constants                                       
              Y. J. Franzke, R. Tress, T. M. Pazdera,         
              F. Weigend                                      
              Phys. Chem. Chem. Phys. 21: 166658 (2019)       
          Seminumerical exchange algorithms                   
              Seminumerical calculation of the Hartree-Fock   
              exchange matirx: Application to two-component   
              procedures and efficient evaluation of local    
              hybrid functionsl                               
               P. Plessow, F. Weigend,                        
              J. Comput. Chem. 33: 810 (2012)                 
          Improved seminumerical algorithms                   
              C. Holzer,                                      
              J. Chem. Phys. 153 (2020), 184115               
                                         





          OpenMP Shared-Memory Parallelization:  2 CPUs.

            By: Christof Holzer and Yannick J. Franzke


              +--------------------------------------------------+
              |      general information about current run       |
              +--------------------------------------------------+

 

 DENSITY CONVERGENCE CHECK SWITCHED ON !
 SCF CONVERGENCE IF RMS(delta[D]) <     0.1000000000E-06

 A HF calculation using the RI-J approximation will be carried out.
 Allocatable memory for RI due to $ricore (MB):                   500


              +--------------------------------------------------+
              | Atomic coordinate, charge and isotop information |
              +--------------------------------------------------+

                    atomic coordinates            atom    charge  isotop
         -2.94114945   -0.05906209    3.20800514    c      6.000     0
         -2.10764322   -2.38868168    3.01010903    o      8.000     0
         -4.69145784    0.67873742    4.54858777    o      8.000     0
         -3.13012887   -3.57078581    4.15360468    h      1.000     0
         -6.29030577   -1.18908482    6.29608952    h      1.000     0
         -7.32820712   -2.37974057    7.41622238    o      8.000     0
         -6.48920540   -4.70781879    7.22163545    c      6.000     0
         -4.71618426   -5.43888347    5.90759674    o      8.000     0
         -7.57287381   -6.02381298    8.40525062    h      1.000     0
         -1.87584189    1.25125484    2.00166074    h      1.000     0
 
       center of nuclear mass  :   -4.71227734   -2.38252318    5.21882940
       center of nuclear charge:   -4.71248373   -2.38254709    5.21863701

  Keyword $basis  missing in file <control>

              read basis sets from /software/cluster/turbomole76/basen/
              (basis sets have been saved in file basis)

              +--------------------------------------------------+
              |               basis set information              |
              +--------------------------------------------------+

              we will work with the 1s 3p 5d 7f 9g ... basis set
              ...i.e. with spherical basis functions...

   type   atoms  prim   cont   basis
   ---------------------------------------------------------------------------
    c        2     43     23   aug-cc-pVDZ   [4s3p2d|18s5p2d]
    o        4     43     23   aug-cc-pVDZ   [4s3p2d|18s5p2d]
    h        4     11      9   aug-cc-pVDZ   [3s2p|5s2p]
   ---------------------------------------------------------------------------
   total:   10    302    174
   ---------------------------------------------------------------------------

   total number of primitive shells          :   57
   total number of contracted shells         :   74
   total number of cartesian basis functions :  186
   total number of SCF-basis functions       :  174


 integral neglect threshold       :  0.18E-10
 integral storage threshold THIZE :  0.10E-04
 integral storage threshold THIME :         5

 RI-J AUXILIARY BASIS SET information:

              assign orbital basis set names as defaults
              read basis sets from /software/cluster/turbomole76/jbasen/
              (basis sets have been saved in file auxbasis)

              we will work with the 1s 3p 5d 7f 9g ... basis set
              ...i.e. with spherical basis functions...

   type   atoms  prim   cont   basis
   ---------------------------------------------------------------------------
    c        2     70     49   aug-cc-pVDZ   [6s4p3d1f1g|12s5p4d2f1g]
    o        4     70     49   aug-cc-pVDZ   [6s4p3d1f1g|12s5p4d2f1g]
    h        4     16     11   aug-cc-pVDZ   [3s1p1d|5s2p1d]
   ---------------------------------------------------------------------------
   total:   10    484    338
   ---------------------------------------------------------------------------

   total number of primitive shells          :   56
   total number of contracted shells         :  110
   total number of cartesian basis functions :  414
   total number of SCF-basis functions       :  338


 symmetry group of the molecule :   c1 

 the group has the following generators :
   c1(z)

    1 symmetry operations found

 there are 1 real representations :   a   

 maximum number of shells which are related by symmetry :  1


 biggest AO integral is expected to be     4.738267915

          ------------------------
          nuclear repulsion energy  :   236.490175791    
          ------------------------


         -----------------
         -S,T+V- integrals
         -----------------

 1e-integrals will be neglected if expon. factor < 0.179675E-11
 
   Difference densities algorithm switched on.
   The maximal number of linear combinations of
   difference densities is                    20 .

 DIIS switched on: error vector is FDS-SDF
 Max. Iterations for DIIS is     :   5
 DIIS matrix (see manual) 
    Scaling factor of diagonals  :  1.200
    threshold for scaling factor :  0.000

 scf convergence criterion : increment of total energy < .1000000D-06
                  and increment of one-electron energy < .1000000D-03

 MOs are in ASCII format !

  missing closed shell occupation number declaration

 No input with occupation numbers/open-shell information found

 start vectors will be provided by an EHT guess

 The EHT guess will be determined for:
   molecular charge   :    0
   number of electrons:   48
   S_z eigenvalue     :    0
 
 virtual MOs provided and orthogonalized by Cholesky decomposition

 automatic virtual orbital shift switched on 
      shift if e(lumo)-e(homo) < 0.10000000    

  
           ------------------------
               RI-J - INFORMATION
           ------------------------
 Contributions to RI integral batches: 
  neglected integral batches:                    43
  direct contribution:                            0
  memory contribution:                  2732
 Memory core needed for (P|Q) and Cholesky      1 MByte
 Memory core minimum needed except of (P|Q)     1 MByte
 Total minimum memory core needed (sum)         2 MByte
  
 ****************************************
 Memory allocated for RI-J    56 MByte
 ****************************************
                                            

 dump of DSCF restart information has been disabled !


 Starting SCF iterations


 ITERATION  ENERGY          1e-ENERGY        2e-ENERGY     RMS[dD(SAO)]   TOL
   1  -376.07950076704    -985.58023658     373.01056002    0.000D+00 0.179D-10
                            exK = -44.9878263458     Coul =  417.998386368    
                            current damping = 0.300
 
          max. resid. norm for Fia-block=  4.156D-01 for orbital     20a         
          max. resid. fock norm         =  1.535D+00 for orbital     90a         

 ITERATION  ENERGY          1e-ENERGY        2e-ENERGY     RMS[dD(SAO)]   TOL
   2  -377.49948401541    -986.28095005     372.29129024    0.133D-01 0.118D-10
                            current damping = 0.250
 
          Norm of current diis error:  1.2943    
          max. resid. norm for Fia-block=  1.144D-01 for orbital      3a         
          max. resid. fock norm         =  1.916D-01 for orbital    123a         

 ITERATION  ENERGY          1e-ENERGY        2e-ENERGY     RMS[dD(SAO)]   TOL
   3  -377.58916350200    -988.11374147     374.03440217    0.387D-02 0.995D-11
                            current damping = 0.200
 
          Norm of current diis error: 0.44005    
          max. resid. norm for Fia-block=  3.723D-02 for orbital     19a         
          max. resid. fock norm         =  3.824D-02 for orbital     87a         

 ITERATION  ENERGY          1e-ENERGY        2e-ENERGY     RMS[dD(SAO)]   TOL
   4  -377.60585766571    -987.66097112     373.56493766    0.200D-02 0.847D-11
                            current damping = 0.250
 
          Norm of current diis error: 0.14001    
          max. resid. norm for Fia-block=  1.307D-02 for orbital     20a         
          max. resid. fock norm         =  1.557D-02 for orbital     20a         

 ITERATION  ENERGY          1e-ENERGY        2e-ENERGY     RMS[dD(SAO)]   TOL
   5  -377.60771238300    -987.84018121     373.74229304    0.705D-03 0.776D-11
                            current damping = 0.300
 
          Norm of current diis error: 0.44137E-01
          max. resid. norm for Fia-block=  4.763D-03 for orbital     20a         
          max. resid. fock norm         =  4.993D-03 for orbital     20a         
          mo-orthogonalization: Cholesky decomposition

 ITERATION  ENERGY          1e-ENERGY        2e-ENERGY     RMS[dD(SAO)]   TOL
   6  -377.60798208972    -987.83385495     373.73569707    0.257D-03 0.729D-11
                            current damping = 0.350
 
          Norm of current diis error: 0.19224E-01
          max. resid. norm for Fia-block=  2.687D-03 for orbital     20a         
          max. resid. fock norm         =  3.147D-03 for orbital     20a         

 ITERATION  ENERGY          1e-ENERGY        2e-ENERGY     RMS[dD(SAO)]   TOL
   7  -377.60803757936    -987.83047596     373.73226259    0.106D-03 0.694D-11
                            current damping = 0.200
 
          Norm of current diis error: 0.86511E-02
          max. resid. norm for Fia-block=  1.300D-03 for orbital     23a         
          max. resid. fock norm         =  1.357D-03 for orbital     23a         

 ITERATION  ENERGY          1e-ENERGY        2e-ENERGY     RMS[dD(SAO)]   TOL
   8  -377.60805434499    -987.83459570     373.73636556    0.607D-04 0.653D-11
                            current damping = 0.250
 
          Norm of current diis error: 0.37966E-02
          max. resid. norm for Fia-block=  6.165D-04 for orbital     23a         
          max. resid. fock norm         =  6.193D-04 for orbital     20a         

 ITERATION  ENERGY          1e-ENERGY        2e-ENERGY     RMS[dD(SAO)]   TOL
   9  -377.60805768517    -987.83419375     373.73596027    0.244D-04 0.617D-11
                            current damping = 0.300
 
          Norm of current diis error: 0.16348E-02
          max. resid. norm for Fia-block=  3.587D-04 for orbital     23a         
          max. resid. fock norm         =  3.648D-04 for orbital     23a         

 ITERATION  ENERGY          1e-ENERGY        2e-ENERGY     RMS[dD(SAO)]   TOL
  10  -377.60805840851    -987.83430977     373.73607557    0.107D-04 0.583D-11
                            current damping = 0.350
 
          Norm of current diis error: 0.78818E-03
          max. resid. norm for Fia-block=  1.744D-04 for orbital     23a         
          max. resid. fock norm         =  1.746D-04 for orbital     23a         
          mo-orthogonalization: Cholesky decomposition

 ITERATION  ENERGY          1e-ENERGY        2e-ENERGY     RMS[dD(SAO)]   TOL
  11  -377.60805856897    -987.83444975     373.73621539    0.511D-05 0.553D-11
                            current damping = 0.200
 
          Norm of current diis error: 0.32508E-03
          max. resid. norm for Fia-block=  8.346D-05 for orbital     23a         
          max. resid. fock norm         =  8.492D-05 for orbital     23a         

 ITERATION  ENERGY          1e-ENERGY        2e-ENERGY     RMS[dD(SAO)]   TOL
  12  -377.60805860041    -987.83435668     373.73612229    0.245D-05 0.526D-11
                            current damping = 0.250
 
          Norm of current diis error: 0.13339E-03
          max. resid. norm for Fia-block=  2.714D-05 for orbital     23a         
          max. resid. fock norm         =  2.735D-05 for orbital     22a         

 ITERATION  ENERGY          1e-ENERGY        2e-ENERGY     RMS[dD(SAO)]   TOL
  13  -377.60805860546    -987.83439526     373.73616087    0.927D-06 0.511D-11
                            current damping = 0.300
 
          Norm of current diis error: 0.43887E-04
          max. resid. norm for Fia-block=  8.682D-06 for orbital     23a         
          max. resid. fock norm         =  9.191D-06 for orbital     23a         

 ENERGY & DENSITY CONVERGED !


 ITERATION  ENERGY          1e-ENERGY        2e-ENERGY     RMS[dD(SAO)]   TOL
  14  -377.60805860572    -987.83437226     373.73613786    0.245D-06 0.511D-11
                            current damping = 0.350
 
          Norm of current diis error: 0.21014E-04
          max. resid. norm for Fia-block=  3.555D-06 for orbital     24a         
          max. resid. fock norm         =  4.181D-06 for orbital     24a         

 End of SCF iterations

   convergence criteria satisfied after    14 iterations


                  ------------------------------------------ 
                 |  total energy      =   -377.60805860572  |
                  ------------------------------------------ 
                 :  kinetic energy    =    376.87465033986  :
                 :  potential energy  =   -754.48270894558  :
                 :  virial theorem    =      1.99805775261  :
                 :  wavefunction norm =      1.00000000000  :
                  .......................................... 


 <geterg> : there is no data group $energy 


 <skperg> : $end is missing 


 orbitals $scfmo  will be written to file mos

    irrep                 20a         21a         22a         23a         24a   
 eigenvalues H         -0.57726    -0.50737    -0.49910    -0.49363    -0.47491
            eV         -15.7081    -13.8064    -13.5813    -13.4324    -12.9230
 occupation              2.0000      2.0000      2.0000      2.0000      2.0000

    irrep                 25a         26a         27a         28a         29a   
 eigenvalues H          0.03664     0.04007     0.06598     0.07179     0.07889
            eV           0.9971      1.0903      1.7954      1.9535      2.1467
 
 
 
 
 ==============================================================================
                           electrostatic moments
 ==============================================================================

 reference point for electrostatic moments:    0.00000   0.00000   0.00000

 
              nuc           elec       ->  total
 ------------------------------------------------------------------------------
                          charge      
 ------------------------------------------------------------------------------
          48.000000     -48.000000      -0.000000
 
 ------------------------------------------------------------------------------
                       dipole moment  
 ------------------------------------------------------------------------------
   x    -226.199219     226.192512      -0.006707
   y    -114.362261     114.360667      -0.001594
   z     250.494576    -250.500020      -0.005444
 
   | dipole moment | =     0.0088 a.u. =     0.0223 debye 
 
 ------------------------------------------------------------------------------
                     quadrupole moment
 ------------------------------------------------------------------------------
  xx    1233.969336   -1259.492813     -25.523477
  yy     516.307498    -542.827974     -26.520476
  zz    1463.411638   -1487.072836     -23.661198
  xy     605.791261    -600.440424       5.350837
  xz   -1336.941114    1335.979494      -0.961620
  yz    -706.629512     702.392469      -4.237043
 
     1/3  trace=     -25.235050
     anisotropy=      12.200200
 
 ==============================================================================
 
HOMO-LUMO Separation
 HOMO         :   -0.47490715 H =    -12.92289 eV
 LUMO         :    0.03664082 H =     +0.99705 eV
 HOMO-LUMO gap:    0.51154796 H =    +13.91994 eV
 
 ==============================================================================


    ------------------------------------------------------------------------
         total  cpu-time :  44.50 seconds
         total wall-time :  31.16 seconds
    ------------------------------------------------------------------------

   ****  ridft : all done  ****


    2023-06-05 19:37:16.655 

 ridft ended normally
