gas
chlormethane
fluormethane
fluoride
chloride
MeOH
chlormethane
fluormethane
fluoride
chloride
 ridft ended normally
 ridft ended normally
 ridft ended normally
 ridft ended normally
 ridft ended normally
 ridft ended normally
 ridft ended normally
 ridft ended normally
 rdgrad ended normally
  statpt ended normally
 rdgrad ended normally
 rdgrad ended normally
  statpt ended normally
  statpt ended normally
 rdgrad ended normally
  statpt ended normally
 ridft ended normally
 ridft ended normally
 ridft ended normally
 rdgrad ended normally
  statpt ended normally
 rdgrad ended normally
  statpt ended normally
 ridft ended normally
 rdgrad ended normally
  statpt ended normally
 ridft ended normally
 rdgrad ended normally
  statpt ended normally
 ridft ended normally
 rdgrad ended normally
  statpt ended normally
 ridft ended normally
 rdgrad ended normally
  statpt ended normally
 ridft ended normally
 ridft ended normally
 rdgrad ended normally
  statpt ended normally
 ridft ended normally
 rdgrad ended normally
 rdgrad ended normally
  statpt ended normally
  statpt ended normally
 ridft ended normally
 rdgrad ended normally
  statpt ended normally
 ridft ended normally
 ridft ended normally
 rdgrad ended normally
 ridft ended normally
  statpt ended normally
 rdgrad ended normally
  statpt ended normally
 rdgrad ended normally
 rdgrad ended normally
  statpt ended normally
  statpt ended normally
 ridft ended normally
 ridft ended normally
 ridft ended normally
 rdgrad ended normally
  statpt ended normally
 rdgrad ended normally
  statpt ended normally
 ridft ended normally
 rdgrad ended normally
  statpt ended normally
 ridft ended normally
 ridft ended normally
 rdgrad ended normally
  statpt ended normally
 ridft ended normally
 rdgrad ended normally
  statpt ended normally
 ridft ended normally
 ridft ended normally
 rdgrad ended normally
  statpt ended normally
 ridft ended normally
