
  ========================================================================
                license information 
 Customer : 200000000058156
 ID       : LKO1924661

 License file is VALID, continuing with full version
  ========================================================================

   OpenMP run-time library returned nthreads =  2

 ridft (c04) : TURBOMOLE rev. V7-6 27 Oct 2021 at 10:11:12 compiled Oct 27th 2021
 Copyright (C) 2021 TURBOMOLE GmbH, Karlsruhe


    2023-06-04 16:20:51.988 



                                  r i d f t

                        DFT program with RI approximation 
                                for coulomb part 




                                                 
                                 References:     
                                                 
          TURBOMOLE:                             
              R. Ahlrichs, M. Baer, M. Haeser, H. Horn, and
              C. Koelmel
              Electronic structure calculations on workstation
              computers: the program system TURBOMOLE
              Chem. Phys. Lett. 162: 165 (1989)
          Density Functional:                              
              O. Treutler and R. Ahlrichs                      
              Efficient Molecular Numerical Integration Schemes
              J. Chem. Phys. 102: 346 (1995)                   
          Parallel Version:                                
              Performance of parallel TURBOMOLE for Density    
              Functional Calculations                          
              M. v. Arnim and R. Ahlrichs                      
              J. Comp. Chem. 19: 1746 (1998)                   
          RI-J Method:                                     
              Auxiliary Basis Sets to approximate Coulomb      
              Potentials                                       
              Chem. Phys. Lett. 240: 283 (1995)                
              K. Eichkorn, O. Treutler, H. Oehm, M. Haeser     
              and R. Ahlrichs                                  
              Chem. Phys. Lett. 242: 652 (1995)                
                                                           
              Auxiliary Basis Sets for Main Row Atoms and their
              Use to approximate Coulomb Potentials            
              K. Eichkorn, F. Weigend, O. Treutler and         
              R. Ahlrichs                                      
              Theo. Chem. Acc. 97: 119 (1997)                   
                                                           
              Accurate Coulomb-fitting basis sets for H to Rn 
              F. Weigend                                        
              Phys. Chem. Chem. Phys. 8: 1057 (2006)            
                                                           
          Multipole accelerated RI-J (MARI-J):             
              Fast evaluation of the Coulomb potential for     
              electron densities using multipole accelerated   
              resolution of identity approximation             
              M. Sierka, A. Hogekamp and R. Ahlrichs           
              J. Chem. Phys. 118: 9136 (2003)                  
          RI-JK Method:                                     
              A fully direct RI-HF algorithm: Implementation,
              optimised auxiliary basis sets, demonstration of
              accuracy and efficiency                         
              F. Weigend                                      
              Phys. Chem. Chem. Phys. 4: 4285 (2002)           
          Two-component HF and DFT with spin-orbit coupling:  
              Self-consistent treatment of spin-orbit         
              interactions with efficient Hartree-Fock and    
              density functional methods                      
              M. K. Armbruster, F. Weigend, C. van Wüllen and 
              W. Klopper                                      
              Phys. Chem. Chem. Phys. 10: 1748 (2008)         
          Two-component difference density and DIIS algorithm 
              Efficient two-component self-consistent field   
              procedures and gradients: implementation in     
              TURBOMOLE and application to Au20-              
              A. Baldes, F. Weigend                           
              Mol. Phys. 111: 2617 (2013)                     
          Relativistic all-electron 2c calculations           
              An efficient implementation of two-component    
              relativistic exact-decoupling methods for large 
              molecules                                       
              D. Peng, N. Middendorf, F. Weigend, M. Reiher   
              J. Chem. Phys. 138: 184105 (2013)               
          Finite nucleus model and SNSO approximation         
              Efficient implementation of one- and two-       
              component analytical energy gradients in exact  
              two-component theory                            
              Y. J. Franzke, N. Middendorf, F. Weigend        
              J. Chem. Phys. 148: 104110 (2018)               
          Grids for all-electron relativistic methods         
              Error-consistent segmented contracted all-      
              electron relativistic basis sets of double-     
              and triple-zeta quality for NMR shielding       
              constants                                       
              Y. J. Franzke, R. Tress, T. M. Pazdera,         
              F. Weigend                                      
              Phys. Chem. Chem. Phys. 21: 166658 (2019)       
          Seminumerical exchange algorithms                   
              Seminumerical calculation of the Hartree-Fock   
              exchange matirx: Application to two-component   
              procedures and efficient evaluation of local    
              hybrid functionsl                               
               P. Plessow, F. Weigend,                        
              J. Comput. Chem. 33: 810 (2012)                 
          Improved seminumerical algorithms                   
              C. Holzer,                                      
              J. Chem. Phys. 153 (2020), 184115               
                                         





          OpenMP Shared-Memory Parallelization:  2 CPUs.

            By: Christof Holzer and Yannick J. Franzke


              +--------------------------------------------------+
              |      general information about current run       |
              +--------------------------------------------------+

 
 TPSS meta-GGA functional
 exchange:    LDA + TPSS
 correlation: LDA (PW) + TPSS
 A DFT calculation using the RI-J approximation will be carried out.
 Allocatable memory for RI due to $ricore (MB):                   500


              +--------------------------------------------------+
              | Atomic coordinate, charge and isotop information |
              +--------------------------------------------------+

                    atomic coordinates            atom    charge  isotop
         -1.05205118    3.54143134    0.19585191    c      6.000     0
         -2.85736301    4.73620344    0.86202040    o      8.000     0
         -0.94535797    0.97872590    0.41154590    o      8.000     0
          0.67215267    0.38363514   -0.23516354    h      1.000     0
          0.67285005    4.37581939   -0.64396093    h      1.000     0
 
       center of nuclear mass  :   -1.56698493    3.01503112    0.47457143
       center of nuclear charge:   -1.47454467    2.98864489    0.43685489

  Keyword $basis  missing in file <control>

              read basis sets from /software/cluster/turbomole76/basen/
              (basis sets have been saved in file basis)

              +--------------------------------------------------+
              |               basis set information              |
              +--------------------------------------------------+

              we will work with the 1s 3p 5d 7f 9g ... basis set
              ...i.e. with spherical basis functions...

   type   atoms  prim   cont   basis
   ---------------------------------------------------------------------------
    c        1     43     23   aug-cc-pVDZ   [4s3p2d|18s5p2d]
    o        2     43     23   aug-cc-pVDZ   [4s3p2d|18s5p2d]
    h        2     11      9   aug-cc-pVDZ   [3s2p|5s2p]
   ---------------------------------------------------------------------------
   total:    5    151     87
   ---------------------------------------------------------------------------

   total number of primitive shells          :   57
   total number of contracted shells         :   37
   total number of cartesian basis functions :   93
   total number of SCF-basis functions       :   87


 integral neglect threshold       :  0.36E-10
 integral storage threshold THIZE :  0.10E-04
 integral storage threshold THIME :         5

 RI-J AUXILIARY BASIS SET information:

              assign orbital basis set names as defaults
              read basis sets from /software/cluster/turbomole76/jbasen/
              (basis sets have been saved in file auxbasis)

              we will work with the 1s 3p 5d 7f 9g ... basis set
              ...i.e. with spherical basis functions...

   type   atoms  prim   cont   basis
   ---------------------------------------------------------------------------
    c        1     70     49   aug-cc-pVDZ   [6s4p3d1f1g|12s5p4d2f1g]
    o        2     70     49   aug-cc-pVDZ   [6s4p3d1f1g|12s5p4d2f1g]
    h        2     16     11   aug-cc-pVDZ   [3s1p1d|5s2p1d]
   ---------------------------------------------------------------------------
   total:    5    242    169
   ---------------------------------------------------------------------------

   total number of primitive shells          :   56
   total number of contracted shells         :   55
   total number of cartesian basis functions :  207
   total number of SCF-basis functions       :  169


 symmetry group of the molecule :   c1 

 the group has the following generators :
   c1(z)

    1 symmetry operations found

 there are 1 real representations :   a   

 maximum number of shells which are related by symmetry :  1

  
           ------------------
           density functional
           ------------------
 TPSS meta-GGA functional
 exchange:    LDA + TPSS
 correlation: LDA (PW) + TPSS

 iterations will be done with small grid
  
 spherical integration : Lebedev's spherical grid
 spherical gridsize    :                     3
    i.e. gridpoints    :                   302
 value for diffuse not defined
 radial integration    : Chebyshev 2nd kind (scaling 3)
 radial gridsize       :                     3
 integration cells     :                     5
 partition function    : becke
 partition sharpness   :                     3
  

 biggest AO integral is expected to be     4.738267915

          ------------------------
          nuclear repulsion energy  :   69.5764401993    
          ------------------------

  _________________________________
 |                                 |
 |         DFTD3 V3.1 Rev 0        |
 | S.Grimme, University Bonn       |
 |            June  2014           |
 |   see standalone version        |
 |       dftd3 -h for options      |
 |_________________________________|
 
 Please cite DFT-D3 work done with this code as:
 S. Grimme, J. Antony, S. Ehrlich and H. Krieg,
 J. Chem. Phys, 132 (2010), 154104.
 If used with BJ-damping cite also
 S. Grimme, S. Ehrlich and L. Goerigk,
 J. Comput. Chem. 32 (2011), 1456-1465
 For DFT-D2 the reference is
 S. Grimme, J. Comput. Chem., 27 (2006), 1787-1799
 
C6 coefficients used:
                     2  C6 for element                      1
Z=  1 CN= 0.912     C6(AA)=    3.03
Z=  1 CN= 0.000     C6(AA)=    7.59
                     5  C6 for element                      6
Z=  6 CN= 0.000     C6(AA)=   49.11
Z=  6 CN= 0.987     C6(AA)=   43.25
Z=  6 CN= 1.998     C6(AA)=   29.36
Z=  6 CN= 2.999     C6(AA)=   25.78
Z=  6 CN= 3.984     C6(AA)=   18.21
                     3  C6 for element                      8
Z=  8 CN= 0.000     C6(AA)=   15.51
Z=  8 CN= 0.993     C6(AA)=   12.82
Z=  8 CN= 1.989     C6(AA)=   10.37

#           XYZ [au]              R0(AA) [Ang.]  CN          C6(AA)     C8(AA)   C10(AA) [au]
  1  -1.05205   3.54143   0.19585   c   0.645  3.003        25.7       742.3     26300.1
  2  -2.85736   4.73620   0.86202   o   0.539  1.020        12.8       258.2      6383.1
  3  -0.94536   0.97873   0.41155   o   0.539  2.008        10.4       210.0      5191.9
  4   0.67215   0.38364  -0.23516   h   0.417  1.008         3.1        37.3       552.6
  5   0.67285   4.37582  -0.64396   h   0.417  0.995         3.1        37.4       553.7

molecular C6(AA) [au] =       233.05

           DFT-D V3(BJ)
 DF tpss                                              
 parameters
 s6       :    1.0000
 s8       :    1.9435
 a1       :    0.4535
 a2       :    4.4752
 k1-k3    :   16.0000    1.3333   -4.0000
 
 Edisp /kcal,au:    -1.3749 -0.00219098

 E6    /kcal :    -0.7196
 E8    /kcal :    -0.6552
 % E8        : 47.66
 nuclear repulsion energy                  =      69.576440199
  DFT-D3 Energy contribution               =      -0.002190983
 nuclear repulsion + dispersion correction =      69.574249217


         -----------------
         -S,T+V- integrals
         -----------------

 1e-integrals will be neglected if expon. factor < 0.359351E-11
 
   Difference densities algorithm switched on.
   The maximal number of linear combinations of
   difference densities is                    20 .

 DIIS switched on: error vector is FDS-SDF
 Max. Iterations for DIIS is     :   4
 DIIS matrix (see manual) 
    Scaling factor of diagonals  :  1.200
    threshold for scaling factor :  0.000

 scf convergence criterion : increment of total energy < .1000000D-06
                  and increment of one-electron energy < .1000000D-03

 MOs are in ASCII format !

  missing closed shell occupation number declaration

 No input with occupation numbers/open-shell information found

 start vectors will be provided by an EHT guess

 The EHT guess will be determined for:
   molecular charge   :    0
   number of electrons:   24
   S_z eigenvalue     :    0
 
 virtual MOs provided and orthogonalized by Cholesky decomposition

 automatic virtual orbital shift switched on 
      shift if e(lumo)-e(homo) < 0.10000000    

  
           ------------------------
               RI-J - INFORMATION
           ------------------------
 Contributions to RI integral batches: 
  neglected integral batches:                     0
  direct contribution:                            0
  memory contribution:                   703
 Memory core needed for (P|Q) and Cholesky      1 MByte
 Memory core minimum needed except of (P|Q)     1 MByte
 Total minimum memory core needed (sum)         1 MByte
  
 ****************************************
 Memory allocated for RI-J     8 MByte
 ****************************************
                                            

 dump of DSCF restart information has been disabled !


 Starting SCF iterations

          Overall gridpoints after grid construction =          7139

 ITERATION  ENERGY          1e-ENERGY        2e-ENERGY     NORM[dD(SAO)]  TOL
   1  -188.96004090589    -395.93295998     137.39866986    0.000D+00 0.358D-10
                            Exc = -23.4750875438     Coul =  160.873757405    
                              N = 23.999866506    
                            current damping = 0.700
 
          max. resid. norm for Fia-block=  3.987D-01 for orbital     11a         
          max. resid. fock norm         =  1.336D+00 for orbital     39a         

 ITERATION  ENERGY          1e-ENERGY        2e-ENERGY     NORM[dD(SAO)]  TOL
   2  -189.68726814232    -396.09139907     136.82988171    0.114D+01 0.235D-10
                            Exc = -23.2412887270     Coul =  160.071170441    
                              N = 23.999811005    
                            current damping = 0.650
 
          Norm of current diis error:  1.2432    
          max. resid. norm for Fia-block=  1.596D-01 for orbital      2a         
          max. resid. fock norm         =  1.967D-01 for orbital     59a         

 ITERATION  ENERGY          1e-ENERGY        2e-ENERGY     NORM[dD(SAO)]  TOL
   3  -189.78400055892    -397.08881880     137.73056902    0.351D+00 0.188D-10
                            Exc = -23.3544555457     Coul =  161.085024568    
                              N = 23.999767039    
                            current damping = 0.600
 
          Norm of current diis error: 0.57032    
          max. resid. norm for Fia-block=  6.233D-02 for orbital      2a         
          max. resid. fock norm         =  7.479D-02 for orbital     43a         

 ITERATION  ENERGY          1e-ENERGY        2e-ENERGY     NORM[dD(SAO)]  TOL
   4  -189.81000902090    -396.69270178     137.30844355    0.160D+00 0.162D-10
                            Exc = -23.2998124480     Coul =  160.608255995    
                              N = 23.999770446    
                            current damping = 0.650
 
          Norm of current diis error: 0.23814    
          max. resid. norm for Fia-block=  2.741D-02 for orbital      5a         
          max. resid. fock norm         =  3.554D-02 for orbital     64a         

 ITERATION  ENERGY          1e-ENERGY        2e-ENERGY     NORM[dD(SAO)]  TOL
   5  -189.81390397036    -396.98729049     137.59913730    0.692D-01 0.149D-10
                            Exc = -23.3388641626     Coul =  160.938001467    
                              N = 23.999775253    
                            current damping = 0.700
 
          Norm of current diis error: 0.13277    
          max. resid. norm for Fia-block=  1.085D-02 for orbital     12a         
          max. resid. fock norm         =  1.179D-02 for orbital     13a         
          mo-orthogonalization: Cholesky decomposition

 ITERATION  ENERGY          1e-ENERGY        2e-ENERGY     NORM[dD(SAO)]  TOL
   6  -189.81532041033    -396.92141039     137.53184076    0.302D-01 0.142D-10
                            Exc = -23.3275411820     Coul =  160.859381942    
                              N = 23.999769320    
                            current damping = 0.750
 
          Norm of current diis error: 0.60506E-01
          max. resid. norm for Fia-block=  5.206D-03 for orbital     10a         
          max. resid. fock norm         =  7.952D-03 for orbital     10a         

 ITERATION  ENERGY          1e-ENERGY        2e-ENERGY     NORM[dD(SAO)]  TOL
   7  -189.81560684601    -396.88097975     137.49112369    0.975D-02 0.139D-10
                            Exc = -23.3236571076     Coul =  160.814780795    
                              N = 23.999774618    
                            current damping = 0.600
 
          Norm of current diis error: 0.21789E-01
          max. resid. norm for Fia-block=  2.202D-03 for orbital      4a         
          max. resid. fock norm         =  2.733D-03 for orbital      6a         

 ITERATION  ENERGY          1e-ENERGY        2e-ENERGY     NORM[dD(SAO)]  TOL
   8  -189.81564239946    -396.91172532     137.52183370    0.253D-02 0.135D-10
                            Exc = -23.3280484772     Coul =  160.849882182    
                              N = 23.999773251    
                            current damping = 0.650
 
          Norm of current diis error: 0.81337E-02
          max. resid. norm for Fia-block=  6.216D-04 for orbital      2a         
          max. resid. fock norm         =  7.820D-04 for orbital     10a         

 ITERATION  ENERGY          1e-ENERGY        2e-ENERGY     NORM[dD(SAO)]  TOL
   9  -189.81564842100    -396.91235921     137.52246157    0.925D-03 0.133D-10
                            Exc = -23.3277591956     Coul =  160.850220769    
                              N = 23.999773454    
                            current damping = 0.500
 
          Norm of current diis error: 0.25740E-02
          max. resid. norm for Fia-block=  2.552D-04 for orbital      2a         
          max. resid. fock norm         =  3.571D-04 for orbital     30a         

 ITERATION  ENERGY          1e-ENERGY        2e-ENERGY     NORM[dD(SAO)]  TOL
  10  -189.81564899821    -396.90764385     137.51774564    0.171D-03 0.132D-10
                            Exc = -23.3273247259     Coul =  160.845070361    
                              N = 23.999773443    
                            current damping = 0.550
 
          Norm of current diis error: 0.16217E-02
          max. resid. norm for Fia-block=  1.624D-04 for orbital     11a         
          max. resid. fock norm         =  2.708D-04 for orbital      5a         
          mo-orthogonalization: Cholesky decomposition

 ITERATION  ENERGY          1e-ENERGY        2e-ENERGY     NORM[dD(SAO)]  TOL
  11  -189.81564904587    -396.91001339     137.52011512    0.593D-04 0.130D-10
                            Exc = -23.3276684665     Coul =  160.847783591    
                              N = 23.999773565    
                            current damping = 0.600
 
          Norm of current diis error: 0.15080E-02
          max. resid. norm for Fia-block=  9.882D-05 for orbital     11a         
          max. resid. fock norm         =  1.276D-04 for orbital     11a         

 ITERATION  ENERGY          1e-ENERGY        2e-ENERGY     NORM[dD(SAO)]  TOL
  12  -189.81564918892    -396.91182883     137.52193042    0.161D-04 0.129D-10
                            Exc = -23.3278468017     Coul =  160.849777223    
                              N = 23.999773419    
                            current damping = 0.450
 
          Norm of current diis error: 0.54902E-03
          max. resid. norm for Fia-block=  4.507D-05 for orbital      9a         
          max. resid. fock norm         =  5.341D-05 for orbital     10a         

 ITERATION  ENERGY          1e-ENERGY        2e-ENERGY     NORM[dD(SAO)]  TOL
  13  -189.81564920421    -396.91039445     137.52049602    0.750D-05 0.127D-10
                            Exc = -23.3276408403     Coul =  160.848136865    
                              N = 23.999773476    
                            current damping = 0.500
 
          Norm of current diis error: 0.32801E-03
          max. resid. norm for Fia-block=  1.791D-05 for orbital      6a         
          max. resid. fock norm         =  2.669D-05 for orbital      6a         

 ENERGY CONVERGED !

          Overall gridpoints after grid construction =         26241

 ITERATION  ENERGY          1e-ENERGY        2e-ENERGY     NORM[dD(SAO)]  TOL
  14  -189.81543621055    -396.91028725     137.52060183    0.260D-05 0.125D-10
                            Exc = -23.3274397576     Coul =  160.848041585    
                              N = 23.999989579    
                            current damping = 0.550
 
          Norm of current diis error: 0.87060E-04
          max. resid. norm for Fia-block=  4.616D-06 for orbital     12a         
          max. resid. fock norm         =  6.201D-06 for orbital     12a         

 End of SCF iterations

   convergence criteria satisfied after    14 iterations


                  ------------------------------------------ 
                 |  total energy      =   -189.81543621055  |
                  ------------------------------------------ 
                 :  kinetic energy    =    188.71692845805  :
                 :  potential energy  =   -378.53236466860  :
                 :  virial theorem    =      1.99421275859  :
                 :  wavefunction norm =      1.00000000000  :
                  .......................................... 


 <geterg> : there is no data group $energy 


 orbitals $scfmo  will be written to file mos

    irrep                  8a          9a         10a         11a         12a   
 eigenvalues H         -0.41674    -0.41070    -0.36722    -0.30122    -0.25551
            eV         -11.3401    -11.1758     -9.9926     -8.1967     -6.9528
 occupation              2.0000      2.0000      2.0000      2.0000      2.0000

    irrep                 13a         14a         15a         16a         17a   
 eigenvalues H         -0.05173    -0.03586     0.00679     0.03395     0.04359
            eV          -1.4078     -0.9757      0.1847      0.9238      1.1862
 
 
 
 
 ==============================================================================
                           electrostatic moments
 ==============================================================================

 reference point for electrostatic moments:    0.00000   0.00000   0.00000

 
              nuc           elec       ->  total
 ------------------------------------------------------------------------------
                          charge      
 ------------------------------------------------------------------------------
          24.000000     -24.000000      -0.000000
 
 ------------------------------------------------------------------------------
                       dipole moment  
 ------------------------------------------------------------------------------
   x     -35.389072      36.699901       1.310828
   y      71.727477     -72.188607      -0.461129
   z      10.484517     -11.010420      -0.525903
 
   | dipole moment | =     1.4858 a.u. =     3.7764 debye 
 
 ------------------------------------------------------------------------------
                     quadrupole moment
 ------------------------------------------------------------------------------
  xx      80.011187     -95.658352     -15.647165
  yy     281.661606    -297.880425     -16.218820
  zz       7.999729     -21.071319     -13.071590
  xy    -134.818861     139.053964       4.235103
  xz     -24.644940      25.600920       0.955981
  yz      37.137460     -38.678974      -1.541515
 
     1/3  trace=     -14.979191
     anisotropy=       8.491850
 
 ==============================================================================
 
HOMO-LUMO Separation
 HOMO         :   -0.25550837 H =     -6.95274 eV
 LUMO         :   -0.05173347 H =     -1.40774 eV
 HOMO-LUMO gap:    0.20377490 H =     +5.54500 eV
 
 ==============================================================================


    ------------------------------------------------------------------------
         total  cpu-time :   7.30 seconds
         total wall-time :  11.29 seconds
    ------------------------------------------------------------------------

   ****  ridft : all done  ****


    2023-06-04 16:21:03.151 

 ridft ended normally
