
  ========================================================================
                license information 
 Customer : 200000000058156
 ID       : LKO1924661

 License file is VALID, continuing with full version
  ========================================================================

   OpenMP run-time library returned nthreads =  2

 ridft (c04) : TURBOMOLE rev. V7-6 27 Oct 2021 at 10:11:12 compiled Oct 27th 2021
 Copyright (C) 2021 TURBOMOLE GmbH, Karlsruhe


    2023-06-22 16:55:13.085 



                                  r i d f t

                        DFT program with RI approximation 
                                for coulomb part 




                                                 
                                 References:     
                                                 
          TURBOMOLE:                             
              R. Ahlrichs, M. Baer, M. Haeser, H. Horn, and
              C. Koelmel
              Electronic structure calculations on workstation
              computers: the program system TURBOMOLE
              Chem. Phys. Lett. 162: 165 (1989)
          Density Functional:                              
              O. Treutler and R. Ahlrichs                      
              Efficient Molecular Numerical Integration Schemes
              J. Chem. Phys. 102: 346 (1995)                   
          Parallel Version:                                
              Performance of parallel TURBOMOLE for Density    
              Functional Calculations                          
              M. v. Arnim and R. Ahlrichs                      
              J. Comp. Chem. 19: 1746 (1998)                   
          RI-J Method:                                     
              Auxiliary Basis Sets to approximate Coulomb      
              Potentials                                       
              Chem. Phys. Lett. 240: 283 (1995)                
              K. Eichkorn, O. Treutler, H. Oehm, M. Haeser     
              and R. Ahlrichs                                  
              Chem. Phys. Lett. 242: 652 (1995)                
                                                           
              Auxiliary Basis Sets for Main Row Atoms and their
              Use to approximate Coulomb Potentials            
              K. Eichkorn, F. Weigend, O. Treutler and         
              R. Ahlrichs                                      
              Theo. Chem. Acc. 97: 119 (1997)                   
                                                           
              Accurate Coulomb-fitting basis sets for H to Rn 
              F. Weigend                                        
              Phys. Chem. Chem. Phys. 8: 1057 (2006)            
                                                           
          Multipole accelerated RI-J (MARI-J):             
              Fast evaluation of the Coulomb potential for     
              electron densities using multipole accelerated   
              resolution of identity approximation             
              M. Sierka, A. Hogekamp and R. Ahlrichs           
              J. Chem. Phys. 118: 9136 (2003)                  
          RI-JK Method:                                     
              A fully direct RI-HF algorithm: Implementation,
              optimised auxiliary basis sets, demonstration of
              accuracy and efficiency                         
              F. Weigend                                      
              Phys. Chem. Chem. Phys. 4: 4285 (2002)           
          Two-component HF and DFT with spin-orbit coupling:  
              Self-consistent treatment of spin-orbit         
              interactions with efficient Hartree-Fock and    
              density functional methods                      
              M. K. Armbruster, F. Weigend, C. van Wüllen and 
              W. Klopper                                      
              Phys. Chem. Chem. Phys. 10: 1748 (2008)         
          Two-component difference density and DIIS algorithm 
              Efficient two-component self-consistent field   
              procedures and gradients: implementation in     
              TURBOMOLE and application to Au20-              
              A. Baldes, F. Weigend                           
              Mol. Phys. 111: 2617 (2013)                     
          Relativistic all-electron 2c calculations           
              An efficient implementation of two-component    
              relativistic exact-decoupling methods for large 
              molecules                                       
              D. Peng, N. Middendorf, F. Weigend, M. Reiher   
              J. Chem. Phys. 138: 184105 (2013)               
          Finite nucleus model and SNSO approximation         
              Efficient implementation of one- and two-       
              component analytical energy gradients in exact  
              two-component theory                            
              Y. J. Franzke, N. Middendorf, F. Weigend        
              J. Chem. Phys. 148: 104110 (2018)               
          Grids for all-electron relativistic methods         
              Error-consistent segmented contracted all-      
              electron relativistic basis sets of double-     
              and triple-zeta quality for NMR shielding       
              constants                                       
              Y. J. Franzke, R. Tress, T. M. Pazdera,         
              F. Weigend                                      
              Phys. Chem. Chem. Phys. 21: 166658 (2019)       
          Seminumerical exchange algorithms                   
              Seminumerical calculation of the Hartree-Fock   
              exchange matirx: Application to two-component   
              procedures and efficient evaluation of local    
              hybrid functionsl                               
               P. Plessow, F. Weigend,                        
              J. Comput. Chem. 33: 810 (2012)                 
          Improved seminumerical algorithms                   
              C. Holzer,                                      
              J. Chem. Phys. 153 (2020), 184115               
                                         





          OpenMP Shared-Memory Parallelization:  2 CPUs.

            By: Christof Holzer and Yannick J. Franzke


              +--------------------------------------------------+
              |      general information about current run       |
              +--------------------------------------------------+

 
 PW6B95 global meta hybrid functional
 code by Stefan Grimme, University of Muenster
 Zhao and Truhlar, J Phys Chem A, 109, 25, 2005, 5656.
 A Hybrid-DFT calculation using the RI-J approximation will be carried out.
 Allocatable memory for RI due to $ricore (MB):                   500


              +--------------------------------------------------+
              | Atomic coordinate, charge and isotop information |
              +--------------------------------------------------+

                    atomic coordinates            atom    charge  isotop
         -1.92818027   11.08866206   -6.26202905    c      6.000     0
         -3.97896405   10.19136217   -5.16708673    c      6.000     0
         -4.85836065    7.49416959   -5.30740413    c      6.000     0
         -3.50022392    5.94742177   -6.99953509    o      8.000     0
         -3.93663443    6.23331310   -9.50504551    c      6.000     0
         -5.44303392    7.85370100  -10.66974862    c      6.000     0
         -0.71807736    9.90621822   -7.39377359    h      1.000     0
         -1.38113950   13.03869486   -6.07632651    h      1.000     0
         -5.18285359   11.38802414   -4.02654481    h      1.000     0
         -6.88629759    7.44539984   -5.76327357    h      1.000     0
         -4.60356612    6.60727564   -3.45090035    h      1.000     0
         -2.83608421    4.85231018  -10.53757841    h      1.000     0
         -6.53045854    9.26696881   -9.69712107    h      1.000     0
         -5.60525633    7.81233798  -12.69162909    h      1.000     0
 
       center of nuclear mass  :   -3.94656626    8.09384282   -7.31640658
       center of nuclear charge:   -3.96992532    8.15356199   -7.32828940

  Keyword $basis  missing in file <control>

              read basis sets from /software/cluster/turbomole76/basen/
              (basis sets have been saved in file basis)

              +--------------------------------------------------+
              |               basis set information              |
              +--------------------------------------------------+

              we will work with the 1s 3p 5d 7f 9g ... basis set
              ...i.e. with spherical basis functions...

   type   atoms  prim   cont   basis
   ---------------------------------------------------------------------------
    c        5     46     31   def2-TZVP   [5s3p2d1f|11s6p2d1f]
    o        1     46     31   def2-TZVP   [5s3p2d1f|11s6p2d1f]
    h        8      8      6   def2-TZVP   [3s1p|5s1p]
   ---------------------------------------------------------------------------
   total:   14    340    234
   ---------------------------------------------------------------------------

   total number of primitive shells          :   46
   total number of contracted shells         :   98
   total number of cartesian basis functions :  264
   total number of SCF-basis functions       :  234


 integral neglect threshold       :  0.13E-10
 integral storage threshold THIZE :  0.10E-04
 integral storage threshold THIME :         5

 RI-J AUXILIARY BASIS SET information:

              assign orbital basis set names as defaults
              read basis sets from /software/cluster/turbomole76/jbasen/
              (basis sets have been saved in file auxbasis)

              we will work with the 1s 3p 5d 7f 9g ... basis set
              ...i.e. with spherical basis functions...

   type   atoms  prim   cont   basis
   ---------------------------------------------------------------------------
    c        5     70     49   def2-TZVP   [6s4p3d1f1g|12s5p4d2f1g]
    o        1     70     49   def2-TZVP   [6s4p3d1f1g|12s5p4d2f1g]
    h        8     16     11   def2-TZVP   [3s1p1d|5s2p1d]
   ---------------------------------------------------------------------------
   total:   14    548    382
   ---------------------------------------------------------------------------

   total number of primitive shells          :   56
   total number of contracted shells         :  130
   total number of cartesian basis functions :  462
   total number of SCF-basis functions       :  382


 symmetry group of the molecule :   c1 

 the group has the following generators :
   c1(z)

    1 symmetry operations found

 there are 1 real representations :   a   

 maximum number of shells which are related by symmetry :  1

  
           ------------------
           density functional
           ------------------
 PW6B95 global meta hybrid functional
 code by Stefan Grimme, University of Muenster
 Zhao and Truhlar, J Phys Chem A, 109, 25, 2005, 5656.

 iterations will be done with small grid
  
 spherical integration : Lebedev's spherical grid
 spherical gridsize    :                     3
    i.e. gridpoints    :                   302
 value for diffuse not defined
 radial integration    : Chebyshev 2nd kind (scaling 3)
 radial gridsize       :                     3
 integration cells     :                    14
 partition function    : becke
 partition sharpness   :                     3
  

 biggest AO integral is expected to be     7.998976882

          ------------------------
          nuclear repulsion energy  :   229.922454917    
          ------------------------

  _________________________________
 |                                 |
 |         DFTD3 V3.1 Rev 0        |
 | S.Grimme, University Bonn       |
 |            June  2014           |
 |   see standalone version        |
 |       dftd3 -h for options      |
 |_________________________________|
 
 Please cite DFT-D3 work done with this code as:
 S. Grimme, J. Antony, S. Ehrlich and H. Krieg,
 J. Chem. Phys, 132 (2010), 154104.
 If used with BJ-damping cite also
 S. Grimme, S. Ehrlich and L. Goerigk,
 J. Comput. Chem. 32 (2011), 1456-1465
 For DFT-D2 the reference is
 S. Grimme, J. Comput. Chem., 27 (2006), 1787-1799
 
C6 coefficients used:
                     2  C6 for element                      1
Z=  1 CN= 0.912     C6(AA)=    3.03
Z=  1 CN= 0.000     C6(AA)=    7.59
                     5  C6 for element                      6
Z=  6 CN= 0.000     C6(AA)=   49.11
Z=  6 CN= 0.987     C6(AA)=   43.25
Z=  6 CN= 1.998     C6(AA)=   29.36
Z=  6 CN= 2.999     C6(AA)=   25.78
Z=  6 CN= 3.984     C6(AA)=   18.21
                     3  C6 for element                      8
Z=  8 CN= 0.000     C6(AA)=   15.51
Z=  8 CN= 0.993     C6(AA)=   12.82
Z=  8 CN= 1.989     C6(AA)=   10.37

#           XYZ [au]              R0(AA) [Ang.]  CN          C6(AA)     C8(AA)   C10(AA) [au]
  1  -1.92818  11.08866  -6.26203   c   0.295  3.040        25.6       740.2     26225.2
  2  -3.97896  10.19136  -5.16709   c   0.295  3.034        25.6       740.6     26238.0
  3  -4.85836   7.49417  -5.30740   c   0.295  4.098        18.3       528.2     18712.6
  4  -3.50022   5.94742  -6.99954   o   0.247  2.040        10.4       209.9      5187.9
  5  -3.93663   6.23331  -9.50505   c   0.295  3.085        25.5       737.1     26113.3
  6  -5.44303   7.85370 -10.66975   c   0.295  3.028        25.6       740.9     26249.5
  7  -0.71808   9.90622  -7.39377   h   0.191  1.002         3.1        37.3       553.1
  8  -1.38114  13.03869  -6.07633   h   0.191  1.001         3.1        37.4       553.2
  9  -5.18285  11.38802  -4.02654   h   0.191  1.004         3.1        37.3       552.9
 10  -6.88630   7.44540  -5.76327   h   0.191  1.000         3.1        37.4       553.2
 11  -4.60357   6.60728  -3.45090   h   0.191  1.000         3.1        37.4       553.2
 12  -2.83608   4.85231 -10.53758   h   0.191  1.003         3.1        37.3       553.0
 13  -6.53046   9.26697  -9.69712   h   0.191  1.002         3.1        37.4       553.1
 14  -5.60526   7.81234 -12.69163   h   0.191  1.002         3.1        37.3       553.1

molecular C6(AA) [au] =      1735.10

           DFT-D V3(BJ)
 DF pw6b95                                            
 parameters
 s6       :    1.0000
 s8       :    0.7257
 a1       :    0.2076
 a2       :    6.3750
 k1-k3    :   16.0000    1.3333   -4.0000
 
 Edisp /kcal,au:    -3.3358 -0.00531588

 E6    /kcal :    -2.5752
 E8    /kcal :    -0.7605
 % E8        : 22.80
 nuclear repulsion energy                  =     229.922454917
  DFT-D3 Energy contribution               =      -0.005315881
 nuclear repulsion + dispersion correction =     229.917139036


         -----------------
         -S,T+V- integrals
         -----------------

 1e-integrals will be neglected if expon. factor < 0.126589E-11
 
   Difference densities algorithm switched on.
   The maximal number of linear combinations of
   difference densities is                    20 .

 DIIS switched on: error vector is FDS-SDF
 Max. Iterations for DIIS is     :   4
 DIIS matrix (see manual) 
    Scaling factor of diagonals  :  1.200
    threshold for scaling factor :  0.000

 scf convergence criterion : increment of total energy < .1000000D-06
                  and increment of one-electron energy < .1000000D-03

 MOs are in ASCII format !

  missing closed shell occupation number declaration

 No input with occupation numbers/open-shell information found

 start vectors will be provided by an EHT guess

 The EHT guess will be determined for:
   molecular charge   :    0
   number of electrons:   46
   S_z eigenvalue     :    0
 
 virtual MOs provided and orthogonalized by Cholesky decomposition

 automatic virtual orbital shift switched on 
      shift if e(lumo)-e(homo) < 0.10000000    

  
           ------------------------
               RI-J - INFORMATION
           ------------------------
 Contributions to RI integral batches: 
  neglected integral batches:                   283
  direct contribution:                            0
  memory contribution:                  4568
 Memory core needed for (P|Q) and Cholesky      2 MByte
 Memory core minimum needed except of (P|Q)     1 MByte
 Total minimum memory core needed (sum)         2 MByte
  
 ****************************************
 Memory allocated for RI-J   122 MByte
 ****************************************
                                            

 dump of DSCF restart information has been disabled !


 Starting SCF iterations

          Overall gridpoints after grid construction =         17306

 ITERATION  ENERGY          1e-ENERGY        2e-ENERGY     NORM[dD(SAO)]  TOL
   1  -269.94192260343    -811.87966755     312.02060591    0.000D+00 0.126D-10
                            Exc = -28.0533539927     Coul =  350.183323978    
                            exK = -10.1093640711    
                              N = 46.001770237    
                            current damping = 0.700
 
          max. resid. norm for Fia-block=  3.093D-01 for orbital      1a         
          max. resid. fock norm         =  1.072D+01 for orbital    126a         

 ITERATION  ENERGY          1e-ENERGY        2e-ENERGY     NORM[dD(SAO)]  TOL
   2  -270.73433452420    -817.42299076     316.77151720    0.768D+00 0.839D-11
                            Exc = -28.4195569779      Eck =  345.191074182    
                              N = 46.001505913    
                            current damping = 0.650
 
          Norm of current diis error:  2.1143    
          max. resid. norm for Fia-block=  1.466D-01 for orbital      1a         
          max. resid. fock norm         =  1.600D-01 for orbital    190a         

 ITERATION  ENERGY          1e-ENERGY        2e-ENERGY     NORM[dD(SAO)]  TOL
   3  -270.88823988641    -819.45094990     318.64557098    0.439D+00 0.625D-11
                            Exc = -28.6161647883      Eck =  347.261735770    
                              N = 46.001311673    
                            current damping = 0.550
 
          Norm of current diis error:  1.0269    
          max. resid. norm for Fia-block=  5.618D-02 for orbital      1a         
          max. resid. fock norm         =  5.901D-02 for orbital      1a         

 ITERATION  ENERGY          1e-ENERGY        2e-ENERGY     NORM[dD(SAO)]  TOL
   4  -270.93857279979    -820.00873615     319.15302431    0.249D+00 0.529D-11
                            Exc = -28.6679823202      Eck =  347.821006633    
                              N = 46.001201420    
                            current damping = 0.450
 
          Norm of current diis error: 0.40585    
          max. resid. norm for Fia-block=  2.614D-02 for orbital      7a         
          max. resid. fock norm         =  3.007D-02 for orbital      7a         

 ITERATION  ENERGY          1e-ENERGY        2e-ENERGY     NORM[dD(SAO)]  TOL
   5  -270.94781036654    -820.83356859     319.96861918    0.881D-01 0.485D-11
                            Exc = -28.7358766932      Eck =  348.704495877    
                              N = 46.001156793    
                            current damping = 0.350
 
          Norm of current diis error: 0.17705    
          max. resid. norm for Fia-block=  1.200D-02 for orbital     21a         
          max. resid. fock norm         =  1.421D-02 for orbital     21a         
          mo-orthogonalization: Cholesky decomposition

 ITERATION  ENERGY          1e-ENERGY        2e-ENERGY     NORM[dD(SAO)]  TOL
   6  -270.94975614271    -820.68185910     319.81496392    0.412D-01 0.459D-11
                            Exc = -28.7296900939      Eck =  348.544654019    
                              N = 46.001139487    
                            current damping = 0.400
 
          Norm of current diis error: 0.72599E-01
          max. resid. norm for Fia-block=  4.311D-03 for orbital     23a         
          max. resid. fock norm         =  5.509D-03 for orbital     23a         

 ITERATION  ENERGY          1e-ENERGY        2e-ENERGY     NORM[dD(SAO)]  TOL
   7  -270.95007499382    -820.79290324     319.92568921    0.902D-02 0.448D-11
                            Exc = -28.7375109984      Eck =  348.663200204    
                              N = 46.001138652    
                            current damping = 0.450
 
          Norm of current diis error: 0.16838E-01
          max. resid. norm for Fia-block=  1.128D-03 for orbital     15a         
          max. resid. fock norm         =  2.687D-03 for orbital    233a         

 ITERATION  ENERGY          1e-ENERGY        2e-ENERGY     NORM[dD(SAO)]  TOL
   8  -270.95009441794    -820.81566382     319.94843037    0.357D-02 0.442D-11
                            Exc = -28.7398312818      Eck =  348.688261651    
                              N = 46.001136613    
                            current damping = 0.300
 
          Norm of current diis error: 0.71397E-02
          max. resid. norm for Fia-block=  5.034D-04 for orbital     23a         
          max. resid. fock norm         =  8.264D-04 for orbital    233a         

 ITERATION  ENERGY          1e-ENERGY        2e-ENERGY     NORM[dD(SAO)]  TOL
   9  -270.95009865494    -820.81807255     319.95083486    0.717D-03 0.436D-11
                            Exc = -28.7398193571      Eck =  348.690654221    
                              N = 46.001136739    
                            current damping = 0.150
 
          Norm of current diis error: 0.16560E-02
          max. resid. norm for Fia-block=  1.176D-04 for orbital     23a         
          max. resid. fock norm         =  1.351D-04 for orbital    233a         

 ITERATION  ENERGY          1e-ENERGY        2e-ENERGY     NORM[dD(SAO)]  TOL
  10  -270.95009889817    -820.81490679     319.94766886    0.324D-03 0.431D-11
                            Exc = -28.7397242204      Eck =  348.687393081    
                              N = 46.001136701    
                            current damping = 0.200
 
          Norm of current diis error: 0.75124E-03
          max. resid. norm for Fia-block=  3.747D-05 for orbital     22a         
          max. resid. fock norm         =  5.481D-05 for orbital    232a         
          mo-orthogonalization: Cholesky decomposition

 ITERATION  ENERGY          1e-ENERGY        2e-ENERGY     NORM[dD(SAO)]  TOL
  11  -270.95009892751    -820.81798494     319.95074698    0.822D-04 0.428D-11
                            Exc = -28.7398953938      Eck =  348.690642374    
                              N = 46.001136657    
                            current damping = 0.250
 
          Norm of current diis error: 0.32071E-03
          max. resid. norm for Fia-block=  2.011D-05 for orbital     21a         
          max. resid. fock norm         =  3.093D-05 for orbital     21a         

 ITERATION  ENERGY          1e-ENERGY        2e-ENERGY     NORM[dD(SAO)]  TOL
  12  -270.95009893101    -820.81741814     319.95018018    0.381D-04 0.426D-11
                            Exc = -28.7398643826      Eck =  348.690044558    
                              N = 46.001136646    
                            current damping = 0.300
 
          Norm of current diis error: 0.20836E-03
          max. resid. norm for Fia-block=  1.116D-05 for orbital     23a         
          max. resid. fock norm         =  1.645D-05 for orbital    230a         

 ENERGY CONVERGED !

          Overall gridpoints after grid construction =         65353

 ITERATION  ENERGY          1e-ENERGY        2e-ENERGY     NORM[dD(SAO)]  TOL
  13  -270.95004444244    -820.81739626     319.95021278    0.576D-05 0.424D-11
                            Exc = -28.7398095750      Eck =  348.690022358    
                              N = 45.999918248    
                            current damping = 0.350
 
          Norm of current diis error: 0.35752E-04
          max. resid. norm for Fia-block=  2.269D-06 for orbital     23a         
          max. resid. fock norm         =  6.388D-06 for orbital    233a         

 End of SCF iterations

   convergence criteria satisfied after    13 iterations


                  ------------------------------------------ 
                 |  total energy      =   -270.95004444244  |
                  ------------------------------------------ 
                 :  kinetic energy    =    269.84621527541  :
                 :  potential energy  =   -540.79625971785  :
                 :  virial theorem    =      1.99592607866  :
                 :  wavefunction norm =      1.00000000000  :
                  .......................................... 


 <geterg> : there is no data group $energy 


 orbitals $scfmo  will be written to file mos

    irrep                 19a         20a         21a         22a         23a   
 eigenvalues H         -0.39642    -0.36789    -0.35157    -0.28515    -0.24919
            eV         -10.7873    -10.0108     -9.5668     -7.7593     -6.7808
 occupation              2.0000      2.0000      2.0000      2.0000      2.0000

    irrep                 24a         25a         26a         27a         28a   
 eigenvalues H          0.01080     0.03382     0.05550     0.07637     0.08897
            eV           0.2938      0.9204      1.5102      2.0783      2.4211
 
 
 
 
 ==============================================================================
                           electrostatic moments
 ==============================================================================

 reference point for electrostatic moments:    0.00000   0.00000   0.00000

 
              nuc           elec       ->  total
 ------------------------------------------------------------------------------
                          charge      
 ------------------------------------------------------------------------------
          46.000000     -46.000000      -0.000000
 
 ------------------------------------------------------------------------------
                       dipole moment  
 ------------------------------------------------------------------------------
   x    -182.616565     182.395199      -0.221366
   y     375.063851    -374.832274       0.231577
   z    -337.101312     337.268960       0.167648
 
   | dipole moment | =     0.3616 a.u. =     0.9190 debye 
 
 ------------------------------------------------------------------------------
                     quadrupole moment
 ------------------------------------------------------------------------------
  xx     807.685236    -833.561143     -25.875906
  yy    3251.464814   -3275.524020     -24.059206
  zz    2700.645371   -2729.194980     -28.549609
  xy   -1444.205861    1441.016167      -3.189694
  xz    1373.973773   -1374.831856      -0.858082
  yz   -2666.716547    2667.361111       0.644564
 
     1/3  trace=     -26.161574
     anisotropy=       7.020267
 
 ==============================================================================
 
HOMO-LUMO Separation
 HOMO         :   -0.24918858 H =     -6.78077 eV
 LUMO         :    0.01079543 H =     +0.29376 eV
 HOMO-LUMO gap:    0.25998401 H =     +7.07453 eV
 
 ==============================================================================


    ------------------------------------------------------------------------
         total  cpu-time :  1 minutes and 17 seconds
         total wall-time :  38.43 seconds
    ------------------------------------------------------------------------

   ****  ridft : all done  ****


    2023-06-22 16:55:51.500 

 ridft ended normally
