
   OpenMP run-time library returned nthreads =  2

 ccsdf12 (c04) : TURBOMOLE rev. V7-6 27 Oct 2021 at 10:11:12 compiled Oct 27th 2021
 Copyright (C) 2021 TURBOMOLE GmbH, Karlsruhe


    2023-06-02 10:27:32.565 


          ************************************************************
          *                                                          *
          *              C C S D F 1 2   P R O G R A M               *
          *                                                          *
          *               the quantum chemistry groups               *
          *                  at the universities in                  *
          *            Karlsruhe, Bochum, Bristol & Mainz            *
          *                                                          *
          ************************************************************


   *-----------------------------------------------------------------------*
   |                     program will use  2 thread(s)                     |
   *-----------------------------------------------------------------------*


              +--------------------------------------------------+
              | Atomic coordinate, charge and isotop information |
              +--------------------------------------------------+

                    atomic coordinates            atom    charge  isotop
         -5.27826696    2.82142905    0.00001318    c      6.000     0
         -5.50072303    0.14112836    0.00003655    c      6.000     0
         -3.34768989   -1.31029006    0.00034955    c      6.000     0
         -0.98481504   -0.23377262    0.00002872    c      6.000     0
         -0.76234361    2.44652837    0.00013624    c      6.000     0
         -2.91538667    3.89791550   -0.00027551    c      6.000     0
         -7.00757203    3.91835449    0.00002586    h      1.000     0
         -7.38722564   -0.65565240   -0.00013940    h      1.000     0
          0.74450328   -1.33067894   -0.00040247    h      1.000     0
          1.12414988    3.24333163    0.00022728    h      1.000     0
 
       center of nuclear mass  :   -3.13153746    1.29382393    0.00004175
       center of nuclear charge:   -3.13153739    1.29382466    0.00003609

              +--------------------------------------------------+
              |               basis set information              |
              +--------------------------------------------------+

              we will work with the 1s 3p 5d 7f 9g ... basis set
              ...i.e. with spherical basis functions...

   type   atoms  prim   cont   basis
   ---------------------------------------------------------------------------
    c        6     46     31   def2-TZVP   [5s3p2d1f|11s6p2d1f]
    h        4      8      6   def2-TZVP   [3s1p|5s1p]
   ---------------------------------------------------------------------------
   total:   10    308    210
   ---------------------------------------------------------------------------

   total number of primitive shells          :   26
   total number of contracted shells         :   82
   total number of cartesian basis functions :  240
   total number of SCF-basis functions       :  210


 symmetry group of the molecule :   c1 

 the group has the following generators :
   c1(z)

    1 symmetry operations found

 there are 1 real representations :   a   
WARNING: an $rij but no $rik flag found
WARNING: $rij is ignored by ricc2!


   =========================================================================


     restricted closed shell calculation for the wavefunction models:
               CCSD(T)    - CC Singles and Doubles With Pert. Triples Corr.


     global parameters for ricc2 program:

        hard restart (reuse of interm.) :  disabled
        soft restart (reuse of vectors) :  disabled
        threshold for vector function   :    0.100000E-05
        convergence threshold energy    :    0.100000E-06
        linear dependence threshold     :    0.100000E-13
        global print level              :      1
        maximum number of iterations    :   100
        maximum number DIIS vectors     :    10
        max. dim. of reduced space      :   100
        core memory limit (MB)          :  1000


     CCSD(T) energy only: Energy will be calculated directly from T3 amplitudes!

     Scratch Directory : 


   =========================================================================

    der. integral neglect threshold  :  0.10E-07
    integral neglect threshold       :  0.14E-10
    integral storage threshold THIZE :  0.10E-04
    integral storage threshold THIME :         5


                  +------------------------------------------+
                  |     Auxiliary basis set information      |
                  +------------------------------------------+

              assign orbital basis set names as defaults
              read basis sets from /software/cluster/turbomole76/cbasen/
              (basis sets have been saved in file auxbasis)

              we will work with the 1s 3p 5d 7f 9g ... basis set
              ...i.e. with spherical basis functions...

   type   atoms  prim   cont   basis
   ---------------------------------------------------------------------------
    c        6     81     76   def2-TZVP   [8s6p4d3f1g|8s6p5d3f1g]
    h        4     23     15   def2-TZVP   [4s2p1d|4s3p2d]
   ---------------------------------------------------------------------------
   total:   10    578    516
   ---------------------------------------------------------------------------

   total number of primitive shells          :   32
   total number of contracted shells         :  160
   total number of cartesian basis functions :  634
   total number of SCF-basis functions       :  516


 maximum number of shells which are related by symmetry :  1


 The symmetry information takes   1 MB

*---------------------------------------------------------------------*
|               simplified C1 algorithm will be applied               |
*---------------------------------------------------------------------*

         -----------------
         -T+V- integrals
         -----------------

 1e-integrals will be neglected if expon. factor < 0.139248E-11
  MOs are in ASCII format !


 reading orbital data $scfmo  from file mos
 orbital characterization : scfconv=7
 all orbitals will be active in the correlation treatment


   Molecular Orbital Statistic:
   ============================

   -----------------------------
   orbitals in total:
   -----------------------------
    frozen occupied :      0
    active occupied :     20
    active virtual  :    190
    frozen virtual  :      0
    all together    :    210
   -----------------------------


     time in riccmos       cpu:  0.40 sec    wall:  1.36 sec    ratio:  0.3

     total memory allocated for calculation of (Q|P)**(-1/2) : 4 MiB


     calculation of (P|Q) ...
     time in lp2sym        cpu:  0.01 sec    wall:  0.01 sec    ratio:  1.9


     calculation of the Cholesky decomposition of (P|Q)**(-1) ...
     time in invmetri      cpu:  0.22 sec    wall:  0.76 sec    ratio:  0.3

   threshold for RMS(d[D]) in SCF was     :  0.10E-06
   integral neglect threshold             :  0.14E-10
   derivative integral neglect threshold  :  0.10E-07


   =========================================================================

     Energy of reference wave function is  -229.3398860566000
     Maximum orbital residual is           0.1934174334274E-04


     Number of symmetry-nonredundant auxiliary basis functions:      516

     Block lengths for integral files:
        frozen occupied (BOI):        0 MiB
        active occupied (BJI):        1 MiB
        active virtual  (BAI):        1 MiB
        frozen virtual  (BGI):        0 MiB
               general  (BTI):        1 MiB

   =========================================================================




     **********************************************************************
     *               no explicit correlation will be included             *
     **********************************************************************


     time in 3idx,ccsdint  cpu:  2.86 sec    wall:  6.39 sec    ratio:  0.4

     Calculate integrals (ia|jb) for MP2 start guess



     **********************************************************************
     *                                                                    *
     *   RHF  energy                             :   -229.3398860566      *
     *   MP2 correlation energy (doubles)        :     -1.1565756048      *
     *                                                                    *
     *   Final MP2 energy                        :   -230.4964616614      *
     *                                                                    *
     *    E(S)   =     -0.7218072759      E(T)   =     -0.4347683288      *
     *    E(OS)  =     -0.8667300522      E(SS)  =     -0.2898455525      *
     *                                                                    *
     *   SCS-MP2 energy                          :   -230.4765773034      *
     *   (computed with  C(OS) =   1.2000  and  C(SS) =   0.3333)         *
     *                                                                    *
     *   SOS-MP2 energy                          :   -230.4666351245      *
     *   (computed with  C(OS) =   1.3000)                                *
     *                                                                    *
     *   Norm of MP1 T2 amplitudes               :      0.4114306594      *
     *                                                                    *
     **********************************************************************

     time in ccsdint       cpu:  9.20 sec    wall: 12.75 sec    ratio:  0.7


   **************************************************************************
   *                                                                        *
   *          OPTIMIZATION OF THE GROUND STATE CLUSTER AMPLITUDES           *
   *                                                                        *
   **************************************************************************
     threshold for screening of BF intermediate: 0.17E-13
     start CCSD from scratch because restart not enabled


   Iter.   CCSD energy      Norm(Omega)    Norm(t1)  Norm(t2)     cpu    wall
   ...........................................................................
    1   -230.3631208893    0.3337913149     0.00000   0.51622    3.71    5.35
    2   -230.4283157911    0.1710485770     0.09322   0.40163    1.20    1.96
    3   -230.4526339221    0.0411680391     0.07507   0.47024    1.15    1.42
    4   -230.4540803166    0.0229989838     0.08958   0.50575    1.17    1.75
    5   -230.4546783051    0.0075292433     0.09615   0.52853    1.18    1.72
    6   -230.4547611395    0.0029047013     0.10086   0.53749    1.14    1.54
    7   -230.4547989768    0.0010481866     0.10216   0.53946    1.14    2.62
    8   -230.4548029631    0.0003436634     0.10223   0.53947    1.01    1.80
    9   -230.4548009203    0.0001553999     0.10230   0.53954    1.14    2.07
   10   -230.4548005325    0.0000676365     0.10233   0.53956    1.25    2.14
   11   -230.4548010079    0.0000211527     0.10233   0.53957    1.19    2.23
   12   -230.4548009363    0.0000074189     0.10234   0.53957    1.02    1.90
   13   -230.4548007975    0.0000036738     0.10234   0.53957    1.03    2.04
   14   -230.4548009116    0.0000013623     0.10234   0.53957    1.21    1.90
   15   -230.4548009038    0.0000008322     0.10234   0.53957    1.07    1.57
   ...........................................................................
   CC equations converged in 15 iterations.

   last energy change         :  0.78E-08
   convergence threshold      :  0.10E-06
   norm of the vector function:  0.83E-06
   convergence threshold      :  0.10E-05

     time in total         cpu: 19 min 37 s  wall: 32 min  4 s  ratio:  0.6


     **********************************************************************
     *                                                                    *
     *   RHF  energy                             :   -229.3398860566      *
     *   correlation energy                      :     -1.1149148472      *
     *                                                                    *
     *   Final CCSD energy                       :   -230.4548009038      *
     *                                                                    *
     *   D1 diagnostic                           :      0.0652            *
     *                                                                    *
     **********************************************************************


WARNING: Low memory for triples...
         block size for matrix multiplications dropped below 50
WARNING: Performance of triples code will be poor
ADVICE:  If possible increase maxcor by at least   100 MB

     memory available for triples:  1000 MB
     memory used for triples     :   607 MB

     num. of batches for virtuals:    4
     time in triples corr  cpu: 12 min 33 s  wall:  8 min 11 s  ratio:  1.5


      *********************************************************************
      *                                                                   *
      *  RHF  energy                             :   -229.3398860566      *
      *  CCSD correlation energy                 :     -1.1149148472      *
      *  E4 doubles and triples contribution     :     -0.0893119272      *
      *  E5 singles and triples contribution     :      0.0031241040      *
      *  total correlation energy                :     -1.2011026704      *
      *                                                                   *
      *  Final CCSD(T) energy                    :   -230.5409887270      *
      *                                                                   *
      *  D1 diagnostic (CCSD)                    :      0.0652            *
      *                                                                   *
      *********************************************************************



    ------------------------------------------------------------------------
         total  cpu-time : 32 minutes and 21 seconds
         total wall-time : 40 minutes and 38 seconds
    ------------------------------------------------------------------------

   ****  ccsdf12 : all done  ****


    2023-06-02 11:08:10.094 

 ccsdf12 ended normally
