
  ========================================================================
                license information 
 Customer : 200000000058156
 ID       : LKO1924661

 License file is VALID, continuing with full version
  ========================================================================

   OpenMP run-time library returned nthreads =  2

 ridft (c04) : TURBOMOLE rev. V7-6 27 Oct 2021 at 10:11:12 compiled Oct 27th 2021
 Copyright (C) 2021 TURBOMOLE GmbH, Karlsruhe


    2023-06-02 10:22:23.565 



                                  r i d f t

                        DFT program with RI approximation 
                                for coulomb part 




                                                 
                                 References:     
                                                 
          TURBOMOLE:                             
              R. Ahlrichs, M. Baer, M. Haeser, H. Horn, and
              C. Koelmel
              Electronic structure calculations on workstation
              computers: the program system TURBOMOLE
              Chem. Phys. Lett. 162: 165 (1989)
          Density Functional:                              
              O. Treutler and R. Ahlrichs                      
              Efficient Molecular Numerical Integration Schemes
              J. Chem. Phys. 102: 346 (1995)                   
          Parallel Version:                                
              Performance of parallel TURBOMOLE for Density    
              Functional Calculations                          
              M. v. Arnim and R. Ahlrichs                      
              J. Comp. Chem. 19: 1746 (1998)                   
          RI-J Method:                                     
              Auxiliary Basis Sets to approximate Coulomb      
              Potentials                                       
              Chem. Phys. Lett. 240: 283 (1995)                
              K. Eichkorn, O. Treutler, H. Oehm, M. Haeser     
              and R. Ahlrichs                                  
              Chem. Phys. Lett. 242: 652 (1995)                
                                                           
              Auxiliary Basis Sets for Main Row Atoms and their
              Use to approximate Coulomb Potentials            
              K. Eichkorn, F. Weigend, O. Treutler and         
              R. Ahlrichs                                      
              Theo. Chem. Acc. 97: 119 (1997)                   
                                                           
              Accurate Coulomb-fitting basis sets for H to Rn 
              F. Weigend                                        
              Phys. Chem. Chem. Phys. 8: 1057 (2006)            
                                                           
          Multipole accelerated RI-J (MARI-J):             
              Fast evaluation of the Coulomb potential for     
              electron densities using multipole accelerated   
              resolution of identity approximation             
              M. Sierka, A. Hogekamp and R. Ahlrichs           
              J. Chem. Phys. 118: 9136 (2003)                  
          RI-JK Method:                                     
              A fully direct RI-HF algorithm: Implementation,
              optimised auxiliary basis sets, demonstration of
              accuracy and efficiency                         
              F. Weigend                                      
              Phys. Chem. Chem. Phys. 4: 4285 (2002)           
          Two-component HF and DFT with spin-orbit coupling:  
              Self-consistent treatment of spin-orbit         
              interactions with efficient Hartree-Fock and    
              density functional methods                      
              M. K. Armbruster, F. Weigend, C. van Wüllen and 
              W. Klopper                                      
              Phys. Chem. Chem. Phys. 10: 1748 (2008)         
          Two-component difference density and DIIS algorithm 
              Efficient two-component self-consistent field   
              procedures and gradients: implementation in     
              TURBOMOLE and application to Au20-              
              A. Baldes, F. Weigend                           
              Mol. Phys. 111: 2617 (2013)                     
          Relativistic all-electron 2c calculations           
              An efficient implementation of two-component    
              relativistic exact-decoupling methods for large 
              molecules                                       
              D. Peng, N. Middendorf, F. Weigend, M. Reiher   
              J. Chem. Phys. 138: 184105 (2013)               
          Finite nucleus model and SNSO approximation         
              Efficient implementation of one- and two-       
              component analytical energy gradients in exact  
              two-component theory                            
              Y. J. Franzke, N. Middendorf, F. Weigend        
              J. Chem. Phys. 148: 104110 (2018)               
          Grids for all-electron relativistic methods         
              Error-consistent segmented contracted all-      
              electron relativistic basis sets of double-     
              and triple-zeta quality for NMR shielding       
              constants                                       
              Y. J. Franzke, R. Tress, T. M. Pazdera,         
              F. Weigend                                      
              Phys. Chem. Chem. Phys. 21: 166658 (2019)       
          Seminumerical exchange algorithms                   
              Seminumerical calculation of the Hartree-Fock   
              exchange matirx: Application to two-component   
              procedures and efficient evaluation of local    
              hybrid functionsl                               
               P. Plessow, F. Weigend,                        
              J. Comput. Chem. 33: 810 (2012)                 
          Improved seminumerical algorithms                   
              C. Holzer,                                      
              J. Chem. Phys. 153 (2020), 184115               
                                         





          OpenMP Shared-Memory Parallelization:  2 CPUs.

            By: Christof Holzer and Yannick J. Franzke


              +--------------------------------------------------+
              |      general information about current run       |
              +--------------------------------------------------+

 

 DENSITY CONVERGENCE CHECK SWITCHED ON !
 SCF CONVERGENCE IF RMS(delta[D]) <     0.1000000000E-06

 A HF calculation using the RI-J approximation will be carried out.
 Allocatable memory for RI due to $ricore (MB):                   500


              +--------------------------------------------------+
              | Atomic coordinate, charge and isotop information |
              +--------------------------------------------------+

                    atomic coordinates            atom    charge  isotop
         -5.27826696    2.82142905    0.00001318    c      6.000     0
         -5.50072303    0.14112836    0.00003655    c      6.000     0
         -3.34768989   -1.31029006    0.00034955    c      6.000     0
         -0.98481504   -0.23377262    0.00002872    c      6.000     0
         -0.76234361    2.44652837    0.00013624    c      6.000     0
         -2.91538667    3.89791550   -0.00027551    c      6.000     0
         -7.00757203    3.91835449    0.00002586    h      1.000     0
         -7.38722564   -0.65565240   -0.00013940    h      1.000     0
          0.74450328   -1.33067894   -0.00040247    h      1.000     0
          1.12414988    3.24333163    0.00022728    h      1.000     0
 
       center of nuclear mass  :   -3.13153746    1.29382393    0.00004175
       center of nuclear charge:   -3.13153739    1.29382466    0.00003609

  Keyword $basis  missing in file <control>

              read basis sets from /software/cluster/turbomole76/basen/
              (basis sets have been saved in file basis)

              +--------------------------------------------------+
              |               basis set information              |
              +--------------------------------------------------+

              we will work with the 1s 3p 5d 7f 9g ... basis set
              ...i.e. with spherical basis functions...

   type   atoms  prim   cont   basis
   ---------------------------------------------------------------------------
    c        6     46     31   def2-TZVP   [5s3p2d1f|11s6p2d1f]
    h        4      8      6   def2-TZVP   [3s1p|5s1p]
   ---------------------------------------------------------------------------
   total:   10    308    210
   ---------------------------------------------------------------------------

   total number of primitive shells          :   26
   total number of contracted shells         :   82
   total number of cartesian basis functions :  240
   total number of SCF-basis functions       :  210


 integral neglect threshold       :  0.14E-10
 integral storage threshold THIZE :  0.10E-04
 integral storage threshold THIME :         5

 RI-J AUXILIARY BASIS SET information:

              assign orbital basis set names as defaults
              read basis sets from /software/cluster/turbomole76/jbasen/
              (basis sets have been saved in file auxbasis)

              we will work with the 1s 3p 5d 7f 9g ... basis set
              ...i.e. with spherical basis functions...

   type   atoms  prim   cont   basis
   ---------------------------------------------------------------------------
    c        6     70     49   def2-TZVP   [6s4p3d1f1g|12s5p4d2f1g]
    h        4     16     11   def2-TZVP   [3s1p1d|5s2p1d]
   ---------------------------------------------------------------------------
   total:   10    484    338
   ---------------------------------------------------------------------------

   total number of primitive shells          :   32
   total number of contracted shells         :  110
   total number of cartesian basis functions :  414
   total number of SCF-basis functions       :  338


 symmetry group of the molecule :   c1 

 the group has the following generators :
   c1(z)

    1 symmetry operations found

 there are 1 real representations :   a   

 maximum number of shells which are related by symmetry :  1


 biggest AO integral is expected to be     5.725698708

          ------------------------
          nuclear repulsion energy  :   185.407553569    
          ------------------------


         -----------------
         -S,T+V- integrals
         -----------------

 1e-integrals will be neglected if expon. factor < 0.139248E-11
 
   Difference densities algorithm switched on.
   The maximal number of linear combinations of
   difference densities is                    20 .

 DIIS switched on: error vector is FDS-SDF
 Max. Iterations for DIIS is     :   5
 DIIS matrix (see manual) 
    Scaling factor of diagonals  :  1.200
    threshold for scaling factor :  0.000

 scf convergence criterion : increment of total energy < .1000000D-06
                  and increment of one-electron energy < .1000000D-03

 MOs are in ASCII format !

  missing closed shell occupation number declaration

 No input with occupation numbers/open-shell information found

 start vectors will be provided by an EHT guess

 The EHT guess will be determined for:
   molecular charge   :    0
   number of electrons:   40
   S_z eigenvalue     :    0
 
 virtual MOs provided and orthogonalized by Cholesky decomposition

 automatic virtual orbital shift switched on 
      shift if e(lumo)-e(homo) < 0.10000000    

  
           ------------------------
               RI-J - INFORMATION
           ------------------------
 Contributions to RI integral batches: 
  neglected integral batches:                   118
  direct contribution:                            0
  memory contribution:                  3285
 Memory core needed for (P|Q) and Cholesky      1 MByte
 Memory core minimum needed except of (P|Q)     1 MByte
 Total minimum memory core needed (sum)         2 MByte
  
 ****************************************
 Memory allocated for RI-J    92 MByte
 ****************************************
                                            

 dump of DSCF restart information has been disabled !


 Starting SCF iterations


 ITERATION  ENERGY          1e-ENERGY        2e-ENERGY     RMS[dD(SAO)]   TOL
   1  -228.45716061096    -666.18315836     252.31844418    0.000D+00 0.139D-10
                            exK = -31.3298813970     Coul =  283.648325581    
                            current damping = 0.300
 
          max. resid. norm for Fia-block=  3.025D-01 for orbital      4a         
          max. resid. fock norm         =  6.905D+00 for orbital    143a         

 ITERATION  ENERGY          1e-ENERGY        2e-ENERGY     RMS[dD(SAO)]   TOL
   2  -229.21803885896    -674.38113214     259.75553971    0.132D-01 0.113D-10
                            current damping = 0.250
 
          Norm of current diis error:  1.5942    
          max. resid. norm for Fia-block=  1.039D-01 for orbital      7a         
          max. resid. fock norm         =  1.713D-01 for orbital     59a         

 ITERATION  ENERGY          1e-ENERGY        2e-ENERGY     RMS[dD(SAO)]   TOL
   3  -229.31591027940    -674.61891757     259.89545372    0.589D-02 0.734D-11
                            current damping = 0.100
 
          Norm of current diis error: 0.59442    
          max. resid. norm for Fia-block=  3.950D-02 for orbital     12a         
          max. resid. fock norm         =  4.697D-02 for orbital     21a         

 ITERATION  ENERGY          1e-ENERGY        2e-ENERGY     RMS[dD(SAO)]   TOL
   4  -229.33729967586    -675.28246430     260.53761106    0.314D-02 0.607D-11
                            current damping = 0.100
 
          Norm of current diis error: 0.14760    
          max. resid. norm for Fia-block=  1.232D-02 for orbital     14a         
          max. resid. fock norm         =  1.545D-02 for orbital    205a         

 ITERATION  ENERGY          1e-ENERGY        2e-ENERGY     RMS[dD(SAO)]   TOL
   5  -229.33944219559    -675.25872130     260.51172554    0.132D-02 0.548D-11
                            current damping = 0.150
 
          Norm of current diis error: 0.53435E-01
          max. resid. norm for Fia-block=  7.293D-03 for orbital     12a         
          max. resid. fock norm         =  7.911D-03 for orbital     21a         
          mo-orthogonalization: Cholesky decomposition

 ITERATION  ENERGY          1e-ENERGY        2e-ENERGY     RMS[dD(SAO)]   TOL
   6  -229.33979537298    -675.25756736     260.51021842    0.656D-03 0.512D-11
                            current damping = 0.100
 
          Norm of current diis error: 0.23594E-01
          max. resid. norm for Fia-block=  3.228D-03 for orbital     12a         
          max. resid. fock norm         =  3.384D-03 for orbital     21a         

 ITERATION  ENERGY          1e-ENERGY        2e-ENERGY     RMS[dD(SAO)]   TOL
   7  -229.33987566983    -675.26118415     260.51375491    0.386D-03 0.482D-11
                            current damping = 0.150
 
          Norm of current diis error: 0.78266E-02
          max. resid. norm for Fia-block=  1.461D-03 for orbital     12a         
          max. resid. fock norm         =  1.463D-03 for orbital     12a         

 ITERATION  ENERGY          1e-ENERGY        2e-ENERGY     RMS[dD(SAO)]   TOL
   8  -229.33988480750    -675.25501183     260.50757346    0.139D-03 0.466D-11
                            current damping = 0.200
 
          Norm of current diis error: 0.27432E-02
          max. resid. norm for Fia-block=  4.807D-04 for orbital     12a         
          max. resid. fock norm         =  4.930D-04 for orbital     12a         

 ITERATION  ENERGY          1e-ENERGY        2e-ENERGY     RMS[dD(SAO)]   TOL
   9  -229.33988578816    -675.25592098     260.50848162    0.378D-04 0.456D-11
                            current damping = 0.250
 
          Norm of current diis error: 0.17397E-02
          max. resid. norm for Fia-block=  1.377D-04 for orbital     12a         
          max. resid. fock norm         =  2.752D-04 for orbital    206a         

 ITERATION  ENERGY          1e-ENERGY        2e-ENERGY     RMS[dD(SAO)]   TOL
  10  -229.33988596487    -675.25577066     260.50833112    0.889D-05 0.452D-11
                            current damping = 0.300
 
          Norm of current diis error: 0.10178E-02
          max. resid. norm for Fia-block=  7.244D-05 for orbital     17a         
          max. resid. fock norm         =  1.098D-04 for orbital    206a         
          mo-orthogonalization: Cholesky decomposition

 ITERATION  ENERGY          1e-ENERGY        2e-ENERGY     RMS[dD(SAO)]   TOL
  11  -229.33988603517    -675.25537410     260.50793449    0.329D-05 0.447D-11
                            current damping = 0.150
 
          Norm of current diis error: 0.25908E-03
          max. resid. norm for Fia-block=  3.425D-05 for orbital     19a         
          max. resid. fock norm         =  3.436D-05 for orbital     19a         

 ITERATION  ENERGY          1e-ENERGY        2e-ENERGY     RMS[dD(SAO)]   TOL
  12  -229.33988604548    -675.25549135     260.50805174    0.966D-06 0.437D-11
                            current damping = 0.200
 
          Norm of current diis error: 0.12879E-03
          max. resid. norm for Fia-block=  2.098D-05 for orbital     19a         
          max. resid. fock norm         =  2.111D-05 for orbital     19a         

 ITERATION  ENERGY          1e-ENERGY        2e-ENERGY     RMS[dD(SAO)]   TOL
  13  -229.33988605122    -675.25544184     260.50800222    0.610D-06 0.421D-11
                            current damping = 0.250
 
          Norm of current diis error: 0.10447E-03
          max. resid. norm for Fia-block=  1.836D-05 for orbital     19a         
          max. resid. fock norm         =  1.851D-05 for orbital     19a         

 ENERGY & DENSITY CONVERGED !


 ITERATION  ENERGY          1e-ENERGY        2e-ENERGY     RMS[dD(SAO)]   TOL
  14  -229.33988605655    -675.25545702     260.50801739    0.439D-06 0.397D-11
                            current damping = 0.300
 
          Norm of current diis error: 0.96538E-04
          max. resid. norm for Fia-block=  1.918D-05 for orbital     19a         
          max. resid. fock norm         =  1.934D-05 for orbital     19a         

 End of SCF iterations

   convergence criteria satisfied after    14 iterations


                  ------------------------------------------ 
                 |  total energy      =   -229.33988605655  |
                  ------------------------------------------ 
                 :  kinetic energy    =    228.96112274267  :
                 :  potential energy  =   -458.30100879922  :
                 :  virial theorem    =      1.99834846297  :
                 :  wavefunction norm =      1.00000000000  :
                  .......................................... 


 <geterg> : there is no data group $energy 


 <skperg> : $end is missing 


 orbitals $scfmo  will be written to file mos

    irrep                 16a         17a         18a         19a         20a   
 eigenvalues H         -0.53374    -0.52548    -0.36023    -0.35633    -0.28222
            eV         -14.5239    -14.2992     -9.8024     -9.6964     -7.6796
 occupation              2.0000      2.0000      2.0000      2.0000      2.0000

    irrep                 21a         22a         23a         24a         25a   
 eigenvalues H         -0.05677     0.09570     0.12568     0.15738     0.16630
            eV          -1.5447      2.6041      3.4200      4.2827      4.5254
 
 
 
 
 ==============================================================================
                           electrostatic moments
 ==============================================================================

 reference point for electrostatic moments:    0.00000   0.00000   0.00000

 
              nuc           elec       ->  total
 ------------------------------------------------------------------------------
                          charge      
 ------------------------------------------------------------------------------
          40.000000     -40.000000       0.000000
 
 ------------------------------------------------------------------------------
                       dipole moment  
 ------------------------------------------------------------------------------
   x    -125.261496     125.261516       0.000021
   y      51.752986     -51.752738       0.000248
   z       0.001444      -0.001533      -0.000089
 
   | dipole moment | =     0.0003 a.u. =     0.0007 debye 
 
 ------------------------------------------------------------------------------
                     quadrupole moment
 ------------------------------------------------------------------------------
  xx     581.748715    -601.016929     -19.268214
  yy     213.660099    -243.126255     -29.466156
  zz       0.000002     -29.384546     -29.384545
  xy    -165.644937     164.791602      -0.853335
  xz      -0.003814       0.004350       0.000537
  yz      -0.005513       0.009945       0.004433
 
     1/3  trace=     -26.039638
     anisotropy=      10.264356
 
 ==============================================================================
 
HOMO-LUMO Separation
 HOMO         :   -0.28221791 H =     -7.67954 eV
 LUMO         :   -0.05676696 H =     -1.54471 eV
 HOMO-LUMO gap:    0.22545095 H =     +6.13484 eV
 
 ==============================================================================


    ------------------------------------------------------------------------
         total  cpu-time :  1 minutes and 10 seconds
         total wall-time :  41.32 seconds
    ------------------------------------------------------------------------

   ****  ridft : all done  ****


    2023-06-02 10:23:04.659 

 ridft ended normally
