
  ========================================================================
                license information 
 Customer : 200000000058156
 ID       : LKO1924661

 License file is VALID, continuing with full version
  ========================================================================

   OpenMP run-time library returned nthreads =  2

 ridft (c04) : TURBOMOLE rev. V7-6 27 Oct 2021 at 10:11:12 compiled Oct 27th 2021
 Copyright (C) 2021 TURBOMOLE GmbH, Karlsruhe


    2023-06-06 11:13:26.455 



                                  r i d f t

                        DFT program with RI approximation 
                                for coulomb part 




                                                 
                                 References:     
                                                 
          TURBOMOLE:                             
              R. Ahlrichs, M. Baer, M. Haeser, H. Horn, and
              C. Koelmel
              Electronic structure calculations on workstation
              computers: the program system TURBOMOLE
              Chem. Phys. Lett. 162: 165 (1989)
          Density Functional:                              
              O. Treutler and R. Ahlrichs                      
              Efficient Molecular Numerical Integration Schemes
              J. Chem. Phys. 102: 346 (1995)                   
          Parallel Version:                                
              Performance of parallel TURBOMOLE for Density    
              Functional Calculations                          
              M. v. Arnim and R. Ahlrichs                      
              J. Comp. Chem. 19: 1746 (1998)                   
          RI-J Method:                                     
              Auxiliary Basis Sets to approximate Coulomb      
              Potentials                                       
              Chem. Phys. Lett. 240: 283 (1995)                
              K. Eichkorn, O. Treutler, H. Oehm, M. Haeser     
              and R. Ahlrichs                                  
              Chem. Phys. Lett. 242: 652 (1995)                
                                                           
              Auxiliary Basis Sets for Main Row Atoms and their
              Use to approximate Coulomb Potentials            
              K. Eichkorn, F. Weigend, O. Treutler and         
              R. Ahlrichs                                      
              Theo. Chem. Acc. 97: 119 (1997)                   
                                                           
              Accurate Coulomb-fitting basis sets for H to Rn 
              F. Weigend                                        
              Phys. Chem. Chem. Phys. 8: 1057 (2006)            
                                                           
          Multipole accelerated RI-J (MARI-J):             
              Fast evaluation of the Coulomb potential for     
              electron densities using multipole accelerated   
              resolution of identity approximation             
              M. Sierka, A. Hogekamp and R. Ahlrichs           
              J. Chem. Phys. 118: 9136 (2003)                  
          RI-JK Method:                                     
              A fully direct RI-HF algorithm: Implementation,
              optimised auxiliary basis sets, demonstration of
              accuracy and efficiency                         
              F. Weigend                                      
              Phys. Chem. Chem. Phys. 4: 4285 (2002)           
          Two-component HF and DFT with spin-orbit coupling:  
              Self-consistent treatment of spin-orbit         
              interactions with efficient Hartree-Fock and    
              density functional methods                      
              M. K. Armbruster, F. Weigend, C. van Wüllen and 
              W. Klopper                                      
              Phys. Chem. Chem. Phys. 10: 1748 (2008)         
          Two-component difference density and DIIS algorithm 
              Efficient two-component self-consistent field   
              procedures and gradients: implementation in     
              TURBOMOLE and application to Au20-              
              A. Baldes, F. Weigend                           
              Mol. Phys. 111: 2617 (2013)                     
          Relativistic all-electron 2c calculations           
              An efficient implementation of two-component    
              relativistic exact-decoupling methods for large 
              molecules                                       
              D. Peng, N. Middendorf, F. Weigend, M. Reiher   
              J. Chem. Phys. 138: 184105 (2013)               
          Finite nucleus model and SNSO approximation         
              Efficient implementation of one- and two-       
              component analytical energy gradients in exact  
              two-component theory                            
              Y. J. Franzke, N. Middendorf, F. Weigend        
              J. Chem. Phys. 148: 104110 (2018)               
          Grids for all-electron relativistic methods         
              Error-consistent segmented contracted all-      
              electron relativistic basis sets of double-     
              and triple-zeta quality for NMR shielding       
              constants                                       
              Y. J. Franzke, R. Tress, T. M. Pazdera,         
              F. Weigend                                      
              Phys. Chem. Chem. Phys. 21: 166658 (2019)       
          Seminumerical exchange algorithms                   
              Seminumerical calculation of the Hartree-Fock   
              exchange matirx: Application to two-component   
              procedures and efficient evaluation of local    
              hybrid functionsl                               
               P. Plessow, F. Weigend,                        
              J. Comput. Chem. 33: 810 (2012)                 
          Improved seminumerical algorithms                   
              C. Holzer,                                      
              J. Chem. Phys. 153 (2020), 184115               
                                         





          OpenMP Shared-Memory Parallelization:  2 CPUs.

            By: Christof Holzer and Yannick J. Franzke


              +--------------------------------------------------+
              |      general information about current run       |
              +--------------------------------------------------+

 
 Hybrid part of B2-PLYP double hybrid functional
 exchange:    0.47(LDA + Becke (B88)) + 0.53 HF
 correlation: 0.73 LYP + 0.27 PT2 (MP2 program)
 S. Grimme, JCP 124, (2006), 034108-16
 ================================================
 |     I M P O R T A N T    N O T E :           |
 |                                              |
 | MP2 correlation energy has to be calculated  |
 |    to obtain the final B2-PLYP energy        |
 |                                              |
 ================================================
 A Hybrid-DFT calculation using the RI-J approximation will be carried out.
 Allocatable memory for RI due to $ricore (MB):                   500


              +--------------------------------------------------+
              | Atomic coordinate, charge and isotop information |
              +--------------------------------------------------+

                    atomic coordinates            atom    charge  isotop
         -9.12176392    4.87229977   -0.00000182    c      6.000     0
         -7.05702260    4.87236262   -0.00001463    h      1.000     0
         -9.81005077    4.03253175    1.75621249    h      1.000     0
         -9.81003405    3.77120911   -1.60543631    h      1.000     0
         -9.80995213    6.81309557   -0.15074084    h      1.000     0
 
       center of nuclear mass  :   -9.12176416    4.87229977   -0.00000006
       center of nuclear charge:   -9.12176431    4.87229977    0.00000098

  Keyword $basis  missing in file <control>

              read basis sets from /software/cluster/turbomole76/basen/
              (basis sets have been saved in file basis)

              +--------------------------------------------------+
              |               basis set information              |
              +--------------------------------------------------+

              we will work with the 1s 3p 5d 7f 9g ... basis set
              ...i.e. with spherical basis functions...

   type   atoms  prim   cont   basis
   ---------------------------------------------------------------------------
    c        1     77     57   def2-QZVP   [7s4p3d2f1g|15s8p3d2f1g]
    h        4     33     30   def2-QZVP   [4s3p2d1f|7s3p2d1f]
   ---------------------------------------------------------------------------
   total:    5    209    177
   ---------------------------------------------------------------------------

   total number of primitive shells          :   42
   total number of contracted shells         :   57
   total number of cartesian basis functions :  212
   total number of SCF-basis functions       :  177


 integral neglect threshold       :  0.16E-10
 integral storage threshold THIZE :  0.10E-04
 integral storage threshold THIME :         5

 RI-J AUXILIARY BASIS SET information:

              assign orbital basis set names as defaults
              read basis sets from /software/cluster/turbomole76/jbasen/
              (basis sets have been saved in file auxbasis)

              we will work with the 1s 3p 5d 7f 9g ... basis set
              ...i.e. with spherical basis functions...

   type   atoms  prim   cont   basis
   ---------------------------------------------------------------------------
    c        1     70     49   def2-QZVP   [6s4p3d1f1g|12s5p4d2f1g]
    h        4     16     11   def2-QZVP   [3s1p1d|5s2p1d]
   ---------------------------------------------------------------------------
   total:    5    134     93
   ---------------------------------------------------------------------------

   total number of primitive shells          :   32
   total number of contracted shells         :   35
   total number of cartesian basis functions :  109
   total number of SCF-basis functions       :   93


 symmetry group of the molecule :   c1 

 the group has the following generators :
   c1(z)

    1 symmetry operations found

 there are 1 real representations :   a   

 maximum number of shells which are related by symmetry :  1

  
           ------------------
           density functional
           ------------------
 Hybrid part of B2-PLYP double hybrid functional
 exchange:    0.47(LDA + Becke (B88)) + 0.53 HF
 correlation: 0.73 LYP + 0.27 PT2 (MP2 program)
 S. Grimme, JCP 124, (2006), 034108-16
 ================================================
 |     I M P O R T A N T    N O T E :           |
 |                                              |
 | MP2 correlation energy has to be calculated  |
 |    to obtain the final B2-PLYP energy        |
 |                                              |
 ================================================

 iterations will be done with small grid
  
 spherical integration : Lebedev's spherical grid
 spherical gridsize    :                     3
    i.e. gridpoints    :                   302
 value for diffuse not defined
 radial integration    : Chebyshev 2nd kind (scaling 3)
 radial gridsize       :                     3
 integration cells     :                     5
 partition function    : becke
 partition sharpness   :                     3
  

 biggest AO integral is expected to be     5.262544080

          ------------------------
          nuclear repulsion energy  :   13.4031205938    
          ------------------------

  _________________________________
 |                                 |
 |         DFTD3 V3.1 Rev 0        |
 | S.Grimme, University Bonn       |
 |            June  2014           |
 |   see standalone version        |
 |       dftd3 -h for options      |
 |_________________________________|
 
 Please cite DFT-D3 work done with this code as:
 S. Grimme, J. Antony, S. Ehrlich and H. Krieg,
 J. Chem. Phys, 132 (2010), 154104.
 If used with BJ-damping cite also
 S. Grimme, S. Ehrlich and L. Goerigk,
 J. Comput. Chem. 32 (2011), 1456-1465
 For DFT-D2 the reference is
 S. Grimme, J. Comput. Chem., 27 (2006), 1787-1799
 
C6 coefficients used:
                     2  C6 for element                      1
Z=  1 CN= 0.912     C6(AA)=    3.03
Z=  1 CN= 0.000     C6(AA)=    7.59
                     5  C6 for element                      6
Z=  6 CN= 0.000     C6(AA)=   49.11
Z=  6 CN= 0.987     C6(AA)=   43.25
Z=  6 CN= 1.998     C6(AA)=   29.36
Z=  6 CN= 2.999     C6(AA)=   25.78
Z=  6 CN= 3.984     C6(AA)=   18.21

#           XYZ [au]              R0(AA) [Ang.]  CN          C6(AA)     C8(AA)   C10(AA) [au]
  1  -9.12176   4.87230  -0.00000   c   0.436  3.970        18.4       530.9     18809.5
  2  -7.05702   4.87236  -0.00001   h   0.282  0.993         3.1        37.4       553.8
  3  -9.81005   4.03253   1.75621   h   0.282  0.993         3.1        37.4       553.8
  4  -9.81003   3.77121  -1.60544   h   0.282  0.993         3.1        37.4       553.8
  5  -9.80995   6.81310  -0.15074   h   0.282  0.993         3.1        37.4       553.8

molecular C6(AA) [au] =       127.67

           DFT-D V3(BJ)
 DF b2-plyp                                           
 parameters
 s6       :    0.6400
 s8       :    0.9147
 a1       :    0.3065
 a2       :    5.0570
 k1-k3    :   16.0000    1.3333   -4.0000
 
 Edisp /kcal,au:    -0.4964 -0.00079106

 E6    /kcal :    -0.3152
 E8    /kcal :    -0.1812
 % E8        : 36.51
 nuclear repulsion energy                  =      13.403120594
  DFT-D3 Energy contribution               =      -0.000791063
 nuclear repulsion + dispersion correction =      13.402329531


         -----------------
         -S,T+V- integrals
         -----------------

 1e-integrals will be neglected if expon. factor < 0.157640E-11
 
   Difference densities algorithm switched on.
   The maximal number of linear combinations of
   difference densities is                    20 .

 DIIS switched on: error vector is FDS-SDF
 Max. Iterations for DIIS is     :   4
 DIIS matrix (see manual) 
    Scaling factor of diagonals  :  1.200
    threshold for scaling factor :  0.000

 scf convergence criterion : increment of total energy < .1000000D-06
                  and increment of one-electron energy < .1000000D-03

 MOs are in ASCII format !

  missing closed shell occupation number declaration

 No input with occupation numbers/open-shell information found

 start vectors will be provided by an EHT guess

 The EHT guess will be determined for:
   molecular charge   :    0
   number of electrons:   10
   S_z eigenvalue     :    0
 
 virtual MOs provided and orthogonalized by Cholesky decomposition

 automatic virtual orbital shift switched on 
      shift if e(lumo)-e(homo) < 0.10000000    

  
           ------------------------
               RI-J - INFORMATION
           ------------------------
 Contributions to RI integral batches: 
  neglected integral batches:                     0
  direct contribution:                            0
  memory contribution:                  1653
 Memory core needed for (P|Q) and Cholesky      1 MByte
 Memory core minimum needed except of (P|Q)     1 MByte
 Total minimum memory core needed (sum)         1 MByte
  
 ****************************************
 Memory allocated for RI-J    20 MByte
 ****************************************
                                            

 dump of DSCF restart information has been disabled !


 Starting SCF iterations

          Overall gridpoints after grid construction =          5202

 ITERATION  ENERGY          1e-ENERGY        2e-ENERGY     NORM[dD(SAO)]  TOL
   1  -40.240608235136    -78.066442776     24.423505010    0.000D+00 0.157D-10
                            Exc = -3.14812620036     Coul =  30.8891080882    
                            exK = -3.31747687776    
                              N = 9.9995136861    
                            current damping = 0.700
 
          max. resid. norm for Fia-block=  4.529D-01 for orbital      2a         
          max. resid. fock norm         =  5.103D+01 for orbital    166a         

 ITERATION  ENERGY          1e-ENERGY        2e-ENERGY     NORM[dD(SAO)]  TOL
   2  -40.381749497478    -79.102022858     25.317943830    0.324D+00 0.107D-10
                            Exc = -3.23017010405      Eck =  28.5481139339    
                              N = 9.9996491003    
                            current damping = 0.650
 
          Norm of current diis error:  1.3871    
          max. resid. norm for Fia-block=  1.188D-01 for orbital      2a         
          max. resid. fock norm         =  1.266D-01 for orbital      2a         

 ITERATION  ENERGY          1e-ENERGY        2e-ENERGY     NORM[dD(SAO)]  TOL
   3  -40.415212267430    -79.437083848     25.619542050    0.911D-01 0.823D-11
                            Exc = -3.26633179912      Eck =  28.8858738489    
                              N = 9.9997221789    
                            current damping = 0.500
 
          Norm of current diis error: 0.64113    
          max. resid. norm for Fia-block=  5.542D-02 for orbital      2a         
          max. resid. fock norm         =  5.757D-02 for orbital      2a         

 ITERATION  ENERGY          1e-ENERGY        2e-ENERGY     NORM[dD(SAO)]  TOL
   4  -40.424761351221    -79.639763986     25.812673104    0.274D-01 0.681D-11
                            Exc = -3.28972784830      Eck =  29.1024009526    
                              N = 9.9997741758    
                            current damping = 0.350
 
          Norm of current diis error: 0.24062    
          max. resid. norm for Fia-block=  2.102D-02 for orbital      2a         
          max. resid. fock norm         =  2.154D-02 for orbital      2a         

 ITERATION  ENERGY          1e-ENERGY        2e-ENERGY     NORM[dD(SAO)]  TOL
   5  -40.426464665834    -79.722365302     25.893571106    0.614D-02 0.610D-11
                            Exc = -3.30035831953      Eck =  29.1939294253    
                              N = 9.9998028611    
                            current damping = 0.200
 
          Norm of current diis error: 0.71126E-01
          max. resid. norm for Fia-block=  6.128D-03 for orbital      2a         
          max. resid. fock norm         =  6.219D-03 for orbital      2a         
          mo-orthogonalization: Cholesky decomposition

 ITERATION  ENERGY          1e-ENERGY        2e-ENERGY     NORM[dD(SAO)]  TOL
   6  -40.426645616439    -79.748577348     25.919602201    0.900D-03 0.567D-11
                            Exc = -3.30400875966      Eck =  29.2236109606    
                              N = 9.9998150258    
                            current damping = 0.050
 
          Norm of current diis error: 0.14817E-01
          max. resid. norm for Fia-block=  1.192D-03 for orbital      2a         
          max. resid. fock norm         =  1.202D-03 for orbital      2a         

 ITERATION  ENERGY          1e-ENERGY        2e-ENERGY     NORM[dD(SAO)]  TOL
   7  -40.426654953627    -79.753652964     25.924668479    0.168D-03 0.536D-11
                            Exc = -3.30482094374      Eck =  29.2294894231    
                              N = 9.9998186765    
                            current damping = 0.050
 
          Norm of current diis error: 0.18425E-02
          max. resid. norm for Fia-block=  1.366D-04 for orbital      4a         
          max. resid. fock norm         =  1.366D-04 for orbital      4a         

 ITERATION  ENERGY          1e-ENERGY        2e-ENERGY     NORM[dD(SAO)]  TOL
   8  -40.426655104222    -79.754377510     25.925392875    0.478D-04 0.520D-11
                            Exc = -3.30491497717      Eck =  29.2303078519    
                              N = 9.9998192177    
                            current damping = 0.050
 
          Norm of current diis error: 0.25473E-03
          max. resid. norm for Fia-block=  2.224D-05 for orbital      4a         
          max. resid. fock norm         =  2.224D-05 for orbital      4a         

 ENERGY CONVERGED !

          Overall gridpoints after grid construction =         20932

 ITERATION  ENERGY          1e-ENERGY        2e-ENERGY     NORM[dD(SAO)]  TOL
   9  -40.426653634940    -79.754181728     25.925198562    0.183D-04 0.513D-11
                            Exc = -3.30490719694      Eck =  29.2301057590    
                              N = 9.9999955294    
                            current damping = 0.100
 
          Norm of current diis error: 0.14186E-03
          max. resid. norm for Fia-block=  7.110D-06 for orbital      2a         
          max. resid. fock norm         =  1.033D-05 for orbital    139a         

 End of SCF iterations

   convergence criteria satisfied after     9 iterations


                  ------------------------------------------ 
                 |  total energy      =    -40.42665363494  |
                  ------------------------------------------ 
                 :  kinetic energy    =     40.23396958134  :
                 :  potential energy  =    -80.66062321628  :
                 :  virial theorem    =      1.99523373724  :
                 :  wavefunction norm =      1.00000000000  :
                  .......................................... 


 <geterg> : there is no data group $energy 


 orbitals $scfmo  will be written to file mos

    irrep                  1a          2a          3a          4a          5a   
 eigenvalues H        -10.59553    -0.79767    -0.45681    -0.45680    -0.45680
            eV        -288.3214    -21.7059    -12.4307    -12.4303    -12.4302
 occupation              2.0000      2.0000      2.0000      2.0000      2.0000

    irrep                  6a          7a          8a          9a         10a   
 eigenvalues H          0.05967     0.13494     0.13496     0.13497     0.16161
            eV           1.6238      3.6719      3.6725      3.6729      4.3976
 
 
 
 
 ==============================================================================
                           electrostatic moments
 ==============================================================================

 reference point for electrostatic moments:    0.00000   0.00000   0.00000

 
              nuc           elec       ->  total
 ------------------------------------------------------------------------------
                          charge      
 ------------------------------------------------------------------------------
          10.000000     -10.000000       0.000000
 
 ------------------------------------------------------------------------------
                       dipole moment  
 ------------------------------------------------------------------------------
   x     -91.217643      91.217659       0.000016
   y      48.722998     -48.723076      -0.000079
   z       0.000010       0.000221       0.000231
 
   | dipole moment | =     0.0002 a.u. =     0.0006 debye 
 
 ------------------------------------------------------------------------------
                     quadrupole moment
 ------------------------------------------------------------------------------
  xx     837.750055    -844.040640      -6.290585
  yy     243.077350    -249.367955      -6.290606
  zz       5.684431     -11.975086      -6.290655
  xy    -444.439355     444.440138       0.000783
  xz      -0.000185      -0.001991      -0.002177
  yz       0.000410       0.001047       0.001457
 
     1/3  trace=      -6.290615
     anisotropy=       0.004735
 
 ==============================================================================
 
HOMO-LUMO Separation
 HOMO         :   -0.45679841 H =    -12.43012 eV
 LUMO         :    0.05967356 H =     +1.62380 eV
 HOMO-LUMO gap:    0.51647196 H =    +14.05393 eV
 
 ==============================================================================


    ------------------------------------------------------------------------
         total  cpu-time :  37.94 seconds
         total wall-time :  1 minutes and 18 seconds
    ------------------------------------------------------------------------

   ****  ridft : all done  ****


    2023-06-06 11:14:42.313 

