
   OpenMP run-time library returned nthreads =  2

 force (c04) : TURBOMOLE rev. V7-6 27 Oct 2021 at 10:11:12 compiled Oct 27th 2021
 Copyright (C) 2021 TURBOMOLE GmbH, Karlsruhe


    2023-06-15 10:45:48.468 



                             T U R B O M O L E   

                          a o f o r c e - program

                        using direct algorithms for

                       SCF level calculations of
                         * harmonic force constants
                         * hyperpolarizabilities
                         * IR and RAMAN intensities
                         * VCD intensities

                       DFT level calculations of
                         * harmonic force constants
                         * IR intensities
                                                   
       Stephan Boecker, Peter Deglmann, Filipp Furche and Marco Haeser
                          Quantum Chemistry Group
                          Universitaet  Karlsruhe
                                   Germany

 
 

          OpenMP Shared-Memory Parallelization:  2 CPUs.

            By: Erik P. Almaraz and Filipp Furche
            Copyright 2009-2011 by UCI and TURBOMOLE GmbH.

            Revised By: Christof Holzer and Yannick J. Franzke.

 
 
     References :
 
       RI-J implementation:
         Peter Deglmann, Klaus May, Filipp Furche, Reinhart Ahlrichs
                 Chem. Phys. Lett. 384:103 (2004)
 
       Efficiency, technical details:
         Peter Deglmann, Filipp Furche, Reinhart Ahlrichs
                 Chem. Phys. Lett. 362:511 (2002)
 
       Search of lowest eigenvalues by iterative diagonalization:
         Peter Deglmann, Filipp Furche
                 J. Chem. Phys. 117:9535 (2002)
 
       Vibrational circular dichroism implementation:
        Kevin Reiter, Michael Kuehn, Florian Weigend
                 J. Chem. Phys. 146:054102 (2017)  
 
 


              +--------------------------------------------------+
              | Atomic coordinate, charge and isotop information |
              +--------------------------------------------------+

                    atomic coordinates            atom    charge  isotop
        -11.92989549    5.07802288    0.02429988    c      6.000     0
        -11.86502458    2.74666563    0.20907519    c      6.000     0
         -9.81789093    7.00201340    0.26831596    c      6.000     0
         -7.60551519    5.25812162    0.80417066    c      6.000     0
         -7.54069166    2.92676532    0.98897475    c      6.000     0
         -9.65266050    1.00275434    0.74488177    c      6.000     0
         -9.59094677   -1.25779603    0.92486430    o      8.000     0
         -9.87958363    9.26255656    0.08821863    o      8.000     0
 
       center of nuclear mass  :   -9.73527526    4.00238737    0.50659564
       center of nuclear charge:   -9.73527525    4.00238737    0.50659563

              +--------------------------------------------------+
              |               basis set information              |
              +--------------------------------------------------+

              we will work with the 1s 3p 5d 7f 9g ... basis set
              ...i.e. with spherical basis functions...

   type   atoms  prim   cont   basis
   ---------------------------------------------------------------------------
    c        6     24     14   def2-SVP   [3s2p1d|7s4p1d]
    o        2     24     14   def2-SVP   [3s2p1d|7s4p1d]
   ---------------------------------------------------------------------------
   total:    8    192    112
   ---------------------------------------------------------------------------

   total number of primitive shells          :   24
   total number of contracted shells         :   48
   total number of cartesian basis functions :  120
   total number of SCF-basis functions       :  112

 
             FOUND RI-J FLAG !
 

 NOTE: THIS IS A PRELIMINARY IMPLEMENTATION. THE RI APPROXIMATION IS
       PRESENTLY USED FOR CPKS CONTRIBUTIONS TO THE HESSIAN ONLY! SEE
       MANUAL FOR FURTHER DETAILS.

  
 AUXILIARY BASIS SET information:

              we will work with the 1s 3p 5d 7f 9g ... basis set
              ...i.e. with spherical basis functions...

   type   atoms  prim   cont   basis
   ---------------------------------------------------------------------------
    c        6     70     49   def2-SVP   [6s4p3d1f1g|12s5p4d2f1g]
    o        2     70     49   def2-SVP   [6s4p3d1f1g|12s5p4d2f1g]
   ---------------------------------------------------------------------------
   total:    8    560    392
   ---------------------------------------------------------------------------

   total number of primitive shells          :   48
   total number of contracted shells         :  120
   total number of cartesian basis functions :  488
   total number of SCF-basis functions       :  392


 symmetry group of the molecule :   c1 

 the group has the following generators :
   c1(z)

    1 symmetry operations found

 there are 1 real representations :   a   

 maximum number of shells which are related by symmetry :  1


 determining totally symmetric integral contributions 
    - equivalent to irreducible tensor elements - 
 which can be formed within each triple of representations :

             representation triple      contributions

              a     a     a               1

    mo occupation :
   irrep   mo's   occupied
    a      112       26
 
 number of basis functions   :   112
 number of occupied orbitals :    26
 
  MOs are in ASCII format !


 reading orbital data $scfmo  from file mos
 orbital characterization : scfconv=7
 time elapsed for calculating density matrices :   0.002 sec

 number of non-frozen orbitals          :   112
 number of non-frozen occupied orbitals :    26
 Blocking parameters 
 shells:
    index      start shell   last shell  start bf    last bf    #bf 
       1             1          48             1        120    120
          size of I/O Block in Byte:                2764800
  
           ----------------------
               RI - INFORMATION
           ----------------------

 biggest AO integral is expected to be     4.776656448

 Threshold for integral neglect (rithr2):   0.21E-10
 Threshold for integral neglect (rithr1):   0.21E-10

 Contributions to RI integral batches: 
  neglected integral batches:                    71
  direct contribution:                            0
  memory contribution:                  1105
 Core memory available (ricore):               500 MiB
 Core memory needed for (P|Q) and Cholesky:      2 MiB
 Core memory used for integrals:                26 MiB
 
 ****************************************
 Memory allocated for RIDFT: 27 MiB
 ****************************************
 
  
           ------------------
           density functional
           ------------------
 TPSS meta-GGA functional
 exchange:    LDA + TPSS
 correlation: LDA (PW) + TPSS

 iterations will be done with small grid
  
 spherical integration : Lebedev's spherical grid
 spherical gridsize    :                     3
    i.e. gridpoints    :                   302
 value for diffuse not defined
 radial integration    : Chebyshev 2nd kind (scaling 3)
 radial gridsize       :                     3
 integration cells     :                     8
 partition function    : becke
 partition sharpness   :                     3
  
 
 Derivatives of quadrature weights will be included
 
 preparing DFT   numerical integration ....
          Overall gridpoints after grid construction =         49644
 Ordering of quadrature gridpoints disabled.
 
 
 
 
 OCCUPIED-OCCUPIED TENSOR SPACES :

          IRREP   tensor space dimension   number of roots

           a               676                  18
 
 OCCUPIED-VIRTUAL TENSOR SPACES :

          IRREP   tensor space dimension   number of roots

           a              2236                  18
 
 
 
 
 CONSTRUCTING integral bounds

 setting up bound for integral derivative estimation

 increment for numerical differentiation : 0.00050000
 
 machine precision:   2.220446049250313E-016

 integral neglect threshold       :  0.10E-09
 integral storage threshold THIZE :  0.10E-04
 integral storage threshold THIME :         5

 
 
 
 PREPARING NUMERICAL INTEGRATION
 
 Remaining core memory for DFT =                   992 MB
 
 Memory needed per atom    =                   170 KiB
 
     i. e.                     8 atoms per loop

 Calculating ground state density on molecular grid

 Integral of ground state density: N =   52.00000055013340    


 
 
 CONSTRUCTING first deriv. of <mu|x,y,z|nu> -> Dip. deriv.
  dipole integral derivatives will be neglected if
  expon. factor <0.416667E-11
      ...terminated. cpu:       0.01       wall:       0.00
 
 
 
 
 CONSTRUCTING first deriv. of  <mu|nu>
                               <mu|h|nu>    -> RHS
              second deriv. of <mu|nu>      -> Hessian
                               <mu|h|nu>    -> Hessian
                               nucl. rep.   -> Hessian
     integrals are neglected if expon. factor <  4.166666666666667E-013
  _________________________________
 |                                 |
 |         DFTD3 V3.1 Rev 0        |
 | S.Grimme, University Bonn       |
 |            June  2014           |
 |   see standalone version        |
 |       dftd3 -h for options      |
 |_________________________________|
 
 Please cite DFT-D3 work done with this code as:
 S. Grimme, J. Antony, S. Ehrlich and H. Krieg,
 J. Chem. Phys, 132 (2010), 154104.
 If used with BJ-damping cite also
 S. Grimme, S. Ehrlich and L. Goerigk,
 J. Comput. Chem. 32 (2011), 1456-1465
 For DFT-D2 the reference is
 S. Grimme, J. Comput. Chem., 27 (2006), 1787-1799
 
C6 coefficients used:
                     5  C6 for element                      6
Z=  6 CN= 0.000     C6(AA)=   49.11
Z=  6 CN= 0.987     C6(AA)=   43.25
Z=  6 CN= 1.998     C6(AA)=   29.36
Z=  6 CN= 2.999     C6(AA)=   25.78
Z=  6 CN= 3.984     C6(AA)=   18.21
                     3  C6 for element                      8
Z=  8 CN= 0.000     C6(AA)=   15.51
Z=  8 CN= 0.993     C6(AA)=   12.82
Z=  8 CN= 1.989     C6(AA)=   10.37

#           XYZ [au]              R0(AA) [Ang.]  CN          C6(AA)     C8(AA)   C10(AA) [au]
  1 -11.94990   5.07802   0.02430   c   0.645  2.158        29.2       844.1     29905.7
  2 -11.86502   2.74667   0.20908   c   0.645  2.167        29.2       843.6     29887.2
  3  -9.81789   7.00201   0.26832   c   0.645  3.068        25.5       738.3     26158.4
  4  -7.60552   5.25812   0.80417   c   0.645  2.161        29.2       843.9     29898.8
  5  -7.54069   2.92677   0.98897   c   0.645  2.165        29.2       843.6     29889.5
  6  -9.65266   1.00275   0.74488   c   0.645  3.068        25.5       738.4     26159.1
  7  -9.59095  -1.25780   0.92486   o   0.539  1.035        12.8       258.0      6377.4
  8  -9.87958   9.26256   0.08822   o   0.539  1.034        12.8       258.0      6377.5

molecular C6(AA) [au] =      1499.14

           DFT-D V3(BJ)
 DF tpss                                              
 parameters
 s6       :    1.0000
 s8       :    1.9435
 a1       :    0.4535
 a2       :    4.4752
 k1-k3    :   16.0000    1.3333   -4.0000
 
 Edisp /kcal,au:    -7.0350 -0.01121106

 E6    /kcal :    -3.2547
 E8    /kcal :    -3.7803
 % E8        : 53.74
 
 doing analytical gradient O(N^2) ...
 
 |G|=  1.983608765464771E-003
      ...terminated. cpu:       0.19       wall:       0.10
 
 
 
 
 CONSTRUCTING second deriv. of 2e energy    -> Hessian
   treating Coulomb (and exchange) contribution
     integrals will be neglected if total contribution <  4.166666666666667E-009
      ...terminated. cpu:       7.10       wall:       3.56
   treating exchange-correlation contribution
      ...terminated. cpu:       6.75       wall:       3.38
 
 
 
 
 CONSTRUCTING S(i,j)xi
      ...terminated. cpu:       0.00       wall:       0.00
 
 
 
 
 CONSTRUCTING <i|x,y,z|j>*S(i,j)xi          -> Dip. deriv.
      ...terminated. cpu:       0.00       wall:       0.00
 
 
 
 
 CONSTRUCTING epsilon(i)*S(i,j)xi*S(i,j)chi -> Hessian
      ...terminated. cpu:       0.00       wall:       0.00
 
 
 
 
 CONSTRUCTING G(a,i)[S(k,l)xi]              -> RHS
              G(i,j)[S(k,l)xi]*S(i,j)chi    -> Hessian
 
         Maximum core memory set to                   1000 MB
         This corresponds to                  9026 vectors in CAO basis
      ...terminated. cpu:       5.59       wall:       3.10
 
 
 
 
 CONSTRUCTING G(mu,nu)[D(kap,lam)]xi
 
          Maximum core memory set to                   1000 MB
          Atoms treated simultaneously :                     8
 max of dfo   16.7253653878560     
      ...terminated. cpu:       9.34       wall:       4.67
 
 
 
 
 CONSTRUCTING F(a,i)xi                      -> RHS
              F(i,j)xi*S(i,j)chi            -> Hessian
 
        Maximum core memory set to                  1000 MB
        This corresponds to                 13802 vectors in CAO basis
      ...terminated. cpu:       0.01       wall:       0.00
 
 
 
 
 CONSTRUCTING epsilon(i)*S(a,i)xi           -> RHS
      ...terminated. cpu:       0.00       wall:       0.00
 
 
 
 
 SOLVING CPHF equations
 
 Residuum convergence criterium   :  1.000000000000000E-005
 
 Maximum number of Davidson iterations set to                    25

 logfile cphf_a    will be constructed
  Switching to small grid
        preparing DFT   numerical integration ....
          Overall gridpoints after grid construction =         14354

 Calculating ground state density on molecular grid

 Integral of ground state density: N =   52.00026093222242    




                       Nonorthonormal Krylov Space Iteration


 total number of roots to be determined: 18


 maximum core memory set to         1000 MB,
 corresponding to     8733 vectors in CAO basis


 maximum number of simultaneously treated vectors (including degeneracy):       18


 Iteration IRREP Converged      Max. Euclidean
                 roots          residual norm

    1       a        0        6.989042396542658D-02
 
    2       a        0        1.215356946752197D-02
 
    3       a        0        1.037995566718671D-03
 
    4       a        2        7.717160019493771D-05
 
    5       a       18        8.122082256118821D-06
 

 converged!

  Switching to fine grid
        preparing numerical DFT   integration ....
          Overall gridpoints after grid construction =         49644

 Calculating ground state density on molecular grid

 Integral of ground state density: N =   52.00000055013341    



 Iteration IRREP Converged      Max. Euclidean
                 roots          residual norm

    6       a        0        1.486464499542119D-04
 

 NOTE: Residual norms are larger than 1.00D-05 due to mgrid option!

      ...terminated. cpu:      11.71       wall:       5.85
 
 
 
 
 CONSTRUCTING <a|x,y,z|i>*U(a,i)xi          -> Dip. deriv.
      ...terminated. cpu:       0.00       wall:       0.00
 
 
 
 
 CONSTRUCTING RHS(a,i)xi*U(a,i)chi          -> Hessian
      ...terminated. cpu:       0.00       wall:       0.00
 
 
 
 

            -----------------------
            permanent dipole moment
            -----------------------

                                   x                y                z
    electronic part       :  506.2343097584  -208.1241867843   -26.3429436395
     nuclear   part       : -506.2343132331   208.1241433583    26.3429726470
     total                :   -0.0000034746    -0.0000434260     0.0000290074

 with reference to the point :   0.0000000        0.0000000        0.0000000
 (given in atomic units)
    | dipole |       :    0.0001330323  debye

   ***  dipole moment & cartesian dipole gradients written onto
        $dipole, $dipgrad,  file=<dipgrad>  ***

             -----------------------------------
             rotational and vibrational analysis
             -----------------------------------


            ==============================================================
            ATOMIC WEIGHTS (average over the natural occurance of isotops)
            ==============================================================
            ('*' denotes special isotop !)
              1     c                12.01115
              2     c                12.01115
              3     c                12.01115
              4     c                12.01115
              5     c                12.01115
              6     c                12.01115
              7     o                15.99940
              8     o                15.99940

          -------------------------------------------------
          CARTESIAN FORCE CONSTANT MATRIX (hartree/bohr**2)
         (translational & rotational space projected out)
          -------------------------------------------------

   ATOM              1 c                           2 c 
                  dx        dy        dz        dx        dy        dz
   1 c     dx  0.1422895
           dy  0.0575827 1.0282271
           dz  0.0163385-0.0634912 0.0375863
   2 c     dx  0.0321392 0.0504085 0.0041327 0.1515528
           dy  0.0027708-0.9017457 0.0665621-0.1030345 1.0151001
           dz  0.0076579 0.0753007-0.0148138 0.0299350-0.0919889 0.0421654
   3 c     dx -0.0954749-0.0399974-0.0044022-0.0219701 0.0244932-0.0056487
           dy -0.0340985-0.0742719-0.0048190 0.0002040-0.0131236 0.0009319
           dz -0.0048655-0.0059138-0.0558004-0.0038619 0.0053964-0.0021352
   4 c     dx -0.0573631-0.0176954-0.0121717-0.0149028-0.0071304-0.0027871
           dy  0.0109534 0.0278136 0.0011439-0.0071307-0.0048996-0.0007370
           dz -0.0142702-0.0041076 0.0137241-0.0027870-0.0007373 0.0027171
   5 c     dx -0.0151796 0.0059891-0.0038040-0.0573639 0.0109528-0.0142712
           dy  0.0059889-0.0037694 0.0015968-0.0176949 0.0278133-0.0041080
           dz -0.0038038 0.0015970 0.0023896-0.0121720 0.0011442 0.0137234
   6 c     dx -0.0206384-0.0254596-0.0017336-0.0995021 0.0374695-0.0108570
           dy -0.0011776-0.0151617 0.0008207 0.0315461-0.0684466 0.0067989
           dz -0.0035127-0.0036342-0.0014460-0.0103996 0.0078751-0.0577970
   7 o     dx -0.0004784 0.0033666-0.0002178 0.0103878 0.0379276-0.0043286
           dy -0.0020918 0.0007026-0.0004849 0.0436456-0.0552700 0.0135149
           dz  0.0001676 0.0005397-0.0006080-0.0047515 0.0124523 0.0167154
   8 o     dx  0.0147056-0.0341945 0.0018581-0.0003410-0.0034492 0.0002996
           dy -0.0399280-0.0617946-0.0013284 0.0020558 0.0005722 0.0002875
           dz  0.0022881-0.0002906 0.0189681-0.0000957-0.0007039-0.0005753

   ATOM              3 c                           4 c 
                  dx        dy        dz        dx        dy        dz
   3 c     dx  0.2738289
           dy -0.0159680 0.9348623
           dz  0.0235959-0.0614404 0.1613423
   4 c     dx -0.0995012 0.0315456-0.0103987 0.1515506
           dy  0.0374681-0.0684431 0.0078734-0.1030188 1.0150928
           dz -0.0108569 0.0067980-0.0577972 0.0299345-0.0920002 0.0421677
   5 c     dx -0.0206381-0.0011790-0.0035122 0.0321397 0.0027585 0.0076596
           dy -0.0254611-0.0151635-0.0036329 0.0503959-0.9017453 0.0753101
           dz -0.0017340 0.0008210-0.0014460 0.0041341 0.0665704-0.0148149
   6 c     dx  0.0650143 0.0028685 0.0080319-0.0219700 0.0244914-0.0056495
           dy  0.0028685-0.0176259 0.0033355 0.0002026-0.0131217 0.0009309
           dz  0.0080326 0.0033350 0.0212264-0.0038619 0.0053982-0.0021356
   7 o     dx -0.0135613-0.0006376-0.0016993-0.0003412-0.0034487 0.0002997
           dy -0.0005489 0.0024781-0.0005989 0.0020561 0.0005722 0.0002879
           dz -0.0017067-0.0006040-0.0043770-0.0000957-0.0007042-0.0005753
   8 o     dx -0.0876977 0.0172651-0.0072902 0.0103880 0.0379268-0.0043302
           dy  0.0171455-0.7487125 0.0549808 0.0436445-0.0552690 0.0135180
           dz -0.0072801 0.0549775-0.0610128-0.0047535 0.0124555 0.0167142

   ATOM              5 c                           6 c 
                  dx        dy        dz        dx        dy        dz
   5 c     dx  0.1422889
           dy  0.0575965 1.0282337
           dz  0.0163394-0.0634959 0.0375875
   6 c     dx -0.0954755-0.0399983-0.0044023 0.2738303
           dy -0.0340988-0.0742756-0.0048188-0.0159745 0.9348728
           dz -0.0048655-0.0059152-0.0557998 0.0235971-0.0614078 0.1613355
   7 o     dx  0.0147068-0.0341939 0.0018564-0.0876974 0.0172713-0.0072905
           dy -0.0399277-0.0617958-0.0013328 0.0171519-0.7487198 0.0549478
           dz  0.0022863-0.0002946 0.0189681-0.0072802 0.0549447-0.0610069
   8 o     dx -0.0004783 0.0033670-0.0002179-0.0135612-0.0006376-0.0016994
           dy -0.0020914 0.0007026-0.0004850-0.0005489 0.0024784-0.0005989
           dz  0.0001676 0.0005397-0.0006080-0.0017065-0.0006040-0.0043767

   ATOM              7 o                           8 o 
                  dx        dy        dz        dx        dy        dz
   7 o     dx  0.0731527
           dy -0.0205294 0.8638391
           dz  0.0109373-0.0666122 0.0293347
   8 o     dx  0.0038310 0.0002442 0.0004429 0.0731535
           dy  0.0002441-0.0018064 0.0002784-0.0205217 0.8638294
           dz  0.0004428 0.0002782 0.0015489 0.0109372-0.0666525 0.0293416
 

   *** projected hessian written onto $hessian (projected), file=<hessian> ***

 dipole moment in principle axis system (a.u.) :
    -0.0000000602    -0.0000454759     0.0000259087
 norm :  5.233855704968500E-005

 rotational constants b for rotations around axis of inertia
 and optical intensities for (1 <-- 0) transition

   b   :     0.0512305239     0.2591415551     0.0427743302   (cm**(-1))
   b   :        1535.8525        7768.8684        1282.3422     (MHz)
  int. :     0.0000000000     0.0000000021     0.0000000007     (a.u.)

   x   :     0.9832926129    -0.0274195664    -0.1799550075
   y   :     0.0411539835     0.9964797810     0.0730369480
   z   :     0.1773188851    -0.0792225569     0.9809596319

   ***  normal modes written onto $vibrational normal modes, file=<vib_normal_modes>  ***

  Keyword $vibrational reduced masses missing in file <control>


   ***  vibrational spectroscopic data written onto$vibrational spectrum   
        file=<vibspectrum>  ***

          ---------------------------------------------------
          NORMAL MODES and VIBRATIONAL FREQUENCIES (cm**(-1))
          ---------------------------------------------------

 imaginary wave numbers indicate a negative curvature of the energy surface.
 zero frequency modes have no physical meaning except being generators of
 translations and rotations. each vibrational normal mode - given in terms of
 cartesian displacement vectors of all atoms - has been normalized to unity.
 to obtain mass-weigthed normal coordinates in a.u. divide the tabulated
 modes by sqrt(reduced mass * 1822.88853).
 band intensities or cross sections refer to independent non-degenerate normal
 modes, that is, the intensities of degenerate modes have yet to be added.
 dDIP/dQ is the normal mode derivative of the dipole moment.


       mode               1        2        3        4        5        6

     frequency           0.00     0.00     0.00     0.00     0.00     0.00

     symmetry                                                             

        IR                -        -        -        -        -        - 
|dDIP/dQ|   (a.u.)     0.0000   0.0000   0.0000   0.0000   0.0000   0.0000
intensity (km/mol)       0.00     0.00     0.00     0.00     0.00     0.00
intensity (  %   )       0.00     0.00     0.00     0.00     0.00     0.00
 
       RAMAN              -        -        -        -        -        - 
 
  1   c           x   0.19143  0.05670  0.30546 -0.09693 -0.03489  0.00728
                  y   0.22914  0.29004 -0.16043 -0.07100 -0.02457  0.04817
                  z   0.20001 -0.27376 -0.23912  0.10747 -0.25623  0.40033
  2   c           x   0.11028  0.02912  0.34503  0.11504 -0.03220  0.01336
                  y   0.22358  0.28971 -0.15881 -0.06671 -0.03941  0.03564
                  z   0.15825 -0.26821 -0.23252  0.08715 -0.44446  0.24011
  3   c           x   0.30871  0.02754  0.22687 -0.24552 -0.06151  0.01150
                  y   0.13088  0.28666 -0.10529  0.10823 -0.03196  0.03317
                  z  -0.04033  0.00522  0.00626 -0.01962  0.03244  0.48210
  4   c           x   0.29847 -0.04516  0.21042 -0.06055 -0.08399  0.02531
                  y   0.02393  0.28277 -0.04764  0.29405 -0.06280 -0.00162
                  z  -0.34616  0.29271  0.26183 -0.17856  0.02486  0.31183
  5   c           x   0.21733 -0.07274  0.24999  0.15142 -0.08131  0.03140
                  y   0.01836  0.28244 -0.04601  0.29834 -0.07765 -0.01416
                  z  -0.38791  0.29825  0.26842 -0.19888 -0.16338  0.15161
  6   c           x   0.10004 -0.04357  0.32858  0.30001 -0.05468  0.02718
                  y   0.11662  0.28582 -0.10116  0.11911 -0.07025  0.00085
                  z  -0.14757  0.01928  0.02304 -0.07179 -0.45205  0.06984
  7   o           x   0.02147 -0.07042  0.36686  0.50559 -0.05213  0.03309
                  y   0.11126  0.28550 -0.09961  0.12316 -0.08472 -0.01135
                  z  -0.18791  0.02450  0.02930 -0.09141 -0.63464 -0.08549
  8   o           x   0.38726  0.05441  0.18861 -0.45111 -0.06405  0.00558
                  y   0.13624  0.28698 -0.10683  0.10418 -0.01748  0.04538
                  z   0.00000  0.00000  0.00000  0.00000  0.21504  0.63743

reduced mass(g/mol)    12.875   12.699   12.778   13.979   13.859   13.674


       mode               7        8        9       10       11       12

     frequency          93.39   120.55   132.58   246.66   349.51   451.42

     symmetry            a        a        a        a        a        a   

        IR               YES      YES      YES      YES      YES      YES
|dDIP/dQ|   (a.u.)     0.0015   0.0000   0.0000   0.0000   0.0012   0.0042
intensity (km/mol)       3.90     0.00     0.00     0.00     2.38    30.82
intensity (  %   )       0.51     0.00     0.00     0.00     0.31     4.02
 
       RAMAN             YES      YES      YES      YES      YES      YES
 
  1   c           x  -0.06038  0.41985 -0.07204 -0.08950 -0.31690  0.42661
                  y   0.02444 -0.17089  0.02903  0.03631  0.01097 -0.17817
                  z   0.32604  0.08512  0.41920  0.49061 -0.05887  0.09135
  2   c           x  -0.06002 -0.40805  0.07213  0.09006 -0.31614 -0.41554
                  y   0.02444 -0.20493 -0.03334 -0.03643 -0.03773 -0.21356
                  z   0.32650 -0.05515 -0.41900 -0.49044 -0.05631 -0.06006
  3   c           x  -0.00671  0.24085 -0.04551  0.00012 -0.06811 -0.00406
                  y   0.00258  0.01014  0.01931  0.00008 -0.00251  0.15552
                  z   0.03542  0.04024  0.26165  0.00021 -0.01194 -0.01191
  4   c           x  -0.06000  0.40804 -0.07212  0.09005 -0.31616 -0.41557
                  y   0.02444  0.20492  0.03336 -0.03645 -0.03775 -0.21355
                  z   0.32643  0.05513  0.41905 -0.49044 -0.05633 -0.06005
  5   c           x  -0.06041 -0.41986  0.07203 -0.08951 -0.31687  0.42658
                  y   0.02444  0.17090 -0.02902  0.03630  0.01095 -0.17818
                  z   0.32610 -0.08512 -0.41915  0.49061 -0.05891  0.09133
  6   c           x  -0.00673 -0.24085  0.04552  0.00012 -0.06810 -0.00405
                  y   0.00259 -0.01014 -0.01931  0.00009 -0.00251  0.15543
                  z   0.03546 -0.04024 -0.26164  0.00021 -0.01195 -0.01191
  7   o           x   0.09544  0.12489 -0.04481 -0.00049  0.52636 -0.00525
                  y  -0.03862  0.00441  0.01909  0.00004  0.02199  0.17732
                  z  -0.51650  0.01971  0.25114 -0.00029  0.09547 -0.01454
  8   o           x   0.09543 -0.12487  0.04481 -0.00051  0.52637 -0.00525
                  y  -0.03865 -0.00440 -0.01913  0.00003  0.02199  0.17741
                  z  -0.51646 -0.01970 -0.25121 -0.00029  0.09546 -0.01456

reduced mass(g/mol)    14.223   12.139   12.533   12.011   14.298   12.264


       mode              13       14       15       16       17       18

     frequency         475.09   545.16   652.33   703.21   780.25   799.12

     symmetry            a        a        a        a        a        a   

        IR               YES      YES      YES      YES      YES      YES
|dDIP/dQ|   (a.u.)     0.0000   0.0000   0.0000   0.0037   0.0000   0.0000
intensity (km/mol)       0.00     0.00     0.00    23.93     0.00     0.00
intensity (  %   )       0.00     0.00     0.00     3.12     0.00     0.00
 
       RAMAN             YES      YES      YES      YES      YES      YES
 
  1   c           x  -0.19778  0.09549  0.04582  0.03696 -0.46439  0.21580
                  y  -0.02602  0.43022 -0.01785 -0.01477  0.02301  0.06683
                  z  -0.03447 -0.01419 -0.24599 -0.20080 -0.08697  0.03468
  2   c           x  -0.19947 -0.11899 -0.04553  0.03726 -0.45363 -0.23783
                  y   0.00638  0.42122  0.01867 -0.01467 -0.06330  0.04587
                  z  -0.03696 -0.05360  0.24602 -0.20042 -0.07844 -0.04711
  3   c           x   0.01242  0.05704 -0.10622 -0.11273  0.00804 -0.59437
                  y  -0.43635  0.00090  0.04269  0.04559  0.16429 -0.02129
                  z   0.03413  0.00982  0.57678  0.61269 -0.01031 -0.10814
  4   c           x   0.19938  0.11899  0.04552  0.03725  0.45365  0.23784
                  y  -0.00643 -0.42122 -0.01867 -0.01467  0.06329 -0.04588
                  z   0.03693  0.05362 -0.24600 -0.20045  0.07843  0.04711
  5   c           x   0.19787 -0.09549 -0.04582  0.03694  0.46438 -0.21580
                  y   0.02598 -0.43022  0.01786 -0.01476 -0.02303 -0.06683
                  z   0.03447  0.01417  0.24601 -0.20078  0.08698 -0.03468
  6   c           x  -0.01242 -0.05705  0.10624 -0.11273 -0.00804  0.59437
                  y   0.43639 -0.00090 -0.04267  0.04557 -0.16428  0.02130
                  z  -0.03413 -0.00982 -0.57683  0.61264  0.01032  0.10814
  7   o           x  -0.01366  0.32279 -0.03005  0.02892  0.00833 -0.14381
                  y   0.47378  0.01481  0.01282 -0.01211 -0.18122 -0.00949
                  z  -0.03808  0.05799  0.16508 -0.15873  0.01518 -0.02595
  8   o           x   0.01365 -0.32279  0.03005  0.02892 -0.00833  0.14382
                  y  -0.47374 -0.01481 -0.01284 -0.01213  0.18123  0.00950
                  z   0.03810 -0.05799 -0.16507 -0.15874 -0.01519  0.02595

reduced mass(g/mol)    13.815   12.871   12.237   12.220   12.276   12.182


       mode              19       20       21       22       23       24

     frequency         854.39   987.83  1788.13  1803.28  2053.52  2089.20

     symmetry            a        a        a        a        a        a   

        IR               YES      YES      YES      YES      YES      YES
|dDIP/dQ|   (a.u.)     0.0052   0.0131   0.0208   0.0000   0.0003   0.0000
intensity (km/mol)      47.46   306.86   766.74     0.00     0.12     0.00
intensity (  %   )       6.19    40.02   100.00     0.00     0.02     0.00
 
       RAMAN             YES      YES      YES      YES      YES      YES
 
  1   c           x  -0.25979 -0.21454  0.00198 -0.00099  0.01573  0.01986
                  y  -0.32939  0.03035  0.02012  0.01881  0.49744  0.49724
                  z  -0.02314 -0.04174 -0.00115 -0.00156 -0.03401 -0.03322
  2   c           x   0.27676 -0.21258 -0.00301  0.00006  0.04338  0.04744
                  y  -0.30673 -0.04745  0.01964 -0.01881 -0.49509 -0.49453
                  z   0.07357 -0.03546 -0.00203  0.00138  0.04468  0.04537
  3   c           x  -0.00625  0.60877  0.01540 -0.01546 -0.04434  0.00131
                  y   0.24743  0.02486 -0.57713  0.57880 -0.00166 -0.04624
                  z  -0.01936  0.11021  0.04599 -0.04612 -0.00802  0.00369
  4   c           x   0.27674 -0.21258 -0.00301 -0.00006  0.04337 -0.04743
                  y  -0.30674 -0.04746  0.01965  0.01882 -0.49508  0.49453
                  z   0.07357 -0.03546 -0.00203 -0.00139  0.04469 -0.04537
  5   c           x  -0.25980 -0.21454  0.00198  0.00099  0.01573 -0.01987
                  y  -0.32938  0.03035  0.02012 -0.01880  0.49744 -0.49724
                  z  -0.02315 -0.04174 -0.00115  0.00156 -0.03401  0.03323
  6   c           x  -0.00625  0.60877  0.01540  0.01547 -0.04434 -0.00131
                  y   0.24743  0.02487 -0.57699 -0.57895 -0.00166  0.04625
                  z  -0.01937  0.11022  0.04595  0.04611 -0.00802 -0.00369
  7   o           x  -0.00804 -0.13636 -0.01079 -0.01079 -0.01109 -0.00043
                  y   0.29180 -0.00583  0.40331  0.40092 -0.00052  0.01526
                  z  -0.02330 -0.02478 -0.03211 -0.03192 -0.00199 -0.00121
  8   o           x  -0.00803 -0.13636 -0.01079  0.01078 -0.01109  0.00043
                  y   0.29179 -0.00582  0.40341 -0.40081 -0.00052 -0.01526
                  z  -0.02332 -0.02478 -0.03214  0.03193 -0.00199  0.00121

reduced mass(g/mol)    12.695   12.165   13.318   13.302   12.012   12.013
 

         **************************************************************
         *                                                            *
         *  zero point VIBRATIONAL energy  :      0.0340031  Hartree  *
         *    SCF-energy                   :   -378.5828556           *
         *    SCF + E(vib0)                :   -378.5488526           *
         *                                                            *
         **************************************************************




 time elapsed for vibrational analysis     0.01 sec


    ------------------------------------------------------------------------
         total  cpu-time :  42.35 seconds
         total wall-time :  24.26 seconds
    ------------------------------------------------------------------------

   ****  force : all done  ****


    2023-06-15 10:46:10.313 

