
  ========================================================================
                license information 
 Customer : 200000000058156
 ID       : LKO1924661

 License file is VALID, continuing with full version
  ========================================================================

   OpenMP run-time library returned nthreads =  2

 ridft (c04) : TURBOMOLE rev. V7-6 27 Oct 2021 at 10:11:12 compiled Oct 27th 2021
 Copyright (C) 2021 TURBOMOLE GmbH, Karlsruhe


    2023-06-04 16:40:44.549 



                                  r i d f t

                        DFT program with RI approximation 
                                for coulomb part 




                                                 
                                 References:     
                                                 
          TURBOMOLE:                             
              R. Ahlrichs, M. Baer, M. Haeser, H. Horn, and
              C. Koelmel
              Electronic structure calculations on workstation
              computers: the program system TURBOMOLE
              Chem. Phys. Lett. 162: 165 (1989)
          Density Functional:                              
              O. Treutler and R. Ahlrichs                      
              Efficient Molecular Numerical Integration Schemes
              J. Chem. Phys. 102: 346 (1995)                   
          Parallel Version:                                
              Performance of parallel TURBOMOLE for Density    
              Functional Calculations                          
              M. v. Arnim and R. Ahlrichs                      
              J. Comp. Chem. 19: 1746 (1998)                   
          RI-J Method:                                     
              Auxiliary Basis Sets to approximate Coulomb      
              Potentials                                       
              Chem. Phys. Lett. 240: 283 (1995)                
              K. Eichkorn, O. Treutler, H. Oehm, M. Haeser     
              and R. Ahlrichs                                  
              Chem. Phys. Lett. 242: 652 (1995)                
                                                           
              Auxiliary Basis Sets for Main Row Atoms and their
              Use to approximate Coulomb Potentials            
              K. Eichkorn, F. Weigend, O. Treutler and         
              R. Ahlrichs                                      
              Theo. Chem. Acc. 97: 119 (1997)                   
                                                           
              Accurate Coulomb-fitting basis sets for H to Rn 
              F. Weigend                                        
              Phys. Chem. Chem. Phys. 8: 1057 (2006)            
                                                           
          Multipole accelerated RI-J (MARI-J):             
              Fast evaluation of the Coulomb potential for     
              electron densities using multipole accelerated   
              resolution of identity approximation             
              M. Sierka, A. Hogekamp and R. Ahlrichs           
              J. Chem. Phys. 118: 9136 (2003)                  
          RI-JK Method:                                     
              A fully direct RI-HF algorithm: Implementation,
              optimised auxiliary basis sets, demonstration of
              accuracy and efficiency                         
              F. Weigend                                      
              Phys. Chem. Chem. Phys. 4: 4285 (2002)           
          Two-component HF and DFT with spin-orbit coupling:  
              Self-consistent treatment of spin-orbit         
              interactions with efficient Hartree-Fock and    
              density functional methods                      
              M. K. Armbruster, F. Weigend, C. van Wüllen and 
              W. Klopper                                      
              Phys. Chem. Chem. Phys. 10: 1748 (2008)         
          Two-component difference density and DIIS algorithm 
              Efficient two-component self-consistent field   
              procedures and gradients: implementation in     
              TURBOMOLE and application to Au20-              
              A. Baldes, F. Weigend                           
              Mol. Phys. 111: 2617 (2013)                     
          Relativistic all-electron 2c calculations           
              An efficient implementation of two-component    
              relativistic exact-decoupling methods for large 
              molecules                                       
              D. Peng, N. Middendorf, F. Weigend, M. Reiher   
              J. Chem. Phys. 138: 184105 (2013)               
          Finite nucleus model and SNSO approximation         
              Efficient implementation of one- and two-       
              component analytical energy gradients in exact  
              two-component theory                            
              Y. J. Franzke, N. Middendorf, F. Weigend        
              J. Chem. Phys. 148: 104110 (2018)               
          Grids for all-electron relativistic methods         
              Error-consistent segmented contracted all-      
              electron relativistic basis sets of double-     
              and triple-zeta quality for NMR shielding       
              constants                                       
              Y. J. Franzke, R. Tress, T. M. Pazdera,         
              F. Weigend                                      
              Phys. Chem. Chem. Phys. 21: 166658 (2019)       
          Seminumerical exchange algorithms                   
              Seminumerical calculation of the Hartree-Fock   
              exchange matirx: Application to two-component   
              procedures and efficient evaluation of local    
              hybrid functionsl                               
               P. Plessow, F. Weigend,                        
              J. Comput. Chem. 33: 810 (2012)                 
          Improved seminumerical algorithms                   
              C. Holzer,                                      
              J. Chem. Phys. 153 (2020), 184115               
                                         





          OpenMP Shared-Memory Parallelization:  2 CPUs.

            By: Christof Holzer and Yannick J. Franzke


              +--------------------------------------------------+
              |      general information about current run       |
              +--------------------------------------------------+

 

 DENSITY CONVERGENCE CHECK SWITCHED ON !
 SCF CONVERGENCE IF RMS(delta[D]) <     0.1000000000E-06

 A HF calculation using the RI-J approximation will be carried out.
 Allocatable memory for RI due to $ricore (MB):                   500


              +--------------------------------------------------+
              | Atomic coordinate, charge and isotop information |
              +--------------------------------------------------+

                    atomic coordinates            atom    charge  isotop
         -2.94114945   -0.05906209    3.20800514    c      6.000     0
         -2.10764322   -2.38868168    3.01010903    o      8.000     0
         -4.69145784    0.67873742    4.54858777    o      8.000     0
         -3.13012887   -3.57078581    4.15360468    h      1.000     0
         -6.29030577   -1.18908482    6.29608952    h      1.000     0
         -7.32820712   -2.37974057    7.41622238    o      8.000     0
         -6.48920540   -4.70781879    7.22163545    c      6.000     0
         -4.71618426   -5.43888347    5.90759674    o      8.000     0
         -7.57287381   -6.02381298    8.40525062    h      1.000     0
         -1.87584189    1.25125484    2.00166074    h      1.000     0
 
       center of nuclear mass  :   -4.71227734   -2.38252318    5.21882940
       center of nuclear charge:   -4.71248373   -2.38254709    5.21863701

  Keyword $basis  missing in file <control>

              read basis sets from /software/cluster/turbomole76/basen/
              (basis sets have been saved in file basis)

              +--------------------------------------------------+
              |               basis set information              |
              +--------------------------------------------------+

              we will work with the 1s 3p 5d 7f 9g ... basis set
              ...i.e. with spherical basis functions...

   type   atoms  prim   cont   basis
   ---------------------------------------------------------------------------
    c        2     77     55   cc-pVQZ   [5s4p3d2f1g|21s6p3d2f1g]
    o        4     77     55   cc-pVQZ   [5s4p3d2f1g|21s6p3d2f1g]
    h        4     32     30   cc-pVQZ   [4s3p2d1f|6s3p2d1f]
   ---------------------------------------------------------------------------
   total:   10    590    450
   ---------------------------------------------------------------------------

   total number of primitive shells          :   78
   total number of contracted shells         :  130
   total number of cartesian basis functions :  560
   total number of SCF-basis functions       :  450


 integral neglect threshold       :  0.60E-11
 integral storage threshold THIZE :  0.10E-04
 integral storage threshold THIME :         5

 RI-J AUXILIARY BASIS SET information:

              assign orbital basis set names as defaults
              read basis sets from /software/cluster/turbomole76/jbasen/
              (basis sets have been saved in file auxbasis)

              we will work with the 1s 3p 5d 7f 9g ... basis set
              ...i.e. with spherical basis functions...

   type   atoms  prim   cont   basis
   ---------------------------------------------------------------------------
    c        2     70     49   cc-pVQZ   [6s4p3d1f1g|12s5p4d2f1g]
    o        4     70     49   cc-pVQZ   [6s4p3d1f1g|12s5p4d2f1g]
    h        4     16     11   cc-pVQZ   [3s1p1d|5s2p1d]
   ---------------------------------------------------------------------------
   total:   10    484    338
   ---------------------------------------------------------------------------

   total number of primitive shells          :   56
   total number of contracted shells         :  110
   total number of cartesian basis functions :  414
   total number of SCF-basis functions       :  338


 symmetry group of the molecule :   c1 

 the group has the following generators :
   c1(z)

    1 symmetry operations found

 there are 1 real representations :   a   

 maximum number of shells which are related by symmetry :  1


 biggest AO integral is expected to be     4.785886462

          ------------------------
          nuclear repulsion energy  :   236.490175791    
          ------------------------


         -----------------
         -S,T+V- integrals
         -----------------

 1e-integrals will be neglected if expon. factor < 0.596779E-12
 
   Difference densities algorithm switched on.
   The maximal number of linear combinations of
   difference densities is                    20 .

 DIIS switched on: error vector is FDS-SDF
 Max. Iterations for DIIS is     :   5
 DIIS matrix (see manual) 
    Scaling factor of diagonals  :  1.200
    threshold for scaling factor :  0.000

 scf convergence criterion : increment of total energy < .1000000D-06
                  and increment of one-electron energy < .1000000D-03

 MOs are in ASCII format !

  missing closed shell occupation number declaration

 No input with occupation numbers/open-shell information found

 start vectors will be provided by an EHT guess

 The EHT guess will be determined for:
   molecular charge   :    0
   number of electrons:   48
   S_z eigenvalue     :    0
 
 virtual MOs provided and orthogonalized by Cholesky decomposition

 automatic virtual orbital shift switched on 
      shift if e(lumo)-e(homo) < 0.10000000    

  
           ------------------------
               RI-J - INFORMATION
           ------------------------
 Contributions to RI integral batches: 
  neglected integral batches:                  1249
  direct contribution:                            0
  memory contribution:                  7266
 Memory core needed for (P|Q) and Cholesky      1 MByte
 Memory core minimum needed except of (P|Q)     2 MByte
 Total minimum memory core needed (sum)         3 MByte
  
 ****************************************
 Memory allocated for RI-J   426 MByte
 ****************************************
                                            

 dump of DSCF restart information has been disabled !


 Starting SCF iterations


 ITERATION  ENERGY          1e-ENERGY        2e-ENERGY     RMS[dD(SAO)]   TOL
   1  -376.15417837897    -985.71358211     373.06922794    0.000D+00 0.595D-11
                            exK = -45.0011504175     Coul =  418.070378354    
                            current damping = 0.300
 
          max. resid. norm for Fia-block=  4.351D-01 for orbital     20a         
          max. resid. fock norm         =  1.418D+01 for orbital    435a         

 ITERATION  ENERGY          1e-ENERGY        2e-ENERGY     RMS[dD(SAO)]   TOL
   2  -377.61468397250    -986.67016833     372.56530857    0.383D-02 0.396D-11
                            current damping = 0.250
 
          Norm of current diis error:  1.9694    
          max. resid. norm for Fia-block=  1.192D-01 for orbital      3a         
          max. resid. fock norm         =  3.207D-01 for orbital    319a         

 ITERATION  ENERGY          1e-ENERGY        2e-ENERGY     RMS[dD(SAO)]   TOL
   3  -377.70564115163    -988.54123026     374.34541332    0.143D-02 0.316D-11
                            current damping = 0.200
 
          Norm of current diis error: 0.65565    
          max. resid. norm for Fia-block=  3.720D-02 for orbital     19a         
          max. resid. fock norm         =  3.791D-02 for orbital     49a         

 ITERATION  ENERGY          1e-ENERGY        2e-ENERGY     RMS[dD(SAO)]   TOL
   4  -377.72171520903    -988.12276279     373.91087179    0.633D-03 0.274D-11
                            current damping = 0.250
 
          Norm of current diis error: 0.19834    
          max. resid. norm for Fia-block=  1.288D-02 for orbital     20a         
          max. resid. fock norm         =  1.815D-02 for orbital    399a         

 ITERATION  ENERGY          1e-ENERGY        2e-ENERGY     RMS[dD(SAO)]   TOL
   5  -377.72352267469    -988.31703413     374.10333566    0.189D-03 0.253D-11
                            current damping = 0.300
 
          Norm of current diis error: 0.65164E-01
          max. resid. norm for Fia-block=  5.130D-03 for orbital     20a         
          max. resid. fock norm         =  5.298D-03 for orbital     20a         
          mo-orthogonalization: Cholesky decomposition

 ITERATION  ENERGY          1e-ENERGY        2e-ENERGY     RMS[dD(SAO)]   TOL
   6  -377.72379975830    -988.31228222     374.09830667    0.734D-04 0.239D-11
                            current damping = 0.350
 
          Norm of current diis error: 0.29414E-01
          max. resid. norm for Fia-block=  2.858D-03 for orbital     20a         
          max. resid. fock norm         =  3.298D-03 for orbital     20a         

 ITERATION  ENERGY          1e-ENERGY        2e-ENERGY     RMS[dD(SAO)]   TOL
   7  -377.72385790778    -988.31186549     374.09783179    0.281D-04 0.228D-11
                            current damping = 0.200
 
          Norm of current diis error: 0.13300E-01
          max. resid. norm for Fia-block=  1.345D-03 for orbital     23a         
          max. resid. fock norm         =  1.405D-03 for orbital     23a         

 ITERATION  ENERGY          1e-ENERGY        2e-ENERGY     RMS[dD(SAO)]   TOL
   8  -377.72387521620    -988.31700919     374.10295818    0.153D-04 0.215D-11
                            current damping = 0.250
 
          Norm of current diis error: 0.59876E-02
          max. resid. norm for Fia-block=  6.417D-04 for orbital     23a         
          max. resid. fock norm         =  6.543D-04 for orbital     20a         

 ITERATION  ENERGY          1e-ENERGY        2e-ENERGY     RMS[dD(SAO)]   TOL
   9  -377.72387871148    -988.31686338     374.10280888    0.580D-05 0.204D-11
                            current damping = 0.300
 
          Norm of current diis error: 0.25367E-02
          max. resid. norm for Fia-block=  3.725D-04 for orbital     23a         
          max. resid. fock norm         =  3.794D-04 for orbital     23a         

 ITERATION  ENERGY          1e-ENERGY        2e-ENERGY     RMS[dD(SAO)]   TOL
  10  -377.72387944967    -988.31687811     374.10282286    0.248D-05 0.195D-11
                            current damping = 0.350
 
          Norm of current diis error: 0.12249E-02
          max. resid. norm for Fia-block=  1.775D-04 for orbital     23a         
          max. resid. fock norm         =  1.780D-04 for orbital     23a         
          mo-orthogonalization: Cholesky decomposition

 ITERATION  ENERGY          1e-ENERGY        2e-ENERGY     RMS[dD(SAO)]   TOL
  11  -377.72387961264    -988.31711972     374.10306432    0.123D-05 0.186D-11
                            current damping = 0.200
 
          Norm of current diis error: 0.50768E-03
          max. resid. norm for Fia-block=  8.482D-05 for orbital     23a         
          max. resid. fock norm         =  8.624D-05 for orbital     23a         

 ITERATION  ENERGY          1e-ENERGY        2e-ENERGY     RMS[dD(SAO)]   TOL
  12  -377.72387964644    -988.31696154     374.10290610    0.616D-06 0.178D-11
                            current damping = 0.250
 
          Norm of current diis error: 0.20991E-03
          max. resid. norm for Fia-block=  2.769D-05 for orbital     23a         
          max. resid. fock norm         =  2.778D-05 for orbital     24a         

 ITERATION  ENERGY          1e-ENERGY        2e-ENERGY     RMS[dD(SAO)]   TOL
  13  -377.72387965160    -988.31701702     374.10296158    0.252D-06 0.172D-11
                            current damping = 0.300
 
          Norm of current diis error: 0.71643E-04
          max. resid. norm for Fia-block=  9.297D-06 for orbital     23a         
          max. resid. fock norm         =  9.666D-06 for orbital     23a         

 ENERGY & DENSITY CONVERGED !


 ITERATION  ENERGY          1e-ENERGY        2e-ENERGY     RMS[dD(SAO)]   TOL
  14  -377.72387965201    -988.31698760     374.10293216    0.747D-07 0.170D-11
                            current damping = 0.350
 
          Norm of current diis error: 0.33666E-04
          max. resid. norm for Fia-block=  3.750D-06 for orbital     24a         
          max. resid. fock norm         =  4.371D-06 for orbital     24a         

 End of SCF iterations

   convergence criteria satisfied after    14 iterations


                  ------------------------------------------ 
                 |  total energy      =   -377.72387965201  |
                  ------------------------------------------ 
                 :  kinetic energy    =    377.08272386289  :
                 :  potential energy  =   -754.80660351490  :
                 :  virial theorem    =      1.99830258074  :
                 :  wavefunction norm =      1.00000000000  :
                  .......................................... 


 <geterg> : there is no data group $energy 


 orbitals $scfmo  will be written to file mos

    irrep                 20a         21a         22a         23a         24a   
 eigenvalues H         -0.57602    -0.50738    -0.49872    -0.49385    -0.47438
            eV         -15.6745    -13.8065    -13.5709    -13.4386    -12.9086
 occupation              2.0000      2.0000      2.0000      2.0000      2.0000

    irrep                 25a         26a         27a         28a         29a   
 eigenvalues H          0.13497     0.13616     0.13675     0.14426     0.19104
            eV           3.6727      3.7052      3.7211      3.9255      5.1986
 
 
 
 
 ==============================================================================
                           electrostatic moments
 ==============================================================================

 reference point for electrostatic moments:    0.00000   0.00000   0.00000

 
              nuc           elec       ->  total
 ------------------------------------------------------------------------------
                          charge      
 ------------------------------------------------------------------------------
          48.000000     -48.000000      -0.000000
 
 ------------------------------------------------------------------------------
                       dipole moment  
 ------------------------------------------------------------------------------
   x    -226.199219     226.192495      -0.006723
   y    -114.362261     114.360670      -0.001591
   z     250.494576    -250.500022      -0.005446
 
   | dipole moment | =     0.0088 a.u. =     0.0224 debye 
 
 ------------------------------------------------------------------------------
                     quadrupole moment
 ------------------------------------------------------------------------------
  xx    1233.969336   -1259.260447     -25.291110
  yy     516.307498    -542.619667     -26.312168
  zz    1463.411638   -1486.864268     -23.452631
  xy     605.791261    -600.491359       5.299901
  xz   -1336.941114    1335.977350      -0.963763
  yz    -706.629512     702.437353      -4.192159
 
     1/3  trace=     -25.018637
     anisotropy=      12.086179
 
 ==============================================================================
 
HOMO-LUMO Separation
 HOMO         :   -0.47437949 H =    -12.90853 eV
 LUMO         :    0.13496756 H =     +3.67266 eV
 HOMO-LUMO gap:    0.60934706 H =    +16.58119 eV
 
 ==============================================================================


    ------------------------------------------------------------------------
         total  cpu-time : 14 minutes and 48 seconds
         total wall-time : 15 minutes and  7 seconds
    ------------------------------------------------------------------------

   ****  ridft : all done  ****


    2023-06-04 16:55:48.459 

