
  ========================================================================
                license information 
 Customer : 200000000058156
 ID       : LKO1924661

 License file is VALID, continuing with full version
  ========================================================================

   OpenMP run-time library returned nthreads =  2

 ridft (c04) : TURBOMOLE rev. V7-6 27 Oct 2021 at 10:11:12 compiled Oct 27th 2021
 Copyright (C) 2021 TURBOMOLE GmbH, Karlsruhe


    2023-06-06 11:13:26.931 



                                  r i d f t

                        DFT program with RI approximation 
                                for coulomb part 




                                                 
                                 References:     
                                                 
          TURBOMOLE:                             
              R. Ahlrichs, M. Baer, M. Haeser, H. Horn, and
              C. Koelmel
              Electronic structure calculations on workstation
              computers: the program system TURBOMOLE
              Chem. Phys. Lett. 162: 165 (1989)
          Density Functional:                              
              O. Treutler and R. Ahlrichs                      
              Efficient Molecular Numerical Integration Schemes
              J. Chem. Phys. 102: 346 (1995)                   
          Parallel Version:                                
              Performance of parallel TURBOMOLE for Density    
              Functional Calculations                          
              M. v. Arnim and R. Ahlrichs                      
              J. Comp. Chem. 19: 1746 (1998)                   
          RI-J Method:                                     
              Auxiliary Basis Sets to approximate Coulomb      
              Potentials                                       
              Chem. Phys. Lett. 240: 283 (1995)                
              K. Eichkorn, O. Treutler, H. Oehm, M. Haeser     
              and R. Ahlrichs                                  
              Chem. Phys. Lett. 242: 652 (1995)                
                                                           
              Auxiliary Basis Sets for Main Row Atoms and their
              Use to approximate Coulomb Potentials            
              K. Eichkorn, F. Weigend, O. Treutler and         
              R. Ahlrichs                                      
              Theo. Chem. Acc. 97: 119 (1997)                   
                                                           
              Accurate Coulomb-fitting basis sets for H to Rn 
              F. Weigend                                        
              Phys. Chem. Chem. Phys. 8: 1057 (2006)            
                                                           
          Multipole accelerated RI-J (MARI-J):             
              Fast evaluation of the Coulomb potential for     
              electron densities using multipole accelerated   
              resolution of identity approximation             
              M. Sierka, A. Hogekamp and R. Ahlrichs           
              J. Chem. Phys. 118: 9136 (2003)                  
          RI-JK Method:                                     
              A fully direct RI-HF algorithm: Implementation,
              optimised auxiliary basis sets, demonstration of
              accuracy and efficiency                         
              F. Weigend                                      
              Phys. Chem. Chem. Phys. 4: 4285 (2002)           
          Two-component HF and DFT with spin-orbit coupling:  
              Self-consistent treatment of spin-orbit         
              interactions with efficient Hartree-Fock and    
              density functional methods                      
              M. K. Armbruster, F. Weigend, C. van Wüllen and 
              W. Klopper                                      
              Phys. Chem. Chem. Phys. 10: 1748 (2008)         
          Two-component difference density and DIIS algorithm 
              Efficient two-component self-consistent field   
              procedures and gradients: implementation in     
              TURBOMOLE and application to Au20-              
              A. Baldes, F. Weigend                           
              Mol. Phys. 111: 2617 (2013)                     
          Relativistic all-electron 2c calculations           
              An efficient implementation of two-component    
              relativistic exact-decoupling methods for large 
              molecules                                       
              D. Peng, N. Middendorf, F. Weigend, M. Reiher   
              J. Chem. Phys. 138: 184105 (2013)               
          Finite nucleus model and SNSO approximation         
              Efficient implementation of one- and two-       
              component analytical energy gradients in exact  
              two-component theory                            
              Y. J. Franzke, N. Middendorf, F. Weigend        
              J. Chem. Phys. 148: 104110 (2018)               
          Grids for all-electron relativistic methods         
              Error-consistent segmented contracted all-      
              electron relativistic basis sets of double-     
              and triple-zeta quality for NMR shielding       
              constants                                       
              Y. J. Franzke, R. Tress, T. M. Pazdera,         
              F. Weigend                                      
              Phys. Chem. Chem. Phys. 21: 166658 (2019)       
          Seminumerical exchange algorithms                   
              Seminumerical calculation of the Hartree-Fock   
              exchange matirx: Application to two-component   
              procedures and efficient evaluation of local    
              hybrid functionsl                               
               P. Plessow, F. Weigend,                        
              J. Comput. Chem. 33: 810 (2012)                 
          Improved seminumerical algorithms                   
              C. Holzer,                                      
              J. Chem. Phys. 153 (2020), 184115               
                                         





          OpenMP Shared-Memory Parallelization:  2 CPUs.

            By: Christof Holzer and Yannick J. Franzke


              +--------------------------------------------------+
              |      general information about current run       |
              +--------------------------------------------------+

 

 DENSITY CONVERGENCE CHECK SWITCHED ON !
 SCF CONVERGENCE IF RMS(delta[D]) <     0.1000000000E-06

 A HF calculation using the RI-J approximation will be carried out.
 Allocatable memory for RI due to $ricore (MB):                   500


              +--------------------------------------------------+
              | Atomic coordinate, charge and isotop information |
              +--------------------------------------------------+

                    atomic coordinates            atom    charge  isotop
        -10.66143410    5.10964222    0.00000000    n      7.000     0
         -8.58667370    5.23772325    0.00000000    n      7.000     0
 
       center of nuclear mass  :   -9.62405390    5.17368274    0.00000000
       center of nuclear charge:   -9.62405390    5.17368274    0.00000000

  Keyword $basis  missing in file <control>

              read basis sets from /software/cluster/turbomole76/basen/
              (basis sets have been saved in file basis)

              +--------------------------------------------------+
              |               basis set information              |
              +--------------------------------------------------+

              we will work with the 1s 3p 5d 7f 9g ... basis set
              ...i.e. with spherical basis functions...

   type   atoms  prim   cont   basis
   ---------------------------------------------------------------------------
    n        2     46     31   def2-TZVP   [5s3p2d1f|11s6p2d1f]
   ---------------------------------------------------------------------------
   total:    2     92     62
   ---------------------------------------------------------------------------

   total number of primitive shells          :   20
   total number of contracted shells         :   22
   total number of cartesian basis functions :   72
   total number of SCF-basis functions       :   62


 integral neglect threshold       :  0.46E-10
 integral storage threshold THIZE :  0.10E-04
 integral storage threshold THIME :         5

 RI-J AUXILIARY BASIS SET information:

              assign orbital basis set names as defaults
              read basis sets from /software/cluster/turbomole76/jbasen/
              (basis sets have been saved in file auxbasis)

              we will work with the 1s 3p 5d 7f 9g ... basis set
              ...i.e. with spherical basis functions...

   type   atoms  prim   cont   basis
   ---------------------------------------------------------------------------
    n        2     70     49   def2-TZVP   [6s4p3d1f1g|12s5p4d2f1g]
   ---------------------------------------------------------------------------
   total:    2    140     98
   ---------------------------------------------------------------------------

   total number of primitive shells          :   24
   total number of contracted shells         :   30
   total number of cartesian basis functions :  122
   total number of SCF-basis functions       :   98


 symmetry group of the molecule :   c1 

 the group has the following generators :
   c1(z)

    1 symmetry operations found

 there are 1 real representations :   a   

 maximum number of shells which are related by symmetry :  1


 biggest AO integral is expected to be     6.862573055

          ------------------------
          nuclear repulsion energy  :   23.5723110864    
          ------------------------


         -----------------
         -S,T+V- integrals
         -----------------

 1e-integrals will be neglected if expon. factor < 0.464161E-11
 
   Difference densities algorithm switched on.
   The maximal number of linear combinations of
   difference densities is                    20 .

 DIIS switched on: error vector is FDS-SDF
 Max. Iterations for DIIS is     :   5
 DIIS matrix (see manual) 
    Scaling factor of diagonals  :  1.200
    threshold for scaling factor :  0.000

 scf convergence criterion : increment of total energy < .1000000D-06
                  and increment of one-electron energy < .1000000D-03

 MOs are in ASCII format !

  missing closed shell occupation number declaration

 No input with occupation numbers/open-shell information found

 start vectors will be provided by an EHT guess

 The EHT guess will be determined for:
   molecular charge   :    0
   number of electrons:   14
   S_z eigenvalue     :    0
 
 virtual MOs provided and orthogonalized by Cholesky decomposition

 automatic virtual orbital shift switched on 
      shift if e(lumo)-e(homo) < 0.10000000    

  
           ------------------------
               RI-J - INFORMATION
           ------------------------
 Contributions to RI integral batches: 
  neglected integral batches:                     1
  direct contribution:                            0
  memory contribution:                   252
 Memory core needed for (P|Q) and Cholesky      1 MByte
 Memory core minimum needed except of (P|Q)     1 MByte
 Total minimum memory core needed (sum)         1 MByte
  
 ****************************************
 Memory allocated for RI-J     3 MByte
 ****************************************
                                            

 dump of DSCF restart information has been disabled !


 Starting SCF iterations


 ITERATION  ENERGY          1e-ENERGY        2e-ENERGY     RMS[dD(SAO)]   TOL
   1  -108.67335279318    -191.76696278     59.521298900    0.000D+00 0.463D-10
                            exK = -12.8691470162     Coul =  72.3904459157    
                            current damping = 0.300
 
          max. resid. norm for Fia-block=  4.023D-01 for orbital      7a         
          max. resid. fock norm         =  1.243D+01 for orbital     40a         

 ITERATION  ENERGY          1e-ENERGY        2e-ENERGY     RMS[dD(SAO)]   TOL
   2  -108.96095139154    -194.09881201     61.565549530    0.904D-02 0.307D-10
                            current damping = 0.250
 
          Norm of current diis error: 0.59421    
          max. resid. norm for Fia-block=  1.243D-01 for orbital      2a         
          max. resid. fock norm         =  1.788D-01 for orbital     18a         

 ITERATION  ENERGY          1e-ENERGY        2e-ENERGY     RMS[dD(SAO)]   TOL
   3  -108.98396471293    -194.14608223     61.589806429    0.337D-02 0.246D-10
                            current damping = 0.100
 
          Norm of current diis error: 0.18270    
          max. resid. norm for Fia-block=  3.554D-02 for orbital      2a         
          max. resid. fock norm         =  3.971D-02 for orbital     18a         

 ITERATION  ENERGY          1e-ENERGY        2e-ENERGY     RMS[dD(SAO)]   TOL
   4  -108.98742797196    -194.17593614     61.616197081    0.209D-02 0.203D-10
                            current damping = 0.100
 
          Norm of current diis error: 0.38684E-01
          max. resid. norm for Fia-block=  9.011D-03 for orbital      5a         
          max. resid. fock norm         =  9.056D-03 for orbital      5a         

 ITERATION  ENERGY          1e-ENERGY        2e-ENERGY     RMS[dD(SAO)]   TOL
   5  -108.98765493329    -194.17350032     61.613534299    0.732D-03 0.184D-10
                            current damping = 0.150
 
          Norm of current diis error: 0.93830E-02
          max. resid. norm for Fia-block=  2.460D-03 for orbital      5a         
          max. resid. fock norm         =  2.469D-03 for orbital      5a         
          mo-orthogonalization: Cholesky decomposition

 ITERATION  ENERGY          1e-ENERGY        2e-ENERGY     RMS[dD(SAO)]   TOL
   6  -108.98766897674    -194.17199879     61.612018723    0.218D-03 0.174D-10
                            current damping = 0.100
 
          Norm of current diis error: 0.21697E-02
          max. resid. norm for Fia-block=  5.868D-04 for orbital      5a         
          max. resid. fock norm         =  5.889D-04 for orbital      5a         

 ITERATION  ENERGY          1e-ENERGY        2e-ENERGY     RMS[dD(SAO)]   TOL
   7  -108.98766971863    -194.17148267     61.611501870    0.584D-04 0.165D-10
                            current damping = 0.100
 
          Norm of current diis error: 0.34765E-03
          max. resid. norm for Fia-block=  9.121D-05 for orbital      5a         
          max. resid. fock norm         =  9.156D-05 for orbital      5a         

 ITERATION  ENERGY          1e-ENERGY        2e-ENERGY     RMS[dD(SAO)]   TOL
   8  -108.98766973651    -194.17144421     61.611463391    0.981D-05 0.160D-10
                            current damping = 0.100
 
          Norm of current diis error: 0.51655E-04
          max. resid. norm for Fia-block=  1.222D-05 for orbital      5a         
          max. resid. fock norm         =  1.230D-05 for orbital      5a         

 ITERATION  ENERGY          1e-ENERGY        2e-ENERGY     RMS[dD(SAO)]   TOL
   9  -108.98766973688    -194.17142788     61.611447058    0.150D-05 0.156D-10
                            current damping = 0.100
 
          Norm of current diis error: 0.83119E-05
          max. resid. norm for Fia-block=  1.680D-06 for orbital      5a         
          max. resid. fock norm         =  1.702D-06 for orbital      5a         

 ENERGY & DENSITY CONVERGED !


 ITERATION  ENERGY          1e-ENERGY        2e-ENERGY     RMS[dD(SAO)]   TOL
  10  -108.98766973689    -194.17142830     61.611447475    0.250D-06 0.153D-10
                            current damping = 0.150
 
          Norm of current diis error: 0.16330E-05
          max. resid. norm for Fia-block=  4.011D-07 for orbital      4a         
          max. resid. fock norm         =  4.035D-07 for orbital      4a         

 End of SCF iterations

   convergence criteria satisfied after    10 iterations


                  ------------------------------------------ 
                 |  total energy      =   -108.98766973689  |
                  ------------------------------------------ 
                 :  kinetic energy    =    108.73999306205  :
                 :  potential energy  =   -217.72766279895  :
                 :  virial theorem    =      1.99772747986  :
                 :  wavefunction norm =      1.00000000000  :
                  .......................................... 


 <geterg> : there is no data group $energy 


 orbitals $scfmo  will be written to file mos

    irrep                  3a          4a          5a          6a          7a   
 eigenvalues H         -1.46971    -0.77928    -0.63401    -0.61298    -0.61298
            eV         -39.9930    -21.2055    -17.2524    -16.6802    -16.6802
 occupation              2.0000      2.0000      2.0000      2.0000      2.0000

    irrep                  8a          9a         10a         11a         12a   
 eigenvalues H          0.15274     0.15274     0.36351     0.37910     0.42947
            eV           4.1563      4.1563      9.8917     10.3159     11.6866
 
 
 
 
 ==============================================================================
                           electrostatic moments
 ==============================================================================

 reference point for electrostatic moments:    0.00000   0.00000   0.00000

 
              nuc           elec       ->  total
 ------------------------------------------------------------------------------
                          charge      
 ------------------------------------------------------------------------------
          14.000000     -14.000000       0.000000
 
 ------------------------------------------------------------------------------
                       dipole moment  
 ------------------------------------------------------------------------------
   x    -134.736755     134.736755      -0.000000
   y      72.431558     -72.431558       0.000000
   z       0.000000      -0.000000      -0.000000
 
   | dipole moment | =     0.0000 a.u. =     0.0000 debye 
 
 ------------------------------------------------------------------------------
                     quadrupole moment
 ------------------------------------------------------------------------------
  xx    1311.779996   -1320.470338      -8.690342
  yy     374.795319    -382.497369      -7.702049
  zz       0.000000      -7.698269      -7.698269
  xy    -696.155140     696.093896      -0.061244
  xz       0.000000       0.000000       0.000000
  yz       0.000000      -0.000000      -0.000000
 
     1/3  trace=      -8.030220
     anisotropy=       0.995854
 
 ==============================================================================
 
HOMO-LUMO Separation
 HOMO         :   -0.61297994 H =    -16.68004 eV
 LUMO         :    0.15273834 H =     +4.15622 eV
 HOMO-LUMO gap:    0.76571829 H =    +20.83627 eV
 
 ==============================================================================


    ------------------------------------------------------------------------
         total  cpu-time :   7.41 seconds
         total wall-time :  45.45 seconds
    ------------------------------------------------------------------------

   ****  ridft : all done  ****


    2023-06-06 11:14:10.031 

