 
        ______________________________________
       |                                      |
       |             T H E R M O              |
       |              S.Grimme                |
       |          Universitaet Bonn           |
       |______________________________________|
 
 read from ~/.thermorc:
 scale factor   1.00000000000000     
 T              298.150000000000     
 Sthr          0.000000000000000E+000
 
 reading coord ...
 # atoms            2

          molecular weight =   28.01

          (10-47 kg m^2)  a =      0.000000   b =     14.071575   c =     14.071575
          (Mhz         )  a =      0.000000   b =  59637.824090   c =  59637.824083
          (cm-1        )  a =      0.000000   b =      1.989304   c =      1.989304
 lin? T
 
 reading frequencies ...
 -----------AOFORCE OUTPUT------------
 
 Nvib=           1
  2433.81
 symmetry:$symmetry c1
 RotN=   1.00000000000000     
 
 low-lying modes and their entropy (T*S, in kcal/mol)

                    CALCULATED THERMODYNAMIC PROPERTIES
   TEMP. (K)   PARTITION FUNCTION             ENTHALPY   HEAT CAPACITY  ENTROPY
                                    KCAL/MOL   CAL/MOLE    CAL/K/MOL   CAL/K/MOL

 298.15  VIB.         1.000                     0.05520    0.00217    0.00020
         ROT.     104.                        592.502      1.987     11.220
         INT.     104.                        592.557      1.989     11.220
         TRA.    0.143E+27                   1481.254      4.968     35.909
         TOT.                                2073.8107     6.9576    47.1290   197.1872
 
                    [au]       [kcal/mol]        [kJ/mol]

ZPVE            0.554463E-02     3.47931         14.5574    
H(0)-H(T)+PV    0.330483E-02     2.07381         8.67679    
 ------------------------------------------------------
H(T)            0.884945E-02     5.55312         23.2342    
T*S             0.223925E-01     14.0515         58.7914    
G(T)           -0.135431E-01    -8.49841        -35.5572    
 ------------------------------------------------------
 writing .H298 and .G298
