
  ========================================================================
                license information 
 Customer : 200000000058156
 ID       : LKO1924661

 License file is VALID, continuing with full version
  ========================================================================

   OpenMP run-time library returned nthreads =  2

 ridft (c04) : TURBOMOLE rev. V7-6 27 Oct 2021 at 10:11:12 compiled Oct 27th 2021
 Copyright (C) 2021 TURBOMOLE GmbH, Karlsruhe


    2023-06-15 21:21:52.552 



                                  r i d f t

                        DFT program with RI approximation 
                                for coulomb part 




                                                 
                                 References:     
                                                 
          TURBOMOLE:                             
              R. Ahlrichs, M. Baer, M. Haeser, H. Horn, and
              C. Koelmel
              Electronic structure calculations on workstation
              computers: the program system TURBOMOLE
              Chem. Phys. Lett. 162: 165 (1989)
          Density Functional:                              
              O. Treutler and R. Ahlrichs                      
              Efficient Molecular Numerical Integration Schemes
              J. Chem. Phys. 102: 346 (1995)                   
          Parallel Version:                                
              Performance of parallel TURBOMOLE for Density    
              Functional Calculations                          
              M. v. Arnim and R. Ahlrichs                      
              J. Comp. Chem. 19: 1746 (1998)                   
          RI-J Method:                                     
              Auxiliary Basis Sets to approximate Coulomb      
              Potentials                                       
              Chem. Phys. Lett. 240: 283 (1995)                
              K. Eichkorn, O. Treutler, H. Oehm, M. Haeser     
              and R. Ahlrichs                                  
              Chem. Phys. Lett. 242: 652 (1995)                
                                                           
              Auxiliary Basis Sets for Main Row Atoms and their
              Use to approximate Coulomb Potentials            
              K. Eichkorn, F. Weigend, O. Treutler and         
              R. Ahlrichs                                      
              Theo. Chem. Acc. 97: 119 (1997)                   
                                                           
              Accurate Coulomb-fitting basis sets for H to Rn 
              F. Weigend                                        
              Phys. Chem. Chem. Phys. 8: 1057 (2006)            
                                                           
          Multipole accelerated RI-J (MARI-J):             
              Fast evaluation of the Coulomb potential for     
              electron densities using multipole accelerated   
              resolution of identity approximation             
              M. Sierka, A. Hogekamp and R. Ahlrichs           
              J. Chem. Phys. 118: 9136 (2003)                  
          RI-JK Method:                                     
              A fully direct RI-HF algorithm: Implementation,
              optimised auxiliary basis sets, demonstration of
              accuracy and efficiency                         
              F. Weigend                                      
              Phys. Chem. Chem. Phys. 4: 4285 (2002)           
          Two-component HF and DFT with spin-orbit coupling:  
              Self-consistent treatment of spin-orbit         
              interactions with efficient Hartree-Fock and    
              density functional methods                      
              M. K. Armbruster, F. Weigend, C. van Wüllen and 
              W. Klopper                                      
              Phys. Chem. Chem. Phys. 10: 1748 (2008)         
          Two-component difference density and DIIS algorithm 
              Efficient two-component self-consistent field   
              procedures and gradients: implementation in     
              TURBOMOLE and application to Au20-              
              A. Baldes, F. Weigend                           
              Mol. Phys. 111: 2617 (2013)                     
          Relativistic all-electron 2c calculations           
              An efficient implementation of two-component    
              relativistic exact-decoupling methods for large 
              molecules                                       
              D. Peng, N. Middendorf, F. Weigend, M. Reiher   
              J. Chem. Phys. 138: 184105 (2013)               
          Finite nucleus model and SNSO approximation         
              Efficient implementation of one- and two-       
              component analytical energy gradients in exact  
              two-component theory                            
              Y. J. Franzke, N. Middendorf, F. Weigend        
              J. Chem. Phys. 148: 104110 (2018)               
          Grids for all-electron relativistic methods         
              Error-consistent segmented contracted all-      
              electron relativistic basis sets of double-     
              and triple-zeta quality for NMR shielding       
              constants                                       
              Y. J. Franzke, R. Tress, T. M. Pazdera,         
              F. Weigend                                      
              Phys. Chem. Chem. Phys. 21: 166658 (2019)       
          Seminumerical exchange algorithms                   
              Seminumerical calculation of the Hartree-Fock   
              exchange matirx: Application to two-component   
              procedures and efficient evaluation of local    
              hybrid functionsl                               
               P. Plessow, F. Weigend,                        
              J. Comput. Chem. 33: 810 (2012)                 
          Improved seminumerical algorithms                   
              C. Holzer,                                      
              J. Chem. Phys. 153 (2020), 184115               
                                         





          OpenMP Shared-Memory Parallelization:  2 CPUs.

            By: Christof Holzer and Yannick J. Franzke


              +--------------------------------------------------+
              |      general information about current run       |
              +--------------------------------------------------+

 
 TPSS meta-GGA functional
 exchange:    LDA + TPSS
 correlation: LDA (PW) + TPSS
 A DFT calculation using the RI-J approximation will be carried out.
 Allocatable memory for RI due to $ricore (MB):                   500


              +--------------------------------------------------+
              | Atomic coordinate, charge and isotop information |
              +--------------------------------------------------+

                    atomic coordinates            atom    charge  isotop
         -9.99007888    3.53381119    0.08465484    c      6.000     0
        -10.52829682    5.74763566    0.06020965    o      8.000     0
         -7.62786358    2.58447761   -0.19655375    o      8.000     0
        -11.32935918    1.96461150    0.33784956    h      1.000     0
         -6.49043994    4.02639327   -0.41585220    h      1.000     0
 
       center of nuclear mass  :   -9.30871367    3.94979222   -0.02701189
       center of nuclear charge:   -9.29206482    3.91044908   -0.02753444

  Keyword $basis  missing in file <control>

              read basis sets from /software/cluster/turbomole76/basen/
              (basis sets have been saved in file basis)

              +--------------------------------------------------+
              |               basis set information              |
              +--------------------------------------------------+

              we will work with the 1s 3p 5d 7f 9g ... basis set
              ...i.e. with spherical basis functions...

   type   atoms  prim   cont   basis
   ---------------------------------------------------------------------------
    c        1     66     46   aug-cc-pVTZ   [5s4p3d2f|19s6p3d2f]
    o        2     66     46   aug-cc-pVTZ   [5s4p3d2f|19s6p3d2f]
    h        2     25     23   aug-cc-pVTZ   [4s3p2d|6s3p2d]
   ---------------------------------------------------------------------------
   total:    5    248    184
   ---------------------------------------------------------------------------

   total number of primitive shells          :   71
   total number of contracted shells         :   60
   total number of cartesian basis functions :  215
   total number of SCF-basis functions       :  184


 integral neglect threshold       :  0.16E-10
 integral storage threshold THIZE :  0.10E-04
 integral storage threshold THIME :         5

 RI-J AUXILIARY BASIS SET information:

              assign orbital basis set names as defaults
              read basis sets from /software/cluster/turbomole76/jbasen/
              (basis sets have been saved in file auxbasis)

              we will work with the 1s 3p 5d 7f 9g ... basis set
              ...i.e. with spherical basis functions...

   type   atoms  prim   cont   basis
   ---------------------------------------------------------------------------
    c        1     70     49   aug-cc-pVTZ   [6s4p3d1f1g|12s5p4d2f1g]
    o        2     70     49   aug-cc-pVTZ   [6s4p3d1f1g|12s5p4d2f1g]
    h        2     16     11   aug-cc-pVTZ   [3s1p1d|5s2p1d]
   ---------------------------------------------------------------------------
   total:    5    242    169
   ---------------------------------------------------------------------------

   total number of primitive shells          :   56
   total number of contracted shells         :   55
   total number of cartesian basis functions :  207
   total number of SCF-basis functions       :  169


 symmetry group of the molecule :   c1 

 the group has the following generators :
   c1(z)

    1 symmetry operations found

 there are 1 real representations :   a   

 maximum number of shells which are related by symmetry :  1

  
           ------------------
           density functional
           ------------------
 TPSS meta-GGA functional
 exchange:    LDA + TPSS
 correlation: LDA (PW) + TPSS

 iterations will be done with small grid
  
 spherical integration : Lebedev's spherical grid
 spherical gridsize    :                     3
    i.e. gridpoints    :                   302
 value for diffuse not defined
 radial integration    : Chebyshev 2nd kind (scaling 3)
 radial gridsize       :                     3
 integration cells     :                     5
 partition function    : becke
 partition sharpness   :                     3
  

 biggest AO integral is expected to be     4.866064444

          ------------------------
          nuclear repulsion energy  :   69.7604228050    
          ------------------------

  _________________________________
 |                                 |
 |         DFTD3 V3.1 Rev 0        |
 | S.Grimme, University Bonn       |
 |            June  2014           |
 |   see standalone version        |
 |       dftd3 -h for options      |
 |_________________________________|
 
 Please cite DFT-D3 work done with this code as:
 S. Grimme, J. Antony, S. Ehrlich and H. Krieg,
 J. Chem. Phys, 132 (2010), 154104.
 If used with BJ-damping cite also
 S. Grimme, S. Ehrlich and L. Goerigk,
 J. Comput. Chem. 32 (2011), 1456-1465
 For DFT-D2 the reference is
 S. Grimme, J. Comput. Chem., 27 (2006), 1787-1799
 
C6 coefficients used:
                     2  C6 for element                      1
Z=  1 CN= 0.912     C6(AA)=    3.03
Z=  1 CN= 0.000     C6(AA)=    7.59
                     5  C6 for element                      6
Z=  6 CN= 0.000     C6(AA)=   49.11
Z=  6 CN= 0.987     C6(AA)=   43.25
Z=  6 CN= 1.998     C6(AA)=   29.36
Z=  6 CN= 2.999     C6(AA)=   25.78
Z=  6 CN= 3.984     C6(AA)=   18.21
                     3  C6 for element                      8
Z=  8 CN= 0.000     C6(AA)=   15.51
Z=  8 CN= 0.993     C6(AA)=   12.82
Z=  8 CN= 1.989     C6(AA)=   10.37

#           XYZ [au]              R0(AA) [Ang.]  CN          C6(AA)     C8(AA)   C10(AA) [au]
  1  -9.99008   3.53381   0.08465   c   0.645  3.008        25.7       742.1     26291.1
  2 -10.52830   5.74764   0.06021   o   0.539  1.018        12.8       258.2      6383.9
  3  -7.62786   2.58448  -0.19655   o   0.539  2.006        10.4       210.0      5192.2
  4 -11.32936   1.96461   0.33785   h   0.417  0.996         3.1        37.4       553.5
  5  -6.49044   4.02639  -0.41585   h   0.417  1.011         3.1        37.3       552.3

molecular C6(AA) [au] =       233.02

           DFT-D V3(BJ)
 DF tpss                                              
 parameters
 s6       :    1.0000
 s8       :    1.9435
 a1       :    0.4535
 a2       :    4.4752
 k1-k3    :   16.0000    1.3333   -4.0000
 
 Edisp /kcal,au:    -1.3887 -0.00221307

 E6    /kcal :    -0.7264
 E8    /kcal :    -0.6623
 % E8        : 47.69
 nuclear repulsion energy                  =      69.760422805
  DFT-D3 Energy contribution               =      -0.002213073
 nuclear repulsion + dispersion correction =      69.758209732


         -----------------
         -S,T+V- integrals
         -----------------

 1e-integrals will be neglected if expon. factor < 0.155440E-11
 
   Difference densities algorithm switched on.
   The maximal number of linear combinations of
   difference densities is                    20 .

 DIIS switched on: error vector is FDS-SDF
 Max. Iterations for DIIS is     :   4
 DIIS matrix (see manual) 
    Scaling factor of diagonals  :  1.200
    threshold for scaling factor :  0.000

 scf convergence criterion : increment of total energy < .1000000D-06
                  and increment of one-electron energy < .1000000D-03

 MOs are in ASCII format !

  missing closed shell occupation number declaration

 No input with occupation numbers/open-shell information found

 start vectors will be provided by an EHT guess

 The EHT guess will be determined for:
   molecular charge   :    0
   number of electrons:   24
   S_z eigenvalue     :    0
 
 virtual MOs provided and orthogonalized by Cholesky decomposition

 automatic virtual orbital shift switched on 
      shift if e(lumo)-e(homo) < 0.10000000    

  
           ------------------------
               RI-J - INFORMATION
           ------------------------
 Contributions to RI integral batches: 
  neglected integral batches:                     0
  direct contribution:                            0
  memory contribution:                  1830
 Memory core needed for (P|Q) and Cholesky      1 MByte
 Memory core minimum needed except of (P|Q)     1 MByte
 Total minimum memory core needed (sum)         1 MByte
  
 ****************************************
 Memory allocated for RI-J    38 MByte
 ****************************************
                                            

 dump of DSCF restart information has been disabled !


 Starting SCF iterations

          Overall gridpoints after grid construction =          7158

 ITERATION  ENERGY          1e-ENERGY        2e-ENERGY     NORM[dD(SAO)]  TOL
   1  -189.01058192104    -396.15846140     137.38966974    0.000D+00 0.155D-10
                            Exc = -23.4990707351     Coul =  160.888740479    
                              N = 24.000244485    
                            current damping = 0.700
 
          max. resid. norm for Fia-block=  3.809D-01 for orbital     11a         
          max. resid. fock norm         =  5.369D+00 for orbital    157a         

 ITERATION  ENERGY          1e-ENERGY        2e-ENERGY     NORM[dD(SAO)]  TOL
   2  -189.74303595955    -396.60956847     137.10832278    0.842D+00 0.104D-10
                            Exc = -23.2666036712     Coul =  160.374926454    
                              N = 24.000214450    
                            current damping = 0.650
 
          Norm of current diis error:  1.8493    
          max. resid. norm for Fia-block=  1.607D-01 for orbital      2a         
          max. resid. fock norm         =  3.726D-01 for orbital    183a         

 ITERATION  ENERGY          1e-ENERGY        2e-ENERGY     NORM[dD(SAO)]  TOL
   3  -189.83648650111    -397.63345683     138.03876060    0.325D+00 0.809D-11
                            Exc = -23.3757425870     Coul =  161.414503185    
                              N = 24.000252724    
                            current damping = 0.600
 
          Norm of current diis error: 0.84636    
          max. resid. norm for Fia-block=  6.449D-02 for orbital      2a         
          max. resid. fock norm         =  9.378D-02 for orbital    183a         

 ITERATION  ENERGY          1e-ENERGY        2e-ENERGY     NORM[dD(SAO)]  TOL
   4  -189.86180648203    -397.24662106     137.62660484    0.116D+00 0.689D-11
                            Exc = -23.3154754001     Coul =  160.942080242    
                              N = 24.000288534    
                            current damping = 0.650
 
          Norm of current diis error: 0.35683    
          max. resid. norm for Fia-block=  2.662D-02 for orbital      5a         
          max. resid. fock norm         =  5.160D-02 for orbital    183a         

 ITERATION  ENERGY          1e-ENERGY        2e-ENERGY     NORM[dD(SAO)]  TOL
   5  -189.86590127803    -397.54191383     137.91780282    0.481D-01 0.631D-11
                            Exc = -23.3536428988     Coul =  161.271445719    
                              N = 24.000298442    
                            current damping = 0.700
 
          Norm of current diis error: 0.19444    
          max. resid. norm for Fia-block=  1.092D-02 for orbital     12a         
          max. resid. fock norm         =  1.213D-02 for orbital     13a         
          mo-orthogonalization: Cholesky decomposition

 ITERATION  ENERGY          1e-ENERGY        2e-ENERGY     NORM[dD(SAO)]  TOL
   6  -189.86723589795    -397.49130631     137.86586068    0.233D-01 0.602D-11
                            Exc = -23.3435499292     Coul =  161.209410606    
                              N = 24.000315795    
                            current damping = 0.750
 
          Norm of current diis error: 0.95723E-01
          max. resid. norm for Fia-block=  5.330D-03 for orbital     10a         
          max. resid. fock norm         =  8.982D-03 for orbital    169a         

 ITERATION  ENERGY          1e-ENERGY        2e-ENERGY     NORM[dD(SAO)]  TOL
   7  -189.86754468512    -397.45204764     137.82629322    0.641D-02 0.586D-11
                            Exc = -23.3392040501     Coul =  161.165497274    
                              N = 24.000316538    
                            current damping = 0.600
 
          Norm of current diis error: 0.30273E-01
          max. resid. norm for Fia-block=  2.161D-03 for orbital      4a         
          max. resid. fock norm         =  3.565D-03 for orbital    183a         

 ITERATION  ENERGY          1e-ENERGY        2e-ENERGY     NORM[dD(SAO)]  TOL
   8  -189.86757756225    -397.47800348     137.85221619    0.206D-02 0.573D-11
                            Exc = -23.3431482706     Coul =  161.195364457    
                              N = 24.000319220    
                            current damping = 0.650
 
          Norm of current diis error: 0.12527E-01
          max. resid. norm for Fia-block=  6.880D-04 for orbital     10a         
          max. resid. fock norm         =  8.521D-04 for orbital     10a         

 ITERATION  ENERGY          1e-ENERGY        2e-ENERGY     NORM[dD(SAO)]  TOL
   9  -189.86758395523    -397.47998654     137.85419285    0.810D-03 0.563D-11
                            Exc = -23.3429409429     Coul =  161.197133791    
                              N = 24.000319771    
                            current damping = 0.500
 
          Norm of current diis error: 0.39956E-02
          max. resid. norm for Fia-block=  2.949D-04 for orbital     12a         
          max. resid. fock norm         =  4.300D-04 for orbital    184a         

 ITERATION  ENERGY          1e-ENERGY        2e-ENERGY     NORM[dD(SAO)]  TOL
  10  -189.86758453464    -397.47431936     137.84852510    0.142D-03 0.555D-11
                            Exc = -23.3423313354     Coul =  161.190856432    
                              N = 24.000320422    
                            current damping = 0.550
 
          Norm of current diis error: 0.28100E-02
          max. resid. norm for Fia-block=  1.693D-04 for orbital     11a         
          max. resid. fock norm         =  3.124D-04 for orbital    183a         
          mo-orthogonalization: Cholesky decomposition

 ITERATION  ENERGY          1e-ENERGY        2e-ENERGY     NORM[dD(SAO)]  TOL
  11  -189.86758468278    -397.47638156     137.85058714    0.524D-04 0.549D-11
                            Exc = -23.3426514010     Coul =  161.193238545    
                              N = 24.000320365    
                            current damping = 0.600
 
          Norm of current diis error: 0.20876E-02
          max. resid. norm for Fia-block=  1.000D-04 for orbital     11a         
          max. resid. fock norm         =  1.358D-04 for orbital    182a         

 ITERATION  ENERGY          1e-ENERGY        2e-ENERGY     NORM[dD(SAO)]  TOL
  12  -189.86758479441    -397.47869779     137.85290326    0.161D-04 0.542D-11
                            Exc = -23.3429109451     Coul =  161.195814207    
                              N = 24.000320476    
                            current damping = 0.450
 
          Norm of current diis error: 0.81488E-03
          max. resid. norm for Fia-block=  4.335D-05 for orbital      9a         
          max. resid. fock norm         =  4.986D-05 for orbital      9a         

 ITERATION  ENERGY          1e-ENERGY        2e-ENERGY     NORM[dD(SAO)]  TOL
  13  -189.86758480974    -397.47751210     137.85171756    0.753D-05 0.535D-11
                            Exc = -23.3427268191     Coul =  161.194444380    
                              N = 24.000320480    
                            current damping = 0.500
 
          Norm of current diis error: 0.43752E-03
          max. resid. norm for Fia-block=  1.733D-05 for orbital      7a         
          max. resid. fock norm         =  2.915D-05 for orbital    184a         

 ENERGY CONVERGED !

          Overall gridpoints after grid construction =         26243

 ITERATION  ENERGY          1e-ENERGY        2e-ENERGY     NORM[dD(SAO)]  TOL
  14  -189.86762474285    -397.47730318     137.85146870    0.232D-05 0.524D-11
                            Exc = -23.3427626666     Coul =  161.194231368    
                              N = 24.000008549    
                            current damping = 0.350
 
          Norm of current diis error: 0.11152E-03
          max. resid. norm for Fia-block=  5.416D-06 for orbital     12a         
          max. resid. fock norm         =  7.274D-06 for orbital    147a         

 End of SCF iterations

   convergence criteria satisfied after    14 iterations


                  ------------------------------------------ 
                 |  total energy      =   -189.86762474285  |
                  ------------------------------------------ 
                 :  kinetic energy    =    188.89052755962  :
                 :  potential energy  =   -378.75815230247  :
                 :  virial theorem    =      1.99485379783  :
                 :  wavefunction norm =      1.00000000000  :
                  .......................................... 


 <geterg> : there is no data group $energy 


 <skperg> : $end is missing 


 orbitals $scfmo  will be written to file mos

    irrep                  8a          9a         10a         11a         12a   
 eigenvalues H         -0.44930    -0.41233    -0.37153    -0.30289    -0.25923
            eV         -12.2261    -11.2203    -10.1098     -8.2421     -7.0541
 occupation              2.0000      2.0000      2.0000      2.0000      2.0000

    irrep                 13a         14a         15a         16a         17a   
 eigenvalues H         -0.05185    -0.01939     0.00147     0.03515     0.03868
            eV          -1.4109     -0.5275      0.0401      0.9565      1.0525
 
 
 
 
 ==============================================================================
                           electrostatic moments
 ==============================================================================

 reference point for electrostatic moments:    0.00000   0.00000   0.00000

 
              nuc           elec       ->  total
 ------------------------------------------------------------------------------
                          charge      
 ------------------------------------------------------------------------------
          24.000000     -24.000000      -0.000000
 
 ------------------------------------------------------------------------------
                       dipole moment  
 ------------------------------------------------------------------------------
   x    -223.009556     223.385535       0.375980
   y      93.850778     -94.303034      -0.452256
   z      -0.660826       0.629569      -0.031257
 
   | dipole moment | =     0.5890 a.u. =     1.4970 debye 
 
 ------------------------------------------------------------------------------
                     quadrupole moment
 ------------------------------------------------------------------------------
  xx    2121.524941   -2139.806681     -18.281741
  yy     412.717191    -431.157828     -18.440637
  zz       0.668143     -13.352624     -12.684481
  xy    -902.024023     910.518334       8.494311
  xz       0.720235      -0.763444      -0.043209
  yz      -0.511121       0.111337      -0.399785
 
     1/3  trace=     -16.468953
     anisotropy=      15.785721
 
 ==============================================================================
 
HOMO-LUMO Separation
 HOMO         :   -0.25923206 H =     -7.05407 eV
 LUMO         :   -0.05184743 H =     -1.41084 eV
 HOMO-LUMO gap:    0.20738463 H =     +5.64323 eV
 
 ==============================================================================


    ------------------------------------------------------------------------
         total  cpu-time :   5.65 seconds
         total wall-time :  10.85 seconds
    ------------------------------------------------------------------------

   ****  ridft : all done  ****


    2023-06-15 21:22:03.357 

