
  ========================================================================
                license information 
 Customer : 200000000058156
 ID       : LKO1924661

 License file is VALID, continuing with full version
  ========================================================================

   OpenMP run-time library returned nthreads =  2

 ridft (c04) : TURBOMOLE rev. V7-6 27 Oct 2021 at 10:11:12 compiled Oct 27th 2021
 Copyright (C) 2021 TURBOMOLE GmbH, Karlsruhe


    2023-06-02 10:22:57.790 



                                  r i d f t

                        DFT program with RI approximation 
                                for coulomb part 




                                                 
                                 References:     
                                                 
          TURBOMOLE:                             
              R. Ahlrichs, M. Baer, M. Haeser, H. Horn, and
              C. Koelmel
              Electronic structure calculations on workstation
              computers: the program system TURBOMOLE
              Chem. Phys. Lett. 162: 165 (1989)
          Density Functional:                              
              O. Treutler and R. Ahlrichs                      
              Efficient Molecular Numerical Integration Schemes
              J. Chem. Phys. 102: 346 (1995)                   
          Parallel Version:                                
              Performance of parallel TURBOMOLE for Density    
              Functional Calculations                          
              M. v. Arnim and R. Ahlrichs                      
              J. Comp. Chem. 19: 1746 (1998)                   
          RI-J Method:                                     
              Auxiliary Basis Sets to approximate Coulomb      
              Potentials                                       
              Chem. Phys. Lett. 240: 283 (1995)                
              K. Eichkorn, O. Treutler, H. Oehm, M. Haeser     
              and R. Ahlrichs                                  
              Chem. Phys. Lett. 242: 652 (1995)                
                                                           
              Auxiliary Basis Sets for Main Row Atoms and their
              Use to approximate Coulomb Potentials            
              K. Eichkorn, F. Weigend, O. Treutler and         
              R. Ahlrichs                                      
              Theo. Chem. Acc. 97: 119 (1997)                   
                                                           
              Accurate Coulomb-fitting basis sets for H to Rn 
              F. Weigend                                        
              Phys. Chem. Chem. Phys. 8: 1057 (2006)            
                                                           
          Multipole accelerated RI-J (MARI-J):             
              Fast evaluation of the Coulomb potential for     
              electron densities using multipole accelerated   
              resolution of identity approximation             
              M. Sierka, A. Hogekamp and R. Ahlrichs           
              J. Chem. Phys. 118: 9136 (2003)                  
          RI-JK Method:                                     
              A fully direct RI-HF algorithm: Implementation,
              optimised auxiliary basis sets, demonstration of
              accuracy and efficiency                         
              F. Weigend                                      
              Phys. Chem. Chem. Phys. 4: 4285 (2002)           
          Two-component HF and DFT with spin-orbit coupling:  
              Self-consistent treatment of spin-orbit         
              interactions with efficient Hartree-Fock and    
              density functional methods                      
              M. K. Armbruster, F. Weigend, C. van Wüllen and 
              W. Klopper                                      
              Phys. Chem. Chem. Phys. 10: 1748 (2008)         
          Two-component difference density and DIIS algorithm 
              Efficient two-component self-consistent field   
              procedures and gradients: implementation in     
              TURBOMOLE and application to Au20-              
              A. Baldes, F. Weigend                           
              Mol. Phys. 111: 2617 (2013)                     
          Relativistic all-electron 2c calculations           
              An efficient implementation of two-component    
              relativistic exact-decoupling methods for large 
              molecules                                       
              D. Peng, N. Middendorf, F. Weigend, M. Reiher   
              J. Chem. Phys. 138: 184105 (2013)               
          Finite nucleus model and SNSO approximation         
              Efficient implementation of one- and two-       
              component analytical energy gradients in exact  
              two-component theory                            
              Y. J. Franzke, N. Middendorf, F. Weigend        
              J. Chem. Phys. 148: 104110 (2018)               
          Grids for all-electron relativistic methods         
              Error-consistent segmented contracted all-      
              electron relativistic basis sets of double-     
              and triple-zeta quality for NMR shielding       
              constants                                       
              Y. J. Franzke, R. Tress, T. M. Pazdera,         
              F. Weigend                                      
              Phys. Chem. Chem. Phys. 21: 166658 (2019)       
          Seminumerical exchange algorithms                   
              Seminumerical calculation of the Hartree-Fock   
              exchange matirx: Application to two-component   
              procedures and efficient evaluation of local    
              hybrid functionsl                               
               P. Plessow, F. Weigend,                        
              J. Comput. Chem. 33: 810 (2012)                 
          Improved seminumerical algorithms                   
              C. Holzer,                                      
              J. Chem. Phys. 153 (2020), 184115               
                                         





          OpenMP Shared-Memory Parallelization:  2 CPUs.

            By: Christof Holzer and Yannick J. Franzke


              +--------------------------------------------------+
              |      general information about current run       |
              +--------------------------------------------------+

 

 DENSITY CONVERGENCE CHECK SWITCHED ON !
 SCF CONVERGENCE IF RMS(delta[D]) <     0.1000000000E-06

 A HF calculation using the RI-J approximation will be carried out.
 Allocatable memory for RI due to $ricore (MB):                   500


              +--------------------------------------------------+
              | Atomic coordinate, charge and isotop information |
              +--------------------------------------------------+

                    atomic coordinates            atom    charge  isotop
         -5.33892923    2.80797158    0.00000844    c      6.000     0
         -5.55841448    0.16437268   -0.00004907    c      6.000     0
         -3.33734230   -1.18546707    0.00003146    c      6.000     0
         -0.92410303   -0.22032027    0.00001829    c      6.000     0
         -0.70470185    2.42328568   -0.00005903    c      6.000     0
         -2.92575876    3.77279924   -0.00001216    c      6.000     0
         -6.99525473    4.01095993    0.00016404    h      1.000     0
         -7.39052792   -0.74887264   -0.00013304    h      1.000     0
          0.73235892   -1.42314768    0.00013590    h      1.000     0
          1.12730366    3.33671191   -0.00010484    h      1.000     0
 
       center of nuclear mass  :   -3.13154099    1.29378102   -0.00000897
       center of nuclear charge:   -3.13154045    1.29378757   -0.00000776

  Keyword $basis  missing in file <control>

              read basis sets from /software/cluster/turbomole76/basen/
              (basis sets have been saved in file basis)

              +--------------------------------------------------+
              |               basis set information              |
              +--------------------------------------------------+

              we will work with the 1s 3p 5d 7f 9g ... basis set
              ...i.e. with spherical basis functions...

   type   atoms  prim   cont   basis
   ---------------------------------------------------------------------------
    c        6     46     31   def2-TZVP   [5s3p2d1f|11s6p2d1f]
    h        4      8      6   def2-TZVP   [3s1p|5s1p]
   ---------------------------------------------------------------------------
   total:   10    308    210
   ---------------------------------------------------------------------------

   total number of primitive shells          :   26
   total number of contracted shells         :   82
   total number of cartesian basis functions :  240
   total number of SCF-basis functions       :  210


 integral neglect threshold       :  0.14E-10
 integral storage threshold THIZE :  0.10E-04
 integral storage threshold THIME :         5

 RI-J AUXILIARY BASIS SET information:

              assign orbital basis set names as defaults
              read basis sets from /software/cluster/turbomole76/jbasen/
              (basis sets have been saved in file auxbasis)

              we will work with the 1s 3p 5d 7f 9g ... basis set
              ...i.e. with spherical basis functions...

   type   atoms  prim   cont   basis
   ---------------------------------------------------------------------------
    c        6     70     49   def2-TZVP   [6s4p3d1f1g|12s5p4d2f1g]
    h        4     16     11   def2-TZVP   [3s1p1d|5s2p1d]
   ---------------------------------------------------------------------------
   total:   10    484    338
   ---------------------------------------------------------------------------

   total number of primitive shells          :   32
   total number of contracted shells         :  110
   total number of cartesian basis functions :  414
   total number of SCF-basis functions       :  338


 symmetry group of the molecule :   c1 

 the group has the following generators :
   c1(z)

    1 symmetry operations found

 there are 1 real representations :   a   

 maximum number of shells which are related by symmetry :  1


 biggest AO integral is expected to be     5.725698708

          ------------------------
          nuclear repulsion energy  :   186.004605190    
          ------------------------


         -----------------
         -S,T+V- integrals
         -----------------

 1e-integrals will be neglected if expon. factor < 0.139248E-11
 
   Difference densities algorithm switched on.
   The maximal number of linear combinations of
   difference densities is                    20 .

 DIIS switched on: error vector is FDS-SDF
 Max. Iterations for DIIS is     :   5
 DIIS matrix (see manual) 
    Scaling factor of diagonals  :  1.200
    threshold for scaling factor :  0.000

 scf convergence criterion : increment of total energy < .1000000D-06
                  and increment of one-electron energy < .1000000D-03

 MOs are in ASCII format !

  missing closed shell occupation number declaration

 No input with occupation numbers/open-shell information found

 start vectors will be provided by an EHT guess

 The EHT guess will be determined for:
   molecular charge   :    0
   number of electrons:   40
   S_z eigenvalue     :    2
  
 UHF OCCUPATION WITH   2 UNPAIRED ELECTRONS ESTABLISHED
  missing alpha occupation number declaration 
  missing beta occupation number declaration 

 No input with occupation numbers/open-shell information found

 start vectors will be provided by an EHT guess

 The EHT guess will be determined for:
   molecular charge   :    0
   number of electrons:   40
   S_z eigenvalue     :    2
  
 UHF OCCUPATION WITH   2 UNPAIRED ELECTRONS ESTABLISHED
 
 virtual MOs provided and orthogonalized by Cholesky decomposition
 virtual MOs provided and orthogonalized by Cholesky decomposition

 UHF mode switched on !

 automatic virtual orbital shift switched on 
      shift if e(lumo)-e(homo) < 0.10000000    

  
           ------------------------
               RI-J - INFORMATION
           ------------------------
 Contributions to RI integral batches: 
  neglected integral batches:                   120
  direct contribution:                            0
  memory contribution:                  3283
 Memory core needed for (P|Q) and Cholesky      1 MByte
 Memory core minimum needed except of (P|Q)     1 MByte
 Total minimum memory core needed (sum)         2 MByte
  
 ****************************************
 Memory allocated for RI-J    92 MByte
 ****************************************
                                            

 dump of DSCF restart information has been disabled !


 Starting SCF iterations


 ITERATION  ENERGY          1e-ENERGY        2e-ENERGY     RMS[dD(SAO)]   TOL
   1  -226.61248805686    -665.18881751     252.57172426    0.000D+00 0.139D-10
                            exK = -31.2145418110     Coul =  283.786266074    
                            current damping = 1.000
 
          max. resid. norm for Fia-block=  2.185D+00 for orbital     21a    alpha
          max. resid. fock norm         =  6.924D+00 for orbital    143a    alpha

 ITERATION  ENERGY          1e-ENERGY        2e-ENERGY     RMS[dD(SAO)]   TOL
   2  -229.13358536285    -672.09585053     256.95765998    0.102D-01 0.111D-10
                            current damping = 0.950
 
          Norm of current diis error:  2.0943    
          max. resid. norm for Fia-block=  1.886D-01 for orbital     12a    beta 
          max. resid. fock norm         =  2.003D-01 for orbital     21a    beta 

 ITERATION  ENERGY          1e-ENERGY        2e-ENERGY     RMS[dD(SAO)]   TOL
   3  -229.34114095252    -674.52771400     259.18196786    0.423D-02 0.806D-11
                            current damping = 0.850
 
          Norm of current diis error:  1.1981    
          max. resid. norm for Fia-block=  1.356D-01 for orbital     14a    beta 
          max. resid. fock norm         =  1.451D-01 for orbital     21a    beta 

 ITERATION  ENERGY          1e-ENERGY        2e-ENERGY     RMS[dD(SAO)]   TOL
   4  -229.42813976610    -675.64693448     260.21418952    0.260D-02 0.640D-11
                            current damping = 0.750
 
          Norm of current diis error: 0.66487    
          max. resid. norm for Fia-block=  1.006D-01 for orbital     14a    beta 
          max. resid. fock norm         =  1.034D-01 for orbital     21a    beta 

 ITERATION  ENERGY          1e-ENERGY        2e-ENERGY     RMS[dD(SAO)]   TOL
   5  -229.46409051951    -676.29089445     260.82219874    0.155D-02 0.530D-11
                            current damping = 0.650
 
          Norm of current diis error: 0.34437    
          max. resid. norm for Fia-block=  6.569D-02 for orbital     14a    beta 
          max. resid. fock norm         =  6.633D-02 for orbital     21a    beta 
          mo-orthogonalization: Cholesky decomposition

 ITERATION  ENERGY          1e-ENERGY        2e-ENERGY     RMS[dD(SAO)]   TOL
   6  -229.47676208208    -676.62622959     261.14486232    0.974D-03 0.458D-11
                            current damping = 0.500
 
          Norm of current diis error: 0.16969    
          max. resid. norm for Fia-block=  3.881D-02 for orbital     14a    beta 
          max. resid. fock norm         =  3.898D-02 for orbital     21a    beta 

 ITERATION  ENERGY          1e-ENERGY        2e-ENERGY     RMS[dD(SAO)]   TOL
   7  -229.48080560508    -676.78699961     261.30158881    0.633D-03 0.411D-11
                            current damping = 0.350
 
          Norm of current diis error: 0.79423E-01
          max. resid. norm for Fia-block=  2.058D-02 for orbital     14a    beta 
          max. resid. fock norm         =  2.074D-02 for orbital     21a    beta 

 ITERATION  ENERGY          1e-ENERGY        2e-ENERGY     RMS[dD(SAO)]   TOL
   8  -229.48194366693    -676.85185839     261.36530954    0.367D-03 0.380D-11
                            current damping = 0.200
 
          Norm of current diis error: 0.36841E-01
          max. resid. norm for Fia-block=  9.760D-03 for orbital     14a    beta 
          max. resid. fock norm         =  9.959D-03 for orbital     21a    beta 

 ITERATION  ENERGY          1e-ENERGY        2e-ENERGY     RMS[dD(SAO)]   TOL
   9  -229.48224767324    -676.87550992     261.38865706    0.176D-03 0.354D-11
                            current damping = 0.100
 
          Norm of current diis error: 0.17106E-01
          max. resid. norm for Fia-block=  3.997D-03 for orbital     14a    beta 
          max. resid. fock norm         =  4.171D-03 for orbital     21a    beta 

 ITERATION  ENERGY          1e-ENERGY        2e-ENERGY     RMS[dD(SAO)]   TOL
  10  -229.48232862980    -676.88254918     261.39561536    0.578D-04 0.332D-11
                            current damping = 0.100
 
          Norm of current diis error: 0.80154E-02
          max. resid. norm for Fia-block=  2.269D-03 for orbital     17a    alpha
          max. resid. fock norm         =  2.269D-03 for orbital     17a    alpha
          mo-orthogonalization: Cholesky decomposition

 ITERATION  ENERGY          1e-ENERGY        2e-ENERGY     RMS[dD(SAO)]   TOL
  11  -229.48235037053    -676.88459714     261.39764158    0.127D-04 0.314D-11
                            current damping = 0.100
 
          Norm of current diis error: 0.41151E-02
          max. resid. norm for Fia-block=  1.341D-03 for orbital     17a    alpha
          max. resid. fock norm         =  1.341D-03 for orbital     17a    alpha

 ITERATION  ENERGY          1e-ENERGY        2e-ENERGY     RMS[dD(SAO)]   TOL
  12  -229.48235696876    -676.88540255     261.39844039    0.143D-04 0.301D-11
                            current damping = 0.100
 
          Norm of current diis error: 0.21580E-02
          max. resid. norm for Fia-block=  7.770D-04 for orbital     17a    alpha
          max. resid. fock norm         =  7.770D-04 for orbital     17a    alpha

 ITERATION  ENERGY          1e-ENERGY        2e-ENERGY     RMS[dD(SAO)]   TOL
  13  -229.48235889443    -676.88576904     261.39880495    0.113D-04 0.292D-11
                            current damping = 0.100
 
          Norm of current diis error: 0.99764E-03
          max. resid. norm for Fia-block=  3.806D-04 for orbital     17a    beta 
          max. resid. fock norm         =  3.806D-04 for orbital     17a    beta 

 ITERATION  ENERGY          1e-ENERGY        2e-ENERGY     RMS[dD(SAO)]   TOL
  14  -229.48235928748    -676.88589787     261.39893340    0.572D-05 0.285D-11
                            current damping = 0.100
 
          Norm of current diis error: 0.37851E-03
          max. resid. norm for Fia-block=  1.352D-04 for orbital     17a    beta 
          max. resid. fock norm         =  1.353D-04 for orbital     17a    beta 

 ITERATION  ENERGY          1e-ENERGY        2e-ENERGY     RMS[dD(SAO)]   TOL
  15  -229.48235933514    -676.88592224     261.39895772    0.164D-05 0.282D-11
                            current damping = 0.100
 
          Norm of current diis error: 0.13276E-03
          max. resid. norm for Fia-block=  3.541D-05 for orbital     19a    beta 
          max. resid. fock norm         =  3.541D-05 for orbital     19a    beta 
          mo-orthogonalization: Cholesky decomposition

 ENERGY & DENSITY CONVERGED !


 ITERATION  ENERGY          1e-ENERGY        2e-ENERGY     RMS[dD(SAO)]   TOL
  16  -229.48235933582    -676.88591533     261.39895081    0.309D-06 0.396D-11
                            current damping = 0.150
 
          Norm of current diis error: 0.53318E-04
          max. resid. norm for Fia-block=  9.118D-06 for orbital     15a    beta 
          max. resid. fock norm         =  1.170D-05 for orbital    200a    alpha

 End of SCF iterations

   convergence criteria satisfied after    16 iterations


                  ------------------------------------------ 
                 |  total energy      =   -229.48235933582  |
                  ------------------------------------------ 
                 :  kinetic energy    =    229.27695867659  :
                 :  potential energy  =   -458.75931801241  :
                 :  virial theorem    =      1.99910493922  :
                 :  wavefunction norm =      1.00000000000  :
                  .......................................... 


 <geterg> : there is no data group $energy 


 <skperg> : $end is missing 


 orbitals $uhfmo_alpha  will be written to file alpha

 orbitals $uhfmo_beta  will be written to file beta
 
 alpha: 

    irrep                 17a         18a         19a         20a         21a   
 eigenvalues H         -0.52463    -0.46106    -0.38894    -0.36523    -0.34475
            eV         -14.2761    -12.5463    -10.5836     -9.9386     -9.3813
 occupation              1.0000      1.0000      1.0000      1.0000      1.0000

    irrep                 22a         23a         24a         25a         26a   
 eigenvalues H          0.11287     0.11435     0.16213     0.17436     0.18952
            eV           3.0713      3.1118      4.4118      4.7445      5.1572
 
 beta:  

    irrep                 15a         16a         17a         18a         19a   
 eigenvalues H         -0.59583    -0.51721    -0.51390    -0.35774    -0.32831
            eV         -16.2135    -14.0742    -13.9839     -9.7345     -8.9339
 occupation              1.0000      1.0000      1.0000      1.0000      1.0000

    irrep                 20a         21a         22a         23a         24a   
 eigenvalues H          0.08982     0.10233     0.10240     0.15334     0.16868
            eV           2.4442      2.7846      2.7865      4.1727      4.5901
 

                                             _ _ _ 
  IRREP     alpha occ.     beta occ.      tr(D*D-D)


 a         21.00000000    19.00000000    -0.51146781

   -------------------------------------------------

   sum     21.00000000    19.00000000    -0.51146781

 <S*S>     2.02293562

 
 
 
 ==============================================================================
                           electrostatic moments
 ==============================================================================

 reference point for electrostatic moments:    0.00000   0.00000   0.00000

 
              nuc           elec       ->  total
 ------------------------------------------------------------------------------
                          charge      
 ------------------------------------------------------------------------------
          40.000000     -40.000000      -0.000000
 a-b                                     2.000000
 
 ------------------------------------------------------------------------------
                       dipole moment  
 ------------------------------------------------------------------------------
   x    -125.261618     125.261628       0.000010
   y      51.751503     -51.751455       0.000047
   z      -0.000310       0.000312       0.000002
 
   | dipole moment | =     0.0000 a.u. =     0.0001 debye 
 
 ------------------------------------------------------------------------------
                     quadrupole moment
 ------------------------------------------------------------------------------
  xx     588.052410    -609.194963     -21.142553
  yy     206.639147    -232.981476     -26.342329
  zz       0.000000     -29.030012     -29.030012
  xy    -166.751686     166.316901      -0.434785
  xz       0.000915      -0.000916      -0.000001
  yz      -0.001073       0.001130       0.000057
 
     1/3  trace=     -25.504965
     anisotropy=       6.985970
 
 ==============================================================================
 
HOMO-LUMO Separation
 HOMO         :   -0.32831257 H =     -8.93384 eV
 LUMO         :    0.08982345 H =     +2.44422 eV
 HOMO-LUMO gap:    0.41813601 H =    +11.37807 eV
 
 ==============================================================================


    ------------------------------------------------------------------------
         total  cpu-time :  1 minutes and 37 seconds
         total wall-time :  57.69 seconds
    ------------------------------------------------------------------------

   ****  ridft : all done  ****


    2023-06-02 10:23:55.178 

 ridft ended normally
